[2025-02-25T23:22:17.223+0000] {processor.py:186} INFO - Started process (PID=81) to work on /home/airflow/.local/lib/python3.12/site-packages/airflow/example_dags/example_latest_only.py
[2025-02-25T23:22:17.224+0000] {processor.py:914} INFO - Processing file /home/airflow/.local/lib/python3.12/site-packages/airflow/example_dags/example_latest_only.py for tasks to queue
[2025-02-25T23:22:17.225+0000] {logging_mixin.py:190} INFO - [2025-02-25T23:22:17.225+0000] {dagbag.py:588} INFO - Filling up the DagBag from /home/airflow/.local/lib/python3.12/site-packages/airflow/example_dags/example_latest_only.py
[2025-02-25T23:22:17.229+0000] {processor.py:925} INFO - DAG(s) 'latest_only' retrieved from /home/airflow/.local/lib/python3.12/site-packages/airflow/example_dags/example_latest_only.py
[2025-02-25T23:22:17.310+0000] {logging_mixin.py:190} INFO - [2025-02-25T23:22:17.309+0000] {override.py:1912} INFO - Created Permission View: can edit on DAG:latest_only
[2025-02-25T23:22:17.317+0000] {logging_mixin.py:190} INFO - [2025-02-25T23:22:17.317+0000] {override.py:1912} INFO - Created Permission View: can delete on DAG:latest_only
[2025-02-25T23:22:17.322+0000] {logging_mixin.py:190} INFO - [2025-02-25T23:22:17.321+0000] {override.py:1912} INFO - Created Permission View: can read on DAG:latest_only
[2025-02-25T23:22:17.327+0000] {logging_mixin.py:190} INFO - [2025-02-25T23:22:17.327+0000] {override.py:1912} INFO - Created Permission View: can delete on DAG Run:latest_only
[2025-02-25T23:22:17.331+0000] {logging_mixin.py:190} INFO - [2025-02-25T23:22:17.331+0000] {override.py:1912} INFO - Created Permission View: can read on DAG Run:latest_only
[2025-02-25T23:22:17.335+0000] {logging_mixin.py:190} INFO - [2025-02-25T23:22:17.335+0000] {override.py:1912} INFO - Created Permission View: menu access on DAG Run:latest_only
[2025-02-25T23:22:17.340+0000] {logging_mixin.py:190} INFO - [2025-02-25T23:22:17.339+0000] {override.py:1912} INFO - Created Permission View: can create on DAG Run:latest_only
[2025-02-25T23:22:17.340+0000] {logging_mixin.py:190} INFO - [2025-02-25T23:22:17.340+0000] {dag.py:3239} INFO - Sync 1 DAGs
[2025-02-25T23:22:17.349+0000] {logging_mixin.py:190} INFO - [2025-02-25T23:22:17.349+0000] {dag.py:3262} INFO - Creating ORM DAG for latest_only
[2025-02-25T23:22:17.356+0000] {logging_mixin.py:190} INFO - [2025-02-25T23:22:17.356+0000] {dag.py:4180} INFO - Setting next_dagrun for latest_only to 2025-02-25 16:00:00+00:00, run_after=2025-02-25 20:00:00+00:00
[2025-02-25T23:22:17.367+0000] {processor.py:208} INFO - Processing /home/airflow/.local/lib/python3.12/site-packages/airflow/example_dags/example_latest_only.py took 0.147 seconds
[2025-02-25T23:22:47.567+0000] {processor.py:186} INFO - Started process (PID=144) to work on /home/airflow/.local/lib/python3.12/site-packages/airflow/example_dags/example_latest_only.py
[2025-02-25T23:22:47.568+0000] {processor.py:914} INFO - Processing file /home/airflow/.local/lib/python3.12/site-packages/airflow/example_dags/example_latest_only.py for tasks to queue
[2025-02-25T23:22:47.569+0000] {logging_mixin.py:190} INFO - [2025-02-25T23:22:47.569+0000] {dagbag.py:588} INFO - Filling up the DagBag from /home/airflow/.local/lib/python3.12/site-packages/airflow/example_dags/example_latest_only.py
[2025-02-25T23:22:47.573+0000] {processor.py:925} INFO - DAG(s) 'latest_only' retrieved from /home/airflow/.local/lib/python3.12/site-packages/airflow/example_dags/example_latest_only.py
[2025-02-25T23:22:47.584+0000] {logging_mixin.py:190} INFO - [2025-02-25T23:22:47.584+0000] {dag.py:3239} INFO - Sync 1 DAGs
[2025-02-25T23:22:47.597+0000] {logging_mixin.py:190} INFO - [2025-02-25T23:22:47.596+0000] {dag.py:4180} INFO - Setting next_dagrun for latest_only to 2025-02-25 16:00:00+00:00, run_after=2025-02-25 20:00:00+00:00
[2025-02-25T23:22:47.606+0000] {processor.py:208} INFO - Processing /home/airflow/.local/lib/python3.12/site-packages/airflow/example_dags/example_latest_only.py took 0.042 seconds
[2025-02-25T23:23:18.586+0000] {processor.py:186} INFO - Started process (PID=207) to work on /home/airflow/.local/lib/python3.12/site-packages/airflow/example_dags/example_latest_only.py
[2025-02-25T23:23:18.586+0000] {processor.py:914} INFO - Processing file /home/airflow/.local/lib/python3.12/site-packages/airflow/example_dags/example_latest_only.py for tasks to queue
[2025-02-25T23:23:18.588+0000] {logging_mixin.py:190} INFO - [2025-02-25T23:23:18.587+0000] {dagbag.py:588} INFO - Filling up the DagBag from /home/airflow/.local/lib/python3.12/site-packages/airflow/example_dags/example_latest_only.py
[2025-02-25T23:23:18.592+0000] {processor.py:925} INFO - DAG(s) 'latest_only' retrieved from /home/airflow/.local/lib/python3.12/site-packages/airflow/example_dags/example_latest_only.py
[2025-02-25T23:23:18.603+0000] {logging_mixin.py:190} INFO - [2025-02-25T23:23:18.603+0000] {dag.py:3239} INFO - Sync 1 DAGs
[2025-02-25T23:23:18.615+0000] {logging_mixin.py:190} INFO - [2025-02-25T23:23:18.615+0000] {dag.py:4180} INFO - Setting next_dagrun for latest_only to 2025-02-25 16:00:00+00:00, run_after=2025-02-25 20:00:00+00:00
[2025-02-25T23:23:18.625+0000] {processor.py:208} INFO - Processing /home/airflow/.local/lib/python3.12/site-packages/airflow/example_dags/example_latest_only.py took 0.043 seconds
[2025-02-25T23:23:49.438+0000] {processor.py:186} INFO - Started process (PID=270) to work on /home/airflow/.local/lib/python3.12/site-packages/airflow/example_dags/example_latest_only.py
[2025-02-25T23:23:49.439+0000] {processor.py:914} INFO - Processing file /home/airflow/.local/lib/python3.12/site-packages/airflow/example_dags/example_latest_only.py for tasks to queue
[2025-02-25T23:23:49.440+0000] {logging_mixin.py:190} INFO - [2025-02-25T23:23:49.439+0000] {dagbag.py:588} INFO - Filling up the DagBag from /home/airflow/.local/lib/python3.12/site-packages/airflow/example_dags/example_latest_only.py
[2025-02-25T23:23:49.444+0000] {processor.py:925} INFO - DAG(s) 'latest_only' retrieved from /home/airflow/.local/lib/python3.12/site-packages/airflow/example_dags/example_latest_only.py
[2025-02-25T23:23:49.455+0000] {logging_mixin.py:190} INFO - [2025-02-25T23:23:49.455+0000] {dag.py:3239} INFO - Sync 1 DAGs
[2025-02-25T23:23:49.467+0000] {logging_mixin.py:190} INFO - [2025-02-25T23:23:49.467+0000] {dag.py:4180} INFO - Setting next_dagrun for latest_only to 2025-02-25 16:00:00+00:00, run_after=2025-02-25 20:00:00+00:00
[2025-02-25T23:23:49.476+0000] {processor.py:208} INFO - Processing /home/airflow/.local/lib/python3.12/site-packages/airflow/example_dags/example_latest_only.py took 0.042 seconds
[2025-02-25T23:24:20.320+0000] {processor.py:186} INFO - Started process (PID=333) to work on /home/airflow/.local/lib/python3.12/site-packages/airflow/example_dags/example_latest_only.py
[2025-02-25T23:24:20.321+0000] {processor.py:914} INFO - Processing file /home/airflow/.local/lib/python3.12/site-packages/airflow/example_dags/example_latest_only.py for tasks to queue
[2025-02-25T23:24:20.322+0000] {logging_mixin.py:190} INFO - [2025-02-25T23:24:20.322+0000] {dagbag.py:588} INFO - Filling up the DagBag from /home/airflow/.local/lib/python3.12/site-packages/airflow/example_dags/example_latest_only.py
[2025-02-25T23:24:20.326+0000] {processor.py:925} INFO - DAG(s) 'latest_only' retrieved from /home/airflow/.local/lib/python3.12/site-packages/airflow/example_dags/example_latest_only.py
[2025-02-25T23:24:20.338+0000] {logging_mixin.py:190} INFO - [2025-02-25T23:24:20.338+0000] {dag.py:3239} INFO - Sync 1 DAGs
[2025-02-25T23:24:20.351+0000] {logging_mixin.py:190} INFO - [2025-02-25T23:24:20.351+0000] {dag.py:4180} INFO - Setting next_dagrun for latest_only to 2025-02-25 16:00:00+00:00, run_after=2025-02-25 20:00:00+00:00
[2025-02-25T23:24:20.361+0000] {processor.py:208} INFO - Processing /home/airflow/.local/lib/python3.12/site-packages/airflow/example_dags/example_latest_only.py took 0.044 seconds
[2025-02-25T23:24:51.020+0000] {processor.py:186} INFO - Started process (PID=396) to work on /home/airflow/.local/lib/python3.12/site-packages/airflow/example_dags/example_latest_only.py
[2025-02-25T23:24:51.020+0000] {processor.py:914} INFO - Processing file /home/airflow/.local/lib/python3.12/site-packages/airflow/example_dags/example_latest_only.py for tasks to queue
[2025-02-25T23:24:51.022+0000] {logging_mixin.py:190} INFO - [2025-02-25T23:24:51.022+0000] {dagbag.py:588} INFO - Filling up the DagBag from /home/airflow/.local/lib/python3.12/site-packages/airflow/example_dags/example_latest_only.py
[2025-02-25T23:24:51.026+0000] {processor.py:925} INFO - DAG(s) 'latest_only' retrieved from /home/airflow/.local/lib/python3.12/site-packages/airflow/example_dags/example_latest_only.py
[2025-02-25T23:24:51.038+0000] {logging_mixin.py:190} INFO - [2025-02-25T23:24:51.038+0000] {dag.py:3239} INFO - Sync 1 DAGs
[2025-02-25T23:24:51.052+0000] {logging_mixin.py:190} INFO - [2025-02-25T23:24:51.052+0000] {dag.py:4180} INFO - Setting next_dagrun for latest_only to 2025-02-25 16:00:00+00:00, run_after=2025-02-25 20:00:00+00:00
[2025-02-25T23:24:51.063+0000] {processor.py:208} INFO - Processing /home/airflow/.local/lib/python3.12/site-packages/airflow/example_dags/example_latest_only.py took 0.046 seconds
[2025-02-25T23:25:22.836+0000] {processor.py:186} INFO - Started process (PID=459) to work on /home/airflow/.local/lib/python3.12/site-packages/airflow/example_dags/example_latest_only.py
[2025-02-25T23:25:22.837+0000] {processor.py:914} INFO - Processing file /home/airflow/.local/lib/python3.12/site-packages/airflow/example_dags/example_latest_only.py for tasks to queue
[2025-02-25T23:25:22.838+0000] {logging_mixin.py:190} INFO - [2025-02-25T23:25:22.838+0000] {dagbag.py:588} INFO - Filling up the DagBag from /home/airflow/.local/lib/python3.12/site-packages/airflow/example_dags/example_latest_only.py
[2025-02-25T23:25:22.842+0000] {processor.py:925} INFO - DAG(s) 'latest_only' retrieved from /home/airflow/.local/lib/python3.12/site-packages/airflow/example_dags/example_latest_only.py
[2025-02-25T23:25:22.854+0000] {logging_mixin.py:190} INFO - [2025-02-25T23:25:22.854+0000] {dag.py:3239} INFO - Sync 1 DAGs
[2025-02-25T23:25:22.866+0000] {logging_mixin.py:190} INFO - [2025-02-25T23:25:22.866+0000] {dag.py:4180} INFO - Setting next_dagrun for latest_only to 2025-02-25 16:00:00+00:00, run_after=2025-02-25 20:00:00+00:00
[2025-02-25T23:25:22.875+0000] {processor.py:208} INFO - Processing /home/airflow/.local/lib/python3.12/site-packages/airflow/example_dags/example_latest_only.py took 0.042 seconds
[2025-02-25T23:25:57.060+0000] {processor.py:186} INFO - Started process (PID=522) to work on /home/airflow/.local/lib/python3.12/site-packages/airflow/example_dags/example_latest_only.py
[2025-02-25T23:25:57.060+0000] {processor.py:914} INFO - Processing file /home/airflow/.local/lib/python3.12/site-packages/airflow/example_dags/example_latest_only.py for tasks to queue
[2025-02-25T23:25:57.062+0000] {logging_mixin.py:190} INFO - [2025-02-25T23:25:57.062+0000] {dagbag.py:588} INFO - Filling up the DagBag from /home/airflow/.local/lib/python3.12/site-packages/airflow/example_dags/example_latest_only.py
[2025-02-25T23:25:57.066+0000] {processor.py:925} INFO - DAG(s) 'latest_only' retrieved from /home/airflow/.local/lib/python3.12/site-packages/airflow/example_dags/example_latest_only.py
[2025-02-25T23:25:57.078+0000] {logging_mixin.py:190} INFO - [2025-02-25T23:25:57.077+0000] {dag.py:3239} INFO - Sync 1 DAGs
[2025-02-25T23:25:57.090+0000] {logging_mixin.py:190} INFO - [2025-02-25T23:25:57.090+0000] {dag.py:4180} INFO - Setting next_dagrun for latest_only to 2025-02-25 16:00:00+00:00, run_after=2025-02-25 20:00:00+00:00
[2025-02-25T23:25:57.100+0000] {processor.py:208} INFO - Processing /home/airflow/.local/lib/python3.12/site-packages/airflow/example_dags/example_latest_only.py took 0.044 seconds
[2025-02-25T23:26:27.859+0000] {processor.py:186} INFO - Started process (PID=585) to work on /home/airflow/.local/lib/python3.12/site-packages/airflow/example_dags/example_latest_only.py
[2025-02-25T23:26:27.860+0000] {processor.py:914} INFO - Processing file /home/airflow/.local/lib/python3.12/site-packages/airflow/example_dags/example_latest_only.py for tasks to queue
[2025-02-25T23:26:27.862+0000] {logging_mixin.py:190} INFO - [2025-02-25T23:26:27.861+0000] {dagbag.py:588} INFO - Filling up the DagBag from /home/airflow/.local/lib/python3.12/site-packages/airflow/example_dags/example_latest_only.py
[2025-02-25T23:26:27.866+0000] {processor.py:925} INFO - DAG(s) 'latest_only' retrieved from /home/airflow/.local/lib/python3.12/site-packages/airflow/example_dags/example_latest_only.py
[2025-02-25T23:26:27.876+0000] {logging_mixin.py:190} INFO - [2025-02-25T23:26:27.876+0000] {dag.py:3239} INFO - Sync 1 DAGs
[2025-02-25T23:26:27.889+0000] {logging_mixin.py:190} INFO - [2025-02-25T23:26:27.888+0000] {dag.py:4180} INFO - Setting next_dagrun for latest_only to 2025-02-25 16:00:00+00:00, run_after=2025-02-25 20:00:00+00:00
[2025-02-25T23:26:27.898+0000] {processor.py:208} INFO - Processing /home/airflow/.local/lib/python3.12/site-packages/airflow/example_dags/example_latest_only.py took 0.042 seconds
[2025-02-25T23:26:58.391+0000] {processor.py:186} INFO - Started process (PID=648) to work on /home/airflow/.local/lib/python3.12/site-packages/airflow/example_dags/example_latest_only.py
[2025-02-25T23:26:58.392+0000] {processor.py:914} INFO - Processing file /home/airflow/.local/lib/python3.12/site-packages/airflow/example_dags/example_latest_only.py for tasks to queue
[2025-02-25T23:26:58.393+0000] {logging_mixin.py:190} INFO - [2025-02-25T23:26:58.393+0000] {dagbag.py:588} INFO - Filling up the DagBag from /home/airflow/.local/lib/python3.12/site-packages/airflow/example_dags/example_latest_only.py
[2025-02-25T23:26:58.397+0000] {processor.py:925} INFO - DAG(s) 'latest_only' retrieved from /home/airflow/.local/lib/python3.12/site-packages/airflow/example_dags/example_latest_only.py
[2025-02-25T23:26:58.408+0000] {logging_mixin.py:190} INFO - [2025-02-25T23:26:58.408+0000] {dag.py:3239} INFO - Sync 1 DAGs
[2025-02-25T23:26:58.421+0000] {logging_mixin.py:190} INFO - [2025-02-25T23:26:58.421+0000] {dag.py:4180} INFO - Setting next_dagrun for latest_only to 2025-02-25 16:00:00+00:00, run_after=2025-02-25 20:00:00+00:00
[2025-02-25T23:26:58.432+0000] {processor.py:208} INFO - Processing /home/airflow/.local/lib/python3.12/site-packages/airflow/example_dags/example_latest_only.py took 0.044 seconds
[2025-02-25T23:27:29.014+0000] {processor.py:186} INFO - Started process (PID=711) to work on /home/airflow/.local/lib/python3.12/site-packages/airflow/example_dags/example_latest_only.py
[2025-02-25T23:27:29.015+0000] {processor.py:914} INFO - Processing file /home/airflow/.local/lib/python3.12/site-packages/airflow/example_dags/example_latest_only.py for tasks to queue
[2025-02-25T23:27:29.016+0000] {logging_mixin.py:190} INFO - [2025-02-25T23:27:29.016+0000] {dagbag.py:588} INFO - Filling up the DagBag from /home/airflow/.local/lib/python3.12/site-packages/airflow/example_dags/example_latest_only.py
[2025-02-25T23:27:29.020+0000] {processor.py:925} INFO - DAG(s) 'latest_only' retrieved from /home/airflow/.local/lib/python3.12/site-packages/airflow/example_dags/example_latest_only.py
[2025-02-25T23:27:29.030+0000] {logging_mixin.py:190} INFO - [2025-02-25T23:27:29.030+0000] {dag.py:3239} INFO - Sync 1 DAGs
[2025-02-25T23:27:29.042+0000] {logging_mixin.py:190} INFO - [2025-02-25T23:27:29.042+0000] {dag.py:4180} INFO - Setting next_dagrun for latest_only to 2025-02-25 16:00:00+00:00, run_after=2025-02-25 20:00:00+00:00
[2025-02-25T23:27:29.052+0000] {processor.py:208} INFO - Processing /home/airflow/.local/lib/python3.12/site-packages/airflow/example_dags/example_latest_only.py took 0.042 seconds
[2025-02-25T23:27:59.909+0000] {processor.py:186} INFO - Started process (PID=774) to work on /home/airflow/.local/lib/python3.12/site-packages/airflow/example_dags/example_latest_only.py
[2025-02-25T23:27:59.910+0000] {processor.py:914} INFO - Processing file /home/airflow/.local/lib/python3.12/site-packages/airflow/example_dags/example_latest_only.py for tasks to queue
[2025-02-25T23:27:59.911+0000] {logging_mixin.py:190} INFO - [2025-02-25T23:27:59.911+0000] {dagbag.py:588} INFO - Filling up the DagBag from /home/airflow/.local/lib/python3.12/site-packages/airflow/example_dags/example_latest_only.py
[2025-02-25T23:27:59.915+0000] {processor.py:925} INFO - DAG(s) 'latest_only' retrieved from /home/airflow/.local/lib/python3.12/site-packages/airflow/example_dags/example_latest_only.py
[2025-02-25T23:27:59.927+0000] {logging_mixin.py:190} INFO - [2025-02-25T23:27:59.927+0000] {dag.py:3239} INFO - Sync 1 DAGs
[2025-02-25T23:27:59.939+0000] {logging_mixin.py:190} INFO - [2025-02-25T23:27:59.939+0000] {dag.py:4180} INFO - Setting next_dagrun for latest_only to 2025-02-25 16:00:00+00:00, run_after=2025-02-25 20:00:00+00:00
[2025-02-25T23:27:59.951+0000] {processor.py:208} INFO - Processing /home/airflow/.local/lib/python3.12/site-packages/airflow/example_dags/example_latest_only.py took 0.045 seconds
[2025-02-25T23:28:30.922+0000] {processor.py:186} INFO - Started process (PID=831) to work on /home/airflow/.local/lib/python3.12/site-packages/airflow/example_dags/example_latest_only.py
[2025-02-25T23:28:30.923+0000] {processor.py:914} INFO - Processing file /home/airflow/.local/lib/python3.12/site-packages/airflow/example_dags/example_latest_only.py for tasks to queue
[2025-02-25T23:28:30.924+0000] {logging_mixin.py:190} INFO - [2025-02-25T23:28:30.924+0000] {dagbag.py:588} INFO - Filling up the DagBag from /home/airflow/.local/lib/python3.12/site-packages/airflow/example_dags/example_latest_only.py
[2025-02-25T23:28:30.928+0000] {processor.py:925} INFO - DAG(s) 'latest_only' retrieved from /home/airflow/.local/lib/python3.12/site-packages/airflow/example_dags/example_latest_only.py
[2025-02-25T23:28:30.940+0000] {logging_mixin.py:190} INFO - [2025-02-25T23:28:30.939+0000] {dag.py:3239} INFO - Sync 1 DAGs
[2025-02-25T23:28:30.953+0000] {logging_mixin.py:190} INFO - [2025-02-25T23:28:30.952+0000] {dag.py:4180} INFO - Setting next_dagrun for latest_only to 2025-02-25 16:00:00+00:00, run_after=2025-02-25 20:00:00+00:00
[2025-02-25T23:28:30.962+0000] {processor.py:208} INFO - Processing /home/airflow/.local/lib/python3.12/site-packages/airflow/example_dags/example_latest_only.py took 0.043 seconds
[2025-02-25T23:29:01.542+0000] {processor.py:186} INFO - Started process (PID=894) to work on /home/airflow/.local/lib/python3.12/site-packages/airflow/example_dags/example_latest_only.py
[2025-02-25T23:29:01.543+0000] {processor.py:914} INFO - Processing file /home/airflow/.local/lib/python3.12/site-packages/airflow/example_dags/example_latest_only.py for tasks to queue
[2025-02-25T23:29:01.545+0000] {logging_mixin.py:190} INFO - [2025-02-25T23:29:01.545+0000] {dagbag.py:588} INFO - Filling up the DagBag from /home/airflow/.local/lib/python3.12/site-packages/airflow/example_dags/example_latest_only.py
[2025-02-25T23:29:01.550+0000] {processor.py:925} INFO - DAG(s) 'latest_only' retrieved from /home/airflow/.local/lib/python3.12/site-packages/airflow/example_dags/example_latest_only.py
[2025-02-25T23:29:01.565+0000] {logging_mixin.py:190} INFO - [2025-02-25T23:29:01.565+0000] {dag.py:3239} INFO - Sync 1 DAGs
[2025-02-25T23:29:01.581+0000] {logging_mixin.py:190} INFO - [2025-02-25T23:29:01.581+0000] {dag.py:4180} INFO - Setting next_dagrun for latest_only to 2025-02-25 16:00:00+00:00, run_after=2025-02-25 20:00:00+00:00
[2025-02-25T23:29:01.592+0000] {processor.py:208} INFO - Processing /home/airflow/.local/lib/python3.12/site-packages/airflow/example_dags/example_latest_only.py took 0.053 seconds
[2025-02-25T23:29:31.747+0000] {processor.py:186} INFO - Started process (PID=957) to work on /home/airflow/.local/lib/python3.12/site-packages/airflow/example_dags/example_latest_only.py
[2025-02-25T23:29:31.747+0000] {processor.py:914} INFO - Processing file /home/airflow/.local/lib/python3.12/site-packages/airflow/example_dags/example_latest_only.py for tasks to queue
[2025-02-25T23:29:31.749+0000] {logging_mixin.py:190} INFO - [2025-02-25T23:29:31.749+0000] {dagbag.py:588} INFO - Filling up the DagBag from /home/airflow/.local/lib/python3.12/site-packages/airflow/example_dags/example_latest_only.py
[2025-02-25T23:29:31.754+0000] {processor.py:925} INFO - DAG(s) 'latest_only' retrieved from /home/airflow/.local/lib/python3.12/site-packages/airflow/example_dags/example_latest_only.py
[2025-02-25T23:29:31.766+0000] {logging_mixin.py:190} INFO - [2025-02-25T23:29:31.766+0000] {dag.py:3239} INFO - Sync 1 DAGs
[2025-02-25T23:29:31.780+0000] {logging_mixin.py:190} INFO - [2025-02-25T23:29:31.780+0000] {dag.py:4180} INFO - Setting next_dagrun for latest_only to 2025-02-25 16:00:00+00:00, run_after=2025-02-25 20:00:00+00:00
[2025-02-25T23:29:31.790+0000] {processor.py:208} INFO - Processing /home/airflow/.local/lib/python3.12/site-packages/airflow/example_dags/example_latest_only.py took 0.047 seconds
[2025-02-25T23:30:07.563+0000] {processor.py:186} INFO - Started process (PID=1021) to work on /home/airflow/.local/lib/python3.12/site-packages/airflow/example_dags/example_latest_only.py
[2025-02-25T23:30:07.564+0000] {processor.py:914} INFO - Processing file /home/airflow/.local/lib/python3.12/site-packages/airflow/example_dags/example_latest_only.py for tasks to queue
[2025-02-25T23:30:07.566+0000] {logging_mixin.py:190} INFO - [2025-02-25T23:30:07.565+0000] {dagbag.py:588} INFO - Filling up the DagBag from /home/airflow/.local/lib/python3.12/site-packages/airflow/example_dags/example_latest_only.py
[2025-02-25T23:30:07.569+0000] {processor.py:925} INFO - DAG(s) 'latest_only' retrieved from /home/airflow/.local/lib/python3.12/site-packages/airflow/example_dags/example_latest_only.py
[2025-02-25T23:30:07.581+0000] {logging_mixin.py:190} INFO - [2025-02-25T23:30:07.581+0000] {dag.py:3239} INFO - Sync 1 DAGs
[2025-02-25T23:30:07.594+0000] {logging_mixin.py:190} INFO - [2025-02-25T23:30:07.594+0000] {dag.py:4180} INFO - Setting next_dagrun for latest_only to 2025-02-25 16:00:00+00:00, run_after=2025-02-25 20:00:00+00:00
[2025-02-25T23:30:07.608+0000] {processor.py:208} INFO - Processing /home/airflow/.local/lib/python3.12/site-packages/airflow/example_dags/example_latest_only.py took 0.048 seconds
[2025-02-25T23:30:41.434+0000] {processor.py:186} INFO - Started process (PID=1084) to work on /home/airflow/.local/lib/python3.12/site-packages/airflow/example_dags/example_latest_only.py
[2025-02-25T23:30:41.435+0000] {processor.py:914} INFO - Processing file /home/airflow/.local/lib/python3.12/site-packages/airflow/example_dags/example_latest_only.py for tasks to queue
[2025-02-25T23:30:41.436+0000] {logging_mixin.py:190} INFO - [2025-02-25T23:30:41.436+0000] {dagbag.py:588} INFO - Filling up the DagBag from /home/airflow/.local/lib/python3.12/site-packages/airflow/example_dags/example_latest_only.py
[2025-02-25T23:30:41.440+0000] {processor.py:925} INFO - DAG(s) 'latest_only' retrieved from /home/airflow/.local/lib/python3.12/site-packages/airflow/example_dags/example_latest_only.py
[2025-02-25T23:30:41.452+0000] {logging_mixin.py:190} INFO - [2025-02-25T23:30:41.451+0000] {dag.py:3239} INFO - Sync 1 DAGs
[2025-02-25T23:30:41.464+0000] {logging_mixin.py:190} INFO - [2025-02-25T23:30:41.464+0000] {dag.py:4180} INFO - Setting next_dagrun for latest_only to 2025-02-25 16:00:00+00:00, run_after=2025-02-25 20:00:00+00:00
[2025-02-25T23:30:41.474+0000] {processor.py:208} INFO - Processing /home/airflow/.local/lib/python3.12/site-packages/airflow/example_dags/example_latest_only.py took 0.043 seconds
[2025-02-25T23:31:12.016+0000] {processor.py:186} INFO - Started process (PID=1147) to work on /home/airflow/.local/lib/python3.12/site-packages/airflow/example_dags/example_latest_only.py
[2025-02-25T23:31:12.017+0000] {processor.py:914} INFO - Processing file /home/airflow/.local/lib/python3.12/site-packages/airflow/example_dags/example_latest_only.py for tasks to queue
[2025-02-25T23:31:12.018+0000] {logging_mixin.py:190} INFO - [2025-02-25T23:31:12.018+0000] {dagbag.py:588} INFO - Filling up the DagBag from /home/airflow/.local/lib/python3.12/site-packages/airflow/example_dags/example_latest_only.py
[2025-02-25T23:31:12.022+0000] {processor.py:925} INFO - DAG(s) 'latest_only' retrieved from /home/airflow/.local/lib/python3.12/site-packages/airflow/example_dags/example_latest_only.py
[2025-02-25T23:31:12.034+0000] {logging_mixin.py:190} INFO - [2025-02-25T23:31:12.034+0000] {dag.py:3239} INFO - Sync 1 DAGs
[2025-02-25T23:31:12.049+0000] {logging_mixin.py:190} INFO - [2025-02-25T23:31:12.049+0000] {dag.py:4180} INFO - Setting next_dagrun for latest_only to 2025-02-25 16:00:00+00:00, run_after=2025-02-25 20:00:00+00:00
[2025-02-25T23:31:12.061+0000] {processor.py:208} INFO - Processing /home/airflow/.local/lib/python3.12/site-packages/airflow/example_dags/example_latest_only.py took 0.048 seconds
[2025-02-25T23:31:42.889+0000] {processor.py:186} INFO - Started process (PID=1209) to work on /home/airflow/.local/lib/python3.12/site-packages/airflow/example_dags/example_latest_only.py
[2025-02-25T23:31:42.890+0000] {processor.py:914} INFO - Processing file /home/airflow/.local/lib/python3.12/site-packages/airflow/example_dags/example_latest_only.py for tasks to queue
[2025-02-25T23:31:42.891+0000] {logging_mixin.py:190} INFO - [2025-02-25T23:31:42.891+0000] {dagbag.py:588} INFO - Filling up the DagBag from /home/airflow/.local/lib/python3.12/site-packages/airflow/example_dags/example_latest_only.py
[2025-02-25T23:31:42.895+0000] {processor.py:925} INFO - DAG(s) 'latest_only' retrieved from /home/airflow/.local/lib/python3.12/site-packages/airflow/example_dags/example_latest_only.py
[2025-02-25T23:31:42.906+0000] {logging_mixin.py:190} INFO - [2025-02-25T23:31:42.906+0000] {dag.py:3239} INFO - Sync 1 DAGs
[2025-02-25T23:31:42.918+0000] {logging_mixin.py:190} INFO - [2025-02-25T23:31:42.918+0000] {dag.py:4180} INFO - Setting next_dagrun for latest_only to 2025-02-25 16:00:00+00:00, run_after=2025-02-25 20:00:00+00:00
[2025-02-25T23:31:42.928+0000] {processor.py:208} INFO - Processing /home/airflow/.local/lib/python3.12/site-packages/airflow/example_dags/example_latest_only.py took 0.042 seconds
[2025-02-25T23:32:13.707+0000] {processor.py:186} INFO - Started process (PID=1272) to work on /home/airflow/.local/lib/python3.12/site-packages/airflow/example_dags/example_latest_only.py
[2025-02-25T23:32:13.708+0000] {processor.py:914} INFO - Processing file /home/airflow/.local/lib/python3.12/site-packages/airflow/example_dags/example_latest_only.py for tasks to queue
[2025-02-25T23:32:13.709+0000] {logging_mixin.py:190} INFO - [2025-02-25T23:32:13.709+0000] {dagbag.py:588} INFO - Filling up the DagBag from /home/airflow/.local/lib/python3.12/site-packages/airflow/example_dags/example_latest_only.py
[2025-02-25T23:32:13.713+0000] {processor.py:925} INFO - DAG(s) 'latest_only' retrieved from /home/airflow/.local/lib/python3.12/site-packages/airflow/example_dags/example_latest_only.py
[2025-02-25T23:32:13.725+0000] {logging_mixin.py:190} INFO - [2025-02-25T23:32:13.725+0000] {dag.py:3239} INFO - Sync 1 DAGs
[2025-02-25T23:32:13.737+0000] {logging_mixin.py:190} INFO - [2025-02-25T23:32:13.737+0000] {dag.py:4180} INFO - Setting next_dagrun for latest_only to 2025-02-25 16:00:00+00:00, run_after=2025-02-25 20:00:00+00:00
[2025-02-25T23:32:13.748+0000] {processor.py:208} INFO - Processing /home/airflow/.local/lib/python3.12/site-packages/airflow/example_dags/example_latest_only.py took 0.044 seconds
[2025-02-25T23:32:44.932+0000] {processor.py:186} INFO - Started process (PID=1336) to work on /home/airflow/.local/lib/python3.12/site-packages/airflow/example_dags/example_latest_only.py
[2025-02-25T23:32:44.933+0000] {processor.py:914} INFO - Processing file /home/airflow/.local/lib/python3.12/site-packages/airflow/example_dags/example_latest_only.py for tasks to queue
[2025-02-25T23:32:44.935+0000] {logging_mixin.py:190} INFO - [2025-02-25T23:32:44.935+0000] {dagbag.py:588} INFO - Filling up the DagBag from /home/airflow/.local/lib/python3.12/site-packages/airflow/example_dags/example_latest_only.py
[2025-02-25T23:32:44.940+0000] {processor.py:925} INFO - DAG(s) 'latest_only' retrieved from /home/airflow/.local/lib/python3.12/site-packages/airflow/example_dags/example_latest_only.py
[2025-02-25T23:32:44.951+0000] {logging_mixin.py:190} INFO - [2025-02-25T23:32:44.951+0000] {dag.py:3239} INFO - Sync 1 DAGs
[2025-02-25T23:32:44.964+0000] {logging_mixin.py:190} INFO - [2025-02-25T23:32:44.964+0000] {dag.py:4180} INFO - Setting next_dagrun for latest_only to 2025-02-25 16:00:00+00:00, run_after=2025-02-25 20:00:00+00:00
[2025-02-25T23:32:44.975+0000] {processor.py:208} INFO - Processing /home/airflow/.local/lib/python3.12/site-packages/airflow/example_dags/example_latest_only.py took 0.046 seconds
[2025-02-25T23:33:18.577+0000] {processor.py:186} INFO - Started process (PID=1399) to work on /home/airflow/.local/lib/python3.12/site-packages/airflow/example_dags/example_latest_only.py
[2025-02-25T23:33:18.577+0000] {processor.py:914} INFO - Processing file /home/airflow/.local/lib/python3.12/site-packages/airflow/example_dags/example_latest_only.py for tasks to queue
[2025-02-25T23:33:18.579+0000] {logging_mixin.py:190} INFO - [2025-02-25T23:33:18.579+0000] {dagbag.py:588} INFO - Filling up the DagBag from /home/airflow/.local/lib/python3.12/site-packages/airflow/example_dags/example_latest_only.py
[2025-02-25T23:33:18.583+0000] {processor.py:925} INFO - DAG(s) 'latest_only' retrieved from /home/airflow/.local/lib/python3.12/site-packages/airflow/example_dags/example_latest_only.py
[2025-02-25T23:33:18.596+0000] {logging_mixin.py:190} INFO - [2025-02-25T23:33:18.595+0000] {dag.py:3239} INFO - Sync 1 DAGs
[2025-02-25T23:33:18.609+0000] {logging_mixin.py:190} INFO - [2025-02-25T23:33:18.609+0000] {dag.py:4180} INFO - Setting next_dagrun for latest_only to 2025-02-25 16:00:00+00:00, run_after=2025-02-25 20:00:00+00:00
[2025-02-25T23:33:18.619+0000] {processor.py:208} INFO - Processing /home/airflow/.local/lib/python3.12/site-packages/airflow/example_dags/example_latest_only.py took 0.046 seconds
[2025-02-25T23:33:49.406+0000] {processor.py:186} INFO - Started process (PID=1462) to work on /home/airflow/.local/lib/python3.12/site-packages/airflow/example_dags/example_latest_only.py
[2025-02-25T23:33:49.407+0000] {processor.py:914} INFO - Processing file /home/airflow/.local/lib/python3.12/site-packages/airflow/example_dags/example_latest_only.py for tasks to queue
[2025-02-25T23:33:49.408+0000] {logging_mixin.py:190} INFO - [2025-02-25T23:33:49.408+0000] {dagbag.py:588} INFO - Filling up the DagBag from /home/airflow/.local/lib/python3.12/site-packages/airflow/example_dags/example_latest_only.py
[2025-02-25T23:33:49.412+0000] {processor.py:925} INFO - DAG(s) 'latest_only' retrieved from /home/airflow/.local/lib/python3.12/site-packages/airflow/example_dags/example_latest_only.py
[2025-02-25T23:33:49.424+0000] {logging_mixin.py:190} INFO - [2025-02-25T23:33:49.424+0000] {dag.py:3239} INFO - Sync 1 DAGs
[2025-02-25T23:33:49.437+0000] {logging_mixin.py:190} INFO - [2025-02-25T23:33:49.437+0000] {dag.py:4180} INFO - Setting next_dagrun for latest_only to 2025-02-25 16:00:00+00:00, run_after=2025-02-25 20:00:00+00:00
[2025-02-25T23:33:49.447+0000] {processor.py:208} INFO - Processing /home/airflow/.local/lib/python3.12/site-packages/airflow/example_dags/example_latest_only.py took 0.044 seconds
[2025-02-25T23:34:20.335+0000] {processor.py:186} INFO - Started process (PID=1525) to work on /home/airflow/.local/lib/python3.12/site-packages/airflow/example_dags/example_latest_only.py
[2025-02-25T23:34:20.336+0000] {processor.py:914} INFO - Processing file /home/airflow/.local/lib/python3.12/site-packages/airflow/example_dags/example_latest_only.py for tasks to queue
[2025-02-25T23:34:20.337+0000] {logging_mixin.py:190} INFO - [2025-02-25T23:34:20.337+0000] {dagbag.py:588} INFO - Filling up the DagBag from /home/airflow/.local/lib/python3.12/site-packages/airflow/example_dags/example_latest_only.py
[2025-02-25T23:34:20.341+0000] {processor.py:925} INFO - DAG(s) 'latest_only' retrieved from /home/airflow/.local/lib/python3.12/site-packages/airflow/example_dags/example_latest_only.py
[2025-02-25T23:34:20.353+0000] {logging_mixin.py:190} INFO - [2025-02-25T23:34:20.352+0000] {dag.py:3239} INFO - Sync 1 DAGs
[2025-02-25T23:34:20.366+0000] {logging_mixin.py:190} INFO - [2025-02-25T23:34:20.366+0000] {dag.py:4180} INFO - Setting next_dagrun for latest_only to 2025-02-25 16:00:00+00:00, run_after=2025-02-25 20:00:00+00:00
[2025-02-25T23:34:20.377+0000] {processor.py:208} INFO - Processing /home/airflow/.local/lib/python3.12/site-packages/airflow/example_dags/example_latest_only.py took 0.045 seconds
[2025-02-25T23:34:51.332+0000] {processor.py:186} INFO - Started process (PID=1588) to work on /home/airflow/.local/lib/python3.12/site-packages/airflow/example_dags/example_latest_only.py
[2025-02-25T23:34:51.333+0000] {processor.py:914} INFO - Processing file /home/airflow/.local/lib/python3.12/site-packages/airflow/example_dags/example_latest_only.py for tasks to queue
[2025-02-25T23:34:51.334+0000] {logging_mixin.py:190} INFO - [2025-02-25T23:34:51.334+0000] {dagbag.py:588} INFO - Filling up the DagBag from /home/airflow/.local/lib/python3.12/site-packages/airflow/example_dags/example_latest_only.py
[2025-02-25T23:34:51.338+0000] {processor.py:925} INFO - DAG(s) 'latest_only' retrieved from /home/airflow/.local/lib/python3.12/site-packages/airflow/example_dags/example_latest_only.py
[2025-02-25T23:34:51.350+0000] {logging_mixin.py:190} INFO - [2025-02-25T23:34:51.350+0000] {dag.py:3239} INFO - Sync 1 DAGs
[2025-02-25T23:34:51.362+0000] {logging_mixin.py:190} INFO - [2025-02-25T23:34:51.362+0000] {dag.py:4180} INFO - Setting next_dagrun for latest_only to 2025-02-25 16:00:00+00:00, run_after=2025-02-25 20:00:00+00:00
[2025-02-25T23:34:51.373+0000] {processor.py:208} INFO - Processing /home/airflow/.local/lib/python3.12/site-packages/airflow/example_dags/example_latest_only.py took 0.044 seconds
[2025-02-25T23:35:22.216+0000] {processor.py:186} INFO - Started process (PID=1651) to work on /home/airflow/.local/lib/python3.12/site-packages/airflow/example_dags/example_latest_only.py
[2025-02-25T23:35:22.217+0000] {processor.py:914} INFO - Processing file /home/airflow/.local/lib/python3.12/site-packages/airflow/example_dags/example_latest_only.py for tasks to queue
[2025-02-25T23:35:22.218+0000] {logging_mixin.py:190} INFO - [2025-02-25T23:35:22.218+0000] {dagbag.py:588} INFO - Filling up the DagBag from /home/airflow/.local/lib/python3.12/site-packages/airflow/example_dags/example_latest_only.py
[2025-02-25T23:35:22.222+0000] {processor.py:925} INFO - DAG(s) 'latest_only' retrieved from /home/airflow/.local/lib/python3.12/site-packages/airflow/example_dags/example_latest_only.py
[2025-02-25T23:35:22.233+0000] {logging_mixin.py:190} INFO - [2025-02-25T23:35:22.233+0000] {dag.py:3239} INFO - Sync 1 DAGs
[2025-02-25T23:35:22.246+0000] {logging_mixin.py:190} INFO - [2025-02-25T23:35:22.246+0000] {dag.py:4180} INFO - Setting next_dagrun for latest_only to 2025-02-25 16:00:00+00:00, run_after=2025-02-25 20:00:00+00:00
[2025-02-25T23:35:22.256+0000] {processor.py:208} INFO - Processing /home/airflow/.local/lib/python3.12/site-packages/airflow/example_dags/example_latest_only.py took 0.044 seconds
[2025-02-25T23:35:52.305+0000] {processor.py:186} INFO - Started process (PID=1713) to work on /home/airflow/.local/lib/python3.12/site-packages/airflow/example_dags/example_latest_only.py
[2025-02-25T23:35:52.306+0000] {processor.py:914} INFO - Processing file /home/airflow/.local/lib/python3.12/site-packages/airflow/example_dags/example_latest_only.py for tasks to queue
[2025-02-25T23:35:52.307+0000] {logging_mixin.py:190} INFO - [2025-02-25T23:35:52.307+0000] {dagbag.py:588} INFO - Filling up the DagBag from /home/airflow/.local/lib/python3.12/site-packages/airflow/example_dags/example_latest_only.py
[2025-02-25T23:35:52.311+0000] {processor.py:925} INFO - DAG(s) 'latest_only' retrieved from /home/airflow/.local/lib/python3.12/site-packages/airflow/example_dags/example_latest_only.py
[2025-02-25T23:35:52.323+0000] {logging_mixin.py:190} INFO - [2025-02-25T23:35:52.323+0000] {dag.py:3239} INFO - Sync 1 DAGs
[2025-02-25T23:35:52.336+0000] {logging_mixin.py:190} INFO - [2025-02-25T23:35:52.336+0000] {dag.py:4180} INFO - Setting next_dagrun for latest_only to 2025-02-25 16:00:00+00:00, run_after=2025-02-25 20:00:00+00:00
[2025-02-25T23:35:52.346+0000] {processor.py:208} INFO - Processing /home/airflow/.local/lib/python3.12/site-packages/airflow/example_dags/example_latest_only.py took 0.044 seconds
[2025-02-25T23:36:22.391+0000] {processor.py:186} INFO - Started process (PID=1776) to work on /home/airflow/.local/lib/python3.12/site-packages/airflow/example_dags/example_latest_only.py
[2025-02-25T23:36:22.391+0000] {processor.py:914} INFO - Processing file /home/airflow/.local/lib/python3.12/site-packages/airflow/example_dags/example_latest_only.py for tasks to queue
[2025-02-25T23:36:22.393+0000] {logging_mixin.py:190} INFO - [2025-02-25T23:36:22.393+0000] {dagbag.py:588} INFO - Filling up the DagBag from /home/airflow/.local/lib/python3.12/site-packages/airflow/example_dags/example_latest_only.py
[2025-02-25T23:36:22.397+0000] {processor.py:925} INFO - DAG(s) 'latest_only' retrieved from /home/airflow/.local/lib/python3.12/site-packages/airflow/example_dags/example_latest_only.py
[2025-02-25T23:36:22.408+0000] {logging_mixin.py:190} INFO - [2025-02-25T23:36:22.408+0000] {dag.py:3239} INFO - Sync 1 DAGs
[2025-02-25T23:36:22.422+0000] {logging_mixin.py:190} INFO - [2025-02-25T23:36:22.422+0000] {dag.py:4180} INFO - Setting next_dagrun for latest_only to 2025-02-25 16:00:00+00:00, run_after=2025-02-25 20:00:00+00:00
[2025-02-25T23:36:22.433+0000] {processor.py:208} INFO - Processing /home/airflow/.local/lib/python3.12/site-packages/airflow/example_dags/example_latest_only.py took 0.046 seconds
[2025-02-25T23:36:52.514+0000] {processor.py:186} INFO - Started process (PID=1839) to work on /home/airflow/.local/lib/python3.12/site-packages/airflow/example_dags/example_latest_only.py
[2025-02-25T23:36:52.514+0000] {processor.py:914} INFO - Processing file /home/airflow/.local/lib/python3.12/site-packages/airflow/example_dags/example_latest_only.py for tasks to queue
[2025-02-25T23:36:52.516+0000] {logging_mixin.py:190} INFO - [2025-02-25T23:36:52.515+0000] {dagbag.py:588} INFO - Filling up the DagBag from /home/airflow/.local/lib/python3.12/site-packages/airflow/example_dags/example_latest_only.py
[2025-02-25T23:36:52.520+0000] {processor.py:925} INFO - DAG(s) 'latest_only' retrieved from /home/airflow/.local/lib/python3.12/site-packages/airflow/example_dags/example_latest_only.py
[2025-02-25T23:36:52.531+0000] {logging_mixin.py:190} INFO - [2025-02-25T23:36:52.531+0000] {dag.py:3239} INFO - Sync 1 DAGs
[2025-02-25T23:36:52.544+0000] {logging_mixin.py:190} INFO - [2025-02-25T23:36:52.544+0000] {dag.py:4180} INFO - Setting next_dagrun for latest_only to 2025-02-25 16:00:00+00:00, run_after=2025-02-25 20:00:00+00:00
[2025-02-25T23:36:52.556+0000] {processor.py:208} INFO - Processing /home/airflow/.local/lib/python3.12/site-packages/airflow/example_dags/example_latest_only.py took 0.046 seconds
[2025-02-25T23:37:26.976+0000] {processor.py:186} INFO - Started process (PID=1903) to work on /home/airflow/.local/lib/python3.12/site-packages/airflow/example_dags/example_latest_only.py
[2025-02-25T23:37:26.977+0000] {processor.py:914} INFO - Processing file /home/airflow/.local/lib/python3.12/site-packages/airflow/example_dags/example_latest_only.py for tasks to queue
[2025-02-25T23:37:26.978+0000] {logging_mixin.py:190} INFO - [2025-02-25T23:37:26.978+0000] {dagbag.py:588} INFO - Filling up the DagBag from /home/airflow/.local/lib/python3.12/site-packages/airflow/example_dags/example_latest_only.py
[2025-02-25T23:37:26.982+0000] {processor.py:925} INFO - DAG(s) 'latest_only' retrieved from /home/airflow/.local/lib/python3.12/site-packages/airflow/example_dags/example_latest_only.py
[2025-02-25T23:37:26.995+0000] {logging_mixin.py:190} INFO - [2025-02-25T23:37:26.995+0000] {dag.py:3239} INFO - Sync 1 DAGs
[2025-02-25T23:37:27.008+0000] {logging_mixin.py:190} INFO - [2025-02-25T23:37:27.008+0000] {dag.py:4180} INFO - Setting next_dagrun for latest_only to 2025-02-25 16:00:00+00:00, run_after=2025-02-25 20:00:00+00:00
[2025-02-25T23:37:27.019+0000] {processor.py:208} INFO - Processing /home/airflow/.local/lib/python3.12/site-packages/airflow/example_dags/example_latest_only.py took 0.047 seconds
[2025-02-25T23:38:01.005+0000] {processor.py:186} INFO - Started process (PID=1966) to work on /home/airflow/.local/lib/python3.12/site-packages/airflow/example_dags/example_latest_only.py
[2025-02-25T23:38:01.006+0000] {processor.py:914} INFO - Processing file /home/airflow/.local/lib/python3.12/site-packages/airflow/example_dags/example_latest_only.py for tasks to queue
[2025-02-25T23:38:01.008+0000] {logging_mixin.py:190} INFO - [2025-02-25T23:38:01.007+0000] {dagbag.py:588} INFO - Filling up the DagBag from /home/airflow/.local/lib/python3.12/site-packages/airflow/example_dags/example_latest_only.py
[2025-02-25T23:38:01.012+0000] {processor.py:925} INFO - DAG(s) 'latest_only' retrieved from /home/airflow/.local/lib/python3.12/site-packages/airflow/example_dags/example_latest_only.py
[2025-02-25T23:38:01.024+0000] {logging_mixin.py:190} INFO - [2025-02-25T23:38:01.023+0000] {dag.py:3239} INFO - Sync 1 DAGs
[2025-02-25T23:38:01.037+0000] {logging_mixin.py:190} INFO - [2025-02-25T23:38:01.037+0000] {dag.py:4180} INFO - Setting next_dagrun for latest_only to 2025-02-25 16:00:00+00:00, run_after=2025-02-25 20:00:00+00:00
[2025-02-25T23:38:01.048+0000] {processor.py:208} INFO - Processing /home/airflow/.local/lib/python3.12/site-packages/airflow/example_dags/example_latest_only.py took 0.046 seconds
[2025-02-25T23:38:31.794+0000] {processor.py:186} INFO - Started process (PID=2029) to work on /home/airflow/.local/lib/python3.12/site-packages/airflow/example_dags/example_latest_only.py
[2025-02-25T23:38:31.795+0000] {processor.py:914} INFO - Processing file /home/airflow/.local/lib/python3.12/site-packages/airflow/example_dags/example_latest_only.py for tasks to queue
[2025-02-25T23:38:31.796+0000] {logging_mixin.py:190} INFO - [2025-02-25T23:38:31.796+0000] {dagbag.py:588} INFO - Filling up the DagBag from /home/airflow/.local/lib/python3.12/site-packages/airflow/example_dags/example_latest_only.py
[2025-02-25T23:38:31.800+0000] {processor.py:925} INFO - DAG(s) 'latest_only' retrieved from /home/airflow/.local/lib/python3.12/site-packages/airflow/example_dags/example_latest_only.py
[2025-02-25T23:38:31.811+0000] {logging_mixin.py:190} INFO - [2025-02-25T23:38:31.811+0000] {dag.py:3239} INFO - Sync 1 DAGs
[2025-02-25T23:38:31.824+0000] {logging_mixin.py:190} INFO - [2025-02-25T23:38:31.824+0000] {dag.py:4180} INFO - Setting next_dagrun for latest_only to 2025-02-25 16:00:00+00:00, run_after=2025-02-25 20:00:00+00:00
[2025-02-25T23:38:31.835+0000] {processor.py:208} INFO - Processing /home/airflow/.local/lib/python3.12/site-packages/airflow/example_dags/example_latest_only.py took 0.044 seconds
[2025-02-25T23:39:02.667+0000] {processor.py:186} INFO - Started process (PID=2091) to work on /home/airflow/.local/lib/python3.12/site-packages/airflow/example_dags/example_latest_only.py
[2025-02-25T23:39:02.668+0000] {processor.py:914} INFO - Processing file /home/airflow/.local/lib/python3.12/site-packages/airflow/example_dags/example_latest_only.py for tasks to queue
[2025-02-25T23:39:02.669+0000] {logging_mixin.py:190} INFO - [2025-02-25T23:39:02.669+0000] {dagbag.py:588} INFO - Filling up the DagBag from /home/airflow/.local/lib/python3.12/site-packages/airflow/example_dags/example_latest_only.py
[2025-02-25T23:39:02.673+0000] {processor.py:925} INFO - DAG(s) 'latest_only' retrieved from /home/airflow/.local/lib/python3.12/site-packages/airflow/example_dags/example_latest_only.py
[2025-02-25T23:39:02.684+0000] {logging_mixin.py:190} INFO - [2025-02-25T23:39:02.684+0000] {dag.py:3239} INFO - Sync 1 DAGs
[2025-02-25T23:39:02.697+0000] {logging_mixin.py:190} INFO - [2025-02-25T23:39:02.697+0000] {dag.py:4180} INFO - Setting next_dagrun for latest_only to 2025-02-25 16:00:00+00:00, run_after=2025-02-25 20:00:00+00:00
[2025-02-25T23:39:02.707+0000] {processor.py:208} INFO - Processing /home/airflow/.local/lib/python3.12/site-packages/airflow/example_dags/example_latest_only.py took 0.044 seconds
[2025-02-25T23:39:33.604+0000] {processor.py:186} INFO - Started process (PID=2154) to work on /home/airflow/.local/lib/python3.12/site-packages/airflow/example_dags/example_latest_only.py
[2025-02-25T23:39:33.605+0000] {processor.py:914} INFO - Processing file /home/airflow/.local/lib/python3.12/site-packages/airflow/example_dags/example_latest_only.py for tasks to queue
[2025-02-25T23:39:33.606+0000] {logging_mixin.py:190} INFO - [2025-02-25T23:39:33.606+0000] {dagbag.py:588} INFO - Filling up the DagBag from /home/airflow/.local/lib/python3.12/site-packages/airflow/example_dags/example_latest_only.py
[2025-02-25T23:39:33.610+0000] {processor.py:925} INFO - DAG(s) 'latest_only' retrieved from /home/airflow/.local/lib/python3.12/site-packages/airflow/example_dags/example_latest_only.py
[2025-02-25T23:39:33.622+0000] {logging_mixin.py:190} INFO - [2025-02-25T23:39:33.622+0000] {dag.py:3239} INFO - Sync 1 DAGs
[2025-02-25T23:39:33.634+0000] {logging_mixin.py:190} INFO - [2025-02-25T23:39:33.634+0000] {dag.py:4180} INFO - Setting next_dagrun for latest_only to 2025-02-25 16:00:00+00:00, run_after=2025-02-25 20:00:00+00:00
[2025-02-25T23:39:33.646+0000] {processor.py:208} INFO - Processing /home/airflow/.local/lib/python3.12/site-packages/airflow/example_dags/example_latest_only.py took 0.045 seconds
[2025-02-25T23:41:52.047+0000] {processor.py:186} INFO - Started process (PID=81) to work on /home/airflow/.local/lib/python3.12/site-packages/airflow/example_dags/example_latest_only.py
[2025-02-25T23:41:52.048+0000] {processor.py:914} INFO - Processing file /home/airflow/.local/lib/python3.12/site-packages/airflow/example_dags/example_latest_only.py for tasks to queue
[2025-02-25T23:41:52.049+0000] {logging_mixin.py:190} INFO - [2025-02-25T23:41:52.049+0000] {dagbag.py:588} INFO - Filling up the DagBag from /home/airflow/.local/lib/python3.12/site-packages/airflow/example_dags/example_latest_only.py
[2025-02-25T23:41:52.054+0000] {processor.py:925} INFO - DAG(s) 'latest_only' retrieved from /home/airflow/.local/lib/python3.12/site-packages/airflow/example_dags/example_latest_only.py
[2025-02-25T23:41:52.114+0000] {logging_mixin.py:190} INFO - [2025-02-25T23:41:52.113+0000] {override.py:1912} INFO - Created Permission View: can edit on DAG:latest_only
[2025-02-25T23:41:52.120+0000] {logging_mixin.py:190} INFO - [2025-02-25T23:41:52.119+0000] {override.py:1912} INFO - Created Permission View: can delete on DAG:latest_only
[2025-02-25T23:41:52.123+0000] {logging_mixin.py:190} INFO - [2025-02-25T23:41:52.123+0000] {override.py:1912} INFO - Created Permission View: can read on DAG:latest_only
[2025-02-25T23:41:52.128+0000] {logging_mixin.py:190} INFO - [2025-02-25T23:41:52.128+0000] {override.py:1912} INFO - Created Permission View: can create on DAG Run:latest_only
[2025-02-25T23:41:52.132+0000] {logging_mixin.py:190} INFO - [2025-02-25T23:41:52.131+0000] {override.py:1912} INFO - Created Permission View: can delete on DAG Run:latest_only
[2025-02-25T23:41:52.135+0000] {logging_mixin.py:190} INFO - [2025-02-25T23:41:52.135+0000] {override.py:1912} INFO - Created Permission View: can read on DAG Run:latest_only
[2025-02-25T23:41:52.139+0000] {logging_mixin.py:190} INFO - [2025-02-25T23:41:52.139+0000] {override.py:1912} INFO - Created Permission View: menu access on DAG Run:latest_only
[2025-02-25T23:41:52.139+0000] {logging_mixin.py:190} INFO - [2025-02-25T23:41:52.139+0000] {dag.py:3239} INFO - Sync 1 DAGs
[2025-02-25T23:41:52.146+0000] {logging_mixin.py:190} INFO - [2025-02-25T23:41:52.146+0000] {dag.py:3262} INFO - Creating ORM DAG for latest_only
[2025-02-25T23:41:52.152+0000] {logging_mixin.py:190} INFO - [2025-02-25T23:41:52.152+0000] {dag.py:4180} INFO - Setting next_dagrun for latest_only to 2025-02-25 16:00:00+00:00, run_after=2025-02-25 20:00:00+00:00
[2025-02-25T23:41:52.161+0000] {processor.py:208} INFO - Processing /home/airflow/.local/lib/python3.12/site-packages/airflow/example_dags/example_latest_only.py took 0.117 seconds
[2025-02-25T23:42:24.669+0000] {processor.py:186} INFO - Started process (PID=144) to work on /home/airflow/.local/lib/python3.12/site-packages/airflow/example_dags/example_latest_only.py
[2025-02-25T23:42:24.670+0000] {processor.py:914} INFO - Processing file /home/airflow/.local/lib/python3.12/site-packages/airflow/example_dags/example_latest_only.py for tasks to queue
[2025-02-25T23:42:24.671+0000] {logging_mixin.py:190} INFO - [2025-02-25T23:42:24.671+0000] {dagbag.py:588} INFO - Filling up the DagBag from /home/airflow/.local/lib/python3.12/site-packages/airflow/example_dags/example_latest_only.py
[2025-02-25T23:42:24.675+0000] {processor.py:925} INFO - DAG(s) 'latest_only' retrieved from /home/airflow/.local/lib/python3.12/site-packages/airflow/example_dags/example_latest_only.py
[2025-02-25T23:42:24.687+0000] {logging_mixin.py:190} INFO - [2025-02-25T23:42:24.686+0000] {dag.py:3239} INFO - Sync 1 DAGs
[2025-02-25T23:42:24.699+0000] {logging_mixin.py:190} INFO - [2025-02-25T23:42:24.699+0000] {dag.py:4180} INFO - Setting next_dagrun for latest_only to 2025-02-25 16:00:00+00:00, run_after=2025-02-25 20:00:00+00:00
[2025-02-25T23:42:24.709+0000] {processor.py:208} INFO - Processing /home/airflow/.local/lib/python3.12/site-packages/airflow/example_dags/example_latest_only.py took 0.043 seconds
[2025-02-25T23:42:58.479+0000] {processor.py:186} INFO - Started process (PID=207) to work on /home/airflow/.local/lib/python3.12/site-packages/airflow/example_dags/example_latest_only.py
[2025-02-25T23:42:58.480+0000] {processor.py:914} INFO - Processing file /home/airflow/.local/lib/python3.12/site-packages/airflow/example_dags/example_latest_only.py for tasks to queue
[2025-02-25T23:42:58.481+0000] {logging_mixin.py:190} INFO - [2025-02-25T23:42:58.481+0000] {dagbag.py:588} INFO - Filling up the DagBag from /home/airflow/.local/lib/python3.12/site-packages/airflow/example_dags/example_latest_only.py
[2025-02-25T23:42:58.486+0000] {processor.py:925} INFO - DAG(s) 'latest_only' retrieved from /home/airflow/.local/lib/python3.12/site-packages/airflow/example_dags/example_latest_only.py
[2025-02-25T23:42:58.497+0000] {logging_mixin.py:190} INFO - [2025-02-25T23:42:58.497+0000] {dag.py:3239} INFO - Sync 1 DAGs
[2025-02-25T23:42:58.509+0000] {logging_mixin.py:190} INFO - [2025-02-25T23:42:58.509+0000] {dag.py:4180} INFO - Setting next_dagrun for latest_only to 2025-02-25 16:00:00+00:00, run_after=2025-02-25 20:00:00+00:00
[2025-02-25T23:42:58.519+0000] {processor.py:208} INFO - Processing /home/airflow/.local/lib/python3.12/site-packages/airflow/example_dags/example_latest_only.py took 0.043 seconds
[2025-02-25T23:43:29.459+0000] {processor.py:186} INFO - Started process (PID=270) to work on /home/airflow/.local/lib/python3.12/site-packages/airflow/example_dags/example_latest_only.py
[2025-02-25T23:43:29.459+0000] {processor.py:914} INFO - Processing file /home/airflow/.local/lib/python3.12/site-packages/airflow/example_dags/example_latest_only.py for tasks to queue
[2025-02-25T23:43:29.461+0000] {logging_mixin.py:190} INFO - [2025-02-25T23:43:29.461+0000] {dagbag.py:588} INFO - Filling up the DagBag from /home/airflow/.local/lib/python3.12/site-packages/airflow/example_dags/example_latest_only.py
[2025-02-25T23:43:29.465+0000] {processor.py:925} INFO - DAG(s) 'latest_only' retrieved from /home/airflow/.local/lib/python3.12/site-packages/airflow/example_dags/example_latest_only.py
[2025-02-25T23:43:29.477+0000] {logging_mixin.py:190} INFO - [2025-02-25T23:43:29.477+0000] {dag.py:3239} INFO - Sync 1 DAGs
[2025-02-25T23:43:29.489+0000] {logging_mixin.py:190} INFO - [2025-02-25T23:43:29.489+0000] {dag.py:4180} INFO - Setting next_dagrun for latest_only to 2025-02-25 16:00:00+00:00, run_after=2025-02-25 20:00:00+00:00
[2025-02-25T23:43:29.500+0000] {processor.py:208} INFO - Processing /home/airflow/.local/lib/python3.12/site-packages/airflow/example_dags/example_latest_only.py took 0.044 seconds
[2025-02-25T23:44:00.241+0000] {processor.py:186} INFO - Started process (PID=333) to work on /home/airflow/.local/lib/python3.12/site-packages/airflow/example_dags/example_latest_only.py
[2025-02-25T23:44:00.242+0000] {processor.py:914} INFO - Processing file /home/airflow/.local/lib/python3.12/site-packages/airflow/example_dags/example_latest_only.py for tasks to queue
[2025-02-25T23:44:00.243+0000] {logging_mixin.py:190} INFO - [2025-02-25T23:44:00.243+0000] {dagbag.py:588} INFO - Filling up the DagBag from /home/airflow/.local/lib/python3.12/site-packages/airflow/example_dags/example_latest_only.py
[2025-02-25T23:44:00.247+0000] {processor.py:925} INFO - DAG(s) 'latest_only' retrieved from /home/airflow/.local/lib/python3.12/site-packages/airflow/example_dags/example_latest_only.py
[2025-02-25T23:44:00.259+0000] {logging_mixin.py:190} INFO - [2025-02-25T23:44:00.259+0000] {dag.py:3239} INFO - Sync 1 DAGs
[2025-02-25T23:44:00.271+0000] {logging_mixin.py:190} INFO - [2025-02-25T23:44:00.271+0000] {dag.py:4180} INFO - Setting next_dagrun for latest_only to 2025-02-25 16:00:00+00:00, run_after=2025-02-25 20:00:00+00:00
[2025-02-25T23:44:00.282+0000] {processor.py:208} INFO - Processing /home/airflow/.local/lib/python3.12/site-packages/airflow/example_dags/example_latest_only.py took 0.045 seconds
[2025-02-25T23:44:30.991+0000] {processor.py:186} INFO - Started process (PID=396) to work on /home/airflow/.local/lib/python3.12/site-packages/airflow/example_dags/example_latest_only.py
[2025-02-25T23:44:30.992+0000] {processor.py:914} INFO - Processing file /home/airflow/.local/lib/python3.12/site-packages/airflow/example_dags/example_latest_only.py for tasks to queue
[2025-02-25T23:44:30.993+0000] {logging_mixin.py:190} INFO - [2025-02-25T23:44:30.993+0000] {dagbag.py:588} INFO - Filling up the DagBag from /home/airflow/.local/lib/python3.12/site-packages/airflow/example_dags/example_latest_only.py
[2025-02-25T23:44:30.997+0000] {processor.py:925} INFO - DAG(s) 'latest_only' retrieved from /home/airflow/.local/lib/python3.12/site-packages/airflow/example_dags/example_latest_only.py
[2025-02-25T23:44:31.009+0000] {logging_mixin.py:190} INFO - [2025-02-25T23:44:31.009+0000] {dag.py:3239} INFO - Sync 1 DAGs
[2025-02-25T23:44:31.022+0000] {logging_mixin.py:190} INFO - [2025-02-25T23:44:31.022+0000] {dag.py:4180} INFO - Setting next_dagrun for latest_only to 2025-02-25 16:00:00+00:00, run_after=2025-02-25 20:00:00+00:00
[2025-02-25T23:44:31.032+0000] {processor.py:208} INFO - Processing /home/airflow/.local/lib/python3.12/site-packages/airflow/example_dags/example_latest_only.py took 0.045 seconds
[2025-02-25T23:45:01.794+0000] {processor.py:186} INFO - Started process (PID=459) to work on /home/airflow/.local/lib/python3.12/site-packages/airflow/example_dags/example_latest_only.py
[2025-02-25T23:45:01.795+0000] {processor.py:914} INFO - Processing file /home/airflow/.local/lib/python3.12/site-packages/airflow/example_dags/example_latest_only.py for tasks to queue
[2025-02-25T23:45:01.796+0000] {logging_mixin.py:190} INFO - [2025-02-25T23:45:01.796+0000] {dagbag.py:588} INFO - Filling up the DagBag from /home/airflow/.local/lib/python3.12/site-packages/airflow/example_dags/example_latest_only.py
[2025-02-25T23:45:01.800+0000] {processor.py:925} INFO - DAG(s) 'latest_only' retrieved from /home/airflow/.local/lib/python3.12/site-packages/airflow/example_dags/example_latest_only.py
[2025-02-25T23:45:01.811+0000] {logging_mixin.py:190} INFO - [2025-02-25T23:45:01.811+0000] {dag.py:3239} INFO - Sync 1 DAGs
[2025-02-25T23:45:01.824+0000] {logging_mixin.py:190} INFO - [2025-02-25T23:45:01.824+0000] {dag.py:4180} INFO - Setting next_dagrun for latest_only to 2025-02-25 16:00:00+00:00, run_after=2025-02-25 20:00:00+00:00
[2025-02-25T23:45:01.834+0000] {processor.py:208} INFO - Processing /home/airflow/.local/lib/python3.12/site-packages/airflow/example_dags/example_latest_only.py took 0.043 seconds
[2025-02-25T23:45:32.619+0000] {processor.py:186} INFO - Started process (PID=522) to work on /home/airflow/.local/lib/python3.12/site-packages/airflow/example_dags/example_latest_only.py
[2025-02-25T23:45:32.620+0000] {processor.py:914} INFO - Processing file /home/airflow/.local/lib/python3.12/site-packages/airflow/example_dags/example_latest_only.py for tasks to queue
[2025-02-25T23:45:32.621+0000] {logging_mixin.py:190} INFO - [2025-02-25T23:45:32.621+0000] {dagbag.py:588} INFO - Filling up the DagBag from /home/airflow/.local/lib/python3.12/site-packages/airflow/example_dags/example_latest_only.py
[2025-02-25T23:45:32.626+0000] {processor.py:925} INFO - DAG(s) 'latest_only' retrieved from /home/airflow/.local/lib/python3.12/site-packages/airflow/example_dags/example_latest_only.py
[2025-02-25T23:45:32.640+0000] {logging_mixin.py:190} INFO - [2025-02-25T23:45:32.640+0000] {dag.py:3239} INFO - Sync 1 DAGs
[2025-02-25T23:45:32.655+0000] {logging_mixin.py:190} INFO - [2025-02-25T23:45:32.655+0000] {dag.py:4180} INFO - Setting next_dagrun for latest_only to 2025-02-25 16:00:00+00:00, run_after=2025-02-25 20:00:00+00:00
[2025-02-25T23:45:32.669+0000] {processor.py:208} INFO - Processing /home/airflow/.local/lib/python3.12/site-packages/airflow/example_dags/example_latest_only.py took 0.053 seconds
[2025-02-25T23:46:03.344+0000] {processor.py:186} INFO - Started process (PID=585) to work on /home/airflow/.local/lib/python3.12/site-packages/airflow/example_dags/example_latest_only.py
[2025-02-25T23:46:03.345+0000] {processor.py:914} INFO - Processing file /home/airflow/.local/lib/python3.12/site-packages/airflow/example_dags/example_latest_only.py for tasks to queue
[2025-02-25T23:46:03.346+0000] {logging_mixin.py:190} INFO - [2025-02-25T23:46:03.346+0000] {dagbag.py:588} INFO - Filling up the DagBag from /home/airflow/.local/lib/python3.12/site-packages/airflow/example_dags/example_latest_only.py
[2025-02-25T23:46:03.350+0000] {processor.py:925} INFO - DAG(s) 'latest_only' retrieved from /home/airflow/.local/lib/python3.12/site-packages/airflow/example_dags/example_latest_only.py
[2025-02-25T23:46:03.362+0000] {logging_mixin.py:190} INFO - [2025-02-25T23:46:03.362+0000] {dag.py:3239} INFO - Sync 1 DAGs
[2025-02-25T23:46:03.375+0000] {logging_mixin.py:190} INFO - [2025-02-25T23:46:03.375+0000] {dag.py:4180} INFO - Setting next_dagrun for latest_only to 2025-02-25 16:00:00+00:00, run_after=2025-02-25 20:00:00+00:00
[2025-02-25T23:46:03.385+0000] {processor.py:208} INFO - Processing /home/airflow/.local/lib/python3.12/site-packages/airflow/example_dags/example_latest_only.py took 0.045 seconds
[2025-02-25T23:46:34.130+0000] {processor.py:186} INFO - Started process (PID=648) to work on /home/airflow/.local/lib/python3.12/site-packages/airflow/example_dags/example_latest_only.py
[2025-02-25T23:46:34.132+0000] {processor.py:914} INFO - Processing file /home/airflow/.local/lib/python3.12/site-packages/airflow/example_dags/example_latest_only.py for tasks to queue
[2025-02-25T23:46:34.133+0000] {logging_mixin.py:190} INFO - [2025-02-25T23:46:34.133+0000] {dagbag.py:588} INFO - Filling up the DagBag from /home/airflow/.local/lib/python3.12/site-packages/airflow/example_dags/example_latest_only.py
[2025-02-25T23:46:34.137+0000] {processor.py:925} INFO - DAG(s) 'latest_only' retrieved from /home/airflow/.local/lib/python3.12/site-packages/airflow/example_dags/example_latest_only.py
[2025-02-25T23:46:34.149+0000] {logging_mixin.py:190} INFO - [2025-02-25T23:46:34.149+0000] {dag.py:3239} INFO - Sync 1 DAGs
[2025-02-25T23:46:34.163+0000] {logging_mixin.py:190} INFO - [2025-02-25T23:46:34.163+0000] {dag.py:4180} INFO - Setting next_dagrun for latest_only to 2025-02-25 16:00:00+00:00, run_after=2025-02-25 20:00:00+00:00
[2025-02-25T23:46:34.174+0000] {processor.py:208} INFO - Processing /home/airflow/.local/lib/python3.12/site-packages/airflow/example_dags/example_latest_only.py took 0.047 seconds
[2025-02-25T23:47:04.906+0000] {processor.py:186} INFO - Started process (PID=711) to work on /home/airflow/.local/lib/python3.12/site-packages/airflow/example_dags/example_latest_only.py
[2025-02-25T23:47:04.907+0000] {processor.py:914} INFO - Processing file /home/airflow/.local/lib/python3.12/site-packages/airflow/example_dags/example_latest_only.py for tasks to queue
[2025-02-25T23:47:04.908+0000] {logging_mixin.py:190} INFO - [2025-02-25T23:47:04.908+0000] {dagbag.py:588} INFO - Filling up the DagBag from /home/airflow/.local/lib/python3.12/site-packages/airflow/example_dags/example_latest_only.py
[2025-02-25T23:47:04.912+0000] {processor.py:925} INFO - DAG(s) 'latest_only' retrieved from /home/airflow/.local/lib/python3.12/site-packages/airflow/example_dags/example_latest_only.py
[2025-02-25T23:47:04.924+0000] {logging_mixin.py:190} INFO - [2025-02-25T23:47:04.924+0000] {dag.py:3239} INFO - Sync 1 DAGs
[2025-02-25T23:47:04.938+0000] {logging_mixin.py:190} INFO - [2025-02-25T23:47:04.938+0000] {dag.py:4180} INFO - Setting next_dagrun for latest_only to 2025-02-25 16:00:00+00:00, run_after=2025-02-25 20:00:00+00:00
[2025-02-25T23:47:04.948+0000] {processor.py:208} INFO - Processing /home/airflow/.local/lib/python3.12/site-packages/airflow/example_dags/example_latest_only.py took 0.046 seconds
[2025-02-25T23:47:35.702+0000] {processor.py:186} INFO - Started process (PID=774) to work on /home/airflow/.local/lib/python3.12/site-packages/airflow/example_dags/example_latest_only.py
[2025-02-25T23:47:35.703+0000] {processor.py:914} INFO - Processing file /home/airflow/.local/lib/python3.12/site-packages/airflow/example_dags/example_latest_only.py for tasks to queue
[2025-02-25T23:47:35.704+0000] {logging_mixin.py:190} INFO - [2025-02-25T23:47:35.704+0000] {dagbag.py:588} INFO - Filling up the DagBag from /home/airflow/.local/lib/python3.12/site-packages/airflow/example_dags/example_latest_only.py
[2025-02-25T23:47:35.708+0000] {processor.py:925} INFO - DAG(s) 'latest_only' retrieved from /home/airflow/.local/lib/python3.12/site-packages/airflow/example_dags/example_latest_only.py
[2025-02-25T23:47:35.718+0000] {logging_mixin.py:190} INFO - [2025-02-25T23:47:35.718+0000] {dag.py:3239} INFO - Sync 1 DAGs
[2025-02-25T23:47:35.730+0000] {logging_mixin.py:190} INFO - [2025-02-25T23:47:35.730+0000] {dag.py:4180} INFO - Setting next_dagrun for latest_only to 2025-02-25 16:00:00+00:00, run_after=2025-02-25 20:00:00+00:00
[2025-02-25T23:47:35.741+0000] {processor.py:208} INFO - Processing /home/airflow/.local/lib/python3.12/site-packages/airflow/example_dags/example_latest_only.py took 0.042 seconds
[2025-02-25T23:48:06.623+0000] {processor.py:186} INFO - Started process (PID=837) to work on /home/airflow/.local/lib/python3.12/site-packages/airflow/example_dags/example_latest_only.py
[2025-02-25T23:48:06.624+0000] {processor.py:914} INFO - Processing file /home/airflow/.local/lib/python3.12/site-packages/airflow/example_dags/example_latest_only.py for tasks to queue
[2025-02-25T23:48:06.625+0000] {logging_mixin.py:190} INFO - [2025-02-25T23:48:06.625+0000] {dagbag.py:588} INFO - Filling up the DagBag from /home/airflow/.local/lib/python3.12/site-packages/airflow/example_dags/example_latest_only.py
[2025-02-25T23:48:06.629+0000] {processor.py:925} INFO - DAG(s) 'latest_only' retrieved from /home/airflow/.local/lib/python3.12/site-packages/airflow/example_dags/example_latest_only.py
[2025-02-25T23:48:06.642+0000] {logging_mixin.py:190} INFO - [2025-02-25T23:48:06.642+0000] {dag.py:3239} INFO - Sync 1 DAGs
[2025-02-25T23:48:06.656+0000] {logging_mixin.py:190} INFO - [2025-02-25T23:48:06.656+0000] {dag.py:4180} INFO - Setting next_dagrun for latest_only to 2025-02-25 16:00:00+00:00, run_after=2025-02-25 20:00:00+00:00
[2025-02-25T23:48:06.669+0000] {processor.py:208} INFO - Processing /home/airflow/.local/lib/python3.12/site-packages/airflow/example_dags/example_latest_only.py took 0.050 seconds
[2025-02-25T23:48:37.413+0000] {processor.py:186} INFO - Started process (PID=894) to work on /home/airflow/.local/lib/python3.12/site-packages/airflow/example_dags/example_latest_only.py
[2025-02-25T23:48:37.414+0000] {processor.py:914} INFO - Processing file /home/airflow/.local/lib/python3.12/site-packages/airflow/example_dags/example_latest_only.py for tasks to queue
[2025-02-25T23:48:37.415+0000] {logging_mixin.py:190} INFO - [2025-02-25T23:48:37.415+0000] {dagbag.py:588} INFO - Filling up the DagBag from /home/airflow/.local/lib/python3.12/site-packages/airflow/example_dags/example_latest_only.py
[2025-02-25T23:48:37.419+0000] {processor.py:925} INFO - DAG(s) 'latest_only' retrieved from /home/airflow/.local/lib/python3.12/site-packages/airflow/example_dags/example_latest_only.py
[2025-02-25T23:48:37.432+0000] {logging_mixin.py:190} INFO - [2025-02-25T23:48:37.431+0000] {dag.py:3239} INFO - Sync 1 DAGs
[2025-02-25T23:48:37.445+0000] {logging_mixin.py:190} INFO - [2025-02-25T23:48:37.445+0000] {dag.py:4180} INFO - Setting next_dagrun for latest_only to 2025-02-25 16:00:00+00:00, run_after=2025-02-25 20:00:00+00:00
[2025-02-25T23:48:37.456+0000] {processor.py:208} INFO - Processing /home/airflow/.local/lib/python3.12/site-packages/airflow/example_dags/example_latest_only.py took 0.047 seconds
[2025-02-25T23:49:07.491+0000] {processor.py:186} INFO - Started process (PID=956) to work on /home/airflow/.local/lib/python3.12/site-packages/airflow/example_dags/example_latest_only.py
[2025-02-25T23:49:07.492+0000] {processor.py:914} INFO - Processing file /home/airflow/.local/lib/python3.12/site-packages/airflow/example_dags/example_latest_only.py for tasks to queue
[2025-02-25T23:49:07.493+0000] {logging_mixin.py:190} INFO - [2025-02-25T23:49:07.493+0000] {dagbag.py:588} INFO - Filling up the DagBag from /home/airflow/.local/lib/python3.12/site-packages/airflow/example_dags/example_latest_only.py
[2025-02-25T23:49:07.498+0000] {processor.py:925} INFO - DAG(s) 'latest_only' retrieved from /home/airflow/.local/lib/python3.12/site-packages/airflow/example_dags/example_latest_only.py
[2025-02-25T23:49:07.508+0000] {logging_mixin.py:190} INFO - [2025-02-25T23:49:07.508+0000] {dag.py:3239} INFO - Sync 1 DAGs
[2025-02-25T23:49:07.521+0000] {logging_mixin.py:190} INFO - [2025-02-25T23:49:07.521+0000] {dag.py:4180} INFO - Setting next_dagrun for latest_only to 2025-02-25 16:00:00+00:00, run_after=2025-02-25 20:00:00+00:00
[2025-02-25T23:49:07.532+0000] {processor.py:208} INFO - Processing /home/airflow/.local/lib/python3.12/site-packages/airflow/example_dags/example_latest_only.py took 0.044 seconds
[2025-02-25T23:49:37.981+0000] {processor.py:186} INFO - Started process (PID=1019) to work on /home/airflow/.local/lib/python3.12/site-packages/airflow/example_dags/example_latest_only.py
[2025-02-25T23:49:37.981+0000] {processor.py:914} INFO - Processing file /home/airflow/.local/lib/python3.12/site-packages/airflow/example_dags/example_latest_only.py for tasks to queue
[2025-02-25T23:49:37.983+0000] {logging_mixin.py:190} INFO - [2025-02-25T23:49:37.983+0000] {dagbag.py:588} INFO - Filling up the DagBag from /home/airflow/.local/lib/python3.12/site-packages/airflow/example_dags/example_latest_only.py
[2025-02-25T23:49:37.987+0000] {processor.py:925} INFO - DAG(s) 'latest_only' retrieved from /home/airflow/.local/lib/python3.12/site-packages/airflow/example_dags/example_latest_only.py
[2025-02-25T23:49:38.000+0000] {logging_mixin.py:190} INFO - [2025-02-25T23:49:38.000+0000] {dag.py:3239} INFO - Sync 1 DAGs
[2025-02-25T23:49:38.013+0000] {logging_mixin.py:190} INFO - [2025-02-25T23:49:38.013+0000] {dag.py:4180} INFO - Setting next_dagrun for latest_only to 2025-02-25 16:00:00+00:00, run_after=2025-02-25 20:00:00+00:00
[2025-02-25T23:49:38.023+0000] {processor.py:208} INFO - Processing /home/airflow/.local/lib/python3.12/site-packages/airflow/example_dags/example_latest_only.py took 0.046 seconds
[2025-02-25T23:50:08.546+0000] {processor.py:186} INFO - Started process (PID=1082) to work on /home/airflow/.local/lib/python3.12/site-packages/airflow/example_dags/example_latest_only.py
[2025-02-25T23:50:08.547+0000] {processor.py:914} INFO - Processing file /home/airflow/.local/lib/python3.12/site-packages/airflow/example_dags/example_latest_only.py for tasks to queue
[2025-02-25T23:50:08.548+0000] {logging_mixin.py:190} INFO - [2025-02-25T23:50:08.548+0000] {dagbag.py:588} INFO - Filling up the DagBag from /home/airflow/.local/lib/python3.12/site-packages/airflow/example_dags/example_latest_only.py
[2025-02-25T23:50:08.552+0000] {processor.py:925} INFO - DAG(s) 'latest_only' retrieved from /home/airflow/.local/lib/python3.12/site-packages/airflow/example_dags/example_latest_only.py
[2025-02-25T23:50:08.563+0000] {logging_mixin.py:190} INFO - [2025-02-25T23:50:08.563+0000] {dag.py:3239} INFO - Sync 1 DAGs
[2025-02-25T23:50:08.576+0000] {logging_mixin.py:190} INFO - [2025-02-25T23:50:08.576+0000] {dag.py:4180} INFO - Setting next_dagrun for latest_only to 2025-02-25 16:00:00+00:00, run_after=2025-02-25 20:00:00+00:00
[2025-02-25T23:50:08.585+0000] {processor.py:208} INFO - Processing /home/airflow/.local/lib/python3.12/site-packages/airflow/example_dags/example_latest_only.py took 0.043 seconds
[2025-02-25T23:50:39.019+0000] {processor.py:186} INFO - Started process (PID=1145) to work on /home/airflow/.local/lib/python3.12/site-packages/airflow/example_dags/example_latest_only.py
[2025-02-25T23:50:39.019+0000] {processor.py:914} INFO - Processing file /home/airflow/.local/lib/python3.12/site-packages/airflow/example_dags/example_latest_only.py for tasks to queue
[2025-02-25T23:50:39.021+0000] {logging_mixin.py:190} INFO - [2025-02-25T23:50:39.021+0000] {dagbag.py:588} INFO - Filling up the DagBag from /home/airflow/.local/lib/python3.12/site-packages/airflow/example_dags/example_latest_only.py
[2025-02-25T23:50:39.025+0000] {processor.py:925} INFO - DAG(s) 'latest_only' retrieved from /home/airflow/.local/lib/python3.12/site-packages/airflow/example_dags/example_latest_only.py
[2025-02-25T23:50:39.036+0000] {logging_mixin.py:190} INFO - [2025-02-25T23:50:39.036+0000] {dag.py:3239} INFO - Sync 1 DAGs
[2025-02-25T23:50:39.049+0000] {logging_mixin.py:190} INFO - [2025-02-25T23:50:39.049+0000] {dag.py:4180} INFO - Setting next_dagrun for latest_only to 2025-02-25 16:00:00+00:00, run_after=2025-02-25 20:00:00+00:00
[2025-02-25T23:50:39.059+0000] {processor.py:208} INFO - Processing /home/airflow/.local/lib/python3.12/site-packages/airflow/example_dags/example_latest_only.py took 0.044 seconds
[2025-02-25T23:51:11.629+0000] {processor.py:186} INFO - Started process (PID=1209) to work on /home/airflow/.local/lib/python3.12/site-packages/airflow/example_dags/example_latest_only.py
[2025-02-25T23:51:11.630+0000] {processor.py:914} INFO - Processing file /home/airflow/.local/lib/python3.12/site-packages/airflow/example_dags/example_latest_only.py for tasks to queue
[2025-02-25T23:51:11.631+0000] {logging_mixin.py:190} INFO - [2025-02-25T23:51:11.631+0000] {dagbag.py:588} INFO - Filling up the DagBag from /home/airflow/.local/lib/python3.12/site-packages/airflow/example_dags/example_latest_only.py
[2025-02-25T23:51:11.635+0000] {processor.py:925} INFO - DAG(s) 'latest_only' retrieved from /home/airflow/.local/lib/python3.12/site-packages/airflow/example_dags/example_latest_only.py
[2025-02-25T23:51:11.646+0000] {logging_mixin.py:190} INFO - [2025-02-25T23:51:11.646+0000] {dag.py:3239} INFO - Sync 1 DAGs
[2025-02-25T23:51:11.660+0000] {logging_mixin.py:190} INFO - [2025-02-25T23:51:11.660+0000] {dag.py:4180} INFO - Setting next_dagrun for latest_only to 2025-02-25 16:00:00+00:00, run_after=2025-02-25 20:00:00+00:00
[2025-02-25T23:51:11.672+0000] {processor.py:208} INFO - Processing /home/airflow/.local/lib/python3.12/site-packages/airflow/example_dags/example_latest_only.py took 0.046 seconds
[2025-02-25T23:51:42.227+0000] {processor.py:186} INFO - Started process (PID=1272) to work on /home/airflow/.local/lib/python3.12/site-packages/airflow/example_dags/example_latest_only.py
[2025-02-25T23:51:42.227+0000] {processor.py:914} INFO - Processing file /home/airflow/.local/lib/python3.12/site-packages/airflow/example_dags/example_latest_only.py for tasks to queue
[2025-02-25T23:51:42.229+0000] {logging_mixin.py:190} INFO - [2025-02-25T23:51:42.229+0000] {dagbag.py:588} INFO - Filling up the DagBag from /home/airflow/.local/lib/python3.12/site-packages/airflow/example_dags/example_latest_only.py
[2025-02-25T23:51:42.233+0000] {processor.py:925} INFO - DAG(s) 'latest_only' retrieved from /home/airflow/.local/lib/python3.12/site-packages/airflow/example_dags/example_latest_only.py
[2025-02-25T23:51:42.245+0000] {logging_mixin.py:190} INFO - [2025-02-25T23:51:42.245+0000] {dag.py:3239} INFO - Sync 1 DAGs
[2025-02-25T23:51:42.258+0000] {logging_mixin.py:190} INFO - [2025-02-25T23:51:42.258+0000] {dag.py:4180} INFO - Setting next_dagrun for latest_only to 2025-02-25 16:00:00+00:00, run_after=2025-02-25 20:00:00+00:00
[2025-02-25T23:51:42.268+0000] {processor.py:208} INFO - Processing /home/airflow/.local/lib/python3.12/site-packages/airflow/example_dags/example_latest_only.py took 0.045 seconds
[2025-02-25T23:52:13.223+0000] {processor.py:186} INFO - Started process (PID=1335) to work on /home/airflow/.local/lib/python3.12/site-packages/airflow/example_dags/example_latest_only.py
[2025-02-25T23:52:13.224+0000] {processor.py:914} INFO - Processing file /home/airflow/.local/lib/python3.12/site-packages/airflow/example_dags/example_latest_only.py for tasks to queue
[2025-02-25T23:52:13.225+0000] {logging_mixin.py:190} INFO - [2025-02-25T23:52:13.225+0000] {dagbag.py:588} INFO - Filling up the DagBag from /home/airflow/.local/lib/python3.12/site-packages/airflow/example_dags/example_latest_only.py
[2025-02-25T23:52:13.229+0000] {processor.py:925} INFO - DAG(s) 'latest_only' retrieved from /home/airflow/.local/lib/python3.12/site-packages/airflow/example_dags/example_latest_only.py
[2025-02-25T23:52:13.240+0000] {logging_mixin.py:190} INFO - [2025-02-25T23:52:13.240+0000] {dag.py:3239} INFO - Sync 1 DAGs
[2025-02-25T23:52:13.253+0000] {logging_mixin.py:190} INFO - [2025-02-25T23:52:13.253+0000] {dag.py:4180} INFO - Setting next_dagrun for latest_only to 2025-02-25 16:00:00+00:00, run_after=2025-02-25 20:00:00+00:00
[2025-02-25T23:52:13.264+0000] {processor.py:208} INFO - Processing /home/airflow/.local/lib/python3.12/site-packages/airflow/example_dags/example_latest_only.py took 0.044 seconds
[2025-02-25T23:52:44.159+0000] {processor.py:186} INFO - Started process (PID=1397) to work on /home/airflow/.local/lib/python3.12/site-packages/airflow/example_dags/example_latest_only.py
[2025-02-25T23:52:44.160+0000] {processor.py:914} INFO - Processing file /home/airflow/.local/lib/python3.12/site-packages/airflow/example_dags/example_latest_only.py for tasks to queue
[2025-02-25T23:52:44.161+0000] {logging_mixin.py:190} INFO - [2025-02-25T23:52:44.161+0000] {dagbag.py:588} INFO - Filling up the DagBag from /home/airflow/.local/lib/python3.12/site-packages/airflow/example_dags/example_latest_only.py
[2025-02-25T23:52:44.165+0000] {processor.py:925} INFO - DAG(s) 'latest_only' retrieved from /home/airflow/.local/lib/python3.12/site-packages/airflow/example_dags/example_latest_only.py
[2025-02-25T23:52:44.176+0000] {logging_mixin.py:190} INFO - [2025-02-25T23:52:44.176+0000] {dag.py:3239} INFO - Sync 1 DAGs
[2025-02-25T23:52:44.188+0000] {logging_mixin.py:190} INFO - [2025-02-25T23:52:44.188+0000] {dag.py:4180} INFO - Setting next_dagrun for latest_only to 2025-02-25 16:00:00+00:00, run_after=2025-02-25 20:00:00+00:00
[2025-02-25T23:52:44.198+0000] {processor.py:208} INFO - Processing /home/airflow/.local/lib/python3.12/site-packages/airflow/example_dags/example_latest_only.py took 0.042 seconds
[2025-02-25T23:53:15.184+0000] {processor.py:186} INFO - Started process (PID=1461) to work on /home/airflow/.local/lib/python3.12/site-packages/airflow/example_dags/example_latest_only.py
[2025-02-25T23:53:15.185+0000] {processor.py:914} INFO - Processing file /home/airflow/.local/lib/python3.12/site-packages/airflow/example_dags/example_latest_only.py for tasks to queue
[2025-02-25T23:53:15.186+0000] {logging_mixin.py:190} INFO - [2025-02-25T23:53:15.186+0000] {dagbag.py:588} INFO - Filling up the DagBag from /home/airflow/.local/lib/python3.12/site-packages/airflow/example_dags/example_latest_only.py
[2025-02-25T23:53:15.190+0000] {processor.py:925} INFO - DAG(s) 'latest_only' retrieved from /home/airflow/.local/lib/python3.12/site-packages/airflow/example_dags/example_latest_only.py
[2025-02-25T23:53:15.201+0000] {logging_mixin.py:190} INFO - [2025-02-25T23:53:15.201+0000] {dag.py:3239} INFO - Sync 1 DAGs
[2025-02-25T23:53:15.214+0000] {logging_mixin.py:190} INFO - [2025-02-25T23:53:15.214+0000] {dag.py:4180} INFO - Setting next_dagrun for latest_only to 2025-02-25 16:00:00+00:00, run_after=2025-02-25 20:00:00+00:00
[2025-02-25T23:53:15.224+0000] {processor.py:208} INFO - Processing /home/airflow/.local/lib/python3.12/site-packages/airflow/example_dags/example_latest_only.py took 0.044 seconds
[2025-02-25T23:53:46.059+0000] {processor.py:186} INFO - Started process (PID=1524) to work on /home/airflow/.local/lib/python3.12/site-packages/airflow/example_dags/example_latest_only.py
[2025-02-25T23:53:46.060+0000] {processor.py:914} INFO - Processing file /home/airflow/.local/lib/python3.12/site-packages/airflow/example_dags/example_latest_only.py for tasks to queue
[2025-02-25T23:53:46.061+0000] {logging_mixin.py:190} INFO - [2025-02-25T23:53:46.061+0000] {dagbag.py:588} INFO - Filling up the DagBag from /home/airflow/.local/lib/python3.12/site-packages/airflow/example_dags/example_latest_only.py
[2025-02-25T23:53:46.065+0000] {processor.py:925} INFO - DAG(s) 'latest_only' retrieved from /home/airflow/.local/lib/python3.12/site-packages/airflow/example_dags/example_latest_only.py
[2025-02-25T23:53:46.076+0000] {logging_mixin.py:190} INFO - [2025-02-25T23:53:46.076+0000] {dag.py:3239} INFO - Sync 1 DAGs
[2025-02-25T23:53:46.089+0000] {logging_mixin.py:190} INFO - [2025-02-25T23:53:46.089+0000] {dag.py:4180} INFO - Setting next_dagrun for latest_only to 2025-02-25 16:00:00+00:00, run_after=2025-02-25 20:00:00+00:00
[2025-02-25T23:53:46.099+0000] {processor.py:208} INFO - Processing /home/airflow/.local/lib/python3.12/site-packages/airflow/example_dags/example_latest_only.py took 0.043 seconds
[2025-02-25T23:54:16.994+0000] {processor.py:186} INFO - Started process (PID=1587) to work on /home/airflow/.local/lib/python3.12/site-packages/airflow/example_dags/example_latest_only.py
[2025-02-25T23:54:16.994+0000] {processor.py:914} INFO - Processing file /home/airflow/.local/lib/python3.12/site-packages/airflow/example_dags/example_latest_only.py for tasks to queue
[2025-02-25T23:54:16.996+0000] {logging_mixin.py:190} INFO - [2025-02-25T23:54:16.995+0000] {dagbag.py:588} INFO - Filling up the DagBag from /home/airflow/.local/lib/python3.12/site-packages/airflow/example_dags/example_latest_only.py
[2025-02-25T23:54:17.000+0000] {processor.py:925} INFO - DAG(s) 'latest_only' retrieved from /home/airflow/.local/lib/python3.12/site-packages/airflow/example_dags/example_latest_only.py
[2025-02-25T23:54:17.011+0000] {logging_mixin.py:190} INFO - [2025-02-25T23:54:17.011+0000] {dag.py:3239} INFO - Sync 1 DAGs
[2025-02-25T23:54:17.026+0000] {logging_mixin.py:190} INFO - [2025-02-25T23:54:17.025+0000] {dag.py:4180} INFO - Setting next_dagrun for latest_only to 2025-02-25 16:00:00+00:00, run_after=2025-02-25 20:00:00+00:00
[2025-02-25T23:54:17.036+0000] {processor.py:208} INFO - Processing /home/airflow/.local/lib/python3.12/site-packages/airflow/example_dags/example_latest_only.py took 0.046 seconds
[2025-02-25T23:54:48.069+0000] {processor.py:186} INFO - Started process (PID=1650) to work on /home/airflow/.local/lib/python3.12/site-packages/airflow/example_dags/example_latest_only.py
[2025-02-25T23:54:48.070+0000] {processor.py:914} INFO - Processing file /home/airflow/.local/lib/python3.12/site-packages/airflow/example_dags/example_latest_only.py for tasks to queue
[2025-02-25T23:54:48.072+0000] {logging_mixin.py:190} INFO - [2025-02-25T23:54:48.071+0000] {dagbag.py:588} INFO - Filling up the DagBag from /home/airflow/.local/lib/python3.12/site-packages/airflow/example_dags/example_latest_only.py
[2025-02-25T23:54:48.076+0000] {processor.py:925} INFO - DAG(s) 'latest_only' retrieved from /home/airflow/.local/lib/python3.12/site-packages/airflow/example_dags/example_latest_only.py
[2025-02-25T23:54:48.088+0000] {logging_mixin.py:190} INFO - [2025-02-25T23:54:48.088+0000] {dag.py:3239} INFO - Sync 1 DAGs
[2025-02-25T23:54:48.101+0000] {logging_mixin.py:190} INFO - [2025-02-25T23:54:48.101+0000] {dag.py:4180} INFO - Setting next_dagrun for latest_only to 2025-02-25 16:00:00+00:00, run_after=2025-02-25 20:00:00+00:00
[2025-02-25T23:54:48.111+0000] {processor.py:208} INFO - Processing /home/airflow/.local/lib/python3.12/site-packages/airflow/example_dags/example_latest_only.py took 0.045 seconds
[2025-02-25T23:55:18.367+0000] {processor.py:186} INFO - Started process (PID=1713) to work on /home/airflow/.local/lib/python3.12/site-packages/airflow/example_dags/example_latest_only.py
[2025-02-25T23:55:18.368+0000] {processor.py:914} INFO - Processing file /home/airflow/.local/lib/python3.12/site-packages/airflow/example_dags/example_latest_only.py for tasks to queue
[2025-02-25T23:55:18.369+0000] {logging_mixin.py:190} INFO - [2025-02-25T23:55:18.369+0000] {dagbag.py:588} INFO - Filling up the DagBag from /home/airflow/.local/lib/python3.12/site-packages/airflow/example_dags/example_latest_only.py
[2025-02-25T23:55:18.373+0000] {processor.py:925} INFO - DAG(s) 'latest_only' retrieved from /home/airflow/.local/lib/python3.12/site-packages/airflow/example_dags/example_latest_only.py
[2025-02-25T23:55:18.384+0000] {logging_mixin.py:190} INFO - [2025-02-25T23:55:18.384+0000] {dag.py:3239} INFO - Sync 1 DAGs
[2025-02-25T23:55:18.397+0000] {logging_mixin.py:190} INFO - [2025-02-25T23:55:18.397+0000] {dag.py:4180} INFO - Setting next_dagrun for latest_only to 2025-02-25 16:00:00+00:00, run_after=2025-02-25 20:00:00+00:00
[2025-02-25T23:55:18.408+0000] {processor.py:208} INFO - Processing /home/airflow/.local/lib/python3.12/site-packages/airflow/example_dags/example_latest_only.py took 0.044 seconds
[2025-02-25T23:55:52.200+0000] {processor.py:186} INFO - Started process (PID=1776) to work on /home/airflow/.local/lib/python3.12/site-packages/airflow/example_dags/example_latest_only.py
[2025-02-25T23:55:52.201+0000] {processor.py:914} INFO - Processing file /home/airflow/.local/lib/python3.12/site-packages/airflow/example_dags/example_latest_only.py for tasks to queue
[2025-02-25T23:55:52.203+0000] {logging_mixin.py:190} INFO - [2025-02-25T23:55:52.203+0000] {dagbag.py:588} INFO - Filling up the DagBag from /home/airflow/.local/lib/python3.12/site-packages/airflow/example_dags/example_latest_only.py
[2025-02-25T23:55:52.208+0000] {processor.py:925} INFO - DAG(s) 'latest_only' retrieved from /home/airflow/.local/lib/python3.12/site-packages/airflow/example_dags/example_latest_only.py
[2025-02-25T23:55:52.221+0000] {logging_mixin.py:190} INFO - [2025-02-25T23:55:52.221+0000] {dag.py:3239} INFO - Sync 1 DAGs
[2025-02-25T23:55:52.234+0000] {logging_mixin.py:190} INFO - [2025-02-25T23:55:52.234+0000] {dag.py:4180} INFO - Setting next_dagrun for latest_only to 2025-02-25 16:00:00+00:00, run_after=2025-02-25 20:00:00+00:00
[2025-02-25T23:55:52.245+0000] {processor.py:208} INFO - Processing /home/airflow/.local/lib/python3.12/site-packages/airflow/example_dags/example_latest_only.py took 0.048 seconds
[2025-02-25T23:56:23.096+0000] {processor.py:186} INFO - Started process (PID=1839) to work on /home/airflow/.local/lib/python3.12/site-packages/airflow/example_dags/example_latest_only.py
[2025-02-25T23:56:23.097+0000] {processor.py:914} INFO - Processing file /home/airflow/.local/lib/python3.12/site-packages/airflow/example_dags/example_latest_only.py for tasks to queue
[2025-02-25T23:56:23.098+0000] {logging_mixin.py:190} INFO - [2025-02-25T23:56:23.098+0000] {dagbag.py:588} INFO - Filling up the DagBag from /home/airflow/.local/lib/python3.12/site-packages/airflow/example_dags/example_latest_only.py
[2025-02-25T23:56:23.102+0000] {processor.py:925} INFO - DAG(s) 'latest_only' retrieved from /home/airflow/.local/lib/python3.12/site-packages/airflow/example_dags/example_latest_only.py
[2025-02-25T23:56:23.113+0000] {logging_mixin.py:190} INFO - [2025-02-25T23:56:23.113+0000] {dag.py:3239} INFO - Sync 1 DAGs
[2025-02-25T23:56:23.126+0000] {logging_mixin.py:190} INFO - [2025-02-25T23:56:23.126+0000] {dag.py:4180} INFO - Setting next_dagrun for latest_only to 2025-02-25 16:00:00+00:00, run_after=2025-02-25 20:00:00+00:00
[2025-02-25T23:56:23.136+0000] {processor.py:208} INFO - Processing /home/airflow/.local/lib/python3.12/site-packages/airflow/example_dags/example_latest_only.py took 0.043 seconds
[2025-02-25T23:56:53.343+0000] {processor.py:186} INFO - Started process (PID=1902) to work on /home/airflow/.local/lib/python3.12/site-packages/airflow/example_dags/example_latest_only.py
[2025-02-25T23:56:53.344+0000] {processor.py:914} INFO - Processing file /home/airflow/.local/lib/python3.12/site-packages/airflow/example_dags/example_latest_only.py for tasks to queue
[2025-02-25T23:56:53.346+0000] {logging_mixin.py:190} INFO - [2025-02-25T23:56:53.345+0000] {dagbag.py:588} INFO - Filling up the DagBag from /home/airflow/.local/lib/python3.12/site-packages/airflow/example_dags/example_latest_only.py
[2025-02-25T23:56:53.350+0000] {processor.py:925} INFO - DAG(s) 'latest_only' retrieved from /home/airflow/.local/lib/python3.12/site-packages/airflow/example_dags/example_latest_only.py
[2025-02-25T23:56:53.361+0000] {logging_mixin.py:190} INFO - [2025-02-25T23:56:53.360+0000] {dag.py:3239} INFO - Sync 1 DAGs
[2025-02-25T23:56:53.373+0000] {logging_mixin.py:190} INFO - [2025-02-25T23:56:53.373+0000] {dag.py:4180} INFO - Setting next_dagrun for latest_only to 2025-02-25 16:00:00+00:00, run_after=2025-02-25 20:00:00+00:00
[2025-02-25T23:56:53.384+0000] {processor.py:208} INFO - Processing /home/airflow/.local/lib/python3.12/site-packages/airflow/example_dags/example_latest_only.py took 0.044 seconds
[2025-02-25T23:57:24.141+0000] {processor.py:186} INFO - Started process (PID=1959) to work on /home/airflow/.local/lib/python3.12/site-packages/airflow/example_dags/example_latest_only.py
[2025-02-25T23:57:24.142+0000] {processor.py:914} INFO - Processing file /home/airflow/.local/lib/python3.12/site-packages/airflow/example_dags/example_latest_only.py for tasks to queue
[2025-02-25T23:57:24.143+0000] {logging_mixin.py:190} INFO - [2025-02-25T23:57:24.143+0000] {dagbag.py:588} INFO - Filling up the DagBag from /home/airflow/.local/lib/python3.12/site-packages/airflow/example_dags/example_latest_only.py
[2025-02-25T23:57:24.147+0000] {processor.py:925} INFO - DAG(s) 'latest_only' retrieved from /home/airflow/.local/lib/python3.12/site-packages/airflow/example_dags/example_latest_only.py
[2025-02-25T23:57:24.158+0000] {logging_mixin.py:190} INFO - [2025-02-25T23:57:24.158+0000] {dag.py:3239} INFO - Sync 1 DAGs
[2025-02-25T23:57:24.170+0000] {logging_mixin.py:190} INFO - [2025-02-25T23:57:24.170+0000] {dag.py:4180} INFO - Setting next_dagrun for latest_only to 2025-02-25 16:00:00+00:00, run_after=2025-02-25 20:00:00+00:00
[2025-02-25T23:57:24.181+0000] {processor.py:208} INFO - Processing /home/airflow/.local/lib/python3.12/site-packages/airflow/example_dags/example_latest_only.py took 0.043 seconds
[2025-02-25T23:57:55.861+0000] {processor.py:186} INFO - Started process (PID=2022) to work on /home/airflow/.local/lib/python3.12/site-packages/airflow/example_dags/example_latest_only.py
[2025-02-25T23:57:55.862+0000] {processor.py:914} INFO - Processing file /home/airflow/.local/lib/python3.12/site-packages/airflow/example_dags/example_latest_only.py for tasks to queue
[2025-02-25T23:57:55.864+0000] {logging_mixin.py:190} INFO - [2025-02-25T23:57:55.864+0000] {dagbag.py:588} INFO - Filling up the DagBag from /home/airflow/.local/lib/python3.12/site-packages/airflow/example_dags/example_latest_only.py
[2025-02-25T23:57:55.868+0000] {processor.py:925} INFO - DAG(s) 'latest_only' retrieved from /home/airflow/.local/lib/python3.12/site-packages/airflow/example_dags/example_latest_only.py
[2025-02-25T23:57:55.879+0000] {logging_mixin.py:190} INFO - [2025-02-25T23:57:55.878+0000] {dag.py:3239} INFO - Sync 1 DAGs
[2025-02-25T23:57:55.891+0000] {logging_mixin.py:190} INFO - [2025-02-25T23:57:55.891+0000] {dag.py:4180} INFO - Setting next_dagrun for latest_only to 2025-02-25 16:00:00+00:00, run_after=2025-02-25 20:00:00+00:00
[2025-02-25T23:57:55.902+0000] {processor.py:208} INFO - Processing /home/airflow/.local/lib/python3.12/site-packages/airflow/example_dags/example_latest_only.py took 0.044 seconds
[2025-02-25T23:58:29.622+0000] {processor.py:186} INFO - Started process (PID=2085) to work on /home/airflow/.local/lib/python3.12/site-packages/airflow/example_dags/example_latest_only.py
[2025-02-25T23:58:29.623+0000] {processor.py:914} INFO - Processing file /home/airflow/.local/lib/python3.12/site-packages/airflow/example_dags/example_latest_only.py for tasks to queue
[2025-02-25T23:58:29.624+0000] {logging_mixin.py:190} INFO - [2025-02-25T23:58:29.624+0000] {dagbag.py:588} INFO - Filling up the DagBag from /home/airflow/.local/lib/python3.12/site-packages/airflow/example_dags/example_latest_only.py
[2025-02-25T23:58:29.628+0000] {processor.py:925} INFO - DAG(s) 'latest_only' retrieved from /home/airflow/.local/lib/python3.12/site-packages/airflow/example_dags/example_latest_only.py
[2025-02-25T23:58:29.640+0000] {logging_mixin.py:190} INFO - [2025-02-25T23:58:29.640+0000] {dag.py:3239} INFO - Sync 1 DAGs
[2025-02-25T23:58:29.653+0000] {logging_mixin.py:190} INFO - [2025-02-25T23:58:29.653+0000] {dag.py:4180} INFO - Setting next_dagrun for latest_only to 2025-02-25 16:00:00+00:00, run_after=2025-02-25 20:00:00+00:00
[2025-02-25T23:58:29.663+0000] {processor.py:208} INFO - Processing /home/airflow/.local/lib/python3.12/site-packages/airflow/example_dags/example_latest_only.py took 0.044 seconds
[2025-02-25T23:59:00.395+0000] {processor.py:186} INFO - Started process (PID=2148) to work on /home/airflow/.local/lib/python3.12/site-packages/airflow/example_dags/example_latest_only.py
[2025-02-25T23:59:00.396+0000] {processor.py:914} INFO - Processing file /home/airflow/.local/lib/python3.12/site-packages/airflow/example_dags/example_latest_only.py for tasks to queue
[2025-02-25T23:59:00.397+0000] {logging_mixin.py:190} INFO - [2025-02-25T23:59:00.397+0000] {dagbag.py:588} INFO - Filling up the DagBag from /home/airflow/.local/lib/python3.12/site-packages/airflow/example_dags/example_latest_only.py
[2025-02-25T23:59:00.401+0000] {processor.py:925} INFO - DAG(s) 'latest_only' retrieved from /home/airflow/.local/lib/python3.12/site-packages/airflow/example_dags/example_latest_only.py
[2025-02-25T23:59:00.412+0000] {logging_mixin.py:190} INFO - [2025-02-25T23:59:00.412+0000] {dag.py:3239} INFO - Sync 1 DAGs
[2025-02-25T23:59:00.425+0000] {logging_mixin.py:190} INFO - [2025-02-25T23:59:00.425+0000] {dag.py:4180} INFO - Setting next_dagrun for latest_only to 2025-02-25 16:00:00+00:00, run_after=2025-02-25 20:00:00+00:00
[2025-02-25T23:59:00.435+0000] {processor.py:208} INFO - Processing /home/airflow/.local/lib/python3.12/site-packages/airflow/example_dags/example_latest_only.py took 0.043 seconds
[2025-02-25T23:59:31.153+0000] {processor.py:186} INFO - Started process (PID=2211) to work on /home/airflow/.local/lib/python3.12/site-packages/airflow/example_dags/example_latest_only.py
[2025-02-25T23:59:31.154+0000] {processor.py:914} INFO - Processing file /home/airflow/.local/lib/python3.12/site-packages/airflow/example_dags/example_latest_only.py for tasks to queue
[2025-02-25T23:59:31.155+0000] {logging_mixin.py:190} INFO - [2025-02-25T23:59:31.155+0000] {dagbag.py:588} INFO - Filling up the DagBag from /home/airflow/.local/lib/python3.12/site-packages/airflow/example_dags/example_latest_only.py
[2025-02-25T23:59:31.159+0000] {processor.py:925} INFO - DAG(s) 'latest_only' retrieved from /home/airflow/.local/lib/python3.12/site-packages/airflow/example_dags/example_latest_only.py
[2025-02-25T23:59:31.170+0000] {logging_mixin.py:190} INFO - [2025-02-25T23:59:31.170+0000] {dag.py:3239} INFO - Sync 1 DAGs
[2025-02-25T23:59:31.183+0000] {logging_mixin.py:190} INFO - [2025-02-25T23:59:31.183+0000] {dag.py:4180} INFO - Setting next_dagrun for latest_only to 2025-02-25 16:00:00+00:00, run_after=2025-02-25 20:00:00+00:00
[2025-02-25T23:59:31.193+0000] {processor.py:208} INFO - Processing /home/airflow/.local/lib/python3.12/site-packages/airflow/example_dags/example_latest_only.py took 0.043 seconds
