[2025-02-25T23:22:13.526+0000] {processor.py:186} INFO - Started process (PID=51) to work on /home/airflow/.local/lib/python3.12/site-packages/airflow/example_dags/example_python_decorator.py
[2025-02-25T23:22:13.526+0000] {processor.py:914} INFO - Processing file /home/airflow/.local/lib/python3.12/site-packages/airflow/example_dags/example_python_decorator.py for tasks to queue
[2025-02-25T23:22:13.528+0000] {logging_mixin.py:190} INFO - [2025-02-25T23:22:13.527+0000] {dagbag.py:588} INFO - Filling up the DagBag from /home/airflow/.local/lib/python3.12/site-packages/airflow/example_dags/example_python_decorator.py
[2025-02-25T23:22:13.544+0000] {processor.py:925} INFO - DAG(s) 'example_python_decorator' retrieved from /home/airflow/.local/lib/python3.12/site-packages/airflow/example_dags/example_python_decorator.py
[2025-02-25T23:22:13.636+0000] {logging_mixin.py:190} INFO - [2025-02-25T23:22:13.636+0000] {override.py:1912} INFO - Created Permission View: can edit on DAG:example_python_decorator
[2025-02-25T23:22:13.643+0000] {logging_mixin.py:190} INFO - [2025-02-25T23:22:13.643+0000] {override.py:1912} INFO - Created Permission View: can delete on DAG:example_python_decorator
[2025-02-25T23:22:13.647+0000] {logging_mixin.py:190} INFO - [2025-02-25T23:22:13.647+0000] {override.py:1912} INFO - Created Permission View: can read on DAG:example_python_decorator
[2025-02-25T23:22:13.651+0000] {logging_mixin.py:190} INFO - [2025-02-25T23:22:13.651+0000] {override.py:1912} INFO - Created Permission View: can delete on DAG Run:example_python_decorator
[2025-02-25T23:22:13.655+0000] {logging_mixin.py:190} INFO - [2025-02-25T23:22:13.654+0000] {override.py:1912} INFO - Created Permission View: can read on DAG Run:example_python_decorator
[2025-02-25T23:22:13.658+0000] {logging_mixin.py:190} INFO - [2025-02-25T23:22:13.658+0000] {override.py:1912} INFO - Created Permission View: menu access on DAG Run:example_python_decorator
[2025-02-25T23:22:13.662+0000] {logging_mixin.py:190} INFO - [2025-02-25T23:22:13.661+0000] {override.py:1912} INFO - Created Permission View: can create on DAG Run:example_python_decorator
[2025-02-25T23:22:13.662+0000] {logging_mixin.py:190} INFO - [2025-02-25T23:22:13.662+0000] {dag.py:3239} INFO - Sync 1 DAGs
[2025-02-25T23:22:13.670+0000] {logging_mixin.py:190} INFO - [2025-02-25T23:22:13.670+0000] {dag.py:3262} INFO - Creating ORM DAG for example_python_decorator
[2025-02-25T23:22:13.670+0000] {logging_mixin.py:190} INFO - [2025-02-25T23:22:13.670+0000] {dag.py:4180} INFO - Setting next_dagrun for example_python_decorator to None, run_after=None
[2025-02-25T23:22:13.681+0000] {processor.py:208} INFO - Processing /home/airflow/.local/lib/python3.12/site-packages/airflow/example_dags/example_python_decorator.py took 0.160 seconds
[2025-02-25T23:22:43.834+0000] {processor.py:186} INFO - Started process (PID=113) to work on /home/airflow/.local/lib/python3.12/site-packages/airflow/example_dags/example_python_decorator.py
[2025-02-25T23:22:43.835+0000] {processor.py:914} INFO - Processing file /home/airflow/.local/lib/python3.12/site-packages/airflow/example_dags/example_python_decorator.py for tasks to queue
[2025-02-25T23:22:43.836+0000] {logging_mixin.py:190} INFO - [2025-02-25T23:22:43.836+0000] {dagbag.py:588} INFO - Filling up the DagBag from /home/airflow/.local/lib/python3.12/site-packages/airflow/example_dags/example_python_decorator.py
[2025-02-25T23:22:43.844+0000] {processor.py:925} INFO - DAG(s) 'example_python_decorator' retrieved from /home/airflow/.local/lib/python3.12/site-packages/airflow/example_dags/example_python_decorator.py
[2025-02-25T23:22:43.857+0000] {logging_mixin.py:190} INFO - [2025-02-25T23:22:43.857+0000] {dag.py:3239} INFO - Sync 1 DAGs
[2025-02-25T23:22:43.864+0000] {logging_mixin.py:190} INFO - [2025-02-25T23:22:43.864+0000] {dag.py:4180} INFO - Setting next_dagrun for example_python_decorator to None, run_after=None
[2025-02-25T23:22:43.875+0000] {processor.py:208} INFO - Processing /home/airflow/.local/lib/python3.12/site-packages/airflow/example_dags/example_python_decorator.py took 0.044 seconds
[2025-02-25T23:23:14.658+0000] {processor.py:186} INFO - Started process (PID=176) to work on /home/airflow/.local/lib/python3.12/site-packages/airflow/example_dags/example_python_decorator.py
[2025-02-25T23:23:14.659+0000] {processor.py:914} INFO - Processing file /home/airflow/.local/lib/python3.12/site-packages/airflow/example_dags/example_python_decorator.py for tasks to queue
[2025-02-25T23:23:14.660+0000] {logging_mixin.py:190} INFO - [2025-02-25T23:23:14.660+0000] {dagbag.py:588} INFO - Filling up the DagBag from /home/airflow/.local/lib/python3.12/site-packages/airflow/example_dags/example_python_decorator.py
[2025-02-25T23:23:14.668+0000] {processor.py:925} INFO - DAG(s) 'example_python_decorator' retrieved from /home/airflow/.local/lib/python3.12/site-packages/airflow/example_dags/example_python_decorator.py
[2025-02-25T23:23:14.680+0000] {logging_mixin.py:190} INFO - [2025-02-25T23:23:14.680+0000] {dag.py:3239} INFO - Sync 1 DAGs
[2025-02-25T23:23:14.688+0000] {logging_mixin.py:190} INFO - [2025-02-25T23:23:14.688+0000] {dag.py:4180} INFO - Setting next_dagrun for example_python_decorator to None, run_after=None
[2025-02-25T23:23:14.698+0000] {processor.py:208} INFO - Processing /home/airflow/.local/lib/python3.12/site-packages/airflow/example_dags/example_python_decorator.py took 0.043 seconds
[2025-02-25T23:23:45.500+0000] {processor.py:186} INFO - Started process (PID=239) to work on /home/airflow/.local/lib/python3.12/site-packages/airflow/example_dags/example_python_decorator.py
[2025-02-25T23:23:45.504+0000] {processor.py:914} INFO - Processing file /home/airflow/.local/lib/python3.12/site-packages/airflow/example_dags/example_python_decorator.py for tasks to queue
[2025-02-25T23:23:45.505+0000] {logging_mixin.py:190} INFO - [2025-02-25T23:23:45.505+0000] {dagbag.py:588} INFO - Filling up the DagBag from /home/airflow/.local/lib/python3.12/site-packages/airflow/example_dags/example_python_decorator.py
[2025-02-25T23:23:45.513+0000] {processor.py:925} INFO - DAG(s) 'example_python_decorator' retrieved from /home/airflow/.local/lib/python3.12/site-packages/airflow/example_dags/example_python_decorator.py
[2025-02-25T23:23:45.524+0000] {logging_mixin.py:190} INFO - [2025-02-25T23:23:45.524+0000] {dag.py:3239} INFO - Sync 1 DAGs
[2025-02-25T23:23:45.531+0000] {logging_mixin.py:190} INFO - [2025-02-25T23:23:45.531+0000] {dag.py:4180} INFO - Setting next_dagrun for example_python_decorator to None, run_after=None
[2025-02-25T23:23:45.547+0000] {processor.py:208} INFO - Processing /home/airflow/.local/lib/python3.12/site-packages/airflow/example_dags/example_python_decorator.py took 0.049 seconds
[2025-02-25T23:24:16.362+0000] {processor.py:186} INFO - Started process (PID=302) to work on /home/airflow/.local/lib/python3.12/site-packages/airflow/example_dags/example_python_decorator.py
[2025-02-25T23:24:16.362+0000] {processor.py:914} INFO - Processing file /home/airflow/.local/lib/python3.12/site-packages/airflow/example_dags/example_python_decorator.py for tasks to queue
[2025-02-25T23:24:16.364+0000] {logging_mixin.py:190} INFO - [2025-02-25T23:24:16.363+0000] {dagbag.py:588} INFO - Filling up the DagBag from /home/airflow/.local/lib/python3.12/site-packages/airflow/example_dags/example_python_decorator.py
[2025-02-25T23:24:16.371+0000] {processor.py:925} INFO - DAG(s) 'example_python_decorator' retrieved from /home/airflow/.local/lib/python3.12/site-packages/airflow/example_dags/example_python_decorator.py
[2025-02-25T23:24:16.386+0000] {logging_mixin.py:190} INFO - [2025-02-25T23:24:16.386+0000] {dag.py:3239} INFO - Sync 1 DAGs
[2025-02-25T23:24:16.395+0000] {logging_mixin.py:190} INFO - [2025-02-25T23:24:16.395+0000] {dag.py:4180} INFO - Setting next_dagrun for example_python_decorator to None, run_after=None
[2025-02-25T23:24:16.406+0000] {processor.py:208} INFO - Processing /home/airflow/.local/lib/python3.12/site-packages/airflow/example_dags/example_python_decorator.py took 0.047 seconds
[2025-02-25T23:24:47.303+0000] {processor.py:186} INFO - Started process (PID=365) to work on /home/airflow/.local/lib/python3.12/site-packages/airflow/example_dags/example_python_decorator.py
[2025-02-25T23:24:47.304+0000] {processor.py:914} INFO - Processing file /home/airflow/.local/lib/python3.12/site-packages/airflow/example_dags/example_python_decorator.py for tasks to queue
[2025-02-25T23:24:47.305+0000] {logging_mixin.py:190} INFO - [2025-02-25T23:24:47.305+0000] {dagbag.py:588} INFO - Filling up the DagBag from /home/airflow/.local/lib/python3.12/site-packages/airflow/example_dags/example_python_decorator.py
[2025-02-25T23:24:47.314+0000] {processor.py:925} INFO - DAG(s) 'example_python_decorator' retrieved from /home/airflow/.local/lib/python3.12/site-packages/airflow/example_dags/example_python_decorator.py
[2025-02-25T23:24:47.326+0000] {logging_mixin.py:190} INFO - [2025-02-25T23:24:47.325+0000] {dag.py:3239} INFO - Sync 1 DAGs
[2025-02-25T23:24:47.333+0000] {logging_mixin.py:190} INFO - [2025-02-25T23:24:47.333+0000] {dag.py:4180} INFO - Setting next_dagrun for example_python_decorator to None, run_after=None
[2025-02-25T23:24:47.344+0000] {processor.py:208} INFO - Processing /home/airflow/.local/lib/python3.12/site-packages/airflow/example_dags/example_python_decorator.py took 0.044 seconds
[2025-02-25T23:25:21.047+0000] {processor.py:186} INFO - Started process (PID=429) to work on /home/airflow/.local/lib/python3.12/site-packages/airflow/example_dags/example_python_decorator.py
[2025-02-25T23:25:21.048+0000] {processor.py:914} INFO - Processing file /home/airflow/.local/lib/python3.12/site-packages/airflow/example_dags/example_python_decorator.py for tasks to queue
[2025-02-25T23:25:21.049+0000] {logging_mixin.py:190} INFO - [2025-02-25T23:25:21.049+0000] {dagbag.py:588} INFO - Filling up the DagBag from /home/airflow/.local/lib/python3.12/site-packages/airflow/example_dags/example_python_decorator.py
[2025-02-25T23:25:21.057+0000] {processor.py:925} INFO - DAG(s) 'example_python_decorator' retrieved from /home/airflow/.local/lib/python3.12/site-packages/airflow/example_dags/example_python_decorator.py
[2025-02-25T23:25:21.070+0000] {logging_mixin.py:190} INFO - [2025-02-25T23:25:21.070+0000] {dag.py:3239} INFO - Sync 1 DAGs
[2025-02-25T23:25:21.079+0000] {logging_mixin.py:190} INFO - [2025-02-25T23:25:21.078+0000] {dag.py:4180} INFO - Setting next_dagrun for example_python_decorator to None, run_after=None
[2025-02-25T23:25:21.088+0000] {processor.py:208} INFO - Processing /home/airflow/.local/lib/python3.12/site-packages/airflow/example_dags/example_python_decorator.py took 0.044 seconds
[2025-02-25T23:25:51.132+0000] {processor.py:186} INFO - Started process (PID=491) to work on /home/airflow/.local/lib/python3.12/site-packages/airflow/example_dags/example_python_decorator.py
[2025-02-25T23:25:51.132+0000] {processor.py:914} INFO - Processing file /home/airflow/.local/lib/python3.12/site-packages/airflow/example_dags/example_python_decorator.py for tasks to queue
[2025-02-25T23:25:51.134+0000] {logging_mixin.py:190} INFO - [2025-02-25T23:25:51.133+0000] {dagbag.py:588} INFO - Filling up the DagBag from /home/airflow/.local/lib/python3.12/site-packages/airflow/example_dags/example_python_decorator.py
[2025-02-25T23:25:51.142+0000] {processor.py:925} INFO - DAG(s) 'example_python_decorator' retrieved from /home/airflow/.local/lib/python3.12/site-packages/airflow/example_dags/example_python_decorator.py
[2025-02-25T23:25:51.155+0000] {logging_mixin.py:190} INFO - [2025-02-25T23:25:51.155+0000] {dag.py:3239} INFO - Sync 1 DAGs
[2025-02-25T23:25:51.163+0000] {logging_mixin.py:190} INFO - [2025-02-25T23:25:51.162+0000] {dag.py:4180} INFO - Setting next_dagrun for example_python_decorator to None, run_after=None
[2025-02-25T23:25:51.173+0000] {processor.py:208} INFO - Processing /home/airflow/.local/lib/python3.12/site-packages/airflow/example_dags/example_python_decorator.py took 0.044 seconds
[2025-02-25T23:26:22.164+0000] {processor.py:186} INFO - Started process (PID=554) to work on /home/airflow/.local/lib/python3.12/site-packages/airflow/example_dags/example_python_decorator.py
[2025-02-25T23:26:22.167+0000] {processor.py:914} INFO - Processing file /home/airflow/.local/lib/python3.12/site-packages/airflow/example_dags/example_python_decorator.py for tasks to queue
[2025-02-25T23:26:22.169+0000] {logging_mixin.py:190} INFO - [2025-02-25T23:26:22.168+0000] {dagbag.py:588} INFO - Filling up the DagBag from /home/airflow/.local/lib/python3.12/site-packages/airflow/example_dags/example_python_decorator.py
[2025-02-25T23:26:22.176+0000] {processor.py:925} INFO - DAG(s) 'example_python_decorator' retrieved from /home/airflow/.local/lib/python3.12/site-packages/airflow/example_dags/example_python_decorator.py
[2025-02-25T23:26:22.189+0000] {logging_mixin.py:190} INFO - [2025-02-25T23:26:22.189+0000] {dag.py:3239} INFO - Sync 1 DAGs
[2025-02-25T23:26:22.197+0000] {logging_mixin.py:190} INFO - [2025-02-25T23:26:22.197+0000] {dag.py:4180} INFO - Setting next_dagrun for example_python_decorator to None, run_after=None
[2025-02-25T23:26:22.213+0000] {processor.py:208} INFO - Processing /home/airflow/.local/lib/python3.12/site-packages/airflow/example_dags/example_python_decorator.py took 0.052 seconds
[2025-02-25T23:26:52.827+0000] {processor.py:186} INFO - Started process (PID=611) to work on /home/airflow/.local/lib/python3.12/site-packages/airflow/example_dags/example_python_decorator.py
[2025-02-25T23:26:52.828+0000] {processor.py:914} INFO - Processing file /home/airflow/.local/lib/python3.12/site-packages/airflow/example_dags/example_python_decorator.py for tasks to queue
[2025-02-25T23:26:52.829+0000] {logging_mixin.py:190} INFO - [2025-02-25T23:26:52.829+0000] {dagbag.py:588} INFO - Filling up the DagBag from /home/airflow/.local/lib/python3.12/site-packages/airflow/example_dags/example_python_decorator.py
[2025-02-25T23:26:52.837+0000] {processor.py:925} INFO - DAG(s) 'example_python_decorator' retrieved from /home/airflow/.local/lib/python3.12/site-packages/airflow/example_dags/example_python_decorator.py
[2025-02-25T23:26:52.850+0000] {logging_mixin.py:190} INFO - [2025-02-25T23:26:52.850+0000] {dag.py:3239} INFO - Sync 1 DAGs
[2025-02-25T23:26:52.858+0000] {logging_mixin.py:190} INFO - [2025-02-25T23:26:52.858+0000] {dag.py:4180} INFO - Setting next_dagrun for example_python_decorator to None, run_after=None
[2025-02-25T23:26:52.871+0000] {processor.py:208} INFO - Processing /home/airflow/.local/lib/python3.12/site-packages/airflow/example_dags/example_python_decorator.py took 0.047 seconds
[2025-02-25T23:27:23.405+0000] {processor.py:186} INFO - Started process (PID=675) to work on /home/airflow/.local/lib/python3.12/site-packages/airflow/example_dags/example_python_decorator.py
[2025-02-25T23:27:23.406+0000] {processor.py:914} INFO - Processing file /home/airflow/.local/lib/python3.12/site-packages/airflow/example_dags/example_python_decorator.py for tasks to queue
[2025-02-25T23:27:23.407+0000] {logging_mixin.py:190} INFO - [2025-02-25T23:27:23.407+0000] {dagbag.py:588} INFO - Filling up the DagBag from /home/airflow/.local/lib/python3.12/site-packages/airflow/example_dags/example_python_decorator.py
[2025-02-25T23:27:23.415+0000] {processor.py:925} INFO - DAG(s) 'example_python_decorator' retrieved from /home/airflow/.local/lib/python3.12/site-packages/airflow/example_dags/example_python_decorator.py
[2025-02-25T23:27:23.428+0000] {logging_mixin.py:190} INFO - [2025-02-25T23:27:23.428+0000] {dag.py:3239} INFO - Sync 1 DAGs
[2025-02-25T23:27:23.436+0000] {logging_mixin.py:190} INFO - [2025-02-25T23:27:23.436+0000] {dag.py:4180} INFO - Setting next_dagrun for example_python_decorator to None, run_after=None
[2025-02-25T23:27:23.449+0000] {processor.py:208} INFO - Processing /home/airflow/.local/lib/python3.12/site-packages/airflow/example_dags/example_python_decorator.py took 0.047 seconds
[2025-02-25T23:27:54.344+0000] {processor.py:186} INFO - Started process (PID=738) to work on /home/airflow/.local/lib/python3.12/site-packages/airflow/example_dags/example_python_decorator.py
[2025-02-25T23:27:54.345+0000] {processor.py:914} INFO - Processing file /home/airflow/.local/lib/python3.12/site-packages/airflow/example_dags/example_python_decorator.py for tasks to queue
[2025-02-25T23:27:54.346+0000] {logging_mixin.py:190} INFO - [2025-02-25T23:27:54.346+0000] {dagbag.py:588} INFO - Filling up the DagBag from /home/airflow/.local/lib/python3.12/site-packages/airflow/example_dags/example_python_decorator.py
[2025-02-25T23:27:54.354+0000] {processor.py:925} INFO - DAG(s) 'example_python_decorator' retrieved from /home/airflow/.local/lib/python3.12/site-packages/airflow/example_dags/example_python_decorator.py
[2025-02-25T23:27:54.366+0000] {logging_mixin.py:190} INFO - [2025-02-25T23:27:54.366+0000] {dag.py:3239} INFO - Sync 1 DAGs
[2025-02-25T23:27:54.374+0000] {logging_mixin.py:190} INFO - [2025-02-25T23:27:54.374+0000] {dag.py:4180} INFO - Setting next_dagrun for example_python_decorator to None, run_after=None
[2025-02-25T23:27:54.385+0000] {processor.py:208} INFO - Processing /home/airflow/.local/lib/python3.12/site-packages/airflow/example_dags/example_python_decorator.py took 0.044 seconds
[2025-02-25T23:28:25.280+0000] {processor.py:186} INFO - Started process (PID=801) to work on /home/airflow/.local/lib/python3.12/site-packages/airflow/example_dags/example_python_decorator.py
[2025-02-25T23:28:25.284+0000] {processor.py:914} INFO - Processing file /home/airflow/.local/lib/python3.12/site-packages/airflow/example_dags/example_python_decorator.py for tasks to queue
[2025-02-25T23:28:25.285+0000] {logging_mixin.py:190} INFO - [2025-02-25T23:28:25.285+0000] {dagbag.py:588} INFO - Filling up the DagBag from /home/airflow/.local/lib/python3.12/site-packages/airflow/example_dags/example_python_decorator.py
[2025-02-25T23:28:25.293+0000] {processor.py:925} INFO - DAG(s) 'example_python_decorator' retrieved from /home/airflow/.local/lib/python3.12/site-packages/airflow/example_dags/example_python_decorator.py
[2025-02-25T23:28:25.304+0000] {logging_mixin.py:190} INFO - [2025-02-25T23:28:25.304+0000] {dag.py:3239} INFO - Sync 1 DAGs
[2025-02-25T23:28:25.313+0000] {logging_mixin.py:190} INFO - [2025-02-25T23:28:25.312+0000] {dag.py:4180} INFO - Setting next_dagrun for example_python_decorator to None, run_after=None
[2025-02-25T23:28:25.328+0000] {processor.py:208} INFO - Processing /home/airflow/.local/lib/python3.12/site-packages/airflow/example_dags/example_python_decorator.py took 0.051 seconds
[2025-02-25T23:28:55.878+0000] {processor.py:186} INFO - Started process (PID=864) to work on /home/airflow/.local/lib/python3.12/site-packages/airflow/example_dags/example_python_decorator.py
[2025-02-25T23:28:55.879+0000] {processor.py:914} INFO - Processing file /home/airflow/.local/lib/python3.12/site-packages/airflow/example_dags/example_python_decorator.py for tasks to queue
[2025-02-25T23:28:55.880+0000] {logging_mixin.py:190} INFO - [2025-02-25T23:28:55.880+0000] {dagbag.py:588} INFO - Filling up the DagBag from /home/airflow/.local/lib/python3.12/site-packages/airflow/example_dags/example_python_decorator.py
[2025-02-25T23:28:55.888+0000] {processor.py:925} INFO - DAG(s) 'example_python_decorator' retrieved from /home/airflow/.local/lib/python3.12/site-packages/airflow/example_dags/example_python_decorator.py
[2025-02-25T23:28:55.900+0000] {logging_mixin.py:190} INFO - [2025-02-25T23:28:55.900+0000] {dag.py:3239} INFO - Sync 1 DAGs
[2025-02-25T23:28:55.908+0000] {logging_mixin.py:190} INFO - [2025-02-25T23:28:55.908+0000] {dag.py:4180} INFO - Setting next_dagrun for example_python_decorator to None, run_after=None
[2025-02-25T23:28:55.923+0000] {processor.py:208} INFO - Processing /home/airflow/.local/lib/python3.12/site-packages/airflow/example_dags/example_python_decorator.py took 0.048 seconds
[2025-02-25T23:29:26.000+0000] {processor.py:186} INFO - Started process (PID=927) to work on /home/airflow/.local/lib/python3.12/site-packages/airflow/example_dags/example_python_decorator.py
[2025-02-25T23:29:26.001+0000] {processor.py:914} INFO - Processing file /home/airflow/.local/lib/python3.12/site-packages/airflow/example_dags/example_python_decorator.py for tasks to queue
[2025-02-25T23:29:26.002+0000] {logging_mixin.py:190} INFO - [2025-02-25T23:29:26.002+0000] {dagbag.py:588} INFO - Filling up the DagBag from /home/airflow/.local/lib/python3.12/site-packages/airflow/example_dags/example_python_decorator.py
[2025-02-25T23:29:26.009+0000] {processor.py:925} INFO - DAG(s) 'example_python_decorator' retrieved from /home/airflow/.local/lib/python3.12/site-packages/airflow/example_dags/example_python_decorator.py
[2025-02-25T23:29:26.022+0000] {logging_mixin.py:190} INFO - [2025-02-25T23:29:26.022+0000] {dag.py:3239} INFO - Sync 1 DAGs
[2025-02-25T23:29:26.030+0000] {logging_mixin.py:190} INFO - [2025-02-25T23:29:26.030+0000] {dag.py:4180} INFO - Setting next_dagrun for example_python_decorator to None, run_after=None
[2025-02-25T23:29:26.041+0000] {processor.py:208} INFO - Processing /home/airflow/.local/lib/python3.12/site-packages/airflow/example_dags/example_python_decorator.py took 0.044 seconds
[2025-02-25T23:29:56.335+0000] {processor.py:186} INFO - Started process (PID=990) to work on /home/airflow/.local/lib/python3.12/site-packages/airflow/example_dags/example_python_decorator.py
[2025-02-25T23:29:56.335+0000] {processor.py:914} INFO - Processing file /home/airflow/.local/lib/python3.12/site-packages/airflow/example_dags/example_python_decorator.py for tasks to queue
[2025-02-25T23:29:56.337+0000] {logging_mixin.py:190} INFO - [2025-02-25T23:29:56.336+0000] {dagbag.py:588} INFO - Filling up the DagBag from /home/airflow/.local/lib/python3.12/site-packages/airflow/example_dags/example_python_decorator.py
[2025-02-25T23:29:56.344+0000] {processor.py:925} INFO - DAG(s) 'example_python_decorator' retrieved from /home/airflow/.local/lib/python3.12/site-packages/airflow/example_dags/example_python_decorator.py
[2025-02-25T23:29:56.358+0000] {logging_mixin.py:190} INFO - [2025-02-25T23:29:56.358+0000] {dag.py:3239} INFO - Sync 1 DAGs
[2025-02-25T23:29:56.366+0000] {logging_mixin.py:190} INFO - [2025-02-25T23:29:56.366+0000] {dag.py:4180} INFO - Setting next_dagrun for example_python_decorator to None, run_after=None
[2025-02-25T23:29:56.376+0000] {processor.py:208} INFO - Processing /home/airflow/.local/lib/python3.12/site-packages/airflow/example_dags/example_python_decorator.py took 0.045 seconds
[2025-02-25T23:30:26.565+0000] {processor.py:186} INFO - Started process (PID=1053) to work on /home/airflow/.local/lib/python3.12/site-packages/airflow/example_dags/example_python_decorator.py
[2025-02-25T23:30:26.566+0000] {processor.py:914} INFO - Processing file /home/airflow/.local/lib/python3.12/site-packages/airflow/example_dags/example_python_decorator.py for tasks to queue
[2025-02-25T23:30:26.567+0000] {logging_mixin.py:190} INFO - [2025-02-25T23:30:26.567+0000] {dagbag.py:588} INFO - Filling up the DagBag from /home/airflow/.local/lib/python3.12/site-packages/airflow/example_dags/example_python_decorator.py
[2025-02-25T23:30:26.575+0000] {processor.py:925} INFO - DAG(s) 'example_python_decorator' retrieved from /home/airflow/.local/lib/python3.12/site-packages/airflow/example_dags/example_python_decorator.py
[2025-02-25T23:30:26.588+0000] {logging_mixin.py:190} INFO - [2025-02-25T23:30:26.588+0000] {dag.py:3239} INFO - Sync 1 DAGs
[2025-02-25T23:30:26.596+0000] {logging_mixin.py:190} INFO - [2025-02-25T23:30:26.595+0000] {dag.py:4180} INFO - Setting next_dagrun for example_python_decorator to None, run_after=None
[2025-02-25T23:30:26.615+0000] {processor.py:208} INFO - Processing /home/airflow/.local/lib/python3.12/site-packages/airflow/example_dags/example_python_decorator.py took 0.053 seconds
[2025-02-25T23:30:57.452+0000] {processor.py:186} INFO - Started process (PID=1116) to work on /home/airflow/.local/lib/python3.12/site-packages/airflow/example_dags/example_python_decorator.py
[2025-02-25T23:30:57.453+0000] {processor.py:914} INFO - Processing file /home/airflow/.local/lib/python3.12/site-packages/airflow/example_dags/example_python_decorator.py for tasks to queue
[2025-02-25T23:30:57.454+0000] {logging_mixin.py:190} INFO - [2025-02-25T23:30:57.454+0000] {dagbag.py:588} INFO - Filling up the DagBag from /home/airflow/.local/lib/python3.12/site-packages/airflow/example_dags/example_python_decorator.py
[2025-02-25T23:30:57.462+0000] {processor.py:925} INFO - DAG(s) 'example_python_decorator' retrieved from /home/airflow/.local/lib/python3.12/site-packages/airflow/example_dags/example_python_decorator.py
[2025-02-25T23:30:57.474+0000] {logging_mixin.py:190} INFO - [2025-02-25T23:30:57.474+0000] {dag.py:3239} INFO - Sync 1 DAGs
[2025-02-25T23:30:57.482+0000] {logging_mixin.py:190} INFO - [2025-02-25T23:30:57.482+0000] {dag.py:4180} INFO - Setting next_dagrun for example_python_decorator to None, run_after=None
[2025-02-25T23:30:57.495+0000] {processor.py:208} INFO - Processing /home/airflow/.local/lib/python3.12/site-packages/airflow/example_dags/example_python_decorator.py took 0.047 seconds
[2025-02-25T23:31:28.042+0000] {processor.py:186} INFO - Started process (PID=1179) to work on /home/airflow/.local/lib/python3.12/site-packages/airflow/example_dags/example_python_decorator.py
[2025-02-25T23:31:28.043+0000] {processor.py:914} INFO - Processing file /home/airflow/.local/lib/python3.12/site-packages/airflow/example_dags/example_python_decorator.py for tasks to queue
[2025-02-25T23:31:28.044+0000] {logging_mixin.py:190} INFO - [2025-02-25T23:31:28.044+0000] {dagbag.py:588} INFO - Filling up the DagBag from /home/airflow/.local/lib/python3.12/site-packages/airflow/example_dags/example_python_decorator.py
[2025-02-25T23:31:28.053+0000] {processor.py:925} INFO - DAG(s) 'example_python_decorator' retrieved from /home/airflow/.local/lib/python3.12/site-packages/airflow/example_dags/example_python_decorator.py
[2025-02-25T23:31:28.066+0000] {logging_mixin.py:190} INFO - [2025-02-25T23:31:28.066+0000] {dag.py:3239} INFO - Sync 1 DAGs
[2025-02-25T23:31:28.074+0000] {logging_mixin.py:190} INFO - [2025-02-25T23:31:28.074+0000] {dag.py:4180} INFO - Setting next_dagrun for example_python_decorator to None, run_after=None
[2025-02-25T23:31:28.084+0000] {processor.py:208} INFO - Processing /home/airflow/.local/lib/python3.12/site-packages/airflow/example_dags/example_python_decorator.py took 0.046 seconds
[2025-02-25T23:31:59.035+0000] {processor.py:186} INFO - Started process (PID=1242) to work on /home/airflow/.local/lib/python3.12/site-packages/airflow/example_dags/example_python_decorator.py
[2025-02-25T23:31:59.036+0000] {processor.py:914} INFO - Processing file /home/airflow/.local/lib/python3.12/site-packages/airflow/example_dags/example_python_decorator.py for tasks to queue
[2025-02-25T23:31:59.038+0000] {logging_mixin.py:190} INFO - [2025-02-25T23:31:59.037+0000] {dagbag.py:588} INFO - Filling up the DagBag from /home/airflow/.local/lib/python3.12/site-packages/airflow/example_dags/example_python_decorator.py
[2025-02-25T23:31:59.045+0000] {processor.py:925} INFO - DAG(s) 'example_python_decorator' retrieved from /home/airflow/.local/lib/python3.12/site-packages/airflow/example_dags/example_python_decorator.py
[2025-02-25T23:31:59.058+0000] {logging_mixin.py:190} INFO - [2025-02-25T23:31:59.058+0000] {dag.py:3239} INFO - Sync 1 DAGs
[2025-02-25T23:31:59.066+0000] {logging_mixin.py:190} INFO - [2025-02-25T23:31:59.066+0000] {dag.py:4180} INFO - Setting next_dagrun for example_python_decorator to None, run_after=None
[2025-02-25T23:31:59.085+0000] {processor.py:208} INFO - Processing /home/airflow/.local/lib/python3.12/site-packages/airflow/example_dags/example_python_decorator.py took 0.052 seconds
[2025-02-25T23:32:29.944+0000] {processor.py:186} INFO - Started process (PID=1305) to work on /home/airflow/.local/lib/python3.12/site-packages/airflow/example_dags/example_python_decorator.py
[2025-02-25T23:32:29.945+0000] {processor.py:914} INFO - Processing file /home/airflow/.local/lib/python3.12/site-packages/airflow/example_dags/example_python_decorator.py for tasks to queue
[2025-02-25T23:32:29.946+0000] {logging_mixin.py:190} INFO - [2025-02-25T23:32:29.946+0000] {dagbag.py:588} INFO - Filling up the DagBag from /home/airflow/.local/lib/python3.12/site-packages/airflow/example_dags/example_python_decorator.py
[2025-02-25T23:32:29.953+0000] {processor.py:925} INFO - DAG(s) 'example_python_decorator' retrieved from /home/airflow/.local/lib/python3.12/site-packages/airflow/example_dags/example_python_decorator.py
[2025-02-25T23:32:29.965+0000] {logging_mixin.py:190} INFO - [2025-02-25T23:32:29.965+0000] {dag.py:3239} INFO - Sync 1 DAGs
[2025-02-25T23:32:29.973+0000] {logging_mixin.py:190} INFO - [2025-02-25T23:32:29.973+0000] {dag.py:4180} INFO - Setting next_dagrun for example_python_decorator to None, run_after=None
[2025-02-25T23:32:29.983+0000] {processor.py:208} INFO - Processing /home/airflow/.local/lib/python3.12/site-packages/airflow/example_dags/example_python_decorator.py took 0.042 seconds
[2025-02-25T23:33:00.948+0000] {processor.py:186} INFO - Started process (PID=1368) to work on /home/airflow/.local/lib/python3.12/site-packages/airflow/example_dags/example_python_decorator.py
[2025-02-25T23:33:00.949+0000] {processor.py:914} INFO - Processing file /home/airflow/.local/lib/python3.12/site-packages/airflow/example_dags/example_python_decorator.py for tasks to queue
[2025-02-25T23:33:00.950+0000] {logging_mixin.py:190} INFO - [2025-02-25T23:33:00.950+0000] {dagbag.py:588} INFO - Filling up the DagBag from /home/airflow/.local/lib/python3.12/site-packages/airflow/example_dags/example_python_decorator.py
[2025-02-25T23:33:00.958+0000] {processor.py:925} INFO - DAG(s) 'example_python_decorator' retrieved from /home/airflow/.local/lib/python3.12/site-packages/airflow/example_dags/example_python_decorator.py
[2025-02-25T23:33:00.971+0000] {logging_mixin.py:190} INFO - [2025-02-25T23:33:00.970+0000] {dag.py:3239} INFO - Sync 1 DAGs
[2025-02-25T23:33:00.978+0000] {logging_mixin.py:190} INFO - [2025-02-25T23:33:00.978+0000] {dag.py:4180} INFO - Setting next_dagrun for example_python_decorator to None, run_after=None
[2025-02-25T23:33:00.993+0000] {processor.py:208} INFO - Processing /home/airflow/.local/lib/python3.12/site-packages/airflow/example_dags/example_python_decorator.py took 0.048 seconds
[2025-02-25T23:33:31.654+0000] {processor.py:186} INFO - Started process (PID=1431) to work on /home/airflow/.local/lib/python3.12/site-packages/airflow/example_dags/example_python_decorator.py
[2025-02-25T23:33:31.655+0000] {processor.py:914} INFO - Processing file /home/airflow/.local/lib/python3.12/site-packages/airflow/example_dags/example_python_decorator.py for tasks to queue
[2025-02-25T23:33:31.656+0000] {logging_mixin.py:190} INFO - [2025-02-25T23:33:31.656+0000] {dagbag.py:588} INFO - Filling up the DagBag from /home/airflow/.local/lib/python3.12/site-packages/airflow/example_dags/example_python_decorator.py
[2025-02-25T23:33:31.664+0000] {processor.py:925} INFO - DAG(s) 'example_python_decorator' retrieved from /home/airflow/.local/lib/python3.12/site-packages/airflow/example_dags/example_python_decorator.py
[2025-02-25T23:33:31.676+0000] {logging_mixin.py:190} INFO - [2025-02-25T23:33:31.676+0000] {dag.py:3239} INFO - Sync 1 DAGs
[2025-02-25T23:33:31.684+0000] {logging_mixin.py:190} INFO - [2025-02-25T23:33:31.684+0000] {dag.py:4180} INFO - Setting next_dagrun for example_python_decorator to None, run_after=None
[2025-02-25T23:33:31.704+0000] {processor.py:208} INFO - Processing /home/airflow/.local/lib/python3.12/site-packages/airflow/example_dags/example_python_decorator.py took 0.053 seconds
[2025-02-25T23:34:02.331+0000] {processor.py:186} INFO - Started process (PID=1494) to work on /home/airflow/.local/lib/python3.12/site-packages/airflow/example_dags/example_python_decorator.py
[2025-02-25T23:34:02.332+0000] {processor.py:914} INFO - Processing file /home/airflow/.local/lib/python3.12/site-packages/airflow/example_dags/example_python_decorator.py for tasks to queue
[2025-02-25T23:34:02.333+0000] {logging_mixin.py:190} INFO - [2025-02-25T23:34:02.333+0000] {dagbag.py:588} INFO - Filling up the DagBag from /home/airflow/.local/lib/python3.12/site-packages/airflow/example_dags/example_python_decorator.py
[2025-02-25T23:34:02.341+0000] {processor.py:925} INFO - DAG(s) 'example_python_decorator' retrieved from /home/airflow/.local/lib/python3.12/site-packages/airflow/example_dags/example_python_decorator.py
[2025-02-25T23:34:02.353+0000] {logging_mixin.py:190} INFO - [2025-02-25T23:34:02.352+0000] {dag.py:3239} INFO - Sync 1 DAGs
[2025-02-25T23:34:02.360+0000] {logging_mixin.py:190} INFO - [2025-02-25T23:34:02.360+0000] {dag.py:4180} INFO - Setting next_dagrun for example_python_decorator to None, run_after=None
[2025-02-25T23:34:02.373+0000] {processor.py:208} INFO - Processing /home/airflow/.local/lib/python3.12/site-packages/airflow/example_dags/example_python_decorator.py took 0.045 seconds
[2025-02-25T23:34:33.232+0000] {processor.py:186} INFO - Started process (PID=1557) to work on /home/airflow/.local/lib/python3.12/site-packages/airflow/example_dags/example_python_decorator.py
[2025-02-25T23:34:33.233+0000] {processor.py:914} INFO - Processing file /home/airflow/.local/lib/python3.12/site-packages/airflow/example_dags/example_python_decorator.py for tasks to queue
[2025-02-25T23:34:33.234+0000] {logging_mixin.py:190} INFO - [2025-02-25T23:34:33.234+0000] {dagbag.py:588} INFO - Filling up the DagBag from /home/airflow/.local/lib/python3.12/site-packages/airflow/example_dags/example_python_decorator.py
[2025-02-25T23:34:33.242+0000] {processor.py:925} INFO - DAG(s) 'example_python_decorator' retrieved from /home/airflow/.local/lib/python3.12/site-packages/airflow/example_dags/example_python_decorator.py
[2025-02-25T23:34:33.254+0000] {logging_mixin.py:190} INFO - [2025-02-25T23:34:33.254+0000] {dag.py:3239} INFO - Sync 1 DAGs
[2025-02-25T23:34:33.262+0000] {logging_mixin.py:190} INFO - [2025-02-25T23:34:33.262+0000] {dag.py:4180} INFO - Setting next_dagrun for example_python_decorator to None, run_after=None
[2025-02-25T23:34:33.275+0000] {processor.py:208} INFO - Processing /home/airflow/.local/lib/python3.12/site-packages/airflow/example_dags/example_python_decorator.py took 0.046 seconds
[2025-02-25T23:35:04.285+0000] {processor.py:186} INFO - Started process (PID=1614) to work on /home/airflow/.local/lib/python3.12/site-packages/airflow/example_dags/example_python_decorator.py
[2025-02-25T23:35:04.286+0000] {processor.py:914} INFO - Processing file /home/airflow/.local/lib/python3.12/site-packages/airflow/example_dags/example_python_decorator.py for tasks to queue
[2025-02-25T23:35:04.287+0000] {logging_mixin.py:190} INFO - [2025-02-25T23:35:04.287+0000] {dagbag.py:588} INFO - Filling up the DagBag from /home/airflow/.local/lib/python3.12/site-packages/airflow/example_dags/example_python_decorator.py
[2025-02-25T23:35:04.294+0000] {processor.py:925} INFO - DAG(s) 'example_python_decorator' retrieved from /home/airflow/.local/lib/python3.12/site-packages/airflow/example_dags/example_python_decorator.py
[2025-02-25T23:35:04.307+0000] {logging_mixin.py:190} INFO - [2025-02-25T23:35:04.307+0000] {dag.py:3239} INFO - Sync 1 DAGs
[2025-02-25T23:35:04.315+0000] {logging_mixin.py:190} INFO - [2025-02-25T23:35:04.315+0000] {dag.py:4180} INFO - Setting next_dagrun for example_python_decorator to None, run_after=None
[2025-02-25T23:35:04.330+0000] {processor.py:208} INFO - Processing /home/airflow/.local/lib/python3.12/site-packages/airflow/example_dags/example_python_decorator.py took 0.049 seconds
[2025-02-25T23:35:35.221+0000] {processor.py:186} INFO - Started process (PID=1677) to work on /home/airflow/.local/lib/python3.12/site-packages/airflow/example_dags/example_python_decorator.py
[2025-02-25T23:35:35.222+0000] {processor.py:914} INFO - Processing file /home/airflow/.local/lib/python3.12/site-packages/airflow/example_dags/example_python_decorator.py for tasks to queue
[2025-02-25T23:35:35.223+0000] {logging_mixin.py:190} INFO - [2025-02-25T23:35:35.223+0000] {dagbag.py:588} INFO - Filling up the DagBag from /home/airflow/.local/lib/python3.12/site-packages/airflow/example_dags/example_python_decorator.py
[2025-02-25T23:35:35.231+0000] {processor.py:925} INFO - DAG(s) 'example_python_decorator' retrieved from /home/airflow/.local/lib/python3.12/site-packages/airflow/example_dags/example_python_decorator.py
[2025-02-25T23:35:35.244+0000] {logging_mixin.py:190} INFO - [2025-02-25T23:35:35.244+0000] {dag.py:3239} INFO - Sync 1 DAGs
[2025-02-25T23:35:35.252+0000] {logging_mixin.py:190} INFO - [2025-02-25T23:35:35.252+0000] {dag.py:4180} INFO - Setting next_dagrun for example_python_decorator to None, run_after=None
[2025-02-25T23:35:35.272+0000] {processor.py:208} INFO - Processing /home/airflow/.local/lib/python3.12/site-packages/airflow/example_dags/example_python_decorator.py took 0.055 seconds
[2025-02-25T23:36:05.365+0000] {processor.py:186} INFO - Started process (PID=1740) to work on /home/airflow/.local/lib/python3.12/site-packages/airflow/example_dags/example_python_decorator.py
[2025-02-25T23:36:05.366+0000] {processor.py:914} INFO - Processing file /home/airflow/.local/lib/python3.12/site-packages/airflow/example_dags/example_python_decorator.py for tasks to queue
[2025-02-25T23:36:05.367+0000] {logging_mixin.py:190} INFO - [2025-02-25T23:36:05.367+0000] {dagbag.py:588} INFO - Filling up the DagBag from /home/airflow/.local/lib/python3.12/site-packages/airflow/example_dags/example_python_decorator.py
[2025-02-25T23:36:05.375+0000] {processor.py:925} INFO - DAG(s) 'example_python_decorator' retrieved from /home/airflow/.local/lib/python3.12/site-packages/airflow/example_dags/example_python_decorator.py
[2025-02-25T23:36:05.387+0000] {logging_mixin.py:190} INFO - [2025-02-25T23:36:05.386+0000] {dag.py:3239} INFO - Sync 1 DAGs
[2025-02-25T23:36:05.394+0000] {logging_mixin.py:190} INFO - [2025-02-25T23:36:05.394+0000] {dag.py:4180} INFO - Setting next_dagrun for example_python_decorator to None, run_after=None
[2025-02-25T23:36:05.407+0000] {processor.py:208} INFO - Processing /home/airflow/.local/lib/python3.12/site-packages/airflow/example_dags/example_python_decorator.py took 0.046 seconds
[2025-02-25T23:36:35.604+0000] {processor.py:186} INFO - Started process (PID=1803) to work on /home/airflow/.local/lib/python3.12/site-packages/airflow/example_dags/example_python_decorator.py
[2025-02-25T23:36:35.608+0000] {processor.py:914} INFO - Processing file /home/airflow/.local/lib/python3.12/site-packages/airflow/example_dags/example_python_decorator.py for tasks to queue
[2025-02-25T23:36:35.609+0000] {logging_mixin.py:190} INFO - [2025-02-25T23:36:35.609+0000] {dagbag.py:588} INFO - Filling up the DagBag from /home/airflow/.local/lib/python3.12/site-packages/airflow/example_dags/example_python_decorator.py
[2025-02-25T23:36:35.618+0000] {processor.py:925} INFO - DAG(s) 'example_python_decorator' retrieved from /home/airflow/.local/lib/python3.12/site-packages/airflow/example_dags/example_python_decorator.py
[2025-02-25T23:36:35.633+0000] {logging_mixin.py:190} INFO - [2025-02-25T23:36:35.632+0000] {dag.py:3239} INFO - Sync 1 DAGs
[2025-02-25T23:36:35.644+0000] {logging_mixin.py:190} INFO - [2025-02-25T23:36:35.644+0000] {dag.py:4180} INFO - Setting next_dagrun for example_python_decorator to None, run_after=None
[2025-02-25T23:36:35.663+0000] {processor.py:208} INFO - Processing /home/airflow/.local/lib/python3.12/site-packages/airflow/example_dags/example_python_decorator.py took 0.062 seconds
[2025-02-25T23:37:05.956+0000] {processor.py:186} INFO - Started process (PID=1866) to work on /home/airflow/.local/lib/python3.12/site-packages/airflow/example_dags/example_python_decorator.py
[2025-02-25T23:37:05.957+0000] {processor.py:914} INFO - Processing file /home/airflow/.local/lib/python3.12/site-packages/airflow/example_dags/example_python_decorator.py for tasks to queue
[2025-02-25T23:37:05.958+0000] {logging_mixin.py:190} INFO - [2025-02-25T23:37:05.958+0000] {dagbag.py:588} INFO - Filling up the DagBag from /home/airflow/.local/lib/python3.12/site-packages/airflow/example_dags/example_python_decorator.py
[2025-02-25T23:37:05.966+0000] {processor.py:925} INFO - DAG(s) 'example_python_decorator' retrieved from /home/airflow/.local/lib/python3.12/site-packages/airflow/example_dags/example_python_decorator.py
[2025-02-25T23:37:05.979+0000] {logging_mixin.py:190} INFO - [2025-02-25T23:37:05.978+0000] {dag.py:3239} INFO - Sync 1 DAGs
[2025-02-25T23:37:05.987+0000] {logging_mixin.py:190} INFO - [2025-02-25T23:37:05.987+0000] {dag.py:4180} INFO - Setting next_dagrun for example_python_decorator to None, run_after=None
[2025-02-25T23:37:05.997+0000] {processor.py:208} INFO - Processing /home/airflow/.local/lib/python3.12/site-packages/airflow/example_dags/example_python_decorator.py took 0.044 seconds
[2025-02-25T23:37:36.238+0000] {processor.py:186} INFO - Started process (PID=1929) to work on /home/airflow/.local/lib/python3.12/site-packages/airflow/example_dags/example_python_decorator.py
[2025-02-25T23:37:36.242+0000] {processor.py:914} INFO - Processing file /home/airflow/.local/lib/python3.12/site-packages/airflow/example_dags/example_python_decorator.py for tasks to queue
[2025-02-25T23:37:36.244+0000] {logging_mixin.py:190} INFO - [2025-02-25T23:37:36.243+0000] {dagbag.py:588} INFO - Filling up the DagBag from /home/airflow/.local/lib/python3.12/site-packages/airflow/example_dags/example_python_decorator.py
[2025-02-25T23:37:36.251+0000] {processor.py:925} INFO - DAG(s) 'example_python_decorator' retrieved from /home/airflow/.local/lib/python3.12/site-packages/airflow/example_dags/example_python_decorator.py
[2025-02-25T23:37:36.263+0000] {logging_mixin.py:190} INFO - [2025-02-25T23:37:36.262+0000] {dag.py:3239} INFO - Sync 1 DAGs
[2025-02-25T23:37:36.270+0000] {logging_mixin.py:190} INFO - [2025-02-25T23:37:36.270+0000] {dag.py:4180} INFO - Setting next_dagrun for example_python_decorator to None, run_after=None
[2025-02-25T23:37:36.286+0000] {processor.py:208} INFO - Processing /home/airflow/.local/lib/python3.12/site-packages/airflow/example_dags/example_python_decorator.py took 0.052 seconds
[2025-02-25T23:38:07.049+0000] {processor.py:186} INFO - Started process (PID=1992) to work on /home/airflow/.local/lib/python3.12/site-packages/airflow/example_dags/example_python_decorator.py
[2025-02-25T23:38:07.052+0000] {processor.py:914} INFO - Processing file /home/airflow/.local/lib/python3.12/site-packages/airflow/example_dags/example_python_decorator.py for tasks to queue
[2025-02-25T23:38:07.053+0000] {logging_mixin.py:190} INFO - [2025-02-25T23:38:07.053+0000] {dagbag.py:588} INFO - Filling up the DagBag from /home/airflow/.local/lib/python3.12/site-packages/airflow/example_dags/example_python_decorator.py
[2025-02-25T23:38:07.061+0000] {processor.py:925} INFO - DAG(s) 'example_python_decorator' retrieved from /home/airflow/.local/lib/python3.12/site-packages/airflow/example_dags/example_python_decorator.py
[2025-02-25T23:38:07.074+0000] {logging_mixin.py:190} INFO - [2025-02-25T23:38:07.074+0000] {dag.py:3239} INFO - Sync 1 DAGs
[2025-02-25T23:38:07.084+0000] {logging_mixin.py:190} INFO - [2025-02-25T23:38:07.084+0000] {dag.py:4180} INFO - Setting next_dagrun for example_python_decorator to None, run_after=None
[2025-02-25T23:38:07.103+0000] {processor.py:208} INFO - Processing /home/airflow/.local/lib/python3.12/site-packages/airflow/example_dags/example_python_decorator.py took 0.057 seconds
[2025-02-25T23:38:37.732+0000] {processor.py:186} INFO - Started process (PID=2055) to work on /home/airflow/.local/lib/python3.12/site-packages/airflow/example_dags/example_python_decorator.py
[2025-02-25T23:38:37.736+0000] {processor.py:914} INFO - Processing file /home/airflow/.local/lib/python3.12/site-packages/airflow/example_dags/example_python_decorator.py for tasks to queue
[2025-02-25T23:38:37.737+0000] {logging_mixin.py:190} INFO - [2025-02-25T23:38:37.737+0000] {dagbag.py:588} INFO - Filling up the DagBag from /home/airflow/.local/lib/python3.12/site-packages/airflow/example_dags/example_python_decorator.py
[2025-02-25T23:38:37.744+0000] {processor.py:925} INFO - DAG(s) 'example_python_decorator' retrieved from /home/airflow/.local/lib/python3.12/site-packages/airflow/example_dags/example_python_decorator.py
[2025-02-25T23:38:37.756+0000] {logging_mixin.py:190} INFO - [2025-02-25T23:38:37.756+0000] {dag.py:3239} INFO - Sync 1 DAGs
[2025-02-25T23:38:37.764+0000] {logging_mixin.py:190} INFO - [2025-02-25T23:38:37.764+0000] {dag.py:4180} INFO - Setting next_dagrun for example_python_decorator to None, run_after=None
[2025-02-25T23:38:37.778+0000] {processor.py:208} INFO - Processing /home/airflow/.local/lib/python3.12/site-packages/airflow/example_dags/example_python_decorator.py took 0.049 seconds
[2025-02-25T23:39:10.885+0000] {processor.py:186} INFO - Started process (PID=2118) to work on /home/airflow/.local/lib/python3.12/site-packages/airflow/example_dags/example_python_decorator.py
[2025-02-25T23:39:10.886+0000] {processor.py:914} INFO - Processing file /home/airflow/.local/lib/python3.12/site-packages/airflow/example_dags/example_python_decorator.py for tasks to queue
[2025-02-25T23:39:10.887+0000] {logging_mixin.py:190} INFO - [2025-02-25T23:39:10.887+0000] {dagbag.py:588} INFO - Filling up the DagBag from /home/airflow/.local/lib/python3.12/site-packages/airflow/example_dags/example_python_decorator.py
[2025-02-25T23:39:10.896+0000] {processor.py:925} INFO - DAG(s) 'example_python_decorator' retrieved from /home/airflow/.local/lib/python3.12/site-packages/airflow/example_dags/example_python_decorator.py
[2025-02-25T23:39:10.908+0000] {logging_mixin.py:190} INFO - [2025-02-25T23:39:10.908+0000] {dag.py:3239} INFO - Sync 1 DAGs
[2025-02-25T23:39:10.916+0000] {logging_mixin.py:190} INFO - [2025-02-25T23:39:10.916+0000] {dag.py:4180} INFO - Setting next_dagrun for example_python_decorator to None, run_after=None
[2025-02-25T23:39:10.926+0000] {processor.py:208} INFO - Processing /home/airflow/.local/lib/python3.12/site-packages/airflow/example_dags/example_python_decorator.py took 0.044 seconds
[2025-02-25T23:41:48.366+0000] {processor.py:186} INFO - Started process (PID=51) to work on /home/airflow/.local/lib/python3.12/site-packages/airflow/example_dags/example_python_decorator.py
[2025-02-25T23:41:48.367+0000] {processor.py:914} INFO - Processing file /home/airflow/.local/lib/python3.12/site-packages/airflow/example_dags/example_python_decorator.py for tasks to queue
[2025-02-25T23:41:48.368+0000] {logging_mixin.py:190} INFO - [2025-02-25T23:41:48.368+0000] {dagbag.py:588} INFO - Filling up the DagBag from /home/airflow/.local/lib/python3.12/site-packages/airflow/example_dags/example_python_decorator.py
[2025-02-25T23:41:48.381+0000] {processor.py:925} INFO - DAG(s) 'example_python_decorator' retrieved from /home/airflow/.local/lib/python3.12/site-packages/airflow/example_dags/example_python_decorator.py
[2025-02-25T23:41:48.474+0000] {logging_mixin.py:190} INFO - [2025-02-25T23:41:48.473+0000] {override.py:1912} INFO - Created Permission View: can edit on DAG:example_python_decorator
[2025-02-25T23:41:48.481+0000] {logging_mixin.py:190} INFO - [2025-02-25T23:41:48.480+0000] {override.py:1912} INFO - Created Permission View: can delete on DAG:example_python_decorator
[2025-02-25T23:41:48.485+0000] {logging_mixin.py:190} INFO - [2025-02-25T23:41:48.484+0000] {override.py:1912} INFO - Created Permission View: can read on DAG:example_python_decorator
[2025-02-25T23:41:48.489+0000] {logging_mixin.py:190} INFO - [2025-02-25T23:41:48.489+0000] {override.py:1912} INFO - Created Permission View: can create on DAG Run:example_python_decorator
[2025-02-25T23:41:48.492+0000] {logging_mixin.py:190} INFO - [2025-02-25T23:41:48.492+0000] {override.py:1912} INFO - Created Permission View: can delete on DAG Run:example_python_decorator
[2025-02-25T23:41:48.496+0000] {logging_mixin.py:190} INFO - [2025-02-25T23:41:48.496+0000] {override.py:1912} INFO - Created Permission View: can read on DAG Run:example_python_decorator
[2025-02-25T23:41:48.500+0000] {logging_mixin.py:190} INFO - [2025-02-25T23:41:48.499+0000] {override.py:1912} INFO - Created Permission View: menu access on DAG Run:example_python_decorator
[2025-02-25T23:41:48.500+0000] {logging_mixin.py:190} INFO - [2025-02-25T23:41:48.500+0000] {dag.py:3239} INFO - Sync 1 DAGs
[2025-02-25T23:41:48.512+0000] {logging_mixin.py:190} INFO - [2025-02-25T23:41:48.512+0000] {dag.py:3262} INFO - Creating ORM DAG for example_python_decorator
[2025-02-25T23:41:48.513+0000] {logging_mixin.py:190} INFO - [2025-02-25T23:41:48.513+0000] {dag.py:4180} INFO - Setting next_dagrun for example_python_decorator to None, run_after=None
[2025-02-25T23:41:48.525+0000] {processor.py:208} INFO - Processing /home/airflow/.local/lib/python3.12/site-packages/airflow/example_dags/example_python_decorator.py took 0.162 seconds
[2025-02-25T23:42:23.040+0000] {processor.py:186} INFO - Started process (PID=114) to work on /home/airflow/.local/lib/python3.12/site-packages/airflow/example_dags/example_python_decorator.py
[2025-02-25T23:42:23.041+0000] {processor.py:914} INFO - Processing file /home/airflow/.local/lib/python3.12/site-packages/airflow/example_dags/example_python_decorator.py for tasks to queue
[2025-02-25T23:42:23.042+0000] {logging_mixin.py:190} INFO - [2025-02-25T23:42:23.042+0000] {dagbag.py:588} INFO - Filling up the DagBag from /home/airflow/.local/lib/python3.12/site-packages/airflow/example_dags/example_python_decorator.py
[2025-02-25T23:42:23.050+0000] {processor.py:925} INFO - DAG(s) 'example_python_decorator' retrieved from /home/airflow/.local/lib/python3.12/site-packages/airflow/example_dags/example_python_decorator.py
[2025-02-25T23:42:23.063+0000] {logging_mixin.py:190} INFO - [2025-02-25T23:42:23.063+0000] {dag.py:3239} INFO - Sync 1 DAGs
[2025-02-25T23:42:23.071+0000] {logging_mixin.py:190} INFO - [2025-02-25T23:42:23.071+0000] {dag.py:4180} INFO - Setting next_dagrun for example_python_decorator to None, run_after=None
[2025-02-25T23:42:23.082+0000] {processor.py:208} INFO - Processing /home/airflow/.local/lib/python3.12/site-packages/airflow/example_dags/example_python_decorator.py took 0.046 seconds
[2025-02-25T23:42:54.101+0000] {processor.py:186} INFO - Started process (PID=177) to work on /home/airflow/.local/lib/python3.12/site-packages/airflow/example_dags/example_python_decorator.py
[2025-02-25T23:42:54.102+0000] {processor.py:914} INFO - Processing file /home/airflow/.local/lib/python3.12/site-packages/airflow/example_dags/example_python_decorator.py for tasks to queue
[2025-02-25T23:42:54.103+0000] {logging_mixin.py:190} INFO - [2025-02-25T23:42:54.103+0000] {dagbag.py:588} INFO - Filling up the DagBag from /home/airflow/.local/lib/python3.12/site-packages/airflow/example_dags/example_python_decorator.py
[2025-02-25T23:42:54.110+0000] {processor.py:925} INFO - DAG(s) 'example_python_decorator' retrieved from /home/airflow/.local/lib/python3.12/site-packages/airflow/example_dags/example_python_decorator.py
[2025-02-25T23:42:54.122+0000] {logging_mixin.py:190} INFO - [2025-02-25T23:42:54.122+0000] {dag.py:3239} INFO - Sync 1 DAGs
[2025-02-25T23:42:54.129+0000] {logging_mixin.py:190} INFO - [2025-02-25T23:42:54.129+0000] {dag.py:4180} INFO - Setting next_dagrun for example_python_decorator to None, run_after=None
[2025-02-25T23:42:54.138+0000] {processor.py:208} INFO - Processing /home/airflow/.local/lib/python3.12/site-packages/airflow/example_dags/example_python_decorator.py took 0.040 seconds
[2025-02-25T23:43:24.945+0000] {processor.py:186} INFO - Started process (PID=240) to work on /home/airflow/.local/lib/python3.12/site-packages/airflow/example_dags/example_python_decorator.py
[2025-02-25T23:43:24.946+0000] {processor.py:914} INFO - Processing file /home/airflow/.local/lib/python3.12/site-packages/airflow/example_dags/example_python_decorator.py for tasks to queue
[2025-02-25T23:43:24.947+0000] {logging_mixin.py:190} INFO - [2025-02-25T23:43:24.947+0000] {dagbag.py:588} INFO - Filling up the DagBag from /home/airflow/.local/lib/python3.12/site-packages/airflow/example_dags/example_python_decorator.py
[2025-02-25T23:43:24.955+0000] {processor.py:925} INFO - DAG(s) 'example_python_decorator' retrieved from /home/airflow/.local/lib/python3.12/site-packages/airflow/example_dags/example_python_decorator.py
[2025-02-25T23:43:24.968+0000] {logging_mixin.py:190} INFO - [2025-02-25T23:43:24.967+0000] {dag.py:3239} INFO - Sync 1 DAGs
[2025-02-25T23:43:24.975+0000] {logging_mixin.py:190} INFO - [2025-02-25T23:43:24.975+0000] {dag.py:4180} INFO - Setting next_dagrun for example_python_decorator to None, run_after=None
[2025-02-25T23:43:24.988+0000] {processor.py:208} INFO - Processing /home/airflow/.local/lib/python3.12/site-packages/airflow/example_dags/example_python_decorator.py took 0.047 seconds
[2025-02-25T23:43:55.713+0000] {processor.py:186} INFO - Started process (PID=303) to work on /home/airflow/.local/lib/python3.12/site-packages/airflow/example_dags/example_python_decorator.py
[2025-02-25T23:43:55.714+0000] {processor.py:914} INFO - Processing file /home/airflow/.local/lib/python3.12/site-packages/airflow/example_dags/example_python_decorator.py for tasks to queue
[2025-02-25T23:43:55.715+0000] {logging_mixin.py:190} INFO - [2025-02-25T23:43:55.715+0000] {dagbag.py:588} INFO - Filling up the DagBag from /home/airflow/.local/lib/python3.12/site-packages/airflow/example_dags/example_python_decorator.py
[2025-02-25T23:43:55.723+0000] {processor.py:925} INFO - DAG(s) 'example_python_decorator' retrieved from /home/airflow/.local/lib/python3.12/site-packages/airflow/example_dags/example_python_decorator.py
[2025-02-25T23:43:55.737+0000] {logging_mixin.py:190} INFO - [2025-02-25T23:43:55.736+0000] {dag.py:3239} INFO - Sync 1 DAGs
[2025-02-25T23:43:55.745+0000] {logging_mixin.py:190} INFO - [2025-02-25T23:43:55.744+0000] {dag.py:4180} INFO - Setting next_dagrun for example_python_decorator to None, run_after=None
[2025-02-25T23:43:55.755+0000] {processor.py:208} INFO - Processing /home/airflow/.local/lib/python3.12/site-packages/airflow/example_dags/example_python_decorator.py took 0.046 seconds
[2025-02-25T23:44:26.370+0000] {processor.py:186} INFO - Started process (PID=366) to work on /home/airflow/.local/lib/python3.12/site-packages/airflow/example_dags/example_python_decorator.py
[2025-02-25T23:44:26.371+0000] {processor.py:914} INFO - Processing file /home/airflow/.local/lib/python3.12/site-packages/airflow/example_dags/example_python_decorator.py for tasks to queue
[2025-02-25T23:44:26.373+0000] {logging_mixin.py:190} INFO - [2025-02-25T23:44:26.372+0000] {dagbag.py:588} INFO - Filling up the DagBag from /home/airflow/.local/lib/python3.12/site-packages/airflow/example_dags/example_python_decorator.py
[2025-02-25T23:44:26.381+0000] {processor.py:925} INFO - DAG(s) 'example_python_decorator' retrieved from /home/airflow/.local/lib/python3.12/site-packages/airflow/example_dags/example_python_decorator.py
[2025-02-25T23:44:26.396+0000] {logging_mixin.py:190} INFO - [2025-02-25T23:44:26.396+0000] {dag.py:3239} INFO - Sync 1 DAGs
[2025-02-25T23:44:26.407+0000] {logging_mixin.py:190} INFO - [2025-02-25T23:44:26.406+0000] {dag.py:4180} INFO - Setting next_dagrun for example_python_decorator to None, run_after=None
[2025-02-25T23:44:26.420+0000] {processor.py:208} INFO - Processing /home/airflow/.local/lib/python3.12/site-packages/airflow/example_dags/example_python_decorator.py took 0.053 seconds
[2025-02-25T23:44:57.164+0000] {processor.py:186} INFO - Started process (PID=429) to work on /home/airflow/.local/lib/python3.12/site-packages/airflow/example_dags/example_python_decorator.py
[2025-02-25T23:44:57.165+0000] {processor.py:914} INFO - Processing file /home/airflow/.local/lib/python3.12/site-packages/airflow/example_dags/example_python_decorator.py for tasks to queue
[2025-02-25T23:44:57.166+0000] {logging_mixin.py:190} INFO - [2025-02-25T23:44:57.166+0000] {dagbag.py:588} INFO - Filling up the DagBag from /home/airflow/.local/lib/python3.12/site-packages/airflow/example_dags/example_python_decorator.py
[2025-02-25T23:44:57.174+0000] {processor.py:925} INFO - DAG(s) 'example_python_decorator' retrieved from /home/airflow/.local/lib/python3.12/site-packages/airflow/example_dags/example_python_decorator.py
[2025-02-25T23:44:57.187+0000] {logging_mixin.py:190} INFO - [2025-02-25T23:44:57.187+0000] {dag.py:3239} INFO - Sync 1 DAGs
[2025-02-25T23:44:57.195+0000] {logging_mixin.py:190} INFO - [2025-02-25T23:44:57.195+0000] {dag.py:4180} INFO - Setting next_dagrun for example_python_decorator to None, run_after=None
[2025-02-25T23:44:57.210+0000] {processor.py:208} INFO - Processing /home/airflow/.local/lib/python3.12/site-packages/airflow/example_dags/example_python_decorator.py took 0.050 seconds
[2025-02-25T23:45:27.896+0000] {processor.py:186} INFO - Started process (PID=492) to work on /home/airflow/.local/lib/python3.12/site-packages/airflow/example_dags/example_python_decorator.py
[2025-02-25T23:45:27.897+0000] {processor.py:914} INFO - Processing file /home/airflow/.local/lib/python3.12/site-packages/airflow/example_dags/example_python_decorator.py for tasks to queue
[2025-02-25T23:45:27.898+0000] {logging_mixin.py:190} INFO - [2025-02-25T23:45:27.898+0000] {dagbag.py:588} INFO - Filling up the DagBag from /home/airflow/.local/lib/python3.12/site-packages/airflow/example_dags/example_python_decorator.py
[2025-02-25T23:45:27.906+0000] {processor.py:925} INFO - DAG(s) 'example_python_decorator' retrieved from /home/airflow/.local/lib/python3.12/site-packages/airflow/example_dags/example_python_decorator.py
[2025-02-25T23:45:27.919+0000] {logging_mixin.py:190} INFO - [2025-02-25T23:45:27.919+0000] {dag.py:3239} INFO - Sync 1 DAGs
[2025-02-25T23:45:27.927+0000] {logging_mixin.py:190} INFO - [2025-02-25T23:45:27.927+0000] {dag.py:4180} INFO - Setting next_dagrun for example_python_decorator to None, run_after=None
[2025-02-25T23:45:27.938+0000] {processor.py:208} INFO - Processing /home/airflow/.local/lib/python3.12/site-packages/airflow/example_dags/example_python_decorator.py took 0.045 seconds
[2025-02-25T23:45:58.718+0000] {processor.py:186} INFO - Started process (PID=555) to work on /home/airflow/.local/lib/python3.12/site-packages/airflow/example_dags/example_python_decorator.py
[2025-02-25T23:45:58.719+0000] {processor.py:914} INFO - Processing file /home/airflow/.local/lib/python3.12/site-packages/airflow/example_dags/example_python_decorator.py for tasks to queue
[2025-02-25T23:45:58.720+0000] {logging_mixin.py:190} INFO - [2025-02-25T23:45:58.720+0000] {dagbag.py:588} INFO - Filling up the DagBag from /home/airflow/.local/lib/python3.12/site-packages/airflow/example_dags/example_python_decorator.py
[2025-02-25T23:45:58.729+0000] {processor.py:925} INFO - DAG(s) 'example_python_decorator' retrieved from /home/airflow/.local/lib/python3.12/site-packages/airflow/example_dags/example_python_decorator.py
[2025-02-25T23:45:58.743+0000] {logging_mixin.py:190} INFO - [2025-02-25T23:45:58.743+0000] {dag.py:3239} INFO - Sync 1 DAGs
[2025-02-25T23:45:58.751+0000] {logging_mixin.py:190} INFO - [2025-02-25T23:45:58.751+0000] {dag.py:4180} INFO - Setting next_dagrun for example_python_decorator to None, run_after=None
[2025-02-25T23:45:58.764+0000] {processor.py:208} INFO - Processing /home/airflow/.local/lib/python3.12/site-packages/airflow/example_dags/example_python_decorator.py took 0.049 seconds
[2025-02-25T23:46:29.458+0000] {processor.py:186} INFO - Started process (PID=612) to work on /home/airflow/.local/lib/python3.12/site-packages/airflow/example_dags/example_python_decorator.py
[2025-02-25T23:46:29.459+0000] {processor.py:914} INFO - Processing file /home/airflow/.local/lib/python3.12/site-packages/airflow/example_dags/example_python_decorator.py for tasks to queue
[2025-02-25T23:46:29.460+0000] {logging_mixin.py:190} INFO - [2025-02-25T23:46:29.460+0000] {dagbag.py:588} INFO - Filling up the DagBag from /home/airflow/.local/lib/python3.12/site-packages/airflow/example_dags/example_python_decorator.py
[2025-02-25T23:46:29.468+0000] {processor.py:925} INFO - DAG(s) 'example_python_decorator' retrieved from /home/airflow/.local/lib/python3.12/site-packages/airflow/example_dags/example_python_decorator.py
[2025-02-25T23:46:29.482+0000] {logging_mixin.py:190} INFO - [2025-02-25T23:46:29.481+0000] {dag.py:3239} INFO - Sync 1 DAGs
[2025-02-25T23:46:29.492+0000] {logging_mixin.py:190} INFO - [2025-02-25T23:46:29.492+0000] {dag.py:4180} INFO - Setting next_dagrun for example_python_decorator to None, run_after=None
[2025-02-25T23:46:29.507+0000] {processor.py:208} INFO - Processing /home/airflow/.local/lib/python3.12/site-packages/airflow/example_dags/example_python_decorator.py took 0.052 seconds
[2025-02-25T23:47:00.370+0000] {processor.py:186} INFO - Started process (PID=675) to work on /home/airflow/.local/lib/python3.12/site-packages/airflow/example_dags/example_python_decorator.py
[2025-02-25T23:47:00.370+0000] {processor.py:914} INFO - Processing file /home/airflow/.local/lib/python3.12/site-packages/airflow/example_dags/example_python_decorator.py for tasks to queue
[2025-02-25T23:47:00.372+0000] {logging_mixin.py:190} INFO - [2025-02-25T23:47:00.371+0000] {dagbag.py:588} INFO - Filling up the DagBag from /home/airflow/.local/lib/python3.12/site-packages/airflow/example_dags/example_python_decorator.py
[2025-02-25T23:47:00.380+0000] {processor.py:925} INFO - DAG(s) 'example_python_decorator' retrieved from /home/airflow/.local/lib/python3.12/site-packages/airflow/example_dags/example_python_decorator.py
[2025-02-25T23:47:00.394+0000] {logging_mixin.py:190} INFO - [2025-02-25T23:47:00.394+0000] {dag.py:3239} INFO - Sync 1 DAGs
[2025-02-25T23:47:00.403+0000] {logging_mixin.py:190} INFO - [2025-02-25T23:47:00.403+0000] {dag.py:4180} INFO - Setting next_dagrun for example_python_decorator to None, run_after=None
[2025-02-25T23:47:00.413+0000] {processor.py:208} INFO - Processing /home/airflow/.local/lib/python3.12/site-packages/airflow/example_dags/example_python_decorator.py took 0.047 seconds
[2025-02-25T23:47:31.068+0000] {processor.py:186} INFO - Started process (PID=738) to work on /home/airflow/.local/lib/python3.12/site-packages/airflow/example_dags/example_python_decorator.py
[2025-02-25T23:47:31.068+0000] {processor.py:914} INFO - Processing file /home/airflow/.local/lib/python3.12/site-packages/airflow/example_dags/example_python_decorator.py for tasks to queue
[2025-02-25T23:47:31.070+0000] {logging_mixin.py:190} INFO - [2025-02-25T23:47:31.069+0000] {dagbag.py:588} INFO - Filling up the DagBag from /home/airflow/.local/lib/python3.12/site-packages/airflow/example_dags/example_python_decorator.py
[2025-02-25T23:47:31.079+0000] {processor.py:925} INFO - DAG(s) 'example_python_decorator' retrieved from /home/airflow/.local/lib/python3.12/site-packages/airflow/example_dags/example_python_decorator.py
[2025-02-25T23:47:31.094+0000] {logging_mixin.py:190} INFO - [2025-02-25T23:47:31.094+0000] {dag.py:3239} INFO - Sync 1 DAGs
[2025-02-25T23:47:31.102+0000] {logging_mixin.py:190} INFO - [2025-02-25T23:47:31.102+0000] {dag.py:4180} INFO - Setting next_dagrun for example_python_decorator to None, run_after=None
[2025-02-25T23:47:31.112+0000] {processor.py:208} INFO - Processing /home/airflow/.local/lib/python3.12/site-packages/airflow/example_dags/example_python_decorator.py took 0.048 seconds
[2025-02-25T23:48:01.746+0000] {processor.py:186} INFO - Started process (PID=801) to work on /home/airflow/.local/lib/python3.12/site-packages/airflow/example_dags/example_python_decorator.py
[2025-02-25T23:48:01.747+0000] {processor.py:914} INFO - Processing file /home/airflow/.local/lib/python3.12/site-packages/airflow/example_dags/example_python_decorator.py for tasks to queue
[2025-02-25T23:48:01.749+0000] {logging_mixin.py:190} INFO - [2025-02-25T23:48:01.749+0000] {dagbag.py:588} INFO - Filling up the DagBag from /home/airflow/.local/lib/python3.12/site-packages/airflow/example_dags/example_python_decorator.py
[2025-02-25T23:48:01.757+0000] {processor.py:925} INFO - DAG(s) 'example_python_decorator' retrieved from /home/airflow/.local/lib/python3.12/site-packages/airflow/example_dags/example_python_decorator.py
[2025-02-25T23:48:01.771+0000] {logging_mixin.py:190} INFO - [2025-02-25T23:48:01.771+0000] {dag.py:3239} INFO - Sync 1 DAGs
[2025-02-25T23:48:01.780+0000] {logging_mixin.py:190} INFO - [2025-02-25T23:48:01.780+0000] {dag.py:4180} INFO - Setting next_dagrun for example_python_decorator to None, run_after=None
[2025-02-25T23:48:01.792+0000] {processor.py:208} INFO - Processing /home/airflow/.local/lib/python3.12/site-packages/airflow/example_dags/example_python_decorator.py took 0.050 seconds
[2025-02-25T23:48:32.675+0000] {processor.py:186} INFO - Started process (PID=864) to work on /home/airflow/.local/lib/python3.12/site-packages/airflow/example_dags/example_python_decorator.py
[2025-02-25T23:48:32.675+0000] {processor.py:914} INFO - Processing file /home/airflow/.local/lib/python3.12/site-packages/airflow/example_dags/example_python_decorator.py for tasks to queue
[2025-02-25T23:48:32.677+0000] {logging_mixin.py:190} INFO - [2025-02-25T23:48:32.677+0000] {dagbag.py:588} INFO - Filling up the DagBag from /home/airflow/.local/lib/python3.12/site-packages/airflow/example_dags/example_python_decorator.py
[2025-02-25T23:48:32.685+0000] {processor.py:925} INFO - DAG(s) 'example_python_decorator' retrieved from /home/airflow/.local/lib/python3.12/site-packages/airflow/example_dags/example_python_decorator.py
[2025-02-25T23:48:32.699+0000] {logging_mixin.py:190} INFO - [2025-02-25T23:48:32.699+0000] {dag.py:3239} INFO - Sync 1 DAGs
[2025-02-25T23:48:32.709+0000] {logging_mixin.py:190} INFO - [2025-02-25T23:48:32.709+0000] {dag.py:4180} INFO - Setting next_dagrun for example_python_decorator to None, run_after=None
[2025-02-25T23:48:32.721+0000] {processor.py:208} INFO - Processing /home/airflow/.local/lib/python3.12/site-packages/airflow/example_dags/example_python_decorator.py took 0.050 seconds
[2025-02-25T23:49:03.860+0000] {processor.py:186} INFO - Started process (PID=927) to work on /home/airflow/.local/lib/python3.12/site-packages/airflow/example_dags/example_python_decorator.py
[2025-02-25T23:49:03.861+0000] {processor.py:914} INFO - Processing file /home/airflow/.local/lib/python3.12/site-packages/airflow/example_dags/example_python_decorator.py for tasks to queue
[2025-02-25T23:49:03.862+0000] {logging_mixin.py:190} INFO - [2025-02-25T23:49:03.862+0000] {dagbag.py:588} INFO - Filling up the DagBag from /home/airflow/.local/lib/python3.12/site-packages/airflow/example_dags/example_python_decorator.py
[2025-02-25T23:49:03.870+0000] {processor.py:925} INFO - DAG(s) 'example_python_decorator' retrieved from /home/airflow/.local/lib/python3.12/site-packages/airflow/example_dags/example_python_decorator.py
[2025-02-25T23:49:03.882+0000] {logging_mixin.py:190} INFO - [2025-02-25T23:49:03.881+0000] {dag.py:3239} INFO - Sync 1 DAGs
[2025-02-25T23:49:03.889+0000] {logging_mixin.py:190} INFO - [2025-02-25T23:49:03.889+0000] {dag.py:4180} INFO - Setting next_dagrun for example_python_decorator to None, run_after=None
[2025-02-25T23:49:03.899+0000] {processor.py:208} INFO - Processing /home/airflow/.local/lib/python3.12/site-packages/airflow/example_dags/example_python_decorator.py took 0.042 seconds
[2025-02-25T23:49:34.329+0000] {processor.py:186} INFO - Started process (PID=990) to work on /home/airflow/.local/lib/python3.12/site-packages/airflow/example_dags/example_python_decorator.py
[2025-02-25T23:49:34.329+0000] {processor.py:914} INFO - Processing file /home/airflow/.local/lib/python3.12/site-packages/airflow/example_dags/example_python_decorator.py for tasks to queue
[2025-02-25T23:49:34.330+0000] {logging_mixin.py:190} INFO - [2025-02-25T23:49:34.330+0000] {dagbag.py:588} INFO - Filling up the DagBag from /home/airflow/.local/lib/python3.12/site-packages/airflow/example_dags/example_python_decorator.py
[2025-02-25T23:49:34.339+0000] {processor.py:925} INFO - DAG(s) 'example_python_decorator' retrieved from /home/airflow/.local/lib/python3.12/site-packages/airflow/example_dags/example_python_decorator.py
[2025-02-25T23:49:34.352+0000] {logging_mixin.py:190} INFO - [2025-02-25T23:49:34.351+0000] {dag.py:3239} INFO - Sync 1 DAGs
[2025-02-25T23:49:34.360+0000] {logging_mixin.py:190} INFO - [2025-02-25T23:49:34.360+0000] {dag.py:4180} INFO - Setting next_dagrun for example_python_decorator to None, run_after=None
[2025-02-25T23:49:34.370+0000] {processor.py:208} INFO - Processing /home/airflow/.local/lib/python3.12/site-packages/airflow/example_dags/example_python_decorator.py took 0.045 seconds
[2025-02-25T23:50:05.032+0000] {processor.py:186} INFO - Started process (PID=1053) to work on /home/airflow/.local/lib/python3.12/site-packages/airflow/example_dags/example_python_decorator.py
[2025-02-25T23:50:05.033+0000] {processor.py:914} INFO - Processing file /home/airflow/.local/lib/python3.12/site-packages/airflow/example_dags/example_python_decorator.py for tasks to queue
[2025-02-25T23:50:05.035+0000] {logging_mixin.py:190} INFO - [2025-02-25T23:50:05.034+0000] {dagbag.py:588} INFO - Filling up the DagBag from /home/airflow/.local/lib/python3.12/site-packages/airflow/example_dags/example_python_decorator.py
[2025-02-25T23:50:05.043+0000] {processor.py:925} INFO - DAG(s) 'example_python_decorator' retrieved from /home/airflow/.local/lib/python3.12/site-packages/airflow/example_dags/example_python_decorator.py
[2025-02-25T23:50:05.059+0000] {logging_mixin.py:190} INFO - [2025-02-25T23:50:05.059+0000] {dag.py:3239} INFO - Sync 1 DAGs
[2025-02-25T23:50:05.069+0000] {logging_mixin.py:190} INFO - [2025-02-25T23:50:05.068+0000] {dag.py:4180} INFO - Setting next_dagrun for example_python_decorator to None, run_after=None
[2025-02-25T23:50:05.080+0000] {processor.py:208} INFO - Processing /home/airflow/.local/lib/python3.12/site-packages/airflow/example_dags/example_python_decorator.py took 0.051 seconds
[2025-02-25T23:50:35.478+0000] {processor.py:186} INFO - Started process (PID=1115) to work on /home/airflow/.local/lib/python3.12/site-packages/airflow/example_dags/example_python_decorator.py
[2025-02-25T23:50:35.479+0000] {processor.py:914} INFO - Processing file /home/airflow/.local/lib/python3.12/site-packages/airflow/example_dags/example_python_decorator.py for tasks to queue
[2025-02-25T23:50:35.480+0000] {logging_mixin.py:190} INFO - [2025-02-25T23:50:35.480+0000] {dagbag.py:588} INFO - Filling up the DagBag from /home/airflow/.local/lib/python3.12/site-packages/airflow/example_dags/example_python_decorator.py
[2025-02-25T23:50:35.488+0000] {processor.py:925} INFO - DAG(s) 'example_python_decorator' retrieved from /home/airflow/.local/lib/python3.12/site-packages/airflow/example_dags/example_python_decorator.py
[2025-02-25T23:50:35.502+0000] {logging_mixin.py:190} INFO - [2025-02-25T23:50:35.502+0000] {dag.py:3239} INFO - Sync 1 DAGs
[2025-02-25T23:50:35.511+0000] {logging_mixin.py:190} INFO - [2025-02-25T23:50:35.511+0000] {dag.py:4180} INFO - Setting next_dagrun for example_python_decorator to None, run_after=None
[2025-02-25T23:50:35.522+0000] {processor.py:208} INFO - Processing /home/airflow/.local/lib/python3.12/site-packages/airflow/example_dags/example_python_decorator.py took 0.047 seconds
[2025-02-25T23:51:05.950+0000] {processor.py:186} INFO - Started process (PID=1178) to work on /home/airflow/.local/lib/python3.12/site-packages/airflow/example_dags/example_python_decorator.py
[2025-02-25T23:51:05.951+0000] {processor.py:914} INFO - Processing file /home/airflow/.local/lib/python3.12/site-packages/airflow/example_dags/example_python_decorator.py for tasks to queue
[2025-02-25T23:51:05.952+0000] {logging_mixin.py:190} INFO - [2025-02-25T23:51:05.952+0000] {dagbag.py:588} INFO - Filling up the DagBag from /home/airflow/.local/lib/python3.12/site-packages/airflow/example_dags/example_python_decorator.py
[2025-02-25T23:51:05.960+0000] {processor.py:925} INFO - DAG(s) 'example_python_decorator' retrieved from /home/airflow/.local/lib/python3.12/site-packages/airflow/example_dags/example_python_decorator.py
[2025-02-25T23:51:05.973+0000] {logging_mixin.py:190} INFO - [2025-02-25T23:51:05.973+0000] {dag.py:3239} INFO - Sync 1 DAGs
[2025-02-25T23:51:05.981+0000] {logging_mixin.py:190} INFO - [2025-02-25T23:51:05.981+0000] {dag.py:4180} INFO - Setting next_dagrun for example_python_decorator to None, run_after=None
[2025-02-25T23:51:05.993+0000] {processor.py:208} INFO - Processing /home/airflow/.local/lib/python3.12/site-packages/airflow/example_dags/example_python_decorator.py took 0.046 seconds
[2025-02-25T23:51:36.508+0000] {processor.py:186} INFO - Started process (PID=1241) to work on /home/airflow/.local/lib/python3.12/site-packages/airflow/example_dags/example_python_decorator.py
[2025-02-25T23:51:36.509+0000] {processor.py:914} INFO - Processing file /home/airflow/.local/lib/python3.12/site-packages/airflow/example_dags/example_python_decorator.py for tasks to queue
[2025-02-25T23:51:36.511+0000] {logging_mixin.py:190} INFO - [2025-02-25T23:51:36.510+0000] {dagbag.py:588} INFO - Filling up the DagBag from /home/airflow/.local/lib/python3.12/site-packages/airflow/example_dags/example_python_decorator.py
[2025-02-25T23:51:36.519+0000] {processor.py:925} INFO - DAG(s) 'example_python_decorator' retrieved from /home/airflow/.local/lib/python3.12/site-packages/airflow/example_dags/example_python_decorator.py
[2025-02-25T23:51:36.532+0000] {logging_mixin.py:190} INFO - [2025-02-25T23:51:36.532+0000] {dag.py:3239} INFO - Sync 1 DAGs
[2025-02-25T23:51:36.540+0000] {logging_mixin.py:190} INFO - [2025-02-25T23:51:36.540+0000] {dag.py:4180} INFO - Setting next_dagrun for example_python_decorator to None, run_after=None
[2025-02-25T23:51:36.551+0000] {processor.py:208} INFO - Processing /home/airflow/.local/lib/python3.12/site-packages/airflow/example_dags/example_python_decorator.py took 0.046 seconds
[2025-02-25T23:52:07.600+0000] {processor.py:186} INFO - Started process (PID=1305) to work on /home/airflow/.local/lib/python3.12/site-packages/airflow/example_dags/example_python_decorator.py
[2025-02-25T23:52:07.601+0000] {processor.py:914} INFO - Processing file /home/airflow/.local/lib/python3.12/site-packages/airflow/example_dags/example_python_decorator.py for tasks to queue
[2025-02-25T23:52:07.602+0000] {logging_mixin.py:190} INFO - [2025-02-25T23:52:07.602+0000] {dagbag.py:588} INFO - Filling up the DagBag from /home/airflow/.local/lib/python3.12/site-packages/airflow/example_dags/example_python_decorator.py
[2025-02-25T23:52:07.610+0000] {processor.py:925} INFO - DAG(s) 'example_python_decorator' retrieved from /home/airflow/.local/lib/python3.12/site-packages/airflow/example_dags/example_python_decorator.py
[2025-02-25T23:52:07.622+0000] {logging_mixin.py:190} INFO - [2025-02-25T23:52:07.622+0000] {dag.py:3239} INFO - Sync 1 DAGs
[2025-02-25T23:52:07.629+0000] {logging_mixin.py:190} INFO - [2025-02-25T23:52:07.629+0000] {dag.py:4180} INFO - Setting next_dagrun for example_python_decorator to None, run_after=None
[2025-02-25T23:52:07.642+0000] {processor.py:208} INFO - Processing /home/airflow/.local/lib/python3.12/site-packages/airflow/example_dags/example_python_decorator.py took 0.045 seconds
[2025-02-25T23:52:38.598+0000] {processor.py:186} INFO - Started process (PID=1368) to work on /home/airflow/.local/lib/python3.12/site-packages/airflow/example_dags/example_python_decorator.py
[2025-02-25T23:52:38.598+0000] {processor.py:914} INFO - Processing file /home/airflow/.local/lib/python3.12/site-packages/airflow/example_dags/example_python_decorator.py for tasks to queue
[2025-02-25T23:52:38.600+0000] {logging_mixin.py:190} INFO - [2025-02-25T23:52:38.599+0000] {dagbag.py:588} INFO - Filling up the DagBag from /home/airflow/.local/lib/python3.12/site-packages/airflow/example_dags/example_python_decorator.py
[2025-02-25T23:52:38.607+0000] {processor.py:925} INFO - DAG(s) 'example_python_decorator' retrieved from /home/airflow/.local/lib/python3.12/site-packages/airflow/example_dags/example_python_decorator.py
[2025-02-25T23:52:38.621+0000] {logging_mixin.py:190} INFO - [2025-02-25T23:52:38.620+0000] {dag.py:3239} INFO - Sync 1 DAGs
[2025-02-25T23:52:38.628+0000] {logging_mixin.py:190} INFO - [2025-02-25T23:52:38.628+0000] {dag.py:4180} INFO - Setting next_dagrun for example_python_decorator to None, run_after=None
[2025-02-25T23:52:38.638+0000] {processor.py:208} INFO - Processing /home/airflow/.local/lib/python3.12/site-packages/airflow/example_dags/example_python_decorator.py took 0.044 seconds
[2025-02-25T23:53:09.578+0000] {processor.py:186} INFO - Started process (PID=1432) to work on /home/airflow/.local/lib/python3.12/site-packages/airflow/example_dags/example_python_decorator.py
[2025-02-25T23:53:09.579+0000] {processor.py:914} INFO - Processing file /home/airflow/.local/lib/python3.12/site-packages/airflow/example_dags/example_python_decorator.py for tasks to queue
[2025-02-25T23:53:09.581+0000] {logging_mixin.py:190} INFO - [2025-02-25T23:53:09.580+0000] {dagbag.py:588} INFO - Filling up the DagBag from /home/airflow/.local/lib/python3.12/site-packages/airflow/example_dags/example_python_decorator.py
[2025-02-25T23:53:09.589+0000] {processor.py:925} INFO - DAG(s) 'example_python_decorator' retrieved from /home/airflow/.local/lib/python3.12/site-packages/airflow/example_dags/example_python_decorator.py
[2025-02-25T23:53:09.603+0000] {logging_mixin.py:190} INFO - [2025-02-25T23:53:09.603+0000] {dag.py:3239} INFO - Sync 1 DAGs
[2025-02-25T23:53:09.612+0000] {logging_mixin.py:190} INFO - [2025-02-25T23:53:09.612+0000] {dag.py:4180} INFO - Setting next_dagrun for example_python_decorator to None, run_after=None
[2025-02-25T23:53:09.623+0000] {processor.py:208} INFO - Processing /home/airflow/.local/lib/python3.12/site-packages/airflow/example_dags/example_python_decorator.py took 0.048 seconds
[2025-02-25T23:53:40.600+0000] {processor.py:186} INFO - Started process (PID=1495) to work on /home/airflow/.local/lib/python3.12/site-packages/airflow/example_dags/example_python_decorator.py
[2025-02-25T23:53:40.601+0000] {processor.py:914} INFO - Processing file /home/airflow/.local/lib/python3.12/site-packages/airflow/example_dags/example_python_decorator.py for tasks to queue
[2025-02-25T23:53:40.602+0000] {logging_mixin.py:190} INFO - [2025-02-25T23:53:40.602+0000] {dagbag.py:588} INFO - Filling up the DagBag from /home/airflow/.local/lib/python3.12/site-packages/airflow/example_dags/example_python_decorator.py
[2025-02-25T23:53:40.610+0000] {processor.py:925} INFO - DAG(s) 'example_python_decorator' retrieved from /home/airflow/.local/lib/python3.12/site-packages/airflow/example_dags/example_python_decorator.py
[2025-02-25T23:53:40.624+0000] {logging_mixin.py:190} INFO - [2025-02-25T23:53:40.623+0000] {dag.py:3239} INFO - Sync 1 DAGs
[2025-02-25T23:53:40.632+0000] {logging_mixin.py:190} INFO - [2025-02-25T23:53:40.632+0000] {dag.py:4180} INFO - Setting next_dagrun for example_python_decorator to None, run_after=None
[2025-02-25T23:53:40.646+0000] {processor.py:208} INFO - Processing /home/airflow/.local/lib/python3.12/site-packages/airflow/example_dags/example_python_decorator.py took 0.050 seconds
[2025-02-25T23:54:11.438+0000] {processor.py:186} INFO - Started process (PID=1558) to work on /home/airflow/.local/lib/python3.12/site-packages/airflow/example_dags/example_python_decorator.py
[2025-02-25T23:54:11.438+0000] {processor.py:914} INFO - Processing file /home/airflow/.local/lib/python3.12/site-packages/airflow/example_dags/example_python_decorator.py for tasks to queue
[2025-02-25T23:54:11.440+0000] {logging_mixin.py:190} INFO - [2025-02-25T23:54:11.440+0000] {dagbag.py:588} INFO - Filling up the DagBag from /home/airflow/.local/lib/python3.12/site-packages/airflow/example_dags/example_python_decorator.py
[2025-02-25T23:54:11.450+0000] {processor.py:925} INFO - DAG(s) 'example_python_decorator' retrieved from /home/airflow/.local/lib/python3.12/site-packages/airflow/example_dags/example_python_decorator.py
[2025-02-25T23:54:11.465+0000] {logging_mixin.py:190} INFO - [2025-02-25T23:54:11.465+0000] {dag.py:3239} INFO - Sync 1 DAGs
[2025-02-25T23:54:11.476+0000] {logging_mixin.py:190} INFO - [2025-02-25T23:54:11.476+0000] {dag.py:4180} INFO - Setting next_dagrun for example_python_decorator to None, run_after=None
[2025-02-25T23:54:11.492+0000] {processor.py:208} INFO - Processing /home/airflow/.local/lib/python3.12/site-packages/airflow/example_dags/example_python_decorator.py took 0.059 seconds
[2025-02-25T23:54:42.460+0000] {processor.py:186} INFO - Started process (PID=1621) to work on /home/airflow/.local/lib/python3.12/site-packages/airflow/example_dags/example_python_decorator.py
[2025-02-25T23:54:42.460+0000] {processor.py:914} INFO - Processing file /home/airflow/.local/lib/python3.12/site-packages/airflow/example_dags/example_python_decorator.py for tasks to queue
[2025-02-25T23:54:42.462+0000] {logging_mixin.py:190} INFO - [2025-02-25T23:54:42.461+0000] {dagbag.py:588} INFO - Filling up the DagBag from /home/airflow/.local/lib/python3.12/site-packages/airflow/example_dags/example_python_decorator.py
[2025-02-25T23:54:42.470+0000] {processor.py:925} INFO - DAG(s) 'example_python_decorator' retrieved from /home/airflow/.local/lib/python3.12/site-packages/airflow/example_dags/example_python_decorator.py
[2025-02-25T23:54:42.483+0000] {logging_mixin.py:190} INFO - [2025-02-25T23:54:42.483+0000] {dag.py:3239} INFO - Sync 1 DAGs
[2025-02-25T23:54:42.492+0000] {logging_mixin.py:190} INFO - [2025-02-25T23:54:42.492+0000] {dag.py:4180} INFO - Setting next_dagrun for example_python_decorator to None, run_after=None
[2025-02-25T23:54:42.503+0000] {processor.py:208} INFO - Processing /home/airflow/.local/lib/python3.12/site-packages/airflow/example_dags/example_python_decorator.py took 0.046 seconds
[2025-02-25T23:55:16.773+0000] {processor.py:186} INFO - Started process (PID=1684) to work on /home/airflow/.local/lib/python3.12/site-packages/airflow/example_dags/example_python_decorator.py
[2025-02-25T23:55:16.773+0000] {processor.py:914} INFO - Processing file /home/airflow/.local/lib/python3.12/site-packages/airflow/example_dags/example_python_decorator.py for tasks to queue
[2025-02-25T23:55:16.774+0000] {logging_mixin.py:190} INFO - [2025-02-25T23:55:16.774+0000] {dagbag.py:588} INFO - Filling up the DagBag from /home/airflow/.local/lib/python3.12/site-packages/airflow/example_dags/example_python_decorator.py
[2025-02-25T23:55:16.782+0000] {processor.py:925} INFO - DAG(s) 'example_python_decorator' retrieved from /home/airflow/.local/lib/python3.12/site-packages/airflow/example_dags/example_python_decorator.py
[2025-02-25T23:55:16.796+0000] {logging_mixin.py:190} INFO - [2025-02-25T23:55:16.795+0000] {dag.py:3239} INFO - Sync 1 DAGs
[2025-02-25T23:55:16.804+0000] {logging_mixin.py:190} INFO - [2025-02-25T23:55:16.804+0000] {dag.py:4180} INFO - Setting next_dagrun for example_python_decorator to None, run_after=None
[2025-02-25T23:55:16.815+0000] {processor.py:208} INFO - Processing /home/airflow/.local/lib/python3.12/site-packages/airflow/example_dags/example_python_decorator.py took 0.045 seconds
[2025-02-25T23:55:47.715+0000] {processor.py:186} INFO - Started process (PID=1747) to work on /home/airflow/.local/lib/python3.12/site-packages/airflow/example_dags/example_python_decorator.py
[2025-02-25T23:55:47.716+0000] {processor.py:914} INFO - Processing file /home/airflow/.local/lib/python3.12/site-packages/airflow/example_dags/example_python_decorator.py for tasks to queue
[2025-02-25T23:55:47.717+0000] {logging_mixin.py:190} INFO - [2025-02-25T23:55:47.717+0000] {dagbag.py:588} INFO - Filling up the DagBag from /home/airflow/.local/lib/python3.12/site-packages/airflow/example_dags/example_python_decorator.py
[2025-02-25T23:55:47.726+0000] {processor.py:925} INFO - DAG(s) 'example_python_decorator' retrieved from /home/airflow/.local/lib/python3.12/site-packages/airflow/example_dags/example_python_decorator.py
[2025-02-25T23:55:47.741+0000] {logging_mixin.py:190} INFO - [2025-02-25T23:55:47.741+0000] {dag.py:3239} INFO - Sync 1 DAGs
[2025-02-25T23:55:47.750+0000] {logging_mixin.py:190} INFO - [2025-02-25T23:55:47.750+0000] {dag.py:4180} INFO - Setting next_dagrun for example_python_decorator to None, run_after=None
[2025-02-25T23:55:47.763+0000] {processor.py:208} INFO - Processing /home/airflow/.local/lib/python3.12/site-packages/airflow/example_dags/example_python_decorator.py took 0.052 seconds
[2025-02-25T23:56:18.539+0000] {processor.py:186} INFO - Started process (PID=1810) to work on /home/airflow/.local/lib/python3.12/site-packages/airflow/example_dags/example_python_decorator.py
[2025-02-25T23:56:18.540+0000] {processor.py:914} INFO - Processing file /home/airflow/.local/lib/python3.12/site-packages/airflow/example_dags/example_python_decorator.py for tasks to queue
[2025-02-25T23:56:18.541+0000] {logging_mixin.py:190} INFO - [2025-02-25T23:56:18.541+0000] {dagbag.py:588} INFO - Filling up the DagBag from /home/airflow/.local/lib/python3.12/site-packages/airflow/example_dags/example_python_decorator.py
[2025-02-25T23:56:18.549+0000] {processor.py:925} INFO - DAG(s) 'example_python_decorator' retrieved from /home/airflow/.local/lib/python3.12/site-packages/airflow/example_dags/example_python_decorator.py
[2025-02-25T23:56:18.562+0000] {logging_mixin.py:190} INFO - [2025-02-25T23:56:18.562+0000] {dag.py:3239} INFO - Sync 1 DAGs
[2025-02-25T23:56:18.570+0000] {logging_mixin.py:190} INFO - [2025-02-25T23:56:18.570+0000] {dag.py:4180} INFO - Setting next_dagrun for example_python_decorator to None, run_after=None
[2025-02-25T23:56:18.581+0000] {processor.py:208} INFO - Processing /home/airflow/.local/lib/python3.12/site-packages/airflow/example_dags/example_python_decorator.py took 0.045 seconds
[2025-02-25T23:56:48.641+0000] {processor.py:186} INFO - Started process (PID=1866) to work on /home/airflow/.local/lib/python3.12/site-packages/airflow/example_dags/example_python_decorator.py
[2025-02-25T23:56:48.642+0000] {processor.py:914} INFO - Processing file /home/airflow/.local/lib/python3.12/site-packages/airflow/example_dags/example_python_decorator.py for tasks to queue
[2025-02-25T23:56:48.643+0000] {logging_mixin.py:190} INFO - [2025-02-25T23:56:48.643+0000] {dagbag.py:588} INFO - Filling up the DagBag from /home/airflow/.local/lib/python3.12/site-packages/airflow/example_dags/example_python_decorator.py
[2025-02-25T23:56:48.652+0000] {processor.py:925} INFO - DAG(s) 'example_python_decorator' retrieved from /home/airflow/.local/lib/python3.12/site-packages/airflow/example_dags/example_python_decorator.py
[2025-02-25T23:56:48.665+0000] {logging_mixin.py:190} INFO - [2025-02-25T23:56:48.665+0000] {dag.py:3239} INFO - Sync 1 DAGs
[2025-02-25T23:56:48.674+0000] {logging_mixin.py:190} INFO - [2025-02-25T23:56:48.674+0000] {dag.py:4180} INFO - Setting next_dagrun for example_python_decorator to None, run_after=None
[2025-02-25T23:56:48.685+0000] {processor.py:208} INFO - Processing /home/airflow/.local/lib/python3.12/site-packages/airflow/example_dags/example_python_decorator.py took 0.047 seconds
[2025-02-25T23:57:19.557+0000] {processor.py:186} INFO - Started process (PID=1929) to work on /home/airflow/.local/lib/python3.12/site-packages/airflow/example_dags/example_python_decorator.py
[2025-02-25T23:57:19.561+0000] {processor.py:914} INFO - Processing file /home/airflow/.local/lib/python3.12/site-packages/airflow/example_dags/example_python_decorator.py for tasks to queue
[2025-02-25T23:57:19.562+0000] {logging_mixin.py:190} INFO - [2025-02-25T23:57:19.562+0000] {dagbag.py:588} INFO - Filling up the DagBag from /home/airflow/.local/lib/python3.12/site-packages/airflow/example_dags/example_python_decorator.py
[2025-02-25T23:57:19.570+0000] {processor.py:925} INFO - DAG(s) 'example_python_decorator' retrieved from /home/airflow/.local/lib/python3.12/site-packages/airflow/example_dags/example_python_decorator.py
[2025-02-25T23:57:19.582+0000] {logging_mixin.py:190} INFO - [2025-02-25T23:57:19.582+0000] {dag.py:3239} INFO - Sync 1 DAGs
[2025-02-25T23:57:19.590+0000] {logging_mixin.py:190} INFO - [2025-02-25T23:57:19.590+0000] {dag.py:4180} INFO - Setting next_dagrun for example_python_decorator to None, run_after=None
[2025-02-25T23:57:19.606+0000] {processor.py:208} INFO - Processing /home/airflow/.local/lib/python3.12/site-packages/airflow/example_dags/example_python_decorator.py took 0.052 seconds
[2025-02-25T23:57:50.435+0000] {processor.py:186} INFO - Started process (PID=1992) to work on /home/airflow/.local/lib/python3.12/site-packages/airflow/example_dags/example_python_decorator.py
[2025-02-25T23:57:50.437+0000] {processor.py:914} INFO - Processing file /home/airflow/.local/lib/python3.12/site-packages/airflow/example_dags/example_python_decorator.py for tasks to queue
[2025-02-25T23:57:50.439+0000] {logging_mixin.py:190} INFO - [2025-02-25T23:57:50.438+0000] {dagbag.py:588} INFO - Filling up the DagBag from /home/airflow/.local/lib/python3.12/site-packages/airflow/example_dags/example_python_decorator.py
[2025-02-25T23:57:50.446+0000] {processor.py:925} INFO - DAG(s) 'example_python_decorator' retrieved from /home/airflow/.local/lib/python3.12/site-packages/airflow/example_dags/example_python_decorator.py
[2025-02-25T23:57:50.459+0000] {logging_mixin.py:190} INFO - [2025-02-25T23:57:50.458+0000] {dag.py:3239} INFO - Sync 1 DAGs
[2025-02-25T23:57:50.467+0000] {logging_mixin.py:190} INFO - [2025-02-25T23:57:50.467+0000] {dag.py:4180} INFO - Setting next_dagrun for example_python_decorator to None, run_after=None
[2025-02-25T23:57:50.482+0000] {processor.py:208} INFO - Processing /home/airflow/.local/lib/python3.12/site-packages/airflow/example_dags/example_python_decorator.py took 0.051 seconds
[2025-02-25T23:58:21.142+0000] {processor.py:186} INFO - Started process (PID=2055) to work on /home/airflow/.local/lib/python3.12/site-packages/airflow/example_dags/example_python_decorator.py
[2025-02-25T23:58:21.143+0000] {processor.py:914} INFO - Processing file /home/airflow/.local/lib/python3.12/site-packages/airflow/example_dags/example_python_decorator.py for tasks to queue
[2025-02-25T23:58:21.144+0000] {logging_mixin.py:190} INFO - [2025-02-25T23:58:21.144+0000] {dagbag.py:588} INFO - Filling up the DagBag from /home/airflow/.local/lib/python3.12/site-packages/airflow/example_dags/example_python_decorator.py
[2025-02-25T23:58:21.152+0000] {processor.py:925} INFO - DAG(s) 'example_python_decorator' retrieved from /home/airflow/.local/lib/python3.12/site-packages/airflow/example_dags/example_python_decorator.py
[2025-02-25T23:58:21.165+0000] {logging_mixin.py:190} INFO - [2025-02-25T23:58:21.165+0000] {dag.py:3239} INFO - Sync 1 DAGs
[2025-02-25T23:58:21.173+0000] {logging_mixin.py:190} INFO - [2025-02-25T23:58:21.173+0000] {dag.py:4180} INFO - Setting next_dagrun for example_python_decorator to None, run_after=None
[2025-02-25T23:58:21.184+0000] {processor.py:208} INFO - Processing /home/airflow/.local/lib/python3.12/site-packages/airflow/example_dags/example_python_decorator.py took 0.045 seconds
[2025-02-25T23:58:51.811+0000] {processor.py:186} INFO - Started process (PID=2118) to work on /home/airflow/.local/lib/python3.12/site-packages/airflow/example_dags/example_python_decorator.py
[2025-02-25T23:58:51.812+0000] {processor.py:914} INFO - Processing file /home/airflow/.local/lib/python3.12/site-packages/airflow/example_dags/example_python_decorator.py for tasks to queue
[2025-02-25T23:58:51.813+0000] {logging_mixin.py:190} INFO - [2025-02-25T23:58:51.813+0000] {dagbag.py:588} INFO - Filling up the DagBag from /home/airflow/.local/lib/python3.12/site-packages/airflow/example_dags/example_python_decorator.py
[2025-02-25T23:58:51.821+0000] {processor.py:925} INFO - DAG(s) 'example_python_decorator' retrieved from /home/airflow/.local/lib/python3.12/site-packages/airflow/example_dags/example_python_decorator.py
[2025-02-25T23:58:51.834+0000] {logging_mixin.py:190} INFO - [2025-02-25T23:58:51.834+0000] {dag.py:3239} INFO - Sync 1 DAGs
[2025-02-25T23:58:51.842+0000] {logging_mixin.py:190} INFO - [2025-02-25T23:58:51.842+0000] {dag.py:4180} INFO - Setting next_dagrun for example_python_decorator to None, run_after=None
[2025-02-25T23:58:51.853+0000] {processor.py:208} INFO - Processing /home/airflow/.local/lib/python3.12/site-packages/airflow/example_dags/example_python_decorator.py took 0.045 seconds
[2025-02-25T23:59:22.444+0000] {processor.py:186} INFO - Started process (PID=2181) to work on /home/airflow/.local/lib/python3.12/site-packages/airflow/example_dags/example_python_decorator.py
[2025-02-25T23:59:22.445+0000] {processor.py:914} INFO - Processing file /home/airflow/.local/lib/python3.12/site-packages/airflow/example_dags/example_python_decorator.py for tasks to queue
[2025-02-25T23:59:22.446+0000] {logging_mixin.py:190} INFO - [2025-02-25T23:59:22.446+0000] {dagbag.py:588} INFO - Filling up the DagBag from /home/airflow/.local/lib/python3.12/site-packages/airflow/example_dags/example_python_decorator.py
[2025-02-25T23:59:22.454+0000] {processor.py:925} INFO - DAG(s) 'example_python_decorator' retrieved from /home/airflow/.local/lib/python3.12/site-packages/airflow/example_dags/example_python_decorator.py
[2025-02-25T23:59:22.467+0000] {logging_mixin.py:190} INFO - [2025-02-25T23:59:22.467+0000] {dag.py:3239} INFO - Sync 1 DAGs
[2025-02-25T23:59:22.476+0000] {logging_mixin.py:190} INFO - [2025-02-25T23:59:22.475+0000] {dag.py:4180} INFO - Setting next_dagrun for example_python_decorator to None, run_after=None
[2025-02-25T23:59:22.496+0000] {processor.py:208} INFO - Processing /home/airflow/.local/lib/python3.12/site-packages/airflow/example_dags/example_python_decorator.py took 0.055 seconds
[2025-02-25T23:59:56.931+0000] {processor.py:186} INFO - Started process (PID=2244) to work on /home/airflow/.local/lib/python3.12/site-packages/airflow/example_dags/example_python_decorator.py
[2025-02-25T23:59:56.932+0000] {processor.py:914} INFO - Processing file /home/airflow/.local/lib/python3.12/site-packages/airflow/example_dags/example_python_decorator.py for tasks to queue
[2025-02-25T23:59:56.933+0000] {logging_mixin.py:190} INFO - [2025-02-25T23:59:56.933+0000] {dagbag.py:588} INFO - Filling up the DagBag from /home/airflow/.local/lib/python3.12/site-packages/airflow/example_dags/example_python_decorator.py
[2025-02-25T23:59:56.941+0000] {processor.py:925} INFO - DAG(s) 'example_python_decorator' retrieved from /home/airflow/.local/lib/python3.12/site-packages/airflow/example_dags/example_python_decorator.py
[2025-02-25T23:59:56.952+0000] {logging_mixin.py:190} INFO - [2025-02-25T23:59:56.952+0000] {dag.py:3239} INFO - Sync 1 DAGs
[2025-02-25T23:59:56.960+0000] {logging_mixin.py:190} INFO - [2025-02-25T23:59:56.960+0000] {dag.py:4180} INFO - Setting next_dagrun for example_python_decorator to None, run_after=None
[2025-02-25T23:59:56.970+0000] {processor.py:208} INFO - Processing /home/airflow/.local/lib/python3.12/site-packages/airflow/example_dags/example_python_decorator.py took 0.042 seconds
