[2025-02-25T23:22:16.336+0000] {processor.py:186} INFO - Started process (PID=74) to work on /home/airflow/.local/lib/python3.12/site-packages/airflow/example_dags/example_params_trigger_ui.py
[2025-02-25T23:22:16.336+0000] {processor.py:914} INFO - Processing file /home/airflow/.local/lib/python3.12/site-packages/airflow/example_dags/example_params_trigger_ui.py for tasks to queue
[2025-02-25T23:22:16.337+0000] {logging_mixin.py:190} INFO - [2025-02-25T23:22:16.337+0000] {dagbag.py:588} INFO - Filling up the DagBag from /home/airflow/.local/lib/python3.12/site-packages/airflow/example_dags/example_params_trigger_ui.py
[2025-02-25T23:22:16.344+0000] {processor.py:925} INFO - DAG(s) 'example_params_trigger_ui' retrieved from /home/airflow/.local/lib/python3.12/site-packages/airflow/example_dags/example_params_trigger_ui.py
[2025-02-25T23:22:16.416+0000] {logging_mixin.py:190} INFO - [2025-02-25T23:22:16.416+0000] {override.py:1912} INFO - Created Permission View: can edit on DAG:example_params_trigger_ui
[2025-02-25T23:22:16.423+0000] {logging_mixin.py:190} INFO - [2025-02-25T23:22:16.422+0000] {override.py:1912} INFO - Created Permission View: can delete on DAG:example_params_trigger_ui
[2025-02-25T23:22:16.426+0000] {logging_mixin.py:190} INFO - [2025-02-25T23:22:16.426+0000] {override.py:1912} INFO - Created Permission View: can read on DAG:example_params_trigger_ui
[2025-02-25T23:22:16.430+0000] {logging_mixin.py:190} INFO - [2025-02-25T23:22:16.430+0000] {override.py:1912} INFO - Created Permission View: can delete on DAG Run:example_params_trigger_ui
[2025-02-25T23:22:16.434+0000] {logging_mixin.py:190} INFO - [2025-02-25T23:22:16.434+0000] {override.py:1912} INFO - Created Permission View: can read on DAG Run:example_params_trigger_ui
[2025-02-25T23:22:16.438+0000] {logging_mixin.py:190} INFO - [2025-02-25T23:22:16.438+0000] {override.py:1912} INFO - Created Permission View: menu access on DAG Run:example_params_trigger_ui
[2025-02-25T23:22:16.441+0000] {logging_mixin.py:190} INFO - [2025-02-25T23:22:16.441+0000] {override.py:1912} INFO - Created Permission View: can create on DAG Run:example_params_trigger_ui
[2025-02-25T23:22:16.441+0000] {logging_mixin.py:190} INFO - [2025-02-25T23:22:16.441+0000] {dag.py:3239} INFO - Sync 1 DAGs
[2025-02-25T23:22:16.448+0000] {logging_mixin.py:190} INFO - [2025-02-25T23:22:16.448+0000] {dag.py:3262} INFO - Creating ORM DAG for example_params_trigger_ui
[2025-02-25T23:22:16.448+0000] {logging_mixin.py:190} INFO - [2025-02-25T23:22:16.448+0000] {dag.py:4180} INFO - Setting next_dagrun for example_params_trigger_ui to None, run_after=None
[2025-02-25T23:22:16.457+0000] {processor.py:208} INFO - Processing /home/airflow/.local/lib/python3.12/site-packages/airflow/example_dags/example_params_trigger_ui.py took 0.125 seconds
[2025-02-25T23:22:47.326+0000] {processor.py:186} INFO - Started process (PID=137) to work on /home/airflow/.local/lib/python3.12/site-packages/airflow/example_dags/example_params_trigger_ui.py
[2025-02-25T23:22:47.327+0000] {processor.py:914} INFO - Processing file /home/airflow/.local/lib/python3.12/site-packages/airflow/example_dags/example_params_trigger_ui.py for tasks to queue
[2025-02-25T23:22:47.328+0000] {logging_mixin.py:190} INFO - [2025-02-25T23:22:47.328+0000] {dagbag.py:588} INFO - Filling up the DagBag from /home/airflow/.local/lib/python3.12/site-packages/airflow/example_dags/example_params_trigger_ui.py
[2025-02-25T23:22:47.334+0000] {processor.py:925} INFO - DAG(s) 'example_params_trigger_ui' retrieved from /home/airflow/.local/lib/python3.12/site-packages/airflow/example_dags/example_params_trigger_ui.py
[2025-02-25T23:22:47.359+0000] {logging_mixin.py:190} INFO - [2025-02-25T23:22:47.359+0000] {dag.py:3239} INFO - Sync 1 DAGs
[2025-02-25T23:22:47.367+0000] {logging_mixin.py:190} INFO - [2025-02-25T23:22:47.367+0000] {dag.py:4180} INFO - Setting next_dagrun for example_params_trigger_ui to None, run_after=None
[2025-02-25T23:22:47.377+0000] {processor.py:208} INFO - Processing /home/airflow/.local/lib/python3.12/site-packages/airflow/example_dags/example_params_trigger_ui.py took 0.054 seconds
[2025-02-25T23:23:18.221+0000] {processor.py:186} INFO - Started process (PID=200) to work on /home/airflow/.local/lib/python3.12/site-packages/airflow/example_dags/example_params_trigger_ui.py
[2025-02-25T23:23:18.222+0000] {processor.py:914} INFO - Processing file /home/airflow/.local/lib/python3.12/site-packages/airflow/example_dags/example_params_trigger_ui.py for tasks to queue
[2025-02-25T23:23:18.223+0000] {logging_mixin.py:190} INFO - [2025-02-25T23:23:18.223+0000] {dagbag.py:588} INFO - Filling up the DagBag from /home/airflow/.local/lib/python3.12/site-packages/airflow/example_dags/example_params_trigger_ui.py
[2025-02-25T23:23:18.229+0000] {processor.py:925} INFO - DAG(s) 'example_params_trigger_ui' retrieved from /home/airflow/.local/lib/python3.12/site-packages/airflow/example_dags/example_params_trigger_ui.py
[2025-02-25T23:23:18.254+0000] {logging_mixin.py:190} INFO - [2025-02-25T23:23:18.253+0000] {dag.py:3239} INFO - Sync 1 DAGs
[2025-02-25T23:23:18.261+0000] {logging_mixin.py:190} INFO - [2025-02-25T23:23:18.261+0000] {dag.py:4180} INFO - Setting next_dagrun for example_params_trigger_ui to None, run_after=None
[2025-02-25T23:23:18.272+0000] {processor.py:208} INFO - Processing /home/airflow/.local/lib/python3.12/site-packages/airflow/example_dags/example_params_trigger_ui.py took 0.054 seconds
[2025-02-25T23:23:49.081+0000] {processor.py:186} INFO - Started process (PID=263) to work on /home/airflow/.local/lib/python3.12/site-packages/airflow/example_dags/example_params_trigger_ui.py
[2025-02-25T23:23:49.082+0000] {processor.py:914} INFO - Processing file /home/airflow/.local/lib/python3.12/site-packages/airflow/example_dags/example_params_trigger_ui.py for tasks to queue
[2025-02-25T23:23:49.083+0000] {logging_mixin.py:190} INFO - [2025-02-25T23:23:49.083+0000] {dagbag.py:588} INFO - Filling up the DagBag from /home/airflow/.local/lib/python3.12/site-packages/airflow/example_dags/example_params_trigger_ui.py
[2025-02-25T23:23:49.090+0000] {processor.py:925} INFO - DAG(s) 'example_params_trigger_ui' retrieved from /home/airflow/.local/lib/python3.12/site-packages/airflow/example_dags/example_params_trigger_ui.py
[2025-02-25T23:23:49.115+0000] {logging_mixin.py:190} INFO - [2025-02-25T23:23:49.115+0000] {dag.py:3239} INFO - Sync 1 DAGs
[2025-02-25T23:23:49.123+0000] {logging_mixin.py:190} INFO - [2025-02-25T23:23:49.123+0000] {dag.py:4180} INFO - Setting next_dagrun for example_params_trigger_ui to None, run_after=None
[2025-02-25T23:23:49.136+0000] {processor.py:208} INFO - Processing /home/airflow/.local/lib/python3.12/site-packages/airflow/example_dags/example_params_trigger_ui.py took 0.058 seconds
[2025-02-25T23:24:19.942+0000] {processor.py:186} INFO - Started process (PID=326) to work on /home/airflow/.local/lib/python3.12/site-packages/airflow/example_dags/example_params_trigger_ui.py
[2025-02-25T23:24:19.942+0000] {processor.py:914} INFO - Processing file /home/airflow/.local/lib/python3.12/site-packages/airflow/example_dags/example_params_trigger_ui.py for tasks to queue
[2025-02-25T23:24:19.944+0000] {logging_mixin.py:190} INFO - [2025-02-25T23:24:19.943+0000] {dagbag.py:588} INFO - Filling up the DagBag from /home/airflow/.local/lib/python3.12/site-packages/airflow/example_dags/example_params_trigger_ui.py
[2025-02-25T23:24:19.950+0000] {processor.py:925} INFO - DAG(s) 'example_params_trigger_ui' retrieved from /home/airflow/.local/lib/python3.12/site-packages/airflow/example_dags/example_params_trigger_ui.py
[2025-02-25T23:24:19.976+0000] {logging_mixin.py:190} INFO - [2025-02-25T23:24:19.976+0000] {dag.py:3239} INFO - Sync 1 DAGs
[2025-02-25T23:24:19.984+0000] {logging_mixin.py:190} INFO - [2025-02-25T23:24:19.984+0000] {dag.py:4180} INFO - Setting next_dagrun for example_params_trigger_ui to None, run_after=None
[2025-02-25T23:24:19.994+0000] {processor.py:208} INFO - Processing /home/airflow/.local/lib/python3.12/site-packages/airflow/example_dags/example_params_trigger_ui.py took 0.056 seconds
[2025-02-25T23:24:50.647+0000] {processor.py:186} INFO - Started process (PID=389) to work on /home/airflow/.local/lib/python3.12/site-packages/airflow/example_dags/example_params_trigger_ui.py
[2025-02-25T23:24:50.648+0000] {processor.py:914} INFO - Processing file /home/airflow/.local/lib/python3.12/site-packages/airflow/example_dags/example_params_trigger_ui.py for tasks to queue
[2025-02-25T23:24:50.650+0000] {logging_mixin.py:190} INFO - [2025-02-25T23:24:50.649+0000] {dagbag.py:588} INFO - Filling up the DagBag from /home/airflow/.local/lib/python3.12/site-packages/airflow/example_dags/example_params_trigger_ui.py
[2025-02-25T23:24:50.656+0000] {processor.py:925} INFO - DAG(s) 'example_params_trigger_ui' retrieved from /home/airflow/.local/lib/python3.12/site-packages/airflow/example_dags/example_params_trigger_ui.py
[2025-02-25T23:24:50.682+0000] {logging_mixin.py:190} INFO - [2025-02-25T23:24:50.682+0000] {dag.py:3239} INFO - Sync 1 DAGs
[2025-02-25T23:24:50.690+0000] {logging_mixin.py:190} INFO - [2025-02-25T23:24:50.690+0000] {dag.py:4180} INFO - Setting next_dagrun for example_params_trigger_ui to None, run_after=None
[2025-02-25T23:24:50.702+0000] {processor.py:208} INFO - Processing /home/airflow/.local/lib/python3.12/site-packages/airflow/example_dags/example_params_trigger_ui.py took 0.058 seconds
[2025-02-25T23:25:22.544+0000] {processor.py:186} INFO - Started process (PID=452) to work on /home/airflow/.local/lib/python3.12/site-packages/airflow/example_dags/example_params_trigger_ui.py
[2025-02-25T23:25:22.544+0000] {processor.py:914} INFO - Processing file /home/airflow/.local/lib/python3.12/site-packages/airflow/example_dags/example_params_trigger_ui.py for tasks to queue
[2025-02-25T23:25:22.546+0000] {logging_mixin.py:190} INFO - [2025-02-25T23:25:22.546+0000] {dagbag.py:588} INFO - Filling up the DagBag from /home/airflow/.local/lib/python3.12/site-packages/airflow/example_dags/example_params_trigger_ui.py
[2025-02-25T23:25:22.552+0000] {processor.py:925} INFO - DAG(s) 'example_params_trigger_ui' retrieved from /home/airflow/.local/lib/python3.12/site-packages/airflow/example_dags/example_params_trigger_ui.py
[2025-02-25T23:25:22.576+0000] {logging_mixin.py:190} INFO - [2025-02-25T23:25:22.576+0000] {dag.py:3239} INFO - Sync 1 DAGs
[2025-02-25T23:25:22.584+0000] {logging_mixin.py:190} INFO - [2025-02-25T23:25:22.584+0000] {dag.py:4180} INFO - Setting next_dagrun for example_params_trigger_ui to None, run_after=None
[2025-02-25T23:25:22.593+0000] {processor.py:208} INFO - Processing /home/airflow/.local/lib/python3.12/site-packages/airflow/example_dags/example_params_trigger_ui.py took 0.053 seconds
[2025-02-25T23:25:56.689+0000] {processor.py:186} INFO - Started process (PID=515) to work on /home/airflow/.local/lib/python3.12/site-packages/airflow/example_dags/example_params_trigger_ui.py
[2025-02-25T23:25:56.689+0000] {processor.py:914} INFO - Processing file /home/airflow/.local/lib/python3.12/site-packages/airflow/example_dags/example_params_trigger_ui.py for tasks to queue
[2025-02-25T23:25:56.690+0000] {logging_mixin.py:190} INFO - [2025-02-25T23:25:56.690+0000] {dagbag.py:588} INFO - Filling up the DagBag from /home/airflow/.local/lib/python3.12/site-packages/airflow/example_dags/example_params_trigger_ui.py
[2025-02-25T23:25:56.697+0000] {processor.py:925} INFO - DAG(s) 'example_params_trigger_ui' retrieved from /home/airflow/.local/lib/python3.12/site-packages/airflow/example_dags/example_params_trigger_ui.py
[2025-02-25T23:25:56.722+0000] {logging_mixin.py:190} INFO - [2025-02-25T23:25:56.722+0000] {dag.py:3239} INFO - Sync 1 DAGs
[2025-02-25T23:25:56.730+0000] {logging_mixin.py:190} INFO - [2025-02-25T23:25:56.730+0000] {dag.py:4180} INFO - Setting next_dagrun for example_params_trigger_ui to None, run_after=None
[2025-02-25T23:25:56.741+0000] {processor.py:208} INFO - Processing /home/airflow/.local/lib/python3.12/site-packages/airflow/example_dags/example_params_trigger_ui.py took 0.056 seconds
[2025-02-25T23:26:27.550+0000] {processor.py:186} INFO - Started process (PID=578) to work on /home/airflow/.local/lib/python3.12/site-packages/airflow/example_dags/example_params_trigger_ui.py
[2025-02-25T23:26:27.550+0000] {processor.py:914} INFO - Processing file /home/airflow/.local/lib/python3.12/site-packages/airflow/example_dags/example_params_trigger_ui.py for tasks to queue
[2025-02-25T23:26:27.552+0000] {logging_mixin.py:190} INFO - [2025-02-25T23:26:27.551+0000] {dagbag.py:588} INFO - Filling up the DagBag from /home/airflow/.local/lib/python3.12/site-packages/airflow/example_dags/example_params_trigger_ui.py
[2025-02-25T23:26:27.558+0000] {processor.py:925} INFO - DAG(s) 'example_params_trigger_ui' retrieved from /home/airflow/.local/lib/python3.12/site-packages/airflow/example_dags/example_params_trigger_ui.py
[2025-02-25T23:26:27.583+0000] {logging_mixin.py:190} INFO - [2025-02-25T23:26:27.583+0000] {dag.py:3239} INFO - Sync 1 DAGs
[2025-02-25T23:26:27.591+0000] {logging_mixin.py:190} INFO - [2025-02-25T23:26:27.591+0000] {dag.py:4180} INFO - Setting next_dagrun for example_params_trigger_ui to None, run_after=None
[2025-02-25T23:26:27.602+0000] {processor.py:208} INFO - Processing /home/airflow/.local/lib/python3.12/site-packages/airflow/example_dags/example_params_trigger_ui.py took 0.056 seconds
[2025-02-25T23:26:58.161+0000] {processor.py:186} INFO - Started process (PID=642) to work on /home/airflow/.local/lib/python3.12/site-packages/airflow/example_dags/example_params_trigger_ui.py
[2025-02-25T23:26:58.161+0000] {processor.py:914} INFO - Processing file /home/airflow/.local/lib/python3.12/site-packages/airflow/example_dags/example_params_trigger_ui.py for tasks to queue
[2025-02-25T23:26:58.163+0000] {logging_mixin.py:190} INFO - [2025-02-25T23:26:58.162+0000] {dagbag.py:588} INFO - Filling up the DagBag from /home/airflow/.local/lib/python3.12/site-packages/airflow/example_dags/example_params_trigger_ui.py
[2025-02-25T23:26:58.169+0000] {processor.py:925} INFO - DAG(s) 'example_params_trigger_ui' retrieved from /home/airflow/.local/lib/python3.12/site-packages/airflow/example_dags/example_params_trigger_ui.py
[2025-02-25T23:26:58.192+0000] {logging_mixin.py:190} INFO - [2025-02-25T23:26:58.192+0000] {dag.py:3239} INFO - Sync 1 DAGs
[2025-02-25T23:26:58.200+0000] {logging_mixin.py:190} INFO - [2025-02-25T23:26:58.200+0000] {dag.py:4180} INFO - Setting next_dagrun for example_params_trigger_ui to None, run_after=None
[2025-02-25T23:26:58.211+0000] {processor.py:208} INFO - Processing /home/airflow/.local/lib/python3.12/site-packages/airflow/example_dags/example_params_trigger_ui.py took 0.054 seconds
[2025-02-25T23:27:28.764+0000] {processor.py:186} INFO - Started process (PID=705) to work on /home/airflow/.local/lib/python3.12/site-packages/airflow/example_dags/example_params_trigger_ui.py
[2025-02-25T23:27:28.765+0000] {processor.py:914} INFO - Processing file /home/airflow/.local/lib/python3.12/site-packages/airflow/example_dags/example_params_trigger_ui.py for tasks to queue
[2025-02-25T23:27:28.766+0000] {logging_mixin.py:190} INFO - [2025-02-25T23:27:28.766+0000] {dagbag.py:588} INFO - Filling up the DagBag from /home/airflow/.local/lib/python3.12/site-packages/airflow/example_dags/example_params_trigger_ui.py
[2025-02-25T23:27:28.772+0000] {processor.py:925} INFO - DAG(s) 'example_params_trigger_ui' retrieved from /home/airflow/.local/lib/python3.12/site-packages/airflow/example_dags/example_params_trigger_ui.py
[2025-02-25T23:27:28.796+0000] {logging_mixin.py:190} INFO - [2025-02-25T23:27:28.796+0000] {dag.py:3239} INFO - Sync 1 DAGs
[2025-02-25T23:27:28.804+0000] {logging_mixin.py:190} INFO - [2025-02-25T23:27:28.804+0000] {dag.py:4180} INFO - Setting next_dagrun for example_params_trigger_ui to None, run_after=None
[2025-02-25T23:27:28.814+0000] {processor.py:208} INFO - Processing /home/airflow/.local/lib/python3.12/site-packages/airflow/example_dags/example_params_trigger_ui.py took 0.053 seconds
[2025-02-25T23:27:59.705+0000] {processor.py:186} INFO - Started process (PID=768) to work on /home/airflow/.local/lib/python3.12/site-packages/airflow/example_dags/example_params_trigger_ui.py
[2025-02-25T23:27:59.706+0000] {processor.py:914} INFO - Processing file /home/airflow/.local/lib/python3.12/site-packages/airflow/example_dags/example_params_trigger_ui.py for tasks to queue
[2025-02-25T23:27:59.707+0000] {logging_mixin.py:190} INFO - [2025-02-25T23:27:59.707+0000] {dagbag.py:588} INFO - Filling up the DagBag from /home/airflow/.local/lib/python3.12/site-packages/airflow/example_dags/example_params_trigger_ui.py
[2025-02-25T23:27:59.714+0000] {processor.py:925} INFO - DAG(s) 'example_params_trigger_ui' retrieved from /home/airflow/.local/lib/python3.12/site-packages/airflow/example_dags/example_params_trigger_ui.py
[2025-02-25T23:27:59.738+0000] {logging_mixin.py:190} INFO - [2025-02-25T23:27:59.738+0000] {dag.py:3239} INFO - Sync 1 DAGs
[2025-02-25T23:27:59.746+0000] {logging_mixin.py:190} INFO - [2025-02-25T23:27:59.746+0000] {dag.py:4180} INFO - Setting next_dagrun for example_params_trigger_ui to None, run_after=None
[2025-02-25T23:27:59.756+0000] {processor.py:208} INFO - Processing /home/airflow/.local/lib/python3.12/site-packages/airflow/example_dags/example_params_trigger_ui.py took 0.054 seconds
[2025-02-25T23:28:30.683+0000] {processor.py:186} INFO - Started process (PID=825) to work on /home/airflow/.local/lib/python3.12/site-packages/airflow/example_dags/example_params_trigger_ui.py
[2025-02-25T23:28:30.684+0000] {processor.py:914} INFO - Processing file /home/airflow/.local/lib/python3.12/site-packages/airflow/example_dags/example_params_trigger_ui.py for tasks to queue
[2025-02-25T23:28:30.686+0000] {logging_mixin.py:190} INFO - [2025-02-25T23:28:30.685+0000] {dagbag.py:588} INFO - Filling up the DagBag from /home/airflow/.local/lib/python3.12/site-packages/airflow/example_dags/example_params_trigger_ui.py
[2025-02-25T23:28:30.692+0000] {processor.py:925} INFO - DAG(s) 'example_params_trigger_ui' retrieved from /home/airflow/.local/lib/python3.12/site-packages/airflow/example_dags/example_params_trigger_ui.py
[2025-02-25T23:28:30.717+0000] {logging_mixin.py:190} INFO - [2025-02-25T23:28:30.717+0000] {dag.py:3239} INFO - Sync 1 DAGs
[2025-02-25T23:28:30.725+0000] {logging_mixin.py:190} INFO - [2025-02-25T23:28:30.725+0000] {dag.py:4180} INFO - Setting next_dagrun for example_params_trigger_ui to None, run_after=None
[2025-02-25T23:28:30.735+0000] {processor.py:208} INFO - Processing /home/airflow/.local/lib/python3.12/site-packages/airflow/example_dags/example_params_trigger_ui.py took 0.056 seconds
[2025-02-25T23:29:01.275+0000] {processor.py:186} INFO - Started process (PID=888) to work on /home/airflow/.local/lib/python3.12/site-packages/airflow/example_dags/example_params_trigger_ui.py
[2025-02-25T23:29:01.275+0000] {processor.py:914} INFO - Processing file /home/airflow/.local/lib/python3.12/site-packages/airflow/example_dags/example_params_trigger_ui.py for tasks to queue
[2025-02-25T23:29:01.277+0000] {logging_mixin.py:190} INFO - [2025-02-25T23:29:01.277+0000] {dagbag.py:588} INFO - Filling up the DagBag from /home/airflow/.local/lib/python3.12/site-packages/airflow/example_dags/example_params_trigger_ui.py
[2025-02-25T23:29:01.284+0000] {processor.py:925} INFO - DAG(s) 'example_params_trigger_ui' retrieved from /home/airflow/.local/lib/python3.12/site-packages/airflow/example_dags/example_params_trigger_ui.py
[2025-02-25T23:29:01.310+0000] {logging_mixin.py:190} INFO - [2025-02-25T23:29:01.310+0000] {dag.py:3239} INFO - Sync 1 DAGs
[2025-02-25T23:29:01.318+0000] {logging_mixin.py:190} INFO - [2025-02-25T23:29:01.318+0000] {dag.py:4180} INFO - Setting next_dagrun for example_params_trigger_ui to None, run_after=None
[2025-02-25T23:29:01.328+0000] {processor.py:208} INFO - Processing /home/airflow/.local/lib/python3.12/site-packages/airflow/example_dags/example_params_trigger_ui.py took 0.057 seconds
[2025-02-25T23:29:31.550+0000] {processor.py:186} INFO - Started process (PID=951) to work on /home/airflow/.local/lib/python3.12/site-packages/airflow/example_dags/example_params_trigger_ui.py
[2025-02-25T23:29:31.551+0000] {processor.py:914} INFO - Processing file /home/airflow/.local/lib/python3.12/site-packages/airflow/example_dags/example_params_trigger_ui.py for tasks to queue
[2025-02-25T23:29:31.552+0000] {logging_mixin.py:190} INFO - [2025-02-25T23:29:31.552+0000] {dagbag.py:588} INFO - Filling up the DagBag from /home/airflow/.local/lib/python3.12/site-packages/airflow/example_dags/example_params_trigger_ui.py
[2025-02-25T23:29:31.559+0000] {processor.py:925} INFO - DAG(s) 'example_params_trigger_ui' retrieved from /home/airflow/.local/lib/python3.12/site-packages/airflow/example_dags/example_params_trigger_ui.py
[2025-02-25T23:29:31.586+0000] {logging_mixin.py:190} INFO - [2025-02-25T23:29:31.586+0000] {dag.py:3239} INFO - Sync 1 DAGs
[2025-02-25T23:29:31.594+0000] {logging_mixin.py:190} INFO - [2025-02-25T23:29:31.594+0000] {dag.py:4180} INFO - Setting next_dagrun for example_params_trigger_ui to None, run_after=None
[2025-02-25T23:29:31.606+0000] {processor.py:208} INFO - Processing /home/airflow/.local/lib/python3.12/site-packages/airflow/example_dags/example_params_trigger_ui.py took 0.059 seconds
[2025-02-25T23:30:07.218+0000] {processor.py:186} INFO - Started process (PID=1014) to work on /home/airflow/.local/lib/python3.12/site-packages/airflow/example_dags/example_params_trigger_ui.py
[2025-02-25T23:30:07.219+0000] {processor.py:914} INFO - Processing file /home/airflow/.local/lib/python3.12/site-packages/airflow/example_dags/example_params_trigger_ui.py for tasks to queue
[2025-02-25T23:30:07.221+0000] {logging_mixin.py:190} INFO - [2025-02-25T23:30:07.220+0000] {dagbag.py:588} INFO - Filling up the DagBag from /home/airflow/.local/lib/python3.12/site-packages/airflow/example_dags/example_params_trigger_ui.py
[2025-02-25T23:30:07.227+0000] {processor.py:925} INFO - DAG(s) 'example_params_trigger_ui' retrieved from /home/airflow/.local/lib/python3.12/site-packages/airflow/example_dags/example_params_trigger_ui.py
[2025-02-25T23:30:07.253+0000] {logging_mixin.py:190} INFO - [2025-02-25T23:30:07.253+0000] {dag.py:3239} INFO - Sync 1 DAGs
[2025-02-25T23:30:07.262+0000] {logging_mixin.py:190} INFO - [2025-02-25T23:30:07.262+0000] {dag.py:4180} INFO - Setting next_dagrun for example_params_trigger_ui to None, run_after=None
[2025-02-25T23:30:07.273+0000] {processor.py:208} INFO - Processing /home/airflow/.local/lib/python3.12/site-packages/airflow/example_dags/example_params_trigger_ui.py took 0.059 seconds
[2025-02-25T23:30:41.058+0000] {processor.py:186} INFO - Started process (PID=1077) to work on /home/airflow/.local/lib/python3.12/site-packages/airflow/example_dags/example_params_trigger_ui.py
[2025-02-25T23:30:41.059+0000] {processor.py:914} INFO - Processing file /home/airflow/.local/lib/python3.12/site-packages/airflow/example_dags/example_params_trigger_ui.py for tasks to queue
[2025-02-25T23:30:41.060+0000] {logging_mixin.py:190} INFO - [2025-02-25T23:30:41.060+0000] {dagbag.py:588} INFO - Filling up the DagBag from /home/airflow/.local/lib/python3.12/site-packages/airflow/example_dags/example_params_trigger_ui.py
[2025-02-25T23:30:41.066+0000] {processor.py:925} INFO - DAG(s) 'example_params_trigger_ui' retrieved from /home/airflow/.local/lib/python3.12/site-packages/airflow/example_dags/example_params_trigger_ui.py
[2025-02-25T23:30:41.090+0000] {logging_mixin.py:190} INFO - [2025-02-25T23:30:41.090+0000] {dag.py:3239} INFO - Sync 1 DAGs
[2025-02-25T23:30:41.097+0000] {logging_mixin.py:190} INFO - [2025-02-25T23:30:41.097+0000] {dag.py:4180} INFO - Setting next_dagrun for example_params_trigger_ui to None, run_after=None
[2025-02-25T23:30:41.107+0000] {processor.py:208} INFO - Processing /home/airflow/.local/lib/python3.12/site-packages/airflow/example_dags/example_params_trigger_ui.py took 0.052 seconds
[2025-02-25T23:31:11.766+0000] {processor.py:186} INFO - Started process (PID=1140) to work on /home/airflow/.local/lib/python3.12/site-packages/airflow/example_dags/example_params_trigger_ui.py
[2025-02-25T23:31:11.767+0000] {processor.py:914} INFO - Processing file /home/airflow/.local/lib/python3.12/site-packages/airflow/example_dags/example_params_trigger_ui.py for tasks to queue
[2025-02-25T23:31:11.768+0000] {logging_mixin.py:190} INFO - [2025-02-25T23:31:11.768+0000] {dagbag.py:588} INFO - Filling up the DagBag from /home/airflow/.local/lib/python3.12/site-packages/airflow/example_dags/example_params_trigger_ui.py
[2025-02-25T23:31:11.774+0000] {processor.py:925} INFO - DAG(s) 'example_params_trigger_ui' retrieved from /home/airflow/.local/lib/python3.12/site-packages/airflow/example_dags/example_params_trigger_ui.py
[2025-02-25T23:31:11.798+0000] {logging_mixin.py:190} INFO - [2025-02-25T23:31:11.798+0000] {dag.py:3239} INFO - Sync 1 DAGs
[2025-02-25T23:31:11.806+0000] {logging_mixin.py:190} INFO - [2025-02-25T23:31:11.806+0000] {dag.py:4180} INFO - Setting next_dagrun for example_params_trigger_ui to None, run_after=None
[2025-02-25T23:31:11.816+0000] {processor.py:208} INFO - Processing /home/airflow/.local/lib/python3.12/site-packages/airflow/example_dags/example_params_trigger_ui.py took 0.053 seconds
[2025-02-25T23:31:42.648+0000] {processor.py:186} INFO - Started process (PID=1203) to work on /home/airflow/.local/lib/python3.12/site-packages/airflow/example_dags/example_params_trigger_ui.py
[2025-02-25T23:31:42.648+0000] {processor.py:914} INFO - Processing file /home/airflow/.local/lib/python3.12/site-packages/airflow/example_dags/example_params_trigger_ui.py for tasks to queue
[2025-02-25T23:31:42.649+0000] {logging_mixin.py:190} INFO - [2025-02-25T23:31:42.649+0000] {dagbag.py:588} INFO - Filling up the DagBag from /home/airflow/.local/lib/python3.12/site-packages/airflow/example_dags/example_params_trigger_ui.py
[2025-02-25T23:31:42.655+0000] {processor.py:925} INFO - DAG(s) 'example_params_trigger_ui' retrieved from /home/airflow/.local/lib/python3.12/site-packages/airflow/example_dags/example_params_trigger_ui.py
[2025-02-25T23:31:42.680+0000] {logging_mixin.py:190} INFO - [2025-02-25T23:31:42.680+0000] {dag.py:3239} INFO - Sync 1 DAGs
[2025-02-25T23:31:42.688+0000] {logging_mixin.py:190} INFO - [2025-02-25T23:31:42.688+0000] {dag.py:4180} INFO - Setting next_dagrun for example_params_trigger_ui to None, run_after=None
[2025-02-25T23:31:42.698+0000] {processor.py:208} INFO - Processing /home/airflow/.local/lib/python3.12/site-packages/airflow/example_dags/example_params_trigger_ui.py took 0.053 seconds
[2025-02-25T23:32:13.433+0000] {processor.py:186} INFO - Started process (PID=1266) to work on /home/airflow/.local/lib/python3.12/site-packages/airflow/example_dags/example_params_trigger_ui.py
[2025-02-25T23:32:13.433+0000] {processor.py:914} INFO - Processing file /home/airflow/.local/lib/python3.12/site-packages/airflow/example_dags/example_params_trigger_ui.py for tasks to queue
[2025-02-25T23:32:13.435+0000] {logging_mixin.py:190} INFO - [2025-02-25T23:32:13.434+0000] {dagbag.py:588} INFO - Filling up the DagBag from /home/airflow/.local/lib/python3.12/site-packages/airflow/example_dags/example_params_trigger_ui.py
[2025-02-25T23:32:13.441+0000] {processor.py:925} INFO - DAG(s) 'example_params_trigger_ui' retrieved from /home/airflow/.local/lib/python3.12/site-packages/airflow/example_dags/example_params_trigger_ui.py
[2025-02-25T23:32:13.465+0000] {logging_mixin.py:190} INFO - [2025-02-25T23:32:13.465+0000] {dag.py:3239} INFO - Sync 1 DAGs
[2025-02-25T23:32:13.472+0000] {logging_mixin.py:190} INFO - [2025-02-25T23:32:13.472+0000] {dag.py:4180} INFO - Setting next_dagrun for example_params_trigger_ui to None, run_after=None
[2025-02-25T23:32:13.482+0000] {processor.py:208} INFO - Processing /home/airflow/.local/lib/python3.12/site-packages/airflow/example_dags/example_params_trigger_ui.py took 0.053 seconds
[2025-02-25T23:32:44.579+0000] {processor.py:186} INFO - Started process (PID=1329) to work on /home/airflow/.local/lib/python3.12/site-packages/airflow/example_dags/example_params_trigger_ui.py
[2025-02-25T23:32:44.581+0000] {processor.py:914} INFO - Processing file /home/airflow/.local/lib/python3.12/site-packages/airflow/example_dags/example_params_trigger_ui.py for tasks to queue
[2025-02-25T23:32:44.582+0000] {logging_mixin.py:190} INFO - [2025-02-25T23:32:44.582+0000] {dagbag.py:588} INFO - Filling up the DagBag from /home/airflow/.local/lib/python3.12/site-packages/airflow/example_dags/example_params_trigger_ui.py
[2025-02-25T23:32:44.588+0000] {processor.py:925} INFO - DAG(s) 'example_params_trigger_ui' retrieved from /home/airflow/.local/lib/python3.12/site-packages/airflow/example_dags/example_params_trigger_ui.py
[2025-02-25T23:32:44.613+0000] {logging_mixin.py:190} INFO - [2025-02-25T23:32:44.613+0000] {dag.py:3239} INFO - Sync 1 DAGs
[2025-02-25T23:32:44.621+0000] {logging_mixin.py:190} INFO - [2025-02-25T23:32:44.621+0000] {dag.py:4180} INFO - Setting next_dagrun for example_params_trigger_ui to None, run_after=None
[2025-02-25T23:32:44.632+0000] {processor.py:208} INFO - Processing /home/airflow/.local/lib/python3.12/site-packages/airflow/example_dags/example_params_trigger_ui.py took 0.056 seconds
[2025-02-25T23:33:18.282+0000] {processor.py:186} INFO - Started process (PID=1392) to work on /home/airflow/.local/lib/python3.12/site-packages/airflow/example_dags/example_params_trigger_ui.py
[2025-02-25T23:33:18.283+0000] {processor.py:914} INFO - Processing file /home/airflow/.local/lib/python3.12/site-packages/airflow/example_dags/example_params_trigger_ui.py for tasks to queue
[2025-02-25T23:33:18.284+0000] {logging_mixin.py:190} INFO - [2025-02-25T23:33:18.284+0000] {dagbag.py:588} INFO - Filling up the DagBag from /home/airflow/.local/lib/python3.12/site-packages/airflow/example_dags/example_params_trigger_ui.py
[2025-02-25T23:33:18.290+0000] {processor.py:925} INFO - DAG(s) 'example_params_trigger_ui' retrieved from /home/airflow/.local/lib/python3.12/site-packages/airflow/example_dags/example_params_trigger_ui.py
[2025-02-25T23:33:18.314+0000] {logging_mixin.py:190} INFO - [2025-02-25T23:33:18.314+0000] {dag.py:3239} INFO - Sync 1 DAGs
[2025-02-25T23:33:18.322+0000] {logging_mixin.py:190} INFO - [2025-02-25T23:33:18.322+0000] {dag.py:4180} INFO - Setting next_dagrun for example_params_trigger_ui to None, run_after=None
[2025-02-25T23:33:18.332+0000] {processor.py:208} INFO - Processing /home/airflow/.local/lib/python3.12/site-packages/airflow/example_dags/example_params_trigger_ui.py took 0.053 seconds
[2025-02-25T23:33:49.025+0000] {processor.py:186} INFO - Started process (PID=1455) to work on /home/airflow/.local/lib/python3.12/site-packages/airflow/example_dags/example_params_trigger_ui.py
[2025-02-25T23:33:49.026+0000] {processor.py:914} INFO - Processing file /home/airflow/.local/lib/python3.12/site-packages/airflow/example_dags/example_params_trigger_ui.py for tasks to queue
[2025-02-25T23:33:49.027+0000] {logging_mixin.py:190} INFO - [2025-02-25T23:33:49.027+0000] {dagbag.py:588} INFO - Filling up the DagBag from /home/airflow/.local/lib/python3.12/site-packages/airflow/example_dags/example_params_trigger_ui.py
[2025-02-25T23:33:49.033+0000] {processor.py:925} INFO - DAG(s) 'example_params_trigger_ui' retrieved from /home/airflow/.local/lib/python3.12/site-packages/airflow/example_dags/example_params_trigger_ui.py
[2025-02-25T23:33:49.058+0000] {logging_mixin.py:190} INFO - [2025-02-25T23:33:49.058+0000] {dag.py:3239} INFO - Sync 1 DAGs
[2025-02-25T23:33:49.066+0000] {logging_mixin.py:190} INFO - [2025-02-25T23:33:49.066+0000] {dag.py:4180} INFO - Setting next_dagrun for example_params_trigger_ui to None, run_after=None
[2025-02-25T23:33:49.077+0000] {processor.py:208} INFO - Processing /home/airflow/.local/lib/python3.12/site-packages/airflow/example_dags/example_params_trigger_ui.py took 0.055 seconds
[2025-02-25T23:34:19.955+0000] {processor.py:186} INFO - Started process (PID=1518) to work on /home/airflow/.local/lib/python3.12/site-packages/airflow/example_dags/example_params_trigger_ui.py
[2025-02-25T23:34:19.956+0000] {processor.py:914} INFO - Processing file /home/airflow/.local/lib/python3.12/site-packages/airflow/example_dags/example_params_trigger_ui.py for tasks to queue
[2025-02-25T23:34:19.957+0000] {logging_mixin.py:190} INFO - [2025-02-25T23:34:19.957+0000] {dagbag.py:588} INFO - Filling up the DagBag from /home/airflow/.local/lib/python3.12/site-packages/airflow/example_dags/example_params_trigger_ui.py
[2025-02-25T23:34:19.964+0000] {processor.py:925} INFO - DAG(s) 'example_params_trigger_ui' retrieved from /home/airflow/.local/lib/python3.12/site-packages/airflow/example_dags/example_params_trigger_ui.py
[2025-02-25T23:34:19.990+0000] {logging_mixin.py:190} INFO - [2025-02-25T23:34:19.990+0000] {dag.py:3239} INFO - Sync 1 DAGs
[2025-02-25T23:34:19.998+0000] {logging_mixin.py:190} INFO - [2025-02-25T23:34:19.998+0000] {dag.py:4180} INFO - Setting next_dagrun for example_params_trigger_ui to None, run_after=None
[2025-02-25T23:34:20.008+0000] {processor.py:208} INFO - Processing /home/airflow/.local/lib/python3.12/site-packages/airflow/example_dags/example_params_trigger_ui.py took 0.056 seconds
[2025-02-25T23:34:50.986+0000] {processor.py:186} INFO - Started process (PID=1581) to work on /home/airflow/.local/lib/python3.12/site-packages/airflow/example_dags/example_params_trigger_ui.py
[2025-02-25T23:34:50.987+0000] {processor.py:914} INFO - Processing file /home/airflow/.local/lib/python3.12/site-packages/airflow/example_dags/example_params_trigger_ui.py for tasks to queue
[2025-02-25T23:34:50.988+0000] {logging_mixin.py:190} INFO - [2025-02-25T23:34:50.988+0000] {dagbag.py:588} INFO - Filling up the DagBag from /home/airflow/.local/lib/python3.12/site-packages/airflow/example_dags/example_params_trigger_ui.py
[2025-02-25T23:34:50.995+0000] {processor.py:925} INFO - DAG(s) 'example_params_trigger_ui' retrieved from /home/airflow/.local/lib/python3.12/site-packages/airflow/example_dags/example_params_trigger_ui.py
[2025-02-25T23:34:51.023+0000] {logging_mixin.py:190} INFO - [2025-02-25T23:34:51.023+0000] {dag.py:3239} INFO - Sync 1 DAGs
[2025-02-25T23:34:51.032+0000] {logging_mixin.py:190} INFO - [2025-02-25T23:34:51.032+0000] {dag.py:4180} INFO - Setting next_dagrun for example_params_trigger_ui to None, run_after=None
[2025-02-25T23:34:51.044+0000] {processor.py:208} INFO - Processing /home/airflow/.local/lib/python3.12/site-packages/airflow/example_dags/example_params_trigger_ui.py took 0.062 seconds
[2025-02-25T23:35:21.827+0000] {processor.py:186} INFO - Started process (PID=1644) to work on /home/airflow/.local/lib/python3.12/site-packages/airflow/example_dags/example_params_trigger_ui.py
[2025-02-25T23:35:21.828+0000] {processor.py:914} INFO - Processing file /home/airflow/.local/lib/python3.12/site-packages/airflow/example_dags/example_params_trigger_ui.py for tasks to queue
[2025-02-25T23:35:21.829+0000] {logging_mixin.py:190} INFO - [2025-02-25T23:35:21.829+0000] {dagbag.py:588} INFO - Filling up the DagBag from /home/airflow/.local/lib/python3.12/site-packages/airflow/example_dags/example_params_trigger_ui.py
[2025-02-25T23:35:21.836+0000] {processor.py:925} INFO - DAG(s) 'example_params_trigger_ui' retrieved from /home/airflow/.local/lib/python3.12/site-packages/airflow/example_dags/example_params_trigger_ui.py
[2025-02-25T23:35:21.862+0000] {logging_mixin.py:190} INFO - [2025-02-25T23:35:21.861+0000] {dag.py:3239} INFO - Sync 1 DAGs
[2025-02-25T23:35:21.870+0000] {logging_mixin.py:190} INFO - [2025-02-25T23:35:21.870+0000] {dag.py:4180} INFO - Setting next_dagrun for example_params_trigger_ui to None, run_after=None
[2025-02-25T23:35:21.880+0000] {processor.py:208} INFO - Processing /home/airflow/.local/lib/python3.12/site-packages/airflow/example_dags/example_params_trigger_ui.py took 0.057 seconds
[2025-02-25T23:35:51.909+0000] {processor.py:186} INFO - Started process (PID=1707) to work on /home/airflow/.local/lib/python3.12/site-packages/airflow/example_dags/example_params_trigger_ui.py
[2025-02-25T23:35:51.910+0000] {processor.py:914} INFO - Processing file /home/airflow/.local/lib/python3.12/site-packages/airflow/example_dags/example_params_trigger_ui.py for tasks to queue
[2025-02-25T23:35:51.911+0000] {logging_mixin.py:190} INFO - [2025-02-25T23:35:51.911+0000] {dagbag.py:588} INFO - Filling up the DagBag from /home/airflow/.local/lib/python3.12/site-packages/airflow/example_dags/example_params_trigger_ui.py
[2025-02-25T23:35:51.918+0000] {processor.py:925} INFO - DAG(s) 'example_params_trigger_ui' retrieved from /home/airflow/.local/lib/python3.12/site-packages/airflow/example_dags/example_params_trigger_ui.py
[2025-02-25T23:35:51.944+0000] {logging_mixin.py:190} INFO - [2025-02-25T23:35:51.944+0000] {dag.py:3239} INFO - Sync 1 DAGs
[2025-02-25T23:35:51.953+0000] {logging_mixin.py:190} INFO - [2025-02-25T23:35:51.953+0000] {dag.py:4180} INFO - Setting next_dagrun for example_params_trigger_ui to None, run_after=None
[2025-02-25T23:35:51.963+0000] {processor.py:208} INFO - Processing /home/airflow/.local/lib/python3.12/site-packages/airflow/example_dags/example_params_trigger_ui.py took 0.057 seconds
[2025-02-25T23:36:22.065+0000] {processor.py:186} INFO - Started process (PID=1770) to work on /home/airflow/.local/lib/python3.12/site-packages/airflow/example_dags/example_params_trigger_ui.py
[2025-02-25T23:36:22.065+0000] {processor.py:914} INFO - Processing file /home/airflow/.local/lib/python3.12/site-packages/airflow/example_dags/example_params_trigger_ui.py for tasks to queue
[2025-02-25T23:36:22.067+0000] {logging_mixin.py:190} INFO - [2025-02-25T23:36:22.066+0000] {dagbag.py:588} INFO - Filling up the DagBag from /home/airflow/.local/lib/python3.12/site-packages/airflow/example_dags/example_params_trigger_ui.py
[2025-02-25T23:36:22.073+0000] {processor.py:925} INFO - DAG(s) 'example_params_trigger_ui' retrieved from /home/airflow/.local/lib/python3.12/site-packages/airflow/example_dags/example_params_trigger_ui.py
[2025-02-25T23:36:22.102+0000] {logging_mixin.py:190} INFO - [2025-02-25T23:36:22.102+0000] {dag.py:3239} INFO - Sync 1 DAGs
[2025-02-25T23:36:22.111+0000] {logging_mixin.py:190} INFO - [2025-02-25T23:36:22.110+0000] {dag.py:4180} INFO - Setting next_dagrun for example_params_trigger_ui to None, run_after=None
[2025-02-25T23:36:22.122+0000] {processor.py:208} INFO - Processing /home/airflow/.local/lib/python3.12/site-packages/airflow/example_dags/example_params_trigger_ui.py took 0.060 seconds
[2025-02-25T23:36:52.304+0000] {processor.py:186} INFO - Started process (PID=1833) to work on /home/airflow/.local/lib/python3.12/site-packages/airflow/example_dags/example_params_trigger_ui.py
[2025-02-25T23:36:52.305+0000] {processor.py:914} INFO - Processing file /home/airflow/.local/lib/python3.12/site-packages/airflow/example_dags/example_params_trigger_ui.py for tasks to queue
[2025-02-25T23:36:52.306+0000] {logging_mixin.py:190} INFO - [2025-02-25T23:36:52.306+0000] {dagbag.py:588} INFO - Filling up the DagBag from /home/airflow/.local/lib/python3.12/site-packages/airflow/example_dags/example_params_trigger_ui.py
[2025-02-25T23:36:52.313+0000] {processor.py:925} INFO - DAG(s) 'example_params_trigger_ui' retrieved from /home/airflow/.local/lib/python3.12/site-packages/airflow/example_dags/example_params_trigger_ui.py
[2025-02-25T23:36:52.339+0000] {logging_mixin.py:190} INFO - [2025-02-25T23:36:52.339+0000] {dag.py:3239} INFO - Sync 1 DAGs
[2025-02-25T23:36:52.347+0000] {logging_mixin.py:190} INFO - [2025-02-25T23:36:52.347+0000] {dag.py:4180} INFO - Setting next_dagrun for example_params_trigger_ui to None, run_after=None
[2025-02-25T23:36:52.357+0000] {processor.py:208} INFO - Processing /home/airflow/.local/lib/python3.12/site-packages/airflow/example_dags/example_params_trigger_ui.py took 0.056 seconds
[2025-02-25T23:37:26.578+0000] {processor.py:186} INFO - Started process (PID=1896) to work on /home/airflow/.local/lib/python3.12/site-packages/airflow/example_dags/example_params_trigger_ui.py
[2025-02-25T23:37:26.579+0000] {processor.py:914} INFO - Processing file /home/airflow/.local/lib/python3.12/site-packages/airflow/example_dags/example_params_trigger_ui.py for tasks to queue
[2025-02-25T23:37:26.580+0000] {logging_mixin.py:190} INFO - [2025-02-25T23:37:26.580+0000] {dagbag.py:588} INFO - Filling up the DagBag from /home/airflow/.local/lib/python3.12/site-packages/airflow/example_dags/example_params_trigger_ui.py
[2025-02-25T23:37:26.587+0000] {processor.py:925} INFO - DAG(s) 'example_params_trigger_ui' retrieved from /home/airflow/.local/lib/python3.12/site-packages/airflow/example_dags/example_params_trigger_ui.py
[2025-02-25T23:37:26.612+0000] {logging_mixin.py:190} INFO - [2025-02-25T23:37:26.612+0000] {dag.py:3239} INFO - Sync 1 DAGs
[2025-02-25T23:37:26.621+0000] {logging_mixin.py:190} INFO - [2025-02-25T23:37:26.621+0000] {dag.py:4180} INFO - Setting next_dagrun for example_params_trigger_ui to None, run_after=None
[2025-02-25T23:37:26.632+0000] {processor.py:208} INFO - Processing /home/airflow/.local/lib/python3.12/site-packages/airflow/example_dags/example_params_trigger_ui.py took 0.057 seconds
[2025-02-25T23:38:00.647+0000] {processor.py:186} INFO - Started process (PID=1959) to work on /home/airflow/.local/lib/python3.12/site-packages/airflow/example_dags/example_params_trigger_ui.py
[2025-02-25T23:38:00.648+0000] {processor.py:914} INFO - Processing file /home/airflow/.local/lib/python3.12/site-packages/airflow/example_dags/example_params_trigger_ui.py for tasks to queue
[2025-02-25T23:38:00.649+0000] {logging_mixin.py:190} INFO - [2025-02-25T23:38:00.649+0000] {dagbag.py:588} INFO - Filling up the DagBag from /home/airflow/.local/lib/python3.12/site-packages/airflow/example_dags/example_params_trigger_ui.py
[2025-02-25T23:38:00.655+0000] {processor.py:925} INFO - DAG(s) 'example_params_trigger_ui' retrieved from /home/airflow/.local/lib/python3.12/site-packages/airflow/example_dags/example_params_trigger_ui.py
[2025-02-25T23:38:00.680+0000] {logging_mixin.py:190} INFO - [2025-02-25T23:38:00.680+0000] {dag.py:3239} INFO - Sync 1 DAGs
[2025-02-25T23:38:00.689+0000] {logging_mixin.py:190} INFO - [2025-02-25T23:38:00.689+0000] {dag.py:4180} INFO - Setting next_dagrun for example_params_trigger_ui to None, run_after=None
[2025-02-25T23:38:00.698+0000] {processor.py:208} INFO - Processing /home/airflow/.local/lib/python3.12/site-packages/airflow/example_dags/example_params_trigger_ui.py took 0.055 seconds
[2025-02-25T23:38:31.545+0000] {processor.py:186} INFO - Started process (PID=2022) to work on /home/airflow/.local/lib/python3.12/site-packages/airflow/example_dags/example_params_trigger_ui.py
[2025-02-25T23:38:31.545+0000] {processor.py:914} INFO - Processing file /home/airflow/.local/lib/python3.12/site-packages/airflow/example_dags/example_params_trigger_ui.py for tasks to queue
[2025-02-25T23:38:31.547+0000] {logging_mixin.py:190} INFO - [2025-02-25T23:38:31.547+0000] {dagbag.py:588} INFO - Filling up the DagBag from /home/airflow/.local/lib/python3.12/site-packages/airflow/example_dags/example_params_trigger_ui.py
[2025-02-25T23:38:31.553+0000] {processor.py:925} INFO - DAG(s) 'example_params_trigger_ui' retrieved from /home/airflow/.local/lib/python3.12/site-packages/airflow/example_dags/example_params_trigger_ui.py
[2025-02-25T23:38:31.580+0000] {logging_mixin.py:190} INFO - [2025-02-25T23:38:31.580+0000] {dag.py:3239} INFO - Sync 1 DAGs
[2025-02-25T23:38:31.588+0000] {logging_mixin.py:190} INFO - [2025-02-25T23:38:31.588+0000] {dag.py:4180} INFO - Setting next_dagrun for example_params_trigger_ui to None, run_after=None
[2025-02-25T23:38:31.598+0000] {processor.py:208} INFO - Processing /home/airflow/.local/lib/python3.12/site-packages/airflow/example_dags/example_params_trigger_ui.py took 0.057 seconds
[2025-02-25T23:39:02.423+0000] {processor.py:186} INFO - Started process (PID=2085) to work on /home/airflow/.local/lib/python3.12/site-packages/airflow/example_dags/example_params_trigger_ui.py
[2025-02-25T23:39:02.424+0000] {processor.py:914} INFO - Processing file /home/airflow/.local/lib/python3.12/site-packages/airflow/example_dags/example_params_trigger_ui.py for tasks to queue
[2025-02-25T23:39:02.425+0000] {logging_mixin.py:190} INFO - [2025-02-25T23:39:02.425+0000] {dagbag.py:588} INFO - Filling up the DagBag from /home/airflow/.local/lib/python3.12/site-packages/airflow/example_dags/example_params_trigger_ui.py
[2025-02-25T23:39:02.431+0000] {processor.py:925} INFO - DAG(s) 'example_params_trigger_ui' retrieved from /home/airflow/.local/lib/python3.12/site-packages/airflow/example_dags/example_params_trigger_ui.py
[2025-02-25T23:39:02.456+0000] {logging_mixin.py:190} INFO - [2025-02-25T23:39:02.456+0000] {dag.py:3239} INFO - Sync 1 DAGs
[2025-02-25T23:39:02.464+0000] {logging_mixin.py:190} INFO - [2025-02-25T23:39:02.464+0000] {dag.py:4180} INFO - Setting next_dagrun for example_params_trigger_ui to None, run_after=None
[2025-02-25T23:39:02.474+0000] {processor.py:208} INFO - Processing /home/airflow/.local/lib/python3.12/site-packages/airflow/example_dags/example_params_trigger_ui.py took 0.054 seconds
[2025-02-25T23:39:33.403+0000] {processor.py:186} INFO - Started process (PID=2148) to work on /home/airflow/.local/lib/python3.12/site-packages/airflow/example_dags/example_params_trigger_ui.py
[2025-02-25T23:39:33.403+0000] {processor.py:914} INFO - Processing file /home/airflow/.local/lib/python3.12/site-packages/airflow/example_dags/example_params_trigger_ui.py for tasks to queue
[2025-02-25T23:39:33.404+0000] {logging_mixin.py:190} INFO - [2025-02-25T23:39:33.404+0000] {dagbag.py:588} INFO - Filling up the DagBag from /home/airflow/.local/lib/python3.12/site-packages/airflow/example_dags/example_params_trigger_ui.py
[2025-02-25T23:39:33.411+0000] {processor.py:925} INFO - DAG(s) 'example_params_trigger_ui' retrieved from /home/airflow/.local/lib/python3.12/site-packages/airflow/example_dags/example_params_trigger_ui.py
[2025-02-25T23:39:33.435+0000] {logging_mixin.py:190} INFO - [2025-02-25T23:39:33.435+0000] {dag.py:3239} INFO - Sync 1 DAGs
[2025-02-25T23:39:33.443+0000] {logging_mixin.py:190} INFO - [2025-02-25T23:39:33.443+0000] {dag.py:4180} INFO - Setting next_dagrun for example_params_trigger_ui to None, run_after=None
[2025-02-25T23:39:33.454+0000] {processor.py:208} INFO - Processing /home/airflow/.local/lib/python3.12/site-packages/airflow/example_dags/example_params_trigger_ui.py took 0.055 seconds
[2025-02-25T23:41:51.312+0000] {processor.py:186} INFO - Started process (PID=74) to work on /home/airflow/.local/lib/python3.12/site-packages/airflow/example_dags/example_params_trigger_ui.py
[2025-02-25T23:41:51.312+0000] {processor.py:914} INFO - Processing file /home/airflow/.local/lib/python3.12/site-packages/airflow/example_dags/example_params_trigger_ui.py for tasks to queue
[2025-02-25T23:41:51.313+0000] {logging_mixin.py:190} INFO - [2025-02-25T23:41:51.313+0000] {dagbag.py:588} INFO - Filling up the DagBag from /home/airflow/.local/lib/python3.12/site-packages/airflow/example_dags/example_params_trigger_ui.py
[2025-02-25T23:41:51.320+0000] {processor.py:925} INFO - DAG(s) 'example_params_trigger_ui' retrieved from /home/airflow/.local/lib/python3.12/site-packages/airflow/example_dags/example_params_trigger_ui.py
[2025-02-25T23:41:51.395+0000] {logging_mixin.py:190} INFO - [2025-02-25T23:41:51.394+0000] {override.py:1912} INFO - Created Permission View: can edit on DAG:example_params_trigger_ui
[2025-02-25T23:41:51.400+0000] {logging_mixin.py:190} INFO - [2025-02-25T23:41:51.400+0000] {override.py:1912} INFO - Created Permission View: can delete on DAG:example_params_trigger_ui
[2025-02-25T23:41:51.404+0000] {logging_mixin.py:190} INFO - [2025-02-25T23:41:51.404+0000] {override.py:1912} INFO - Created Permission View: can read on DAG:example_params_trigger_ui
[2025-02-25T23:41:51.408+0000] {logging_mixin.py:190} INFO - [2025-02-25T23:41:51.408+0000] {override.py:1912} INFO - Created Permission View: can create on DAG Run:example_params_trigger_ui
[2025-02-25T23:41:51.411+0000] {logging_mixin.py:190} INFO - [2025-02-25T23:41:51.411+0000] {override.py:1912} INFO - Created Permission View: can delete on DAG Run:example_params_trigger_ui
[2025-02-25T23:41:51.414+0000] {logging_mixin.py:190} INFO - [2025-02-25T23:41:51.414+0000] {override.py:1912} INFO - Created Permission View: can read on DAG Run:example_params_trigger_ui
[2025-02-25T23:41:51.420+0000] {logging_mixin.py:190} INFO - [2025-02-25T23:41:51.420+0000] {override.py:1912} INFO - Created Permission View: menu access on DAG Run:example_params_trigger_ui
[2025-02-25T23:41:51.420+0000] {logging_mixin.py:190} INFO - [2025-02-25T23:41:51.420+0000] {dag.py:3239} INFO - Sync 1 DAGs
[2025-02-25T23:41:51.430+0000] {logging_mixin.py:190} INFO - [2025-02-25T23:41:51.429+0000] {dag.py:3262} INFO - Creating ORM DAG for example_params_trigger_ui
[2025-02-25T23:41:51.430+0000] {logging_mixin.py:190} INFO - [2025-02-25T23:41:51.430+0000] {dag.py:4180} INFO - Setting next_dagrun for example_params_trigger_ui to None, run_after=None
[2025-02-25T23:41:51.442+0000] {processor.py:208} INFO - Processing /home/airflow/.local/lib/python3.12/site-packages/airflow/example_dags/example_params_trigger_ui.py took 0.133 seconds
[2025-02-25T23:42:24.315+0000] {processor.py:186} INFO - Started process (PID=137) to work on /home/airflow/.local/lib/python3.12/site-packages/airflow/example_dags/example_params_trigger_ui.py
[2025-02-25T23:42:24.315+0000] {processor.py:914} INFO - Processing file /home/airflow/.local/lib/python3.12/site-packages/airflow/example_dags/example_params_trigger_ui.py for tasks to queue
[2025-02-25T23:42:24.317+0000] {logging_mixin.py:190} INFO - [2025-02-25T23:42:24.316+0000] {dagbag.py:588} INFO - Filling up the DagBag from /home/airflow/.local/lib/python3.12/site-packages/airflow/example_dags/example_params_trigger_ui.py
[2025-02-25T23:42:24.323+0000] {processor.py:925} INFO - DAG(s) 'example_params_trigger_ui' retrieved from /home/airflow/.local/lib/python3.12/site-packages/airflow/example_dags/example_params_trigger_ui.py
[2025-02-25T23:42:24.348+0000] {logging_mixin.py:190} INFO - [2025-02-25T23:42:24.347+0000] {dag.py:3239} INFO - Sync 1 DAGs
[2025-02-25T23:42:24.356+0000] {logging_mixin.py:190} INFO - [2025-02-25T23:42:24.356+0000] {dag.py:4180} INFO - Setting next_dagrun for example_params_trigger_ui to None, run_after=None
[2025-02-25T23:42:24.365+0000] {processor.py:208} INFO - Processing /home/airflow/.local/lib/python3.12/site-packages/airflow/example_dags/example_params_trigger_ui.py took 0.054 seconds
[2025-02-25T23:42:58.132+0000] {processor.py:186} INFO - Started process (PID=200) to work on /home/airflow/.local/lib/python3.12/site-packages/airflow/example_dags/example_params_trigger_ui.py
[2025-02-25T23:42:58.133+0000] {processor.py:914} INFO - Processing file /home/airflow/.local/lib/python3.12/site-packages/airflow/example_dags/example_params_trigger_ui.py for tasks to queue
[2025-02-25T23:42:58.134+0000] {logging_mixin.py:190} INFO - [2025-02-25T23:42:58.134+0000] {dagbag.py:588} INFO - Filling up the DagBag from /home/airflow/.local/lib/python3.12/site-packages/airflow/example_dags/example_params_trigger_ui.py
[2025-02-25T23:42:58.140+0000] {processor.py:925} INFO - DAG(s) 'example_params_trigger_ui' retrieved from /home/airflow/.local/lib/python3.12/site-packages/airflow/example_dags/example_params_trigger_ui.py
[2025-02-25T23:42:58.164+0000] {logging_mixin.py:190} INFO - [2025-02-25T23:42:58.164+0000] {dag.py:3239} INFO - Sync 1 DAGs
[2025-02-25T23:42:58.172+0000] {logging_mixin.py:190} INFO - [2025-02-25T23:42:58.172+0000] {dag.py:4180} INFO - Setting next_dagrun for example_params_trigger_ui to None, run_after=None
[2025-02-25T23:42:58.183+0000] {processor.py:208} INFO - Processing /home/airflow/.local/lib/python3.12/site-packages/airflow/example_dags/example_params_trigger_ui.py took 0.054 seconds
[2025-02-25T23:43:29.142+0000] {processor.py:186} INFO - Started process (PID=263) to work on /home/airflow/.local/lib/python3.12/site-packages/airflow/example_dags/example_params_trigger_ui.py
[2025-02-25T23:43:29.143+0000] {processor.py:914} INFO - Processing file /home/airflow/.local/lib/python3.12/site-packages/airflow/example_dags/example_params_trigger_ui.py for tasks to queue
[2025-02-25T23:43:29.144+0000] {logging_mixin.py:190} INFO - [2025-02-25T23:43:29.144+0000] {dagbag.py:588} INFO - Filling up the DagBag from /home/airflow/.local/lib/python3.12/site-packages/airflow/example_dags/example_params_trigger_ui.py
[2025-02-25T23:43:29.150+0000] {processor.py:925} INFO - DAG(s) 'example_params_trigger_ui' retrieved from /home/airflow/.local/lib/python3.12/site-packages/airflow/example_dags/example_params_trigger_ui.py
[2025-02-25T23:43:29.174+0000] {logging_mixin.py:190} INFO - [2025-02-25T23:43:29.174+0000] {dag.py:3239} INFO - Sync 1 DAGs
[2025-02-25T23:43:29.182+0000] {logging_mixin.py:190} INFO - [2025-02-25T23:43:29.182+0000] {dag.py:4180} INFO - Setting next_dagrun for example_params_trigger_ui to None, run_after=None
[2025-02-25T23:43:29.192+0000] {processor.py:208} INFO - Processing /home/airflow/.local/lib/python3.12/site-packages/airflow/example_dags/example_params_trigger_ui.py took 0.053 seconds
[2025-02-25T23:44:00.017+0000] {processor.py:186} INFO - Started process (PID=326) to work on /home/airflow/.local/lib/python3.12/site-packages/airflow/example_dags/example_params_trigger_ui.py
[2025-02-25T23:44:00.018+0000] {processor.py:914} INFO - Processing file /home/airflow/.local/lib/python3.12/site-packages/airflow/example_dags/example_params_trigger_ui.py for tasks to queue
[2025-02-25T23:44:00.019+0000] {logging_mixin.py:190} INFO - [2025-02-25T23:44:00.019+0000] {dagbag.py:588} INFO - Filling up the DagBag from /home/airflow/.local/lib/python3.12/site-packages/airflow/example_dags/example_params_trigger_ui.py
[2025-02-25T23:44:00.025+0000] {processor.py:925} INFO - DAG(s) 'example_params_trigger_ui' retrieved from /home/airflow/.local/lib/python3.12/site-packages/airflow/example_dags/example_params_trigger_ui.py
[2025-02-25T23:44:00.050+0000] {logging_mixin.py:190} INFO - [2025-02-25T23:44:00.050+0000] {dag.py:3239} INFO - Sync 1 DAGs
[2025-02-25T23:44:00.059+0000] {logging_mixin.py:190} INFO - [2025-02-25T23:44:00.059+0000] {dag.py:4180} INFO - Setting next_dagrun for example_params_trigger_ui to None, run_after=None
[2025-02-25T23:44:00.070+0000] {processor.py:208} INFO - Processing /home/airflow/.local/lib/python3.12/site-packages/airflow/example_dags/example_params_trigger_ui.py took 0.057 seconds
[2025-02-25T23:44:30.779+0000] {processor.py:186} INFO - Started process (PID=389) to work on /home/airflow/.local/lib/python3.12/site-packages/airflow/example_dags/example_params_trigger_ui.py
[2025-02-25T23:44:30.785+0000] {processor.py:914} INFO - Processing file /home/airflow/.local/lib/python3.12/site-packages/airflow/example_dags/example_params_trigger_ui.py for tasks to queue
[2025-02-25T23:44:30.787+0000] {logging_mixin.py:190} INFO - [2025-02-25T23:44:30.787+0000] {dagbag.py:588} INFO - Filling up the DagBag from /home/airflow/.local/lib/python3.12/site-packages/airflow/example_dags/example_params_trigger_ui.py
[2025-02-25T23:44:30.793+0000] {processor.py:925} INFO - DAG(s) 'example_params_trigger_ui' retrieved from /home/airflow/.local/lib/python3.12/site-packages/airflow/example_dags/example_params_trigger_ui.py
[2025-02-25T23:44:30.817+0000] {logging_mixin.py:190} INFO - [2025-02-25T23:44:30.817+0000] {dag.py:3239} INFO - Sync 1 DAGs
[2025-02-25T23:44:30.825+0000] {logging_mixin.py:190} INFO - [2025-02-25T23:44:30.825+0000] {dag.py:4180} INFO - Setting next_dagrun for example_params_trigger_ui to None, run_after=None
[2025-02-25T23:44:30.835+0000] {processor.py:208} INFO - Processing /home/airflow/.local/lib/python3.12/site-packages/airflow/example_dags/example_params_trigger_ui.py took 0.060 seconds
[2025-02-25T23:45:01.511+0000] {processor.py:186} INFO - Started process (PID=452) to work on /home/airflow/.local/lib/python3.12/site-packages/airflow/example_dags/example_params_trigger_ui.py
[2025-02-25T23:45:01.512+0000] {processor.py:914} INFO - Processing file /home/airflow/.local/lib/python3.12/site-packages/airflow/example_dags/example_params_trigger_ui.py for tasks to queue
[2025-02-25T23:45:01.513+0000] {logging_mixin.py:190} INFO - [2025-02-25T23:45:01.513+0000] {dagbag.py:588} INFO - Filling up the DagBag from /home/airflow/.local/lib/python3.12/site-packages/airflow/example_dags/example_params_trigger_ui.py
[2025-02-25T23:45:01.520+0000] {processor.py:925} INFO - DAG(s) 'example_params_trigger_ui' retrieved from /home/airflow/.local/lib/python3.12/site-packages/airflow/example_dags/example_params_trigger_ui.py
[2025-02-25T23:45:01.547+0000] {logging_mixin.py:190} INFO - [2025-02-25T23:45:01.547+0000] {dag.py:3239} INFO - Sync 1 DAGs
[2025-02-25T23:45:01.556+0000] {logging_mixin.py:190} INFO - [2025-02-25T23:45:01.556+0000] {dag.py:4180} INFO - Setting next_dagrun for example_params_trigger_ui to None, run_after=None
[2025-02-25T23:45:01.567+0000] {processor.py:208} INFO - Processing /home/airflow/.local/lib/python3.12/site-packages/airflow/example_dags/example_params_trigger_ui.py took 0.060 seconds
[2025-02-25T23:45:32.216+0000] {processor.py:186} INFO - Started process (PID=515) to work on /home/airflow/.local/lib/python3.12/site-packages/airflow/example_dags/example_params_trigger_ui.py
[2025-02-25T23:45:32.217+0000] {processor.py:914} INFO - Processing file /home/airflow/.local/lib/python3.12/site-packages/airflow/example_dags/example_params_trigger_ui.py for tasks to queue
[2025-02-25T23:45:32.218+0000] {logging_mixin.py:190} INFO - [2025-02-25T23:45:32.218+0000] {dagbag.py:588} INFO - Filling up the DagBag from /home/airflow/.local/lib/python3.12/site-packages/airflow/example_dags/example_params_trigger_ui.py
[2025-02-25T23:45:32.224+0000] {processor.py:925} INFO - DAG(s) 'example_params_trigger_ui' retrieved from /home/airflow/.local/lib/python3.12/site-packages/airflow/example_dags/example_params_trigger_ui.py
[2025-02-25T23:45:32.250+0000] {logging_mixin.py:190} INFO - [2025-02-25T23:45:32.250+0000] {dag.py:3239} INFO - Sync 1 DAGs
[2025-02-25T23:45:32.259+0000] {logging_mixin.py:190} INFO - [2025-02-25T23:45:32.259+0000] {dag.py:4180} INFO - Setting next_dagrun for example_params_trigger_ui to None, run_after=None
[2025-02-25T23:45:32.271+0000] {processor.py:208} INFO - Processing /home/airflow/.local/lib/python3.12/site-packages/airflow/example_dags/example_params_trigger_ui.py took 0.058 seconds
[2025-02-25T23:46:03.038+0000] {processor.py:186} INFO - Started process (PID=578) to work on /home/airflow/.local/lib/python3.12/site-packages/airflow/example_dags/example_params_trigger_ui.py
[2025-02-25T23:46:03.039+0000] {processor.py:914} INFO - Processing file /home/airflow/.local/lib/python3.12/site-packages/airflow/example_dags/example_params_trigger_ui.py for tasks to queue
[2025-02-25T23:46:03.040+0000] {logging_mixin.py:190} INFO - [2025-02-25T23:46:03.040+0000] {dagbag.py:588} INFO - Filling up the DagBag from /home/airflow/.local/lib/python3.12/site-packages/airflow/example_dags/example_params_trigger_ui.py
[2025-02-25T23:46:03.046+0000] {processor.py:925} INFO - DAG(s) 'example_params_trigger_ui' retrieved from /home/airflow/.local/lib/python3.12/site-packages/airflow/example_dags/example_params_trigger_ui.py
[2025-02-25T23:46:03.072+0000] {logging_mixin.py:190} INFO - [2025-02-25T23:46:03.072+0000] {dag.py:3239} INFO - Sync 1 DAGs
[2025-02-25T23:46:03.081+0000] {logging_mixin.py:190} INFO - [2025-02-25T23:46:03.080+0000] {dag.py:4180} INFO - Setting next_dagrun for example_params_trigger_ui to None, run_after=None
[2025-02-25T23:46:03.092+0000] {processor.py:208} INFO - Processing /home/airflow/.local/lib/python3.12/site-packages/airflow/example_dags/example_params_trigger_ui.py took 0.057 seconds
[2025-02-25T23:46:33.913+0000] {processor.py:186} INFO - Started process (PID=641) to work on /home/airflow/.local/lib/python3.12/site-packages/airflow/example_dags/example_params_trigger_ui.py
[2025-02-25T23:46:33.914+0000] {processor.py:914} INFO - Processing file /home/airflow/.local/lib/python3.12/site-packages/airflow/example_dags/example_params_trigger_ui.py for tasks to queue
[2025-02-25T23:46:33.915+0000] {logging_mixin.py:190} INFO - [2025-02-25T23:46:33.915+0000] {dagbag.py:588} INFO - Filling up the DagBag from /home/airflow/.local/lib/python3.12/site-packages/airflow/example_dags/example_params_trigger_ui.py
[2025-02-25T23:46:33.922+0000] {processor.py:925} INFO - DAG(s) 'example_params_trigger_ui' retrieved from /home/airflow/.local/lib/python3.12/site-packages/airflow/example_dags/example_params_trigger_ui.py
[2025-02-25T23:46:33.947+0000] {logging_mixin.py:190} INFO - [2025-02-25T23:46:33.946+0000] {dag.py:3239} INFO - Sync 1 DAGs
[2025-02-25T23:46:33.954+0000] {logging_mixin.py:190} INFO - [2025-02-25T23:46:33.954+0000] {dag.py:4180} INFO - Setting next_dagrun for example_params_trigger_ui to None, run_after=None
[2025-02-25T23:46:33.965+0000] {processor.py:208} INFO - Processing /home/airflow/.local/lib/python3.12/site-packages/airflow/example_dags/example_params_trigger_ui.py took 0.056 seconds
[2025-02-25T23:47:04.592+0000] {processor.py:186} INFO - Started process (PID=704) to work on /home/airflow/.local/lib/python3.12/site-packages/airflow/example_dags/example_params_trigger_ui.py
[2025-02-25T23:47:04.593+0000] {processor.py:914} INFO - Processing file /home/airflow/.local/lib/python3.12/site-packages/airflow/example_dags/example_params_trigger_ui.py for tasks to queue
[2025-02-25T23:47:04.594+0000] {logging_mixin.py:190} INFO - [2025-02-25T23:47:04.594+0000] {dagbag.py:588} INFO - Filling up the DagBag from /home/airflow/.local/lib/python3.12/site-packages/airflow/example_dags/example_params_trigger_ui.py
[2025-02-25T23:47:04.600+0000] {processor.py:925} INFO - DAG(s) 'example_params_trigger_ui' retrieved from /home/airflow/.local/lib/python3.12/site-packages/airflow/example_dags/example_params_trigger_ui.py
[2025-02-25T23:47:04.624+0000] {logging_mixin.py:190} INFO - [2025-02-25T23:47:04.624+0000] {dag.py:3239} INFO - Sync 1 DAGs
[2025-02-25T23:47:04.633+0000] {logging_mixin.py:190} INFO - [2025-02-25T23:47:04.633+0000] {dag.py:4180} INFO - Setting next_dagrun for example_params_trigger_ui to None, run_after=None
[2025-02-25T23:47:04.643+0000] {processor.py:208} INFO - Processing /home/airflow/.local/lib/python3.12/site-packages/airflow/example_dags/example_params_trigger_ui.py took 0.054 seconds
[2025-02-25T23:47:35.369+0000] {processor.py:186} INFO - Started process (PID=767) to work on /home/airflow/.local/lib/python3.12/site-packages/airflow/example_dags/example_params_trigger_ui.py
[2025-02-25T23:47:35.370+0000] {processor.py:914} INFO - Processing file /home/airflow/.local/lib/python3.12/site-packages/airflow/example_dags/example_params_trigger_ui.py for tasks to queue
[2025-02-25T23:47:35.371+0000] {logging_mixin.py:190} INFO - [2025-02-25T23:47:35.371+0000] {dagbag.py:588} INFO - Filling up the DagBag from /home/airflow/.local/lib/python3.12/site-packages/airflow/example_dags/example_params_trigger_ui.py
[2025-02-25T23:47:35.377+0000] {processor.py:925} INFO - DAG(s) 'example_params_trigger_ui' retrieved from /home/airflow/.local/lib/python3.12/site-packages/airflow/example_dags/example_params_trigger_ui.py
[2025-02-25T23:47:35.402+0000] {logging_mixin.py:190} INFO - [2025-02-25T23:47:35.402+0000] {dag.py:3239} INFO - Sync 1 DAGs
[2025-02-25T23:47:35.410+0000] {logging_mixin.py:190} INFO - [2025-02-25T23:47:35.410+0000] {dag.py:4180} INFO - Setting next_dagrun for example_params_trigger_ui to None, run_after=None
[2025-02-25T23:47:35.421+0000] {processor.py:208} INFO - Processing /home/airflow/.local/lib/python3.12/site-packages/airflow/example_dags/example_params_trigger_ui.py took 0.055 seconds
[2025-02-25T23:48:06.208+0000] {processor.py:186} INFO - Started process (PID=824) to work on /home/airflow/.local/lib/python3.12/site-packages/airflow/example_dags/example_params_trigger_ui.py
[2025-02-25T23:48:06.209+0000] {processor.py:914} INFO - Processing file /home/airflow/.local/lib/python3.12/site-packages/airflow/example_dags/example_params_trigger_ui.py for tasks to queue
[2025-02-25T23:48:06.211+0000] {logging_mixin.py:190} INFO - [2025-02-25T23:48:06.210+0000] {dagbag.py:588} INFO - Filling up the DagBag from /home/airflow/.local/lib/python3.12/site-packages/airflow/example_dags/example_params_trigger_ui.py
[2025-02-25T23:48:06.217+0000] {processor.py:925} INFO - DAG(s) 'example_params_trigger_ui' retrieved from /home/airflow/.local/lib/python3.12/site-packages/airflow/example_dags/example_params_trigger_ui.py
[2025-02-25T23:48:06.243+0000] {logging_mixin.py:190} INFO - [2025-02-25T23:48:06.243+0000] {dag.py:3239} INFO - Sync 1 DAGs
[2025-02-25T23:48:06.251+0000] {logging_mixin.py:190} INFO - [2025-02-25T23:48:06.251+0000] {dag.py:4180} INFO - Setting next_dagrun for example_params_trigger_ui to None, run_after=None
[2025-02-25T23:48:06.263+0000] {processor.py:208} INFO - Processing /home/airflow/.local/lib/python3.12/site-packages/airflow/example_dags/example_params_trigger_ui.py took 0.059 seconds
[2025-02-25T23:48:37.017+0000] {processor.py:186} INFO - Started process (PID=887) to work on /home/airflow/.local/lib/python3.12/site-packages/airflow/example_dags/example_params_trigger_ui.py
[2025-02-25T23:48:37.018+0000] {processor.py:914} INFO - Processing file /home/airflow/.local/lib/python3.12/site-packages/airflow/example_dags/example_params_trigger_ui.py for tasks to queue
[2025-02-25T23:48:37.019+0000] {logging_mixin.py:190} INFO - [2025-02-25T23:48:37.019+0000] {dagbag.py:588} INFO - Filling up the DagBag from /home/airflow/.local/lib/python3.12/site-packages/airflow/example_dags/example_params_trigger_ui.py
[2025-02-25T23:48:37.026+0000] {processor.py:925} INFO - DAG(s) 'example_params_trigger_ui' retrieved from /home/airflow/.local/lib/python3.12/site-packages/airflow/example_dags/example_params_trigger_ui.py
[2025-02-25T23:48:37.052+0000] {logging_mixin.py:190} INFO - [2025-02-25T23:48:37.052+0000] {dag.py:3239} INFO - Sync 1 DAGs
[2025-02-25T23:48:37.061+0000] {logging_mixin.py:190} INFO - [2025-02-25T23:48:37.060+0000] {dag.py:4180} INFO - Setting next_dagrun for example_params_trigger_ui to None, run_after=None
[2025-02-25T23:48:37.072+0000] {processor.py:208} INFO - Processing /home/airflow/.local/lib/python3.12/site-packages/airflow/example_dags/example_params_trigger_ui.py took 0.059 seconds
[2025-02-25T23:49:07.248+0000] {processor.py:186} INFO - Started process (PID=950) to work on /home/airflow/.local/lib/python3.12/site-packages/airflow/example_dags/example_params_trigger_ui.py
[2025-02-25T23:49:07.249+0000] {processor.py:914} INFO - Processing file /home/airflow/.local/lib/python3.12/site-packages/airflow/example_dags/example_params_trigger_ui.py for tasks to queue
[2025-02-25T23:49:07.250+0000] {logging_mixin.py:190} INFO - [2025-02-25T23:49:07.250+0000] {dagbag.py:588} INFO - Filling up the DagBag from /home/airflow/.local/lib/python3.12/site-packages/airflow/example_dags/example_params_trigger_ui.py
[2025-02-25T23:49:07.256+0000] {processor.py:925} INFO - DAG(s) 'example_params_trigger_ui' retrieved from /home/airflow/.local/lib/python3.12/site-packages/airflow/example_dags/example_params_trigger_ui.py
[2025-02-25T23:49:07.280+0000] {logging_mixin.py:190} INFO - [2025-02-25T23:49:07.280+0000] {dag.py:3239} INFO - Sync 1 DAGs
[2025-02-25T23:49:07.288+0000] {logging_mixin.py:190} INFO - [2025-02-25T23:49:07.288+0000] {dag.py:4180} INFO - Setting next_dagrun for example_params_trigger_ui to None, run_after=None
[2025-02-25T23:49:07.298+0000] {processor.py:208} INFO - Processing /home/airflow/.local/lib/python3.12/site-packages/airflow/example_dags/example_params_trigger_ui.py took 0.053 seconds
[2025-02-25T23:49:37.739+0000] {processor.py:186} INFO - Started process (PID=1013) to work on /home/airflow/.local/lib/python3.12/site-packages/airflow/example_dags/example_params_trigger_ui.py
[2025-02-25T23:49:37.739+0000] {processor.py:914} INFO - Processing file /home/airflow/.local/lib/python3.12/site-packages/airflow/example_dags/example_params_trigger_ui.py for tasks to queue
[2025-02-25T23:49:37.741+0000] {logging_mixin.py:190} INFO - [2025-02-25T23:49:37.740+0000] {dagbag.py:588} INFO - Filling up the DagBag from /home/airflow/.local/lib/python3.12/site-packages/airflow/example_dags/example_params_trigger_ui.py
[2025-02-25T23:49:37.747+0000] {processor.py:925} INFO - DAG(s) 'example_params_trigger_ui' retrieved from /home/airflow/.local/lib/python3.12/site-packages/airflow/example_dags/example_params_trigger_ui.py
[2025-02-25T23:49:37.772+0000] {logging_mixin.py:190} INFO - [2025-02-25T23:49:37.772+0000] {dag.py:3239} INFO - Sync 1 DAGs
[2025-02-25T23:49:37.781+0000] {logging_mixin.py:190} INFO - [2025-02-25T23:49:37.781+0000] {dag.py:4180} INFO - Setting next_dagrun for example_params_trigger_ui to None, run_after=None
[2025-02-25T23:49:37.792+0000] {processor.py:208} INFO - Processing /home/airflow/.local/lib/python3.12/site-packages/airflow/example_dags/example_params_trigger_ui.py took 0.057 seconds
[2025-02-25T23:50:08.221+0000] {processor.py:186} INFO - Started process (PID=1076) to work on /home/airflow/.local/lib/python3.12/site-packages/airflow/example_dags/example_params_trigger_ui.py
[2025-02-25T23:50:08.222+0000] {processor.py:914} INFO - Processing file /home/airflow/.local/lib/python3.12/site-packages/airflow/example_dags/example_params_trigger_ui.py for tasks to queue
[2025-02-25T23:50:08.223+0000] {logging_mixin.py:190} INFO - [2025-02-25T23:50:08.223+0000] {dagbag.py:588} INFO - Filling up the DagBag from /home/airflow/.local/lib/python3.12/site-packages/airflow/example_dags/example_params_trigger_ui.py
[2025-02-25T23:50:08.230+0000] {processor.py:925} INFO - DAG(s) 'example_params_trigger_ui' retrieved from /home/airflow/.local/lib/python3.12/site-packages/airflow/example_dags/example_params_trigger_ui.py
[2025-02-25T23:50:08.255+0000] {logging_mixin.py:190} INFO - [2025-02-25T23:50:08.255+0000] {dag.py:3239} INFO - Sync 1 DAGs
[2025-02-25T23:50:08.264+0000] {logging_mixin.py:190} INFO - [2025-02-25T23:50:08.264+0000] {dag.py:4180} INFO - Setting next_dagrun for example_params_trigger_ui to None, run_after=None
[2025-02-25T23:50:08.274+0000] {processor.py:208} INFO - Processing /home/airflow/.local/lib/python3.12/site-packages/airflow/example_dags/example_params_trigger_ui.py took 0.056 seconds
[2025-02-25T23:50:38.703+0000] {processor.py:186} INFO - Started process (PID=1139) to work on /home/airflow/.local/lib/python3.12/site-packages/airflow/example_dags/example_params_trigger_ui.py
[2025-02-25T23:50:38.704+0000] {processor.py:914} INFO - Processing file /home/airflow/.local/lib/python3.12/site-packages/airflow/example_dags/example_params_trigger_ui.py for tasks to queue
[2025-02-25T23:50:38.705+0000] {logging_mixin.py:190} INFO - [2025-02-25T23:50:38.705+0000] {dagbag.py:588} INFO - Filling up the DagBag from /home/airflow/.local/lib/python3.12/site-packages/airflow/example_dags/example_params_trigger_ui.py
[2025-02-25T23:50:38.711+0000] {processor.py:925} INFO - DAG(s) 'example_params_trigger_ui' retrieved from /home/airflow/.local/lib/python3.12/site-packages/airflow/example_dags/example_params_trigger_ui.py
[2025-02-25T23:50:38.736+0000] {logging_mixin.py:190} INFO - [2025-02-25T23:50:38.736+0000] {dag.py:3239} INFO - Sync 1 DAGs
[2025-02-25T23:50:38.744+0000] {logging_mixin.py:190} INFO - [2025-02-25T23:50:38.744+0000] {dag.py:4180} INFO - Setting next_dagrun for example_params_trigger_ui to None, run_after=None
[2025-02-25T23:50:38.755+0000] {processor.py:208} INFO - Processing /home/airflow/.local/lib/python3.12/site-packages/airflow/example_dags/example_params_trigger_ui.py took 0.054 seconds
[2025-02-25T23:51:11.252+0000] {processor.py:186} INFO - Started process (PID=1202) to work on /home/airflow/.local/lib/python3.12/site-packages/airflow/example_dags/example_params_trigger_ui.py
[2025-02-25T23:51:11.253+0000] {processor.py:914} INFO - Processing file /home/airflow/.local/lib/python3.12/site-packages/airflow/example_dags/example_params_trigger_ui.py for tasks to queue
[2025-02-25T23:51:11.254+0000] {logging_mixin.py:190} INFO - [2025-02-25T23:51:11.254+0000] {dagbag.py:588} INFO - Filling up the DagBag from /home/airflow/.local/lib/python3.12/site-packages/airflow/example_dags/example_params_trigger_ui.py
[2025-02-25T23:51:11.260+0000] {processor.py:925} INFO - DAG(s) 'example_params_trigger_ui' retrieved from /home/airflow/.local/lib/python3.12/site-packages/airflow/example_dags/example_params_trigger_ui.py
[2025-02-25T23:51:11.284+0000] {logging_mixin.py:190} INFO - [2025-02-25T23:51:11.284+0000] {dag.py:3239} INFO - Sync 1 DAGs
[2025-02-25T23:51:11.292+0000] {logging_mixin.py:190} INFO - [2025-02-25T23:51:11.292+0000] {dag.py:4180} INFO - Setting next_dagrun for example_params_trigger_ui to None, run_after=None
[2025-02-25T23:51:11.303+0000] {processor.py:208} INFO - Processing /home/airflow/.local/lib/python3.12/site-packages/airflow/example_dags/example_params_trigger_ui.py took 0.054 seconds
[2025-02-25T23:51:41.894+0000] {processor.py:186} INFO - Started process (PID=1265) to work on /home/airflow/.local/lib/python3.12/site-packages/airflow/example_dags/example_params_trigger_ui.py
[2025-02-25T23:51:41.895+0000] {processor.py:914} INFO - Processing file /home/airflow/.local/lib/python3.12/site-packages/airflow/example_dags/example_params_trigger_ui.py for tasks to queue
[2025-02-25T23:51:41.896+0000] {logging_mixin.py:190} INFO - [2025-02-25T23:51:41.896+0000] {dagbag.py:588} INFO - Filling up the DagBag from /home/airflow/.local/lib/python3.12/site-packages/airflow/example_dags/example_params_trigger_ui.py
[2025-02-25T23:51:41.902+0000] {processor.py:925} INFO - DAG(s) 'example_params_trigger_ui' retrieved from /home/airflow/.local/lib/python3.12/site-packages/airflow/example_dags/example_params_trigger_ui.py
[2025-02-25T23:51:41.927+0000] {logging_mixin.py:190} INFO - [2025-02-25T23:51:41.927+0000] {dag.py:3239} INFO - Sync 1 DAGs
[2025-02-25T23:51:41.935+0000] {logging_mixin.py:190} INFO - [2025-02-25T23:51:41.935+0000] {dag.py:4180} INFO - Setting next_dagrun for example_params_trigger_ui to None, run_after=None
[2025-02-25T23:51:41.945+0000] {processor.py:208} INFO - Processing /home/airflow/.local/lib/python3.12/site-packages/airflow/example_dags/example_params_trigger_ui.py took 0.054 seconds
[2025-02-25T23:52:12.899+0000] {processor.py:186} INFO - Started process (PID=1328) to work on /home/airflow/.local/lib/python3.12/site-packages/airflow/example_dags/example_params_trigger_ui.py
[2025-02-25T23:52:12.900+0000] {processor.py:914} INFO - Processing file /home/airflow/.local/lib/python3.12/site-packages/airflow/example_dags/example_params_trigger_ui.py for tasks to queue
[2025-02-25T23:52:12.901+0000] {logging_mixin.py:190} INFO - [2025-02-25T23:52:12.901+0000] {dagbag.py:588} INFO - Filling up the DagBag from /home/airflow/.local/lib/python3.12/site-packages/airflow/example_dags/example_params_trigger_ui.py
[2025-02-25T23:52:12.907+0000] {processor.py:925} INFO - DAG(s) 'example_params_trigger_ui' retrieved from /home/airflow/.local/lib/python3.12/site-packages/airflow/example_dags/example_params_trigger_ui.py
[2025-02-25T23:52:12.931+0000] {logging_mixin.py:190} INFO - [2025-02-25T23:52:12.931+0000] {dag.py:3239} INFO - Sync 1 DAGs
[2025-02-25T23:52:12.939+0000] {logging_mixin.py:190} INFO - [2025-02-25T23:52:12.939+0000] {dag.py:4180} INFO - Setting next_dagrun for example_params_trigger_ui to None, run_after=None
[2025-02-25T23:52:12.949+0000] {processor.py:208} INFO - Processing /home/airflow/.local/lib/python3.12/site-packages/airflow/example_dags/example_params_trigger_ui.py took 0.053 seconds
[2025-02-25T23:52:43.926+0000] {processor.py:186} INFO - Started process (PID=1391) to work on /home/airflow/.local/lib/python3.12/site-packages/airflow/example_dags/example_params_trigger_ui.py
[2025-02-25T23:52:43.926+0000] {processor.py:914} INFO - Processing file /home/airflow/.local/lib/python3.12/site-packages/airflow/example_dags/example_params_trigger_ui.py for tasks to queue
[2025-02-25T23:52:43.927+0000] {logging_mixin.py:190} INFO - [2025-02-25T23:52:43.927+0000] {dagbag.py:588} INFO - Filling up the DagBag from /home/airflow/.local/lib/python3.12/site-packages/airflow/example_dags/example_params_trigger_ui.py
[2025-02-25T23:52:43.933+0000] {processor.py:925} INFO - DAG(s) 'example_params_trigger_ui' retrieved from /home/airflow/.local/lib/python3.12/site-packages/airflow/example_dags/example_params_trigger_ui.py
[2025-02-25T23:52:43.958+0000] {logging_mixin.py:190} INFO - [2025-02-25T23:52:43.958+0000] {dag.py:3239} INFO - Sync 1 DAGs
[2025-02-25T23:52:43.966+0000] {logging_mixin.py:190} INFO - [2025-02-25T23:52:43.966+0000] {dag.py:4180} INFO - Setting next_dagrun for example_params_trigger_ui to None, run_after=None
[2025-02-25T23:52:43.977+0000] {processor.py:208} INFO - Processing /home/airflow/.local/lib/python3.12/site-packages/airflow/example_dags/example_params_trigger_ui.py took 0.055 seconds
[2025-02-25T23:53:14.927+0000] {processor.py:186} INFO - Started process (PID=1455) to work on /home/airflow/.local/lib/python3.12/site-packages/airflow/example_dags/example_params_trigger_ui.py
[2025-02-25T23:53:14.928+0000] {processor.py:914} INFO - Processing file /home/airflow/.local/lib/python3.12/site-packages/airflow/example_dags/example_params_trigger_ui.py for tasks to queue
[2025-02-25T23:53:14.929+0000] {logging_mixin.py:190} INFO - [2025-02-25T23:53:14.929+0000] {dagbag.py:588} INFO - Filling up the DagBag from /home/airflow/.local/lib/python3.12/site-packages/airflow/example_dags/example_params_trigger_ui.py
[2025-02-25T23:53:14.936+0000] {processor.py:925} INFO - DAG(s) 'example_params_trigger_ui' retrieved from /home/airflow/.local/lib/python3.12/site-packages/airflow/example_dags/example_params_trigger_ui.py
[2025-02-25T23:53:14.960+0000] {logging_mixin.py:190} INFO - [2025-02-25T23:53:14.960+0000] {dag.py:3239} INFO - Sync 1 DAGs
[2025-02-25T23:53:14.968+0000] {logging_mixin.py:190} INFO - [2025-02-25T23:53:14.968+0000] {dag.py:4180} INFO - Setting next_dagrun for example_params_trigger_ui to None, run_after=None
[2025-02-25T23:53:14.978+0000] {processor.py:208} INFO - Processing /home/airflow/.local/lib/python3.12/site-packages/airflow/example_dags/example_params_trigger_ui.py took 0.054 seconds
[2025-02-25T23:53:45.881+0000] {processor.py:186} INFO - Started process (PID=1518) to work on /home/airflow/.local/lib/python3.12/site-packages/airflow/example_dags/example_params_trigger_ui.py
[2025-02-25T23:53:45.882+0000] {processor.py:914} INFO - Processing file /home/airflow/.local/lib/python3.12/site-packages/airflow/example_dags/example_params_trigger_ui.py for tasks to queue
[2025-02-25T23:53:45.883+0000] {logging_mixin.py:190} INFO - [2025-02-25T23:53:45.883+0000] {dagbag.py:588} INFO - Filling up the DagBag from /home/airflow/.local/lib/python3.12/site-packages/airflow/example_dags/example_params_trigger_ui.py
[2025-02-25T23:53:45.889+0000] {processor.py:925} INFO - DAG(s) 'example_params_trigger_ui' retrieved from /home/airflow/.local/lib/python3.12/site-packages/airflow/example_dags/example_params_trigger_ui.py
[2025-02-25T23:53:45.913+0000] {logging_mixin.py:190} INFO - [2025-02-25T23:53:45.913+0000] {dag.py:3239} INFO - Sync 1 DAGs
[2025-02-25T23:53:45.921+0000] {logging_mixin.py:190} INFO - [2025-02-25T23:53:45.921+0000] {dag.py:4180} INFO - Setting next_dagrun for example_params_trigger_ui to None, run_after=None
[2025-02-25T23:53:45.930+0000] {processor.py:208} INFO - Processing /home/airflow/.local/lib/python3.12/site-packages/airflow/example_dags/example_params_trigger_ui.py took 0.052 seconds
[2025-02-25T23:54:16.802+0000] {processor.py:186} INFO - Started process (PID=1581) to work on /home/airflow/.local/lib/python3.12/site-packages/airflow/example_dags/example_params_trigger_ui.py
[2025-02-25T23:54:16.803+0000] {processor.py:914} INFO - Processing file /home/airflow/.local/lib/python3.12/site-packages/airflow/example_dags/example_params_trigger_ui.py for tasks to queue
[2025-02-25T23:54:16.804+0000] {logging_mixin.py:190} INFO - [2025-02-25T23:54:16.804+0000] {dagbag.py:588} INFO - Filling up the DagBag from /home/airflow/.local/lib/python3.12/site-packages/airflow/example_dags/example_params_trigger_ui.py
[2025-02-25T23:54:16.812+0000] {processor.py:925} INFO - DAG(s) 'example_params_trigger_ui' retrieved from /home/airflow/.local/lib/python3.12/site-packages/airflow/example_dags/example_params_trigger_ui.py
[2025-02-25T23:54:16.838+0000] {logging_mixin.py:190} INFO - [2025-02-25T23:54:16.838+0000] {dag.py:3239} INFO - Sync 1 DAGs
[2025-02-25T23:54:16.846+0000] {logging_mixin.py:190} INFO - [2025-02-25T23:54:16.846+0000] {dag.py:4180} INFO - Setting next_dagrun for example_params_trigger_ui to None, run_after=None
[2025-02-25T23:54:16.856+0000] {processor.py:208} INFO - Processing /home/airflow/.local/lib/python3.12/site-packages/airflow/example_dags/example_params_trigger_ui.py took 0.058 seconds
[2025-02-25T23:54:47.810+0000] {processor.py:186} INFO - Started process (PID=1644) to work on /home/airflow/.local/lib/python3.12/site-packages/airflow/example_dags/example_params_trigger_ui.py
[2025-02-25T23:54:47.811+0000] {processor.py:914} INFO - Processing file /home/airflow/.local/lib/python3.12/site-packages/airflow/example_dags/example_params_trigger_ui.py for tasks to queue
[2025-02-25T23:54:47.813+0000] {logging_mixin.py:190} INFO - [2025-02-25T23:54:47.812+0000] {dagbag.py:588} INFO - Filling up the DagBag from /home/airflow/.local/lib/python3.12/site-packages/airflow/example_dags/example_params_trigger_ui.py
[2025-02-25T23:54:47.820+0000] {processor.py:925} INFO - DAG(s) 'example_params_trigger_ui' retrieved from /home/airflow/.local/lib/python3.12/site-packages/airflow/example_dags/example_params_trigger_ui.py
[2025-02-25T23:54:47.846+0000] {logging_mixin.py:190} INFO - [2025-02-25T23:54:47.845+0000] {dag.py:3239} INFO - Sync 1 DAGs
[2025-02-25T23:54:47.854+0000] {logging_mixin.py:190} INFO - [2025-02-25T23:54:47.854+0000] {dag.py:4180} INFO - Setting next_dagrun for example_params_trigger_ui to None, run_after=None
[2025-02-25T23:54:47.866+0000] {processor.py:208} INFO - Processing /home/airflow/.local/lib/python3.12/site-packages/airflow/example_dags/example_params_trigger_ui.py took 0.060 seconds
[2025-02-25T23:55:18.123+0000] {processor.py:186} INFO - Started process (PID=1707) to work on /home/airflow/.local/lib/python3.12/site-packages/airflow/example_dags/example_params_trigger_ui.py
[2025-02-25T23:55:18.124+0000] {processor.py:914} INFO - Processing file /home/airflow/.local/lib/python3.12/site-packages/airflow/example_dags/example_params_trigger_ui.py for tasks to queue
[2025-02-25T23:55:18.125+0000] {logging_mixin.py:190} INFO - [2025-02-25T23:55:18.125+0000] {dagbag.py:588} INFO - Filling up the DagBag from /home/airflow/.local/lib/python3.12/site-packages/airflow/example_dags/example_params_trigger_ui.py
[2025-02-25T23:55:18.132+0000] {processor.py:925} INFO - DAG(s) 'example_params_trigger_ui' retrieved from /home/airflow/.local/lib/python3.12/site-packages/airflow/example_dags/example_params_trigger_ui.py
[2025-02-25T23:55:18.159+0000] {logging_mixin.py:190} INFO - [2025-02-25T23:55:18.159+0000] {dag.py:3239} INFO - Sync 1 DAGs
[2025-02-25T23:55:18.167+0000] {logging_mixin.py:190} INFO - [2025-02-25T23:55:18.167+0000] {dag.py:4180} INFO - Setting next_dagrun for example_params_trigger_ui to None, run_after=None
[2025-02-25T23:55:18.178+0000] {processor.py:208} INFO - Processing /home/airflow/.local/lib/python3.12/site-packages/airflow/example_dags/example_params_trigger_ui.py took 0.058 seconds
[2025-02-25T23:55:52.005+0000] {processor.py:186} INFO - Started process (PID=1770) to work on /home/airflow/.local/lib/python3.12/site-packages/airflow/example_dags/example_params_trigger_ui.py
[2025-02-25T23:55:52.006+0000] {processor.py:914} INFO - Processing file /home/airflow/.local/lib/python3.12/site-packages/airflow/example_dags/example_params_trigger_ui.py for tasks to queue
[2025-02-25T23:55:52.008+0000] {logging_mixin.py:190} INFO - [2025-02-25T23:55:52.007+0000] {dagbag.py:588} INFO - Filling up the DagBag from /home/airflow/.local/lib/python3.12/site-packages/airflow/example_dags/example_params_trigger_ui.py
[2025-02-25T23:55:52.014+0000] {processor.py:925} INFO - DAG(s) 'example_params_trigger_ui' retrieved from /home/airflow/.local/lib/python3.12/site-packages/airflow/example_dags/example_params_trigger_ui.py
[2025-02-25T23:55:52.041+0000] {logging_mixin.py:190} INFO - [2025-02-25T23:55:52.041+0000] {dag.py:3239} INFO - Sync 1 DAGs
[2025-02-25T23:55:52.049+0000] {logging_mixin.py:190} INFO - [2025-02-25T23:55:52.049+0000] {dag.py:4180} INFO - Setting next_dagrun for example_params_trigger_ui to None, run_after=None
[2025-02-25T23:55:52.061+0000] {processor.py:208} INFO - Processing /home/airflow/.local/lib/python3.12/site-packages/airflow/example_dags/example_params_trigger_ui.py took 0.059 seconds
[2025-02-25T23:56:22.912+0000] {processor.py:186} INFO - Started process (PID=1833) to work on /home/airflow/.local/lib/python3.12/site-packages/airflow/example_dags/example_params_trigger_ui.py
[2025-02-25T23:56:22.913+0000] {processor.py:914} INFO - Processing file /home/airflow/.local/lib/python3.12/site-packages/airflow/example_dags/example_params_trigger_ui.py for tasks to queue
[2025-02-25T23:56:22.914+0000] {logging_mixin.py:190} INFO - [2025-02-25T23:56:22.914+0000] {dagbag.py:588} INFO - Filling up the DagBag from /home/airflow/.local/lib/python3.12/site-packages/airflow/example_dags/example_params_trigger_ui.py
[2025-02-25T23:56:22.921+0000] {processor.py:925} INFO - DAG(s) 'example_params_trigger_ui' retrieved from /home/airflow/.local/lib/python3.12/site-packages/airflow/example_dags/example_params_trigger_ui.py
[2025-02-25T23:56:22.945+0000] {logging_mixin.py:190} INFO - [2025-02-25T23:56:22.944+0000] {dag.py:3239} INFO - Sync 1 DAGs
[2025-02-25T23:56:22.953+0000] {logging_mixin.py:190} INFO - [2025-02-25T23:56:22.953+0000] {dag.py:4180} INFO - Setting next_dagrun for example_params_trigger_ui to None, run_after=None
[2025-02-25T23:56:22.963+0000] {processor.py:208} INFO - Processing /home/airflow/.local/lib/python3.12/site-packages/airflow/example_dags/example_params_trigger_ui.py took 0.054 seconds
[2025-02-25T23:56:53.011+0000] {processor.py:186} INFO - Started process (PID=1896) to work on /home/airflow/.local/lib/python3.12/site-packages/airflow/example_dags/example_params_trigger_ui.py
[2025-02-25T23:56:53.012+0000] {processor.py:914} INFO - Processing file /home/airflow/.local/lib/python3.12/site-packages/airflow/example_dags/example_params_trigger_ui.py for tasks to queue
[2025-02-25T23:56:53.013+0000] {logging_mixin.py:190} INFO - [2025-02-25T23:56:53.013+0000] {dagbag.py:588} INFO - Filling up the DagBag from /home/airflow/.local/lib/python3.12/site-packages/airflow/example_dags/example_params_trigger_ui.py
[2025-02-25T23:56:53.019+0000] {processor.py:925} INFO - DAG(s) 'example_params_trigger_ui' retrieved from /home/airflow/.local/lib/python3.12/site-packages/airflow/example_dags/example_params_trigger_ui.py
[2025-02-25T23:56:53.043+0000] {logging_mixin.py:190} INFO - [2025-02-25T23:56:53.043+0000] {dag.py:3239} INFO - Sync 1 DAGs
[2025-02-25T23:56:53.052+0000] {logging_mixin.py:190} INFO - [2025-02-25T23:56:53.051+0000] {dag.py:4180} INFO - Setting next_dagrun for example_params_trigger_ui to None, run_after=None
[2025-02-25T23:56:53.064+0000] {processor.py:208} INFO - Processing /home/airflow/.local/lib/python3.12/site-packages/airflow/example_dags/example_params_trigger_ui.py took 0.057 seconds
[2025-02-25T23:57:23.959+0000] {processor.py:186} INFO - Started process (PID=1953) to work on /home/airflow/.local/lib/python3.12/site-packages/airflow/example_dags/example_params_trigger_ui.py
[2025-02-25T23:57:23.960+0000] {processor.py:914} INFO - Processing file /home/airflow/.local/lib/python3.12/site-packages/airflow/example_dags/example_params_trigger_ui.py for tasks to queue
[2025-02-25T23:57:23.961+0000] {logging_mixin.py:190} INFO - [2025-02-25T23:57:23.961+0000] {dagbag.py:588} INFO - Filling up the DagBag from /home/airflow/.local/lib/python3.12/site-packages/airflow/example_dags/example_params_trigger_ui.py
[2025-02-25T23:57:23.968+0000] {processor.py:925} INFO - DAG(s) 'example_params_trigger_ui' retrieved from /home/airflow/.local/lib/python3.12/site-packages/airflow/example_dags/example_params_trigger_ui.py
[2025-02-25T23:57:23.992+0000] {logging_mixin.py:190} INFO - [2025-02-25T23:57:23.992+0000] {dag.py:3239} INFO - Sync 1 DAGs
[2025-02-25T23:57:24.001+0000] {logging_mixin.py:190} INFO - [2025-02-25T23:57:24.001+0000] {dag.py:4180} INFO - Setting next_dagrun for example_params_trigger_ui to None, run_after=None
[2025-02-25T23:57:24.012+0000] {processor.py:208} INFO - Processing /home/airflow/.local/lib/python3.12/site-packages/airflow/example_dags/example_params_trigger_ui.py took 0.056 seconds
[2025-02-25T23:57:55.682+0000] {processor.py:186} INFO - Started process (PID=2016) to work on /home/airflow/.local/lib/python3.12/site-packages/airflow/example_dags/example_params_trigger_ui.py
[2025-02-25T23:57:55.684+0000] {processor.py:914} INFO - Processing file /home/airflow/.local/lib/python3.12/site-packages/airflow/example_dags/example_params_trigger_ui.py for tasks to queue
[2025-02-25T23:57:55.685+0000] {logging_mixin.py:190} INFO - [2025-02-25T23:57:55.685+0000] {dagbag.py:588} INFO - Filling up the DagBag from /home/airflow/.local/lib/python3.12/site-packages/airflow/example_dags/example_params_trigger_ui.py
[2025-02-25T23:57:55.691+0000] {processor.py:925} INFO - DAG(s) 'example_params_trigger_ui' retrieved from /home/airflow/.local/lib/python3.12/site-packages/airflow/example_dags/example_params_trigger_ui.py
[2025-02-25T23:57:55.715+0000] {logging_mixin.py:190} INFO - [2025-02-25T23:57:55.715+0000] {dag.py:3239} INFO - Sync 1 DAGs
[2025-02-25T23:57:55.723+0000] {logging_mixin.py:190} INFO - [2025-02-25T23:57:55.723+0000] {dag.py:4180} INFO - Setting next_dagrun for example_params_trigger_ui to None, run_after=None
[2025-02-25T23:57:55.734+0000] {processor.py:208} INFO - Processing /home/airflow/.local/lib/python3.12/site-packages/airflow/example_dags/example_params_trigger_ui.py took 0.055 seconds
[2025-02-25T23:58:29.391+0000] {processor.py:186} INFO - Started process (PID=2079) to work on /home/airflow/.local/lib/python3.12/site-packages/airflow/example_dags/example_params_trigger_ui.py
[2025-02-25T23:58:29.392+0000] {processor.py:914} INFO - Processing file /home/airflow/.local/lib/python3.12/site-packages/airflow/example_dags/example_params_trigger_ui.py for tasks to queue
[2025-02-25T23:58:29.393+0000] {logging_mixin.py:190} INFO - [2025-02-25T23:58:29.393+0000] {dagbag.py:588} INFO - Filling up the DagBag from /home/airflow/.local/lib/python3.12/site-packages/airflow/example_dags/example_params_trigger_ui.py
[2025-02-25T23:58:29.400+0000] {processor.py:925} INFO - DAG(s) 'example_params_trigger_ui' retrieved from /home/airflow/.local/lib/python3.12/site-packages/airflow/example_dags/example_params_trigger_ui.py
[2025-02-25T23:58:29.425+0000] {logging_mixin.py:190} INFO - [2025-02-25T23:58:29.425+0000] {dag.py:3239} INFO - Sync 1 DAGs
[2025-02-25T23:58:29.433+0000] {logging_mixin.py:190} INFO - [2025-02-25T23:58:29.433+0000] {dag.py:4180} INFO - Setting next_dagrun for example_params_trigger_ui to None, run_after=None
[2025-02-25T23:58:29.443+0000] {processor.py:208} INFO - Processing /home/airflow/.local/lib/python3.12/site-packages/airflow/example_dags/example_params_trigger_ui.py took 0.057 seconds
[2025-02-25T23:59:00.162+0000] {processor.py:186} INFO - Started process (PID=2142) to work on /home/airflow/.local/lib/python3.12/site-packages/airflow/example_dags/example_params_trigger_ui.py
[2025-02-25T23:59:00.163+0000] {processor.py:914} INFO - Processing file /home/airflow/.local/lib/python3.12/site-packages/airflow/example_dags/example_params_trigger_ui.py for tasks to queue
[2025-02-25T23:59:00.164+0000] {logging_mixin.py:190} INFO - [2025-02-25T23:59:00.164+0000] {dagbag.py:588} INFO - Filling up the DagBag from /home/airflow/.local/lib/python3.12/site-packages/airflow/example_dags/example_params_trigger_ui.py
[2025-02-25T23:59:00.170+0000] {processor.py:925} INFO - DAG(s) 'example_params_trigger_ui' retrieved from /home/airflow/.local/lib/python3.12/site-packages/airflow/example_dags/example_params_trigger_ui.py
[2025-02-25T23:59:00.195+0000] {logging_mixin.py:190} INFO - [2025-02-25T23:59:00.195+0000] {dag.py:3239} INFO - Sync 1 DAGs
[2025-02-25T23:59:00.204+0000] {logging_mixin.py:190} INFO - [2025-02-25T23:59:00.203+0000] {dag.py:4180} INFO - Setting next_dagrun for example_params_trigger_ui to None, run_after=None
[2025-02-25T23:59:00.213+0000] {processor.py:208} INFO - Processing /home/airflow/.local/lib/python3.12/site-packages/airflow/example_dags/example_params_trigger_ui.py took 0.055 seconds
[2025-02-25T23:59:30.907+0000] {processor.py:186} INFO - Started process (PID=2205) to work on /home/airflow/.local/lib/python3.12/site-packages/airflow/example_dags/example_params_trigger_ui.py
[2025-02-25T23:59:30.908+0000] {processor.py:914} INFO - Processing file /home/airflow/.local/lib/python3.12/site-packages/airflow/example_dags/example_params_trigger_ui.py for tasks to queue
[2025-02-25T23:59:30.909+0000] {logging_mixin.py:190} INFO - [2025-02-25T23:59:30.909+0000] {dagbag.py:588} INFO - Filling up the DagBag from /home/airflow/.local/lib/python3.12/site-packages/airflow/example_dags/example_params_trigger_ui.py
[2025-02-25T23:59:30.915+0000] {processor.py:925} INFO - DAG(s) 'example_params_trigger_ui' retrieved from /home/airflow/.local/lib/python3.12/site-packages/airflow/example_dags/example_params_trigger_ui.py
[2025-02-25T23:59:30.940+0000] {logging_mixin.py:190} INFO - [2025-02-25T23:59:30.940+0000] {dag.py:3239} INFO - Sync 1 DAGs
[2025-02-25T23:59:30.949+0000] {logging_mixin.py:190} INFO - [2025-02-25T23:59:30.949+0000] {dag.py:4180} INFO - Setting next_dagrun for example_params_trigger_ui to None, run_after=None
[2025-02-25T23:59:30.960+0000] {processor.py:208} INFO - Processing /home/airflow/.local/lib/python3.12/site-packages/airflow/example_dags/example_params_trigger_ui.py took 0.057 seconds
