[2025-02-25T23:22:14.204+0000] {processor.py:186} INFO - Started process (PID=55) to work on /home/airflow/.local/lib/python3.12/site-packages/airflow/example_dags/example_sensors.py
[2025-02-25T23:22:14.205+0000] {processor.py:914} INFO - Processing file /home/airflow/.local/lib/python3.12/site-packages/airflow/example_dags/example_sensors.py for tasks to queue
[2025-02-25T23:22:14.206+0000] {logging_mixin.py:190} INFO - [2025-02-25T23:22:14.206+0000] {dagbag.py:588} INFO - Filling up the DagBag from /home/airflow/.local/lib/python3.12/site-packages/airflow/example_dags/example_sensors.py
[2025-02-25T23:22:14.212+0000] {processor.py:925} INFO - DAG(s) 'example_sensors' retrieved from /home/airflow/.local/lib/python3.12/site-packages/airflow/example_dags/example_sensors.py
[2025-02-25T23:22:14.278+0000] {logging_mixin.py:190} INFO - [2025-02-25T23:22:14.277+0000] {override.py:1912} INFO - Created Permission View: can edit on DAG:example_sensors
[2025-02-25T23:22:14.283+0000] {logging_mixin.py:190} INFO - [2025-02-25T23:22:14.283+0000] {override.py:1912} INFO - Created Permission View: can delete on DAG:example_sensors
[2025-02-25T23:22:14.286+0000] {logging_mixin.py:190} INFO - [2025-02-25T23:22:14.286+0000] {override.py:1912} INFO - Created Permission View: can read on DAG:example_sensors
[2025-02-25T23:22:14.290+0000] {logging_mixin.py:190} INFO - [2025-02-25T23:22:14.290+0000] {override.py:1912} INFO - Created Permission View: can delete on DAG Run:example_sensors
[2025-02-25T23:22:14.294+0000] {logging_mixin.py:190} INFO - [2025-02-25T23:22:14.294+0000] {override.py:1912} INFO - Created Permission View: can read on DAG Run:example_sensors
[2025-02-25T23:22:14.297+0000] {logging_mixin.py:190} INFO - [2025-02-25T23:22:14.297+0000] {override.py:1912} INFO - Created Permission View: menu access on DAG Run:example_sensors
[2025-02-25T23:22:14.301+0000] {logging_mixin.py:190} INFO - [2025-02-25T23:22:14.300+0000] {override.py:1912} INFO - Created Permission View: can create on DAG Run:example_sensors
[2025-02-25T23:22:14.301+0000] {logging_mixin.py:190} INFO - [2025-02-25T23:22:14.301+0000] {dag.py:3239} INFO - Sync 1 DAGs
[2025-02-25T23:22:14.309+0000] {logging_mixin.py:190} INFO - [2025-02-25T23:22:14.309+0000] {dag.py:3262} INFO - Creating ORM DAG for example_sensors
[2025-02-25T23:22:14.309+0000] {logging_mixin.py:190} INFO - [2025-02-25T23:22:14.309+0000] {dag.py:4180} INFO - Setting next_dagrun for example_sensors to None, run_after=None
[2025-02-25T23:22:14.318+0000] {processor.py:208} INFO - Processing /home/airflow/.local/lib/python3.12/site-packages/airflow/example_dags/example_sensors.py took 0.117 seconds
[2025-02-25T23:22:45.328+0000] {processor.py:186} INFO - Started process (PID=118) to work on /home/airflow/.local/lib/python3.12/site-packages/airflow/example_dags/example_sensors.py
[2025-02-25T23:22:45.328+0000] {processor.py:914} INFO - Processing file /home/airflow/.local/lib/python3.12/site-packages/airflow/example_dags/example_sensors.py for tasks to queue
[2025-02-25T23:22:45.330+0000] {logging_mixin.py:190} INFO - [2025-02-25T23:22:45.330+0000] {dagbag.py:588} INFO - Filling up the DagBag from /home/airflow/.local/lib/python3.12/site-packages/airflow/example_dags/example_sensors.py
[2025-02-25T23:22:45.336+0000] {processor.py:925} INFO - DAG(s) 'example_sensors' retrieved from /home/airflow/.local/lib/python3.12/site-packages/airflow/example_dags/example_sensors.py
[2025-02-25T23:22:45.351+0000] {logging_mixin.py:190} INFO - [2025-02-25T23:22:45.351+0000] {dag.py:3239} INFO - Sync 1 DAGs
[2025-02-25T23:22:45.360+0000] {logging_mixin.py:190} INFO - [2025-02-25T23:22:45.359+0000] {dag.py:4180} INFO - Setting next_dagrun for example_sensors to None, run_after=None
[2025-02-25T23:22:45.370+0000] {processor.py:208} INFO - Processing /home/airflow/.local/lib/python3.12/site-packages/airflow/example_dags/example_sensors.py took 0.045 seconds
[2025-02-25T23:23:16.242+0000] {processor.py:186} INFO - Started process (PID=181) to work on /home/airflow/.local/lib/python3.12/site-packages/airflow/example_dags/example_sensors.py
[2025-02-25T23:23:16.243+0000] {processor.py:914} INFO - Processing file /home/airflow/.local/lib/python3.12/site-packages/airflow/example_dags/example_sensors.py for tasks to queue
[2025-02-25T23:23:16.244+0000] {logging_mixin.py:190} INFO - [2025-02-25T23:23:16.244+0000] {dagbag.py:588} INFO - Filling up the DagBag from /home/airflow/.local/lib/python3.12/site-packages/airflow/example_dags/example_sensors.py
[2025-02-25T23:23:16.250+0000] {processor.py:925} INFO - DAG(s) 'example_sensors' retrieved from /home/airflow/.local/lib/python3.12/site-packages/airflow/example_dags/example_sensors.py
[2025-02-25T23:23:16.265+0000] {logging_mixin.py:190} INFO - [2025-02-25T23:23:16.265+0000] {dag.py:3239} INFO - Sync 1 DAGs
[2025-02-25T23:23:16.273+0000] {logging_mixin.py:190} INFO - [2025-02-25T23:23:16.273+0000] {dag.py:4180} INFO - Setting next_dagrun for example_sensors to None, run_after=None
[2025-02-25T23:23:16.284+0000] {processor.py:208} INFO - Processing /home/airflow/.local/lib/python3.12/site-packages/airflow/example_dags/example_sensors.py took 0.045 seconds
[2025-02-25T23:23:47.062+0000] {processor.py:186} INFO - Started process (PID=244) to work on /home/airflow/.local/lib/python3.12/site-packages/airflow/example_dags/example_sensors.py
[2025-02-25T23:23:47.063+0000] {processor.py:914} INFO - Processing file /home/airflow/.local/lib/python3.12/site-packages/airflow/example_dags/example_sensors.py for tasks to queue
[2025-02-25T23:23:47.065+0000] {logging_mixin.py:190} INFO - [2025-02-25T23:23:47.064+0000] {dagbag.py:588} INFO - Filling up the DagBag from /home/airflow/.local/lib/python3.12/site-packages/airflow/example_dags/example_sensors.py
[2025-02-25T23:23:47.071+0000] {processor.py:925} INFO - DAG(s) 'example_sensors' retrieved from /home/airflow/.local/lib/python3.12/site-packages/airflow/example_dags/example_sensors.py
[2025-02-25T23:23:47.086+0000] {logging_mixin.py:190} INFO - [2025-02-25T23:23:47.086+0000] {dag.py:3239} INFO - Sync 1 DAGs
[2025-02-25T23:23:47.095+0000] {logging_mixin.py:190} INFO - [2025-02-25T23:23:47.094+0000] {dag.py:4180} INFO - Setting next_dagrun for example_sensors to None, run_after=None
[2025-02-25T23:23:47.107+0000] {processor.py:208} INFO - Processing /home/airflow/.local/lib/python3.12/site-packages/airflow/example_dags/example_sensors.py took 0.047 seconds
[2025-02-25T23:24:18.079+0000] {processor.py:186} INFO - Started process (PID=307) to work on /home/airflow/.local/lib/python3.12/site-packages/airflow/example_dags/example_sensors.py
[2025-02-25T23:24:18.080+0000] {processor.py:914} INFO - Processing file /home/airflow/.local/lib/python3.12/site-packages/airflow/example_dags/example_sensors.py for tasks to queue
[2025-02-25T23:24:18.082+0000] {logging_mixin.py:190} INFO - [2025-02-25T23:24:18.081+0000] {dagbag.py:588} INFO - Filling up the DagBag from /home/airflow/.local/lib/python3.12/site-packages/airflow/example_dags/example_sensors.py
[2025-02-25T23:24:18.089+0000] {processor.py:925} INFO - DAG(s) 'example_sensors' retrieved from /home/airflow/.local/lib/python3.12/site-packages/airflow/example_dags/example_sensors.py
[2025-02-25T23:24:18.107+0000] {logging_mixin.py:190} INFO - [2025-02-25T23:24:18.106+0000] {dag.py:3239} INFO - Sync 1 DAGs
[2025-02-25T23:24:18.117+0000] {logging_mixin.py:190} INFO - [2025-02-25T23:24:18.117+0000] {dag.py:4180} INFO - Setting next_dagrun for example_sensors to None, run_after=None
[2025-02-25T23:24:18.129+0000] {processor.py:208} INFO - Processing /home/airflow/.local/lib/python3.12/site-packages/airflow/example_dags/example_sensors.py took 0.053 seconds
[2025-02-25T23:24:48.887+0000] {processor.py:186} INFO - Started process (PID=370) to work on /home/airflow/.local/lib/python3.12/site-packages/airflow/example_dags/example_sensors.py
[2025-02-25T23:24:48.888+0000] {processor.py:914} INFO - Processing file /home/airflow/.local/lib/python3.12/site-packages/airflow/example_dags/example_sensors.py for tasks to queue
[2025-02-25T23:24:48.889+0000] {logging_mixin.py:190} INFO - [2025-02-25T23:24:48.889+0000] {dagbag.py:588} INFO - Filling up the DagBag from /home/airflow/.local/lib/python3.12/site-packages/airflow/example_dags/example_sensors.py
[2025-02-25T23:24:48.895+0000] {processor.py:925} INFO - DAG(s) 'example_sensors' retrieved from /home/airflow/.local/lib/python3.12/site-packages/airflow/example_dags/example_sensors.py
[2025-02-25T23:24:48.910+0000] {logging_mixin.py:190} INFO - [2025-02-25T23:24:48.909+0000] {dag.py:3239} INFO - Sync 1 DAGs
[2025-02-25T23:24:48.917+0000] {logging_mixin.py:190} INFO - [2025-02-25T23:24:48.917+0000] {dag.py:4180} INFO - Setting next_dagrun for example_sensors to None, run_after=None
[2025-02-25T23:24:48.931+0000] {processor.py:208} INFO - Processing /home/airflow/.local/lib/python3.12/site-packages/airflow/example_dags/example_sensors.py took 0.048 seconds
[2025-02-25T23:25:21.541+0000] {processor.py:186} INFO - Started process (PID=433) to work on /home/airflow/.local/lib/python3.12/site-packages/airflow/example_dags/example_sensors.py
[2025-02-25T23:25:21.542+0000] {processor.py:914} INFO - Processing file /home/airflow/.local/lib/python3.12/site-packages/airflow/example_dags/example_sensors.py for tasks to queue
[2025-02-25T23:25:21.543+0000] {logging_mixin.py:190} INFO - [2025-02-25T23:25:21.543+0000] {dagbag.py:588} INFO - Filling up the DagBag from /home/airflow/.local/lib/python3.12/site-packages/airflow/example_dags/example_sensors.py
[2025-02-25T23:25:21.549+0000] {processor.py:925} INFO - DAG(s) 'example_sensors' retrieved from /home/airflow/.local/lib/python3.12/site-packages/airflow/example_dags/example_sensors.py
[2025-02-25T23:25:21.564+0000] {logging_mixin.py:190} INFO - [2025-02-25T23:25:21.564+0000] {dag.py:3239} INFO - Sync 1 DAGs
[2025-02-25T23:25:21.572+0000] {logging_mixin.py:190} INFO - [2025-02-25T23:25:21.572+0000] {dag.py:4180} INFO - Setting next_dagrun for example_sensors to None, run_after=None
[2025-02-25T23:25:21.582+0000] {processor.py:208} INFO - Processing /home/airflow/.local/lib/python3.12/site-packages/airflow/example_dags/example_sensors.py took 0.044 seconds
[2025-02-25T23:25:52.711+0000] {processor.py:186} INFO - Started process (PID=496) to work on /home/airflow/.local/lib/python3.12/site-packages/airflow/example_dags/example_sensors.py
[2025-02-25T23:25:52.711+0000] {processor.py:914} INFO - Processing file /home/airflow/.local/lib/python3.12/site-packages/airflow/example_dags/example_sensors.py for tasks to queue
[2025-02-25T23:25:52.713+0000] {logging_mixin.py:190} INFO - [2025-02-25T23:25:52.712+0000] {dagbag.py:588} INFO - Filling up the DagBag from /home/airflow/.local/lib/python3.12/site-packages/airflow/example_dags/example_sensors.py
[2025-02-25T23:25:52.719+0000] {processor.py:925} INFO - DAG(s) 'example_sensors' retrieved from /home/airflow/.local/lib/python3.12/site-packages/airflow/example_dags/example_sensors.py
[2025-02-25T23:25:52.734+0000] {logging_mixin.py:190} INFO - [2025-02-25T23:25:52.734+0000] {dag.py:3239} INFO - Sync 1 DAGs
[2025-02-25T23:25:52.742+0000] {logging_mixin.py:190} INFO - [2025-02-25T23:25:52.742+0000] {dag.py:4180} INFO - Setting next_dagrun for example_sensors to None, run_after=None
[2025-02-25T23:25:52.753+0000] {processor.py:208} INFO - Processing /home/airflow/.local/lib/python3.12/site-packages/airflow/example_dags/example_sensors.py took 0.046 seconds
[2025-02-25T23:26:23.746+0000] {processor.py:186} INFO - Started process (PID=559) to work on /home/airflow/.local/lib/python3.12/site-packages/airflow/example_dags/example_sensors.py
[2025-02-25T23:26:23.747+0000] {processor.py:914} INFO - Processing file /home/airflow/.local/lib/python3.12/site-packages/airflow/example_dags/example_sensors.py for tasks to queue
[2025-02-25T23:26:23.749+0000] {logging_mixin.py:190} INFO - [2025-02-25T23:26:23.748+0000] {dagbag.py:588} INFO - Filling up the DagBag from /home/airflow/.local/lib/python3.12/site-packages/airflow/example_dags/example_sensors.py
[2025-02-25T23:26:23.755+0000] {processor.py:925} INFO - DAG(s) 'example_sensors' retrieved from /home/airflow/.local/lib/python3.12/site-packages/airflow/example_dags/example_sensors.py
[2025-02-25T23:26:23.769+0000] {logging_mixin.py:190} INFO - [2025-02-25T23:26:23.769+0000] {dag.py:3239} INFO - Sync 1 DAGs
[2025-02-25T23:26:23.777+0000] {logging_mixin.py:190} INFO - [2025-02-25T23:26:23.777+0000] {dag.py:4180} INFO - Setting next_dagrun for example_sensors to None, run_after=None
[2025-02-25T23:26:23.786+0000] {processor.py:208} INFO - Processing /home/airflow/.local/lib/python3.12/site-packages/airflow/example_dags/example_sensors.py took 0.044 seconds
[2025-02-25T23:26:54.385+0000] {processor.py:186} INFO - Started process (PID=623) to work on /home/airflow/.local/lib/python3.12/site-packages/airflow/example_dags/example_sensors.py
[2025-02-25T23:26:54.386+0000] {processor.py:914} INFO - Processing file /home/airflow/.local/lib/python3.12/site-packages/airflow/example_dags/example_sensors.py for tasks to queue
[2025-02-25T23:26:54.387+0000] {logging_mixin.py:190} INFO - [2025-02-25T23:26:54.387+0000] {dagbag.py:588} INFO - Filling up the DagBag from /home/airflow/.local/lib/python3.12/site-packages/airflow/example_dags/example_sensors.py
[2025-02-25T23:26:54.394+0000] {processor.py:925} INFO - DAG(s) 'example_sensors' retrieved from /home/airflow/.local/lib/python3.12/site-packages/airflow/example_dags/example_sensors.py
[2025-02-25T23:26:54.409+0000] {logging_mixin.py:190} INFO - [2025-02-25T23:26:54.409+0000] {dag.py:3239} INFO - Sync 1 DAGs
[2025-02-25T23:26:54.417+0000] {logging_mixin.py:190} INFO - [2025-02-25T23:26:54.417+0000] {dag.py:4180} INFO - Setting next_dagrun for example_sensors to None, run_after=None
[2025-02-25T23:26:54.427+0000] {processor.py:208} INFO - Processing /home/airflow/.local/lib/python3.12/site-packages/airflow/example_dags/example_sensors.py took 0.045 seconds
[2025-02-25T23:27:24.938+0000] {processor.py:186} INFO - Started process (PID=680) to work on /home/airflow/.local/lib/python3.12/site-packages/airflow/example_dags/example_sensors.py
[2025-02-25T23:27:24.939+0000] {processor.py:914} INFO - Processing file /home/airflow/.local/lib/python3.12/site-packages/airflow/example_dags/example_sensors.py for tasks to queue
[2025-02-25T23:27:24.941+0000] {logging_mixin.py:190} INFO - [2025-02-25T23:27:24.940+0000] {dagbag.py:588} INFO - Filling up the DagBag from /home/airflow/.local/lib/python3.12/site-packages/airflow/example_dags/example_sensors.py
[2025-02-25T23:27:24.947+0000] {processor.py:925} INFO - DAG(s) 'example_sensors' retrieved from /home/airflow/.local/lib/python3.12/site-packages/airflow/example_dags/example_sensors.py
[2025-02-25T23:27:24.962+0000] {logging_mixin.py:190} INFO - [2025-02-25T23:27:24.961+0000] {dag.py:3239} INFO - Sync 1 DAGs
[2025-02-25T23:27:24.969+0000] {logging_mixin.py:190} INFO - [2025-02-25T23:27:24.969+0000] {dag.py:4180} INFO - Setting next_dagrun for example_sensors to None, run_after=None
[2025-02-25T23:27:24.979+0000] {processor.py:208} INFO - Processing /home/airflow/.local/lib/python3.12/site-packages/airflow/example_dags/example_sensors.py took 0.044 seconds
[2025-02-25T23:27:55.863+0000] {processor.py:186} INFO - Started process (PID=743) to work on /home/airflow/.local/lib/python3.12/site-packages/airflow/example_dags/example_sensors.py
[2025-02-25T23:27:55.864+0000] {processor.py:914} INFO - Processing file /home/airflow/.local/lib/python3.12/site-packages/airflow/example_dags/example_sensors.py for tasks to queue
[2025-02-25T23:27:55.865+0000] {logging_mixin.py:190} INFO - [2025-02-25T23:27:55.865+0000] {dagbag.py:588} INFO - Filling up the DagBag from /home/airflow/.local/lib/python3.12/site-packages/airflow/example_dags/example_sensors.py
[2025-02-25T23:27:55.872+0000] {processor.py:925} INFO - DAG(s) 'example_sensors' retrieved from /home/airflow/.local/lib/python3.12/site-packages/airflow/example_dags/example_sensors.py
[2025-02-25T23:27:55.888+0000] {logging_mixin.py:190} INFO - [2025-02-25T23:27:55.887+0000] {dag.py:3239} INFO - Sync 1 DAGs
[2025-02-25T23:27:55.896+0000] {logging_mixin.py:190} INFO - [2025-02-25T23:27:55.896+0000] {dag.py:4180} INFO - Setting next_dagrun for example_sensors to None, run_after=None
[2025-02-25T23:27:55.908+0000] {processor.py:208} INFO - Processing /home/airflow/.local/lib/python3.12/site-packages/airflow/example_dags/example_sensors.py took 0.048 seconds
[2025-02-25T23:28:26.861+0000] {processor.py:186} INFO - Started process (PID=806) to work on /home/airflow/.local/lib/python3.12/site-packages/airflow/example_dags/example_sensors.py
[2025-02-25T23:28:26.862+0000] {processor.py:914} INFO - Processing file /home/airflow/.local/lib/python3.12/site-packages/airflow/example_dags/example_sensors.py for tasks to queue
[2025-02-25T23:28:26.863+0000] {logging_mixin.py:190} INFO - [2025-02-25T23:28:26.863+0000] {dagbag.py:588} INFO - Filling up the DagBag from /home/airflow/.local/lib/python3.12/site-packages/airflow/example_dags/example_sensors.py
[2025-02-25T23:28:26.870+0000] {processor.py:925} INFO - DAG(s) 'example_sensors' retrieved from /home/airflow/.local/lib/python3.12/site-packages/airflow/example_dags/example_sensors.py
[2025-02-25T23:28:26.885+0000] {logging_mixin.py:190} INFO - [2025-02-25T23:28:26.885+0000] {dag.py:3239} INFO - Sync 1 DAGs
[2025-02-25T23:28:26.894+0000] {logging_mixin.py:190} INFO - [2025-02-25T23:28:26.894+0000] {dag.py:4180} INFO - Setting next_dagrun for example_sensors to None, run_after=None
[2025-02-25T23:28:26.905+0000] {processor.py:208} INFO - Processing /home/airflow/.local/lib/python3.12/site-packages/airflow/example_dags/example_sensors.py took 0.048 seconds
[2025-02-25T23:28:57.446+0000] {processor.py:186} INFO - Started process (PID=869) to work on /home/airflow/.local/lib/python3.12/site-packages/airflow/example_dags/example_sensors.py
[2025-02-25T23:28:57.447+0000] {processor.py:914} INFO - Processing file /home/airflow/.local/lib/python3.12/site-packages/airflow/example_dags/example_sensors.py for tasks to queue
[2025-02-25T23:28:57.448+0000] {logging_mixin.py:190} INFO - [2025-02-25T23:28:57.448+0000] {dagbag.py:588} INFO - Filling up the DagBag from /home/airflow/.local/lib/python3.12/site-packages/airflow/example_dags/example_sensors.py
[2025-02-25T23:28:57.454+0000] {processor.py:925} INFO - DAG(s) 'example_sensors' retrieved from /home/airflow/.local/lib/python3.12/site-packages/airflow/example_dags/example_sensors.py
[2025-02-25T23:28:57.470+0000] {logging_mixin.py:190} INFO - [2025-02-25T23:28:57.470+0000] {dag.py:3239} INFO - Sync 1 DAGs
[2025-02-25T23:28:57.478+0000] {logging_mixin.py:190} INFO - [2025-02-25T23:28:57.478+0000] {dag.py:4180} INFO - Setting next_dagrun for example_sensors to None, run_after=None
[2025-02-25T23:28:57.489+0000] {processor.py:208} INFO - Processing /home/airflow/.local/lib/python3.12/site-packages/airflow/example_dags/example_sensors.py took 0.046 seconds
[2025-02-25T23:29:28.575+0000] {processor.py:186} INFO - Started process (PID=932) to work on /home/airflow/.local/lib/python3.12/site-packages/airflow/example_dags/example_sensors.py
[2025-02-25T23:29:28.576+0000] {processor.py:914} INFO - Processing file /home/airflow/.local/lib/python3.12/site-packages/airflow/example_dags/example_sensors.py for tasks to queue
[2025-02-25T23:29:28.578+0000] {logging_mixin.py:190} INFO - [2025-02-25T23:29:28.578+0000] {dagbag.py:588} INFO - Filling up the DagBag from /home/airflow/.local/lib/python3.12/site-packages/airflow/example_dags/example_sensors.py
[2025-02-25T23:29:28.584+0000] {processor.py:925} INFO - DAG(s) 'example_sensors' retrieved from /home/airflow/.local/lib/python3.12/site-packages/airflow/example_dags/example_sensors.py
[2025-02-25T23:29:28.600+0000] {logging_mixin.py:190} INFO - [2025-02-25T23:29:28.600+0000] {dag.py:3239} INFO - Sync 1 DAGs
[2025-02-25T23:29:28.609+0000] {logging_mixin.py:190} INFO - [2025-02-25T23:29:28.608+0000] {dag.py:4180} INFO - Setting next_dagrun for example_sensors to None, run_after=None
[2025-02-25T23:29:28.620+0000] {processor.py:208} INFO - Processing /home/airflow/.local/lib/python3.12/site-packages/airflow/example_dags/example_sensors.py took 0.047 seconds
[2025-02-25T23:30:06.064+0000] {processor.py:186} INFO - Started process (PID=995) to work on /home/airflow/.local/lib/python3.12/site-packages/airflow/example_dags/example_sensors.py
[2025-02-25T23:30:06.065+0000] {processor.py:914} INFO - Processing file /home/airflow/.local/lib/python3.12/site-packages/airflow/example_dags/example_sensors.py for tasks to queue
[2025-02-25T23:30:06.066+0000] {logging_mixin.py:190} INFO - [2025-02-25T23:30:06.066+0000] {dagbag.py:588} INFO - Filling up the DagBag from /home/airflow/.local/lib/python3.12/site-packages/airflow/example_dags/example_sensors.py
[2025-02-25T23:30:06.072+0000] {processor.py:925} INFO - DAG(s) 'example_sensors' retrieved from /home/airflow/.local/lib/python3.12/site-packages/airflow/example_dags/example_sensors.py
[2025-02-25T23:30:06.088+0000] {logging_mixin.py:190} INFO - [2025-02-25T23:30:06.088+0000] {dag.py:3239} INFO - Sync 1 DAGs
[2025-02-25T23:30:06.096+0000] {logging_mixin.py:190} INFO - [2025-02-25T23:30:06.096+0000] {dag.py:4180} INFO - Setting next_dagrun for example_sensors to None, run_after=None
[2025-02-25T23:30:06.107+0000] {processor.py:208} INFO - Processing /home/airflow/.local/lib/python3.12/site-packages/airflow/example_dags/example_sensors.py took 0.047 seconds
[2025-02-25T23:30:37.077+0000] {processor.py:186} INFO - Started process (PID=1058) to work on /home/airflow/.local/lib/python3.12/site-packages/airflow/example_dags/example_sensors.py
[2025-02-25T23:30:37.077+0000] {processor.py:914} INFO - Processing file /home/airflow/.local/lib/python3.12/site-packages/airflow/example_dags/example_sensors.py for tasks to queue
[2025-02-25T23:30:37.079+0000] {logging_mixin.py:190} INFO - [2025-02-25T23:30:37.079+0000] {dagbag.py:588} INFO - Filling up the DagBag from /home/airflow/.local/lib/python3.12/site-packages/airflow/example_dags/example_sensors.py
[2025-02-25T23:30:37.085+0000] {processor.py:925} INFO - DAG(s) 'example_sensors' retrieved from /home/airflow/.local/lib/python3.12/site-packages/airflow/example_dags/example_sensors.py
[2025-02-25T23:30:37.100+0000] {logging_mixin.py:190} INFO - [2025-02-25T23:30:37.100+0000] {dag.py:3239} INFO - Sync 1 DAGs
[2025-02-25T23:30:37.108+0000] {logging_mixin.py:190} INFO - [2025-02-25T23:30:37.108+0000] {dag.py:4180} INFO - Setting next_dagrun for example_sensors to None, run_after=None
[2025-02-25T23:30:37.117+0000] {processor.py:208} INFO - Processing /home/airflow/.local/lib/python3.12/site-packages/airflow/example_dags/example_sensors.py took 0.044 seconds
[2025-02-25T23:31:08.004+0000] {processor.py:186} INFO - Started process (PID=1121) to work on /home/airflow/.local/lib/python3.12/site-packages/airflow/example_dags/example_sensors.py
[2025-02-25T23:31:08.005+0000] {processor.py:914} INFO - Processing file /home/airflow/.local/lib/python3.12/site-packages/airflow/example_dags/example_sensors.py for tasks to queue
[2025-02-25T23:31:08.007+0000] {logging_mixin.py:190} INFO - [2025-02-25T23:31:08.007+0000] {dagbag.py:588} INFO - Filling up the DagBag from /home/airflow/.local/lib/python3.12/site-packages/airflow/example_dags/example_sensors.py
[2025-02-25T23:31:08.013+0000] {processor.py:925} INFO - DAG(s) 'example_sensors' retrieved from /home/airflow/.local/lib/python3.12/site-packages/airflow/example_dags/example_sensors.py
[2025-02-25T23:31:08.029+0000] {logging_mixin.py:190} INFO - [2025-02-25T23:31:08.029+0000] {dag.py:3239} INFO - Sync 1 DAGs
[2025-02-25T23:31:08.037+0000] {logging_mixin.py:190} INFO - [2025-02-25T23:31:08.037+0000] {dag.py:4180} INFO - Setting next_dagrun for example_sensors to None, run_after=None
[2025-02-25T23:31:08.051+0000] {processor.py:208} INFO - Processing /home/airflow/.local/lib/python3.12/site-packages/airflow/example_dags/example_sensors.py took 0.050 seconds
[2025-02-25T23:31:38.632+0000] {processor.py:186} INFO - Started process (PID=1184) to work on /home/airflow/.local/lib/python3.12/site-packages/airflow/example_dags/example_sensors.py
[2025-02-25T23:31:38.633+0000] {processor.py:914} INFO - Processing file /home/airflow/.local/lib/python3.12/site-packages/airflow/example_dags/example_sensors.py for tasks to queue
[2025-02-25T23:31:38.634+0000] {logging_mixin.py:190} INFO - [2025-02-25T23:31:38.634+0000] {dagbag.py:588} INFO - Filling up the DagBag from /home/airflow/.local/lib/python3.12/site-packages/airflow/example_dags/example_sensors.py
[2025-02-25T23:31:38.640+0000] {processor.py:925} INFO - DAG(s) 'example_sensors' retrieved from /home/airflow/.local/lib/python3.12/site-packages/airflow/example_dags/example_sensors.py
[2025-02-25T23:31:38.655+0000] {logging_mixin.py:190} INFO - [2025-02-25T23:31:38.655+0000] {dag.py:3239} INFO - Sync 1 DAGs
[2025-02-25T23:31:38.664+0000] {logging_mixin.py:190} INFO - [2025-02-25T23:31:38.664+0000] {dag.py:4180} INFO - Setting next_dagrun for example_sensors to None, run_after=None
[2025-02-25T23:31:38.674+0000] {processor.py:208} INFO - Processing /home/airflow/.local/lib/python3.12/site-packages/airflow/example_dags/example_sensors.py took 0.045 seconds
[2025-02-25T23:32:09.607+0000] {processor.py:186} INFO - Started process (PID=1247) to work on /home/airflow/.local/lib/python3.12/site-packages/airflow/example_dags/example_sensors.py
[2025-02-25T23:32:09.608+0000] {processor.py:914} INFO - Processing file /home/airflow/.local/lib/python3.12/site-packages/airflow/example_dags/example_sensors.py for tasks to queue
[2025-02-25T23:32:09.609+0000] {logging_mixin.py:190} INFO - [2025-02-25T23:32:09.609+0000] {dagbag.py:588} INFO - Filling up the DagBag from /home/airflow/.local/lib/python3.12/site-packages/airflow/example_dags/example_sensors.py
[2025-02-25T23:32:09.616+0000] {processor.py:925} INFO - DAG(s) 'example_sensors' retrieved from /home/airflow/.local/lib/python3.12/site-packages/airflow/example_dags/example_sensors.py
[2025-02-25T23:32:09.631+0000] {logging_mixin.py:190} INFO - [2025-02-25T23:32:09.631+0000] {dag.py:3239} INFO - Sync 1 DAGs
[2025-02-25T23:32:09.639+0000] {logging_mixin.py:190} INFO - [2025-02-25T23:32:09.639+0000] {dag.py:4180} INFO - Setting next_dagrun for example_sensors to None, run_after=None
[2025-02-25T23:32:09.650+0000] {processor.py:208} INFO - Processing /home/airflow/.local/lib/python3.12/site-packages/airflow/example_dags/example_sensors.py took 0.046 seconds
[2025-02-25T23:32:43.798+0000] {processor.py:186} INFO - Started process (PID=1310) to work on /home/airflow/.local/lib/python3.12/site-packages/airflow/example_dags/example_sensors.py
[2025-02-25T23:32:43.799+0000] {processor.py:914} INFO - Processing file /home/airflow/.local/lib/python3.12/site-packages/airflow/example_dags/example_sensors.py for tasks to queue
[2025-02-25T23:32:43.800+0000] {logging_mixin.py:190} INFO - [2025-02-25T23:32:43.800+0000] {dagbag.py:588} INFO - Filling up the DagBag from /home/airflow/.local/lib/python3.12/site-packages/airflow/example_dags/example_sensors.py
[2025-02-25T23:32:43.806+0000] {processor.py:925} INFO - DAG(s) 'example_sensors' retrieved from /home/airflow/.local/lib/python3.12/site-packages/airflow/example_dags/example_sensors.py
[2025-02-25T23:32:43.822+0000] {logging_mixin.py:190} INFO - [2025-02-25T23:32:43.822+0000] {dag.py:3239} INFO - Sync 1 DAGs
[2025-02-25T23:32:43.830+0000] {logging_mixin.py:190} INFO - [2025-02-25T23:32:43.830+0000] {dag.py:4180} INFO - Setting next_dagrun for example_sensors to None, run_after=None
[2025-02-25T23:32:43.843+0000] {processor.py:208} INFO - Processing /home/airflow/.local/lib/python3.12/site-packages/airflow/example_dags/example_sensors.py took 0.049 seconds
[2025-02-25T23:33:14.564+0000] {processor.py:186} INFO - Started process (PID=1373) to work on /home/airflow/.local/lib/python3.12/site-packages/airflow/example_dags/example_sensors.py
[2025-02-25T23:33:14.565+0000] {processor.py:914} INFO - Processing file /home/airflow/.local/lib/python3.12/site-packages/airflow/example_dags/example_sensors.py for tasks to queue
[2025-02-25T23:33:14.566+0000] {logging_mixin.py:190} INFO - [2025-02-25T23:33:14.566+0000] {dagbag.py:588} INFO - Filling up the DagBag from /home/airflow/.local/lib/python3.12/site-packages/airflow/example_dags/example_sensors.py
[2025-02-25T23:33:14.572+0000] {processor.py:925} INFO - DAG(s) 'example_sensors' retrieved from /home/airflow/.local/lib/python3.12/site-packages/airflow/example_dags/example_sensors.py
[2025-02-25T23:33:14.587+0000] {logging_mixin.py:190} INFO - [2025-02-25T23:33:14.587+0000] {dag.py:3239} INFO - Sync 1 DAGs
[2025-02-25T23:33:14.595+0000] {logging_mixin.py:190} INFO - [2025-02-25T23:33:14.595+0000] {dag.py:4180} INFO - Setting next_dagrun for example_sensors to None, run_after=None
[2025-02-25T23:33:14.610+0000] {processor.py:208} INFO - Processing /home/airflow/.local/lib/python3.12/site-packages/airflow/example_dags/example_sensors.py took 0.050 seconds
[2025-02-25T23:33:45.260+0000] {processor.py:186} INFO - Started process (PID=1436) to work on /home/airflow/.local/lib/python3.12/site-packages/airflow/example_dags/example_sensors.py
[2025-02-25T23:33:45.261+0000] {processor.py:914} INFO - Processing file /home/airflow/.local/lib/python3.12/site-packages/airflow/example_dags/example_sensors.py for tasks to queue
[2025-02-25T23:33:45.262+0000] {logging_mixin.py:190} INFO - [2025-02-25T23:33:45.262+0000] {dagbag.py:588} INFO - Filling up the DagBag from /home/airflow/.local/lib/python3.12/site-packages/airflow/example_dags/example_sensors.py
[2025-02-25T23:33:45.268+0000] {processor.py:925} INFO - DAG(s) 'example_sensors' retrieved from /home/airflow/.local/lib/python3.12/site-packages/airflow/example_dags/example_sensors.py
[2025-02-25T23:33:45.282+0000] {logging_mixin.py:190} INFO - [2025-02-25T23:33:45.282+0000] {dag.py:3239} INFO - Sync 1 DAGs
[2025-02-25T23:33:45.290+0000] {logging_mixin.py:190} INFO - [2025-02-25T23:33:45.290+0000] {dag.py:4180} INFO - Setting next_dagrun for example_sensors to None, run_after=None
[2025-02-25T23:33:45.300+0000] {processor.py:208} INFO - Processing /home/airflow/.local/lib/python3.12/site-packages/airflow/example_dags/example_sensors.py took 0.043 seconds
[2025-02-25T23:34:15.868+0000] {processor.py:186} INFO - Started process (PID=1499) to work on /home/airflow/.local/lib/python3.12/site-packages/airflow/example_dags/example_sensors.py
[2025-02-25T23:34:15.869+0000] {processor.py:914} INFO - Processing file /home/airflow/.local/lib/python3.12/site-packages/airflow/example_dags/example_sensors.py for tasks to queue
[2025-02-25T23:34:15.870+0000] {logging_mixin.py:190} INFO - [2025-02-25T23:34:15.870+0000] {dagbag.py:588} INFO - Filling up the DagBag from /home/airflow/.local/lib/python3.12/site-packages/airflow/example_dags/example_sensors.py
[2025-02-25T23:34:15.876+0000] {processor.py:925} INFO - DAG(s) 'example_sensors' retrieved from /home/airflow/.local/lib/python3.12/site-packages/airflow/example_dags/example_sensors.py
[2025-02-25T23:34:15.890+0000] {logging_mixin.py:190} INFO - [2025-02-25T23:34:15.890+0000] {dag.py:3239} INFO - Sync 1 DAGs
[2025-02-25T23:34:15.898+0000] {logging_mixin.py:190} INFO - [2025-02-25T23:34:15.898+0000] {dag.py:4180} INFO - Setting next_dagrun for example_sensors to None, run_after=None
[2025-02-25T23:34:15.908+0000] {processor.py:208} INFO - Processing /home/airflow/.local/lib/python3.12/site-packages/airflow/example_dags/example_sensors.py took 0.044 seconds
[2025-02-25T23:34:46.871+0000] {processor.py:186} INFO - Started process (PID=1562) to work on /home/airflow/.local/lib/python3.12/site-packages/airflow/example_dags/example_sensors.py
[2025-02-25T23:34:46.872+0000] {processor.py:914} INFO - Processing file /home/airflow/.local/lib/python3.12/site-packages/airflow/example_dags/example_sensors.py for tasks to queue
[2025-02-25T23:34:46.873+0000] {logging_mixin.py:190} INFO - [2025-02-25T23:34:46.873+0000] {dagbag.py:588} INFO - Filling up the DagBag from /home/airflow/.local/lib/python3.12/site-packages/airflow/example_dags/example_sensors.py
[2025-02-25T23:34:46.879+0000] {processor.py:925} INFO - DAG(s) 'example_sensors' retrieved from /home/airflow/.local/lib/python3.12/site-packages/airflow/example_dags/example_sensors.py
[2025-02-25T23:34:46.895+0000] {logging_mixin.py:190} INFO - [2025-02-25T23:34:46.895+0000] {dag.py:3239} INFO - Sync 1 DAGs
[2025-02-25T23:34:46.903+0000] {logging_mixin.py:190} INFO - [2025-02-25T23:34:46.903+0000] {dag.py:4180} INFO - Setting next_dagrun for example_sensors to None, run_after=None
[2025-02-25T23:34:46.914+0000] {processor.py:208} INFO - Processing /home/airflow/.local/lib/python3.12/site-packages/airflow/example_dags/example_sensors.py took 0.047 seconds
[2025-02-25T23:35:17.931+0000] {processor.py:186} INFO - Started process (PID=1625) to work on /home/airflow/.local/lib/python3.12/site-packages/airflow/example_dags/example_sensors.py
[2025-02-25T23:35:17.932+0000] {processor.py:914} INFO - Processing file /home/airflow/.local/lib/python3.12/site-packages/airflow/example_dags/example_sensors.py for tasks to queue
[2025-02-25T23:35:17.934+0000] {logging_mixin.py:190} INFO - [2025-02-25T23:35:17.933+0000] {dagbag.py:588} INFO - Filling up the DagBag from /home/airflow/.local/lib/python3.12/site-packages/airflow/example_dags/example_sensors.py
[2025-02-25T23:35:17.940+0000] {processor.py:925} INFO - DAG(s) 'example_sensors' retrieved from /home/airflow/.local/lib/python3.12/site-packages/airflow/example_dags/example_sensors.py
[2025-02-25T23:35:17.958+0000] {logging_mixin.py:190} INFO - [2025-02-25T23:35:17.958+0000] {dag.py:3239} INFO - Sync 1 DAGs
[2025-02-25T23:35:17.967+0000] {logging_mixin.py:190} INFO - [2025-02-25T23:35:17.966+0000] {dag.py:4180} INFO - Setting next_dagrun for example_sensors to None, run_after=None
[2025-02-25T23:35:17.977+0000] {processor.py:208} INFO - Processing /home/airflow/.local/lib/python3.12/site-packages/airflow/example_dags/example_sensors.py took 0.050 seconds
[2025-02-25T23:35:48.763+0000] {processor.py:186} INFO - Started process (PID=1688) to work on /home/airflow/.local/lib/python3.12/site-packages/airflow/example_dags/example_sensors.py
[2025-02-25T23:35:48.763+0000] {processor.py:914} INFO - Processing file /home/airflow/.local/lib/python3.12/site-packages/airflow/example_dags/example_sensors.py for tasks to queue
[2025-02-25T23:35:48.765+0000] {logging_mixin.py:190} INFO - [2025-02-25T23:35:48.764+0000] {dagbag.py:588} INFO - Filling up the DagBag from /home/airflow/.local/lib/python3.12/site-packages/airflow/example_dags/example_sensors.py
[2025-02-25T23:35:48.770+0000] {processor.py:925} INFO - DAG(s) 'example_sensors' retrieved from /home/airflow/.local/lib/python3.12/site-packages/airflow/example_dags/example_sensors.py
[2025-02-25T23:35:48.785+0000] {logging_mixin.py:190} INFO - [2025-02-25T23:35:48.785+0000] {dag.py:3239} INFO - Sync 1 DAGs
[2025-02-25T23:35:48.793+0000] {logging_mixin.py:190} INFO - [2025-02-25T23:35:48.793+0000] {dag.py:4180} INFO - Setting next_dagrun for example_sensors to None, run_after=None
[2025-02-25T23:35:48.804+0000] {processor.py:208} INFO - Processing /home/airflow/.local/lib/python3.12/site-packages/airflow/example_dags/example_sensors.py took 0.045 seconds
[2025-02-25T23:36:19.944+0000] {processor.py:186} INFO - Started process (PID=1751) to work on /home/airflow/.local/lib/python3.12/site-packages/airflow/example_dags/example_sensors.py
[2025-02-25T23:36:19.944+0000] {processor.py:914} INFO - Processing file /home/airflow/.local/lib/python3.12/site-packages/airflow/example_dags/example_sensors.py for tasks to queue
[2025-02-25T23:36:19.946+0000] {logging_mixin.py:190} INFO - [2025-02-25T23:36:19.946+0000] {dagbag.py:588} INFO - Filling up the DagBag from /home/airflow/.local/lib/python3.12/site-packages/airflow/example_dags/example_sensors.py
[2025-02-25T23:36:19.953+0000] {processor.py:925} INFO - DAG(s) 'example_sensors' retrieved from /home/airflow/.local/lib/python3.12/site-packages/airflow/example_dags/example_sensors.py
[2025-02-25T23:36:19.969+0000] {logging_mixin.py:190} INFO - [2025-02-25T23:36:19.969+0000] {dag.py:3239} INFO - Sync 1 DAGs
[2025-02-25T23:36:19.978+0000] {logging_mixin.py:190} INFO - [2025-02-25T23:36:19.977+0000] {dag.py:4180} INFO - Setting next_dagrun for example_sensors to None, run_after=None
[2025-02-25T23:36:19.989+0000] {processor.py:208} INFO - Processing /home/airflow/.local/lib/python3.12/site-packages/airflow/example_dags/example_sensors.py took 0.049 seconds
[2025-02-25T23:36:51.158+0000] {processor.py:186} INFO - Started process (PID=1814) to work on /home/airflow/.local/lib/python3.12/site-packages/airflow/example_dags/example_sensors.py
[2025-02-25T23:36:51.159+0000] {processor.py:914} INFO - Processing file /home/airflow/.local/lib/python3.12/site-packages/airflow/example_dags/example_sensors.py for tasks to queue
[2025-02-25T23:36:51.160+0000] {logging_mixin.py:190} INFO - [2025-02-25T23:36:51.160+0000] {dagbag.py:588} INFO - Filling up the DagBag from /home/airflow/.local/lib/python3.12/site-packages/airflow/example_dags/example_sensors.py
[2025-02-25T23:36:51.167+0000] {processor.py:925} INFO - DAG(s) 'example_sensors' retrieved from /home/airflow/.local/lib/python3.12/site-packages/airflow/example_dags/example_sensors.py
[2025-02-25T23:36:51.182+0000] {logging_mixin.py:190} INFO - [2025-02-25T23:36:51.182+0000] {dag.py:3239} INFO - Sync 1 DAGs
[2025-02-25T23:36:51.190+0000] {logging_mixin.py:190} INFO - [2025-02-25T23:36:51.190+0000] {dag.py:4180} INFO - Setting next_dagrun for example_sensors to None, run_after=None
[2025-02-25T23:36:51.201+0000] {processor.py:208} INFO - Processing /home/airflow/.local/lib/python3.12/site-packages/airflow/example_dags/example_sensors.py took 0.047 seconds
[2025-02-25T23:37:25.495+0000] {processor.py:186} INFO - Started process (PID=1877) to work on /home/airflow/.local/lib/python3.12/site-packages/airflow/example_dags/example_sensors.py
[2025-02-25T23:37:25.496+0000] {processor.py:914} INFO - Processing file /home/airflow/.local/lib/python3.12/site-packages/airflow/example_dags/example_sensors.py for tasks to queue
[2025-02-25T23:37:25.497+0000] {logging_mixin.py:190} INFO - [2025-02-25T23:37:25.497+0000] {dagbag.py:588} INFO - Filling up the DagBag from /home/airflow/.local/lib/python3.12/site-packages/airflow/example_dags/example_sensors.py
[2025-02-25T23:37:25.503+0000] {processor.py:925} INFO - DAG(s) 'example_sensors' retrieved from /home/airflow/.local/lib/python3.12/site-packages/airflow/example_dags/example_sensors.py
[2025-02-25T23:37:25.519+0000] {logging_mixin.py:190} INFO - [2025-02-25T23:37:25.519+0000] {dag.py:3239} INFO - Sync 1 DAGs
[2025-02-25T23:37:25.527+0000] {logging_mixin.py:190} INFO - [2025-02-25T23:37:25.527+0000] {dag.py:4180} INFO - Setting next_dagrun for example_sensors to None, run_after=None
[2025-02-25T23:37:25.538+0000] {processor.py:208} INFO - Processing /home/airflow/.local/lib/python3.12/site-packages/airflow/example_dags/example_sensors.py took 0.046 seconds
[2025-02-25T23:37:59.835+0000] {processor.py:186} INFO - Started process (PID=1940) to work on /home/airflow/.local/lib/python3.12/site-packages/airflow/example_dags/example_sensors.py
[2025-02-25T23:37:59.836+0000] {processor.py:914} INFO - Processing file /home/airflow/.local/lib/python3.12/site-packages/airflow/example_dags/example_sensors.py for tasks to queue
[2025-02-25T23:37:59.838+0000] {logging_mixin.py:190} INFO - [2025-02-25T23:37:59.837+0000] {dagbag.py:588} INFO - Filling up the DagBag from /home/airflow/.local/lib/python3.12/site-packages/airflow/example_dags/example_sensors.py
[2025-02-25T23:37:59.843+0000] {processor.py:925} INFO - DAG(s) 'example_sensors' retrieved from /home/airflow/.local/lib/python3.12/site-packages/airflow/example_dags/example_sensors.py
[2025-02-25T23:37:59.858+0000] {logging_mixin.py:190} INFO - [2025-02-25T23:37:59.858+0000] {dag.py:3239} INFO - Sync 1 DAGs
[2025-02-25T23:37:59.866+0000] {logging_mixin.py:190} INFO - [2025-02-25T23:37:59.866+0000] {dag.py:4180} INFO - Setting next_dagrun for example_sensors to None, run_after=None
[2025-02-25T23:37:59.877+0000] {processor.py:208} INFO - Processing /home/airflow/.local/lib/python3.12/site-packages/airflow/example_dags/example_sensors.py took 0.046 seconds
[2025-02-25T23:38:30.718+0000] {processor.py:186} INFO - Started process (PID=2003) to work on /home/airflow/.local/lib/python3.12/site-packages/airflow/example_dags/example_sensors.py
[2025-02-25T23:38:30.719+0000] {processor.py:914} INFO - Processing file /home/airflow/.local/lib/python3.12/site-packages/airflow/example_dags/example_sensors.py for tasks to queue
[2025-02-25T23:38:30.721+0000] {logging_mixin.py:190} INFO - [2025-02-25T23:38:30.720+0000] {dagbag.py:588} INFO - Filling up the DagBag from /home/airflow/.local/lib/python3.12/site-packages/airflow/example_dags/example_sensors.py
[2025-02-25T23:38:30.727+0000] {processor.py:925} INFO - DAG(s) 'example_sensors' retrieved from /home/airflow/.local/lib/python3.12/site-packages/airflow/example_dags/example_sensors.py
[2025-02-25T23:38:30.742+0000] {logging_mixin.py:190} INFO - [2025-02-25T23:38:30.741+0000] {dag.py:3239} INFO - Sync 1 DAGs
[2025-02-25T23:38:30.749+0000] {logging_mixin.py:190} INFO - [2025-02-25T23:38:30.749+0000] {dag.py:4180} INFO - Setting next_dagrun for example_sensors to None, run_after=None
[2025-02-25T23:38:30.761+0000] {processor.py:208} INFO - Processing /home/airflow/.local/lib/python3.12/site-packages/airflow/example_dags/example_sensors.py took 0.046 seconds
[2025-02-25T23:39:01.401+0000] {processor.py:186} INFO - Started process (PID=2066) to work on /home/airflow/.local/lib/python3.12/site-packages/airflow/example_dags/example_sensors.py
[2025-02-25T23:39:01.402+0000] {processor.py:914} INFO - Processing file /home/airflow/.local/lib/python3.12/site-packages/airflow/example_dags/example_sensors.py for tasks to queue
[2025-02-25T23:39:01.403+0000] {logging_mixin.py:190} INFO - [2025-02-25T23:39:01.403+0000] {dagbag.py:588} INFO - Filling up the DagBag from /home/airflow/.local/lib/python3.12/site-packages/airflow/example_dags/example_sensors.py
[2025-02-25T23:39:01.409+0000] {processor.py:925} INFO - DAG(s) 'example_sensors' retrieved from /home/airflow/.local/lib/python3.12/site-packages/airflow/example_dags/example_sensors.py
[2025-02-25T23:39:01.424+0000] {logging_mixin.py:190} INFO - [2025-02-25T23:39:01.424+0000] {dag.py:3239} INFO - Sync 1 DAGs
[2025-02-25T23:39:01.431+0000] {logging_mixin.py:190} INFO - [2025-02-25T23:39:01.431+0000] {dag.py:4180} INFO - Setting next_dagrun for example_sensors to None, run_after=None
[2025-02-25T23:39:01.442+0000] {processor.py:208} INFO - Processing /home/airflow/.local/lib/python3.12/site-packages/airflow/example_dags/example_sensors.py took 0.044 seconds
[2025-02-25T23:39:32.503+0000] {processor.py:186} INFO - Started process (PID=2129) to work on /home/airflow/.local/lib/python3.12/site-packages/airflow/example_dags/example_sensors.py
[2025-02-25T23:39:32.504+0000] {processor.py:914} INFO - Processing file /home/airflow/.local/lib/python3.12/site-packages/airflow/example_dags/example_sensors.py for tasks to queue
[2025-02-25T23:39:32.505+0000] {logging_mixin.py:190} INFO - [2025-02-25T23:39:32.505+0000] {dagbag.py:588} INFO - Filling up the DagBag from /home/airflow/.local/lib/python3.12/site-packages/airflow/example_dags/example_sensors.py
[2025-02-25T23:39:32.511+0000] {processor.py:925} INFO - DAG(s) 'example_sensors' retrieved from /home/airflow/.local/lib/python3.12/site-packages/airflow/example_dags/example_sensors.py
[2025-02-25T23:39:32.525+0000] {logging_mixin.py:190} INFO - [2025-02-25T23:39:32.525+0000] {dag.py:3239} INFO - Sync 1 DAGs
[2025-02-25T23:39:32.532+0000] {logging_mixin.py:190} INFO - [2025-02-25T23:39:32.532+0000] {dag.py:4180} INFO - Setting next_dagrun for example_sensors to None, run_after=None
[2025-02-25T23:39:32.544+0000] {processor.py:208} INFO - Processing /home/airflow/.local/lib/python3.12/site-packages/airflow/example_dags/example_sensors.py took 0.044 seconds
[2025-02-25T23:41:49.659+0000] {processor.py:186} INFO - Started process (PID=55) to work on /home/airflow/.local/lib/python3.12/site-packages/airflow/example_dags/example_sensors.py
[2025-02-25T23:41:49.659+0000] {processor.py:914} INFO - Processing file /home/airflow/.local/lib/python3.12/site-packages/airflow/example_dags/example_sensors.py for tasks to queue
[2025-02-25T23:41:49.661+0000] {logging_mixin.py:190} INFO - [2025-02-25T23:41:49.660+0000] {dagbag.py:588} INFO - Filling up the DagBag from /home/airflow/.local/lib/python3.12/site-packages/airflow/example_dags/example_sensors.py
[2025-02-25T23:41:49.667+0000] {processor.py:925} INFO - DAG(s) 'example_sensors' retrieved from /home/airflow/.local/lib/python3.12/site-packages/airflow/example_dags/example_sensors.py
[2025-02-25T23:41:49.735+0000] {logging_mixin.py:190} INFO - [2025-02-25T23:41:49.734+0000] {override.py:1912} INFO - Created Permission View: can edit on DAG:example_sensors
[2025-02-25T23:41:49.740+0000] {logging_mixin.py:190} INFO - [2025-02-25T23:41:49.739+0000] {override.py:1912} INFO - Created Permission View: can delete on DAG:example_sensors
[2025-02-25T23:41:49.748+0000] {logging_mixin.py:190} INFO - [2025-02-25T23:41:49.748+0000] {override.py:1912} INFO - Created Permission View: can read on DAG:example_sensors
[2025-02-25T23:41:49.752+0000] {logging_mixin.py:190} INFO - [2025-02-25T23:41:49.752+0000] {override.py:1912} INFO - Created Permission View: can create on DAG Run:example_sensors
[2025-02-25T23:41:49.756+0000] {logging_mixin.py:190} INFO - [2025-02-25T23:41:49.756+0000] {override.py:1912} INFO - Created Permission View: can delete on DAG Run:example_sensors
[2025-02-25T23:41:49.759+0000] {logging_mixin.py:190} INFO - [2025-02-25T23:41:49.759+0000] {override.py:1912} INFO - Created Permission View: can read on DAG Run:example_sensors
[2025-02-25T23:41:49.763+0000] {logging_mixin.py:190} INFO - [2025-02-25T23:41:49.763+0000] {override.py:1912} INFO - Created Permission View: menu access on DAG Run:example_sensors
[2025-02-25T23:41:49.763+0000] {logging_mixin.py:190} INFO - [2025-02-25T23:41:49.763+0000] {dag.py:3239} INFO - Sync 1 DAGs
[2025-02-25T23:41:49.771+0000] {logging_mixin.py:190} INFO - [2025-02-25T23:41:49.771+0000] {dag.py:3262} INFO - Creating ORM DAG for example_sensors
[2025-02-25T23:41:49.772+0000] {logging_mixin.py:190} INFO - [2025-02-25T23:41:49.772+0000] {dag.py:4180} INFO - Setting next_dagrun for example_sensors to None, run_after=None
[2025-02-25T23:41:49.781+0000] {processor.py:208} INFO - Processing /home/airflow/.local/lib/python3.12/site-packages/airflow/example_dags/example_sensors.py took 0.125 seconds
[2025-02-25T23:42:23.556+0000] {processor.py:186} INFO - Started process (PID=118) to work on /home/airflow/.local/lib/python3.12/site-packages/airflow/example_dags/example_sensors.py
[2025-02-25T23:42:23.557+0000] {processor.py:914} INFO - Processing file /home/airflow/.local/lib/python3.12/site-packages/airflow/example_dags/example_sensors.py for tasks to queue
[2025-02-25T23:42:23.558+0000] {logging_mixin.py:190} INFO - [2025-02-25T23:42:23.558+0000] {dagbag.py:588} INFO - Filling up the DagBag from /home/airflow/.local/lib/python3.12/site-packages/airflow/example_dags/example_sensors.py
[2025-02-25T23:42:23.564+0000] {processor.py:925} INFO - DAG(s) 'example_sensors' retrieved from /home/airflow/.local/lib/python3.12/site-packages/airflow/example_dags/example_sensors.py
[2025-02-25T23:42:23.579+0000] {logging_mixin.py:190} INFO - [2025-02-25T23:42:23.579+0000] {dag.py:3239} INFO - Sync 1 DAGs
[2025-02-25T23:42:23.588+0000] {logging_mixin.py:190} INFO - [2025-02-25T23:42:23.588+0000] {dag.py:4180} INFO - Setting next_dagrun for example_sensors to None, run_after=None
[2025-02-25T23:42:23.598+0000] {processor.py:208} INFO - Processing /home/airflow/.local/lib/python3.12/site-packages/airflow/example_dags/example_sensors.py took 0.045 seconds
[2025-02-25T23:42:54.268+0000] {processor.py:186} INFO - Started process (PID=181) to work on /home/airflow/.local/lib/python3.12/site-packages/airflow/example_dags/example_sensors.py
[2025-02-25T23:42:54.269+0000] {processor.py:914} INFO - Processing file /home/airflow/.local/lib/python3.12/site-packages/airflow/example_dags/example_sensors.py for tasks to queue
[2025-02-25T23:42:54.270+0000] {logging_mixin.py:190} INFO - [2025-02-25T23:42:54.270+0000] {dagbag.py:588} INFO - Filling up the DagBag from /home/airflow/.local/lib/python3.12/site-packages/airflow/example_dags/example_sensors.py
[2025-02-25T23:42:54.276+0000] {processor.py:925} INFO - DAG(s) 'example_sensors' retrieved from /home/airflow/.local/lib/python3.12/site-packages/airflow/example_dags/example_sensors.py
[2025-02-25T23:42:54.290+0000] {logging_mixin.py:190} INFO - [2025-02-25T23:42:54.290+0000] {dag.py:3239} INFO - Sync 1 DAGs
[2025-02-25T23:42:54.298+0000] {logging_mixin.py:190} INFO - [2025-02-25T23:42:54.298+0000] {dag.py:4180} INFO - Setting next_dagrun for example_sensors to None, run_after=None
[2025-02-25T23:42:54.308+0000] {processor.py:208} INFO - Processing /home/airflow/.local/lib/python3.12/site-packages/airflow/example_dags/example_sensors.py took 0.044 seconds
[2025-02-25T23:43:25.118+0000] {processor.py:186} INFO - Started process (PID=244) to work on /home/airflow/.local/lib/python3.12/site-packages/airflow/example_dags/example_sensors.py
[2025-02-25T23:43:25.119+0000] {processor.py:914} INFO - Processing file /home/airflow/.local/lib/python3.12/site-packages/airflow/example_dags/example_sensors.py for tasks to queue
[2025-02-25T23:43:25.121+0000] {logging_mixin.py:190} INFO - [2025-02-25T23:43:25.120+0000] {dagbag.py:588} INFO - Filling up the DagBag from /home/airflow/.local/lib/python3.12/site-packages/airflow/example_dags/example_sensors.py
[2025-02-25T23:43:25.126+0000] {processor.py:925} INFO - DAG(s) 'example_sensors' retrieved from /home/airflow/.local/lib/python3.12/site-packages/airflow/example_dags/example_sensors.py
[2025-02-25T23:43:25.142+0000] {logging_mixin.py:190} INFO - [2025-02-25T23:43:25.141+0000] {dag.py:3239} INFO - Sync 1 DAGs
[2025-02-25T23:43:25.149+0000] {logging_mixin.py:190} INFO - [2025-02-25T23:43:25.149+0000] {dag.py:4180} INFO - Setting next_dagrun for example_sensors to None, run_after=None
[2025-02-25T23:43:25.160+0000] {processor.py:208} INFO - Processing /home/airflow/.local/lib/python3.12/site-packages/airflow/example_dags/example_sensors.py took 0.046 seconds
[2025-02-25T23:43:56.230+0000] {processor.py:186} INFO - Started process (PID=307) to work on /home/airflow/.local/lib/python3.12/site-packages/airflow/example_dags/example_sensors.py
[2025-02-25T23:43:56.231+0000] {processor.py:914} INFO - Processing file /home/airflow/.local/lib/python3.12/site-packages/airflow/example_dags/example_sensors.py for tasks to queue
[2025-02-25T23:43:56.232+0000] {logging_mixin.py:190} INFO - [2025-02-25T23:43:56.232+0000] {dagbag.py:588} INFO - Filling up the DagBag from /home/airflow/.local/lib/python3.12/site-packages/airflow/example_dags/example_sensors.py
[2025-02-25T23:43:56.238+0000] {processor.py:925} INFO - DAG(s) 'example_sensors' retrieved from /home/airflow/.local/lib/python3.12/site-packages/airflow/example_dags/example_sensors.py
[2025-02-25T23:43:56.253+0000] {logging_mixin.py:190} INFO - [2025-02-25T23:43:56.253+0000] {dag.py:3239} INFO - Sync 1 DAGs
[2025-02-25T23:43:56.261+0000] {logging_mixin.py:190} INFO - [2025-02-25T23:43:56.261+0000] {dag.py:4180} INFO - Setting next_dagrun for example_sensors to None, run_after=None
[2025-02-25T23:43:56.271+0000] {processor.py:208} INFO - Processing /home/airflow/.local/lib/python3.12/site-packages/airflow/example_dags/example_sensors.py took 0.044 seconds
[2025-02-25T23:44:26.887+0000] {processor.py:186} INFO - Started process (PID=370) to work on /home/airflow/.local/lib/python3.12/site-packages/airflow/example_dags/example_sensors.py
[2025-02-25T23:44:26.888+0000] {processor.py:914} INFO - Processing file /home/airflow/.local/lib/python3.12/site-packages/airflow/example_dags/example_sensors.py for tasks to queue
[2025-02-25T23:44:26.890+0000] {logging_mixin.py:190} INFO - [2025-02-25T23:44:26.889+0000] {dagbag.py:588} INFO - Filling up the DagBag from /home/airflow/.local/lib/python3.12/site-packages/airflow/example_dags/example_sensors.py
[2025-02-25T23:44:26.895+0000] {processor.py:925} INFO - DAG(s) 'example_sensors' retrieved from /home/airflow/.local/lib/python3.12/site-packages/airflow/example_dags/example_sensors.py
[2025-02-25T23:44:26.911+0000] {logging_mixin.py:190} INFO - [2025-02-25T23:44:26.910+0000] {dag.py:3239} INFO - Sync 1 DAGs
[2025-02-25T23:44:26.919+0000] {logging_mixin.py:190} INFO - [2025-02-25T23:44:26.919+0000] {dag.py:4180} INFO - Setting next_dagrun for example_sensors to None, run_after=None
[2025-02-25T23:44:26.930+0000] {processor.py:208} INFO - Processing /home/airflow/.local/lib/python3.12/site-packages/airflow/example_dags/example_sensors.py took 0.046 seconds
[2025-02-25T23:44:57.674+0000] {processor.py:186} INFO - Started process (PID=433) to work on /home/airflow/.local/lib/python3.12/site-packages/airflow/example_dags/example_sensors.py
[2025-02-25T23:44:57.675+0000] {processor.py:914} INFO - Processing file /home/airflow/.local/lib/python3.12/site-packages/airflow/example_dags/example_sensors.py for tasks to queue
[2025-02-25T23:44:57.676+0000] {logging_mixin.py:190} INFO - [2025-02-25T23:44:57.676+0000] {dagbag.py:588} INFO - Filling up the DagBag from /home/airflow/.local/lib/python3.12/site-packages/airflow/example_dags/example_sensors.py
[2025-02-25T23:44:57.683+0000] {processor.py:925} INFO - DAG(s) 'example_sensors' retrieved from /home/airflow/.local/lib/python3.12/site-packages/airflow/example_dags/example_sensors.py
[2025-02-25T23:44:57.698+0000] {logging_mixin.py:190} INFO - [2025-02-25T23:44:57.697+0000] {dag.py:3239} INFO - Sync 1 DAGs
[2025-02-25T23:44:57.706+0000] {logging_mixin.py:190} INFO - [2025-02-25T23:44:57.706+0000] {dag.py:4180} INFO - Setting next_dagrun for example_sensors to None, run_after=None
[2025-02-25T23:44:57.717+0000] {processor.py:208} INFO - Processing /home/airflow/.local/lib/python3.12/site-packages/airflow/example_dags/example_sensors.py took 0.047 seconds
[2025-02-25T23:45:28.378+0000] {processor.py:186} INFO - Started process (PID=496) to work on /home/airflow/.local/lib/python3.12/site-packages/airflow/example_dags/example_sensors.py
[2025-02-25T23:45:28.379+0000] {processor.py:914} INFO - Processing file /home/airflow/.local/lib/python3.12/site-packages/airflow/example_dags/example_sensors.py for tasks to queue
[2025-02-25T23:45:28.380+0000] {logging_mixin.py:190} INFO - [2025-02-25T23:45:28.380+0000] {dagbag.py:588} INFO - Filling up the DagBag from /home/airflow/.local/lib/python3.12/site-packages/airflow/example_dags/example_sensors.py
[2025-02-25T23:45:28.386+0000] {processor.py:925} INFO - DAG(s) 'example_sensors' retrieved from /home/airflow/.local/lib/python3.12/site-packages/airflow/example_dags/example_sensors.py
[2025-02-25T23:45:28.400+0000] {logging_mixin.py:190} INFO - [2025-02-25T23:45:28.400+0000] {dag.py:3239} INFO - Sync 1 DAGs
[2025-02-25T23:45:28.407+0000] {logging_mixin.py:190} INFO - [2025-02-25T23:45:28.407+0000] {dag.py:4180} INFO - Setting next_dagrun for example_sensors to None, run_after=None
[2025-02-25T23:45:28.418+0000] {processor.py:208} INFO - Processing /home/airflow/.local/lib/python3.12/site-packages/airflow/example_dags/example_sensors.py took 0.043 seconds
[2025-02-25T23:45:59.204+0000] {processor.py:186} INFO - Started process (PID=559) to work on /home/airflow/.local/lib/python3.12/site-packages/airflow/example_dags/example_sensors.py
[2025-02-25T23:45:59.205+0000] {processor.py:914} INFO - Processing file /home/airflow/.local/lib/python3.12/site-packages/airflow/example_dags/example_sensors.py for tasks to queue
[2025-02-25T23:45:59.206+0000] {logging_mixin.py:190} INFO - [2025-02-25T23:45:59.206+0000] {dagbag.py:588} INFO - Filling up the DagBag from /home/airflow/.local/lib/python3.12/site-packages/airflow/example_dags/example_sensors.py
[2025-02-25T23:45:59.212+0000] {processor.py:925} INFO - DAG(s) 'example_sensors' retrieved from /home/airflow/.local/lib/python3.12/site-packages/airflow/example_dags/example_sensors.py
[2025-02-25T23:45:59.227+0000] {logging_mixin.py:190} INFO - [2025-02-25T23:45:59.227+0000] {dag.py:3239} INFO - Sync 1 DAGs
[2025-02-25T23:45:59.235+0000] {logging_mixin.py:190} INFO - [2025-02-25T23:45:59.235+0000] {dag.py:4180} INFO - Setting next_dagrun for example_sensors to None, run_after=None
[2025-02-25T23:45:59.247+0000] {processor.py:208} INFO - Processing /home/airflow/.local/lib/python3.12/site-packages/airflow/example_dags/example_sensors.py took 0.046 seconds
[2025-02-25T23:46:29.987+0000] {processor.py:186} INFO - Started process (PID=616) to work on /home/airflow/.local/lib/python3.12/site-packages/airflow/example_dags/example_sensors.py
[2025-02-25T23:46:29.988+0000] {processor.py:914} INFO - Processing file /home/airflow/.local/lib/python3.12/site-packages/airflow/example_dags/example_sensors.py for tasks to queue
[2025-02-25T23:46:29.989+0000] {logging_mixin.py:190} INFO - [2025-02-25T23:46:29.989+0000] {dagbag.py:588} INFO - Filling up the DagBag from /home/airflow/.local/lib/python3.12/site-packages/airflow/example_dags/example_sensors.py
[2025-02-25T23:46:29.995+0000] {processor.py:925} INFO - DAG(s) 'example_sensors' retrieved from /home/airflow/.local/lib/python3.12/site-packages/airflow/example_dags/example_sensors.py
[2025-02-25T23:46:30.010+0000] {logging_mixin.py:190} INFO - [2025-02-25T23:46:30.010+0000] {dag.py:3239} INFO - Sync 1 DAGs
[2025-02-25T23:46:30.018+0000] {logging_mixin.py:190} INFO - [2025-02-25T23:46:30.018+0000] {dag.py:4180} INFO - Setting next_dagrun for example_sensors to None, run_after=None
[2025-02-25T23:46:30.029+0000] {processor.py:208} INFO - Processing /home/airflow/.local/lib/python3.12/site-packages/airflow/example_dags/example_sensors.py took 0.045 seconds
[2025-02-25T23:47:00.877+0000] {processor.py:186} INFO - Started process (PID=685) to work on /home/airflow/.local/lib/python3.12/site-packages/airflow/example_dags/example_sensors.py
[2025-02-25T23:47:00.878+0000] {processor.py:914} INFO - Processing file /home/airflow/.local/lib/python3.12/site-packages/airflow/example_dags/example_sensors.py for tasks to queue
[2025-02-25T23:47:00.879+0000] {logging_mixin.py:190} INFO - [2025-02-25T23:47:00.879+0000] {dagbag.py:588} INFO - Filling up the DagBag from /home/airflow/.local/lib/python3.12/site-packages/airflow/example_dags/example_sensors.py
[2025-02-25T23:47:00.885+0000] {processor.py:925} INFO - DAG(s) 'example_sensors' retrieved from /home/airflow/.local/lib/python3.12/site-packages/airflow/example_dags/example_sensors.py
[2025-02-25T23:47:00.899+0000] {logging_mixin.py:190} INFO - [2025-02-25T23:47:00.899+0000] {dag.py:3239} INFO - Sync 1 DAGs
[2025-02-25T23:47:00.907+0000] {logging_mixin.py:190} INFO - [2025-02-25T23:47:00.907+0000] {dag.py:4180} INFO - Setting next_dagrun for example_sensors to None, run_after=None
[2025-02-25T23:47:00.917+0000] {processor.py:208} INFO - Processing /home/airflow/.local/lib/python3.12/site-packages/airflow/example_dags/example_sensors.py took 0.044 seconds
[2025-02-25T23:47:31.501+0000] {processor.py:186} INFO - Started process (PID=742) to work on /home/airflow/.local/lib/python3.12/site-packages/airflow/example_dags/example_sensors.py
[2025-02-25T23:47:31.501+0000] {processor.py:914} INFO - Processing file /home/airflow/.local/lib/python3.12/site-packages/airflow/example_dags/example_sensors.py for tasks to queue
[2025-02-25T23:47:31.502+0000] {logging_mixin.py:190} INFO - [2025-02-25T23:47:31.502+0000] {dagbag.py:588} INFO - Filling up the DagBag from /home/airflow/.local/lib/python3.12/site-packages/airflow/example_dags/example_sensors.py
[2025-02-25T23:47:31.508+0000] {processor.py:925} INFO - DAG(s) 'example_sensors' retrieved from /home/airflow/.local/lib/python3.12/site-packages/airflow/example_dags/example_sensors.py
[2025-02-25T23:47:31.523+0000] {logging_mixin.py:190} INFO - [2025-02-25T23:47:31.523+0000] {dag.py:3239} INFO - Sync 1 DAGs
[2025-02-25T23:47:31.530+0000] {logging_mixin.py:190} INFO - [2025-02-25T23:47:31.530+0000] {dag.py:4180} INFO - Setting next_dagrun for example_sensors to None, run_after=None
[2025-02-25T23:47:31.540+0000] {processor.py:208} INFO - Processing /home/airflow/.local/lib/python3.12/site-packages/airflow/example_dags/example_sensors.py took 0.043 seconds
[2025-02-25T23:48:02.244+0000] {processor.py:186} INFO - Started process (PID=805) to work on /home/airflow/.local/lib/python3.12/site-packages/airflow/example_dags/example_sensors.py
[2025-02-25T23:48:02.245+0000] {processor.py:914} INFO - Processing file /home/airflow/.local/lib/python3.12/site-packages/airflow/example_dags/example_sensors.py for tasks to queue
[2025-02-25T23:48:02.246+0000] {logging_mixin.py:190} INFO - [2025-02-25T23:48:02.246+0000] {dagbag.py:588} INFO - Filling up the DagBag from /home/airflow/.local/lib/python3.12/site-packages/airflow/example_dags/example_sensors.py
[2025-02-25T23:48:02.253+0000] {processor.py:925} INFO - DAG(s) 'example_sensors' retrieved from /home/airflow/.local/lib/python3.12/site-packages/airflow/example_dags/example_sensors.py
[2025-02-25T23:48:02.270+0000] {logging_mixin.py:190} INFO - [2025-02-25T23:48:02.270+0000] {dag.py:3239} INFO - Sync 1 DAGs
[2025-02-25T23:48:02.279+0000] {logging_mixin.py:190} INFO - [2025-02-25T23:48:02.279+0000] {dag.py:4180} INFO - Setting next_dagrun for example_sensors to None, run_after=None
[2025-02-25T23:48:02.291+0000] {processor.py:208} INFO - Processing /home/airflow/.local/lib/python3.12/site-packages/airflow/example_dags/example_sensors.py took 0.051 seconds
[2025-02-25T23:48:33.184+0000] {processor.py:186} INFO - Started process (PID=868) to work on /home/airflow/.local/lib/python3.12/site-packages/airflow/example_dags/example_sensors.py
[2025-02-25T23:48:33.185+0000] {processor.py:914} INFO - Processing file /home/airflow/.local/lib/python3.12/site-packages/airflow/example_dags/example_sensors.py for tasks to queue
[2025-02-25T23:48:33.186+0000] {logging_mixin.py:190} INFO - [2025-02-25T23:48:33.186+0000] {dagbag.py:588} INFO - Filling up the DagBag from /home/airflow/.local/lib/python3.12/site-packages/airflow/example_dags/example_sensors.py
[2025-02-25T23:48:33.192+0000] {processor.py:925} INFO - DAG(s) 'example_sensors' retrieved from /home/airflow/.local/lib/python3.12/site-packages/airflow/example_dags/example_sensors.py
[2025-02-25T23:48:33.208+0000] {logging_mixin.py:190} INFO - [2025-02-25T23:48:33.208+0000] {dag.py:3239} INFO - Sync 1 DAGs
[2025-02-25T23:48:33.216+0000] {logging_mixin.py:190} INFO - [2025-02-25T23:48:33.216+0000] {dag.py:4180} INFO - Setting next_dagrun for example_sensors to None, run_after=None
[2025-02-25T23:48:33.227+0000] {processor.py:208} INFO - Processing /home/airflow/.local/lib/python3.12/site-packages/airflow/example_dags/example_sensors.py took 0.047 seconds
[2025-02-25T23:49:04.362+0000] {processor.py:186} INFO - Started process (PID=931) to work on /home/airflow/.local/lib/python3.12/site-packages/airflow/example_dags/example_sensors.py
[2025-02-25T23:49:04.363+0000] {processor.py:914} INFO - Processing file /home/airflow/.local/lib/python3.12/site-packages/airflow/example_dags/example_sensors.py for tasks to queue
[2025-02-25T23:49:04.364+0000] {logging_mixin.py:190} INFO - [2025-02-25T23:49:04.364+0000] {dagbag.py:588} INFO - Filling up the DagBag from /home/airflow/.local/lib/python3.12/site-packages/airflow/example_dags/example_sensors.py
[2025-02-25T23:49:04.370+0000] {processor.py:925} INFO - DAG(s) 'example_sensors' retrieved from /home/airflow/.local/lib/python3.12/site-packages/airflow/example_dags/example_sensors.py
[2025-02-25T23:49:04.387+0000] {logging_mixin.py:190} INFO - [2025-02-25T23:49:04.387+0000] {dag.py:3239} INFO - Sync 1 DAGs
[2025-02-25T23:49:04.395+0000] {logging_mixin.py:190} INFO - [2025-02-25T23:49:04.395+0000] {dag.py:4180} INFO - Setting next_dagrun for example_sensors to None, run_after=None
[2025-02-25T23:49:04.406+0000] {processor.py:208} INFO - Processing /home/airflow/.local/lib/python3.12/site-packages/airflow/example_dags/example_sensors.py took 0.047 seconds
[2025-02-25T23:49:34.864+0000] {processor.py:186} INFO - Started process (PID=994) to work on /home/airflow/.local/lib/python3.12/site-packages/airflow/example_dags/example_sensors.py
[2025-02-25T23:49:34.864+0000] {processor.py:914} INFO - Processing file /home/airflow/.local/lib/python3.12/site-packages/airflow/example_dags/example_sensors.py for tasks to queue
[2025-02-25T23:49:34.866+0000] {logging_mixin.py:190} INFO - [2025-02-25T23:49:34.866+0000] {dagbag.py:588} INFO - Filling up the DagBag from /home/airflow/.local/lib/python3.12/site-packages/airflow/example_dags/example_sensors.py
[2025-02-25T23:49:34.872+0000] {processor.py:925} INFO - DAG(s) 'example_sensors' retrieved from /home/airflow/.local/lib/python3.12/site-packages/airflow/example_dags/example_sensors.py
[2025-02-25T23:49:34.887+0000] {logging_mixin.py:190} INFO - [2025-02-25T23:49:34.886+0000] {dag.py:3239} INFO - Sync 1 DAGs
[2025-02-25T23:49:34.894+0000] {logging_mixin.py:190} INFO - [2025-02-25T23:49:34.894+0000] {dag.py:4180} INFO - Setting next_dagrun for example_sensors to None, run_after=None
[2025-02-25T23:49:34.904+0000] {processor.py:208} INFO - Processing /home/airflow/.local/lib/python3.12/site-packages/airflow/example_dags/example_sensors.py took 0.043 seconds
[2025-02-25T23:50:05.528+0000] {processor.py:186} INFO - Started process (PID=1057) to work on /home/airflow/.local/lib/python3.12/site-packages/airflow/example_dags/example_sensors.py
[2025-02-25T23:50:05.528+0000] {processor.py:914} INFO - Processing file /home/airflow/.local/lib/python3.12/site-packages/airflow/example_dags/example_sensors.py for tasks to queue
[2025-02-25T23:50:05.530+0000] {logging_mixin.py:190} INFO - [2025-02-25T23:50:05.530+0000] {dagbag.py:588} INFO - Filling up the DagBag from /home/airflow/.local/lib/python3.12/site-packages/airflow/example_dags/example_sensors.py
[2025-02-25T23:50:05.536+0000] {processor.py:925} INFO - DAG(s) 'example_sensors' retrieved from /home/airflow/.local/lib/python3.12/site-packages/airflow/example_dags/example_sensors.py
[2025-02-25T23:50:05.551+0000] {logging_mixin.py:190} INFO - [2025-02-25T23:50:05.551+0000] {dag.py:3239} INFO - Sync 1 DAGs
[2025-02-25T23:50:05.559+0000] {logging_mixin.py:190} INFO - [2025-02-25T23:50:05.559+0000] {dag.py:4180} INFO - Setting next_dagrun for example_sensors to None, run_after=None
[2025-02-25T23:50:05.569+0000] {processor.py:208} INFO - Processing /home/airflow/.local/lib/python3.12/site-packages/airflow/example_dags/example_sensors.py took 0.045 seconds
[2025-02-25T23:50:36.020+0000] {processor.py:186} INFO - Started process (PID=1120) to work on /home/airflow/.local/lib/python3.12/site-packages/airflow/example_dags/example_sensors.py
[2025-02-25T23:50:36.021+0000] {processor.py:914} INFO - Processing file /home/airflow/.local/lib/python3.12/site-packages/airflow/example_dags/example_sensors.py for tasks to queue
[2025-02-25T23:50:36.022+0000] {logging_mixin.py:190} INFO - [2025-02-25T23:50:36.022+0000] {dagbag.py:588} INFO - Filling up the DagBag from /home/airflow/.local/lib/python3.12/site-packages/airflow/example_dags/example_sensors.py
[2025-02-25T23:50:36.028+0000] {processor.py:925} INFO - DAG(s) 'example_sensors' retrieved from /home/airflow/.local/lib/python3.12/site-packages/airflow/example_dags/example_sensors.py
[2025-02-25T23:50:36.043+0000] {logging_mixin.py:190} INFO - [2025-02-25T23:50:36.043+0000] {dag.py:3239} INFO - Sync 1 DAGs
[2025-02-25T23:50:36.052+0000] {logging_mixin.py:190} INFO - [2025-02-25T23:50:36.051+0000] {dag.py:4180} INFO - Setting next_dagrun for example_sensors to None, run_after=None
[2025-02-25T23:50:36.062+0000] {processor.py:208} INFO - Processing /home/airflow/.local/lib/python3.12/site-packages/airflow/example_dags/example_sensors.py took 0.045 seconds
[2025-02-25T23:51:06.486+0000] {processor.py:186} INFO - Started process (PID=1183) to work on /home/airflow/.local/lib/python3.12/site-packages/airflow/example_dags/example_sensors.py
[2025-02-25T23:51:06.487+0000] {processor.py:914} INFO - Processing file /home/airflow/.local/lib/python3.12/site-packages/airflow/example_dags/example_sensors.py for tasks to queue
[2025-02-25T23:51:06.488+0000] {logging_mixin.py:190} INFO - [2025-02-25T23:51:06.488+0000] {dagbag.py:588} INFO - Filling up the DagBag from /home/airflow/.local/lib/python3.12/site-packages/airflow/example_dags/example_sensors.py
[2025-02-25T23:51:06.494+0000] {processor.py:925} INFO - DAG(s) 'example_sensors' retrieved from /home/airflow/.local/lib/python3.12/site-packages/airflow/example_dags/example_sensors.py
[2025-02-25T23:51:06.509+0000] {logging_mixin.py:190} INFO - [2025-02-25T23:51:06.509+0000] {dag.py:3239} INFO - Sync 1 DAGs
[2025-02-25T23:51:06.517+0000] {logging_mixin.py:190} INFO - [2025-02-25T23:51:06.517+0000] {dag.py:4180} INFO - Setting next_dagrun for example_sensors to None, run_after=None
[2025-02-25T23:51:06.527+0000] {processor.py:208} INFO - Processing /home/airflow/.local/lib/python3.12/site-packages/airflow/example_dags/example_sensors.py took 0.044 seconds
[2025-02-25T23:51:37.046+0000] {processor.py:186} INFO - Started process (PID=1246) to work on /home/airflow/.local/lib/python3.12/site-packages/airflow/example_dags/example_sensors.py
[2025-02-25T23:51:37.047+0000] {processor.py:914} INFO - Processing file /home/airflow/.local/lib/python3.12/site-packages/airflow/example_dags/example_sensors.py for tasks to queue
[2025-02-25T23:51:37.049+0000] {logging_mixin.py:190} INFO - [2025-02-25T23:51:37.048+0000] {dagbag.py:588} INFO - Filling up the DagBag from /home/airflow/.local/lib/python3.12/site-packages/airflow/example_dags/example_sensors.py
[2025-02-25T23:51:37.055+0000] {processor.py:925} INFO - DAG(s) 'example_sensors' retrieved from /home/airflow/.local/lib/python3.12/site-packages/airflow/example_dags/example_sensors.py
[2025-02-25T23:51:37.070+0000] {logging_mixin.py:190} INFO - [2025-02-25T23:51:37.070+0000] {dag.py:3239} INFO - Sync 1 DAGs
[2025-02-25T23:51:37.079+0000] {logging_mixin.py:190} INFO - [2025-02-25T23:51:37.079+0000] {dag.py:4180} INFO - Setting next_dagrun for example_sensors to None, run_after=None
[2025-02-25T23:51:37.090+0000] {processor.py:208} INFO - Processing /home/airflow/.local/lib/python3.12/site-packages/airflow/example_dags/example_sensors.py took 0.047 seconds
[2025-02-25T23:52:08.097+0000] {processor.py:186} INFO - Started process (PID=1309) to work on /home/airflow/.local/lib/python3.12/site-packages/airflow/example_dags/example_sensors.py
[2025-02-25T23:52:08.098+0000] {processor.py:914} INFO - Processing file /home/airflow/.local/lib/python3.12/site-packages/airflow/example_dags/example_sensors.py for tasks to queue
[2025-02-25T23:52:08.099+0000] {logging_mixin.py:190} INFO - [2025-02-25T23:52:08.099+0000] {dagbag.py:588} INFO - Filling up the DagBag from /home/airflow/.local/lib/python3.12/site-packages/airflow/example_dags/example_sensors.py
[2025-02-25T23:52:08.105+0000] {processor.py:925} INFO - DAG(s) 'example_sensors' retrieved from /home/airflow/.local/lib/python3.12/site-packages/airflow/example_dags/example_sensors.py
[2025-02-25T23:52:08.120+0000] {logging_mixin.py:190} INFO - [2025-02-25T23:52:08.120+0000] {dag.py:3239} INFO - Sync 1 DAGs
[2025-02-25T23:52:08.128+0000] {logging_mixin.py:190} INFO - [2025-02-25T23:52:08.128+0000] {dag.py:4180} INFO - Setting next_dagrun for example_sensors to None, run_after=None
[2025-02-25T23:52:08.141+0000] {processor.py:208} INFO - Processing /home/airflow/.local/lib/python3.12/site-packages/airflow/example_dags/example_sensors.py took 0.047 seconds
[2025-02-25T23:52:39.085+0000] {processor.py:186} INFO - Started process (PID=1372) to work on /home/airflow/.local/lib/python3.12/site-packages/airflow/example_dags/example_sensors.py
[2025-02-25T23:52:39.086+0000] {processor.py:914} INFO - Processing file /home/airflow/.local/lib/python3.12/site-packages/airflow/example_dags/example_sensors.py for tasks to queue
[2025-02-25T23:52:39.087+0000] {logging_mixin.py:190} INFO - [2025-02-25T23:52:39.087+0000] {dagbag.py:588} INFO - Filling up the DagBag from /home/airflow/.local/lib/python3.12/site-packages/airflow/example_dags/example_sensors.py
[2025-02-25T23:52:39.093+0000] {processor.py:925} INFO - DAG(s) 'example_sensors' retrieved from /home/airflow/.local/lib/python3.12/site-packages/airflow/example_dags/example_sensors.py
[2025-02-25T23:52:39.109+0000] {logging_mixin.py:190} INFO - [2025-02-25T23:52:39.109+0000] {dag.py:3239} INFO - Sync 1 DAGs
[2025-02-25T23:52:39.117+0000] {logging_mixin.py:190} INFO - [2025-02-25T23:52:39.117+0000] {dag.py:4180} INFO - Setting next_dagrun for example_sensors to None, run_after=None
[2025-02-25T23:52:39.127+0000] {processor.py:208} INFO - Processing /home/airflow/.local/lib/python3.12/site-packages/airflow/example_dags/example_sensors.py took 0.045 seconds
[2025-02-25T23:53:10.070+0000] {processor.py:186} INFO - Started process (PID=1436) to work on /home/airflow/.local/lib/python3.12/site-packages/airflow/example_dags/example_sensors.py
[2025-02-25T23:53:10.070+0000] {processor.py:914} INFO - Processing file /home/airflow/.local/lib/python3.12/site-packages/airflow/example_dags/example_sensors.py for tasks to queue
[2025-02-25T23:53:10.071+0000] {logging_mixin.py:190} INFO - [2025-02-25T23:53:10.071+0000] {dagbag.py:588} INFO - Filling up the DagBag from /home/airflow/.local/lib/python3.12/site-packages/airflow/example_dags/example_sensors.py
[2025-02-25T23:53:10.077+0000] {processor.py:925} INFO - DAG(s) 'example_sensors' retrieved from /home/airflow/.local/lib/python3.12/site-packages/airflow/example_dags/example_sensors.py
[2025-02-25T23:53:10.092+0000] {logging_mixin.py:190} INFO - [2025-02-25T23:53:10.092+0000] {dag.py:3239} INFO - Sync 1 DAGs
[2025-02-25T23:53:10.100+0000] {logging_mixin.py:190} INFO - [2025-02-25T23:53:10.100+0000] {dag.py:4180} INFO - Setting next_dagrun for example_sensors to None, run_after=None
[2025-02-25T23:53:10.109+0000] {processor.py:208} INFO - Processing /home/airflow/.local/lib/python3.12/site-packages/airflow/example_dags/example_sensors.py took 0.043 seconds
[2025-02-25T23:53:41.091+0000] {processor.py:186} INFO - Started process (PID=1499) to work on /home/airflow/.local/lib/python3.12/site-packages/airflow/example_dags/example_sensors.py
[2025-02-25T23:53:41.093+0000] {processor.py:914} INFO - Processing file /home/airflow/.local/lib/python3.12/site-packages/airflow/example_dags/example_sensors.py for tasks to queue
[2025-02-25T23:53:41.094+0000] {logging_mixin.py:190} INFO - [2025-02-25T23:53:41.094+0000] {dagbag.py:588} INFO - Filling up the DagBag from /home/airflow/.local/lib/python3.12/site-packages/airflow/example_dags/example_sensors.py
[2025-02-25T23:53:41.101+0000] {processor.py:925} INFO - DAG(s) 'example_sensors' retrieved from /home/airflow/.local/lib/python3.12/site-packages/airflow/example_dags/example_sensors.py
[2025-02-25T23:53:41.118+0000] {logging_mixin.py:190} INFO - [2025-02-25T23:53:41.118+0000] {dag.py:3239} INFO - Sync 1 DAGs
[2025-02-25T23:53:41.128+0000] {logging_mixin.py:190} INFO - [2025-02-25T23:53:41.128+0000] {dag.py:4180} INFO - Setting next_dagrun for example_sensors to None, run_after=None
[2025-02-25T23:53:41.140+0000] {processor.py:208} INFO - Processing /home/airflow/.local/lib/python3.12/site-packages/airflow/example_dags/example_sensors.py took 0.052 seconds
[2025-02-25T23:54:12.006+0000] {processor.py:186} INFO - Started process (PID=1562) to work on /home/airflow/.local/lib/python3.12/site-packages/airflow/example_dags/example_sensors.py
[2025-02-25T23:54:12.007+0000] {processor.py:914} INFO - Processing file /home/airflow/.local/lib/python3.12/site-packages/airflow/example_dags/example_sensors.py for tasks to queue
[2025-02-25T23:54:12.008+0000] {logging_mixin.py:190} INFO - [2025-02-25T23:54:12.008+0000] {dagbag.py:588} INFO - Filling up the DagBag from /home/airflow/.local/lib/python3.12/site-packages/airflow/example_dags/example_sensors.py
[2025-02-25T23:54:12.015+0000] {processor.py:925} INFO - DAG(s) 'example_sensors' retrieved from /home/airflow/.local/lib/python3.12/site-packages/airflow/example_dags/example_sensors.py
[2025-02-25T23:54:12.030+0000] {logging_mixin.py:190} INFO - [2025-02-25T23:54:12.029+0000] {dag.py:3239} INFO - Sync 1 DAGs
[2025-02-25T23:54:12.038+0000] {logging_mixin.py:190} INFO - [2025-02-25T23:54:12.038+0000] {dag.py:4180} INFO - Setting next_dagrun for example_sensors to None, run_after=None
[2025-02-25T23:54:12.049+0000] {processor.py:208} INFO - Processing /home/airflow/.local/lib/python3.12/site-packages/airflow/example_dags/example_sensors.py took 0.046 seconds
[2025-02-25T23:54:42.968+0000] {processor.py:186} INFO - Started process (PID=1625) to work on /home/airflow/.local/lib/python3.12/site-packages/airflow/example_dags/example_sensors.py
[2025-02-25T23:54:42.968+0000] {processor.py:914} INFO - Processing file /home/airflow/.local/lib/python3.12/site-packages/airflow/example_dags/example_sensors.py for tasks to queue
[2025-02-25T23:54:42.970+0000] {logging_mixin.py:190} INFO - [2025-02-25T23:54:42.970+0000] {dagbag.py:588} INFO - Filling up the DagBag from /home/airflow/.local/lib/python3.12/site-packages/airflow/example_dags/example_sensors.py
[2025-02-25T23:54:42.976+0000] {processor.py:925} INFO - DAG(s) 'example_sensors' retrieved from /home/airflow/.local/lib/python3.12/site-packages/airflow/example_dags/example_sensors.py
[2025-02-25T23:54:42.991+0000] {logging_mixin.py:190} INFO - [2025-02-25T23:54:42.991+0000] {dag.py:3239} INFO - Sync 1 DAGs
[2025-02-25T23:54:43.000+0000] {logging_mixin.py:190} INFO - [2025-02-25T23:54:43.000+0000] {dag.py:4180} INFO - Setting next_dagrun for example_sensors to None, run_after=None
[2025-02-25T23:54:43.011+0000] {processor.py:208} INFO - Processing /home/airflow/.local/lib/python3.12/site-packages/airflow/example_dags/example_sensors.py took 0.047 seconds
[2025-02-25T23:55:17.320+0000] {processor.py:186} INFO - Started process (PID=1688) to work on /home/airflow/.local/lib/python3.12/site-packages/airflow/example_dags/example_sensors.py
[2025-02-25T23:55:17.321+0000] {processor.py:914} INFO - Processing file /home/airflow/.local/lib/python3.12/site-packages/airflow/example_dags/example_sensors.py for tasks to queue
[2025-02-25T23:55:17.322+0000] {logging_mixin.py:190} INFO - [2025-02-25T23:55:17.322+0000] {dagbag.py:588} INFO - Filling up the DagBag from /home/airflow/.local/lib/python3.12/site-packages/airflow/example_dags/example_sensors.py
[2025-02-25T23:55:17.329+0000] {processor.py:925} INFO - DAG(s) 'example_sensors' retrieved from /home/airflow/.local/lib/python3.12/site-packages/airflow/example_dags/example_sensors.py
[2025-02-25T23:55:17.344+0000] {logging_mixin.py:190} INFO - [2025-02-25T23:55:17.344+0000] {dag.py:3239} INFO - Sync 1 DAGs
[2025-02-25T23:55:17.353+0000] {logging_mixin.py:190} INFO - [2025-02-25T23:55:17.353+0000] {dag.py:4180} INFO - Setting next_dagrun for example_sensors to None, run_after=None
[2025-02-25T23:55:17.364+0000] {processor.py:208} INFO - Processing /home/airflow/.local/lib/python3.12/site-packages/airflow/example_dags/example_sensors.py took 0.048 seconds
[2025-02-25T23:55:48.210+0000] {processor.py:186} INFO - Started process (PID=1751) to work on /home/airflow/.local/lib/python3.12/site-packages/airflow/example_dags/example_sensors.py
[2025-02-25T23:55:48.211+0000] {processor.py:914} INFO - Processing file /home/airflow/.local/lib/python3.12/site-packages/airflow/example_dags/example_sensors.py for tasks to queue
[2025-02-25T23:55:48.212+0000] {logging_mixin.py:190} INFO - [2025-02-25T23:55:48.212+0000] {dagbag.py:588} INFO - Filling up the DagBag from /home/airflow/.local/lib/python3.12/site-packages/airflow/example_dags/example_sensors.py
[2025-02-25T23:55:48.218+0000] {processor.py:925} INFO - DAG(s) 'example_sensors' retrieved from /home/airflow/.local/lib/python3.12/site-packages/airflow/example_dags/example_sensors.py
[2025-02-25T23:55:48.233+0000] {logging_mixin.py:190} INFO - [2025-02-25T23:55:48.233+0000] {dag.py:3239} INFO - Sync 1 DAGs
[2025-02-25T23:55:48.242+0000] {logging_mixin.py:190} INFO - [2025-02-25T23:55:48.242+0000] {dag.py:4180} INFO - Setting next_dagrun for example_sensors to None, run_after=None
[2025-02-25T23:55:48.253+0000] {processor.py:208} INFO - Processing /home/airflow/.local/lib/python3.12/site-packages/airflow/example_dags/example_sensors.py took 0.047 seconds
[2025-02-25T23:56:19.041+0000] {processor.py:186} INFO - Started process (PID=1814) to work on /home/airflow/.local/lib/python3.12/site-packages/airflow/example_dags/example_sensors.py
[2025-02-25T23:56:19.042+0000] {processor.py:914} INFO - Processing file /home/airflow/.local/lib/python3.12/site-packages/airflow/example_dags/example_sensors.py for tasks to queue
[2025-02-25T23:56:19.043+0000] {logging_mixin.py:190} INFO - [2025-02-25T23:56:19.043+0000] {dagbag.py:588} INFO - Filling up the DagBag from /home/airflow/.local/lib/python3.12/site-packages/airflow/example_dags/example_sensors.py
[2025-02-25T23:56:19.049+0000] {processor.py:925} INFO - DAG(s) 'example_sensors' retrieved from /home/airflow/.local/lib/python3.12/site-packages/airflow/example_dags/example_sensors.py
[2025-02-25T23:56:19.066+0000] {logging_mixin.py:190} INFO - [2025-02-25T23:56:19.066+0000] {dag.py:3239} INFO - Sync 1 DAGs
[2025-02-25T23:56:19.074+0000] {logging_mixin.py:190} INFO - [2025-02-25T23:56:19.074+0000] {dag.py:4180} INFO - Setting next_dagrun for example_sensors to None, run_after=None
[2025-02-25T23:56:19.086+0000] {processor.py:208} INFO - Processing /home/airflow/.local/lib/python3.12/site-packages/airflow/example_dags/example_sensors.py took 0.048 seconds
[2025-02-25T23:56:50.169+0000] {processor.py:186} INFO - Started process (PID=1871) to work on /home/airflow/.local/lib/python3.12/site-packages/airflow/example_dags/example_sensors.py
[2025-02-25T23:56:50.170+0000] {processor.py:914} INFO - Processing file /home/airflow/.local/lib/python3.12/site-packages/airflow/example_dags/example_sensors.py for tasks to queue
[2025-02-25T23:56:50.171+0000] {logging_mixin.py:190} INFO - [2025-02-25T23:56:50.171+0000] {dagbag.py:588} INFO - Filling up the DagBag from /home/airflow/.local/lib/python3.12/site-packages/airflow/example_dags/example_sensors.py
[2025-02-25T23:56:50.177+0000] {processor.py:925} INFO - DAG(s) 'example_sensors' retrieved from /home/airflow/.local/lib/python3.12/site-packages/airflow/example_dags/example_sensors.py
[2025-02-25T23:56:50.192+0000] {logging_mixin.py:190} INFO - [2025-02-25T23:56:50.192+0000] {dag.py:3239} INFO - Sync 1 DAGs
[2025-02-25T23:56:50.200+0000] {logging_mixin.py:190} INFO - [2025-02-25T23:56:50.200+0000] {dag.py:4180} INFO - Setting next_dagrun for example_sensors to None, run_after=None
[2025-02-25T23:56:50.212+0000] {processor.py:208} INFO - Processing /home/airflow/.local/lib/python3.12/site-packages/airflow/example_dags/example_sensors.py took 0.047 seconds
[2025-02-25T23:57:21.123+0000] {processor.py:186} INFO - Started process (PID=1934) to work on /home/airflow/.local/lib/python3.12/site-packages/airflow/example_dags/example_sensors.py
[2025-02-25T23:57:21.124+0000] {processor.py:914} INFO - Processing file /home/airflow/.local/lib/python3.12/site-packages/airflow/example_dags/example_sensors.py for tasks to queue
[2025-02-25T23:57:21.126+0000] {logging_mixin.py:190} INFO - [2025-02-25T23:57:21.126+0000] {dagbag.py:588} INFO - Filling up the DagBag from /home/airflow/.local/lib/python3.12/site-packages/airflow/example_dags/example_sensors.py
[2025-02-25T23:57:21.132+0000] {processor.py:925} INFO - DAG(s) 'example_sensors' retrieved from /home/airflow/.local/lib/python3.12/site-packages/airflow/example_dags/example_sensors.py
[2025-02-25T23:57:21.146+0000] {logging_mixin.py:190} INFO - [2025-02-25T23:57:21.146+0000] {dag.py:3239} INFO - Sync 1 DAGs
[2025-02-25T23:57:21.155+0000] {logging_mixin.py:190} INFO - [2025-02-25T23:57:21.155+0000] {dag.py:4180} INFO - Setting next_dagrun for example_sensors to None, run_after=None
[2025-02-25T23:57:21.167+0000] {processor.py:208} INFO - Processing /home/airflow/.local/lib/python3.12/site-packages/airflow/example_dags/example_sensors.py took 0.048 seconds
[2025-02-25T23:57:54.879+0000] {processor.py:186} INFO - Started process (PID=1997) to work on /home/airflow/.local/lib/python3.12/site-packages/airflow/example_dags/example_sensors.py
[2025-02-25T23:57:54.880+0000] {processor.py:914} INFO - Processing file /home/airflow/.local/lib/python3.12/site-packages/airflow/example_dags/example_sensors.py for tasks to queue
[2025-02-25T23:57:54.882+0000] {logging_mixin.py:190} INFO - [2025-02-25T23:57:54.881+0000] {dagbag.py:588} INFO - Filling up the DagBag from /home/airflow/.local/lib/python3.12/site-packages/airflow/example_dags/example_sensors.py
[2025-02-25T23:57:54.888+0000] {processor.py:925} INFO - DAG(s) 'example_sensors' retrieved from /home/airflow/.local/lib/python3.12/site-packages/airflow/example_dags/example_sensors.py
[2025-02-25T23:57:54.903+0000] {logging_mixin.py:190} INFO - [2025-02-25T23:57:54.903+0000] {dag.py:3239} INFO - Sync 1 DAGs
[2025-02-25T23:57:54.911+0000] {logging_mixin.py:190} INFO - [2025-02-25T23:57:54.911+0000] {dag.py:4180} INFO - Setting next_dagrun for example_sensors to None, run_after=None
[2025-02-25T23:57:54.924+0000] {processor.py:208} INFO - Processing /home/airflow/.local/lib/python3.12/site-packages/airflow/example_dags/example_sensors.py took 0.048 seconds
[2025-02-25T23:58:25.665+0000] {processor.py:186} INFO - Started process (PID=2060) to work on /home/airflow/.local/lib/python3.12/site-packages/airflow/example_dags/example_sensors.py
[2025-02-25T23:58:25.666+0000] {processor.py:914} INFO - Processing file /home/airflow/.local/lib/python3.12/site-packages/airflow/example_dags/example_sensors.py for tasks to queue
[2025-02-25T23:58:25.667+0000] {logging_mixin.py:190} INFO - [2025-02-25T23:58:25.667+0000] {dagbag.py:588} INFO - Filling up the DagBag from /home/airflow/.local/lib/python3.12/site-packages/airflow/example_dags/example_sensors.py
[2025-02-25T23:58:25.674+0000] {processor.py:925} INFO - DAG(s) 'example_sensors' retrieved from /home/airflow/.local/lib/python3.12/site-packages/airflow/example_dags/example_sensors.py
[2025-02-25T23:58:25.690+0000] {logging_mixin.py:190} INFO - [2025-02-25T23:58:25.690+0000] {dag.py:3239} INFO - Sync 1 DAGs
[2025-02-25T23:58:25.699+0000] {logging_mixin.py:190} INFO - [2025-02-25T23:58:25.699+0000] {dag.py:4180} INFO - Setting next_dagrun for example_sensors to None, run_after=None
[2025-02-25T23:58:25.711+0000] {processor.py:208} INFO - Processing /home/airflow/.local/lib/python3.12/site-packages/airflow/example_dags/example_sensors.py took 0.050 seconds
[2025-02-25T23:58:56.337+0000] {processor.py:186} INFO - Started process (PID=2123) to work on /home/airflow/.local/lib/python3.12/site-packages/airflow/example_dags/example_sensors.py
[2025-02-25T23:58:56.338+0000] {processor.py:914} INFO - Processing file /home/airflow/.local/lib/python3.12/site-packages/airflow/example_dags/example_sensors.py for tasks to queue
[2025-02-25T23:58:56.339+0000] {logging_mixin.py:190} INFO - [2025-02-25T23:58:56.339+0000] {dagbag.py:588} INFO - Filling up the DagBag from /home/airflow/.local/lib/python3.12/site-packages/airflow/example_dags/example_sensors.py
[2025-02-25T23:58:56.345+0000] {processor.py:925} INFO - DAG(s) 'example_sensors' retrieved from /home/airflow/.local/lib/python3.12/site-packages/airflow/example_dags/example_sensors.py
[2025-02-25T23:58:56.361+0000] {logging_mixin.py:190} INFO - [2025-02-25T23:58:56.361+0000] {dag.py:3239} INFO - Sync 1 DAGs
[2025-02-25T23:58:56.369+0000] {logging_mixin.py:190} INFO - [2025-02-25T23:58:56.369+0000] {dag.py:4180} INFO - Setting next_dagrun for example_sensors to None, run_after=None
[2025-02-25T23:58:56.380+0000] {processor.py:208} INFO - Processing /home/airflow/.local/lib/python3.12/site-packages/airflow/example_dags/example_sensors.py took 0.047 seconds
[2025-02-25T23:59:27.083+0000] {processor.py:186} INFO - Started process (PID=2186) to work on /home/airflow/.local/lib/python3.12/site-packages/airflow/example_dags/example_sensors.py
[2025-02-25T23:59:27.083+0000] {processor.py:914} INFO - Processing file /home/airflow/.local/lib/python3.12/site-packages/airflow/example_dags/example_sensors.py for tasks to queue
[2025-02-25T23:59:27.085+0000] {logging_mixin.py:190} INFO - [2025-02-25T23:59:27.085+0000] {dagbag.py:588} INFO - Filling up the DagBag from /home/airflow/.local/lib/python3.12/site-packages/airflow/example_dags/example_sensors.py
[2025-02-25T23:59:27.091+0000] {processor.py:925} INFO - DAG(s) 'example_sensors' retrieved from /home/airflow/.local/lib/python3.12/site-packages/airflow/example_dags/example_sensors.py
[2025-02-25T23:59:27.107+0000] {logging_mixin.py:190} INFO - [2025-02-25T23:59:27.107+0000] {dag.py:3239} INFO - Sync 1 DAGs
[2025-02-25T23:59:27.116+0000] {logging_mixin.py:190} INFO - [2025-02-25T23:59:27.116+0000] {dag.py:4180} INFO - Setting next_dagrun for example_sensors to None, run_after=None
[2025-02-25T23:59:27.128+0000] {processor.py:208} INFO - Processing /home/airflow/.local/lib/python3.12/site-packages/airflow/example_dags/example_sensors.py took 0.048 seconds
[2025-02-25T23:59:58.443+0000] {processor.py:186} INFO - Started process (PID=2249) to work on /home/airflow/.local/lib/python3.12/site-packages/airflow/example_dags/example_sensors.py
[2025-02-25T23:59:58.443+0000] {processor.py:914} INFO - Processing file /home/airflow/.local/lib/python3.12/site-packages/airflow/example_dags/example_sensors.py for tasks to queue
[2025-02-25T23:59:58.445+0000] {logging_mixin.py:190} INFO - [2025-02-25T23:59:58.445+0000] {dagbag.py:588} INFO - Filling up the DagBag from /home/airflow/.local/lib/python3.12/site-packages/airflow/example_dags/example_sensors.py
[2025-02-25T23:59:58.451+0000] {processor.py:925} INFO - DAG(s) 'example_sensors' retrieved from /home/airflow/.local/lib/python3.12/site-packages/airflow/example_dags/example_sensors.py
[2025-02-25T23:59:58.467+0000] {logging_mixin.py:190} INFO - [2025-02-25T23:59:58.467+0000] {dag.py:3239} INFO - Sync 1 DAGs
[2025-02-25T23:59:58.476+0000] {logging_mixin.py:190} INFO - [2025-02-25T23:59:58.476+0000] {dag.py:4180} INFO - Setting next_dagrun for example_sensors to None, run_after=None
[2025-02-25T23:59:58.487+0000] {processor.py:208} INFO - Processing /home/airflow/.local/lib/python3.12/site-packages/airflow/example_dags/example_sensors.py took 0.048 seconds
