[2025-02-25T23:22:14.066+0000] {processor.py:186} INFO - Started process (PID=54) to work on /home/airflow/.local/lib/python3.12/site-packages/airflow/example_dags/example_xcom.py
[2025-02-25T23:22:14.067+0000] {processor.py:914} INFO - Processing file /home/airflow/.local/lib/python3.12/site-packages/airflow/example_dags/example_xcom.py for tasks to queue
[2025-02-25T23:22:14.068+0000] {logging_mixin.py:190} INFO - [2025-02-25T23:22:14.068+0000] {dagbag.py:588} INFO - Filling up the DagBag from /home/airflow/.local/lib/python3.12/site-packages/airflow/example_dags/example_xcom.py
[2025-02-25T23:22:14.073+0000] {processor.py:925} INFO - DAG(s) 'example_xcom' retrieved from /home/airflow/.local/lib/python3.12/site-packages/airflow/example_dags/example_xcom.py
[2025-02-25T23:22:14.135+0000] {logging_mixin.py:190} INFO - [2025-02-25T23:22:14.134+0000] {override.py:1912} INFO - Created Permission View: can edit on DAG:example_xcom
[2025-02-25T23:22:14.140+0000] {logging_mixin.py:190} INFO - [2025-02-25T23:22:14.140+0000] {override.py:1912} INFO - Created Permission View: can delete on DAG:example_xcom
[2025-02-25T23:22:14.144+0000] {logging_mixin.py:190} INFO - [2025-02-25T23:22:14.143+0000] {override.py:1912} INFO - Created Permission View: can read on DAG:example_xcom
[2025-02-25T23:22:14.148+0000] {logging_mixin.py:190} INFO - [2025-02-25T23:22:14.147+0000] {override.py:1912} INFO - Created Permission View: can delete on DAG Run:example_xcom
[2025-02-25T23:22:14.151+0000] {logging_mixin.py:190} INFO - [2025-02-25T23:22:14.151+0000] {override.py:1912} INFO - Created Permission View: can read on DAG Run:example_xcom
[2025-02-25T23:22:14.155+0000] {logging_mixin.py:190} INFO - [2025-02-25T23:22:14.154+0000] {override.py:1912} INFO - Created Permission View: menu access on DAG Run:example_xcom
[2025-02-25T23:22:14.158+0000] {logging_mixin.py:190} INFO - [2025-02-25T23:22:14.158+0000] {override.py:1912} INFO - Created Permission View: can create on DAG Run:example_xcom
[2025-02-25T23:22:14.158+0000] {logging_mixin.py:190} INFO - [2025-02-25T23:22:14.158+0000] {dag.py:3239} INFO - Sync 1 DAGs
[2025-02-25T23:22:14.165+0000] {logging_mixin.py:190} INFO - [2025-02-25T23:22:14.165+0000] {dag.py:3262} INFO - Creating ORM DAG for example_xcom
[2025-02-25T23:22:14.171+0000] {logging_mixin.py:190} INFO - [2025-02-25T23:22:14.171+0000] {dag.py:4180} INFO - Setting next_dagrun for example_xcom to 2021-01-01 00:00:00+00:00, run_after=2021-01-01 00:00:00+00:00
[2025-02-25T23:22:14.179+0000] {processor.py:208} INFO - Processing /home/airflow/.local/lib/python3.12/site-packages/airflow/example_dags/example_xcom.py took 0.116 seconds
[2025-02-25T23:22:45.297+0000] {processor.py:186} INFO - Started process (PID=117) to work on /home/airflow/.local/lib/python3.12/site-packages/airflow/example_dags/example_xcom.py
[2025-02-25T23:22:45.297+0000] {processor.py:914} INFO - Processing file /home/airflow/.local/lib/python3.12/site-packages/airflow/example_dags/example_xcom.py for tasks to queue
[2025-02-25T23:22:45.299+0000] {logging_mixin.py:190} INFO - [2025-02-25T23:22:45.298+0000] {dagbag.py:588} INFO - Filling up the DagBag from /home/airflow/.local/lib/python3.12/site-packages/airflow/example_dags/example_xcom.py
[2025-02-25T23:22:45.304+0000] {processor.py:925} INFO - DAG(s) 'example_xcom' retrieved from /home/airflow/.local/lib/python3.12/site-packages/airflow/example_dags/example_xcom.py
[2025-02-25T23:22:45.318+0000] {logging_mixin.py:190} INFO - [2025-02-25T23:22:45.318+0000] {dag.py:3239} INFO - Sync 1 DAGs
[2025-02-25T23:22:45.331+0000] {logging_mixin.py:190} INFO - [2025-02-25T23:22:45.331+0000] {dag.py:4180} INFO - Setting next_dagrun for example_xcom to 2021-01-01 00:00:00+00:00, run_after=2021-01-01 00:00:00+00:00
[2025-02-25T23:22:45.342+0000] {processor.py:208} INFO - Processing /home/airflow/.local/lib/python3.12/site-packages/airflow/example_dags/example_xcom.py took 0.048 seconds
[2025-02-25T23:23:16.210+0000] {processor.py:186} INFO - Started process (PID=180) to work on /home/airflow/.local/lib/python3.12/site-packages/airflow/example_dags/example_xcom.py
[2025-02-25T23:23:16.211+0000] {processor.py:914} INFO - Processing file /home/airflow/.local/lib/python3.12/site-packages/airflow/example_dags/example_xcom.py for tasks to queue
[2025-02-25T23:23:16.213+0000] {logging_mixin.py:190} INFO - [2025-02-25T23:23:16.212+0000] {dagbag.py:588} INFO - Filling up the DagBag from /home/airflow/.local/lib/python3.12/site-packages/airflow/example_dags/example_xcom.py
[2025-02-25T23:23:16.218+0000] {processor.py:925} INFO - DAG(s) 'example_xcom' retrieved from /home/airflow/.local/lib/python3.12/site-packages/airflow/example_dags/example_xcom.py
[2025-02-25T23:23:16.230+0000] {logging_mixin.py:190} INFO - [2025-02-25T23:23:16.230+0000] {dag.py:3239} INFO - Sync 1 DAGs
[2025-02-25T23:23:16.242+0000] {logging_mixin.py:190} INFO - [2025-02-25T23:23:16.242+0000] {dag.py:4180} INFO - Setting next_dagrun for example_xcom to 2021-01-01 00:00:00+00:00, run_after=2021-01-01 00:00:00+00:00
[2025-02-25T23:23:16.252+0000] {processor.py:208} INFO - Processing /home/airflow/.local/lib/python3.12/site-packages/airflow/example_dags/example_xcom.py took 0.047 seconds
[2025-02-25T23:23:47.027+0000] {processor.py:186} INFO - Started process (PID=243) to work on /home/airflow/.local/lib/python3.12/site-packages/airflow/example_dags/example_xcom.py
[2025-02-25T23:23:47.028+0000] {processor.py:914} INFO - Processing file /home/airflow/.local/lib/python3.12/site-packages/airflow/example_dags/example_xcom.py for tasks to queue
[2025-02-25T23:23:47.029+0000] {logging_mixin.py:190} INFO - [2025-02-25T23:23:47.029+0000] {dagbag.py:588} INFO - Filling up the DagBag from /home/airflow/.local/lib/python3.12/site-packages/airflow/example_dags/example_xcom.py
[2025-02-25T23:23:47.034+0000] {processor.py:925} INFO - DAG(s) 'example_xcom' retrieved from /home/airflow/.local/lib/python3.12/site-packages/airflow/example_dags/example_xcom.py
[2025-02-25T23:23:47.046+0000] {logging_mixin.py:190} INFO - [2025-02-25T23:23:47.046+0000] {dag.py:3239} INFO - Sync 1 DAGs
[2025-02-25T23:23:47.059+0000] {logging_mixin.py:190} INFO - [2025-02-25T23:23:47.059+0000] {dag.py:4180} INFO - Setting next_dagrun for example_xcom to 2021-01-01 00:00:00+00:00, run_after=2021-01-01 00:00:00+00:00
[2025-02-25T23:23:47.070+0000] {processor.py:208} INFO - Processing /home/airflow/.local/lib/python3.12/site-packages/airflow/example_dags/example_xcom.py took 0.047 seconds
[2025-02-25T23:24:18.023+0000] {processor.py:186} INFO - Started process (PID=306) to work on /home/airflow/.local/lib/python3.12/site-packages/airflow/example_dags/example_xcom.py
[2025-02-25T23:24:18.024+0000] {processor.py:914} INFO - Processing file /home/airflow/.local/lib/python3.12/site-packages/airflow/example_dags/example_xcom.py for tasks to queue
[2025-02-25T23:24:18.025+0000] {logging_mixin.py:190} INFO - [2025-02-25T23:24:18.025+0000] {dagbag.py:588} INFO - Filling up the DagBag from /home/airflow/.local/lib/python3.12/site-packages/airflow/example_dags/example_xcom.py
[2025-02-25T23:24:18.031+0000] {processor.py:925} INFO - DAG(s) 'example_xcom' retrieved from /home/airflow/.local/lib/python3.12/site-packages/airflow/example_dags/example_xcom.py
[2025-02-25T23:24:18.049+0000] {logging_mixin.py:190} INFO - [2025-02-25T23:24:18.049+0000] {dag.py:3239} INFO - Sync 1 DAGs
[2025-02-25T23:24:18.067+0000] {logging_mixin.py:190} INFO - [2025-02-25T23:24:18.067+0000] {dag.py:4180} INFO - Setting next_dagrun for example_xcom to 2021-01-01 00:00:00+00:00, run_after=2021-01-01 00:00:00+00:00
[2025-02-25T23:24:18.079+0000] {processor.py:208} INFO - Processing /home/airflow/.local/lib/python3.12/site-packages/airflow/example_dags/example_xcom.py took 0.060 seconds
[2025-02-25T23:24:48.840+0000] {processor.py:186} INFO - Started process (PID=369) to work on /home/airflow/.local/lib/python3.12/site-packages/airflow/example_dags/example_xcom.py
[2025-02-25T23:24:48.841+0000] {processor.py:914} INFO - Processing file /home/airflow/.local/lib/python3.12/site-packages/airflow/example_dags/example_xcom.py for tasks to queue
[2025-02-25T23:24:48.842+0000] {logging_mixin.py:190} INFO - [2025-02-25T23:24:48.842+0000] {dagbag.py:588} INFO - Filling up the DagBag from /home/airflow/.local/lib/python3.12/site-packages/airflow/example_dags/example_xcom.py
[2025-02-25T23:24:48.847+0000] {processor.py:925} INFO - DAG(s) 'example_xcom' retrieved from /home/airflow/.local/lib/python3.12/site-packages/airflow/example_dags/example_xcom.py
[2025-02-25T23:24:48.859+0000] {logging_mixin.py:190} INFO - [2025-02-25T23:24:48.859+0000] {dag.py:3239} INFO - Sync 1 DAGs
[2025-02-25T23:24:48.870+0000] {logging_mixin.py:190} INFO - [2025-02-25T23:24:48.870+0000] {dag.py:4180} INFO - Setting next_dagrun for example_xcom to 2021-01-01 00:00:00+00:00, run_after=2021-01-01 00:00:00+00:00
[2025-02-25T23:24:48.882+0000] {processor.py:208} INFO - Processing /home/airflow/.local/lib/python3.12/site-packages/airflow/example_dags/example_xcom.py took 0.046 seconds
[2025-02-25T23:25:21.499+0000] {processor.py:186} INFO - Started process (PID=432) to work on /home/airflow/.local/lib/python3.12/site-packages/airflow/example_dags/example_xcom.py
[2025-02-25T23:25:21.500+0000] {processor.py:914} INFO - Processing file /home/airflow/.local/lib/python3.12/site-packages/airflow/example_dags/example_xcom.py for tasks to queue
[2025-02-25T23:25:21.502+0000] {logging_mixin.py:190} INFO - [2025-02-25T23:25:21.502+0000] {dagbag.py:588} INFO - Filling up the DagBag from /home/airflow/.local/lib/python3.12/site-packages/airflow/example_dags/example_xcom.py
[2025-02-25T23:25:21.508+0000] {processor.py:925} INFO - DAG(s) 'example_xcom' retrieved from /home/airflow/.local/lib/python3.12/site-packages/airflow/example_dags/example_xcom.py
[2025-02-25T23:25:21.520+0000] {logging_mixin.py:190} INFO - [2025-02-25T23:25:21.520+0000] {dag.py:3239} INFO - Sync 1 DAGs
[2025-02-25T23:25:21.534+0000] {logging_mixin.py:190} INFO - [2025-02-25T23:25:21.534+0000] {dag.py:4180} INFO - Setting next_dagrun for example_xcom to 2021-01-01 00:00:00+00:00, run_after=2021-01-01 00:00:00+00:00
[2025-02-25T23:25:21.544+0000] {processor.py:208} INFO - Processing /home/airflow/.local/lib/python3.12/site-packages/airflow/example_dags/example_xcom.py took 0.048 seconds
[2025-02-25T23:25:52.678+0000] {processor.py:186} INFO - Started process (PID=495) to work on /home/airflow/.local/lib/python3.12/site-packages/airflow/example_dags/example_xcom.py
[2025-02-25T23:25:52.679+0000] {processor.py:914} INFO - Processing file /home/airflow/.local/lib/python3.12/site-packages/airflow/example_dags/example_xcom.py for tasks to queue
[2025-02-25T23:25:52.680+0000] {logging_mixin.py:190} INFO - [2025-02-25T23:25:52.680+0000] {dagbag.py:588} INFO - Filling up the DagBag from /home/airflow/.local/lib/python3.12/site-packages/airflow/example_dags/example_xcom.py
[2025-02-25T23:25:52.686+0000] {processor.py:925} INFO - DAG(s) 'example_xcom' retrieved from /home/airflow/.local/lib/python3.12/site-packages/airflow/example_dags/example_xcom.py
[2025-02-25T23:25:52.698+0000] {logging_mixin.py:190} INFO - [2025-02-25T23:25:52.698+0000] {dag.py:3239} INFO - Sync 1 DAGs
[2025-02-25T23:25:52.712+0000] {logging_mixin.py:190} INFO - [2025-02-25T23:25:52.711+0000] {dag.py:4180} INFO - Setting next_dagrun for example_xcom to 2021-01-01 00:00:00+00:00, run_after=2021-01-01 00:00:00+00:00
[2025-02-25T23:25:52.721+0000] {processor.py:208} INFO - Processing /home/airflow/.local/lib/python3.12/site-packages/airflow/example_dags/example_xcom.py took 0.046 seconds
[2025-02-25T23:26:23.711+0000] {processor.py:186} INFO - Started process (PID=558) to work on /home/airflow/.local/lib/python3.12/site-packages/airflow/example_dags/example_xcom.py
[2025-02-25T23:26:23.712+0000] {processor.py:914} INFO - Processing file /home/airflow/.local/lib/python3.12/site-packages/airflow/example_dags/example_xcom.py for tasks to queue
[2025-02-25T23:26:23.713+0000] {logging_mixin.py:190} INFO - [2025-02-25T23:26:23.713+0000] {dagbag.py:588} INFO - Filling up the DagBag from /home/airflow/.local/lib/python3.12/site-packages/airflow/example_dags/example_xcom.py
[2025-02-25T23:26:23.718+0000] {processor.py:925} INFO - DAG(s) 'example_xcom' retrieved from /home/airflow/.local/lib/python3.12/site-packages/airflow/example_dags/example_xcom.py
[2025-02-25T23:26:23.731+0000] {logging_mixin.py:190} INFO - [2025-02-25T23:26:23.730+0000] {dag.py:3239} INFO - Sync 1 DAGs
[2025-02-25T23:26:23.743+0000] {logging_mixin.py:190} INFO - [2025-02-25T23:26:23.743+0000] {dag.py:4180} INFO - Setting next_dagrun for example_xcom to 2021-01-01 00:00:00+00:00, run_after=2021-01-01 00:00:00+00:00
[2025-02-25T23:26:23.754+0000] {processor.py:208} INFO - Processing /home/airflow/.local/lib/python3.12/site-packages/airflow/example_dags/example_xcom.py took 0.047 seconds
[2025-02-25T23:26:54.343+0000] {processor.py:186} INFO - Started process (PID=622) to work on /home/airflow/.local/lib/python3.12/site-packages/airflow/example_dags/example_xcom.py
[2025-02-25T23:26:54.344+0000] {processor.py:914} INFO - Processing file /home/airflow/.local/lib/python3.12/site-packages/airflow/example_dags/example_xcom.py for tasks to queue
[2025-02-25T23:26:54.346+0000] {logging_mixin.py:190} INFO - [2025-02-25T23:26:54.346+0000] {dagbag.py:588} INFO - Filling up the DagBag from /home/airflow/.local/lib/python3.12/site-packages/airflow/example_dags/example_xcom.py
[2025-02-25T23:26:54.351+0000] {processor.py:925} INFO - DAG(s) 'example_xcom' retrieved from /home/airflow/.local/lib/python3.12/site-packages/airflow/example_dags/example_xcom.py
[2025-02-25T23:26:54.363+0000] {logging_mixin.py:190} INFO - [2025-02-25T23:26:54.363+0000] {dag.py:3239} INFO - Sync 1 DAGs
[2025-02-25T23:26:54.375+0000] {logging_mixin.py:190} INFO - [2025-02-25T23:26:54.375+0000] {dag.py:4180} INFO - Setting next_dagrun for example_xcom to 2021-01-01 00:00:00+00:00, run_after=2021-01-01 00:00:00+00:00
[2025-02-25T23:26:54.391+0000] {processor.py:208} INFO - Processing /home/airflow/.local/lib/python3.12/site-packages/airflow/example_dags/example_xcom.py took 0.051 seconds
[2025-02-25T23:27:24.904+0000] {processor.py:186} INFO - Started process (PID=679) to work on /home/airflow/.local/lib/python3.12/site-packages/airflow/example_dags/example_xcom.py
[2025-02-25T23:27:24.904+0000] {processor.py:914} INFO - Processing file /home/airflow/.local/lib/python3.12/site-packages/airflow/example_dags/example_xcom.py for tasks to queue
[2025-02-25T23:27:24.906+0000] {logging_mixin.py:190} INFO - [2025-02-25T23:27:24.906+0000] {dagbag.py:588} INFO - Filling up the DagBag from /home/airflow/.local/lib/python3.12/site-packages/airflow/example_dags/example_xcom.py
[2025-02-25T23:27:24.911+0000] {processor.py:925} INFO - DAG(s) 'example_xcom' retrieved from /home/airflow/.local/lib/python3.12/site-packages/airflow/example_dags/example_xcom.py
[2025-02-25T23:27:24.923+0000] {logging_mixin.py:190} INFO - [2025-02-25T23:27:24.923+0000] {dag.py:3239} INFO - Sync 1 DAGs
[2025-02-25T23:27:24.935+0000] {logging_mixin.py:190} INFO - [2025-02-25T23:27:24.935+0000] {dag.py:4180} INFO - Setting next_dagrun for example_xcom to 2021-01-01 00:00:00+00:00, run_after=2021-01-01 00:00:00+00:00
[2025-02-25T23:27:24.946+0000] {processor.py:208} INFO - Processing /home/airflow/.local/lib/python3.12/site-packages/airflow/example_dags/example_xcom.py took 0.045 seconds
[2025-02-25T23:27:55.828+0000] {processor.py:186} INFO - Started process (PID=742) to work on /home/airflow/.local/lib/python3.12/site-packages/airflow/example_dags/example_xcom.py
[2025-02-25T23:27:55.829+0000] {processor.py:914} INFO - Processing file /home/airflow/.local/lib/python3.12/site-packages/airflow/example_dags/example_xcom.py for tasks to queue
[2025-02-25T23:27:55.830+0000] {logging_mixin.py:190} INFO - [2025-02-25T23:27:55.830+0000] {dagbag.py:588} INFO - Filling up the DagBag from /home/airflow/.local/lib/python3.12/site-packages/airflow/example_dags/example_xcom.py
[2025-02-25T23:27:55.836+0000] {processor.py:925} INFO - DAG(s) 'example_xcom' retrieved from /home/airflow/.local/lib/python3.12/site-packages/airflow/example_dags/example_xcom.py
[2025-02-25T23:27:55.850+0000] {logging_mixin.py:190} INFO - [2025-02-25T23:27:55.850+0000] {dag.py:3239} INFO - Sync 1 DAGs
[2025-02-25T23:27:55.863+0000] {logging_mixin.py:190} INFO - [2025-02-25T23:27:55.863+0000] {dag.py:4180} INFO - Setting next_dagrun for example_xcom to 2021-01-01 00:00:00+00:00, run_after=2021-01-01 00:00:00+00:00
[2025-02-25T23:27:55.874+0000] {processor.py:208} INFO - Processing /home/airflow/.local/lib/python3.12/site-packages/airflow/example_dags/example_xcom.py took 0.049 seconds
[2025-02-25T23:28:26.828+0000] {processor.py:186} INFO - Started process (PID=805) to work on /home/airflow/.local/lib/python3.12/site-packages/airflow/example_dags/example_xcom.py
[2025-02-25T23:28:26.829+0000] {processor.py:914} INFO - Processing file /home/airflow/.local/lib/python3.12/site-packages/airflow/example_dags/example_xcom.py for tasks to queue
[2025-02-25T23:28:26.831+0000] {logging_mixin.py:190} INFO - [2025-02-25T23:28:26.830+0000] {dagbag.py:588} INFO - Filling up the DagBag from /home/airflow/.local/lib/python3.12/site-packages/airflow/example_dags/example_xcom.py
[2025-02-25T23:28:26.836+0000] {processor.py:925} INFO - DAG(s) 'example_xcom' retrieved from /home/airflow/.local/lib/python3.12/site-packages/airflow/example_dags/example_xcom.py
[2025-02-25T23:28:26.848+0000] {logging_mixin.py:190} INFO - [2025-02-25T23:28:26.848+0000] {dag.py:3239} INFO - Sync 1 DAGs
[2025-02-25T23:28:26.862+0000] {logging_mixin.py:190} INFO - [2025-02-25T23:28:26.861+0000] {dag.py:4180} INFO - Setting next_dagrun for example_xcom to 2021-01-01 00:00:00+00:00, run_after=2021-01-01 00:00:00+00:00
[2025-02-25T23:28:26.872+0000] {processor.py:208} INFO - Processing /home/airflow/.local/lib/python3.12/site-packages/airflow/example_dags/example_xcom.py took 0.047 seconds
[2025-02-25T23:28:57.407+0000] {processor.py:186} INFO - Started process (PID=868) to work on /home/airflow/.local/lib/python3.12/site-packages/airflow/example_dags/example_xcom.py
[2025-02-25T23:28:57.408+0000] {processor.py:914} INFO - Processing file /home/airflow/.local/lib/python3.12/site-packages/airflow/example_dags/example_xcom.py for tasks to queue
[2025-02-25T23:28:57.409+0000] {logging_mixin.py:190} INFO - [2025-02-25T23:28:57.409+0000] {dagbag.py:588} INFO - Filling up the DagBag from /home/airflow/.local/lib/python3.12/site-packages/airflow/example_dags/example_xcom.py
[2025-02-25T23:28:57.415+0000] {processor.py:925} INFO - DAG(s) 'example_xcom' retrieved from /home/airflow/.local/lib/python3.12/site-packages/airflow/example_dags/example_xcom.py
[2025-02-25T23:28:57.427+0000] {logging_mixin.py:190} INFO - [2025-02-25T23:28:57.427+0000] {dag.py:3239} INFO - Sync 1 DAGs
[2025-02-25T23:28:57.440+0000] {logging_mixin.py:190} INFO - [2025-02-25T23:28:57.440+0000] {dag.py:4180} INFO - Setting next_dagrun for example_xcom to 2021-01-01 00:00:00+00:00, run_after=2021-01-01 00:00:00+00:00
[2025-02-25T23:28:57.450+0000] {processor.py:208} INFO - Processing /home/airflow/.local/lib/python3.12/site-packages/airflow/example_dags/example_xcom.py took 0.046 seconds
[2025-02-25T23:29:28.570+0000] {processor.py:186} INFO - Started process (PID=931) to work on /home/airflow/.local/lib/python3.12/site-packages/airflow/example_dags/example_xcom.py
[2025-02-25T23:29:28.571+0000] {processor.py:914} INFO - Processing file /home/airflow/.local/lib/python3.12/site-packages/airflow/example_dags/example_xcom.py for tasks to queue
[2025-02-25T23:29:28.573+0000] {logging_mixin.py:190} INFO - [2025-02-25T23:29:28.572+0000] {dagbag.py:588} INFO - Filling up the DagBag from /home/airflow/.local/lib/python3.12/site-packages/airflow/example_dags/example_xcom.py
[2025-02-25T23:29:28.578+0000] {processor.py:925} INFO - DAG(s) 'example_xcom' retrieved from /home/airflow/.local/lib/python3.12/site-packages/airflow/example_dags/example_xcom.py
[2025-02-25T23:29:28.591+0000] {logging_mixin.py:190} INFO - [2025-02-25T23:29:28.591+0000] {dag.py:3239} INFO - Sync 1 DAGs
[2025-02-25T23:29:28.604+0000] {logging_mixin.py:190} INFO - [2025-02-25T23:29:28.604+0000] {dag.py:4180} INFO - Setting next_dagrun for example_xcom to 2021-01-01 00:00:00+00:00, run_after=2021-01-01 00:00:00+00:00
[2025-02-25T23:29:28.615+0000] {processor.py:208} INFO - Processing /home/airflow/.local/lib/python3.12/site-packages/airflow/example_dags/example_xcom.py took 0.048 seconds
[2025-02-25T23:30:06.025+0000] {processor.py:186} INFO - Started process (PID=994) to work on /home/airflow/.local/lib/python3.12/site-packages/airflow/example_dags/example_xcom.py
[2025-02-25T23:30:06.026+0000] {processor.py:914} INFO - Processing file /home/airflow/.local/lib/python3.12/site-packages/airflow/example_dags/example_xcom.py for tasks to queue
[2025-02-25T23:30:06.027+0000] {logging_mixin.py:190} INFO - [2025-02-25T23:30:06.027+0000] {dagbag.py:588} INFO - Filling up the DagBag from /home/airflow/.local/lib/python3.12/site-packages/airflow/example_dags/example_xcom.py
[2025-02-25T23:30:06.032+0000] {processor.py:925} INFO - DAG(s) 'example_xcom' retrieved from /home/airflow/.local/lib/python3.12/site-packages/airflow/example_dags/example_xcom.py
[2025-02-25T23:30:06.046+0000] {logging_mixin.py:190} INFO - [2025-02-25T23:30:06.046+0000] {dag.py:3239} INFO - Sync 1 DAGs
[2025-02-25T23:30:06.059+0000] {logging_mixin.py:190} INFO - [2025-02-25T23:30:06.059+0000] {dag.py:4180} INFO - Setting next_dagrun for example_xcom to 2021-01-01 00:00:00+00:00, run_after=2021-01-01 00:00:00+00:00
[2025-02-25T23:30:06.070+0000] {processor.py:208} INFO - Processing /home/airflow/.local/lib/python3.12/site-packages/airflow/example_dags/example_xcom.py took 0.049 seconds
[2025-02-25T23:30:37.049+0000] {processor.py:186} INFO - Started process (PID=1057) to work on /home/airflow/.local/lib/python3.12/site-packages/airflow/example_dags/example_xcom.py
[2025-02-25T23:30:37.050+0000] {processor.py:914} INFO - Processing file /home/airflow/.local/lib/python3.12/site-packages/airflow/example_dags/example_xcom.py for tasks to queue
[2025-02-25T23:30:37.051+0000] {logging_mixin.py:190} INFO - [2025-02-25T23:30:37.051+0000] {dagbag.py:588} INFO - Filling up the DagBag from /home/airflow/.local/lib/python3.12/site-packages/airflow/example_dags/example_xcom.py
[2025-02-25T23:30:37.056+0000] {processor.py:925} INFO - DAG(s) 'example_xcom' retrieved from /home/airflow/.local/lib/python3.12/site-packages/airflow/example_dags/example_xcom.py
[2025-02-25T23:30:37.068+0000] {logging_mixin.py:190} INFO - [2025-02-25T23:30:37.068+0000] {dag.py:3239} INFO - Sync 1 DAGs
[2025-02-25T23:30:37.080+0000] {logging_mixin.py:190} INFO - [2025-02-25T23:30:37.080+0000] {dag.py:4180} INFO - Setting next_dagrun for example_xcom to 2021-01-01 00:00:00+00:00, run_after=2021-01-01 00:00:00+00:00
[2025-02-25T23:30:37.090+0000] {processor.py:208} INFO - Processing /home/airflow/.local/lib/python3.12/site-packages/airflow/example_dags/example_xcom.py took 0.044 seconds
[2025-02-25T23:31:07.974+0000] {processor.py:186} INFO - Started process (PID=1120) to work on /home/airflow/.local/lib/python3.12/site-packages/airflow/example_dags/example_xcom.py
[2025-02-25T23:31:07.977+0000] {processor.py:914} INFO - Processing file /home/airflow/.local/lib/python3.12/site-packages/airflow/example_dags/example_xcom.py for tasks to queue
[2025-02-25T23:31:07.979+0000] {logging_mixin.py:190} INFO - [2025-02-25T23:31:07.978+0000] {dagbag.py:588} INFO - Filling up the DagBag from /home/airflow/.local/lib/python3.12/site-packages/airflow/example_dags/example_xcom.py
[2025-02-25T23:31:07.984+0000] {processor.py:925} INFO - DAG(s) 'example_xcom' retrieved from /home/airflow/.local/lib/python3.12/site-packages/airflow/example_dags/example_xcom.py
[2025-02-25T23:31:07.997+0000] {logging_mixin.py:190} INFO - [2025-02-25T23:31:07.997+0000] {dag.py:3239} INFO - Sync 1 DAGs
[2025-02-25T23:31:08.010+0000] {logging_mixin.py:190} INFO - [2025-02-25T23:31:08.010+0000] {dag.py:4180} INFO - Setting next_dagrun for example_xcom to 2021-01-01 00:00:00+00:00, run_after=2021-01-01 00:00:00+00:00
[2025-02-25T23:31:08.031+0000] {processor.py:208} INFO - Processing /home/airflow/.local/lib/python3.12/site-packages/airflow/example_dags/example_xcom.py took 0.060 seconds
[2025-02-25T23:31:38.597+0000] {processor.py:186} INFO - Started process (PID=1183) to work on /home/airflow/.local/lib/python3.12/site-packages/airflow/example_dags/example_xcom.py
[2025-02-25T23:31:38.598+0000] {processor.py:914} INFO - Processing file /home/airflow/.local/lib/python3.12/site-packages/airflow/example_dags/example_xcom.py for tasks to queue
[2025-02-25T23:31:38.599+0000] {logging_mixin.py:190} INFO - [2025-02-25T23:31:38.599+0000] {dagbag.py:588} INFO - Filling up the DagBag from /home/airflow/.local/lib/python3.12/site-packages/airflow/example_dags/example_xcom.py
[2025-02-25T23:31:38.604+0000] {processor.py:925} INFO - DAG(s) 'example_xcom' retrieved from /home/airflow/.local/lib/python3.12/site-packages/airflow/example_dags/example_xcom.py
[2025-02-25T23:31:38.616+0000] {logging_mixin.py:190} INFO - [2025-02-25T23:31:38.616+0000] {dag.py:3239} INFO - Sync 1 DAGs
[2025-02-25T23:31:38.628+0000] {logging_mixin.py:190} INFO - [2025-02-25T23:31:38.628+0000] {dag.py:4180} INFO - Setting next_dagrun for example_xcom to 2021-01-01 00:00:00+00:00, run_after=2021-01-01 00:00:00+00:00
[2025-02-25T23:31:38.640+0000] {processor.py:208} INFO - Processing /home/airflow/.local/lib/python3.12/site-packages/airflow/example_dags/example_xcom.py took 0.047 seconds
[2025-02-25T23:32:09.590+0000] {processor.py:186} INFO - Started process (PID=1246) to work on /home/airflow/.local/lib/python3.12/site-packages/airflow/example_dags/example_xcom.py
[2025-02-25T23:32:09.591+0000] {processor.py:914} INFO - Processing file /home/airflow/.local/lib/python3.12/site-packages/airflow/example_dags/example_xcom.py for tasks to queue
[2025-02-25T23:32:09.592+0000] {logging_mixin.py:190} INFO - [2025-02-25T23:32:09.592+0000] {dagbag.py:588} INFO - Filling up the DagBag from /home/airflow/.local/lib/python3.12/site-packages/airflow/example_dags/example_xcom.py
[2025-02-25T23:32:09.598+0000] {processor.py:925} INFO - DAG(s) 'example_xcom' retrieved from /home/airflow/.local/lib/python3.12/site-packages/airflow/example_dags/example_xcom.py
[2025-02-25T23:32:09.611+0000] {logging_mixin.py:190} INFO - [2025-02-25T23:32:09.610+0000] {dag.py:3239} INFO - Sync 1 DAGs
[2025-02-25T23:32:09.623+0000] {logging_mixin.py:190} INFO - [2025-02-25T23:32:09.623+0000] {dag.py:4180} INFO - Setting next_dagrun for example_xcom to 2021-01-01 00:00:00+00:00, run_after=2021-01-01 00:00:00+00:00
[2025-02-25T23:32:09.634+0000] {processor.py:208} INFO - Processing /home/airflow/.local/lib/python3.12/site-packages/airflow/example_dags/example_xcom.py took 0.048 seconds
[2025-02-25T23:32:43.764+0000] {processor.py:186} INFO - Started process (PID=1309) to work on /home/airflow/.local/lib/python3.12/site-packages/airflow/example_dags/example_xcom.py
[2025-02-25T23:32:43.765+0000] {processor.py:914} INFO - Processing file /home/airflow/.local/lib/python3.12/site-packages/airflow/example_dags/example_xcom.py for tasks to queue
[2025-02-25T23:32:43.766+0000] {logging_mixin.py:190} INFO - [2025-02-25T23:32:43.766+0000] {dagbag.py:588} INFO - Filling up the DagBag from /home/airflow/.local/lib/python3.12/site-packages/airflow/example_dags/example_xcom.py
[2025-02-25T23:32:43.771+0000] {processor.py:925} INFO - DAG(s) 'example_xcom' retrieved from /home/airflow/.local/lib/python3.12/site-packages/airflow/example_dags/example_xcom.py
[2025-02-25T23:32:43.783+0000] {logging_mixin.py:190} INFO - [2025-02-25T23:32:43.783+0000] {dag.py:3239} INFO - Sync 1 DAGs
[2025-02-25T23:32:43.796+0000] {logging_mixin.py:190} INFO - [2025-02-25T23:32:43.795+0000] {dag.py:4180} INFO - Setting next_dagrun for example_xcom to 2021-01-01 00:00:00+00:00, run_after=2021-01-01 00:00:00+00:00
[2025-02-25T23:32:43.808+0000] {processor.py:208} INFO - Processing /home/airflow/.local/lib/python3.12/site-packages/airflow/example_dags/example_xcom.py took 0.048 seconds
[2025-02-25T23:33:14.523+0000] {processor.py:186} INFO - Started process (PID=1372) to work on /home/airflow/.local/lib/python3.12/site-packages/airflow/example_dags/example_xcom.py
[2025-02-25T23:33:14.523+0000] {processor.py:914} INFO - Processing file /home/airflow/.local/lib/python3.12/site-packages/airflow/example_dags/example_xcom.py for tasks to queue
[2025-02-25T23:33:14.525+0000] {logging_mixin.py:190} INFO - [2025-02-25T23:33:14.525+0000] {dagbag.py:588} INFO - Filling up the DagBag from /home/airflow/.local/lib/python3.12/site-packages/airflow/example_dags/example_xcom.py
[2025-02-25T23:33:14.530+0000] {processor.py:925} INFO - DAG(s) 'example_xcom' retrieved from /home/airflow/.local/lib/python3.12/site-packages/airflow/example_dags/example_xcom.py
[2025-02-25T23:33:14.542+0000] {logging_mixin.py:190} INFO - [2025-02-25T23:33:14.542+0000] {dag.py:3239} INFO - Sync 1 DAGs
[2025-02-25T23:33:14.554+0000] {logging_mixin.py:190} INFO - [2025-02-25T23:33:14.553+0000] {dag.py:4180} INFO - Setting next_dagrun for example_xcom to 2021-01-01 00:00:00+00:00, run_after=2021-01-01 00:00:00+00:00
[2025-02-25T23:33:14.564+0000] {processor.py:208} INFO - Processing /home/airflow/.local/lib/python3.12/site-packages/airflow/example_dags/example_xcom.py took 0.044 seconds
[2025-02-25T23:33:45.231+0000] {processor.py:186} INFO - Started process (PID=1435) to work on /home/airflow/.local/lib/python3.12/site-packages/airflow/example_dags/example_xcom.py
[2025-02-25T23:33:45.231+0000] {processor.py:914} INFO - Processing file /home/airflow/.local/lib/python3.12/site-packages/airflow/example_dags/example_xcom.py for tasks to queue
[2025-02-25T23:33:45.233+0000] {logging_mixin.py:190} INFO - [2025-02-25T23:33:45.233+0000] {dagbag.py:588} INFO - Filling up the DagBag from /home/airflow/.local/lib/python3.12/site-packages/airflow/example_dags/example_xcom.py
[2025-02-25T23:33:45.238+0000] {processor.py:925} INFO - DAG(s) 'example_xcom' retrieved from /home/airflow/.local/lib/python3.12/site-packages/airflow/example_dags/example_xcom.py
[2025-02-25T23:33:45.249+0000] {logging_mixin.py:190} INFO - [2025-02-25T23:33:45.249+0000] {dag.py:3239} INFO - Sync 1 DAGs
[2025-02-25T23:33:45.261+0000] {logging_mixin.py:190} INFO - [2025-02-25T23:33:45.261+0000] {dag.py:4180} INFO - Setting next_dagrun for example_xcom to 2021-01-01 00:00:00+00:00, run_after=2021-01-01 00:00:00+00:00
[2025-02-25T23:33:45.271+0000] {processor.py:208} INFO - Processing /home/airflow/.local/lib/python3.12/site-packages/airflow/example_dags/example_xcom.py took 0.043 seconds
[2025-02-25T23:34:15.834+0000] {processor.py:186} INFO - Started process (PID=1498) to work on /home/airflow/.local/lib/python3.12/site-packages/airflow/example_dags/example_xcom.py
[2025-02-25T23:34:15.835+0000] {processor.py:914} INFO - Processing file /home/airflow/.local/lib/python3.12/site-packages/airflow/example_dags/example_xcom.py for tasks to queue
[2025-02-25T23:34:15.837+0000] {logging_mixin.py:190} INFO - [2025-02-25T23:34:15.836+0000] {dagbag.py:588} INFO - Filling up the DagBag from /home/airflow/.local/lib/python3.12/site-packages/airflow/example_dags/example_xcom.py
[2025-02-25T23:34:15.841+0000] {processor.py:925} INFO - DAG(s) 'example_xcom' retrieved from /home/airflow/.local/lib/python3.12/site-packages/airflow/example_dags/example_xcom.py
[2025-02-25T23:34:15.853+0000] {logging_mixin.py:190} INFO - [2025-02-25T23:34:15.853+0000] {dag.py:3239} INFO - Sync 1 DAGs
[2025-02-25T23:34:15.866+0000] {logging_mixin.py:190} INFO - [2025-02-25T23:34:15.866+0000] {dag.py:4180} INFO - Setting next_dagrun for example_xcom to 2021-01-01 00:00:00+00:00, run_after=2021-01-01 00:00:00+00:00
[2025-02-25T23:34:15.876+0000] {processor.py:208} INFO - Processing /home/airflow/.local/lib/python3.12/site-packages/airflow/example_dags/example_xcom.py took 0.046 seconds
[2025-02-25T23:34:46.840+0000] {processor.py:186} INFO - Started process (PID=1561) to work on /home/airflow/.local/lib/python3.12/site-packages/airflow/example_dags/example_xcom.py
[2025-02-25T23:34:46.840+0000] {processor.py:914} INFO - Processing file /home/airflow/.local/lib/python3.12/site-packages/airflow/example_dags/example_xcom.py for tasks to queue
[2025-02-25T23:34:46.842+0000] {logging_mixin.py:190} INFO - [2025-02-25T23:34:46.842+0000] {dagbag.py:588} INFO - Filling up the DagBag from /home/airflow/.local/lib/python3.12/site-packages/airflow/example_dags/example_xcom.py
[2025-02-25T23:34:46.847+0000] {processor.py:925} INFO - DAG(s) 'example_xcom' retrieved from /home/airflow/.local/lib/python3.12/site-packages/airflow/example_dags/example_xcom.py
[2025-02-25T23:34:46.861+0000] {logging_mixin.py:190} INFO - [2025-02-25T23:34:46.861+0000] {dag.py:3239} INFO - Sync 1 DAGs
[2025-02-25T23:34:46.874+0000] {logging_mixin.py:190} INFO - [2025-02-25T23:34:46.874+0000] {dag.py:4180} INFO - Setting next_dagrun for example_xcom to 2021-01-01 00:00:00+00:00, run_after=2021-01-01 00:00:00+00:00
[2025-02-25T23:34:46.886+0000] {processor.py:208} INFO - Processing /home/airflow/.local/lib/python3.12/site-packages/airflow/example_dags/example_xcom.py took 0.050 seconds
[2025-02-25T23:35:17.911+0000] {processor.py:186} INFO - Started process (PID=1624) to work on /home/airflow/.local/lib/python3.12/site-packages/airflow/example_dags/example_xcom.py
[2025-02-25T23:35:17.912+0000] {processor.py:914} INFO - Processing file /home/airflow/.local/lib/python3.12/site-packages/airflow/example_dags/example_xcom.py for tasks to queue
[2025-02-25T23:35:17.914+0000] {logging_mixin.py:190} INFO - [2025-02-25T23:35:17.914+0000] {dagbag.py:588} INFO - Filling up the DagBag from /home/airflow/.local/lib/python3.12/site-packages/airflow/example_dags/example_xcom.py
[2025-02-25T23:35:17.919+0000] {processor.py:925} INFO - DAG(s) 'example_xcom' retrieved from /home/airflow/.local/lib/python3.12/site-packages/airflow/example_dags/example_xcom.py
[2025-02-25T23:35:17.931+0000] {logging_mixin.py:190} INFO - [2025-02-25T23:35:17.931+0000] {dag.py:3239} INFO - Sync 1 DAGs
[2025-02-25T23:35:17.945+0000] {logging_mixin.py:190} INFO - [2025-02-25T23:35:17.944+0000] {dag.py:4180} INFO - Setting next_dagrun for example_xcom to 2021-01-01 00:00:00+00:00, run_after=2021-01-01 00:00:00+00:00
[2025-02-25T23:35:17.958+0000] {processor.py:208} INFO - Processing /home/airflow/.local/lib/python3.12/site-packages/airflow/example_dags/example_xcom.py took 0.050 seconds
[2025-02-25T23:35:48.729+0000] {processor.py:186} INFO - Started process (PID=1687) to work on /home/airflow/.local/lib/python3.12/site-packages/airflow/example_dags/example_xcom.py
[2025-02-25T23:35:48.730+0000] {processor.py:914} INFO - Processing file /home/airflow/.local/lib/python3.12/site-packages/airflow/example_dags/example_xcom.py for tasks to queue
[2025-02-25T23:35:48.731+0000] {logging_mixin.py:190} INFO - [2025-02-25T23:35:48.731+0000] {dagbag.py:588} INFO - Filling up the DagBag from /home/airflow/.local/lib/python3.12/site-packages/airflow/example_dags/example_xcom.py
[2025-02-25T23:35:48.737+0000] {processor.py:925} INFO - DAG(s) 'example_xcom' retrieved from /home/airflow/.local/lib/python3.12/site-packages/airflow/example_dags/example_xcom.py
[2025-02-25T23:35:48.750+0000] {logging_mixin.py:190} INFO - [2025-02-25T23:35:48.749+0000] {dag.py:3239} INFO - Sync 1 DAGs
[2025-02-25T23:35:48.763+0000] {logging_mixin.py:190} INFO - [2025-02-25T23:35:48.763+0000] {dag.py:4180} INFO - Setting next_dagrun for example_xcom to 2021-01-01 00:00:00+00:00, run_after=2021-01-01 00:00:00+00:00
[2025-02-25T23:35:48.774+0000] {processor.py:208} INFO - Processing /home/airflow/.local/lib/python3.12/site-packages/airflow/example_dags/example_xcom.py took 0.048 seconds
[2025-02-25T23:36:19.907+0000] {processor.py:186} INFO - Started process (PID=1750) to work on /home/airflow/.local/lib/python3.12/site-packages/airflow/example_dags/example_xcom.py
[2025-02-25T23:36:19.908+0000] {processor.py:914} INFO - Processing file /home/airflow/.local/lib/python3.12/site-packages/airflow/example_dags/example_xcom.py for tasks to queue
[2025-02-25T23:36:19.910+0000] {logging_mixin.py:190} INFO - [2025-02-25T23:36:19.909+0000] {dagbag.py:588} INFO - Filling up the DagBag from /home/airflow/.local/lib/python3.12/site-packages/airflow/example_dags/example_xcom.py
[2025-02-25T23:36:19.915+0000] {processor.py:925} INFO - DAG(s) 'example_xcom' retrieved from /home/airflow/.local/lib/python3.12/site-packages/airflow/example_dags/example_xcom.py
[2025-02-25T23:36:19.928+0000] {logging_mixin.py:190} INFO - [2025-02-25T23:36:19.928+0000] {dag.py:3239} INFO - Sync 1 DAGs
[2025-02-25T23:36:19.940+0000] {logging_mixin.py:190} INFO - [2025-02-25T23:36:19.940+0000] {dag.py:4180} INFO - Setting next_dagrun for example_xcom to 2021-01-01 00:00:00+00:00, run_after=2021-01-01 00:00:00+00:00
[2025-02-25T23:36:19.951+0000] {processor.py:208} INFO - Processing /home/airflow/.local/lib/python3.12/site-packages/airflow/example_dags/example_xcom.py took 0.047 seconds
[2025-02-25T23:36:51.113+0000] {processor.py:186} INFO - Started process (PID=1813) to work on /home/airflow/.local/lib/python3.12/site-packages/airflow/example_dags/example_xcom.py
[2025-02-25T23:36:51.114+0000] {processor.py:914} INFO - Processing file /home/airflow/.local/lib/python3.12/site-packages/airflow/example_dags/example_xcom.py for tasks to queue
[2025-02-25T23:36:51.115+0000] {logging_mixin.py:190} INFO - [2025-02-25T23:36:51.115+0000] {dagbag.py:588} INFO - Filling up the DagBag from /home/airflow/.local/lib/python3.12/site-packages/airflow/example_dags/example_xcom.py
[2025-02-25T23:36:51.120+0000] {processor.py:925} INFO - DAG(s) 'example_xcom' retrieved from /home/airflow/.local/lib/python3.12/site-packages/airflow/example_dags/example_xcom.py
[2025-02-25T23:36:51.132+0000] {logging_mixin.py:190} INFO - [2025-02-25T23:36:51.132+0000] {dag.py:3239} INFO - Sync 1 DAGs
[2025-02-25T23:36:51.145+0000] {logging_mixin.py:190} INFO - [2025-02-25T23:36:51.144+0000] {dag.py:4180} INFO - Setting next_dagrun for example_xcom to 2021-01-01 00:00:00+00:00, run_after=2021-01-01 00:00:00+00:00
[2025-02-25T23:36:51.155+0000] {processor.py:208} INFO - Processing /home/airflow/.local/lib/python3.12/site-packages/airflow/example_dags/example_xcom.py took 0.045 seconds
[2025-02-25T23:37:25.459+0000] {processor.py:186} INFO - Started process (PID=1876) to work on /home/airflow/.local/lib/python3.12/site-packages/airflow/example_dags/example_xcom.py
[2025-02-25T23:37:25.460+0000] {processor.py:914} INFO - Processing file /home/airflow/.local/lib/python3.12/site-packages/airflow/example_dags/example_xcom.py for tasks to queue
[2025-02-25T23:37:25.461+0000] {logging_mixin.py:190} INFO - [2025-02-25T23:37:25.461+0000] {dagbag.py:588} INFO - Filling up the DagBag from /home/airflow/.local/lib/python3.12/site-packages/airflow/example_dags/example_xcom.py
[2025-02-25T23:37:25.467+0000] {processor.py:925} INFO - DAG(s) 'example_xcom' retrieved from /home/airflow/.local/lib/python3.12/site-packages/airflow/example_dags/example_xcom.py
[2025-02-25T23:37:25.479+0000] {logging_mixin.py:190} INFO - [2025-02-25T23:37:25.479+0000] {dag.py:3239} INFO - Sync 1 DAGs
[2025-02-25T23:37:25.492+0000] {logging_mixin.py:190} INFO - [2025-02-25T23:37:25.492+0000] {dag.py:4180} INFO - Setting next_dagrun for example_xcom to 2021-01-01 00:00:00+00:00, run_after=2021-01-01 00:00:00+00:00
[2025-02-25T23:37:25.502+0000] {processor.py:208} INFO - Processing /home/airflow/.local/lib/python3.12/site-packages/airflow/example_dags/example_xcom.py took 0.046 seconds
[2025-02-25T23:37:59.788+0000] {processor.py:186} INFO - Started process (PID=1939) to work on /home/airflow/.local/lib/python3.12/site-packages/airflow/example_dags/example_xcom.py
[2025-02-25T23:37:59.789+0000] {processor.py:914} INFO - Processing file /home/airflow/.local/lib/python3.12/site-packages/airflow/example_dags/example_xcom.py for tasks to queue
[2025-02-25T23:37:59.791+0000] {logging_mixin.py:190} INFO - [2025-02-25T23:37:59.790+0000] {dagbag.py:588} INFO - Filling up the DagBag from /home/airflow/.local/lib/python3.12/site-packages/airflow/example_dags/example_xcom.py
[2025-02-25T23:37:59.796+0000] {processor.py:925} INFO - DAG(s) 'example_xcom' retrieved from /home/airflow/.local/lib/python3.12/site-packages/airflow/example_dags/example_xcom.py
[2025-02-25T23:37:59.810+0000] {logging_mixin.py:190} INFO - [2025-02-25T23:37:59.810+0000] {dag.py:3239} INFO - Sync 1 DAGs
[2025-02-25T23:37:59.823+0000] {logging_mixin.py:190} INFO - [2025-02-25T23:37:59.823+0000] {dag.py:4180} INFO - Setting next_dagrun for example_xcom to 2021-01-01 00:00:00+00:00, run_after=2021-01-01 00:00:00+00:00
[2025-02-25T23:37:59.834+0000] {processor.py:208} INFO - Processing /home/airflow/.local/lib/python3.12/site-packages/airflow/example_dags/example_xcom.py took 0.049 seconds
[2025-02-25T23:38:30.701+0000] {processor.py:186} INFO - Started process (PID=2002) to work on /home/airflow/.local/lib/python3.12/site-packages/airflow/example_dags/example_xcom.py
[2025-02-25T23:38:30.702+0000] {processor.py:914} INFO - Processing file /home/airflow/.local/lib/python3.12/site-packages/airflow/example_dags/example_xcom.py for tasks to queue
[2025-02-25T23:38:30.703+0000] {logging_mixin.py:190} INFO - [2025-02-25T23:38:30.703+0000] {dagbag.py:588} INFO - Filling up the DagBag from /home/airflow/.local/lib/python3.12/site-packages/airflow/example_dags/example_xcom.py
[2025-02-25T23:38:30.708+0000] {processor.py:925} INFO - DAG(s) 'example_xcom' retrieved from /home/airflow/.local/lib/python3.12/site-packages/airflow/example_dags/example_xcom.py
[2025-02-25T23:38:30.720+0000] {logging_mixin.py:190} INFO - [2025-02-25T23:38:30.720+0000] {dag.py:3239} INFO - Sync 1 DAGs
[2025-02-25T23:38:30.733+0000] {logging_mixin.py:190} INFO - [2025-02-25T23:38:30.733+0000] {dag.py:4180} INFO - Setting next_dagrun for example_xcom to 2021-01-01 00:00:00+00:00, run_after=2021-01-01 00:00:00+00:00
[2025-02-25T23:38:30.744+0000] {processor.py:208} INFO - Processing /home/airflow/.local/lib/python3.12/site-packages/airflow/example_dags/example_xcom.py took 0.046 seconds
[2025-02-25T23:39:01.369+0000] {processor.py:186} INFO - Started process (PID=2065) to work on /home/airflow/.local/lib/python3.12/site-packages/airflow/example_dags/example_xcom.py
[2025-02-25T23:39:01.370+0000] {processor.py:914} INFO - Processing file /home/airflow/.local/lib/python3.12/site-packages/airflow/example_dags/example_xcom.py for tasks to queue
[2025-02-25T23:39:01.371+0000] {logging_mixin.py:190} INFO - [2025-02-25T23:39:01.371+0000] {dagbag.py:588} INFO - Filling up the DagBag from /home/airflow/.local/lib/python3.12/site-packages/airflow/example_dags/example_xcom.py
[2025-02-25T23:39:01.376+0000] {processor.py:925} INFO - DAG(s) 'example_xcom' retrieved from /home/airflow/.local/lib/python3.12/site-packages/airflow/example_dags/example_xcom.py
[2025-02-25T23:39:01.388+0000] {logging_mixin.py:190} INFO - [2025-02-25T23:39:01.388+0000] {dag.py:3239} INFO - Sync 1 DAGs
[2025-02-25T23:39:01.401+0000] {logging_mixin.py:190} INFO - [2025-02-25T23:39:01.400+0000] {dag.py:4180} INFO - Setting next_dagrun for example_xcom to 2021-01-01 00:00:00+00:00, run_after=2021-01-01 00:00:00+00:00
[2025-02-25T23:39:01.411+0000] {processor.py:208} INFO - Processing /home/airflow/.local/lib/python3.12/site-packages/airflow/example_dags/example_xcom.py took 0.045 seconds
[2025-02-25T23:39:32.500+0000] {processor.py:186} INFO - Started process (PID=2128) to work on /home/airflow/.local/lib/python3.12/site-packages/airflow/example_dags/example_xcom.py
[2025-02-25T23:39:32.501+0000] {processor.py:914} INFO - Processing file /home/airflow/.local/lib/python3.12/site-packages/airflow/example_dags/example_xcom.py for tasks to queue
[2025-02-25T23:39:32.502+0000] {logging_mixin.py:190} INFO - [2025-02-25T23:39:32.502+0000] {dagbag.py:588} INFO - Filling up the DagBag from /home/airflow/.local/lib/python3.12/site-packages/airflow/example_dags/example_xcom.py
[2025-02-25T23:39:32.507+0000] {processor.py:925} INFO - DAG(s) 'example_xcom' retrieved from /home/airflow/.local/lib/python3.12/site-packages/airflow/example_dags/example_xcom.py
[2025-02-25T23:39:32.520+0000] {logging_mixin.py:190} INFO - [2025-02-25T23:39:32.519+0000] {dag.py:3239} INFO - Sync 1 DAGs
[2025-02-25T23:39:32.531+0000] {logging_mixin.py:190} INFO - [2025-02-25T23:39:32.531+0000] {dag.py:4180} INFO - Setting next_dagrun for example_xcom to 2021-01-01 00:00:00+00:00, run_after=2021-01-01 00:00:00+00:00
[2025-02-25T23:39:32.542+0000] {processor.py:208} INFO - Processing /home/airflow/.local/lib/python3.12/site-packages/airflow/example_dags/example_xcom.py took 0.046 seconds
[2025-02-25T23:41:49.530+0000] {processor.py:186} INFO - Started process (PID=54) to work on /home/airflow/.local/lib/python3.12/site-packages/airflow/example_dags/example_xcom.py
[2025-02-25T23:41:49.531+0000] {processor.py:914} INFO - Processing file /home/airflow/.local/lib/python3.12/site-packages/airflow/example_dags/example_xcom.py for tasks to queue
[2025-02-25T23:41:49.532+0000] {logging_mixin.py:190} INFO - [2025-02-25T23:41:49.532+0000] {dagbag.py:588} INFO - Filling up the DagBag from /home/airflow/.local/lib/python3.12/site-packages/airflow/example_dags/example_xcom.py
[2025-02-25T23:41:49.538+0000] {processor.py:925} INFO - DAG(s) 'example_xcom' retrieved from /home/airflow/.local/lib/python3.12/site-packages/airflow/example_dags/example_xcom.py
[2025-02-25T23:41:49.600+0000] {logging_mixin.py:190} INFO - [2025-02-25T23:41:49.600+0000] {override.py:1912} INFO - Created Permission View: can edit on DAG:example_xcom
[2025-02-25T23:41:49.605+0000] {logging_mixin.py:190} INFO - [2025-02-25T23:41:49.605+0000] {override.py:1912} INFO - Created Permission View: can delete on DAG:example_xcom
[2025-02-25T23:41:49.608+0000] {logging_mixin.py:190} INFO - [2025-02-25T23:41:49.608+0000] {override.py:1912} INFO - Created Permission View: can read on DAG:example_xcom
[2025-02-25T23:41:49.612+0000] {logging_mixin.py:190} INFO - [2025-02-25T23:41:49.612+0000] {override.py:1912} INFO - Created Permission View: can create on DAG Run:example_xcom
[2025-02-25T23:41:49.616+0000] {logging_mixin.py:190} INFO - [2025-02-25T23:41:49.615+0000] {override.py:1912} INFO - Created Permission View: can delete on DAG Run:example_xcom
[2025-02-25T23:41:49.619+0000] {logging_mixin.py:190} INFO - [2025-02-25T23:41:49.619+0000] {override.py:1912} INFO - Created Permission View: can read on DAG Run:example_xcom
[2025-02-25T23:41:49.623+0000] {logging_mixin.py:190} INFO - [2025-02-25T23:41:49.623+0000] {override.py:1912} INFO - Created Permission View: menu access on DAG Run:example_xcom
[2025-02-25T23:41:49.623+0000] {logging_mixin.py:190} INFO - [2025-02-25T23:41:49.623+0000] {dag.py:3239} INFO - Sync 1 DAGs
[2025-02-25T23:41:49.629+0000] {logging_mixin.py:190} INFO - [2025-02-25T23:41:49.629+0000] {dag.py:3262} INFO - Creating ORM DAG for example_xcom
[2025-02-25T23:41:49.635+0000] {logging_mixin.py:190} INFO - [2025-02-25T23:41:49.635+0000] {dag.py:4180} INFO - Setting next_dagrun for example_xcom to 2021-01-01 00:00:00+00:00, run_after=2021-01-01 00:00:00+00:00
[2025-02-25T23:41:49.644+0000] {processor.py:208} INFO - Processing /home/airflow/.local/lib/python3.12/site-packages/airflow/example_dags/example_xcom.py took 0.117 seconds
[2025-02-25T23:42:23.503+0000] {processor.py:186} INFO - Started process (PID=117) to work on /home/airflow/.local/lib/python3.12/site-packages/airflow/example_dags/example_xcom.py
[2025-02-25T23:42:23.504+0000] {processor.py:914} INFO - Processing file /home/airflow/.local/lib/python3.12/site-packages/airflow/example_dags/example_xcom.py for tasks to queue
[2025-02-25T23:42:23.505+0000] {logging_mixin.py:190} INFO - [2025-02-25T23:42:23.505+0000] {dagbag.py:588} INFO - Filling up the DagBag from /home/airflow/.local/lib/python3.12/site-packages/airflow/example_dags/example_xcom.py
[2025-02-25T23:42:23.511+0000] {processor.py:925} INFO - DAG(s) 'example_xcom' retrieved from /home/airflow/.local/lib/python3.12/site-packages/airflow/example_dags/example_xcom.py
[2025-02-25T23:42:23.523+0000] {logging_mixin.py:190} INFO - [2025-02-25T23:42:23.523+0000] {dag.py:3239} INFO - Sync 1 DAGs
[2025-02-25T23:42:23.536+0000] {logging_mixin.py:190} INFO - [2025-02-25T23:42:23.536+0000] {dag.py:4180} INFO - Setting next_dagrun for example_xcom to 2021-01-01 00:00:00+00:00, run_after=2021-01-01 00:00:00+00:00
[2025-02-25T23:42:23.547+0000] {processor.py:208} INFO - Processing /home/airflow/.local/lib/python3.12/site-packages/airflow/example_dags/example_xcom.py took 0.047 seconds
[2025-02-25T23:42:54.209+0000] {processor.py:186} INFO - Started process (PID=180) to work on /home/airflow/.local/lib/python3.12/site-packages/airflow/example_dags/example_xcom.py
[2025-02-25T23:42:54.209+0000] {processor.py:914} INFO - Processing file /home/airflow/.local/lib/python3.12/site-packages/airflow/example_dags/example_xcom.py for tasks to queue
[2025-02-25T23:42:54.211+0000] {logging_mixin.py:190} INFO - [2025-02-25T23:42:54.211+0000] {dagbag.py:588} INFO - Filling up the DagBag from /home/airflow/.local/lib/python3.12/site-packages/airflow/example_dags/example_xcom.py
[2025-02-25T23:42:54.216+0000] {processor.py:925} INFO - DAG(s) 'example_xcom' retrieved from /home/airflow/.local/lib/python3.12/site-packages/airflow/example_dags/example_xcom.py
[2025-02-25T23:42:54.228+0000] {logging_mixin.py:190} INFO - [2025-02-25T23:42:54.228+0000] {dag.py:3239} INFO - Sync 1 DAGs
[2025-02-25T23:42:54.240+0000] {logging_mixin.py:190} INFO - [2025-02-25T23:42:54.240+0000] {dag.py:4180} INFO - Setting next_dagrun for example_xcom to 2021-01-01 00:00:00+00:00, run_after=2021-01-01 00:00:00+00:00
[2025-02-25T23:42:54.250+0000] {processor.py:208} INFO - Processing /home/airflow/.local/lib/python3.12/site-packages/airflow/example_dags/example_xcom.py took 0.044 seconds
[2025-02-25T23:43:25.058+0000] {processor.py:186} INFO - Started process (PID=242) to work on /home/airflow/.local/lib/python3.12/site-packages/airflow/example_dags/example_xcom.py
[2025-02-25T23:43:25.059+0000] {processor.py:914} INFO - Processing file /home/airflow/.local/lib/python3.12/site-packages/airflow/example_dags/example_xcom.py for tasks to queue
[2025-02-25T23:43:25.060+0000] {logging_mixin.py:190} INFO - [2025-02-25T23:43:25.060+0000] {dagbag.py:588} INFO - Filling up the DagBag from /home/airflow/.local/lib/python3.12/site-packages/airflow/example_dags/example_xcom.py
[2025-02-25T23:43:25.065+0000] {processor.py:925} INFO - DAG(s) 'example_xcom' retrieved from /home/airflow/.local/lib/python3.12/site-packages/airflow/example_dags/example_xcom.py
[2025-02-25T23:43:25.076+0000] {logging_mixin.py:190} INFO - [2025-02-25T23:43:25.076+0000] {dag.py:3239} INFO - Sync 1 DAGs
[2025-02-25T23:43:25.088+0000] {logging_mixin.py:190} INFO - [2025-02-25T23:43:25.088+0000] {dag.py:4180} INFO - Setting next_dagrun for example_xcom to 2021-01-01 00:00:00+00:00, run_after=2021-01-01 00:00:00+00:00
[2025-02-25T23:43:25.098+0000] {processor.py:208} INFO - Processing /home/airflow/.local/lib/python3.12/site-packages/airflow/example_dags/example_xcom.py took 0.043 seconds
[2025-02-25T23:43:56.176+0000] {processor.py:186} INFO - Started process (PID=306) to work on /home/airflow/.local/lib/python3.12/site-packages/airflow/example_dags/example_xcom.py
[2025-02-25T23:43:56.177+0000] {processor.py:914} INFO - Processing file /home/airflow/.local/lib/python3.12/site-packages/airflow/example_dags/example_xcom.py for tasks to queue
[2025-02-25T23:43:56.178+0000] {logging_mixin.py:190} INFO - [2025-02-25T23:43:56.178+0000] {dagbag.py:588} INFO - Filling up the DagBag from /home/airflow/.local/lib/python3.12/site-packages/airflow/example_dags/example_xcom.py
[2025-02-25T23:43:56.183+0000] {processor.py:925} INFO - DAG(s) 'example_xcom' retrieved from /home/airflow/.local/lib/python3.12/site-packages/airflow/example_dags/example_xcom.py
[2025-02-25T23:43:56.195+0000] {logging_mixin.py:190} INFO - [2025-02-25T23:43:56.195+0000] {dag.py:3239} INFO - Sync 1 DAGs
[2025-02-25T23:43:56.211+0000] {logging_mixin.py:190} INFO - [2025-02-25T23:43:56.211+0000] {dag.py:4180} INFO - Setting next_dagrun for example_xcom to 2021-01-01 00:00:00+00:00, run_after=2021-01-01 00:00:00+00:00
[2025-02-25T23:43:56.222+0000] {processor.py:208} INFO - Processing /home/airflow/.local/lib/python3.12/site-packages/airflow/example_dags/example_xcom.py took 0.049 seconds
[2025-02-25T23:44:26.828+0000] {processor.py:186} INFO - Started process (PID=369) to work on /home/airflow/.local/lib/python3.12/site-packages/airflow/example_dags/example_xcom.py
[2025-02-25T23:44:26.829+0000] {processor.py:914} INFO - Processing file /home/airflow/.local/lib/python3.12/site-packages/airflow/example_dags/example_xcom.py for tasks to queue
[2025-02-25T23:44:26.831+0000] {logging_mixin.py:190} INFO - [2025-02-25T23:44:26.831+0000] {dagbag.py:588} INFO - Filling up the DagBag from /home/airflow/.local/lib/python3.12/site-packages/airflow/example_dags/example_xcom.py
[2025-02-25T23:44:26.836+0000] {processor.py:925} INFO - DAG(s) 'example_xcom' retrieved from /home/airflow/.local/lib/python3.12/site-packages/airflow/example_dags/example_xcom.py
[2025-02-25T23:44:26.849+0000] {logging_mixin.py:190} INFO - [2025-02-25T23:44:26.849+0000] {dag.py:3239} INFO - Sync 1 DAGs
[2025-02-25T23:44:26.861+0000] {logging_mixin.py:190} INFO - [2025-02-25T23:44:26.861+0000] {dag.py:4180} INFO - Setting next_dagrun for example_xcom to 2021-01-01 00:00:00+00:00, run_after=2021-01-01 00:00:00+00:00
[2025-02-25T23:44:26.872+0000] {processor.py:208} INFO - Processing /home/airflow/.local/lib/python3.12/site-packages/airflow/example_dags/example_xcom.py took 0.047 seconds
[2025-02-25T23:44:57.611+0000] {processor.py:186} INFO - Started process (PID=432) to work on /home/airflow/.local/lib/python3.12/site-packages/airflow/example_dags/example_xcom.py
[2025-02-25T23:44:57.612+0000] {processor.py:914} INFO - Processing file /home/airflow/.local/lib/python3.12/site-packages/airflow/example_dags/example_xcom.py for tasks to queue
[2025-02-25T23:44:57.613+0000] {logging_mixin.py:190} INFO - [2025-02-25T23:44:57.613+0000] {dagbag.py:588} INFO - Filling up the DagBag from /home/airflow/.local/lib/python3.12/site-packages/airflow/example_dags/example_xcom.py
[2025-02-25T23:44:57.619+0000] {processor.py:925} INFO - DAG(s) 'example_xcom' retrieved from /home/airflow/.local/lib/python3.12/site-packages/airflow/example_dags/example_xcom.py
[2025-02-25T23:44:57.631+0000] {logging_mixin.py:190} INFO - [2025-02-25T23:44:57.631+0000] {dag.py:3239} INFO - Sync 1 DAGs
[2025-02-25T23:44:57.644+0000] {logging_mixin.py:190} INFO - [2025-02-25T23:44:57.644+0000] {dag.py:4180} INFO - Setting next_dagrun for example_xcom to 2021-01-01 00:00:00+00:00, run_after=2021-01-01 00:00:00+00:00
[2025-02-25T23:44:57.655+0000] {processor.py:208} INFO - Processing /home/airflow/.local/lib/python3.12/site-packages/airflow/example_dags/example_xcom.py took 0.048 seconds
[2025-02-25T23:45:28.329+0000] {processor.py:186} INFO - Started process (PID=495) to work on /home/airflow/.local/lib/python3.12/site-packages/airflow/example_dags/example_xcom.py
[2025-02-25T23:45:28.329+0000] {processor.py:914} INFO - Processing file /home/airflow/.local/lib/python3.12/site-packages/airflow/example_dags/example_xcom.py for tasks to queue
[2025-02-25T23:45:28.331+0000] {logging_mixin.py:190} INFO - [2025-02-25T23:45:28.331+0000] {dagbag.py:588} INFO - Filling up the DagBag from /home/airflow/.local/lib/python3.12/site-packages/airflow/example_dags/example_xcom.py
[2025-02-25T23:45:28.337+0000] {processor.py:925} INFO - DAG(s) 'example_xcom' retrieved from /home/airflow/.local/lib/python3.12/site-packages/airflow/example_dags/example_xcom.py
[2025-02-25T23:45:28.349+0000] {logging_mixin.py:190} INFO - [2025-02-25T23:45:28.349+0000] {dag.py:3239} INFO - Sync 1 DAGs
[2025-02-25T23:45:28.362+0000] {logging_mixin.py:190} INFO - [2025-02-25T23:45:28.362+0000] {dag.py:4180} INFO - Setting next_dagrun for example_xcom to 2021-01-01 00:00:00+00:00, run_after=2021-01-01 00:00:00+00:00
[2025-02-25T23:45:28.373+0000] {processor.py:208} INFO - Processing /home/airflow/.local/lib/python3.12/site-packages/airflow/example_dags/example_xcom.py took 0.047 seconds
[2025-02-25T23:45:59.181+0000] {processor.py:186} INFO - Started process (PID=558) to work on /home/airflow/.local/lib/python3.12/site-packages/airflow/example_dags/example_xcom.py
[2025-02-25T23:45:59.182+0000] {processor.py:914} INFO - Processing file /home/airflow/.local/lib/python3.12/site-packages/airflow/example_dags/example_xcom.py for tasks to queue
[2025-02-25T23:45:59.183+0000] {logging_mixin.py:190} INFO - [2025-02-25T23:45:59.183+0000] {dagbag.py:588} INFO - Filling up the DagBag from /home/airflow/.local/lib/python3.12/site-packages/airflow/example_dags/example_xcom.py
[2025-02-25T23:45:59.188+0000] {processor.py:925} INFO - DAG(s) 'example_xcom' retrieved from /home/airflow/.local/lib/python3.12/site-packages/airflow/example_dags/example_xcom.py
[2025-02-25T23:45:59.201+0000] {logging_mixin.py:190} INFO - [2025-02-25T23:45:59.200+0000] {dag.py:3239} INFO - Sync 1 DAGs
[2025-02-25T23:45:59.214+0000] {logging_mixin.py:190} INFO - [2025-02-25T23:45:59.213+0000] {dag.py:4180} INFO - Setting next_dagrun for example_xcom to 2021-01-01 00:00:00+00:00, run_after=2021-01-01 00:00:00+00:00
[2025-02-25T23:45:59.225+0000] {processor.py:208} INFO - Processing /home/airflow/.local/lib/python3.12/site-packages/airflow/example_dags/example_xcom.py took 0.047 seconds
[2025-02-25T23:46:29.928+0000] {processor.py:186} INFO - Started process (PID=615) to work on /home/airflow/.local/lib/python3.12/site-packages/airflow/example_dags/example_xcom.py
[2025-02-25T23:46:29.929+0000] {processor.py:914} INFO - Processing file /home/airflow/.local/lib/python3.12/site-packages/airflow/example_dags/example_xcom.py for tasks to queue
[2025-02-25T23:46:29.930+0000] {logging_mixin.py:190} INFO - [2025-02-25T23:46:29.930+0000] {dagbag.py:588} INFO - Filling up the DagBag from /home/airflow/.local/lib/python3.12/site-packages/airflow/example_dags/example_xcom.py
[2025-02-25T23:46:29.936+0000] {processor.py:925} INFO - DAG(s) 'example_xcom' retrieved from /home/airflow/.local/lib/python3.12/site-packages/airflow/example_dags/example_xcom.py
[2025-02-25T23:46:29.948+0000] {logging_mixin.py:190} INFO - [2025-02-25T23:46:29.948+0000] {dag.py:3239} INFO - Sync 1 DAGs
[2025-02-25T23:46:29.960+0000] {logging_mixin.py:190} INFO - [2025-02-25T23:46:29.960+0000] {dag.py:4180} INFO - Setting next_dagrun for example_xcom to 2021-01-01 00:00:00+00:00, run_after=2021-01-01 00:00:00+00:00
[2025-02-25T23:46:29.970+0000] {processor.py:208} INFO - Processing /home/airflow/.local/lib/python3.12/site-packages/airflow/example_dags/example_xcom.py took 0.045 seconds
[2025-02-25T23:47:00.817+0000] {processor.py:186} INFO - Started process (PID=684) to work on /home/airflow/.local/lib/python3.12/site-packages/airflow/example_dags/example_xcom.py
[2025-02-25T23:47:00.817+0000] {processor.py:914} INFO - Processing file /home/airflow/.local/lib/python3.12/site-packages/airflow/example_dags/example_xcom.py for tasks to queue
[2025-02-25T23:47:00.819+0000] {logging_mixin.py:190} INFO - [2025-02-25T23:47:00.819+0000] {dagbag.py:588} INFO - Filling up the DagBag from /home/airflow/.local/lib/python3.12/site-packages/airflow/example_dags/example_xcom.py
[2025-02-25T23:47:00.824+0000] {processor.py:925} INFO - DAG(s) 'example_xcom' retrieved from /home/airflow/.local/lib/python3.12/site-packages/airflow/example_dags/example_xcom.py
[2025-02-25T23:47:00.837+0000] {logging_mixin.py:190} INFO - [2025-02-25T23:47:00.836+0000] {dag.py:3239} INFO - Sync 1 DAGs
[2025-02-25T23:47:00.849+0000] {logging_mixin.py:190} INFO - [2025-02-25T23:47:00.849+0000] {dag.py:4180} INFO - Setting next_dagrun for example_xcom to 2021-01-01 00:00:00+00:00, run_after=2021-01-01 00:00:00+00:00
[2025-02-25T23:47:00.858+0000] {processor.py:208} INFO - Processing /home/airflow/.local/lib/python3.12/site-packages/airflow/example_dags/example_xcom.py took 0.045 seconds
[2025-02-25T23:47:31.441+0000] {processor.py:186} INFO - Started process (PID=741) to work on /home/airflow/.local/lib/python3.12/site-packages/airflow/example_dags/example_xcom.py
[2025-02-25T23:47:31.441+0000] {processor.py:914} INFO - Processing file /home/airflow/.local/lib/python3.12/site-packages/airflow/example_dags/example_xcom.py for tasks to queue
[2025-02-25T23:47:31.442+0000] {logging_mixin.py:190} INFO - [2025-02-25T23:47:31.442+0000] {dagbag.py:588} INFO - Filling up the DagBag from /home/airflow/.local/lib/python3.12/site-packages/airflow/example_dags/example_xcom.py
[2025-02-25T23:47:31.448+0000] {processor.py:925} INFO - DAG(s) 'example_xcom' retrieved from /home/airflow/.local/lib/python3.12/site-packages/airflow/example_dags/example_xcom.py
[2025-02-25T23:47:31.461+0000] {logging_mixin.py:190} INFO - [2025-02-25T23:47:31.461+0000] {dag.py:3239} INFO - Sync 1 DAGs
[2025-02-25T23:47:31.473+0000] {logging_mixin.py:190} INFO - [2025-02-25T23:47:31.473+0000] {dag.py:4180} INFO - Setting next_dagrun for example_xcom to 2021-01-01 00:00:00+00:00, run_after=2021-01-01 00:00:00+00:00
[2025-02-25T23:47:31.484+0000] {processor.py:208} INFO - Processing /home/airflow/.local/lib/python3.12/site-packages/airflow/example_dags/example_xcom.py took 0.046 seconds
[2025-02-25T23:48:02.173+0000] {processor.py:186} INFO - Started process (PID=804) to work on /home/airflow/.local/lib/python3.12/site-packages/airflow/example_dags/example_xcom.py
[2025-02-25T23:48:02.174+0000] {processor.py:914} INFO - Processing file /home/airflow/.local/lib/python3.12/site-packages/airflow/example_dags/example_xcom.py for tasks to queue
[2025-02-25T23:48:02.176+0000] {logging_mixin.py:190} INFO - [2025-02-25T23:48:02.176+0000] {dagbag.py:588} INFO - Filling up the DagBag from /home/airflow/.local/lib/python3.12/site-packages/airflow/example_dags/example_xcom.py
[2025-02-25T23:48:02.182+0000] {processor.py:925} INFO - DAG(s) 'example_xcom' retrieved from /home/airflow/.local/lib/python3.12/site-packages/airflow/example_dags/example_xcom.py
[2025-02-25T23:48:02.196+0000] {logging_mixin.py:190} INFO - [2025-02-25T23:48:02.196+0000] {dag.py:3239} INFO - Sync 1 DAGs
[2025-02-25T23:48:02.210+0000] {logging_mixin.py:190} INFO - [2025-02-25T23:48:02.210+0000] {dag.py:4180} INFO - Setting next_dagrun for example_xcom to 2021-01-01 00:00:00+00:00, run_after=2021-01-01 00:00:00+00:00
[2025-02-25T23:48:02.224+0000] {processor.py:208} INFO - Processing /home/airflow/.local/lib/python3.12/site-packages/airflow/example_dags/example_xcom.py took 0.054 seconds
[2025-02-25T23:48:33.131+0000] {processor.py:186} INFO - Started process (PID=867) to work on /home/airflow/.local/lib/python3.12/site-packages/airflow/example_dags/example_xcom.py
[2025-02-25T23:48:33.132+0000] {processor.py:914} INFO - Processing file /home/airflow/.local/lib/python3.12/site-packages/airflow/example_dags/example_xcom.py for tasks to queue
[2025-02-25T23:48:33.133+0000] {logging_mixin.py:190} INFO - [2025-02-25T23:48:33.133+0000] {dagbag.py:588} INFO - Filling up the DagBag from /home/airflow/.local/lib/python3.12/site-packages/airflow/example_dags/example_xcom.py
[2025-02-25T23:48:33.138+0000] {processor.py:925} INFO - DAG(s) 'example_xcom' retrieved from /home/airflow/.local/lib/python3.12/site-packages/airflow/example_dags/example_xcom.py
[2025-02-25T23:48:33.152+0000] {logging_mixin.py:190} INFO - [2025-02-25T23:48:33.151+0000] {dag.py:3239} INFO - Sync 1 DAGs
[2025-02-25T23:48:33.165+0000] {logging_mixin.py:190} INFO - [2025-02-25T23:48:33.165+0000] {dag.py:4180} INFO - Setting next_dagrun for example_xcom to 2021-01-01 00:00:00+00:00, run_after=2021-01-01 00:00:00+00:00
[2025-02-25T23:48:33.175+0000] {processor.py:208} INFO - Processing /home/airflow/.local/lib/python3.12/site-packages/airflow/example_dags/example_xcom.py took 0.048 seconds
[2025-02-25T23:49:04.311+0000] {processor.py:186} INFO - Started process (PID=930) to work on /home/airflow/.local/lib/python3.12/site-packages/airflow/example_dags/example_xcom.py
[2025-02-25T23:49:04.311+0000] {processor.py:914} INFO - Processing file /home/airflow/.local/lib/python3.12/site-packages/airflow/example_dags/example_xcom.py for tasks to queue
[2025-02-25T23:49:04.313+0000] {logging_mixin.py:190} INFO - [2025-02-25T23:49:04.312+0000] {dagbag.py:588} INFO - Filling up the DagBag from /home/airflow/.local/lib/python3.12/site-packages/airflow/example_dags/example_xcom.py
[2025-02-25T23:49:04.318+0000] {processor.py:925} INFO - DAG(s) 'example_xcom' retrieved from /home/airflow/.local/lib/python3.12/site-packages/airflow/example_dags/example_xcom.py
[2025-02-25T23:49:04.329+0000] {logging_mixin.py:190} INFO - [2025-02-25T23:49:04.329+0000] {dag.py:3239} INFO - Sync 1 DAGs
[2025-02-25T23:49:04.342+0000] {logging_mixin.py:190} INFO - [2025-02-25T23:49:04.342+0000] {dag.py:4180} INFO - Setting next_dagrun for example_xcom to 2021-01-01 00:00:00+00:00, run_after=2021-01-01 00:00:00+00:00
[2025-02-25T23:49:04.352+0000] {processor.py:208} INFO - Processing /home/airflow/.local/lib/python3.12/site-packages/airflow/example_dags/example_xcom.py took 0.045 seconds
[2025-02-25T23:49:34.815+0000] {processor.py:186} INFO - Started process (PID=993) to work on /home/airflow/.local/lib/python3.12/site-packages/airflow/example_dags/example_xcom.py
[2025-02-25T23:49:34.816+0000] {processor.py:914} INFO - Processing file /home/airflow/.local/lib/python3.12/site-packages/airflow/example_dags/example_xcom.py for tasks to queue
[2025-02-25T23:49:34.817+0000] {logging_mixin.py:190} INFO - [2025-02-25T23:49:34.817+0000] {dagbag.py:588} INFO - Filling up the DagBag from /home/airflow/.local/lib/python3.12/site-packages/airflow/example_dags/example_xcom.py
[2025-02-25T23:49:34.822+0000] {processor.py:925} INFO - DAG(s) 'example_xcom' retrieved from /home/airflow/.local/lib/python3.12/site-packages/airflow/example_dags/example_xcom.py
[2025-02-25T23:49:34.833+0000] {logging_mixin.py:190} INFO - [2025-02-25T23:49:34.832+0000] {dag.py:3239} INFO - Sync 1 DAGs
[2025-02-25T23:49:34.844+0000] {logging_mixin.py:190} INFO - [2025-02-25T23:49:34.844+0000] {dag.py:4180} INFO - Setting next_dagrun for example_xcom to 2021-01-01 00:00:00+00:00, run_after=2021-01-01 00:00:00+00:00
[2025-02-25T23:49:34.853+0000] {processor.py:208} INFO - Processing /home/airflow/.local/lib/python3.12/site-packages/airflow/example_dags/example_xcom.py took 0.042 seconds
[2025-02-25T23:50:05.467+0000] {processor.py:186} INFO - Started process (PID=1056) to work on /home/airflow/.local/lib/python3.12/site-packages/airflow/example_dags/example_xcom.py
[2025-02-25T23:50:05.468+0000] {processor.py:914} INFO - Processing file /home/airflow/.local/lib/python3.12/site-packages/airflow/example_dags/example_xcom.py for tasks to queue
[2025-02-25T23:50:05.469+0000] {logging_mixin.py:190} INFO - [2025-02-25T23:50:05.469+0000] {dagbag.py:588} INFO - Filling up the DagBag from /home/airflow/.local/lib/python3.12/site-packages/airflow/example_dags/example_xcom.py
[2025-02-25T23:50:05.474+0000] {processor.py:925} INFO - DAG(s) 'example_xcom' retrieved from /home/airflow/.local/lib/python3.12/site-packages/airflow/example_dags/example_xcom.py
[2025-02-25T23:50:05.487+0000] {logging_mixin.py:190} INFO - [2025-02-25T23:50:05.487+0000] {dag.py:3239} INFO - Sync 1 DAGs
[2025-02-25T23:50:05.500+0000] {logging_mixin.py:190} INFO - [2025-02-25T23:50:05.500+0000] {dag.py:4180} INFO - Setting next_dagrun for example_xcom to 2021-01-01 00:00:00+00:00, run_after=2021-01-01 00:00:00+00:00
[2025-02-25T23:50:05.510+0000] {processor.py:208} INFO - Processing /home/airflow/.local/lib/python3.12/site-packages/airflow/example_dags/example_xcom.py took 0.046 seconds
[2025-02-25T23:50:35.985+0000] {processor.py:186} INFO - Started process (PID=1119) to work on /home/airflow/.local/lib/python3.12/site-packages/airflow/example_dags/example_xcom.py
[2025-02-25T23:50:35.986+0000] {processor.py:914} INFO - Processing file /home/airflow/.local/lib/python3.12/site-packages/airflow/example_dags/example_xcom.py for tasks to queue
[2025-02-25T23:50:35.987+0000] {logging_mixin.py:190} INFO - [2025-02-25T23:50:35.987+0000] {dagbag.py:588} INFO - Filling up the DagBag from /home/airflow/.local/lib/python3.12/site-packages/airflow/example_dags/example_xcom.py
[2025-02-25T23:50:35.992+0000] {processor.py:925} INFO - DAG(s) 'example_xcom' retrieved from /home/airflow/.local/lib/python3.12/site-packages/airflow/example_dags/example_xcom.py
[2025-02-25T23:50:36.004+0000] {logging_mixin.py:190} INFO - [2025-02-25T23:50:36.004+0000] {dag.py:3239} INFO - Sync 1 DAGs
[2025-02-25T23:50:36.017+0000] {logging_mixin.py:190} INFO - [2025-02-25T23:50:36.017+0000] {dag.py:4180} INFO - Setting next_dagrun for example_xcom to 2021-01-01 00:00:00+00:00, run_after=2021-01-01 00:00:00+00:00
[2025-02-25T23:50:36.027+0000] {processor.py:208} INFO - Processing /home/airflow/.local/lib/python3.12/site-packages/airflow/example_dags/example_xcom.py took 0.045 seconds
[2025-02-25T23:51:06.469+0000] {processor.py:186} INFO - Started process (PID=1182) to work on /home/airflow/.local/lib/python3.12/site-packages/airflow/example_dags/example_xcom.py
[2025-02-25T23:51:06.470+0000] {processor.py:914} INFO - Processing file /home/airflow/.local/lib/python3.12/site-packages/airflow/example_dags/example_xcom.py for tasks to queue
[2025-02-25T23:51:06.471+0000] {logging_mixin.py:190} INFO - [2025-02-25T23:51:06.471+0000] {dagbag.py:588} INFO - Filling up the DagBag from /home/airflow/.local/lib/python3.12/site-packages/airflow/example_dags/example_xcom.py
[2025-02-25T23:51:06.476+0000] {processor.py:925} INFO - DAG(s) 'example_xcom' retrieved from /home/airflow/.local/lib/python3.12/site-packages/airflow/example_dags/example_xcom.py
[2025-02-25T23:51:06.488+0000] {logging_mixin.py:190} INFO - [2025-02-25T23:51:06.488+0000] {dag.py:3239} INFO - Sync 1 DAGs
[2025-02-25T23:51:06.501+0000] {logging_mixin.py:190} INFO - [2025-02-25T23:51:06.501+0000] {dag.py:4180} INFO - Setting next_dagrun for example_xcom to 2021-01-01 00:00:00+00:00, run_after=2021-01-01 00:00:00+00:00
[2025-02-25T23:51:06.511+0000] {processor.py:208} INFO - Processing /home/airflow/.local/lib/python3.12/site-packages/airflow/example_dags/example_xcom.py took 0.045 seconds
[2025-02-25T23:51:37.013+0000] {processor.py:186} INFO - Started process (PID=1245) to work on /home/airflow/.local/lib/python3.12/site-packages/airflow/example_dags/example_xcom.py
[2025-02-25T23:51:37.014+0000] {processor.py:914} INFO - Processing file /home/airflow/.local/lib/python3.12/site-packages/airflow/example_dags/example_xcom.py for tasks to queue
[2025-02-25T23:51:37.015+0000] {logging_mixin.py:190} INFO - [2025-02-25T23:51:37.015+0000] {dagbag.py:588} INFO - Filling up the DagBag from /home/airflow/.local/lib/python3.12/site-packages/airflow/example_dags/example_xcom.py
[2025-02-25T23:51:37.021+0000] {processor.py:925} INFO - DAG(s) 'example_xcom' retrieved from /home/airflow/.local/lib/python3.12/site-packages/airflow/example_dags/example_xcom.py
[2025-02-25T23:51:37.033+0000] {logging_mixin.py:190} INFO - [2025-02-25T23:51:37.033+0000] {dag.py:3239} INFO - Sync 1 DAGs
[2025-02-25T23:51:37.046+0000] {logging_mixin.py:190} INFO - [2025-02-25T23:51:37.046+0000] {dag.py:4180} INFO - Setting next_dagrun for example_xcom to 2021-01-01 00:00:00+00:00, run_after=2021-01-01 00:00:00+00:00
[2025-02-25T23:51:37.058+0000] {processor.py:208} INFO - Processing /home/airflow/.local/lib/python3.12/site-packages/airflow/example_dags/example_xcom.py took 0.048 seconds
[2025-02-25T23:52:08.047+0000] {processor.py:186} INFO - Started process (PID=1308) to work on /home/airflow/.local/lib/python3.12/site-packages/airflow/example_dags/example_xcom.py
[2025-02-25T23:52:08.048+0000] {processor.py:914} INFO - Processing file /home/airflow/.local/lib/python3.12/site-packages/airflow/example_dags/example_xcom.py for tasks to queue
[2025-02-25T23:52:08.049+0000] {logging_mixin.py:190} INFO - [2025-02-25T23:52:08.049+0000] {dagbag.py:588} INFO - Filling up the DagBag from /home/airflow/.local/lib/python3.12/site-packages/airflow/example_dags/example_xcom.py
[2025-02-25T23:52:08.054+0000] {processor.py:925} INFO - DAG(s) 'example_xcom' retrieved from /home/airflow/.local/lib/python3.12/site-packages/airflow/example_dags/example_xcom.py
[2025-02-25T23:52:08.065+0000] {logging_mixin.py:190} INFO - [2025-02-25T23:52:08.065+0000] {dag.py:3239} INFO - Sync 1 DAGs
[2025-02-25T23:52:08.076+0000] {logging_mixin.py:190} INFO - [2025-02-25T23:52:08.076+0000] {dag.py:4180} INFO - Setting next_dagrun for example_xcom to 2021-01-01 00:00:00+00:00, run_after=2021-01-01 00:00:00+00:00
[2025-02-25T23:52:08.088+0000] {processor.py:208} INFO - Processing /home/airflow/.local/lib/python3.12/site-packages/airflow/example_dags/example_xcom.py took 0.044 seconds
[2025-02-25T23:52:39.028+0000] {processor.py:186} INFO - Started process (PID=1371) to work on /home/airflow/.local/lib/python3.12/site-packages/airflow/example_dags/example_xcom.py
[2025-02-25T23:52:39.029+0000] {processor.py:914} INFO - Processing file /home/airflow/.local/lib/python3.12/site-packages/airflow/example_dags/example_xcom.py for tasks to queue
[2025-02-25T23:52:39.030+0000] {logging_mixin.py:190} INFO - [2025-02-25T23:52:39.030+0000] {dagbag.py:588} INFO - Filling up the DagBag from /home/airflow/.local/lib/python3.12/site-packages/airflow/example_dags/example_xcom.py
[2025-02-25T23:52:39.036+0000] {processor.py:925} INFO - DAG(s) 'example_xcom' retrieved from /home/airflow/.local/lib/python3.12/site-packages/airflow/example_dags/example_xcom.py
[2025-02-25T23:52:39.048+0000] {logging_mixin.py:190} INFO - [2025-02-25T23:52:39.048+0000] {dag.py:3239} INFO - Sync 1 DAGs
[2025-02-25T23:52:39.061+0000] {logging_mixin.py:190} INFO - [2025-02-25T23:52:39.060+0000] {dag.py:4180} INFO - Setting next_dagrun for example_xcom to 2021-01-01 00:00:00+00:00, run_after=2021-01-01 00:00:00+00:00
[2025-02-25T23:52:39.070+0000] {processor.py:208} INFO - Processing /home/airflow/.local/lib/python3.12/site-packages/airflow/example_dags/example_xcom.py took 0.045 seconds
[2025-02-25T23:53:10.024+0000] {processor.py:186} INFO - Started process (PID=1435) to work on /home/airflow/.local/lib/python3.12/site-packages/airflow/example_dags/example_xcom.py
[2025-02-25T23:53:10.025+0000] {processor.py:914} INFO - Processing file /home/airflow/.local/lib/python3.12/site-packages/airflow/example_dags/example_xcom.py for tasks to queue
[2025-02-25T23:53:10.026+0000] {logging_mixin.py:190} INFO - [2025-02-25T23:53:10.026+0000] {dagbag.py:588} INFO - Filling up the DagBag from /home/airflow/.local/lib/python3.12/site-packages/airflow/example_dags/example_xcom.py
[2025-02-25T23:53:10.031+0000] {processor.py:925} INFO - DAG(s) 'example_xcom' retrieved from /home/airflow/.local/lib/python3.12/site-packages/airflow/example_dags/example_xcom.py
[2025-02-25T23:53:10.044+0000] {logging_mixin.py:190} INFO - [2025-02-25T23:53:10.043+0000] {dag.py:3239} INFO - Sync 1 DAGs
[2025-02-25T23:53:10.058+0000] {logging_mixin.py:190} INFO - [2025-02-25T23:53:10.058+0000] {dag.py:4180} INFO - Setting next_dagrun for example_xcom to 2021-01-01 00:00:00+00:00, run_after=2021-01-01 00:00:00+00:00
[2025-02-25T23:53:10.068+0000] {processor.py:208} INFO - Processing /home/airflow/.local/lib/python3.12/site-packages/airflow/example_dags/example_xcom.py took 0.047 seconds
[2025-02-25T23:53:41.038+0000] {processor.py:186} INFO - Started process (PID=1498) to work on /home/airflow/.local/lib/python3.12/site-packages/airflow/example_dags/example_xcom.py
[2025-02-25T23:53:41.039+0000] {processor.py:914} INFO - Processing file /home/airflow/.local/lib/python3.12/site-packages/airflow/example_dags/example_xcom.py for tasks to queue
[2025-02-25T23:53:41.041+0000] {logging_mixin.py:190} INFO - [2025-02-25T23:53:41.041+0000] {dagbag.py:588} INFO - Filling up the DagBag from /home/airflow/.local/lib/python3.12/site-packages/airflow/example_dags/example_xcom.py
[2025-02-25T23:53:41.046+0000] {processor.py:925} INFO - DAG(s) 'example_xcom' retrieved from /home/airflow/.local/lib/python3.12/site-packages/airflow/example_dags/example_xcom.py
[2025-02-25T23:53:41.058+0000] {logging_mixin.py:190} INFO - [2025-02-25T23:53:41.058+0000] {dag.py:3239} INFO - Sync 1 DAGs
[2025-02-25T23:53:41.079+0000] {logging_mixin.py:190} INFO - [2025-02-25T23:53:41.078+0000] {dag.py:4180} INFO - Setting next_dagrun for example_xcom to 2021-01-01 00:00:00+00:00, run_after=2021-01-01 00:00:00+00:00
[2025-02-25T23:53:41.094+0000] {processor.py:208} INFO - Processing /home/airflow/.local/lib/python3.12/site-packages/airflow/example_dags/example_xcom.py took 0.059 seconds
[2025-02-25T23:54:11.946+0000] {processor.py:186} INFO - Started process (PID=1561) to work on /home/airflow/.local/lib/python3.12/site-packages/airflow/example_dags/example_xcom.py
[2025-02-25T23:54:11.946+0000] {processor.py:914} INFO - Processing file /home/airflow/.local/lib/python3.12/site-packages/airflow/example_dags/example_xcom.py for tasks to queue
[2025-02-25T23:54:11.948+0000] {logging_mixin.py:190} INFO - [2025-02-25T23:54:11.947+0000] {dagbag.py:588} INFO - Filling up the DagBag from /home/airflow/.local/lib/python3.12/site-packages/airflow/example_dags/example_xcom.py
[2025-02-25T23:54:11.953+0000] {processor.py:925} INFO - DAG(s) 'example_xcom' retrieved from /home/airflow/.local/lib/python3.12/site-packages/airflow/example_dags/example_xcom.py
[2025-02-25T23:54:11.966+0000] {logging_mixin.py:190} INFO - [2025-02-25T23:54:11.966+0000] {dag.py:3239} INFO - Sync 1 DAGs
[2025-02-25T23:54:11.979+0000] {logging_mixin.py:190} INFO - [2025-02-25T23:54:11.979+0000] {dag.py:4180} INFO - Setting next_dagrun for example_xcom to 2021-01-01 00:00:00+00:00, run_after=2021-01-01 00:00:00+00:00
[2025-02-25T23:54:11.989+0000] {processor.py:208} INFO - Processing /home/airflow/.local/lib/python3.12/site-packages/airflow/example_dags/example_xcom.py took 0.048 seconds
[2025-02-25T23:54:42.923+0000] {processor.py:186} INFO - Started process (PID=1624) to work on /home/airflow/.local/lib/python3.12/site-packages/airflow/example_dags/example_xcom.py
[2025-02-25T23:54:42.924+0000] {processor.py:914} INFO - Processing file /home/airflow/.local/lib/python3.12/site-packages/airflow/example_dags/example_xcom.py for tasks to queue
[2025-02-25T23:54:42.925+0000] {logging_mixin.py:190} INFO - [2025-02-25T23:54:42.925+0000] {dagbag.py:588} INFO - Filling up the DagBag from /home/airflow/.local/lib/python3.12/site-packages/airflow/example_dags/example_xcom.py
[2025-02-25T23:54:42.931+0000] {processor.py:925} INFO - DAG(s) 'example_xcom' retrieved from /home/airflow/.local/lib/python3.12/site-packages/airflow/example_dags/example_xcom.py
[2025-02-25T23:54:42.944+0000] {logging_mixin.py:190} INFO - [2025-02-25T23:54:42.944+0000] {dag.py:3239} INFO - Sync 1 DAGs
[2025-02-25T23:54:42.957+0000] {logging_mixin.py:190} INFO - [2025-02-25T23:54:42.957+0000] {dag.py:4180} INFO - Setting next_dagrun for example_xcom to 2021-01-01 00:00:00+00:00, run_after=2021-01-01 00:00:00+00:00
[2025-02-25T23:54:42.967+0000] {processor.py:208} INFO - Processing /home/airflow/.local/lib/python3.12/site-packages/airflow/example_dags/example_xcom.py took 0.047 seconds
[2025-02-25T23:55:17.267+0000] {processor.py:186} INFO - Started process (PID=1687) to work on /home/airflow/.local/lib/python3.12/site-packages/airflow/example_dags/example_xcom.py
[2025-02-25T23:55:17.268+0000] {processor.py:914} INFO - Processing file /home/airflow/.local/lib/python3.12/site-packages/airflow/example_dags/example_xcom.py for tasks to queue
[2025-02-25T23:55:17.269+0000] {logging_mixin.py:190} INFO - [2025-02-25T23:55:17.269+0000] {dagbag.py:588} INFO - Filling up the DagBag from /home/airflow/.local/lib/python3.12/site-packages/airflow/example_dags/example_xcom.py
[2025-02-25T23:55:17.275+0000] {processor.py:925} INFO - DAG(s) 'example_xcom' retrieved from /home/airflow/.local/lib/python3.12/site-packages/airflow/example_dags/example_xcom.py
[2025-02-25T23:55:17.287+0000] {logging_mixin.py:190} INFO - [2025-02-25T23:55:17.287+0000] {dag.py:3239} INFO - Sync 1 DAGs
[2025-02-25T23:55:17.301+0000] {logging_mixin.py:190} INFO - [2025-02-25T23:55:17.301+0000] {dag.py:4180} INFO - Setting next_dagrun for example_xcom to 2021-01-01 00:00:00+00:00, run_after=2021-01-01 00:00:00+00:00
[2025-02-25T23:55:17.312+0000] {processor.py:208} INFO - Processing /home/airflow/.local/lib/python3.12/site-packages/airflow/example_dags/example_xcom.py took 0.048 seconds
[2025-02-25T23:55:48.163+0000] {processor.py:186} INFO - Started process (PID=1750) to work on /home/airflow/.local/lib/python3.12/site-packages/airflow/example_dags/example_xcom.py
[2025-02-25T23:55:48.164+0000] {processor.py:914} INFO - Processing file /home/airflow/.local/lib/python3.12/site-packages/airflow/example_dags/example_xcom.py for tasks to queue
[2025-02-25T23:55:48.165+0000] {logging_mixin.py:190} INFO - [2025-02-25T23:55:48.165+0000] {dagbag.py:588} INFO - Filling up the DagBag from /home/airflow/.local/lib/python3.12/site-packages/airflow/example_dags/example_xcom.py
[2025-02-25T23:55:48.171+0000] {processor.py:925} INFO - DAG(s) 'example_xcom' retrieved from /home/airflow/.local/lib/python3.12/site-packages/airflow/example_dags/example_xcom.py
[2025-02-25T23:55:48.183+0000] {logging_mixin.py:190} INFO - [2025-02-25T23:55:48.183+0000] {dag.py:3239} INFO - Sync 1 DAGs
[2025-02-25T23:55:48.196+0000] {logging_mixin.py:190} INFO - [2025-02-25T23:55:48.196+0000] {dag.py:4180} INFO - Setting next_dagrun for example_xcom to 2021-01-01 00:00:00+00:00, run_after=2021-01-01 00:00:00+00:00
[2025-02-25T23:55:48.207+0000] {processor.py:208} INFO - Processing /home/airflow/.local/lib/python3.12/site-packages/airflow/example_dags/example_xcom.py took 0.048 seconds
[2025-02-25T23:56:18.987+0000] {processor.py:186} INFO - Started process (PID=1813) to work on /home/airflow/.local/lib/python3.12/site-packages/airflow/example_dags/example_xcom.py
[2025-02-25T23:56:18.988+0000] {processor.py:914} INFO - Processing file /home/airflow/.local/lib/python3.12/site-packages/airflow/example_dags/example_xcom.py for tasks to queue
[2025-02-25T23:56:18.989+0000] {logging_mixin.py:190} INFO - [2025-02-25T23:56:18.989+0000] {dagbag.py:588} INFO - Filling up the DagBag from /home/airflow/.local/lib/python3.12/site-packages/airflow/example_dags/example_xcom.py
[2025-02-25T23:56:18.995+0000] {processor.py:925} INFO - DAG(s) 'example_xcom' retrieved from /home/airflow/.local/lib/python3.12/site-packages/airflow/example_dags/example_xcom.py
[2025-02-25T23:56:19.007+0000] {logging_mixin.py:190} INFO - [2025-02-25T23:56:19.007+0000] {dag.py:3239} INFO - Sync 1 DAGs
[2025-02-25T23:56:19.021+0000] {logging_mixin.py:190} INFO - [2025-02-25T23:56:19.021+0000] {dag.py:4180} INFO - Setting next_dagrun for example_xcom to 2021-01-01 00:00:00+00:00, run_after=2021-01-01 00:00:00+00:00
[2025-02-25T23:56:19.032+0000] {processor.py:208} INFO - Processing /home/airflow/.local/lib/python3.12/site-packages/airflow/example_dags/example_xcom.py took 0.049 seconds
[2025-02-25T23:56:50.146+0000] {processor.py:186} INFO - Started process (PID=1870) to work on /home/airflow/.local/lib/python3.12/site-packages/airflow/example_dags/example_xcom.py
[2025-02-25T23:56:50.147+0000] {processor.py:914} INFO - Processing file /home/airflow/.local/lib/python3.12/site-packages/airflow/example_dags/example_xcom.py for tasks to queue
[2025-02-25T23:56:50.148+0000] {logging_mixin.py:190} INFO - [2025-02-25T23:56:50.148+0000] {dagbag.py:588} INFO - Filling up the DagBag from /home/airflow/.local/lib/python3.12/site-packages/airflow/example_dags/example_xcom.py
[2025-02-25T23:56:50.154+0000] {processor.py:925} INFO - DAG(s) 'example_xcom' retrieved from /home/airflow/.local/lib/python3.12/site-packages/airflow/example_dags/example_xcom.py
[2025-02-25T23:56:50.166+0000] {logging_mixin.py:190} INFO - [2025-02-25T23:56:50.165+0000] {dag.py:3239} INFO - Sync 1 DAGs
[2025-02-25T23:56:50.179+0000] {logging_mixin.py:190} INFO - [2025-02-25T23:56:50.178+0000] {dag.py:4180} INFO - Setting next_dagrun for example_xcom to 2021-01-01 00:00:00+00:00, run_after=2021-01-01 00:00:00+00:00
[2025-02-25T23:56:50.189+0000] {processor.py:208} INFO - Processing /home/airflow/.local/lib/python3.12/site-packages/airflow/example_dags/example_xcom.py took 0.047 seconds
[2025-02-25T23:57:21.086+0000] {processor.py:186} INFO - Started process (PID=1933) to work on /home/airflow/.local/lib/python3.12/site-packages/airflow/example_dags/example_xcom.py
[2025-02-25T23:57:21.087+0000] {processor.py:914} INFO - Processing file /home/airflow/.local/lib/python3.12/site-packages/airflow/example_dags/example_xcom.py for tasks to queue
[2025-02-25T23:57:21.089+0000] {logging_mixin.py:190} INFO - [2025-02-25T23:57:21.089+0000] {dagbag.py:588} INFO - Filling up the DagBag from /home/airflow/.local/lib/python3.12/site-packages/airflow/example_dags/example_xcom.py
[2025-02-25T23:57:21.094+0000] {processor.py:925} INFO - DAG(s) 'example_xcom' retrieved from /home/airflow/.local/lib/python3.12/site-packages/airflow/example_dags/example_xcom.py
[2025-02-25T23:57:21.106+0000] {logging_mixin.py:190} INFO - [2025-02-25T23:57:21.106+0000] {dag.py:3239} INFO - Sync 1 DAGs
[2025-02-25T23:57:21.118+0000] {logging_mixin.py:190} INFO - [2025-02-25T23:57:21.118+0000] {dag.py:4180} INFO - Setting next_dagrun for example_xcom to 2021-01-01 00:00:00+00:00, run_after=2021-01-01 00:00:00+00:00
[2025-02-25T23:57:21.130+0000] {processor.py:208} INFO - Processing /home/airflow/.local/lib/python3.12/site-packages/airflow/example_dags/example_xcom.py took 0.046 seconds
[2025-02-25T23:57:54.836+0000] {processor.py:186} INFO - Started process (PID=1996) to work on /home/airflow/.local/lib/python3.12/site-packages/airflow/example_dags/example_xcom.py
[2025-02-25T23:57:54.837+0000] {processor.py:914} INFO - Processing file /home/airflow/.local/lib/python3.12/site-packages/airflow/example_dags/example_xcom.py for tasks to queue
[2025-02-25T23:57:54.838+0000] {logging_mixin.py:190} INFO - [2025-02-25T23:57:54.838+0000] {dagbag.py:588} INFO - Filling up the DagBag from /home/airflow/.local/lib/python3.12/site-packages/airflow/example_dags/example_xcom.py
[2025-02-25T23:57:54.843+0000] {processor.py:925} INFO - DAG(s) 'example_xcom' retrieved from /home/airflow/.local/lib/python3.12/site-packages/airflow/example_dags/example_xcom.py
[2025-02-25T23:57:54.855+0000] {logging_mixin.py:190} INFO - [2025-02-25T23:57:54.855+0000] {dag.py:3239} INFO - Sync 1 DAGs
[2025-02-25T23:57:54.868+0000] {logging_mixin.py:190} INFO - [2025-02-25T23:57:54.867+0000] {dag.py:4180} INFO - Setting next_dagrun for example_xcom to 2021-01-01 00:00:00+00:00, run_after=2021-01-01 00:00:00+00:00
[2025-02-25T23:57:54.880+0000] {processor.py:208} INFO - Processing /home/airflow/.local/lib/python3.12/site-packages/airflow/example_dags/example_xcom.py took 0.048 seconds
[2025-02-25T23:58:25.631+0000] {processor.py:186} INFO - Started process (PID=2059) to work on /home/airflow/.local/lib/python3.12/site-packages/airflow/example_dags/example_xcom.py
[2025-02-25T23:58:25.632+0000] {processor.py:914} INFO - Processing file /home/airflow/.local/lib/python3.12/site-packages/airflow/example_dags/example_xcom.py for tasks to queue
[2025-02-25T23:58:25.633+0000] {logging_mixin.py:190} INFO - [2025-02-25T23:58:25.633+0000] {dagbag.py:588} INFO - Filling up the DagBag from /home/airflow/.local/lib/python3.12/site-packages/airflow/example_dags/example_xcom.py
[2025-02-25T23:58:25.639+0000] {processor.py:925} INFO - DAG(s) 'example_xcom' retrieved from /home/airflow/.local/lib/python3.12/site-packages/airflow/example_dags/example_xcom.py
[2025-02-25T23:58:25.651+0000] {logging_mixin.py:190} INFO - [2025-02-25T23:58:25.651+0000] {dag.py:3239} INFO - Sync 1 DAGs
[2025-02-25T23:58:25.665+0000] {logging_mixin.py:190} INFO - [2025-02-25T23:58:25.664+0000] {dag.py:4180} INFO - Setting next_dagrun for example_xcom to 2021-01-01 00:00:00+00:00, run_after=2021-01-01 00:00:00+00:00
[2025-02-25T23:58:25.677+0000] {processor.py:208} INFO - Processing /home/airflow/.local/lib/python3.12/site-packages/airflow/example_dags/example_xcom.py took 0.049 seconds
[2025-02-25T23:58:56.310+0000] {processor.py:186} INFO - Started process (PID=2122) to work on /home/airflow/.local/lib/python3.12/site-packages/airflow/example_dags/example_xcom.py
[2025-02-25T23:58:56.311+0000] {processor.py:914} INFO - Processing file /home/airflow/.local/lib/python3.12/site-packages/airflow/example_dags/example_xcom.py for tasks to queue
[2025-02-25T23:58:56.313+0000] {logging_mixin.py:190} INFO - [2025-02-25T23:58:56.312+0000] {dagbag.py:588} INFO - Filling up the DagBag from /home/airflow/.local/lib/python3.12/site-packages/airflow/example_dags/example_xcom.py
[2025-02-25T23:58:56.318+0000] {processor.py:925} INFO - DAG(s) 'example_xcom' retrieved from /home/airflow/.local/lib/python3.12/site-packages/airflow/example_dags/example_xcom.py
[2025-02-25T23:58:56.330+0000] {logging_mixin.py:190} INFO - [2025-02-25T23:58:56.330+0000] {dag.py:3239} INFO - Sync 1 DAGs
[2025-02-25T23:58:56.343+0000] {logging_mixin.py:190} INFO - [2025-02-25T23:58:56.343+0000] {dag.py:4180} INFO - Setting next_dagrun for example_xcom to 2021-01-01 00:00:00+00:00, run_after=2021-01-01 00:00:00+00:00
[2025-02-25T23:58:56.353+0000] {processor.py:208} INFO - Processing /home/airflow/.local/lib/python3.12/site-packages/airflow/example_dags/example_xcom.py took 0.046 seconds
[2025-02-25T23:59:27.075+0000] {processor.py:186} INFO - Started process (PID=2185) to work on /home/airflow/.local/lib/python3.12/site-packages/airflow/example_dags/example_xcom.py
[2025-02-25T23:59:27.076+0000] {processor.py:914} INFO - Processing file /home/airflow/.local/lib/python3.12/site-packages/airflow/example_dags/example_xcom.py for tasks to queue
[2025-02-25T23:59:27.077+0000] {logging_mixin.py:190} INFO - [2025-02-25T23:59:27.077+0000] {dagbag.py:588} INFO - Filling up the DagBag from /home/airflow/.local/lib/python3.12/site-packages/airflow/example_dags/example_xcom.py
[2025-02-25T23:59:27.083+0000] {processor.py:925} INFO - DAG(s) 'example_xcom' retrieved from /home/airflow/.local/lib/python3.12/site-packages/airflow/example_dags/example_xcom.py
[2025-02-25T23:59:27.096+0000] {logging_mixin.py:190} INFO - [2025-02-25T23:59:27.096+0000] {dag.py:3239} INFO - Sync 1 DAGs
[2025-02-25T23:59:27.108+0000] {logging_mixin.py:190} INFO - [2025-02-25T23:59:27.108+0000] {dag.py:4180} INFO - Setting next_dagrun for example_xcom to 2021-01-01 00:00:00+00:00, run_after=2021-01-01 00:00:00+00:00
[2025-02-25T23:59:27.120+0000] {processor.py:208} INFO - Processing /home/airflow/.local/lib/python3.12/site-packages/airflow/example_dags/example_xcom.py took 0.048 seconds
[2025-02-25T23:59:58.411+0000] {processor.py:186} INFO - Started process (PID=2248) to work on /home/airflow/.local/lib/python3.12/site-packages/airflow/example_dags/example_xcom.py
[2025-02-25T23:59:58.411+0000] {processor.py:914} INFO - Processing file /home/airflow/.local/lib/python3.12/site-packages/airflow/example_dags/example_xcom.py for tasks to queue
[2025-02-25T23:59:58.413+0000] {logging_mixin.py:190} INFO - [2025-02-25T23:59:58.413+0000] {dagbag.py:588} INFO - Filling up the DagBag from /home/airflow/.local/lib/python3.12/site-packages/airflow/example_dags/example_xcom.py
[2025-02-25T23:59:58.418+0000] {processor.py:925} INFO - DAG(s) 'example_xcom' retrieved from /home/airflow/.local/lib/python3.12/site-packages/airflow/example_dags/example_xcom.py
[2025-02-25T23:59:58.430+0000] {logging_mixin.py:190} INFO - [2025-02-25T23:59:58.430+0000] {dag.py:3239} INFO - Sync 1 DAGs
[2025-02-25T23:59:58.442+0000] {logging_mixin.py:190} INFO - [2025-02-25T23:59:58.442+0000] {dag.py:4180} INFO - Setting next_dagrun for example_xcom to 2021-01-01 00:00:00+00:00, run_after=2021-01-01 00:00:00+00:00
[2025-02-25T23:59:58.453+0000] {processor.py:208} INFO - Processing /home/airflow/.local/lib/python3.12/site-packages/airflow/example_dags/example_xcom.py took 0.045 seconds
