[2025-02-25T23:22:14.336+0000] {processor.py:186} INFO - Started process (PID=57) to work on /home/airflow/.local/lib/python3.12/site-packages/airflow/example_dags/example_branch_operator.py
[2025-02-25T23:22:14.336+0000] {processor.py:914} INFO - Processing file /home/airflow/.local/lib/python3.12/site-packages/airflow/example_dags/example_branch_operator.py for tasks to queue
[2025-02-25T23:22:14.338+0000] {logging_mixin.py:190} INFO - [2025-02-25T23:22:14.337+0000] {dagbag.py:588} INFO - Filling up the DagBag from /home/airflow/.local/lib/python3.12/site-packages/airflow/example_dags/example_branch_operator.py
[2025-02-25T23:22:14.348+0000] {processor.py:925} INFO - DAG(s) 'example_branch_operator' retrieved from /home/airflow/.local/lib/python3.12/site-packages/airflow/example_dags/example_branch_operator.py
[2025-02-25T23:22:14.418+0000] {logging_mixin.py:190} INFO - [2025-02-25T23:22:14.417+0000] {override.py:1912} INFO - Created Permission View: can edit on DAG:example_branch_operator
[2025-02-25T23:22:14.424+0000] {logging_mixin.py:190} INFO - [2025-02-25T23:22:14.423+0000] {override.py:1912} INFO - Created Permission View: can delete on DAG:example_branch_operator
[2025-02-25T23:22:14.427+0000] {logging_mixin.py:190} INFO - [2025-02-25T23:22:14.427+0000] {override.py:1912} INFO - Created Permission View: can read on DAG:example_branch_operator
[2025-02-25T23:22:14.431+0000] {logging_mixin.py:190} INFO - [2025-02-25T23:22:14.431+0000] {override.py:1912} INFO - Created Permission View: can delete on DAG Run:example_branch_operator
[2025-02-25T23:22:14.435+0000] {logging_mixin.py:190} INFO - [2025-02-25T23:22:14.435+0000] {override.py:1912} INFO - Created Permission View: can read on DAG Run:example_branch_operator
[2025-02-25T23:22:14.438+0000] {logging_mixin.py:190} INFO - [2025-02-25T23:22:14.438+0000] {override.py:1912} INFO - Created Permission View: menu access on DAG Run:example_branch_operator
[2025-02-25T23:22:14.441+0000] {logging_mixin.py:190} INFO - [2025-02-25T23:22:14.441+0000] {override.py:1912} INFO - Created Permission View: can create on DAG Run:example_branch_operator
[2025-02-25T23:22:14.442+0000] {logging_mixin.py:190} INFO - [2025-02-25T23:22:14.441+0000] {dag.py:3239} INFO - Sync 1 DAGs
[2025-02-25T23:22:14.449+0000] {logging_mixin.py:190} INFO - [2025-02-25T23:22:14.449+0000] {dag.py:3262} INFO - Creating ORM DAG for example_branch_operator
[2025-02-25T23:22:14.454+0000] {logging_mixin.py:190} INFO - [2025-02-25T23:22:14.454+0000] {dag.py:4180} INFO - Setting next_dagrun for example_branch_operator to 2025-02-24 00:00:00+00:00, run_after=2025-02-25 00:00:00+00:00
[2025-02-25T23:22:14.463+0000] {processor.py:208} INFO - Processing /home/airflow/.local/lib/python3.12/site-packages/airflow/example_dags/example_branch_operator.py took 0.130 seconds
[2025-02-25T23:22:45.386+0000] {processor.py:186} INFO - Started process (PID=120) to work on /home/airflow/.local/lib/python3.12/site-packages/airflow/example_dags/example_branch_operator.py
[2025-02-25T23:22:45.387+0000] {processor.py:914} INFO - Processing file /home/airflow/.local/lib/python3.12/site-packages/airflow/example_dags/example_branch_operator.py for tasks to queue
[2025-02-25T23:22:45.388+0000] {logging_mixin.py:190} INFO - [2025-02-25T23:22:45.388+0000] {dagbag.py:588} INFO - Filling up the DagBag from /home/airflow/.local/lib/python3.12/site-packages/airflow/example_dags/example_branch_operator.py
[2025-02-25T23:22:45.399+0000] {processor.py:925} INFO - DAG(s) 'example_branch_operator' retrieved from /home/airflow/.local/lib/python3.12/site-packages/airflow/example_dags/example_branch_operator.py
[2025-02-25T23:22:45.415+0000] {logging_mixin.py:190} INFO - [2025-02-25T23:22:45.415+0000] {dag.py:3239} INFO - Sync 1 DAGs
[2025-02-25T23:22:45.428+0000] {logging_mixin.py:190} INFO - [2025-02-25T23:22:45.428+0000] {dag.py:4180} INFO - Setting next_dagrun for example_branch_operator to 2025-02-24 00:00:00+00:00, run_after=2025-02-25 00:00:00+00:00
[2025-02-25T23:22:45.439+0000] {processor.py:208} INFO - Processing /home/airflow/.local/lib/python3.12/site-packages/airflow/example_dags/example_branch_operator.py took 0.055 seconds
[2025-02-25T23:23:16.301+0000] {processor.py:186} INFO - Started process (PID=183) to work on /home/airflow/.local/lib/python3.12/site-packages/airflow/example_dags/example_branch_operator.py
[2025-02-25T23:23:16.302+0000] {processor.py:914} INFO - Processing file /home/airflow/.local/lib/python3.12/site-packages/airflow/example_dags/example_branch_operator.py for tasks to queue
[2025-02-25T23:23:16.303+0000] {logging_mixin.py:190} INFO - [2025-02-25T23:23:16.303+0000] {dagbag.py:588} INFO - Filling up the DagBag from /home/airflow/.local/lib/python3.12/site-packages/airflow/example_dags/example_branch_operator.py
[2025-02-25T23:23:16.313+0000] {processor.py:925} INFO - DAG(s) 'example_branch_operator' retrieved from /home/airflow/.local/lib/python3.12/site-packages/airflow/example_dags/example_branch_operator.py
[2025-02-25T23:23:16.331+0000] {logging_mixin.py:190} INFO - [2025-02-25T23:23:16.331+0000] {dag.py:3239} INFO - Sync 1 DAGs
[2025-02-25T23:23:16.345+0000] {logging_mixin.py:190} INFO - [2025-02-25T23:23:16.344+0000] {dag.py:4180} INFO - Setting next_dagrun for example_branch_operator to 2025-02-24 00:00:00+00:00, run_after=2025-02-25 00:00:00+00:00
[2025-02-25T23:23:16.356+0000] {processor.py:208} INFO - Processing /home/airflow/.local/lib/python3.12/site-packages/airflow/example_dags/example_branch_operator.py took 0.057 seconds
[2025-02-25T23:23:47.126+0000] {processor.py:186} INFO - Started process (PID=246) to work on /home/airflow/.local/lib/python3.12/site-packages/airflow/example_dags/example_branch_operator.py
[2025-02-25T23:23:47.127+0000] {processor.py:914} INFO - Processing file /home/airflow/.local/lib/python3.12/site-packages/airflow/example_dags/example_branch_operator.py for tasks to queue
[2025-02-25T23:23:47.128+0000] {logging_mixin.py:190} INFO - [2025-02-25T23:23:47.128+0000] {dagbag.py:588} INFO - Filling up the DagBag from /home/airflow/.local/lib/python3.12/site-packages/airflow/example_dags/example_branch_operator.py
[2025-02-25T23:23:47.138+0000] {processor.py:925} INFO - DAG(s) 'example_branch_operator' retrieved from /home/airflow/.local/lib/python3.12/site-packages/airflow/example_dags/example_branch_operator.py
[2025-02-25T23:23:47.155+0000] {logging_mixin.py:190} INFO - [2025-02-25T23:23:47.155+0000] {dag.py:3239} INFO - Sync 1 DAGs
[2025-02-25T23:23:47.169+0000] {logging_mixin.py:190} INFO - [2025-02-25T23:23:47.169+0000] {dag.py:4180} INFO - Setting next_dagrun for example_branch_operator to 2025-02-24 00:00:00+00:00, run_after=2025-02-25 00:00:00+00:00
[2025-02-25T23:23:47.179+0000] {processor.py:208} INFO - Processing /home/airflow/.local/lib/python3.12/site-packages/airflow/example_dags/example_branch_operator.py took 0.057 seconds
[2025-02-25T23:24:18.149+0000] {processor.py:186} INFO - Started process (PID=309) to work on /home/airflow/.local/lib/python3.12/site-packages/airflow/example_dags/example_branch_operator.py
[2025-02-25T23:24:18.150+0000] {processor.py:914} INFO - Processing file /home/airflow/.local/lib/python3.12/site-packages/airflow/example_dags/example_branch_operator.py for tasks to queue
[2025-02-25T23:24:18.151+0000] {logging_mixin.py:190} INFO - [2025-02-25T23:24:18.151+0000] {dagbag.py:588} INFO - Filling up the DagBag from /home/airflow/.local/lib/python3.12/site-packages/airflow/example_dags/example_branch_operator.py
[2025-02-25T23:24:18.162+0000] {processor.py:925} INFO - DAG(s) 'example_branch_operator' retrieved from /home/airflow/.local/lib/python3.12/site-packages/airflow/example_dags/example_branch_operator.py
[2025-02-25T23:24:18.180+0000] {logging_mixin.py:190} INFO - [2025-02-25T23:24:18.180+0000] {dag.py:3239} INFO - Sync 1 DAGs
[2025-02-25T23:24:18.195+0000] {logging_mixin.py:190} INFO - [2025-02-25T23:24:18.195+0000] {dag.py:4180} INFO - Setting next_dagrun for example_branch_operator to 2025-02-24 00:00:00+00:00, run_after=2025-02-25 00:00:00+00:00
[2025-02-25T23:24:18.207+0000] {processor.py:208} INFO - Processing /home/airflow/.local/lib/python3.12/site-packages/airflow/example_dags/example_branch_operator.py took 0.062 seconds
[2025-02-25T23:24:48.949+0000] {processor.py:186} INFO - Started process (PID=372) to work on /home/airflow/.local/lib/python3.12/site-packages/airflow/example_dags/example_branch_operator.py
[2025-02-25T23:24:48.950+0000] {processor.py:914} INFO - Processing file /home/airflow/.local/lib/python3.12/site-packages/airflow/example_dags/example_branch_operator.py for tasks to queue
[2025-02-25T23:24:48.951+0000] {logging_mixin.py:190} INFO - [2025-02-25T23:24:48.951+0000] {dagbag.py:588} INFO - Filling up the DagBag from /home/airflow/.local/lib/python3.12/site-packages/airflow/example_dags/example_branch_operator.py
[2025-02-25T23:24:48.961+0000] {processor.py:925} INFO - DAG(s) 'example_branch_operator' retrieved from /home/airflow/.local/lib/python3.12/site-packages/airflow/example_dags/example_branch_operator.py
[2025-02-25T23:24:48.978+0000] {logging_mixin.py:190} INFO - [2025-02-25T23:24:48.978+0000] {dag.py:3239} INFO - Sync 1 DAGs
[2025-02-25T23:24:48.991+0000] {logging_mixin.py:190} INFO - [2025-02-25T23:24:48.990+0000] {dag.py:4180} INFO - Setting next_dagrun for example_branch_operator to 2025-02-24 00:00:00+00:00, run_after=2025-02-25 00:00:00+00:00
[2025-02-25T23:24:49.001+0000] {processor.py:208} INFO - Processing /home/airflow/.local/lib/python3.12/site-packages/airflow/example_dags/example_branch_operator.py took 0.055 seconds
[2025-02-25T23:25:21.599+0000] {processor.py:186} INFO - Started process (PID=435) to work on /home/airflow/.local/lib/python3.12/site-packages/airflow/example_dags/example_branch_operator.py
[2025-02-25T23:25:21.599+0000] {processor.py:914} INFO - Processing file /home/airflow/.local/lib/python3.12/site-packages/airflow/example_dags/example_branch_operator.py for tasks to queue
[2025-02-25T23:25:21.600+0000] {logging_mixin.py:190} INFO - [2025-02-25T23:25:21.600+0000] {dagbag.py:588} INFO - Filling up the DagBag from /home/airflow/.local/lib/python3.12/site-packages/airflow/example_dags/example_branch_operator.py
[2025-02-25T23:25:21.610+0000] {processor.py:925} INFO - DAG(s) 'example_branch_operator' retrieved from /home/airflow/.local/lib/python3.12/site-packages/airflow/example_dags/example_branch_operator.py
[2025-02-25T23:25:21.627+0000] {logging_mixin.py:190} INFO - [2025-02-25T23:25:21.627+0000] {dag.py:3239} INFO - Sync 1 DAGs
[2025-02-25T23:25:21.641+0000] {logging_mixin.py:190} INFO - [2025-02-25T23:25:21.640+0000] {dag.py:4180} INFO - Setting next_dagrun for example_branch_operator to 2025-02-24 00:00:00+00:00, run_after=2025-02-25 00:00:00+00:00
[2025-02-25T23:25:21.651+0000] {processor.py:208} INFO - Processing /home/airflow/.local/lib/python3.12/site-packages/airflow/example_dags/example_branch_operator.py took 0.055 seconds
[2025-02-25T23:25:52.772+0000] {processor.py:186} INFO - Started process (PID=498) to work on /home/airflow/.local/lib/python3.12/site-packages/airflow/example_dags/example_branch_operator.py
[2025-02-25T23:25:52.772+0000] {processor.py:914} INFO - Processing file /home/airflow/.local/lib/python3.12/site-packages/airflow/example_dags/example_branch_operator.py for tasks to queue
[2025-02-25T23:25:52.774+0000] {logging_mixin.py:190} INFO - [2025-02-25T23:25:52.773+0000] {dagbag.py:588} INFO - Filling up the DagBag from /home/airflow/.local/lib/python3.12/site-packages/airflow/example_dags/example_branch_operator.py
[2025-02-25T23:25:52.784+0000] {processor.py:925} INFO - DAG(s) 'example_branch_operator' retrieved from /home/airflow/.local/lib/python3.12/site-packages/airflow/example_dags/example_branch_operator.py
[2025-02-25T23:25:52.800+0000] {logging_mixin.py:190} INFO - [2025-02-25T23:25:52.800+0000] {dag.py:3239} INFO - Sync 1 DAGs
[2025-02-25T23:25:52.814+0000] {logging_mixin.py:190} INFO - [2025-02-25T23:25:52.814+0000] {dag.py:4180} INFO - Setting next_dagrun for example_branch_operator to 2025-02-24 00:00:00+00:00, run_after=2025-02-25 00:00:00+00:00
[2025-02-25T23:25:52.823+0000] {processor.py:208} INFO - Processing /home/airflow/.local/lib/python3.12/site-packages/airflow/example_dags/example_branch_operator.py took 0.055 seconds
[2025-02-25T23:26:23.806+0000] {processor.py:186} INFO - Started process (PID=561) to work on /home/airflow/.local/lib/python3.12/site-packages/airflow/example_dags/example_branch_operator.py
[2025-02-25T23:26:23.806+0000] {processor.py:914} INFO - Processing file /home/airflow/.local/lib/python3.12/site-packages/airflow/example_dags/example_branch_operator.py for tasks to queue
[2025-02-25T23:26:23.808+0000] {logging_mixin.py:190} INFO - [2025-02-25T23:26:23.808+0000] {dagbag.py:588} INFO - Filling up the DagBag from /home/airflow/.local/lib/python3.12/site-packages/airflow/example_dags/example_branch_operator.py
[2025-02-25T23:26:23.819+0000] {processor.py:925} INFO - DAG(s) 'example_branch_operator' retrieved from /home/airflow/.local/lib/python3.12/site-packages/airflow/example_dags/example_branch_operator.py
[2025-02-25T23:26:23.837+0000] {logging_mixin.py:190} INFO - [2025-02-25T23:26:23.837+0000] {dag.py:3239} INFO - Sync 1 DAGs
[2025-02-25T23:26:23.851+0000] {logging_mixin.py:190} INFO - [2025-02-25T23:26:23.851+0000] {dag.py:4180} INFO - Setting next_dagrun for example_branch_operator to 2025-02-24 00:00:00+00:00, run_after=2025-02-25 00:00:00+00:00
[2025-02-25T23:26:23.862+0000] {processor.py:208} INFO - Processing /home/airflow/.local/lib/python3.12/site-packages/airflow/example_dags/example_branch_operator.py took 0.060 seconds
[2025-02-25T23:26:54.446+0000] {processor.py:186} INFO - Started process (PID=625) to work on /home/airflow/.local/lib/python3.12/site-packages/airflow/example_dags/example_branch_operator.py
[2025-02-25T23:26:54.446+0000] {processor.py:914} INFO - Processing file /home/airflow/.local/lib/python3.12/site-packages/airflow/example_dags/example_branch_operator.py for tasks to queue
[2025-02-25T23:26:54.447+0000] {logging_mixin.py:190} INFO - [2025-02-25T23:26:54.447+0000] {dagbag.py:588} INFO - Filling up the DagBag from /home/airflow/.local/lib/python3.12/site-packages/airflow/example_dags/example_branch_operator.py
[2025-02-25T23:26:54.457+0000] {processor.py:925} INFO - DAG(s) 'example_branch_operator' retrieved from /home/airflow/.local/lib/python3.12/site-packages/airflow/example_dags/example_branch_operator.py
[2025-02-25T23:26:54.473+0000] {logging_mixin.py:190} INFO - [2025-02-25T23:26:54.473+0000] {dag.py:3239} INFO - Sync 1 DAGs
[2025-02-25T23:26:54.486+0000] {logging_mixin.py:190} INFO - [2025-02-25T23:26:54.486+0000] {dag.py:4180} INFO - Setting next_dagrun for example_branch_operator to 2025-02-24 00:00:00+00:00, run_after=2025-02-25 00:00:00+00:00
[2025-02-25T23:26:54.496+0000] {processor.py:208} INFO - Processing /home/airflow/.local/lib/python3.12/site-packages/airflow/example_dags/example_branch_operator.py took 0.053 seconds
[2025-02-25T23:27:24.996+0000] {processor.py:186} INFO - Started process (PID=682) to work on /home/airflow/.local/lib/python3.12/site-packages/airflow/example_dags/example_branch_operator.py
[2025-02-25T23:27:24.996+0000] {processor.py:914} INFO - Processing file /home/airflow/.local/lib/python3.12/site-packages/airflow/example_dags/example_branch_operator.py for tasks to queue
[2025-02-25T23:27:24.998+0000] {logging_mixin.py:190} INFO - [2025-02-25T23:27:24.997+0000] {dagbag.py:588} INFO - Filling up the DagBag from /home/airflow/.local/lib/python3.12/site-packages/airflow/example_dags/example_branch_operator.py
[2025-02-25T23:27:25.008+0000] {processor.py:925} INFO - DAG(s) 'example_branch_operator' retrieved from /home/airflow/.local/lib/python3.12/site-packages/airflow/example_dags/example_branch_operator.py
[2025-02-25T23:27:25.024+0000] {logging_mixin.py:190} INFO - [2025-02-25T23:27:25.024+0000] {dag.py:3239} INFO - Sync 1 DAGs
[2025-02-25T23:27:25.036+0000] {logging_mixin.py:190} INFO - [2025-02-25T23:27:25.036+0000] {dag.py:4180} INFO - Setting next_dagrun for example_branch_operator to 2025-02-24 00:00:00+00:00, run_after=2025-02-25 00:00:00+00:00
[2025-02-25T23:27:25.046+0000] {processor.py:208} INFO - Processing /home/airflow/.local/lib/python3.12/site-packages/airflow/example_dags/example_branch_operator.py took 0.054 seconds
[2025-02-25T23:27:55.927+0000] {processor.py:186} INFO - Started process (PID=745) to work on /home/airflow/.local/lib/python3.12/site-packages/airflow/example_dags/example_branch_operator.py
[2025-02-25T23:27:55.927+0000] {processor.py:914} INFO - Processing file /home/airflow/.local/lib/python3.12/site-packages/airflow/example_dags/example_branch_operator.py for tasks to queue
[2025-02-25T23:27:55.929+0000] {logging_mixin.py:190} INFO - [2025-02-25T23:27:55.928+0000] {dagbag.py:588} INFO - Filling up the DagBag from /home/airflow/.local/lib/python3.12/site-packages/airflow/example_dags/example_branch_operator.py
[2025-02-25T23:27:55.939+0000] {processor.py:925} INFO - DAG(s) 'example_branch_operator' retrieved from /home/airflow/.local/lib/python3.12/site-packages/airflow/example_dags/example_branch_operator.py
[2025-02-25T23:27:55.955+0000] {logging_mixin.py:190} INFO - [2025-02-25T23:27:55.955+0000] {dag.py:3239} INFO - Sync 1 DAGs
[2025-02-25T23:27:55.967+0000] {logging_mixin.py:190} INFO - [2025-02-25T23:27:55.967+0000] {dag.py:4180} INFO - Setting next_dagrun for example_branch_operator to 2025-02-24 00:00:00+00:00, run_after=2025-02-25 00:00:00+00:00
[2025-02-25T23:27:55.977+0000] {processor.py:208} INFO - Processing /home/airflow/.local/lib/python3.12/site-packages/airflow/example_dags/example_branch_operator.py took 0.053 seconds
[2025-02-25T23:28:26.924+0000] {processor.py:186} INFO - Started process (PID=808) to work on /home/airflow/.local/lib/python3.12/site-packages/airflow/example_dags/example_branch_operator.py
[2025-02-25T23:28:26.925+0000] {processor.py:914} INFO - Processing file /home/airflow/.local/lib/python3.12/site-packages/airflow/example_dags/example_branch_operator.py for tasks to queue
[2025-02-25T23:28:26.926+0000] {logging_mixin.py:190} INFO - [2025-02-25T23:28:26.926+0000] {dagbag.py:588} INFO - Filling up the DagBag from /home/airflow/.local/lib/python3.12/site-packages/airflow/example_dags/example_branch_operator.py
[2025-02-25T23:28:26.936+0000] {processor.py:925} INFO - DAG(s) 'example_branch_operator' retrieved from /home/airflow/.local/lib/python3.12/site-packages/airflow/example_dags/example_branch_operator.py
[2025-02-25T23:28:26.953+0000] {logging_mixin.py:190} INFO - [2025-02-25T23:28:26.953+0000] {dag.py:3239} INFO - Sync 1 DAGs
[2025-02-25T23:28:26.966+0000] {logging_mixin.py:190} INFO - [2025-02-25T23:28:26.966+0000] {dag.py:4180} INFO - Setting next_dagrun for example_branch_operator to 2025-02-24 00:00:00+00:00, run_after=2025-02-25 00:00:00+00:00
[2025-02-25T23:28:26.976+0000] {processor.py:208} INFO - Processing /home/airflow/.local/lib/python3.12/site-packages/airflow/example_dags/example_branch_operator.py took 0.056 seconds
[2025-02-25T23:28:57.508+0000] {processor.py:186} INFO - Started process (PID=871) to work on /home/airflow/.local/lib/python3.12/site-packages/airflow/example_dags/example_branch_operator.py
[2025-02-25T23:28:57.508+0000] {processor.py:914} INFO - Processing file /home/airflow/.local/lib/python3.12/site-packages/airflow/example_dags/example_branch_operator.py for tasks to queue
[2025-02-25T23:28:57.510+0000] {logging_mixin.py:190} INFO - [2025-02-25T23:28:57.510+0000] {dagbag.py:588} INFO - Filling up the DagBag from /home/airflow/.local/lib/python3.12/site-packages/airflow/example_dags/example_branch_operator.py
[2025-02-25T23:28:57.520+0000] {processor.py:925} INFO - DAG(s) 'example_branch_operator' retrieved from /home/airflow/.local/lib/python3.12/site-packages/airflow/example_dags/example_branch_operator.py
[2025-02-25T23:28:57.537+0000] {logging_mixin.py:190} INFO - [2025-02-25T23:28:57.537+0000] {dag.py:3239} INFO - Sync 1 DAGs
[2025-02-25T23:28:57.551+0000] {logging_mixin.py:190} INFO - [2025-02-25T23:28:57.551+0000] {dag.py:4180} INFO - Setting next_dagrun for example_branch_operator to 2025-02-24 00:00:00+00:00, run_after=2025-02-25 00:00:00+00:00
[2025-02-25T23:28:57.562+0000] {processor.py:208} INFO - Processing /home/airflow/.local/lib/python3.12/site-packages/airflow/example_dags/example_branch_operator.py took 0.057 seconds
[2025-02-25T23:29:28.706+0000] {processor.py:186} INFO - Started process (PID=934) to work on /home/airflow/.local/lib/python3.12/site-packages/airflow/example_dags/example_branch_operator.py
[2025-02-25T23:29:28.707+0000] {processor.py:914} INFO - Processing file /home/airflow/.local/lib/python3.12/site-packages/airflow/example_dags/example_branch_operator.py for tasks to queue
[2025-02-25T23:29:28.708+0000] {logging_mixin.py:190} INFO - [2025-02-25T23:29:28.708+0000] {dagbag.py:588} INFO - Filling up the DagBag from /home/airflow/.local/lib/python3.12/site-packages/airflow/example_dags/example_branch_operator.py
[2025-02-25T23:29:28.719+0000] {processor.py:925} INFO - DAG(s) 'example_branch_operator' retrieved from /home/airflow/.local/lib/python3.12/site-packages/airflow/example_dags/example_branch_operator.py
[2025-02-25T23:29:28.736+0000] {logging_mixin.py:190} INFO - [2025-02-25T23:29:28.736+0000] {dag.py:3239} INFO - Sync 1 DAGs
[2025-02-25T23:29:28.750+0000] {logging_mixin.py:190} INFO - [2025-02-25T23:29:28.750+0000] {dag.py:4180} INFO - Setting next_dagrun for example_branch_operator to 2025-02-24 00:00:00+00:00, run_after=2025-02-25 00:00:00+00:00
[2025-02-25T23:29:28.761+0000] {processor.py:208} INFO - Processing /home/airflow/.local/lib/python3.12/site-packages/airflow/example_dags/example_branch_operator.py took 0.059 seconds
[2025-02-25T23:30:06.125+0000] {processor.py:186} INFO - Started process (PID=997) to work on /home/airflow/.local/lib/python3.12/site-packages/airflow/example_dags/example_branch_operator.py
[2025-02-25T23:30:06.126+0000] {processor.py:914} INFO - Processing file /home/airflow/.local/lib/python3.12/site-packages/airflow/example_dags/example_branch_operator.py for tasks to queue
[2025-02-25T23:30:06.127+0000] {logging_mixin.py:190} INFO - [2025-02-25T23:30:06.127+0000] {dagbag.py:588} INFO - Filling up the DagBag from /home/airflow/.local/lib/python3.12/site-packages/airflow/example_dags/example_branch_operator.py
[2025-02-25T23:30:06.137+0000] {processor.py:925} INFO - DAG(s) 'example_branch_operator' retrieved from /home/airflow/.local/lib/python3.12/site-packages/airflow/example_dags/example_branch_operator.py
[2025-02-25T23:30:06.154+0000] {logging_mixin.py:190} INFO - [2025-02-25T23:30:06.154+0000] {dag.py:3239} INFO - Sync 1 DAGs
[2025-02-25T23:30:06.169+0000] {logging_mixin.py:190} INFO - [2025-02-25T23:30:06.169+0000] {dag.py:4180} INFO - Setting next_dagrun for example_branch_operator to 2025-02-24 00:00:00+00:00, run_after=2025-02-25 00:00:00+00:00
[2025-02-25T23:30:06.181+0000] {processor.py:208} INFO - Processing /home/airflow/.local/lib/python3.12/site-packages/airflow/example_dags/example_branch_operator.py took 0.060 seconds
[2025-02-25T23:30:37.136+0000] {processor.py:186} INFO - Started process (PID=1060) to work on /home/airflow/.local/lib/python3.12/site-packages/airflow/example_dags/example_branch_operator.py
[2025-02-25T23:30:37.136+0000] {processor.py:914} INFO - Processing file /home/airflow/.local/lib/python3.12/site-packages/airflow/example_dags/example_branch_operator.py for tasks to queue
[2025-02-25T23:30:37.137+0000] {logging_mixin.py:190} INFO - [2025-02-25T23:30:37.137+0000] {dagbag.py:588} INFO - Filling up the DagBag from /home/airflow/.local/lib/python3.12/site-packages/airflow/example_dags/example_branch_operator.py
[2025-02-25T23:30:37.147+0000] {processor.py:925} INFO - DAG(s) 'example_branch_operator' retrieved from /home/airflow/.local/lib/python3.12/site-packages/airflow/example_dags/example_branch_operator.py
[2025-02-25T23:30:37.163+0000] {logging_mixin.py:190} INFO - [2025-02-25T23:30:37.163+0000] {dag.py:3239} INFO - Sync 1 DAGs
[2025-02-25T23:30:37.177+0000] {logging_mixin.py:190} INFO - [2025-02-25T23:30:37.177+0000] {dag.py:4180} INFO - Setting next_dagrun for example_branch_operator to 2025-02-24 00:00:00+00:00, run_after=2025-02-25 00:00:00+00:00
[2025-02-25T23:30:37.186+0000] {processor.py:208} INFO - Processing /home/airflow/.local/lib/python3.12/site-packages/airflow/example_dags/example_branch_operator.py took 0.054 seconds
[2025-02-25T23:31:08.072+0000] {processor.py:186} INFO - Started process (PID=1123) to work on /home/airflow/.local/lib/python3.12/site-packages/airflow/example_dags/example_branch_operator.py
[2025-02-25T23:31:08.073+0000] {processor.py:914} INFO - Processing file /home/airflow/.local/lib/python3.12/site-packages/airflow/example_dags/example_branch_operator.py for tasks to queue
[2025-02-25T23:31:08.075+0000] {logging_mixin.py:190} INFO - [2025-02-25T23:31:08.075+0000] {dagbag.py:588} INFO - Filling up the DagBag from /home/airflow/.local/lib/python3.12/site-packages/airflow/example_dags/example_branch_operator.py
[2025-02-25T23:31:08.085+0000] {processor.py:925} INFO - DAG(s) 'example_branch_operator' retrieved from /home/airflow/.local/lib/python3.12/site-packages/airflow/example_dags/example_branch_operator.py
[2025-02-25T23:31:08.101+0000] {logging_mixin.py:190} INFO - [2025-02-25T23:31:08.101+0000] {dag.py:3239} INFO - Sync 1 DAGs
[2025-02-25T23:31:08.115+0000] {logging_mixin.py:190} INFO - [2025-02-25T23:31:08.114+0000] {dag.py:4180} INFO - Setting next_dagrun for example_branch_operator to 2025-02-24 00:00:00+00:00, run_after=2025-02-25 00:00:00+00:00
[2025-02-25T23:31:08.125+0000] {processor.py:208} INFO - Processing /home/airflow/.local/lib/python3.12/site-packages/airflow/example_dags/example_branch_operator.py took 0.056 seconds
[2025-02-25T23:31:38.693+0000] {processor.py:186} INFO - Started process (PID=1186) to work on /home/airflow/.local/lib/python3.12/site-packages/airflow/example_dags/example_branch_operator.py
[2025-02-25T23:31:38.694+0000] {processor.py:914} INFO - Processing file /home/airflow/.local/lib/python3.12/site-packages/airflow/example_dags/example_branch_operator.py for tasks to queue
[2025-02-25T23:31:38.695+0000] {logging_mixin.py:190} INFO - [2025-02-25T23:31:38.695+0000] {dagbag.py:588} INFO - Filling up the DagBag from /home/airflow/.local/lib/python3.12/site-packages/airflow/example_dags/example_branch_operator.py
[2025-02-25T23:31:38.705+0000] {processor.py:925} INFO - DAG(s) 'example_branch_operator' retrieved from /home/airflow/.local/lib/python3.12/site-packages/airflow/example_dags/example_branch_operator.py
[2025-02-25T23:31:38.722+0000] {logging_mixin.py:190} INFO - [2025-02-25T23:31:38.722+0000] {dag.py:3239} INFO - Sync 1 DAGs
[2025-02-25T23:31:38.736+0000] {logging_mixin.py:190} INFO - [2025-02-25T23:31:38.736+0000] {dag.py:4180} INFO - Setting next_dagrun for example_branch_operator to 2025-02-24 00:00:00+00:00, run_after=2025-02-25 00:00:00+00:00
[2025-02-25T23:31:38.749+0000] {processor.py:208} INFO - Processing /home/airflow/.local/lib/python3.12/site-packages/airflow/example_dags/example_branch_operator.py took 0.059 seconds
[2025-02-25T23:32:09.669+0000] {processor.py:186} INFO - Started process (PID=1249) to work on /home/airflow/.local/lib/python3.12/site-packages/airflow/example_dags/example_branch_operator.py
[2025-02-25T23:32:09.670+0000] {processor.py:914} INFO - Processing file /home/airflow/.local/lib/python3.12/site-packages/airflow/example_dags/example_branch_operator.py for tasks to queue
[2025-02-25T23:32:09.671+0000] {logging_mixin.py:190} INFO - [2025-02-25T23:32:09.671+0000] {dagbag.py:588} INFO - Filling up the DagBag from /home/airflow/.local/lib/python3.12/site-packages/airflow/example_dags/example_branch_operator.py
[2025-02-25T23:32:09.681+0000] {processor.py:925} INFO - DAG(s) 'example_branch_operator' retrieved from /home/airflow/.local/lib/python3.12/site-packages/airflow/example_dags/example_branch_operator.py
[2025-02-25T23:32:09.698+0000] {logging_mixin.py:190} INFO - [2025-02-25T23:32:09.698+0000] {dag.py:3239} INFO - Sync 1 DAGs
[2025-02-25T23:32:09.712+0000] {logging_mixin.py:190} INFO - [2025-02-25T23:32:09.712+0000] {dag.py:4180} INFO - Setting next_dagrun for example_branch_operator to 2025-02-24 00:00:00+00:00, run_after=2025-02-25 00:00:00+00:00
[2025-02-25T23:32:09.723+0000] {processor.py:208} INFO - Processing /home/airflow/.local/lib/python3.12/site-packages/airflow/example_dags/example_branch_operator.py took 0.058 seconds
[2025-02-25T23:32:43.861+0000] {processor.py:186} INFO - Started process (PID=1312) to work on /home/airflow/.local/lib/python3.12/site-packages/airflow/example_dags/example_branch_operator.py
[2025-02-25T23:32:43.862+0000] {processor.py:914} INFO - Processing file /home/airflow/.local/lib/python3.12/site-packages/airflow/example_dags/example_branch_operator.py for tasks to queue
[2025-02-25T23:32:43.864+0000] {logging_mixin.py:190} INFO - [2025-02-25T23:32:43.864+0000] {dagbag.py:588} INFO - Filling up the DagBag from /home/airflow/.local/lib/python3.12/site-packages/airflow/example_dags/example_branch_operator.py
[2025-02-25T23:32:43.873+0000] {processor.py:925} INFO - DAG(s) 'example_branch_operator' retrieved from /home/airflow/.local/lib/python3.12/site-packages/airflow/example_dags/example_branch_operator.py
[2025-02-25T23:32:43.890+0000] {logging_mixin.py:190} INFO - [2025-02-25T23:32:43.889+0000] {dag.py:3239} INFO - Sync 1 DAGs
[2025-02-25T23:32:43.903+0000] {logging_mixin.py:190} INFO - [2025-02-25T23:32:43.903+0000] {dag.py:4180} INFO - Setting next_dagrun for example_branch_operator to 2025-02-24 00:00:00+00:00, run_after=2025-02-25 00:00:00+00:00
[2025-02-25T23:32:43.913+0000] {processor.py:208} INFO - Processing /home/airflow/.local/lib/python3.12/site-packages/airflow/example_dags/example_branch_operator.py took 0.055 seconds
[2025-02-25T23:33:14.628+0000] {processor.py:186} INFO - Started process (PID=1375) to work on /home/airflow/.local/lib/python3.12/site-packages/airflow/example_dags/example_branch_operator.py
[2025-02-25T23:33:14.629+0000] {processor.py:914} INFO - Processing file /home/airflow/.local/lib/python3.12/site-packages/airflow/example_dags/example_branch_operator.py for tasks to queue
[2025-02-25T23:33:14.630+0000] {logging_mixin.py:190} INFO - [2025-02-25T23:33:14.630+0000] {dagbag.py:588} INFO - Filling up the DagBag from /home/airflow/.local/lib/python3.12/site-packages/airflow/example_dags/example_branch_operator.py
[2025-02-25T23:33:14.640+0000] {processor.py:925} INFO - DAG(s) 'example_branch_operator' retrieved from /home/airflow/.local/lib/python3.12/site-packages/airflow/example_dags/example_branch_operator.py
[2025-02-25T23:33:14.657+0000] {logging_mixin.py:190} INFO - [2025-02-25T23:33:14.657+0000] {dag.py:3239} INFO - Sync 1 DAGs
[2025-02-25T23:33:14.671+0000] {logging_mixin.py:190} INFO - [2025-02-25T23:33:14.671+0000] {dag.py:4180} INFO - Setting next_dagrun for example_branch_operator to 2025-02-24 00:00:00+00:00, run_after=2025-02-25 00:00:00+00:00
[2025-02-25T23:33:14.682+0000] {processor.py:208} INFO - Processing /home/airflow/.local/lib/python3.12/site-packages/airflow/example_dags/example_branch_operator.py took 0.057 seconds
[2025-02-25T23:33:45.318+0000] {processor.py:186} INFO - Started process (PID=1438) to work on /home/airflow/.local/lib/python3.12/site-packages/airflow/example_dags/example_branch_operator.py
[2025-02-25T23:33:45.318+0000] {processor.py:914} INFO - Processing file /home/airflow/.local/lib/python3.12/site-packages/airflow/example_dags/example_branch_operator.py for tasks to queue
[2025-02-25T23:33:45.320+0000] {logging_mixin.py:190} INFO - [2025-02-25T23:33:45.319+0000] {dagbag.py:588} INFO - Filling up the DagBag from /home/airflow/.local/lib/python3.12/site-packages/airflow/example_dags/example_branch_operator.py
[2025-02-25T23:33:45.329+0000] {processor.py:925} INFO - DAG(s) 'example_branch_operator' retrieved from /home/airflow/.local/lib/python3.12/site-packages/airflow/example_dags/example_branch_operator.py
[2025-02-25T23:33:45.346+0000] {logging_mixin.py:190} INFO - [2025-02-25T23:33:45.346+0000] {dag.py:3239} INFO - Sync 1 DAGs
[2025-02-25T23:33:45.360+0000] {logging_mixin.py:190} INFO - [2025-02-25T23:33:45.360+0000] {dag.py:4180} INFO - Setting next_dagrun for example_branch_operator to 2025-02-24 00:00:00+00:00, run_after=2025-02-25 00:00:00+00:00
[2025-02-25T23:33:45.372+0000] {processor.py:208} INFO - Processing /home/airflow/.local/lib/python3.12/site-packages/airflow/example_dags/example_branch_operator.py took 0.057 seconds
[2025-02-25T23:34:15.926+0000] {processor.py:186} INFO - Started process (PID=1501) to work on /home/airflow/.local/lib/python3.12/site-packages/airflow/example_dags/example_branch_operator.py
[2025-02-25T23:34:15.927+0000] {processor.py:914} INFO - Processing file /home/airflow/.local/lib/python3.12/site-packages/airflow/example_dags/example_branch_operator.py for tasks to queue
[2025-02-25T23:34:15.928+0000] {logging_mixin.py:190} INFO - [2025-02-25T23:34:15.928+0000] {dagbag.py:588} INFO - Filling up the DagBag from /home/airflow/.local/lib/python3.12/site-packages/airflow/example_dags/example_branch_operator.py
[2025-02-25T23:34:15.938+0000] {processor.py:925} INFO - DAG(s) 'example_branch_operator' retrieved from /home/airflow/.local/lib/python3.12/site-packages/airflow/example_dags/example_branch_operator.py
[2025-02-25T23:34:15.955+0000] {logging_mixin.py:190} INFO - [2025-02-25T23:34:15.955+0000] {dag.py:3239} INFO - Sync 1 DAGs
[2025-02-25T23:34:15.968+0000] {logging_mixin.py:190} INFO - [2025-02-25T23:34:15.968+0000] {dag.py:4180} INFO - Setting next_dagrun for example_branch_operator to 2025-02-24 00:00:00+00:00, run_after=2025-02-25 00:00:00+00:00
[2025-02-25T23:34:15.979+0000] {processor.py:208} INFO - Processing /home/airflow/.local/lib/python3.12/site-packages/airflow/example_dags/example_branch_operator.py took 0.056 seconds
[2025-02-25T23:34:46.932+0000] {processor.py:186} INFO - Started process (PID=1564) to work on /home/airflow/.local/lib/python3.12/site-packages/airflow/example_dags/example_branch_operator.py
[2025-02-25T23:34:46.933+0000] {processor.py:914} INFO - Processing file /home/airflow/.local/lib/python3.12/site-packages/airflow/example_dags/example_branch_operator.py for tasks to queue
[2025-02-25T23:34:46.934+0000] {logging_mixin.py:190} INFO - [2025-02-25T23:34:46.934+0000] {dagbag.py:588} INFO - Filling up the DagBag from /home/airflow/.local/lib/python3.12/site-packages/airflow/example_dags/example_branch_operator.py
[2025-02-25T23:34:46.945+0000] {processor.py:925} INFO - DAG(s) 'example_branch_operator' retrieved from /home/airflow/.local/lib/python3.12/site-packages/airflow/example_dags/example_branch_operator.py
[2025-02-25T23:34:46.963+0000] {logging_mixin.py:190} INFO - [2025-02-25T23:34:46.963+0000] {dag.py:3239} INFO - Sync 1 DAGs
[2025-02-25T23:34:46.977+0000] {logging_mixin.py:190} INFO - [2025-02-25T23:34:46.977+0000] {dag.py:4180} INFO - Setting next_dagrun for example_branch_operator to 2025-02-24 00:00:00+00:00, run_after=2025-02-25 00:00:00+00:00
[2025-02-25T23:34:46.990+0000] {processor.py:208} INFO - Processing /home/airflow/.local/lib/python3.12/site-packages/airflow/example_dags/example_branch_operator.py took 0.061 seconds
[2025-02-25T23:35:17.997+0000] {processor.py:186} INFO - Started process (PID=1627) to work on /home/airflow/.local/lib/python3.12/site-packages/airflow/example_dags/example_branch_operator.py
[2025-02-25T23:35:17.998+0000] {processor.py:914} INFO - Processing file /home/airflow/.local/lib/python3.12/site-packages/airflow/example_dags/example_branch_operator.py for tasks to queue
[2025-02-25T23:35:18.000+0000] {logging_mixin.py:190} INFO - [2025-02-25T23:35:17.999+0000] {dagbag.py:588} INFO - Filling up the DagBag from /home/airflow/.local/lib/python3.12/site-packages/airflow/example_dags/example_branch_operator.py
[2025-02-25T23:35:18.009+0000] {processor.py:925} INFO - DAG(s) 'example_branch_operator' retrieved from /home/airflow/.local/lib/python3.12/site-packages/airflow/example_dags/example_branch_operator.py
[2025-02-25T23:35:18.027+0000] {logging_mixin.py:190} INFO - [2025-02-25T23:35:18.027+0000] {dag.py:3239} INFO - Sync 1 DAGs
[2025-02-25T23:35:18.040+0000] {logging_mixin.py:190} INFO - [2025-02-25T23:35:18.040+0000] {dag.py:4180} INFO - Setting next_dagrun for example_branch_operator to 2025-02-24 00:00:00+00:00, run_after=2025-02-25 00:00:00+00:00
[2025-02-25T23:35:18.051+0000] {processor.py:208} INFO - Processing /home/airflow/.local/lib/python3.12/site-packages/airflow/example_dags/example_branch_operator.py took 0.057 seconds
[2025-02-25T23:35:48.822+0000] {processor.py:186} INFO - Started process (PID=1690) to work on /home/airflow/.local/lib/python3.12/site-packages/airflow/example_dags/example_branch_operator.py
[2025-02-25T23:35:48.823+0000] {processor.py:914} INFO - Processing file /home/airflow/.local/lib/python3.12/site-packages/airflow/example_dags/example_branch_operator.py for tasks to queue
[2025-02-25T23:35:48.824+0000] {logging_mixin.py:190} INFO - [2025-02-25T23:35:48.824+0000] {dagbag.py:588} INFO - Filling up the DagBag from /home/airflow/.local/lib/python3.12/site-packages/airflow/example_dags/example_branch_operator.py
[2025-02-25T23:35:48.834+0000] {processor.py:925} INFO - DAG(s) 'example_branch_operator' retrieved from /home/airflow/.local/lib/python3.12/site-packages/airflow/example_dags/example_branch_operator.py
[2025-02-25T23:35:48.851+0000] {logging_mixin.py:190} INFO - [2025-02-25T23:35:48.851+0000] {dag.py:3239} INFO - Sync 1 DAGs
[2025-02-25T23:35:48.867+0000] {logging_mixin.py:190} INFO - [2025-02-25T23:35:48.866+0000] {dag.py:4180} INFO - Setting next_dagrun for example_branch_operator to 2025-02-24 00:00:00+00:00, run_after=2025-02-25 00:00:00+00:00
[2025-02-25T23:35:48.877+0000] {processor.py:208} INFO - Processing /home/airflow/.local/lib/python3.12/site-packages/airflow/example_dags/example_branch_operator.py took 0.058 seconds
[2025-02-25T23:36:20.010+0000] {processor.py:186} INFO - Started process (PID=1753) to work on /home/airflow/.local/lib/python3.12/site-packages/airflow/example_dags/example_branch_operator.py
[2025-02-25T23:36:20.010+0000] {processor.py:914} INFO - Processing file /home/airflow/.local/lib/python3.12/site-packages/airflow/example_dags/example_branch_operator.py for tasks to queue
[2025-02-25T23:36:20.012+0000] {logging_mixin.py:190} INFO - [2025-02-25T23:36:20.012+0000] {dagbag.py:588} INFO - Filling up the DagBag from /home/airflow/.local/lib/python3.12/site-packages/airflow/example_dags/example_branch_operator.py
[2025-02-25T23:36:20.022+0000] {processor.py:925} INFO - DAG(s) 'example_branch_operator' retrieved from /home/airflow/.local/lib/python3.12/site-packages/airflow/example_dags/example_branch_operator.py
[2025-02-25T23:36:20.039+0000] {logging_mixin.py:190} INFO - [2025-02-25T23:36:20.039+0000] {dag.py:3239} INFO - Sync 1 DAGs
[2025-02-25T23:36:20.054+0000] {logging_mixin.py:190} INFO - [2025-02-25T23:36:20.054+0000] {dag.py:4180} INFO - Setting next_dagrun for example_branch_operator to 2025-02-24 00:00:00+00:00, run_after=2025-02-25 00:00:00+00:00
[2025-02-25T23:36:20.064+0000] {processor.py:208} INFO - Processing /home/airflow/.local/lib/python3.12/site-packages/airflow/example_dags/example_branch_operator.py took 0.058 seconds
[2025-02-25T23:36:51.220+0000] {processor.py:186} INFO - Started process (PID=1816) to work on /home/airflow/.local/lib/python3.12/site-packages/airflow/example_dags/example_branch_operator.py
[2025-02-25T23:36:51.221+0000] {processor.py:914} INFO - Processing file /home/airflow/.local/lib/python3.12/site-packages/airflow/example_dags/example_branch_operator.py for tasks to queue
[2025-02-25T23:36:51.222+0000] {logging_mixin.py:190} INFO - [2025-02-25T23:36:51.222+0000] {dagbag.py:588} INFO - Filling up the DagBag from /home/airflow/.local/lib/python3.12/site-packages/airflow/example_dags/example_branch_operator.py
[2025-02-25T23:36:51.233+0000] {processor.py:925} INFO - DAG(s) 'example_branch_operator' retrieved from /home/airflow/.local/lib/python3.12/site-packages/airflow/example_dags/example_branch_operator.py
[2025-02-25T23:36:51.250+0000] {logging_mixin.py:190} INFO - [2025-02-25T23:36:51.250+0000] {dag.py:3239} INFO - Sync 1 DAGs
[2025-02-25T23:36:51.265+0000] {logging_mixin.py:190} INFO - [2025-02-25T23:36:51.265+0000] {dag.py:4180} INFO - Setting next_dagrun for example_branch_operator to 2025-02-24 00:00:00+00:00, run_after=2025-02-25 00:00:00+00:00
[2025-02-25T23:36:51.279+0000] {processor.py:208} INFO - Processing /home/airflow/.local/lib/python3.12/site-packages/airflow/example_dags/example_branch_operator.py took 0.062 seconds
[2025-02-25T23:37:25.557+0000] {processor.py:186} INFO - Started process (PID=1879) to work on /home/airflow/.local/lib/python3.12/site-packages/airflow/example_dags/example_branch_operator.py
[2025-02-25T23:37:25.558+0000] {processor.py:914} INFO - Processing file /home/airflow/.local/lib/python3.12/site-packages/airflow/example_dags/example_branch_operator.py for tasks to queue
[2025-02-25T23:37:25.559+0000] {logging_mixin.py:190} INFO - [2025-02-25T23:37:25.559+0000] {dagbag.py:588} INFO - Filling up the DagBag from /home/airflow/.local/lib/python3.12/site-packages/airflow/example_dags/example_branch_operator.py
[2025-02-25T23:37:25.570+0000] {processor.py:925} INFO - DAG(s) 'example_branch_operator' retrieved from /home/airflow/.local/lib/python3.12/site-packages/airflow/example_dags/example_branch_operator.py
[2025-02-25T23:37:25.588+0000] {logging_mixin.py:190} INFO - [2025-02-25T23:37:25.588+0000] {dag.py:3239} INFO - Sync 1 DAGs
[2025-02-25T23:37:25.602+0000] {logging_mixin.py:190} INFO - [2025-02-25T23:37:25.602+0000] {dag.py:4180} INFO - Setting next_dagrun for example_branch_operator to 2025-02-24 00:00:00+00:00, run_after=2025-02-25 00:00:00+00:00
[2025-02-25T23:37:25.614+0000] {processor.py:208} INFO - Processing /home/airflow/.local/lib/python3.12/site-packages/airflow/example_dags/example_branch_operator.py took 0.060 seconds
[2025-02-25T23:37:59.895+0000] {processor.py:186} INFO - Started process (PID=1942) to work on /home/airflow/.local/lib/python3.12/site-packages/airflow/example_dags/example_branch_operator.py
[2025-02-25T23:37:59.897+0000] {processor.py:914} INFO - Processing file /home/airflow/.local/lib/python3.12/site-packages/airflow/example_dags/example_branch_operator.py for tasks to queue
[2025-02-25T23:37:59.898+0000] {logging_mixin.py:190} INFO - [2025-02-25T23:37:59.898+0000] {dagbag.py:588} INFO - Filling up the DagBag from /home/airflow/.local/lib/python3.12/site-packages/airflow/example_dags/example_branch_operator.py
[2025-02-25T23:37:59.907+0000] {processor.py:925} INFO - DAG(s) 'example_branch_operator' retrieved from /home/airflow/.local/lib/python3.12/site-packages/airflow/example_dags/example_branch_operator.py
[2025-02-25T23:37:59.925+0000] {logging_mixin.py:190} INFO - [2025-02-25T23:37:59.924+0000] {dag.py:3239} INFO - Sync 1 DAGs
[2025-02-25T23:37:59.938+0000] {logging_mixin.py:190} INFO - [2025-02-25T23:37:59.937+0000] {dag.py:4180} INFO - Setting next_dagrun for example_branch_operator to 2025-02-24 00:00:00+00:00, run_after=2025-02-25 00:00:00+00:00
[2025-02-25T23:37:59.948+0000] {processor.py:208} INFO - Processing /home/airflow/.local/lib/python3.12/site-packages/airflow/example_dags/example_branch_operator.py took 0.056 seconds
[2025-02-25T23:38:30.780+0000] {processor.py:186} INFO - Started process (PID=2005) to work on /home/airflow/.local/lib/python3.12/site-packages/airflow/example_dags/example_branch_operator.py
[2025-02-25T23:38:30.781+0000] {processor.py:914} INFO - Processing file /home/airflow/.local/lib/python3.12/site-packages/airflow/example_dags/example_branch_operator.py for tasks to queue
[2025-02-25T23:38:30.783+0000] {logging_mixin.py:190} INFO - [2025-02-25T23:38:30.783+0000] {dagbag.py:588} INFO - Filling up the DagBag from /home/airflow/.local/lib/python3.12/site-packages/airflow/example_dags/example_branch_operator.py
[2025-02-25T23:38:30.793+0000] {processor.py:925} INFO - DAG(s) 'example_branch_operator' retrieved from /home/airflow/.local/lib/python3.12/site-packages/airflow/example_dags/example_branch_operator.py
[2025-02-25T23:38:30.810+0000] {logging_mixin.py:190} INFO - [2025-02-25T23:38:30.809+0000] {dag.py:3239} INFO - Sync 1 DAGs
[2025-02-25T23:38:30.824+0000] {logging_mixin.py:190} INFO - [2025-02-25T23:38:30.823+0000] {dag.py:4180} INFO - Setting next_dagrun for example_branch_operator to 2025-02-24 00:00:00+00:00, run_after=2025-02-25 00:00:00+00:00
[2025-02-25T23:38:30.835+0000] {processor.py:208} INFO - Processing /home/airflow/.local/lib/python3.12/site-packages/airflow/example_dags/example_branch_operator.py took 0.058 seconds
[2025-02-25T23:39:01.459+0000] {processor.py:186} INFO - Started process (PID=2068) to work on /home/airflow/.local/lib/python3.12/site-packages/airflow/example_dags/example_branch_operator.py
[2025-02-25T23:39:01.460+0000] {processor.py:914} INFO - Processing file /home/airflow/.local/lib/python3.12/site-packages/airflow/example_dags/example_branch_operator.py for tasks to queue
[2025-02-25T23:39:01.461+0000] {logging_mixin.py:190} INFO - [2025-02-25T23:39:01.461+0000] {dagbag.py:588} INFO - Filling up the DagBag from /home/airflow/.local/lib/python3.12/site-packages/airflow/example_dags/example_branch_operator.py
[2025-02-25T23:39:01.470+0000] {processor.py:925} INFO - DAG(s) 'example_branch_operator' retrieved from /home/airflow/.local/lib/python3.12/site-packages/airflow/example_dags/example_branch_operator.py
[2025-02-25T23:39:01.487+0000] {logging_mixin.py:190} INFO - [2025-02-25T23:39:01.487+0000] {dag.py:3239} INFO - Sync 1 DAGs
[2025-02-25T23:39:01.501+0000] {logging_mixin.py:190} INFO - [2025-02-25T23:39:01.501+0000] {dag.py:4180} INFO - Setting next_dagrun for example_branch_operator to 2025-02-24 00:00:00+00:00, run_after=2025-02-25 00:00:00+00:00
[2025-02-25T23:39:01.512+0000] {processor.py:208} INFO - Processing /home/airflow/.local/lib/python3.12/site-packages/airflow/example_dags/example_branch_operator.py took 0.057 seconds
[2025-02-25T23:39:32.626+0000] {processor.py:186} INFO - Started process (PID=2131) to work on /home/airflow/.local/lib/python3.12/site-packages/airflow/example_dags/example_branch_operator.py
[2025-02-25T23:39:32.627+0000] {processor.py:914} INFO - Processing file /home/airflow/.local/lib/python3.12/site-packages/airflow/example_dags/example_branch_operator.py for tasks to queue
[2025-02-25T23:39:32.628+0000] {logging_mixin.py:190} INFO - [2025-02-25T23:39:32.628+0000] {dagbag.py:588} INFO - Filling up the DagBag from /home/airflow/.local/lib/python3.12/site-packages/airflow/example_dags/example_branch_operator.py
[2025-02-25T23:39:32.638+0000] {processor.py:925} INFO - DAG(s) 'example_branch_operator' retrieved from /home/airflow/.local/lib/python3.12/site-packages/airflow/example_dags/example_branch_operator.py
[2025-02-25T23:39:32.655+0000] {logging_mixin.py:190} INFO - [2025-02-25T23:39:32.655+0000] {dag.py:3239} INFO - Sync 1 DAGs
[2025-02-25T23:39:32.667+0000] {logging_mixin.py:190} INFO - [2025-02-25T23:39:32.667+0000] {dag.py:4180} INFO - Setting next_dagrun for example_branch_operator to 2025-02-24 00:00:00+00:00, run_after=2025-02-25 00:00:00+00:00
[2025-02-25T23:39:32.677+0000] {processor.py:208} INFO - Processing /home/airflow/.local/lib/python3.12/site-packages/airflow/example_dags/example_branch_operator.py took 0.055 seconds
[2025-02-25T23:41:49.807+0000] {processor.py:186} INFO - Started process (PID=57) to work on /home/airflow/.local/lib/python3.12/site-packages/airflow/example_dags/example_branch_operator.py
[2025-02-25T23:41:49.808+0000] {processor.py:914} INFO - Processing file /home/airflow/.local/lib/python3.12/site-packages/airflow/example_dags/example_branch_operator.py for tasks to queue
[2025-02-25T23:41:49.809+0000] {logging_mixin.py:190} INFO - [2025-02-25T23:41:49.809+0000] {dagbag.py:588} INFO - Filling up the DagBag from /home/airflow/.local/lib/python3.12/site-packages/airflow/example_dags/example_branch_operator.py
[2025-02-25T23:41:49.820+0000] {processor.py:925} INFO - DAG(s) 'example_branch_operator' retrieved from /home/airflow/.local/lib/python3.12/site-packages/airflow/example_dags/example_branch_operator.py
[2025-02-25T23:41:49.898+0000] {logging_mixin.py:190} INFO - [2025-02-25T23:41:49.897+0000] {override.py:1912} INFO - Created Permission View: can edit on DAG:example_branch_operator
[2025-02-25T23:41:49.903+0000] {logging_mixin.py:190} INFO - [2025-02-25T23:41:49.903+0000] {override.py:1912} INFO - Created Permission View: can delete on DAG:example_branch_operator
[2025-02-25T23:41:49.906+0000] {logging_mixin.py:190} INFO - [2025-02-25T23:41:49.906+0000] {override.py:1912} INFO - Created Permission View: can read on DAG:example_branch_operator
[2025-02-25T23:41:49.910+0000] {logging_mixin.py:190} INFO - [2025-02-25T23:41:49.910+0000] {override.py:1912} INFO - Created Permission View: can create on DAG Run:example_branch_operator
[2025-02-25T23:41:49.914+0000] {logging_mixin.py:190} INFO - [2025-02-25T23:41:49.913+0000] {override.py:1912} INFO - Created Permission View: can delete on DAG Run:example_branch_operator
[2025-02-25T23:41:49.917+0000] {logging_mixin.py:190} INFO - [2025-02-25T23:41:49.917+0000] {override.py:1912} INFO - Created Permission View: can read on DAG Run:example_branch_operator
[2025-02-25T23:41:49.920+0000] {logging_mixin.py:190} INFO - [2025-02-25T23:41:49.920+0000] {override.py:1912} INFO - Created Permission View: menu access on DAG Run:example_branch_operator
[2025-02-25T23:41:49.920+0000] {logging_mixin.py:190} INFO - [2025-02-25T23:41:49.920+0000] {dag.py:3239} INFO - Sync 1 DAGs
[2025-02-25T23:41:49.929+0000] {logging_mixin.py:190} INFO - [2025-02-25T23:41:49.929+0000] {dag.py:3262} INFO - Creating ORM DAG for example_branch_operator
[2025-02-25T23:41:49.935+0000] {logging_mixin.py:190} INFO - [2025-02-25T23:41:49.935+0000] {dag.py:4180} INFO - Setting next_dagrun for example_branch_operator to 2025-02-24 00:00:00+00:00, run_after=2025-02-25 00:00:00+00:00
[2025-02-25T23:41:49.944+0000] {processor.py:208} INFO - Processing /home/airflow/.local/lib/python3.12/site-packages/airflow/example_dags/example_branch_operator.py took 0.140 seconds
[2025-02-25T23:42:23.615+0000] {processor.py:186} INFO - Started process (PID=120) to work on /home/airflow/.local/lib/python3.12/site-packages/airflow/example_dags/example_branch_operator.py
[2025-02-25T23:42:23.616+0000] {processor.py:914} INFO - Processing file /home/airflow/.local/lib/python3.12/site-packages/airflow/example_dags/example_branch_operator.py for tasks to queue
[2025-02-25T23:42:23.617+0000] {logging_mixin.py:190} INFO - [2025-02-25T23:42:23.617+0000] {dagbag.py:588} INFO - Filling up the DagBag from /home/airflow/.local/lib/python3.12/site-packages/airflow/example_dags/example_branch_operator.py
[2025-02-25T23:42:23.628+0000] {processor.py:925} INFO - DAG(s) 'example_branch_operator' retrieved from /home/airflow/.local/lib/python3.12/site-packages/airflow/example_dags/example_branch_operator.py
[2025-02-25T23:42:23.645+0000] {logging_mixin.py:190} INFO - [2025-02-25T23:42:23.645+0000] {dag.py:3239} INFO - Sync 1 DAGs
[2025-02-25T23:42:23.659+0000] {logging_mixin.py:190} INFO - [2025-02-25T23:42:23.659+0000] {dag.py:4180} INFO - Setting next_dagrun for example_branch_operator to 2025-02-24 00:00:00+00:00, run_after=2025-02-25 00:00:00+00:00
[2025-02-25T23:42:23.669+0000] {processor.py:208} INFO - Processing /home/airflow/.local/lib/python3.12/site-packages/airflow/example_dags/example_branch_operator.py took 0.057 seconds
[2025-02-25T23:42:54.393+0000] {processor.py:186} INFO - Started process (PID=183) to work on /home/airflow/.local/lib/python3.12/site-packages/airflow/example_dags/example_branch_operator.py
[2025-02-25T23:42:54.393+0000] {processor.py:914} INFO - Processing file /home/airflow/.local/lib/python3.12/site-packages/airflow/example_dags/example_branch_operator.py for tasks to queue
[2025-02-25T23:42:54.395+0000] {logging_mixin.py:190} INFO - [2025-02-25T23:42:54.394+0000] {dagbag.py:588} INFO - Filling up the DagBag from /home/airflow/.local/lib/python3.12/site-packages/airflow/example_dags/example_branch_operator.py
[2025-02-25T23:42:54.404+0000] {processor.py:925} INFO - DAG(s) 'example_branch_operator' retrieved from /home/airflow/.local/lib/python3.12/site-packages/airflow/example_dags/example_branch_operator.py
[2025-02-25T23:42:54.423+0000] {logging_mixin.py:190} INFO - [2025-02-25T23:42:54.423+0000] {dag.py:3239} INFO - Sync 1 DAGs
[2025-02-25T23:42:54.439+0000] {logging_mixin.py:190} INFO - [2025-02-25T23:42:54.439+0000] {dag.py:4180} INFO - Setting next_dagrun for example_branch_operator to 2025-02-24 00:00:00+00:00, run_after=2025-02-25 00:00:00+00:00
[2025-02-25T23:42:54.452+0000] {processor.py:208} INFO - Processing /home/airflow/.local/lib/python3.12/site-packages/airflow/example_dags/example_branch_operator.py took 0.063 seconds
[2025-02-25T23:43:25.245+0000] {processor.py:186} INFO - Started process (PID=246) to work on /home/airflow/.local/lib/python3.12/site-packages/airflow/example_dags/example_branch_operator.py
[2025-02-25T23:43:25.246+0000] {processor.py:914} INFO - Processing file /home/airflow/.local/lib/python3.12/site-packages/airflow/example_dags/example_branch_operator.py for tasks to queue
[2025-02-25T23:43:25.248+0000] {logging_mixin.py:190} INFO - [2025-02-25T23:43:25.247+0000] {dagbag.py:588} INFO - Filling up the DagBag from /home/airflow/.local/lib/python3.12/site-packages/airflow/example_dags/example_branch_operator.py
[2025-02-25T23:43:25.258+0000] {processor.py:925} INFO - DAG(s) 'example_branch_operator' retrieved from /home/airflow/.local/lib/python3.12/site-packages/airflow/example_dags/example_branch_operator.py
[2025-02-25T23:43:25.276+0000] {logging_mixin.py:190} INFO - [2025-02-25T23:43:25.276+0000] {dag.py:3239} INFO - Sync 1 DAGs
[2025-02-25T23:43:25.289+0000] {logging_mixin.py:190} INFO - [2025-02-25T23:43:25.289+0000] {dag.py:4180} INFO - Setting next_dagrun for example_branch_operator to 2025-02-24 00:00:00+00:00, run_after=2025-02-25 00:00:00+00:00
[2025-02-25T23:43:25.300+0000] {processor.py:208} INFO - Processing /home/airflow/.local/lib/python3.12/site-packages/airflow/example_dags/example_branch_operator.py took 0.058 seconds
[2025-02-25T23:43:56.288+0000] {processor.py:186} INFO - Started process (PID=309) to work on /home/airflow/.local/lib/python3.12/site-packages/airflow/example_dags/example_branch_operator.py
[2025-02-25T23:43:56.289+0000] {processor.py:914} INFO - Processing file /home/airflow/.local/lib/python3.12/site-packages/airflow/example_dags/example_branch_operator.py for tasks to queue
[2025-02-25T23:43:56.291+0000] {logging_mixin.py:190} INFO - [2025-02-25T23:43:56.290+0000] {dagbag.py:588} INFO - Filling up the DagBag from /home/airflow/.local/lib/python3.12/site-packages/airflow/example_dags/example_branch_operator.py
[2025-02-25T23:43:56.300+0000] {processor.py:925} INFO - DAG(s) 'example_branch_operator' retrieved from /home/airflow/.local/lib/python3.12/site-packages/airflow/example_dags/example_branch_operator.py
[2025-02-25T23:43:56.317+0000] {logging_mixin.py:190} INFO - [2025-02-25T23:43:56.317+0000] {dag.py:3239} INFO - Sync 1 DAGs
[2025-02-25T23:43:56.329+0000] {logging_mixin.py:190} INFO - [2025-02-25T23:43:56.329+0000] {dag.py:4180} INFO - Setting next_dagrun for example_branch_operator to 2025-02-24 00:00:00+00:00, run_after=2025-02-25 00:00:00+00:00
[2025-02-25T23:43:56.339+0000] {processor.py:208} INFO - Processing /home/airflow/.local/lib/python3.12/site-packages/airflow/example_dags/example_branch_operator.py took 0.054 seconds
[2025-02-25T23:44:26.951+0000] {processor.py:186} INFO - Started process (PID=372) to work on /home/airflow/.local/lib/python3.12/site-packages/airflow/example_dags/example_branch_operator.py
[2025-02-25T23:44:26.952+0000] {processor.py:914} INFO - Processing file /home/airflow/.local/lib/python3.12/site-packages/airflow/example_dags/example_branch_operator.py for tasks to queue
[2025-02-25T23:44:26.953+0000] {logging_mixin.py:190} INFO - [2025-02-25T23:44:26.953+0000] {dagbag.py:588} INFO - Filling up the DagBag from /home/airflow/.local/lib/python3.12/site-packages/airflow/example_dags/example_branch_operator.py
[2025-02-25T23:44:26.963+0000] {processor.py:925} INFO - DAG(s) 'example_branch_operator' retrieved from /home/airflow/.local/lib/python3.12/site-packages/airflow/example_dags/example_branch_operator.py
[2025-02-25T23:44:26.981+0000] {logging_mixin.py:190} INFO - [2025-02-25T23:44:26.980+0000] {dag.py:3239} INFO - Sync 1 DAGs
[2025-02-25T23:44:26.995+0000] {logging_mixin.py:190} INFO - [2025-02-25T23:44:26.994+0000] {dag.py:4180} INFO - Setting next_dagrun for example_branch_operator to 2025-02-24 00:00:00+00:00, run_after=2025-02-25 00:00:00+00:00
[2025-02-25T23:44:27.006+0000] {processor.py:208} INFO - Processing /home/airflow/.local/lib/python3.12/site-packages/airflow/example_dags/example_branch_operator.py took 0.058 seconds
[2025-02-25T23:44:57.737+0000] {processor.py:186} INFO - Started process (PID=435) to work on /home/airflow/.local/lib/python3.12/site-packages/airflow/example_dags/example_branch_operator.py
[2025-02-25T23:44:57.738+0000] {processor.py:914} INFO - Processing file /home/airflow/.local/lib/python3.12/site-packages/airflow/example_dags/example_branch_operator.py for tasks to queue
[2025-02-25T23:44:57.739+0000] {logging_mixin.py:190} INFO - [2025-02-25T23:44:57.739+0000] {dagbag.py:588} INFO - Filling up the DagBag from /home/airflow/.local/lib/python3.12/site-packages/airflow/example_dags/example_branch_operator.py
[2025-02-25T23:44:57.750+0000] {processor.py:925} INFO - DAG(s) 'example_branch_operator' retrieved from /home/airflow/.local/lib/python3.12/site-packages/airflow/example_dags/example_branch_operator.py
[2025-02-25T23:44:57.767+0000] {logging_mixin.py:190} INFO - [2025-02-25T23:44:57.767+0000] {dag.py:3239} INFO - Sync 1 DAGs
[2025-02-25T23:44:57.781+0000] {logging_mixin.py:190} INFO - [2025-02-25T23:44:57.781+0000] {dag.py:4180} INFO - Setting next_dagrun for example_branch_operator to 2025-02-24 00:00:00+00:00, run_after=2025-02-25 00:00:00+00:00
[2025-02-25T23:44:57.793+0000] {processor.py:208} INFO - Processing /home/airflow/.local/lib/python3.12/site-packages/airflow/example_dags/example_branch_operator.py took 0.060 seconds
[2025-02-25T23:45:28.435+0000] {processor.py:186} INFO - Started process (PID=498) to work on /home/airflow/.local/lib/python3.12/site-packages/airflow/example_dags/example_branch_operator.py
[2025-02-25T23:45:28.436+0000] {processor.py:914} INFO - Processing file /home/airflow/.local/lib/python3.12/site-packages/airflow/example_dags/example_branch_operator.py for tasks to queue
[2025-02-25T23:45:28.437+0000] {logging_mixin.py:190} INFO - [2025-02-25T23:45:28.437+0000] {dagbag.py:588} INFO - Filling up the DagBag from /home/airflow/.local/lib/python3.12/site-packages/airflow/example_dags/example_branch_operator.py
[2025-02-25T23:45:28.447+0000] {processor.py:925} INFO - DAG(s) 'example_branch_operator' retrieved from /home/airflow/.local/lib/python3.12/site-packages/airflow/example_dags/example_branch_operator.py
[2025-02-25T23:45:28.463+0000] {logging_mixin.py:190} INFO - [2025-02-25T23:45:28.463+0000] {dag.py:3239} INFO - Sync 1 DAGs
[2025-02-25T23:45:28.475+0000] {logging_mixin.py:190} INFO - [2025-02-25T23:45:28.475+0000] {dag.py:4180} INFO - Setting next_dagrun for example_branch_operator to 2025-02-24 00:00:00+00:00, run_after=2025-02-25 00:00:00+00:00
[2025-02-25T23:45:28.486+0000] {processor.py:208} INFO - Processing /home/airflow/.local/lib/python3.12/site-packages/airflow/example_dags/example_branch_operator.py took 0.054 seconds
[2025-02-25T23:45:59.266+0000] {processor.py:186} INFO - Started process (PID=561) to work on /home/airflow/.local/lib/python3.12/site-packages/airflow/example_dags/example_branch_operator.py
[2025-02-25T23:45:59.267+0000] {processor.py:914} INFO - Processing file /home/airflow/.local/lib/python3.12/site-packages/airflow/example_dags/example_branch_operator.py for tasks to queue
[2025-02-25T23:45:59.268+0000] {logging_mixin.py:190} INFO - [2025-02-25T23:45:59.268+0000] {dagbag.py:588} INFO - Filling up the DagBag from /home/airflow/.local/lib/python3.12/site-packages/airflow/example_dags/example_branch_operator.py
[2025-02-25T23:45:59.278+0000] {processor.py:925} INFO - DAG(s) 'example_branch_operator' retrieved from /home/airflow/.local/lib/python3.12/site-packages/airflow/example_dags/example_branch_operator.py
[2025-02-25T23:45:59.295+0000] {logging_mixin.py:190} INFO - [2025-02-25T23:45:59.295+0000] {dag.py:3239} INFO - Sync 1 DAGs
[2025-02-25T23:45:59.308+0000] {logging_mixin.py:190} INFO - [2025-02-25T23:45:59.308+0000] {dag.py:4180} INFO - Setting next_dagrun for example_branch_operator to 2025-02-24 00:00:00+00:00, run_after=2025-02-25 00:00:00+00:00
[2025-02-25T23:45:59.319+0000] {processor.py:208} INFO - Processing /home/airflow/.local/lib/python3.12/site-packages/airflow/example_dags/example_branch_operator.py took 0.057 seconds
[2025-02-25T23:46:30.050+0000] {processor.py:186} INFO - Started process (PID=618) to work on /home/airflow/.local/lib/python3.12/site-packages/airflow/example_dags/example_branch_operator.py
[2025-02-25T23:46:30.050+0000] {processor.py:914} INFO - Processing file /home/airflow/.local/lib/python3.12/site-packages/airflow/example_dags/example_branch_operator.py for tasks to queue
[2025-02-25T23:46:30.052+0000] {logging_mixin.py:190} INFO - [2025-02-25T23:46:30.052+0000] {dagbag.py:588} INFO - Filling up the DagBag from /home/airflow/.local/lib/python3.12/site-packages/airflow/example_dags/example_branch_operator.py
[2025-02-25T23:46:30.061+0000] {processor.py:925} INFO - DAG(s) 'example_branch_operator' retrieved from /home/airflow/.local/lib/python3.12/site-packages/airflow/example_dags/example_branch_operator.py
[2025-02-25T23:46:30.077+0000] {logging_mixin.py:190} INFO - [2025-02-25T23:46:30.077+0000] {dag.py:3239} INFO - Sync 1 DAGs
[2025-02-25T23:46:30.091+0000] {logging_mixin.py:190} INFO - [2025-02-25T23:46:30.091+0000] {dag.py:4180} INFO - Setting next_dagrun for example_branch_operator to 2025-02-24 00:00:00+00:00, run_after=2025-02-25 00:00:00+00:00
[2025-02-25T23:46:30.102+0000] {processor.py:208} INFO - Processing /home/airflow/.local/lib/python3.12/site-packages/airflow/example_dags/example_branch_operator.py took 0.055 seconds
[2025-02-25T23:47:00.935+0000] {processor.py:186} INFO - Started process (PID=687) to work on /home/airflow/.local/lib/python3.12/site-packages/airflow/example_dags/example_branch_operator.py
[2025-02-25T23:47:00.936+0000] {processor.py:914} INFO - Processing file /home/airflow/.local/lib/python3.12/site-packages/airflow/example_dags/example_branch_operator.py for tasks to queue
[2025-02-25T23:47:00.937+0000] {logging_mixin.py:190} INFO - [2025-02-25T23:47:00.937+0000] {dagbag.py:588} INFO - Filling up the DagBag from /home/airflow/.local/lib/python3.12/site-packages/airflow/example_dags/example_branch_operator.py
[2025-02-25T23:47:00.947+0000] {processor.py:925} INFO - DAG(s) 'example_branch_operator' retrieved from /home/airflow/.local/lib/python3.12/site-packages/airflow/example_dags/example_branch_operator.py
[2025-02-25T23:47:00.964+0000] {logging_mixin.py:190} INFO - [2025-02-25T23:47:00.963+0000] {dag.py:3239} INFO - Sync 1 DAGs
[2025-02-25T23:47:00.977+0000] {logging_mixin.py:190} INFO - [2025-02-25T23:47:00.977+0000] {dag.py:4180} INFO - Setting next_dagrun for example_branch_operator to 2025-02-24 00:00:00+00:00, run_after=2025-02-25 00:00:00+00:00
[2025-02-25T23:47:00.987+0000] {processor.py:208} INFO - Processing /home/airflow/.local/lib/python3.12/site-packages/airflow/example_dags/example_branch_operator.py took 0.055 seconds
[2025-02-25T23:47:31.621+0000] {processor.py:186} INFO - Started process (PID=744) to work on /home/airflow/.local/lib/python3.12/site-packages/airflow/example_dags/example_branch_operator.py
[2025-02-25T23:47:31.621+0000] {processor.py:914} INFO - Processing file /home/airflow/.local/lib/python3.12/site-packages/airflow/example_dags/example_branch_operator.py for tasks to queue
[2025-02-25T23:47:31.622+0000] {logging_mixin.py:190} INFO - [2025-02-25T23:47:31.622+0000] {dagbag.py:588} INFO - Filling up the DagBag from /home/airflow/.local/lib/python3.12/site-packages/airflow/example_dags/example_branch_operator.py
[2025-02-25T23:47:31.631+0000] {processor.py:925} INFO - DAG(s) 'example_branch_operator' retrieved from /home/airflow/.local/lib/python3.12/site-packages/airflow/example_dags/example_branch_operator.py
[2025-02-25T23:47:31.648+0000] {logging_mixin.py:190} INFO - [2025-02-25T23:47:31.648+0000] {dag.py:3239} INFO - Sync 1 DAGs
[2025-02-25T23:47:31.660+0000] {logging_mixin.py:190} INFO - [2025-02-25T23:47:31.660+0000] {dag.py:4180} INFO - Setting next_dagrun for example_branch_operator to 2025-02-24 00:00:00+00:00, run_after=2025-02-25 00:00:00+00:00
[2025-02-25T23:47:31.670+0000] {processor.py:208} INFO - Processing /home/airflow/.local/lib/python3.12/site-packages/airflow/example_dags/example_branch_operator.py took 0.053 seconds
[2025-02-25T23:48:02.353+0000] {processor.py:186} INFO - Started process (PID=807) to work on /home/airflow/.local/lib/python3.12/site-packages/airflow/example_dags/example_branch_operator.py
[2025-02-25T23:48:02.354+0000] {processor.py:914} INFO - Processing file /home/airflow/.local/lib/python3.12/site-packages/airflow/example_dags/example_branch_operator.py for tasks to queue
[2025-02-25T23:48:02.355+0000] {logging_mixin.py:190} INFO - [2025-02-25T23:48:02.355+0000] {dagbag.py:588} INFO - Filling up the DagBag from /home/airflow/.local/lib/python3.12/site-packages/airflow/example_dags/example_branch_operator.py
[2025-02-25T23:48:02.366+0000] {processor.py:925} INFO - DAG(s) 'example_branch_operator' retrieved from /home/airflow/.local/lib/python3.12/site-packages/airflow/example_dags/example_branch_operator.py
[2025-02-25T23:48:02.384+0000] {logging_mixin.py:190} INFO - [2025-02-25T23:48:02.384+0000] {dag.py:3239} INFO - Sync 1 DAGs
[2025-02-25T23:48:02.398+0000] {logging_mixin.py:190} INFO - [2025-02-25T23:48:02.398+0000] {dag.py:4180} INFO - Setting next_dagrun for example_branch_operator to 2025-02-24 00:00:00+00:00, run_after=2025-02-25 00:00:00+00:00
[2025-02-25T23:48:02.409+0000] {processor.py:208} INFO - Processing /home/airflow/.local/lib/python3.12/site-packages/airflow/example_dags/example_branch_operator.py took 0.060 seconds
[2025-02-25T23:48:33.246+0000] {processor.py:186} INFO - Started process (PID=870) to work on /home/airflow/.local/lib/python3.12/site-packages/airflow/example_dags/example_branch_operator.py
[2025-02-25T23:48:33.247+0000] {processor.py:914} INFO - Processing file /home/airflow/.local/lib/python3.12/site-packages/airflow/example_dags/example_branch_operator.py for tasks to queue
[2025-02-25T23:48:33.248+0000] {logging_mixin.py:190} INFO - [2025-02-25T23:48:33.248+0000] {dagbag.py:588} INFO - Filling up the DagBag from /home/airflow/.local/lib/python3.12/site-packages/airflow/example_dags/example_branch_operator.py
[2025-02-25T23:48:33.259+0000] {processor.py:925} INFO - DAG(s) 'example_branch_operator' retrieved from /home/airflow/.local/lib/python3.12/site-packages/airflow/example_dags/example_branch_operator.py
[2025-02-25T23:48:33.277+0000] {logging_mixin.py:190} INFO - [2025-02-25T23:48:33.276+0000] {dag.py:3239} INFO - Sync 1 DAGs
[2025-02-25T23:48:33.290+0000] {logging_mixin.py:190} INFO - [2025-02-25T23:48:33.290+0000] {dag.py:4180} INFO - Setting next_dagrun for example_branch_operator to 2025-02-24 00:00:00+00:00, run_after=2025-02-25 00:00:00+00:00
[2025-02-25T23:48:33.301+0000] {processor.py:208} INFO - Processing /home/airflow/.local/lib/python3.12/site-packages/airflow/example_dags/example_branch_operator.py took 0.058 seconds
[2025-02-25T23:49:04.492+0000] {processor.py:186} INFO - Started process (PID=933) to work on /home/airflow/.local/lib/python3.12/site-packages/airflow/example_dags/example_branch_operator.py
[2025-02-25T23:49:04.493+0000] {processor.py:914} INFO - Processing file /home/airflow/.local/lib/python3.12/site-packages/airflow/example_dags/example_branch_operator.py for tasks to queue
[2025-02-25T23:49:04.494+0000] {logging_mixin.py:190} INFO - [2025-02-25T23:49:04.494+0000] {dagbag.py:588} INFO - Filling up the DagBag from /home/airflow/.local/lib/python3.12/site-packages/airflow/example_dags/example_branch_operator.py
[2025-02-25T23:49:04.504+0000] {processor.py:925} INFO - DAG(s) 'example_branch_operator' retrieved from /home/airflow/.local/lib/python3.12/site-packages/airflow/example_dags/example_branch_operator.py
[2025-02-25T23:49:04.522+0000] {logging_mixin.py:190} INFO - [2025-02-25T23:49:04.522+0000] {dag.py:3239} INFO - Sync 1 DAGs
[2025-02-25T23:49:04.536+0000] {logging_mixin.py:190} INFO - [2025-02-25T23:49:04.535+0000] {dag.py:4180} INFO - Setting next_dagrun for example_branch_operator to 2025-02-24 00:00:00+00:00, run_after=2025-02-25 00:00:00+00:00
[2025-02-25T23:49:04.547+0000] {processor.py:208} INFO - Processing /home/airflow/.local/lib/python3.12/site-packages/airflow/example_dags/example_branch_operator.py took 0.058 seconds
[2025-02-25T23:49:34.924+0000] {processor.py:186} INFO - Started process (PID=996) to work on /home/airflow/.local/lib/python3.12/site-packages/airflow/example_dags/example_branch_operator.py
[2025-02-25T23:49:34.925+0000] {processor.py:914} INFO - Processing file /home/airflow/.local/lib/python3.12/site-packages/airflow/example_dags/example_branch_operator.py for tasks to queue
[2025-02-25T23:49:34.926+0000] {logging_mixin.py:190} INFO - [2025-02-25T23:49:34.926+0000] {dagbag.py:588} INFO - Filling up the DagBag from /home/airflow/.local/lib/python3.12/site-packages/airflow/example_dags/example_branch_operator.py
[2025-02-25T23:49:34.936+0000] {processor.py:925} INFO - DAG(s) 'example_branch_operator' retrieved from /home/airflow/.local/lib/python3.12/site-packages/airflow/example_dags/example_branch_operator.py
[2025-02-25T23:49:34.952+0000] {logging_mixin.py:190} INFO - [2025-02-25T23:49:34.952+0000] {dag.py:3239} INFO - Sync 1 DAGs
[2025-02-25T23:49:34.964+0000] {logging_mixin.py:190} INFO - [2025-02-25T23:49:34.964+0000] {dag.py:4180} INFO - Setting next_dagrun for example_branch_operator to 2025-02-24 00:00:00+00:00, run_after=2025-02-25 00:00:00+00:00
[2025-02-25T23:49:34.974+0000] {processor.py:208} INFO - Processing /home/airflow/.local/lib/python3.12/site-packages/airflow/example_dags/example_branch_operator.py took 0.053 seconds
[2025-02-25T23:50:05.590+0000] {processor.py:186} INFO - Started process (PID=1059) to work on /home/airflow/.local/lib/python3.12/site-packages/airflow/example_dags/example_branch_operator.py
[2025-02-25T23:50:05.591+0000] {processor.py:914} INFO - Processing file /home/airflow/.local/lib/python3.12/site-packages/airflow/example_dags/example_branch_operator.py for tasks to queue
[2025-02-25T23:50:05.592+0000] {logging_mixin.py:190} INFO - [2025-02-25T23:50:05.592+0000] {dagbag.py:588} INFO - Filling up the DagBag from /home/airflow/.local/lib/python3.12/site-packages/airflow/example_dags/example_branch_operator.py
[2025-02-25T23:50:05.603+0000] {processor.py:925} INFO - DAG(s) 'example_branch_operator' retrieved from /home/airflow/.local/lib/python3.12/site-packages/airflow/example_dags/example_branch_operator.py
[2025-02-25T23:50:05.619+0000] {logging_mixin.py:190} INFO - [2025-02-25T23:50:05.619+0000] {dag.py:3239} INFO - Sync 1 DAGs
[2025-02-25T23:50:05.632+0000] {logging_mixin.py:190} INFO - [2025-02-25T23:50:05.632+0000] {dag.py:4180} INFO - Setting next_dagrun for example_branch_operator to 2025-02-24 00:00:00+00:00, run_after=2025-02-25 00:00:00+00:00
[2025-02-25T23:50:05.642+0000] {processor.py:208} INFO - Processing /home/airflow/.local/lib/python3.12/site-packages/airflow/example_dags/example_branch_operator.py took 0.055 seconds
[2025-02-25T23:50:36.078+0000] {processor.py:186} INFO - Started process (PID=1122) to work on /home/airflow/.local/lib/python3.12/site-packages/airflow/example_dags/example_branch_operator.py
[2025-02-25T23:50:36.079+0000] {processor.py:914} INFO - Processing file /home/airflow/.local/lib/python3.12/site-packages/airflow/example_dags/example_branch_operator.py for tasks to queue
[2025-02-25T23:50:36.080+0000] {logging_mixin.py:190} INFO - [2025-02-25T23:50:36.080+0000] {dagbag.py:588} INFO - Filling up the DagBag from /home/airflow/.local/lib/python3.12/site-packages/airflow/example_dags/example_branch_operator.py
[2025-02-25T23:50:36.090+0000] {processor.py:925} INFO - DAG(s) 'example_branch_operator' retrieved from /home/airflow/.local/lib/python3.12/site-packages/airflow/example_dags/example_branch_operator.py
[2025-02-25T23:50:36.106+0000] {logging_mixin.py:190} INFO - [2025-02-25T23:50:36.106+0000] {dag.py:3239} INFO - Sync 1 DAGs
[2025-02-25T23:50:36.120+0000] {logging_mixin.py:190} INFO - [2025-02-25T23:50:36.120+0000] {dag.py:4180} INFO - Setting next_dagrun for example_branch_operator to 2025-02-24 00:00:00+00:00, run_after=2025-02-25 00:00:00+00:00
[2025-02-25T23:50:36.130+0000] {processor.py:208} INFO - Processing /home/airflow/.local/lib/python3.12/site-packages/airflow/example_dags/example_branch_operator.py took 0.055 seconds
[2025-02-25T23:51:06.546+0000] {processor.py:186} INFO - Started process (PID=1185) to work on /home/airflow/.local/lib/python3.12/site-packages/airflow/example_dags/example_branch_operator.py
[2025-02-25T23:51:06.547+0000] {processor.py:914} INFO - Processing file /home/airflow/.local/lib/python3.12/site-packages/airflow/example_dags/example_branch_operator.py for tasks to queue
[2025-02-25T23:51:06.548+0000] {logging_mixin.py:190} INFO - [2025-02-25T23:51:06.548+0000] {dagbag.py:588} INFO - Filling up the DagBag from /home/airflow/.local/lib/python3.12/site-packages/airflow/example_dags/example_branch_operator.py
[2025-02-25T23:51:06.559+0000] {processor.py:925} INFO - DAG(s) 'example_branch_operator' retrieved from /home/airflow/.local/lib/python3.12/site-packages/airflow/example_dags/example_branch_operator.py
[2025-02-25T23:51:06.576+0000] {logging_mixin.py:190} INFO - [2025-02-25T23:51:06.576+0000] {dag.py:3239} INFO - Sync 1 DAGs
[2025-02-25T23:51:06.589+0000] {logging_mixin.py:190} INFO - [2025-02-25T23:51:06.589+0000] {dag.py:4180} INFO - Setting next_dagrun for example_branch_operator to 2025-02-24 00:00:00+00:00, run_after=2025-02-25 00:00:00+00:00
[2025-02-25T23:51:06.599+0000] {processor.py:208} INFO - Processing /home/airflow/.local/lib/python3.12/site-packages/airflow/example_dags/example_branch_operator.py took 0.056 seconds
[2025-02-25T23:51:37.106+0000] {processor.py:186} INFO - Started process (PID=1248) to work on /home/airflow/.local/lib/python3.12/site-packages/airflow/example_dags/example_branch_operator.py
[2025-02-25T23:51:37.108+0000] {processor.py:914} INFO - Processing file /home/airflow/.local/lib/python3.12/site-packages/airflow/example_dags/example_branch_operator.py for tasks to queue
[2025-02-25T23:51:37.109+0000] {logging_mixin.py:190} INFO - [2025-02-25T23:51:37.109+0000] {dagbag.py:588} INFO - Filling up the DagBag from /home/airflow/.local/lib/python3.12/site-packages/airflow/example_dags/example_branch_operator.py
[2025-02-25T23:51:37.119+0000] {processor.py:925} INFO - DAG(s) 'example_branch_operator' retrieved from /home/airflow/.local/lib/python3.12/site-packages/airflow/example_dags/example_branch_operator.py
[2025-02-25T23:51:37.135+0000] {logging_mixin.py:190} INFO - [2025-02-25T23:51:37.135+0000] {dag.py:3239} INFO - Sync 1 DAGs
[2025-02-25T23:51:37.148+0000] {logging_mixin.py:190} INFO - [2025-02-25T23:51:37.148+0000] {dag.py:4180} INFO - Setting next_dagrun for example_branch_operator to 2025-02-24 00:00:00+00:00, run_after=2025-02-25 00:00:00+00:00
[2025-02-25T23:51:37.158+0000] {processor.py:208} INFO - Processing /home/airflow/.local/lib/python3.12/site-packages/airflow/example_dags/example_branch_operator.py took 0.055 seconds
[2025-02-25T23:52:08.158+0000] {processor.py:186} INFO - Started process (PID=1311) to work on /home/airflow/.local/lib/python3.12/site-packages/airflow/example_dags/example_branch_operator.py
[2025-02-25T23:52:08.159+0000] {processor.py:914} INFO - Processing file /home/airflow/.local/lib/python3.12/site-packages/airflow/example_dags/example_branch_operator.py for tasks to queue
[2025-02-25T23:52:08.161+0000] {logging_mixin.py:190} INFO - [2025-02-25T23:52:08.160+0000] {dagbag.py:588} INFO - Filling up the DagBag from /home/airflow/.local/lib/python3.12/site-packages/airflow/example_dags/example_branch_operator.py
[2025-02-25T23:52:08.170+0000] {processor.py:925} INFO - DAG(s) 'example_branch_operator' retrieved from /home/airflow/.local/lib/python3.12/site-packages/airflow/example_dags/example_branch_operator.py
[2025-02-25T23:52:08.187+0000] {logging_mixin.py:190} INFO - [2025-02-25T23:52:08.187+0000] {dag.py:3239} INFO - Sync 1 DAGs
[2025-02-25T23:52:08.200+0000] {logging_mixin.py:190} INFO - [2025-02-25T23:52:08.200+0000] {dag.py:4180} INFO - Setting next_dagrun for example_branch_operator to 2025-02-24 00:00:00+00:00, run_after=2025-02-25 00:00:00+00:00
[2025-02-25T23:52:08.211+0000] {processor.py:208} INFO - Processing /home/airflow/.local/lib/python3.12/site-packages/airflow/example_dags/example_branch_operator.py took 0.056 seconds
[2025-02-25T23:52:39.147+0000] {processor.py:186} INFO - Started process (PID=1374) to work on /home/airflow/.local/lib/python3.12/site-packages/airflow/example_dags/example_branch_operator.py
[2025-02-25T23:52:39.148+0000] {processor.py:914} INFO - Processing file /home/airflow/.local/lib/python3.12/site-packages/airflow/example_dags/example_branch_operator.py for tasks to queue
[2025-02-25T23:52:39.149+0000] {logging_mixin.py:190} INFO - [2025-02-25T23:52:39.149+0000] {dagbag.py:588} INFO - Filling up the DagBag from /home/airflow/.local/lib/python3.12/site-packages/airflow/example_dags/example_branch_operator.py
[2025-02-25T23:52:39.158+0000] {processor.py:925} INFO - DAG(s) 'example_branch_operator' retrieved from /home/airflow/.local/lib/python3.12/site-packages/airflow/example_dags/example_branch_operator.py
[2025-02-25T23:52:39.176+0000] {logging_mixin.py:190} INFO - [2025-02-25T23:52:39.175+0000] {dag.py:3239} INFO - Sync 1 DAGs
[2025-02-25T23:52:39.188+0000] {logging_mixin.py:190} INFO - [2025-02-25T23:52:39.188+0000] {dag.py:4180} INFO - Setting next_dagrun for example_branch_operator to 2025-02-24 00:00:00+00:00, run_after=2025-02-25 00:00:00+00:00
[2025-02-25T23:52:39.198+0000] {processor.py:208} INFO - Processing /home/airflow/.local/lib/python3.12/site-packages/airflow/example_dags/example_branch_operator.py took 0.054 seconds
[2025-02-25T23:53:10.126+0000] {processor.py:186} INFO - Started process (PID=1438) to work on /home/airflow/.local/lib/python3.12/site-packages/airflow/example_dags/example_branch_operator.py
[2025-02-25T23:53:10.127+0000] {processor.py:914} INFO - Processing file /home/airflow/.local/lib/python3.12/site-packages/airflow/example_dags/example_branch_operator.py for tasks to queue
[2025-02-25T23:53:10.129+0000] {logging_mixin.py:190} INFO - [2025-02-25T23:53:10.129+0000] {dagbag.py:588} INFO - Filling up the DagBag from /home/airflow/.local/lib/python3.12/site-packages/airflow/example_dags/example_branch_operator.py
[2025-02-25T23:53:10.139+0000] {processor.py:925} INFO - DAG(s) 'example_branch_operator' retrieved from /home/airflow/.local/lib/python3.12/site-packages/airflow/example_dags/example_branch_operator.py
[2025-02-25T23:53:10.155+0000] {logging_mixin.py:190} INFO - [2025-02-25T23:53:10.155+0000] {dag.py:3239} INFO - Sync 1 DAGs
[2025-02-25T23:53:10.168+0000] {logging_mixin.py:190} INFO - [2025-02-25T23:53:10.168+0000] {dag.py:4180} INFO - Setting next_dagrun for example_branch_operator to 2025-02-24 00:00:00+00:00, run_after=2025-02-25 00:00:00+00:00
[2025-02-25T23:53:10.183+0000] {processor.py:208} INFO - Processing /home/airflow/.local/lib/python3.12/site-packages/airflow/example_dags/example_branch_operator.py took 0.059 seconds
[2025-02-25T23:53:41.159+0000] {processor.py:186} INFO - Started process (PID=1501) to work on /home/airflow/.local/lib/python3.12/site-packages/airflow/example_dags/example_branch_operator.py
[2025-02-25T23:53:41.160+0000] {processor.py:914} INFO - Processing file /home/airflow/.local/lib/python3.12/site-packages/airflow/example_dags/example_branch_operator.py for tasks to queue
[2025-02-25T23:53:41.161+0000] {logging_mixin.py:190} INFO - [2025-02-25T23:53:41.161+0000] {dagbag.py:588} INFO - Filling up the DagBag from /home/airflow/.local/lib/python3.12/site-packages/airflow/example_dags/example_branch_operator.py
[2025-02-25T23:53:41.171+0000] {processor.py:925} INFO - DAG(s) 'example_branch_operator' retrieved from /home/airflow/.local/lib/python3.12/site-packages/airflow/example_dags/example_branch_operator.py
[2025-02-25T23:53:41.188+0000] {logging_mixin.py:190} INFO - [2025-02-25T23:53:41.187+0000] {dag.py:3239} INFO - Sync 1 DAGs
[2025-02-25T23:53:41.202+0000] {logging_mixin.py:190} INFO - [2025-02-25T23:53:41.202+0000] {dag.py:4180} INFO - Setting next_dagrun for example_branch_operator to 2025-02-24 00:00:00+00:00, run_after=2025-02-25 00:00:00+00:00
[2025-02-25T23:53:41.213+0000] {processor.py:208} INFO - Processing /home/airflow/.local/lib/python3.12/site-packages/airflow/example_dags/example_branch_operator.py took 0.057 seconds
[2025-02-25T23:54:12.068+0000] {processor.py:186} INFO - Started process (PID=1564) to work on /home/airflow/.local/lib/python3.12/site-packages/airflow/example_dags/example_branch_operator.py
[2025-02-25T23:54:12.068+0000] {processor.py:914} INFO - Processing file /home/airflow/.local/lib/python3.12/site-packages/airflow/example_dags/example_branch_operator.py for tasks to queue
[2025-02-25T23:54:12.070+0000] {logging_mixin.py:190} INFO - [2025-02-25T23:54:12.069+0000] {dagbag.py:588} INFO - Filling up the DagBag from /home/airflow/.local/lib/python3.12/site-packages/airflow/example_dags/example_branch_operator.py
[2025-02-25T23:54:12.080+0000] {processor.py:925} INFO - DAG(s) 'example_branch_operator' retrieved from /home/airflow/.local/lib/python3.12/site-packages/airflow/example_dags/example_branch_operator.py
[2025-02-25T23:54:12.096+0000] {logging_mixin.py:190} INFO - [2025-02-25T23:54:12.096+0000] {dag.py:3239} INFO - Sync 1 DAGs
[2025-02-25T23:54:12.109+0000] {logging_mixin.py:190} INFO - [2025-02-25T23:54:12.109+0000] {dag.py:4180} INFO - Setting next_dagrun for example_branch_operator to 2025-02-24 00:00:00+00:00, run_after=2025-02-25 00:00:00+00:00
[2025-02-25T23:54:12.120+0000] {processor.py:208} INFO - Processing /home/airflow/.local/lib/python3.12/site-packages/airflow/example_dags/example_branch_operator.py took 0.055 seconds
[2025-02-25T23:54:43.029+0000] {processor.py:186} INFO - Started process (PID=1627) to work on /home/airflow/.local/lib/python3.12/site-packages/airflow/example_dags/example_branch_operator.py
[2025-02-25T23:54:43.030+0000] {processor.py:914} INFO - Processing file /home/airflow/.local/lib/python3.12/site-packages/airflow/example_dags/example_branch_operator.py for tasks to queue
[2025-02-25T23:54:43.031+0000] {logging_mixin.py:190} INFO - [2025-02-25T23:54:43.031+0000] {dagbag.py:588} INFO - Filling up the DagBag from /home/airflow/.local/lib/python3.12/site-packages/airflow/example_dags/example_branch_operator.py
[2025-02-25T23:54:43.041+0000] {processor.py:925} INFO - DAG(s) 'example_branch_operator' retrieved from /home/airflow/.local/lib/python3.12/site-packages/airflow/example_dags/example_branch_operator.py
[2025-02-25T23:54:43.059+0000] {logging_mixin.py:190} INFO - [2025-02-25T23:54:43.059+0000] {dag.py:3239} INFO - Sync 1 DAGs
[2025-02-25T23:54:43.073+0000] {logging_mixin.py:190} INFO - [2025-02-25T23:54:43.073+0000] {dag.py:4180} INFO - Setting next_dagrun for example_branch_operator to 2025-02-24 00:00:00+00:00, run_after=2025-02-25 00:00:00+00:00
[2025-02-25T23:54:43.083+0000] {processor.py:208} INFO - Processing /home/airflow/.local/lib/python3.12/site-packages/airflow/example_dags/example_branch_operator.py took 0.057 seconds
[2025-02-25T23:55:17.385+0000] {processor.py:186} INFO - Started process (PID=1690) to work on /home/airflow/.local/lib/python3.12/site-packages/airflow/example_dags/example_branch_operator.py
[2025-02-25T23:55:17.385+0000] {processor.py:914} INFO - Processing file /home/airflow/.local/lib/python3.12/site-packages/airflow/example_dags/example_branch_operator.py for tasks to queue
[2025-02-25T23:55:17.387+0000] {logging_mixin.py:190} INFO - [2025-02-25T23:55:17.387+0000] {dagbag.py:588} INFO - Filling up the DagBag from /home/airflow/.local/lib/python3.12/site-packages/airflow/example_dags/example_branch_operator.py
[2025-02-25T23:55:17.397+0000] {processor.py:925} INFO - DAG(s) 'example_branch_operator' retrieved from /home/airflow/.local/lib/python3.12/site-packages/airflow/example_dags/example_branch_operator.py
[2025-02-25T23:55:17.414+0000] {logging_mixin.py:190} INFO - [2025-02-25T23:55:17.414+0000] {dag.py:3239} INFO - Sync 1 DAGs
[2025-02-25T23:55:17.428+0000] {logging_mixin.py:190} INFO - [2025-02-25T23:55:17.428+0000] {dag.py:4180} INFO - Setting next_dagrun for example_branch_operator to 2025-02-24 00:00:00+00:00, run_after=2025-02-25 00:00:00+00:00
[2025-02-25T23:55:17.438+0000] {processor.py:208} INFO - Processing /home/airflow/.local/lib/python3.12/site-packages/airflow/example_dags/example_branch_operator.py took 0.057 seconds
[2025-02-25T23:55:48.271+0000] {processor.py:186} INFO - Started process (PID=1753) to work on /home/airflow/.local/lib/python3.12/site-packages/airflow/example_dags/example_branch_operator.py
[2025-02-25T23:55:48.272+0000] {processor.py:914} INFO - Processing file /home/airflow/.local/lib/python3.12/site-packages/airflow/example_dags/example_branch_operator.py for tasks to queue
[2025-02-25T23:55:48.274+0000] {logging_mixin.py:190} INFO - [2025-02-25T23:55:48.274+0000] {dagbag.py:588} INFO - Filling up the DagBag from /home/airflow/.local/lib/python3.12/site-packages/airflow/example_dags/example_branch_operator.py
[2025-02-25T23:55:48.284+0000] {processor.py:925} INFO - DAG(s) 'example_branch_operator' retrieved from /home/airflow/.local/lib/python3.12/site-packages/airflow/example_dags/example_branch_operator.py
[2025-02-25T23:55:48.303+0000] {logging_mixin.py:190} INFO - [2025-02-25T23:55:48.303+0000] {dag.py:3239} INFO - Sync 1 DAGs
[2025-02-25T23:55:48.318+0000] {logging_mixin.py:190} INFO - [2025-02-25T23:55:48.318+0000] {dag.py:4180} INFO - Setting next_dagrun for example_branch_operator to 2025-02-24 00:00:00+00:00, run_after=2025-02-25 00:00:00+00:00
[2025-02-25T23:55:48.329+0000] {processor.py:208} INFO - Processing /home/airflow/.local/lib/python3.12/site-packages/airflow/example_dags/example_branch_operator.py took 0.061 seconds
[2025-02-25T23:56:19.104+0000] {processor.py:186} INFO - Started process (PID=1816) to work on /home/airflow/.local/lib/python3.12/site-packages/airflow/example_dags/example_branch_operator.py
[2025-02-25T23:56:19.105+0000] {processor.py:914} INFO - Processing file /home/airflow/.local/lib/python3.12/site-packages/airflow/example_dags/example_branch_operator.py for tasks to queue
[2025-02-25T23:56:19.106+0000] {logging_mixin.py:190} INFO - [2025-02-25T23:56:19.106+0000] {dagbag.py:588} INFO - Filling up the DagBag from /home/airflow/.local/lib/python3.12/site-packages/airflow/example_dags/example_branch_operator.py
[2025-02-25T23:56:19.116+0000] {processor.py:925} INFO - DAG(s) 'example_branch_operator' retrieved from /home/airflow/.local/lib/python3.12/site-packages/airflow/example_dags/example_branch_operator.py
[2025-02-25T23:56:19.134+0000] {logging_mixin.py:190} INFO - [2025-02-25T23:56:19.134+0000] {dag.py:3239} INFO - Sync 1 DAGs
[2025-02-25T23:56:19.153+0000] {logging_mixin.py:190} INFO - [2025-02-25T23:56:19.153+0000] {dag.py:4180} INFO - Setting next_dagrun for example_branch_operator to 2025-02-24 00:00:00+00:00, run_after=2025-02-25 00:00:00+00:00
[2025-02-25T23:56:19.168+0000] {processor.py:208} INFO - Processing /home/airflow/.local/lib/python3.12/site-packages/airflow/example_dags/example_branch_operator.py took 0.067 seconds
[2025-02-25T23:56:50.230+0000] {processor.py:186} INFO - Started process (PID=1873) to work on /home/airflow/.local/lib/python3.12/site-packages/airflow/example_dags/example_branch_operator.py
[2025-02-25T23:56:50.231+0000] {processor.py:914} INFO - Processing file /home/airflow/.local/lib/python3.12/site-packages/airflow/example_dags/example_branch_operator.py for tasks to queue
[2025-02-25T23:56:50.232+0000] {logging_mixin.py:190} INFO - [2025-02-25T23:56:50.232+0000] {dagbag.py:588} INFO - Filling up the DagBag from /home/airflow/.local/lib/python3.12/site-packages/airflow/example_dags/example_branch_operator.py
[2025-02-25T23:56:50.242+0000] {processor.py:925} INFO - DAG(s) 'example_branch_operator' retrieved from /home/airflow/.local/lib/python3.12/site-packages/airflow/example_dags/example_branch_operator.py
[2025-02-25T23:56:50.259+0000] {logging_mixin.py:190} INFO - [2025-02-25T23:56:50.259+0000] {dag.py:3239} INFO - Sync 1 DAGs
[2025-02-25T23:56:50.272+0000] {logging_mixin.py:190} INFO - [2025-02-25T23:56:50.272+0000] {dag.py:4180} INFO - Setting next_dagrun for example_branch_operator to 2025-02-24 00:00:00+00:00, run_after=2025-02-25 00:00:00+00:00
[2025-02-25T23:56:50.284+0000] {processor.py:208} INFO - Processing /home/airflow/.local/lib/python3.12/site-packages/airflow/example_dags/example_branch_operator.py took 0.057 seconds
[2025-02-25T23:57:21.186+0000] {processor.py:186} INFO - Started process (PID=1936) to work on /home/airflow/.local/lib/python3.12/site-packages/airflow/example_dags/example_branch_operator.py
[2025-02-25T23:57:21.187+0000] {processor.py:914} INFO - Processing file /home/airflow/.local/lib/python3.12/site-packages/airflow/example_dags/example_branch_operator.py for tasks to queue
[2025-02-25T23:57:21.188+0000] {logging_mixin.py:190} INFO - [2025-02-25T23:57:21.188+0000] {dagbag.py:588} INFO - Filling up the DagBag from /home/airflow/.local/lib/python3.12/site-packages/airflow/example_dags/example_branch_operator.py
[2025-02-25T23:57:21.198+0000] {processor.py:925} INFO - DAG(s) 'example_branch_operator' retrieved from /home/airflow/.local/lib/python3.12/site-packages/airflow/example_dags/example_branch_operator.py
[2025-02-25T23:57:21.215+0000] {logging_mixin.py:190} INFO - [2025-02-25T23:57:21.215+0000] {dag.py:3239} INFO - Sync 1 DAGs
[2025-02-25T23:57:21.228+0000] {logging_mixin.py:190} INFO - [2025-02-25T23:57:21.227+0000] {dag.py:4180} INFO - Setting next_dagrun for example_branch_operator to 2025-02-24 00:00:00+00:00, run_after=2025-02-25 00:00:00+00:00
[2025-02-25T23:57:21.238+0000] {processor.py:208} INFO - Processing /home/airflow/.local/lib/python3.12/site-packages/airflow/example_dags/example_branch_operator.py took 0.056 seconds
[2025-02-25T23:57:54.943+0000] {processor.py:186} INFO - Started process (PID=1999) to work on /home/airflow/.local/lib/python3.12/site-packages/airflow/example_dags/example_branch_operator.py
[2025-02-25T23:57:54.944+0000] {processor.py:914} INFO - Processing file /home/airflow/.local/lib/python3.12/site-packages/airflow/example_dags/example_branch_operator.py for tasks to queue
[2025-02-25T23:57:54.945+0000] {logging_mixin.py:190} INFO - [2025-02-25T23:57:54.945+0000] {dagbag.py:588} INFO - Filling up the DagBag from /home/airflow/.local/lib/python3.12/site-packages/airflow/example_dags/example_branch_operator.py
[2025-02-25T23:57:54.955+0000] {processor.py:925} INFO - DAG(s) 'example_branch_operator' retrieved from /home/airflow/.local/lib/python3.12/site-packages/airflow/example_dags/example_branch_operator.py
[2025-02-25T23:57:54.972+0000] {logging_mixin.py:190} INFO - [2025-02-25T23:57:54.972+0000] {dag.py:3239} INFO - Sync 1 DAGs
[2025-02-25T23:57:54.986+0000] {logging_mixin.py:190} INFO - [2025-02-25T23:57:54.986+0000] {dag.py:4180} INFO - Setting next_dagrun for example_branch_operator to 2025-02-24 00:00:00+00:00, run_after=2025-02-25 00:00:00+00:00
[2025-02-25T23:57:54.998+0000] {processor.py:208} INFO - Processing /home/airflow/.local/lib/python3.12/site-packages/airflow/example_dags/example_branch_operator.py took 0.058 seconds
[2025-02-25T23:58:25.729+0000] {processor.py:186} INFO - Started process (PID=2062) to work on /home/airflow/.local/lib/python3.12/site-packages/airflow/example_dags/example_branch_operator.py
[2025-02-25T23:58:25.730+0000] {processor.py:914} INFO - Processing file /home/airflow/.local/lib/python3.12/site-packages/airflow/example_dags/example_branch_operator.py for tasks to queue
[2025-02-25T23:58:25.731+0000] {logging_mixin.py:190} INFO - [2025-02-25T23:58:25.731+0000] {dagbag.py:588} INFO - Filling up the DagBag from /home/airflow/.local/lib/python3.12/site-packages/airflow/example_dags/example_branch_operator.py
[2025-02-25T23:58:25.741+0000] {processor.py:925} INFO - DAG(s) 'example_branch_operator' retrieved from /home/airflow/.local/lib/python3.12/site-packages/airflow/example_dags/example_branch_operator.py
[2025-02-25T23:58:25.760+0000] {logging_mixin.py:190} INFO - [2025-02-25T23:58:25.760+0000] {dag.py:3239} INFO - Sync 1 DAGs
[2025-02-25T23:58:25.774+0000] {logging_mixin.py:190} INFO - [2025-02-25T23:58:25.774+0000] {dag.py:4180} INFO - Setting next_dagrun for example_branch_operator to 2025-02-24 00:00:00+00:00, run_after=2025-02-25 00:00:00+00:00
[2025-02-25T23:58:25.784+0000] {processor.py:208} INFO - Processing /home/airflow/.local/lib/python3.12/site-packages/airflow/example_dags/example_branch_operator.py took 0.058 seconds
[2025-02-25T23:58:56.398+0000] {processor.py:186} INFO - Started process (PID=2125) to work on /home/airflow/.local/lib/python3.12/site-packages/airflow/example_dags/example_branch_operator.py
[2025-02-25T23:58:56.399+0000] {processor.py:914} INFO - Processing file /home/airflow/.local/lib/python3.12/site-packages/airflow/example_dags/example_branch_operator.py for tasks to queue
[2025-02-25T23:58:56.401+0000] {logging_mixin.py:190} INFO - [2025-02-25T23:58:56.400+0000] {dagbag.py:588} INFO - Filling up the DagBag from /home/airflow/.local/lib/python3.12/site-packages/airflow/example_dags/example_branch_operator.py
[2025-02-25T23:58:56.412+0000] {processor.py:925} INFO - DAG(s) 'example_branch_operator' retrieved from /home/airflow/.local/lib/python3.12/site-packages/airflow/example_dags/example_branch_operator.py
[2025-02-25T23:58:56.429+0000] {logging_mixin.py:190} INFO - [2025-02-25T23:58:56.429+0000] {dag.py:3239} INFO - Sync 1 DAGs
[2025-02-25T23:58:56.445+0000] {logging_mixin.py:190} INFO - [2025-02-25T23:58:56.445+0000] {dag.py:4180} INFO - Setting next_dagrun for example_branch_operator to 2025-02-24 00:00:00+00:00, run_after=2025-02-25 00:00:00+00:00
[2025-02-25T23:58:56.461+0000] {processor.py:208} INFO - Processing /home/airflow/.local/lib/python3.12/site-packages/airflow/example_dags/example_branch_operator.py took 0.066 seconds
[2025-02-25T23:59:27.146+0000] {processor.py:186} INFO - Started process (PID=2188) to work on /home/airflow/.local/lib/python3.12/site-packages/airflow/example_dags/example_branch_operator.py
[2025-02-25T23:59:27.147+0000] {processor.py:914} INFO - Processing file /home/airflow/.local/lib/python3.12/site-packages/airflow/example_dags/example_branch_operator.py for tasks to queue
[2025-02-25T23:59:27.149+0000] {logging_mixin.py:190} INFO - [2025-02-25T23:59:27.148+0000] {dagbag.py:588} INFO - Filling up the DagBag from /home/airflow/.local/lib/python3.12/site-packages/airflow/example_dags/example_branch_operator.py
[2025-02-25T23:59:27.159+0000] {processor.py:925} INFO - DAG(s) 'example_branch_operator' retrieved from /home/airflow/.local/lib/python3.12/site-packages/airflow/example_dags/example_branch_operator.py
[2025-02-25T23:59:27.177+0000] {logging_mixin.py:190} INFO - [2025-02-25T23:59:27.177+0000] {dag.py:3239} INFO - Sync 1 DAGs
[2025-02-25T23:59:27.191+0000] {logging_mixin.py:190} INFO - [2025-02-25T23:59:27.190+0000] {dag.py:4180} INFO - Setting next_dagrun for example_branch_operator to 2025-02-24 00:00:00+00:00, run_after=2025-02-25 00:00:00+00:00
[2025-02-25T23:59:27.200+0000] {processor.py:208} INFO - Processing /home/airflow/.local/lib/python3.12/site-packages/airflow/example_dags/example_branch_operator.py took 0.057 seconds
[2025-02-25T23:59:58.506+0000] {processor.py:186} INFO - Started process (PID=2251) to work on /home/airflow/.local/lib/python3.12/site-packages/airflow/example_dags/example_branch_operator.py
[2025-02-25T23:59:58.507+0000] {processor.py:914} INFO - Processing file /home/airflow/.local/lib/python3.12/site-packages/airflow/example_dags/example_branch_operator.py for tasks to queue
[2025-02-25T23:59:58.508+0000] {logging_mixin.py:190} INFO - [2025-02-25T23:59:58.508+0000] {dagbag.py:588} INFO - Filling up the DagBag from /home/airflow/.local/lib/python3.12/site-packages/airflow/example_dags/example_branch_operator.py
[2025-02-25T23:59:58.518+0000] {processor.py:925} INFO - DAG(s) 'example_branch_operator' retrieved from /home/airflow/.local/lib/python3.12/site-packages/airflow/example_dags/example_branch_operator.py
[2025-02-25T23:59:58.537+0000] {logging_mixin.py:190} INFO - [2025-02-25T23:59:58.537+0000] {dag.py:3239} INFO - Sync 1 DAGs
[2025-02-25T23:59:58.552+0000] {logging_mixin.py:190} INFO - [2025-02-25T23:59:58.552+0000] {dag.py:4180} INFO - Setting next_dagrun for example_branch_operator to 2025-02-24 00:00:00+00:00, run_after=2025-02-25 00:00:00+00:00
[2025-02-25T23:59:58.562+0000] {processor.py:208} INFO - Processing /home/airflow/.local/lib/python3.12/site-packages/airflow/example_dags/example_branch_operator.py took 0.060 seconds
