[2025-02-25T23:22:11.894+0000] {processor.py:186} INFO - Started process (PID=45) to work on /home/airflow/.local/lib/python3.12/site-packages/airflow/example_dags/example_display_name.py
[2025-02-25T23:22:11.894+0000] {processor.py:914} INFO - Processing file /home/airflow/.local/lib/python3.12/site-packages/airflow/example_dags/example_display_name.py for tasks to queue
[2025-02-25T23:22:11.898+0000] {logging_mixin.py:190} INFO - [2025-02-25T23:22:11.898+0000] {dagbag.py:588} INFO - Filling up the DagBag from /home/airflow/.local/lib/python3.12/site-packages/airflow/example_dags/example_display_name.py
[2025-02-25T23:22:11.905+0000] {processor.py:925} INFO - DAG(s) 'example_display_name' retrieved from /home/airflow/.local/lib/python3.12/site-packages/airflow/example_dags/example_display_name.py
[2025-02-25T23:22:12.040+0000] {logging_mixin.py:190} INFO - [2025-02-25T23:22:12.039+0000] {override.py:1912} INFO - Created Permission View: can edit on DAG:example_display_name
[2025-02-25T23:22:12.049+0000] {logging_mixin.py:190} INFO - [2025-02-25T23:22:12.049+0000] {override.py:1912} INFO - Created Permission View: can delete on DAG:example_display_name
[2025-02-25T23:22:12.056+0000] {logging_mixin.py:190} INFO - [2025-02-25T23:22:12.055+0000] {override.py:1912} INFO - Created Permission View: can read on DAG:example_display_name
[2025-02-25T23:22:12.064+0000] {logging_mixin.py:190} INFO - [2025-02-25T23:22:12.064+0000] {override.py:1912} INFO - Created Permission View: can delete on DAG Run:example_display_name
[2025-02-25T23:22:12.069+0000] {logging_mixin.py:190} INFO - [2025-02-25T23:22:12.069+0000] {override.py:1912} INFO - Created Permission View: can read on DAG Run:example_display_name
[2025-02-25T23:22:12.074+0000] {logging_mixin.py:190} INFO - [2025-02-25T23:22:12.074+0000] {override.py:1912} INFO - Created Permission View: menu access on DAG Run:example_display_name
[2025-02-25T23:22:12.079+0000] {logging_mixin.py:190} INFO - [2025-02-25T23:22:12.078+0000] {override.py:1912} INFO - Created Permission View: can create on DAG Run:example_display_name
[2025-02-25T23:22:12.079+0000] {logging_mixin.py:190} INFO - [2025-02-25T23:22:12.079+0000] {dag.py:3239} INFO - Sync 1 DAGs
[2025-02-25T23:22:12.087+0000] {logging_mixin.py:190} INFO - [2025-02-25T23:22:12.087+0000] {dag.py:3262} INFO - Creating ORM DAG for example_display_name
[2025-02-25T23:22:12.088+0000] {logging_mixin.py:190} INFO - [2025-02-25T23:22:12.088+0000] {dag.py:4180} INFO - Setting next_dagrun for example_display_name to None, run_after=None
[2025-02-25T23:22:12.098+0000] {processor.py:208} INFO - Processing /home/airflow/.local/lib/python3.12/site-packages/airflow/example_dags/example_display_name.py took 0.209 seconds
[2025-02-25T23:22:42.652+0000] {processor.py:186} INFO - Started process (PID=108) to work on /home/airflow/.local/lib/python3.12/site-packages/airflow/example_dags/example_display_name.py
[2025-02-25T23:22:42.653+0000] {processor.py:914} INFO - Processing file /home/airflow/.local/lib/python3.12/site-packages/airflow/example_dags/example_display_name.py for tasks to queue
[2025-02-25T23:22:42.657+0000] {logging_mixin.py:190} INFO - [2025-02-25T23:22:42.656+0000] {dagbag.py:588} INFO - Filling up the DagBag from /home/airflow/.local/lib/python3.12/site-packages/airflow/example_dags/example_display_name.py
[2025-02-25T23:22:42.663+0000] {processor.py:925} INFO - DAG(s) 'example_display_name' retrieved from /home/airflow/.local/lib/python3.12/site-packages/airflow/example_dags/example_display_name.py
[2025-02-25T23:22:42.673+0000] {logging_mixin.py:190} INFO - [2025-02-25T23:22:42.673+0000] {dag.py:3239} INFO - Sync 1 DAGs
[2025-02-25T23:22:42.681+0000] {logging_mixin.py:190} INFO - [2025-02-25T23:22:42.681+0000] {dag.py:4180} INFO - Setting next_dagrun for example_display_name to None, run_after=None
[2025-02-25T23:22:42.692+0000] {processor.py:208} INFO - Processing /home/airflow/.local/lib/python3.12/site-packages/airflow/example_dags/example_display_name.py took 0.043 seconds
[2025-02-25T23:23:13.525+0000] {processor.py:186} INFO - Started process (PID=171) to work on /home/airflow/.local/lib/python3.12/site-packages/airflow/example_dags/example_display_name.py
[2025-02-25T23:23:13.530+0000] {processor.py:914} INFO - Processing file /home/airflow/.local/lib/python3.12/site-packages/airflow/example_dags/example_display_name.py for tasks to queue
[2025-02-25T23:23:13.532+0000] {logging_mixin.py:190} INFO - [2025-02-25T23:23:13.532+0000] {dagbag.py:588} INFO - Filling up the DagBag from /home/airflow/.local/lib/python3.12/site-packages/airflow/example_dags/example_display_name.py
[2025-02-25T23:23:13.536+0000] {processor.py:925} INFO - DAG(s) 'example_display_name' retrieved from /home/airflow/.local/lib/python3.12/site-packages/airflow/example_dags/example_display_name.py
[2025-02-25T23:23:13.548+0000] {logging_mixin.py:190} INFO - [2025-02-25T23:23:13.548+0000] {dag.py:3239} INFO - Sync 1 DAGs
[2025-02-25T23:23:13.556+0000] {logging_mixin.py:190} INFO - [2025-02-25T23:23:13.556+0000] {dag.py:4180} INFO - Setting next_dagrun for example_display_name to None, run_after=None
[2025-02-25T23:23:13.571+0000] {processor.py:208} INFO - Processing /home/airflow/.local/lib/python3.12/site-packages/airflow/example_dags/example_display_name.py took 0.048 seconds
[2025-02-25T23:23:44.329+0000] {processor.py:186} INFO - Started process (PID=234) to work on /home/airflow/.local/lib/python3.12/site-packages/airflow/example_dags/example_display_name.py
[2025-02-25T23:23:44.330+0000] {processor.py:914} INFO - Processing file /home/airflow/.local/lib/python3.12/site-packages/airflow/example_dags/example_display_name.py for tasks to queue
[2025-02-25T23:23:44.332+0000] {logging_mixin.py:190} INFO - [2025-02-25T23:23:44.331+0000] {dagbag.py:588} INFO - Filling up the DagBag from /home/airflow/.local/lib/python3.12/site-packages/airflow/example_dags/example_display_name.py
[2025-02-25T23:23:44.335+0000] {processor.py:925} INFO - DAG(s) 'example_display_name' retrieved from /home/airflow/.local/lib/python3.12/site-packages/airflow/example_dags/example_display_name.py
[2025-02-25T23:23:44.345+0000] {logging_mixin.py:190} INFO - [2025-02-25T23:23:44.345+0000] {dag.py:3239} INFO - Sync 1 DAGs
[2025-02-25T23:23:44.353+0000] {logging_mixin.py:190} INFO - [2025-02-25T23:23:44.353+0000] {dag.py:4180} INFO - Setting next_dagrun for example_display_name to None, run_after=None
[2025-02-25T23:23:44.364+0000] {processor.py:208} INFO - Processing /home/airflow/.local/lib/python3.12/site-packages/airflow/example_dags/example_display_name.py took 0.038 seconds
[2025-02-25T23:24:15.193+0000] {processor.py:186} INFO - Started process (PID=297) to work on /home/airflow/.local/lib/python3.12/site-packages/airflow/example_dags/example_display_name.py
[2025-02-25T23:24:15.194+0000] {processor.py:914} INFO - Processing file /home/airflow/.local/lib/python3.12/site-packages/airflow/example_dags/example_display_name.py for tasks to queue
[2025-02-25T23:24:15.195+0000] {logging_mixin.py:190} INFO - [2025-02-25T23:24:15.195+0000] {dagbag.py:588} INFO - Filling up the DagBag from /home/airflow/.local/lib/python3.12/site-packages/airflow/example_dags/example_display_name.py
[2025-02-25T23:24:15.199+0000] {processor.py:925} INFO - DAG(s) 'example_display_name' retrieved from /home/airflow/.local/lib/python3.12/site-packages/airflow/example_dags/example_display_name.py
[2025-02-25T23:24:15.208+0000] {logging_mixin.py:190} INFO - [2025-02-25T23:24:15.208+0000] {dag.py:3239} INFO - Sync 1 DAGs
[2025-02-25T23:24:15.216+0000] {logging_mixin.py:190} INFO - [2025-02-25T23:24:15.216+0000] {dag.py:4180} INFO - Setting next_dagrun for example_display_name to None, run_after=None
[2025-02-25T23:24:15.227+0000] {processor.py:208} INFO - Processing /home/airflow/.local/lib/python3.12/site-packages/airflow/example_dags/example_display_name.py took 0.037 seconds
[2025-02-25T23:24:46.113+0000] {processor.py:186} INFO - Started process (PID=360) to work on /home/airflow/.local/lib/python3.12/site-packages/airflow/example_dags/example_display_name.py
[2025-02-25T23:24:46.116+0000] {processor.py:914} INFO - Processing file /home/airflow/.local/lib/python3.12/site-packages/airflow/example_dags/example_display_name.py for tasks to queue
[2025-02-25T23:24:46.118+0000] {logging_mixin.py:190} INFO - [2025-02-25T23:24:46.118+0000] {dagbag.py:588} INFO - Filling up the DagBag from /home/airflow/.local/lib/python3.12/site-packages/airflow/example_dags/example_display_name.py
[2025-02-25T23:24:46.123+0000] {processor.py:925} INFO - DAG(s) 'example_display_name' retrieved from /home/airflow/.local/lib/python3.12/site-packages/airflow/example_dags/example_display_name.py
[2025-02-25T23:24:46.135+0000] {logging_mixin.py:190} INFO - [2025-02-25T23:24:46.135+0000] {dag.py:3239} INFO - Sync 1 DAGs
[2025-02-25T23:24:46.146+0000] {logging_mixin.py:190} INFO - [2025-02-25T23:24:46.146+0000] {dag.py:4180} INFO - Setting next_dagrun for example_display_name to None, run_after=None
[2025-02-25T23:24:46.159+0000] {processor.py:208} INFO - Processing /home/airflow/.local/lib/python3.12/site-packages/airflow/example_dags/example_display_name.py took 0.050 seconds
[2025-02-25T23:25:16.919+0000] {processor.py:186} INFO - Started process (PID=423) to work on /home/airflow/.local/lib/python3.12/site-packages/airflow/example_dags/example_display_name.py
[2025-02-25T23:25:16.920+0000] {processor.py:914} INFO - Processing file /home/airflow/.local/lib/python3.12/site-packages/airflow/example_dags/example_display_name.py for tasks to queue
[2025-02-25T23:25:16.921+0000] {logging_mixin.py:190} INFO - [2025-02-25T23:25:16.920+0000] {dagbag.py:588} INFO - Filling up the DagBag from /home/airflow/.local/lib/python3.12/site-packages/airflow/example_dags/example_display_name.py
[2025-02-25T23:25:16.924+0000] {processor.py:925} INFO - DAG(s) 'example_display_name' retrieved from /home/airflow/.local/lib/python3.12/site-packages/airflow/example_dags/example_display_name.py
[2025-02-25T23:25:16.934+0000] {logging_mixin.py:190} INFO - [2025-02-25T23:25:16.934+0000] {dag.py:3239} INFO - Sync 1 DAGs
[2025-02-25T23:25:16.942+0000] {logging_mixin.py:190} INFO - [2025-02-25T23:25:16.942+0000] {dag.py:4180} INFO - Setting next_dagrun for example_display_name to None, run_after=None
[2025-02-25T23:25:16.957+0000] {processor.py:208} INFO - Processing /home/airflow/.local/lib/python3.12/site-packages/airflow/example_dags/example_display_name.py took 0.042 seconds
[2025-02-25T23:25:47.983+0000] {processor.py:186} INFO - Started process (PID=486) to work on /home/airflow/.local/lib/python3.12/site-packages/airflow/example_dags/example_display_name.py
[2025-02-25T23:25:47.987+0000] {processor.py:914} INFO - Processing file /home/airflow/.local/lib/python3.12/site-packages/airflow/example_dags/example_display_name.py for tasks to queue
[2025-02-25T23:25:47.989+0000] {logging_mixin.py:190} INFO - [2025-02-25T23:25:47.989+0000] {dagbag.py:588} INFO - Filling up the DagBag from /home/airflow/.local/lib/python3.12/site-packages/airflow/example_dags/example_display_name.py
[2025-02-25T23:25:47.994+0000] {processor.py:925} INFO - DAG(s) 'example_display_name' retrieved from /home/airflow/.local/lib/python3.12/site-packages/airflow/example_dags/example_display_name.py
[2025-02-25T23:25:48.008+0000] {logging_mixin.py:190} INFO - [2025-02-25T23:25:48.008+0000] {dag.py:3239} INFO - Sync 1 DAGs
[2025-02-25T23:25:48.018+0000] {logging_mixin.py:190} INFO - [2025-02-25T23:25:48.018+0000] {dag.py:4180} INFO - Setting next_dagrun for example_display_name to None, run_after=None
[2025-02-25T23:25:48.035+0000] {processor.py:208} INFO - Processing /home/airflow/.local/lib/python3.12/site-packages/airflow/example_dags/example_display_name.py took 0.056 seconds
[2025-02-25T23:26:18.970+0000] {processor.py:186} INFO - Started process (PID=543) to work on /home/airflow/.local/lib/python3.12/site-packages/airflow/example_dags/example_display_name.py
[2025-02-25T23:26:18.971+0000] {processor.py:914} INFO - Processing file /home/airflow/.local/lib/python3.12/site-packages/airflow/example_dags/example_display_name.py for tasks to queue
[2025-02-25T23:26:18.972+0000] {logging_mixin.py:190} INFO - [2025-02-25T23:26:18.972+0000] {dagbag.py:588} INFO - Filling up the DagBag from /home/airflow/.local/lib/python3.12/site-packages/airflow/example_dags/example_display_name.py
[2025-02-25T23:26:18.976+0000] {processor.py:925} INFO - DAG(s) 'example_display_name' retrieved from /home/airflow/.local/lib/python3.12/site-packages/airflow/example_dags/example_display_name.py
[2025-02-25T23:26:18.988+0000] {logging_mixin.py:190} INFO - [2025-02-25T23:26:18.988+0000] {dag.py:3239} INFO - Sync 1 DAGs
[2025-02-25T23:26:18.998+0000] {logging_mixin.py:190} INFO - [2025-02-25T23:26:18.998+0000] {dag.py:4180} INFO - Setting next_dagrun for example_display_name to None, run_after=None
[2025-02-25T23:26:19.010+0000] {processor.py:208} INFO - Processing /home/airflow/.local/lib/python3.12/site-packages/airflow/example_dags/example_display_name.py took 0.044 seconds
[2025-02-25T23:26:49.680+0000] {processor.py:186} INFO - Started process (PID=606) to work on /home/airflow/.local/lib/python3.12/site-packages/airflow/example_dags/example_display_name.py
[2025-02-25T23:26:49.685+0000] {processor.py:914} INFO - Processing file /home/airflow/.local/lib/python3.12/site-packages/airflow/example_dags/example_display_name.py for tasks to queue
[2025-02-25T23:26:49.686+0000] {logging_mixin.py:190} INFO - [2025-02-25T23:26:49.686+0000] {dagbag.py:588} INFO - Filling up the DagBag from /home/airflow/.local/lib/python3.12/site-packages/airflow/example_dags/example_display_name.py
[2025-02-25T23:26:49.690+0000] {processor.py:925} INFO - DAG(s) 'example_display_name' retrieved from /home/airflow/.local/lib/python3.12/site-packages/airflow/example_dags/example_display_name.py
[2025-02-25T23:26:49.702+0000] {logging_mixin.py:190} INFO - [2025-02-25T23:26:49.702+0000] {dag.py:3239} INFO - Sync 1 DAGs
[2025-02-25T23:26:49.709+0000] {logging_mixin.py:190} INFO - [2025-02-25T23:26:49.709+0000] {dag.py:4180} INFO - Setting next_dagrun for example_display_name to None, run_after=None
[2025-02-25T23:26:49.728+0000] {processor.py:208} INFO - Processing /home/airflow/.local/lib/python3.12/site-packages/airflow/example_dags/example_display_name.py took 0.051 seconds
[2025-02-25T23:27:20.198+0000] {processor.py:186} INFO - Started process (PID=670) to work on /home/airflow/.local/lib/python3.12/site-packages/airflow/example_dags/example_display_name.py
[2025-02-25T23:27:20.203+0000] {processor.py:914} INFO - Processing file /home/airflow/.local/lib/python3.12/site-packages/airflow/example_dags/example_display_name.py for tasks to queue
[2025-02-25T23:27:20.205+0000] {logging_mixin.py:190} INFO - [2025-02-25T23:27:20.204+0000] {dagbag.py:588} INFO - Filling up the DagBag from /home/airflow/.local/lib/python3.12/site-packages/airflow/example_dags/example_display_name.py
[2025-02-25T23:27:20.210+0000] {processor.py:925} INFO - DAG(s) 'example_display_name' retrieved from /home/airflow/.local/lib/python3.12/site-packages/airflow/example_dags/example_display_name.py
[2025-02-25T23:27:20.223+0000] {logging_mixin.py:190} INFO - [2025-02-25T23:27:20.222+0000] {dag.py:3239} INFO - Sync 1 DAGs
[2025-02-25T23:27:20.231+0000] {logging_mixin.py:190} INFO - [2025-02-25T23:27:20.231+0000] {dag.py:4180} INFO - Setting next_dagrun for example_display_name to None, run_after=None
[2025-02-25T23:27:20.253+0000] {processor.py:208} INFO - Processing /home/airflow/.local/lib/python3.12/site-packages/airflow/example_dags/example_display_name.py took 0.058 seconds
[2025-02-25T23:27:51.162+0000] {processor.py:186} INFO - Started process (PID=733) to work on /home/airflow/.local/lib/python3.12/site-packages/airflow/example_dags/example_display_name.py
[2025-02-25T23:27:51.163+0000] {processor.py:914} INFO - Processing file /home/airflow/.local/lib/python3.12/site-packages/airflow/example_dags/example_display_name.py for tasks to queue
[2025-02-25T23:27:51.164+0000] {logging_mixin.py:190} INFO - [2025-02-25T23:27:51.164+0000] {dagbag.py:588} INFO - Filling up the DagBag from /home/airflow/.local/lib/python3.12/site-packages/airflow/example_dags/example_display_name.py
[2025-02-25T23:27:51.169+0000] {processor.py:925} INFO - DAG(s) 'example_display_name' retrieved from /home/airflow/.local/lib/python3.12/site-packages/airflow/example_dags/example_display_name.py
[2025-02-25T23:27:51.179+0000] {logging_mixin.py:190} INFO - [2025-02-25T23:27:51.178+0000] {dag.py:3239} INFO - Sync 1 DAGs
[2025-02-25T23:27:51.187+0000] {logging_mixin.py:190} INFO - [2025-02-25T23:27:51.187+0000] {dag.py:4180} INFO - Setting next_dagrun for example_display_name to None, run_after=None
[2025-02-25T23:27:51.197+0000] {processor.py:208} INFO - Processing /home/airflow/.local/lib/python3.12/site-packages/airflow/example_dags/example_display_name.py took 0.038 seconds
[2025-02-25T23:28:22.087+0000] {processor.py:186} INFO - Started process (PID=796) to work on /home/airflow/.local/lib/python3.12/site-packages/airflow/example_dags/example_display_name.py
[2025-02-25T23:28:22.088+0000] {processor.py:914} INFO - Processing file /home/airflow/.local/lib/python3.12/site-packages/airflow/example_dags/example_display_name.py for tasks to queue
[2025-02-25T23:28:22.089+0000] {logging_mixin.py:190} INFO - [2025-02-25T23:28:22.089+0000] {dagbag.py:588} INFO - Filling up the DagBag from /home/airflow/.local/lib/python3.12/site-packages/airflow/example_dags/example_display_name.py
[2025-02-25T23:28:22.095+0000] {processor.py:925} INFO - DAG(s) 'example_display_name' retrieved from /home/airflow/.local/lib/python3.12/site-packages/airflow/example_dags/example_display_name.py
[2025-02-25T23:28:22.108+0000] {logging_mixin.py:190} INFO - [2025-02-25T23:28:22.108+0000] {dag.py:3239} INFO - Sync 1 DAGs
[2025-02-25T23:28:22.117+0000] {logging_mixin.py:190} INFO - [2025-02-25T23:28:22.117+0000] {dag.py:4180} INFO - Setting next_dagrun for example_display_name to None, run_after=None
[2025-02-25T23:28:22.129+0000] {processor.py:208} INFO - Processing /home/airflow/.local/lib/python3.12/site-packages/airflow/example_dags/example_display_name.py took 0.046 seconds
[2025-02-25T23:28:52.690+0000] {processor.py:186} INFO - Started process (PID=859) to work on /home/airflow/.local/lib/python3.12/site-packages/airflow/example_dags/example_display_name.py
[2025-02-25T23:28:52.691+0000] {processor.py:914} INFO - Processing file /home/airflow/.local/lib/python3.12/site-packages/airflow/example_dags/example_display_name.py for tasks to queue
[2025-02-25T23:28:52.692+0000] {logging_mixin.py:190} INFO - [2025-02-25T23:28:52.692+0000] {dagbag.py:588} INFO - Filling up the DagBag from /home/airflow/.local/lib/python3.12/site-packages/airflow/example_dags/example_display_name.py
[2025-02-25T23:28:52.696+0000] {processor.py:925} INFO - DAG(s) 'example_display_name' retrieved from /home/airflow/.local/lib/python3.12/site-packages/airflow/example_dags/example_display_name.py
[2025-02-25T23:28:52.708+0000] {logging_mixin.py:190} INFO - [2025-02-25T23:28:52.708+0000] {dag.py:3239} INFO - Sync 1 DAGs
[2025-02-25T23:28:52.716+0000] {logging_mixin.py:190} INFO - [2025-02-25T23:28:52.716+0000] {dag.py:4180} INFO - Setting next_dagrun for example_display_name to None, run_after=None
[2025-02-25T23:28:52.727+0000] {processor.py:208} INFO - Processing /home/airflow/.local/lib/python3.12/site-packages/airflow/example_dags/example_display_name.py took 0.040 seconds
[2025-02-25T23:29:22.793+0000] {processor.py:186} INFO - Started process (PID=922) to work on /home/airflow/.local/lib/python3.12/site-packages/airflow/example_dags/example_display_name.py
[2025-02-25T23:29:22.796+0000] {processor.py:914} INFO - Processing file /home/airflow/.local/lib/python3.12/site-packages/airflow/example_dags/example_display_name.py for tasks to queue
[2025-02-25T23:29:22.798+0000] {logging_mixin.py:190} INFO - [2025-02-25T23:29:22.797+0000] {dagbag.py:588} INFO - Filling up the DagBag from /home/airflow/.local/lib/python3.12/site-packages/airflow/example_dags/example_display_name.py
[2025-02-25T23:29:22.802+0000] {processor.py:925} INFO - DAG(s) 'example_display_name' retrieved from /home/airflow/.local/lib/python3.12/site-packages/airflow/example_dags/example_display_name.py
[2025-02-25T23:29:22.813+0000] {logging_mixin.py:190} INFO - [2025-02-25T23:29:22.813+0000] {dag.py:3239} INFO - Sync 1 DAGs
[2025-02-25T23:29:22.821+0000] {logging_mixin.py:190} INFO - [2025-02-25T23:29:22.821+0000] {dag.py:4180} INFO - Setting next_dagrun for example_display_name to None, run_after=None
[2025-02-25T23:29:22.838+0000] {processor.py:208} INFO - Processing /home/airflow/.local/lib/python3.12/site-packages/airflow/example_dags/example_display_name.py took 0.048 seconds
[2025-02-25T23:29:53.117+0000] {processor.py:186} INFO - Started process (PID=985) to work on /home/airflow/.local/lib/python3.12/site-packages/airflow/example_dags/example_display_name.py
[2025-02-25T23:29:53.121+0000] {processor.py:914} INFO - Processing file /home/airflow/.local/lib/python3.12/site-packages/airflow/example_dags/example_display_name.py for tasks to queue
[2025-02-25T23:29:53.123+0000] {logging_mixin.py:190} INFO - [2025-02-25T23:29:53.123+0000] {dagbag.py:588} INFO - Filling up the DagBag from /home/airflow/.local/lib/python3.12/site-packages/airflow/example_dags/example_display_name.py
[2025-02-25T23:29:53.128+0000] {processor.py:925} INFO - DAG(s) 'example_display_name' retrieved from /home/airflow/.local/lib/python3.12/site-packages/airflow/example_dags/example_display_name.py
[2025-02-25T23:29:53.143+0000] {logging_mixin.py:190} INFO - [2025-02-25T23:29:53.143+0000] {dag.py:3239} INFO - Sync 1 DAGs
[2025-02-25T23:29:53.153+0000] {logging_mixin.py:190} INFO - [2025-02-25T23:29:53.153+0000] {dag.py:4180} INFO - Setting next_dagrun for example_display_name to None, run_after=None
[2025-02-25T23:29:53.172+0000] {processor.py:208} INFO - Processing /home/airflow/.local/lib/python3.12/site-packages/airflow/example_dags/example_display_name.py took 0.058 seconds
[2025-02-25T23:30:23.376+0000] {processor.py:186} INFO - Started process (PID=1048) to work on /home/airflow/.local/lib/python3.12/site-packages/airflow/example_dags/example_display_name.py
[2025-02-25T23:30:23.377+0000] {processor.py:914} INFO - Processing file /home/airflow/.local/lib/python3.12/site-packages/airflow/example_dags/example_display_name.py for tasks to queue
[2025-02-25T23:30:23.378+0000] {logging_mixin.py:190} INFO - [2025-02-25T23:30:23.378+0000] {dagbag.py:588} INFO - Filling up the DagBag from /home/airflow/.local/lib/python3.12/site-packages/airflow/example_dags/example_display_name.py
[2025-02-25T23:30:23.382+0000] {processor.py:925} INFO - DAG(s) 'example_display_name' retrieved from /home/airflow/.local/lib/python3.12/site-packages/airflow/example_dags/example_display_name.py
[2025-02-25T23:30:23.392+0000] {logging_mixin.py:190} INFO - [2025-02-25T23:30:23.392+0000] {dag.py:3239} INFO - Sync 1 DAGs
[2025-02-25T23:30:23.400+0000] {logging_mixin.py:190} INFO - [2025-02-25T23:30:23.400+0000] {dag.py:4180} INFO - Setting next_dagrun for example_display_name to None, run_after=None
[2025-02-25T23:30:23.414+0000] {processor.py:208} INFO - Processing /home/airflow/.local/lib/python3.12/site-packages/airflow/example_dags/example_display_name.py took 0.042 seconds
[2025-02-25T23:30:54.268+0000] {processor.py:186} INFO - Started process (PID=1111) to work on /home/airflow/.local/lib/python3.12/site-packages/airflow/example_dags/example_display_name.py
[2025-02-25T23:30:54.269+0000] {processor.py:914} INFO - Processing file /home/airflow/.local/lib/python3.12/site-packages/airflow/example_dags/example_display_name.py for tasks to queue
[2025-02-25T23:30:54.270+0000] {logging_mixin.py:190} INFO - [2025-02-25T23:30:54.270+0000] {dagbag.py:588} INFO - Filling up the DagBag from /home/airflow/.local/lib/python3.12/site-packages/airflow/example_dags/example_display_name.py
[2025-02-25T23:30:54.274+0000] {processor.py:925} INFO - DAG(s) 'example_display_name' retrieved from /home/airflow/.local/lib/python3.12/site-packages/airflow/example_dags/example_display_name.py
[2025-02-25T23:30:54.284+0000] {logging_mixin.py:190} INFO - [2025-02-25T23:30:54.284+0000] {dag.py:3239} INFO - Sync 1 DAGs
[2025-02-25T23:30:54.293+0000] {logging_mixin.py:190} INFO - [2025-02-25T23:30:54.293+0000] {dag.py:4180} INFO - Setting next_dagrun for example_display_name to None, run_after=None
[2025-02-25T23:30:54.303+0000] {processor.py:208} INFO - Processing /home/airflow/.local/lib/python3.12/site-packages/airflow/example_dags/example_display_name.py took 0.038 seconds
[2025-02-25T23:31:24.888+0000] {processor.py:186} INFO - Started process (PID=1174) to work on /home/airflow/.local/lib/python3.12/site-packages/airflow/example_dags/example_display_name.py
[2025-02-25T23:31:24.892+0000] {processor.py:914} INFO - Processing file /home/airflow/.local/lib/python3.12/site-packages/airflow/example_dags/example_display_name.py for tasks to queue
[2025-02-25T23:31:24.894+0000] {logging_mixin.py:190} INFO - [2025-02-25T23:31:24.894+0000] {dagbag.py:588} INFO - Filling up the DagBag from /home/airflow/.local/lib/python3.12/site-packages/airflow/example_dags/example_display_name.py
[2025-02-25T23:31:24.898+0000] {processor.py:925} INFO - DAG(s) 'example_display_name' retrieved from /home/airflow/.local/lib/python3.12/site-packages/airflow/example_dags/example_display_name.py
[2025-02-25T23:31:24.911+0000] {logging_mixin.py:190} INFO - [2025-02-25T23:31:24.910+0000] {dag.py:3239} INFO - Sync 1 DAGs
[2025-02-25T23:31:24.920+0000] {logging_mixin.py:190} INFO - [2025-02-25T23:31:24.919+0000] {dag.py:4180} INFO - Setting next_dagrun for example_display_name to None, run_after=None
[2025-02-25T23:31:24.937+0000] {processor.py:208} INFO - Processing /home/airflow/.local/lib/python3.12/site-packages/airflow/example_dags/example_display_name.py took 0.053 seconds
[2025-02-25T23:31:55.824+0000] {processor.py:186} INFO - Started process (PID=1237) to work on /home/airflow/.local/lib/python3.12/site-packages/airflow/example_dags/example_display_name.py
[2025-02-25T23:31:55.828+0000] {processor.py:914} INFO - Processing file /home/airflow/.local/lib/python3.12/site-packages/airflow/example_dags/example_display_name.py for tasks to queue
[2025-02-25T23:31:55.830+0000] {logging_mixin.py:190} INFO - [2025-02-25T23:31:55.830+0000] {dagbag.py:588} INFO - Filling up the DagBag from /home/airflow/.local/lib/python3.12/site-packages/airflow/example_dags/example_display_name.py
[2025-02-25T23:31:55.835+0000] {processor.py:925} INFO - DAG(s) 'example_display_name' retrieved from /home/airflow/.local/lib/python3.12/site-packages/airflow/example_dags/example_display_name.py
[2025-02-25T23:31:55.849+0000] {logging_mixin.py:190} INFO - [2025-02-25T23:31:55.849+0000] {dag.py:3239} INFO - Sync 1 DAGs
[2025-02-25T23:31:55.858+0000] {logging_mixin.py:190} INFO - [2025-02-25T23:31:55.858+0000] {dag.py:4180} INFO - Setting next_dagrun for example_display_name to None, run_after=None
[2025-02-25T23:31:55.875+0000] {processor.py:208} INFO - Processing /home/airflow/.local/lib/python3.12/site-packages/airflow/example_dags/example_display_name.py took 0.055 seconds
[2025-02-25T23:32:26.751+0000] {processor.py:186} INFO - Started process (PID=1300) to work on /home/airflow/.local/lib/python3.12/site-packages/airflow/example_dags/example_display_name.py
[2025-02-25T23:32:26.756+0000] {processor.py:914} INFO - Processing file /home/airflow/.local/lib/python3.12/site-packages/airflow/example_dags/example_display_name.py for tasks to queue
[2025-02-25T23:32:26.757+0000] {logging_mixin.py:190} INFO - [2025-02-25T23:32:26.757+0000] {dagbag.py:588} INFO - Filling up the DagBag from /home/airflow/.local/lib/python3.12/site-packages/airflow/example_dags/example_display_name.py
[2025-02-25T23:32:26.762+0000] {processor.py:925} INFO - DAG(s) 'example_display_name' retrieved from /home/airflow/.local/lib/python3.12/site-packages/airflow/example_dags/example_display_name.py
[2025-02-25T23:32:26.773+0000] {logging_mixin.py:190} INFO - [2025-02-25T23:32:26.773+0000] {dag.py:3239} INFO - Sync 1 DAGs
[2025-02-25T23:32:26.781+0000] {logging_mixin.py:190} INFO - [2025-02-25T23:32:26.781+0000] {dag.py:4180} INFO - Setting next_dagrun for example_display_name to None, run_after=None
[2025-02-25T23:32:26.796+0000] {processor.py:208} INFO - Processing /home/airflow/.local/lib/python3.12/site-packages/airflow/example_dags/example_display_name.py took 0.048 seconds
[2025-02-25T23:32:57.740+0000] {processor.py:186} INFO - Started process (PID=1363) to work on /home/airflow/.local/lib/python3.12/site-packages/airflow/example_dags/example_display_name.py
[2025-02-25T23:32:57.743+0000] {processor.py:914} INFO - Processing file /home/airflow/.local/lib/python3.12/site-packages/airflow/example_dags/example_display_name.py for tasks to queue
[2025-02-25T23:32:57.744+0000] {logging_mixin.py:190} INFO - [2025-02-25T23:32:57.744+0000] {dagbag.py:588} INFO - Filling up the DagBag from /home/airflow/.local/lib/python3.12/site-packages/airflow/example_dags/example_display_name.py
[2025-02-25T23:32:57.749+0000] {processor.py:925} INFO - DAG(s) 'example_display_name' retrieved from /home/airflow/.local/lib/python3.12/site-packages/airflow/example_dags/example_display_name.py
[2025-02-25T23:32:57.762+0000] {logging_mixin.py:190} INFO - [2025-02-25T23:32:57.762+0000] {dag.py:3239} INFO - Sync 1 DAGs
[2025-02-25T23:32:57.772+0000] {logging_mixin.py:190} INFO - [2025-02-25T23:32:57.771+0000] {dag.py:4180} INFO - Setting next_dagrun for example_display_name to None, run_after=None
[2025-02-25T23:32:57.791+0000] {processor.py:208} INFO - Processing /home/airflow/.local/lib/python3.12/site-packages/airflow/example_dags/example_display_name.py took 0.055 seconds
[2025-02-25T23:33:28.463+0000] {processor.py:186} INFO - Started process (PID=1426) to work on /home/airflow/.local/lib/python3.12/site-packages/airflow/example_dags/example_display_name.py
[2025-02-25T23:33:28.464+0000] {processor.py:914} INFO - Processing file /home/airflow/.local/lib/python3.12/site-packages/airflow/example_dags/example_display_name.py for tasks to queue
[2025-02-25T23:33:28.466+0000] {logging_mixin.py:190} INFO - [2025-02-25T23:33:28.465+0000] {dagbag.py:588} INFO - Filling up the DagBag from /home/airflow/.local/lib/python3.12/site-packages/airflow/example_dags/example_display_name.py
[2025-02-25T23:33:28.469+0000] {processor.py:925} INFO - DAG(s) 'example_display_name' retrieved from /home/airflow/.local/lib/python3.12/site-packages/airflow/example_dags/example_display_name.py
[2025-02-25T23:33:28.479+0000] {logging_mixin.py:190} INFO - [2025-02-25T23:33:28.479+0000] {dag.py:3239} INFO - Sync 1 DAGs
[2025-02-25T23:33:28.487+0000] {logging_mixin.py:190} INFO - [2025-02-25T23:33:28.487+0000] {dag.py:4180} INFO - Setting next_dagrun for example_display_name to None, run_after=None
[2025-02-25T23:33:28.503+0000] {processor.py:208} INFO - Processing /home/airflow/.local/lib/python3.12/site-packages/airflow/example_dags/example_display_name.py took 0.042 seconds
[2025-02-25T23:33:59.126+0000] {processor.py:186} INFO - Started process (PID=1483) to work on /home/airflow/.local/lib/python3.12/site-packages/airflow/example_dags/example_display_name.py
[2025-02-25T23:33:59.130+0000] {processor.py:914} INFO - Processing file /home/airflow/.local/lib/python3.12/site-packages/airflow/example_dags/example_display_name.py for tasks to queue
[2025-02-25T23:33:59.131+0000] {logging_mixin.py:190} INFO - [2025-02-25T23:33:59.131+0000] {dagbag.py:588} INFO - Filling up the DagBag from /home/airflow/.local/lib/python3.12/site-packages/airflow/example_dags/example_display_name.py
[2025-02-25T23:33:59.136+0000] {processor.py:925} INFO - DAG(s) 'example_display_name' retrieved from /home/airflow/.local/lib/python3.12/site-packages/airflow/example_dags/example_display_name.py
[2025-02-25T23:33:59.148+0000] {logging_mixin.py:190} INFO - [2025-02-25T23:33:59.147+0000] {dag.py:3239} INFO - Sync 1 DAGs
[2025-02-25T23:33:59.156+0000] {logging_mixin.py:190} INFO - [2025-02-25T23:33:59.156+0000] {dag.py:4180} INFO - Setting next_dagrun for example_display_name to None, run_after=None
[2025-02-25T23:33:59.172+0000] {processor.py:208} INFO - Processing /home/airflow/.local/lib/python3.12/site-packages/airflow/example_dags/example_display_name.py took 0.050 seconds
[2025-02-25T23:34:30.106+0000] {processor.py:186} INFO - Started process (PID=1546) to work on /home/airflow/.local/lib/python3.12/site-packages/airflow/example_dags/example_display_name.py
[2025-02-25T23:34:30.106+0000] {processor.py:914} INFO - Processing file /home/airflow/.local/lib/python3.12/site-packages/airflow/example_dags/example_display_name.py for tasks to queue
[2025-02-25T23:34:30.108+0000] {logging_mixin.py:190} INFO - [2025-02-25T23:34:30.107+0000] {dagbag.py:588} INFO - Filling up the DagBag from /home/airflow/.local/lib/python3.12/site-packages/airflow/example_dags/example_display_name.py
[2025-02-25T23:34:30.111+0000] {processor.py:925} INFO - DAG(s) 'example_display_name' retrieved from /home/airflow/.local/lib/python3.12/site-packages/airflow/example_dags/example_display_name.py
[2025-02-25T23:34:30.121+0000] {logging_mixin.py:190} INFO - [2025-02-25T23:34:30.121+0000] {dag.py:3239} INFO - Sync 1 DAGs
[2025-02-25T23:34:30.129+0000] {logging_mixin.py:190} INFO - [2025-02-25T23:34:30.129+0000] {dag.py:4180} INFO - Setting next_dagrun for example_display_name to None, run_after=None
[2025-02-25T23:34:30.140+0000] {processor.py:208} INFO - Processing /home/airflow/.local/lib/python3.12/site-packages/airflow/example_dags/example_display_name.py took 0.037 seconds
[2025-02-25T23:35:00.163+0000] {processor.py:186} INFO - Started process (PID=1609) to work on /home/airflow/.local/lib/python3.12/site-packages/airflow/example_dags/example_display_name.py
[2025-02-25T23:35:00.168+0000] {processor.py:914} INFO - Processing file /home/airflow/.local/lib/python3.12/site-packages/airflow/example_dags/example_display_name.py for tasks to queue
[2025-02-25T23:35:00.170+0000] {logging_mixin.py:190} INFO - [2025-02-25T23:35:00.169+0000] {dagbag.py:588} INFO - Filling up the DagBag from /home/airflow/.local/lib/python3.12/site-packages/airflow/example_dags/example_display_name.py
[2025-02-25T23:35:00.174+0000] {processor.py:925} INFO - DAG(s) 'example_display_name' retrieved from /home/airflow/.local/lib/python3.12/site-packages/airflow/example_dags/example_display_name.py
[2025-02-25T23:35:00.185+0000] {logging_mixin.py:190} INFO - [2025-02-25T23:35:00.185+0000] {dag.py:3239} INFO - Sync 1 DAGs
[2025-02-25T23:35:00.193+0000] {logging_mixin.py:190} INFO - [2025-02-25T23:35:00.193+0000] {dag.py:4180} INFO - Setting next_dagrun for example_display_name to None, run_after=None
[2025-02-25T23:35:00.210+0000] {processor.py:208} INFO - Processing /home/airflow/.local/lib/python3.12/site-packages/airflow/example_dags/example_display_name.py took 0.049 seconds
[2025-02-25T23:35:31.011+0000] {processor.py:186} INFO - Started process (PID=1672) to work on /home/airflow/.local/lib/python3.12/site-packages/airflow/example_dags/example_display_name.py
[2025-02-25T23:35:31.012+0000] {processor.py:914} INFO - Processing file /home/airflow/.local/lib/python3.12/site-packages/airflow/example_dags/example_display_name.py for tasks to queue
[2025-02-25T23:35:31.013+0000] {logging_mixin.py:190} INFO - [2025-02-25T23:35:31.013+0000] {dagbag.py:588} INFO - Filling up the DagBag from /home/airflow/.local/lib/python3.12/site-packages/airflow/example_dags/example_display_name.py
[2025-02-25T23:35:31.017+0000] {processor.py:925} INFO - DAG(s) 'example_display_name' retrieved from /home/airflow/.local/lib/python3.12/site-packages/airflow/example_dags/example_display_name.py
[2025-02-25T23:35:31.029+0000] {logging_mixin.py:190} INFO - [2025-02-25T23:35:31.029+0000] {dag.py:3239} INFO - Sync 1 DAGs
[2025-02-25T23:35:31.038+0000] {logging_mixin.py:190} INFO - [2025-02-25T23:35:31.038+0000] {dag.py:4180} INFO - Setting next_dagrun for example_display_name to None, run_after=None
[2025-02-25T23:35:31.050+0000] {processor.py:208} INFO - Processing /home/airflow/.local/lib/python3.12/site-packages/airflow/example_dags/example_display_name.py took 0.043 seconds
[2025-02-25T23:36:01.153+0000] {processor.py:186} INFO - Started process (PID=1735) to work on /home/airflow/.local/lib/python3.12/site-packages/airflow/example_dags/example_display_name.py
[2025-02-25T23:36:01.157+0000] {processor.py:914} INFO - Processing file /home/airflow/.local/lib/python3.12/site-packages/airflow/example_dags/example_display_name.py for tasks to queue
[2025-02-25T23:36:01.158+0000] {logging_mixin.py:190} INFO - [2025-02-25T23:36:01.158+0000] {dagbag.py:588} INFO - Filling up the DagBag from /home/airflow/.local/lib/python3.12/site-packages/airflow/example_dags/example_display_name.py
[2025-02-25T23:36:01.163+0000] {processor.py:925} INFO - DAG(s) 'example_display_name' retrieved from /home/airflow/.local/lib/python3.12/site-packages/airflow/example_dags/example_display_name.py
[2025-02-25T23:36:01.174+0000] {logging_mixin.py:190} INFO - [2025-02-25T23:36:01.174+0000] {dag.py:3239} INFO - Sync 1 DAGs
[2025-02-25T23:36:01.183+0000] {logging_mixin.py:190} INFO - [2025-02-25T23:36:01.183+0000] {dag.py:4180} INFO - Setting next_dagrun for example_display_name to None, run_after=None
[2025-02-25T23:36:01.199+0000] {processor.py:208} INFO - Processing /home/airflow/.local/lib/python3.12/site-packages/airflow/example_dags/example_display_name.py took 0.049 seconds
[2025-02-25T23:36:31.390+0000] {processor.py:186} INFO - Started process (PID=1798) to work on /home/airflow/.local/lib/python3.12/site-packages/airflow/example_dags/example_display_name.py
[2025-02-25T23:36:31.395+0000] {processor.py:914} INFO - Processing file /home/airflow/.local/lib/python3.12/site-packages/airflow/example_dags/example_display_name.py for tasks to queue
[2025-02-25T23:36:31.397+0000] {logging_mixin.py:190} INFO - [2025-02-25T23:36:31.397+0000] {dagbag.py:588} INFO - Filling up the DagBag from /home/airflow/.local/lib/python3.12/site-packages/airflow/example_dags/example_display_name.py
[2025-02-25T23:36:31.401+0000] {processor.py:925} INFO - DAG(s) 'example_display_name' retrieved from /home/airflow/.local/lib/python3.12/site-packages/airflow/example_dags/example_display_name.py
[2025-02-25T23:36:31.414+0000] {logging_mixin.py:190} INFO - [2025-02-25T23:36:31.414+0000] {dag.py:3239} INFO - Sync 1 DAGs
[2025-02-25T23:36:31.422+0000] {logging_mixin.py:190} INFO - [2025-02-25T23:36:31.422+0000] {dag.py:4180} INFO - Setting next_dagrun for example_display_name to None, run_after=None
[2025-02-25T23:36:31.438+0000] {processor.py:208} INFO - Processing /home/airflow/.local/lib/python3.12/site-packages/airflow/example_dags/example_display_name.py took 0.051 seconds
[2025-02-25T23:37:01.758+0000] {processor.py:186} INFO - Started process (PID=1861) to work on /home/airflow/.local/lib/python3.12/site-packages/airflow/example_dags/example_display_name.py
[2025-02-25T23:37:01.759+0000] {processor.py:914} INFO - Processing file /home/airflow/.local/lib/python3.12/site-packages/airflow/example_dags/example_display_name.py for tasks to queue
[2025-02-25T23:37:01.761+0000] {logging_mixin.py:190} INFO - [2025-02-25T23:37:01.760+0000] {dagbag.py:588} INFO - Filling up the DagBag from /home/airflow/.local/lib/python3.12/site-packages/airflow/example_dags/example_display_name.py
[2025-02-25T23:37:01.765+0000] {processor.py:925} INFO - DAG(s) 'example_display_name' retrieved from /home/airflow/.local/lib/python3.12/site-packages/airflow/example_dags/example_display_name.py
[2025-02-25T23:37:01.775+0000] {logging_mixin.py:190} INFO - [2025-02-25T23:37:01.775+0000] {dag.py:3239} INFO - Sync 1 DAGs
[2025-02-25T23:37:01.783+0000] {logging_mixin.py:190} INFO - [2025-02-25T23:37:01.783+0000] {dag.py:4180} INFO - Setting next_dagrun for example_display_name to None, run_after=None
[2025-02-25T23:37:01.803+0000] {processor.py:208} INFO - Processing /home/airflow/.local/lib/python3.12/site-packages/airflow/example_dags/example_display_name.py took 0.048 seconds
[2025-02-25T23:37:32.044+0000] {processor.py:186} INFO - Started process (PID=1924) to work on /home/airflow/.local/lib/python3.12/site-packages/airflow/example_dags/example_display_name.py
[2025-02-25T23:37:32.045+0000] {processor.py:914} INFO - Processing file /home/airflow/.local/lib/python3.12/site-packages/airflow/example_dags/example_display_name.py for tasks to queue
[2025-02-25T23:37:32.046+0000] {logging_mixin.py:190} INFO - [2025-02-25T23:37:32.046+0000] {dagbag.py:588} INFO - Filling up the DagBag from /home/airflow/.local/lib/python3.12/site-packages/airflow/example_dags/example_display_name.py
[2025-02-25T23:37:32.051+0000] {processor.py:925} INFO - DAG(s) 'example_display_name' retrieved from /home/airflow/.local/lib/python3.12/site-packages/airflow/example_dags/example_display_name.py
[2025-02-25T23:37:32.068+0000] {logging_mixin.py:190} INFO - [2025-02-25T23:37:32.068+0000] {dag.py:3239} INFO - Sync 1 DAGs
[2025-02-25T23:37:32.077+0000] {logging_mixin.py:190} INFO - [2025-02-25T23:37:32.077+0000] {dag.py:4180} INFO - Setting next_dagrun for example_display_name to None, run_after=None
[2025-02-25T23:37:32.089+0000] {processor.py:208} INFO - Processing /home/airflow/.local/lib/python3.12/site-packages/airflow/example_dags/example_display_name.py took 0.048 seconds
[2025-02-25T23:38:02.842+0000] {processor.py:186} INFO - Started process (PID=1987) to work on /home/airflow/.local/lib/python3.12/site-packages/airflow/example_dags/example_display_name.py
[2025-02-25T23:38:02.847+0000] {processor.py:914} INFO - Processing file /home/airflow/.local/lib/python3.12/site-packages/airflow/example_dags/example_display_name.py for tasks to queue
[2025-02-25T23:38:02.848+0000] {logging_mixin.py:190} INFO - [2025-02-25T23:38:02.848+0000] {dagbag.py:588} INFO - Filling up the DagBag from /home/airflow/.local/lib/python3.12/site-packages/airflow/example_dags/example_display_name.py
[2025-02-25T23:38:02.852+0000] {processor.py:925} INFO - DAG(s) 'example_display_name' retrieved from /home/airflow/.local/lib/python3.12/site-packages/airflow/example_dags/example_display_name.py
[2025-02-25T23:38:02.864+0000] {logging_mixin.py:190} INFO - [2025-02-25T23:38:02.864+0000] {dag.py:3239} INFO - Sync 1 DAGs
[2025-02-25T23:38:02.872+0000] {logging_mixin.py:190} INFO - [2025-02-25T23:38:02.872+0000] {dag.py:4180} INFO - Setting next_dagrun for example_display_name to None, run_after=None
[2025-02-25T23:38:02.889+0000] {processor.py:208} INFO - Processing /home/airflow/.local/lib/python3.12/site-packages/airflow/example_dags/example_display_name.py took 0.049 seconds
[2025-02-25T23:38:35.505+0000] {processor.py:186} INFO - Started process (PID=2046) to work on /home/airflow/.local/lib/python3.12/site-packages/airflow/example_dags/example_display_name.py
[2025-02-25T23:38:35.506+0000] {processor.py:914} INFO - Processing file /home/airflow/.local/lib/python3.12/site-packages/airflow/example_dags/example_display_name.py for tasks to queue
[2025-02-25T23:38:35.507+0000] {logging_mixin.py:190} INFO - [2025-02-25T23:38:35.507+0000] {dagbag.py:588} INFO - Filling up the DagBag from /home/airflow/.local/lib/python3.12/site-packages/airflow/example_dags/example_display_name.py
[2025-02-25T23:38:35.512+0000] {processor.py:925} INFO - DAG(s) 'example_display_name' retrieved from /home/airflow/.local/lib/python3.12/site-packages/airflow/example_dags/example_display_name.py
[2025-02-25T23:38:35.523+0000] {logging_mixin.py:190} INFO - [2025-02-25T23:38:35.523+0000] {dag.py:3239} INFO - Sync 1 DAGs
[2025-02-25T23:38:35.531+0000] {logging_mixin.py:190} INFO - [2025-02-25T23:38:35.531+0000] {dag.py:4180} INFO - Setting next_dagrun for example_display_name to None, run_after=None
[2025-02-25T23:38:35.542+0000] {processor.py:208} INFO - Processing /home/airflow/.local/lib/python3.12/site-packages/airflow/example_dags/example_display_name.py took 0.041 seconds
[2025-02-25T23:39:05.689+0000] {processor.py:186} INFO - Started process (PID=2093) to work on /home/airflow/.local/lib/python3.12/site-packages/airflow/example_dags/example_display_name.py
[2025-02-25T23:39:05.693+0000] {processor.py:914} INFO - Processing file /home/airflow/.local/lib/python3.12/site-packages/airflow/example_dags/example_display_name.py for tasks to queue
[2025-02-25T23:39:05.695+0000] {logging_mixin.py:190} INFO - [2025-02-25T23:39:05.694+0000] {dagbag.py:588} INFO - Filling up the DagBag from /home/airflow/.local/lib/python3.12/site-packages/airflow/example_dags/example_display_name.py
[2025-02-25T23:39:05.699+0000] {processor.py:925} INFO - DAG(s) 'example_display_name' retrieved from /home/airflow/.local/lib/python3.12/site-packages/airflow/example_dags/example_display_name.py
[2025-02-25T23:39:05.711+0000] {logging_mixin.py:190} INFO - [2025-02-25T23:39:05.711+0000] {dag.py:3239} INFO - Sync 1 DAGs
[2025-02-25T23:39:05.719+0000] {logging_mixin.py:190} INFO - [2025-02-25T23:39:05.719+0000] {dag.py:4180} INFO - Setting next_dagrun for example_display_name to None, run_after=None
[2025-02-25T23:39:05.735+0000] {processor.py:208} INFO - Processing /home/airflow/.local/lib/python3.12/site-packages/airflow/example_dags/example_display_name.py took 0.049 seconds
[2025-02-25T23:39:36.674+0000] {processor.py:186} INFO - Started process (PID=2156) to work on /home/airflow/.local/lib/python3.12/site-packages/airflow/example_dags/example_display_name.py
[2025-02-25T23:39:36.678+0000] {processor.py:914} INFO - Processing file /home/airflow/.local/lib/python3.12/site-packages/airflow/example_dags/example_display_name.py for tasks to queue
[2025-02-25T23:39:36.680+0000] {logging_mixin.py:190} INFO - [2025-02-25T23:39:36.679+0000] {dagbag.py:588} INFO - Filling up the DagBag from /home/airflow/.local/lib/python3.12/site-packages/airflow/example_dags/example_display_name.py
[2025-02-25T23:39:36.684+0000] {processor.py:925} INFO - DAG(s) 'example_display_name' retrieved from /home/airflow/.local/lib/python3.12/site-packages/airflow/example_dags/example_display_name.py
[2025-02-25T23:39:36.696+0000] {logging_mixin.py:190} INFO - [2025-02-25T23:39:36.696+0000] {dag.py:3239} INFO - Sync 1 DAGs
[2025-02-25T23:39:36.707+0000] {logging_mixin.py:190} INFO - [2025-02-25T23:39:36.707+0000] {dag.py:4180} INFO - Setting next_dagrun for example_display_name to None, run_after=None
[2025-02-25T23:39:36.726+0000] {processor.py:208} INFO - Processing /home/airflow/.local/lib/python3.12/site-packages/airflow/example_dags/example_display_name.py took 0.055 seconds
[2025-02-25T23:41:47.658+0000] {processor.py:186} INFO - Started process (PID=45) to work on /home/airflow/.local/lib/python3.12/site-packages/airflow/example_dags/example_display_name.py
[2025-02-25T23:41:47.659+0000] {processor.py:914} INFO - Processing file /home/airflow/.local/lib/python3.12/site-packages/airflow/example_dags/example_display_name.py for tasks to queue
[2025-02-25T23:41:47.666+0000] {logging_mixin.py:190} INFO - [2025-02-25T23:41:47.666+0000] {dagbag.py:588} INFO - Filling up the DagBag from /home/airflow/.local/lib/python3.12/site-packages/airflow/example_dags/example_display_name.py
[2025-02-25T23:41:47.674+0000] {processor.py:925} INFO - DAG(s) 'example_display_name' retrieved from /home/airflow/.local/lib/python3.12/site-packages/airflow/example_dags/example_display_name.py
[2025-02-25T23:41:47.803+0000] {logging_mixin.py:190} INFO - [2025-02-25T23:41:47.803+0000] {override.py:1912} INFO - Created Permission View: can edit on DAG:example_display_name
[2025-02-25T23:41:47.810+0000] {logging_mixin.py:190} INFO - [2025-02-25T23:41:47.809+0000] {override.py:1912} INFO - Created Permission View: can delete on DAG:example_display_name
[2025-02-25T23:41:47.813+0000] {logging_mixin.py:190} INFO - [2025-02-25T23:41:47.813+0000] {override.py:1912} INFO - Created Permission View: can read on DAG:example_display_name
[2025-02-25T23:41:47.818+0000] {logging_mixin.py:190} INFO - [2025-02-25T23:41:47.818+0000] {override.py:1912} INFO - Created Permission View: can create on DAG Run:example_display_name
[2025-02-25T23:41:47.822+0000] {logging_mixin.py:190} INFO - [2025-02-25T23:41:47.822+0000] {override.py:1912} INFO - Created Permission View: can delete on DAG Run:example_display_name
[2025-02-25T23:41:47.825+0000] {logging_mixin.py:190} INFO - [2025-02-25T23:41:47.825+0000] {override.py:1912} INFO - Created Permission View: can read on DAG Run:example_display_name
[2025-02-25T23:41:47.830+0000] {logging_mixin.py:190} INFO - [2025-02-25T23:41:47.829+0000] {override.py:1912} INFO - Created Permission View: menu access on DAG Run:example_display_name
[2025-02-25T23:41:47.830+0000] {logging_mixin.py:190} INFO - [2025-02-25T23:41:47.830+0000] {dag.py:3239} INFO - Sync 1 DAGs
[2025-02-25T23:41:47.839+0000] {logging_mixin.py:190} INFO - [2025-02-25T23:41:47.839+0000] {dag.py:3262} INFO - Creating ORM DAG for example_display_name
[2025-02-25T23:41:47.839+0000] {logging_mixin.py:190} INFO - [2025-02-25T23:41:47.839+0000] {dag.py:4180} INFO - Setting next_dagrun for example_display_name to None, run_after=None
[2025-02-25T23:41:47.852+0000] {processor.py:208} INFO - Processing /home/airflow/.local/lib/python3.12/site-packages/airflow/example_dags/example_display_name.py took 0.197 seconds
[2025-02-25T23:42:22.782+0000] {processor.py:186} INFO - Started process (PID=108) to work on /home/airflow/.local/lib/python3.12/site-packages/airflow/example_dags/example_display_name.py
[2025-02-25T23:42:22.783+0000] {processor.py:914} INFO - Processing file /home/airflow/.local/lib/python3.12/site-packages/airflow/example_dags/example_display_name.py for tasks to queue
[2025-02-25T23:42:22.784+0000] {logging_mixin.py:190} INFO - [2025-02-25T23:42:22.784+0000] {dagbag.py:588} INFO - Filling up the DagBag from /home/airflow/.local/lib/python3.12/site-packages/airflow/example_dags/example_display_name.py
[2025-02-25T23:42:22.788+0000] {processor.py:925} INFO - DAG(s) 'example_display_name' retrieved from /home/airflow/.local/lib/python3.12/site-packages/airflow/example_dags/example_display_name.py
[2025-02-25T23:42:22.800+0000] {logging_mixin.py:190} INFO - [2025-02-25T23:42:22.800+0000] {dag.py:3239} INFO - Sync 1 DAGs
[2025-02-25T23:42:22.818+0000] {logging_mixin.py:190} INFO - [2025-02-25T23:42:22.817+0000] {dag.py:4180} INFO - Setting next_dagrun for example_display_name to None, run_after=None
[2025-02-25T23:42:22.829+0000] {processor.py:208} INFO - Processing /home/airflow/.local/lib/python3.12/site-packages/airflow/example_dags/example_display_name.py took 0.050 seconds
[2025-02-25T23:42:53.515+0000] {processor.py:186} INFO - Started process (PID=171) to work on /home/airflow/.local/lib/python3.12/site-packages/airflow/example_dags/example_display_name.py
[2025-02-25T23:42:53.516+0000] {processor.py:914} INFO - Processing file /home/airflow/.local/lib/python3.12/site-packages/airflow/example_dags/example_display_name.py for tasks to queue
[2025-02-25T23:42:53.517+0000] {logging_mixin.py:190} INFO - [2025-02-25T23:42:53.517+0000] {dagbag.py:588} INFO - Filling up the DagBag from /home/airflow/.local/lib/python3.12/site-packages/airflow/example_dags/example_display_name.py
[2025-02-25T23:42:53.521+0000] {processor.py:925} INFO - DAG(s) 'example_display_name' retrieved from /home/airflow/.local/lib/python3.12/site-packages/airflow/example_dags/example_display_name.py
[2025-02-25T23:42:53.530+0000] {logging_mixin.py:190} INFO - [2025-02-25T23:42:53.530+0000] {dag.py:3239} INFO - Sync 1 DAGs
[2025-02-25T23:42:53.538+0000] {logging_mixin.py:190} INFO - [2025-02-25T23:42:53.538+0000] {dag.py:4180} INFO - Setting next_dagrun for example_display_name to None, run_after=None
[2025-02-25T23:42:53.548+0000] {processor.py:208} INFO - Processing /home/airflow/.local/lib/python3.12/site-packages/airflow/example_dags/example_display_name.py took 0.037 seconds
[2025-02-25T23:43:24.317+0000] {processor.py:186} INFO - Started process (PID=234) to work on /home/airflow/.local/lib/python3.12/site-packages/airflow/example_dags/example_display_name.py
[2025-02-25T23:43:24.318+0000] {processor.py:914} INFO - Processing file /home/airflow/.local/lib/python3.12/site-packages/airflow/example_dags/example_display_name.py for tasks to queue
[2025-02-25T23:43:24.319+0000] {logging_mixin.py:190} INFO - [2025-02-25T23:43:24.319+0000] {dagbag.py:588} INFO - Filling up the DagBag from /home/airflow/.local/lib/python3.12/site-packages/airflow/example_dags/example_display_name.py
[2025-02-25T23:43:24.323+0000] {processor.py:925} INFO - DAG(s) 'example_display_name' retrieved from /home/airflow/.local/lib/python3.12/site-packages/airflow/example_dags/example_display_name.py
[2025-02-25T23:43:24.334+0000] {logging_mixin.py:190} INFO - [2025-02-25T23:43:24.334+0000] {dag.py:3239} INFO - Sync 1 DAGs
[2025-02-25T23:43:24.343+0000] {logging_mixin.py:190} INFO - [2025-02-25T23:43:24.343+0000] {dag.py:4180} INFO - Setting next_dagrun for example_display_name to None, run_after=None
[2025-02-25T23:43:24.355+0000] {processor.py:208} INFO - Processing /home/airflow/.local/lib/python3.12/site-packages/airflow/example_dags/example_display_name.py took 0.041 seconds
[2025-02-25T23:43:54.476+0000] {processor.py:186} INFO - Started process (PID=297) to work on /home/airflow/.local/lib/python3.12/site-packages/airflow/example_dags/example_display_name.py
[2025-02-25T23:43:54.477+0000] {processor.py:914} INFO - Processing file /home/airflow/.local/lib/python3.12/site-packages/airflow/example_dags/example_display_name.py for tasks to queue
[2025-02-25T23:43:54.478+0000] {logging_mixin.py:190} INFO - [2025-02-25T23:43:54.478+0000] {dagbag.py:588} INFO - Filling up the DagBag from /home/airflow/.local/lib/python3.12/site-packages/airflow/example_dags/example_display_name.py
[2025-02-25T23:43:54.482+0000] {processor.py:925} INFO - DAG(s) 'example_display_name' retrieved from /home/airflow/.local/lib/python3.12/site-packages/airflow/example_dags/example_display_name.py
[2025-02-25T23:43:54.492+0000] {logging_mixin.py:190} INFO - [2025-02-25T23:43:54.491+0000] {dag.py:3239} INFO - Sync 1 DAGs
[2025-02-25T23:43:54.500+0000] {logging_mixin.py:190} INFO - [2025-02-25T23:43:54.500+0000] {dag.py:4180} INFO - Setting next_dagrun for example_display_name to None, run_after=None
[2025-02-25T23:43:54.510+0000] {processor.py:208} INFO - Processing /home/airflow/.local/lib/python3.12/site-packages/airflow/example_dags/example_display_name.py took 0.037 seconds
[2025-02-25T23:44:25.120+0000] {processor.py:186} INFO - Started process (PID=360) to work on /home/airflow/.local/lib/python3.12/site-packages/airflow/example_dags/example_display_name.py
[2025-02-25T23:44:25.121+0000] {processor.py:914} INFO - Processing file /home/airflow/.local/lib/python3.12/site-packages/airflow/example_dags/example_display_name.py for tasks to queue
[2025-02-25T23:44:25.122+0000] {logging_mixin.py:190} INFO - [2025-02-25T23:44:25.122+0000] {dagbag.py:588} INFO - Filling up the DagBag from /home/airflow/.local/lib/python3.12/site-packages/airflow/example_dags/example_display_name.py
[2025-02-25T23:44:25.126+0000] {processor.py:925} INFO - DAG(s) 'example_display_name' retrieved from /home/airflow/.local/lib/python3.12/site-packages/airflow/example_dags/example_display_name.py
[2025-02-25T23:44:25.137+0000] {logging_mixin.py:190} INFO - [2025-02-25T23:44:25.137+0000] {dag.py:3239} INFO - Sync 1 DAGs
[2025-02-25T23:44:25.145+0000] {logging_mixin.py:190} INFO - [2025-02-25T23:44:25.145+0000] {dag.py:4180} INFO - Setting next_dagrun for example_display_name to None, run_after=None
[2025-02-25T23:44:25.157+0000] {processor.py:208} INFO - Processing /home/airflow/.local/lib/python3.12/site-packages/airflow/example_dags/example_display_name.py took 0.040 seconds
[2025-02-25T23:44:55.919+0000] {processor.py:186} INFO - Started process (PID=423) to work on /home/airflow/.local/lib/python3.12/site-packages/airflow/example_dags/example_display_name.py
[2025-02-25T23:44:55.920+0000] {processor.py:914} INFO - Processing file /home/airflow/.local/lib/python3.12/site-packages/airflow/example_dags/example_display_name.py for tasks to queue
[2025-02-25T23:44:55.921+0000] {logging_mixin.py:190} INFO - [2025-02-25T23:44:55.921+0000] {dagbag.py:588} INFO - Filling up the DagBag from /home/airflow/.local/lib/python3.12/site-packages/airflow/example_dags/example_display_name.py
[2025-02-25T23:44:55.925+0000] {processor.py:925} INFO - DAG(s) 'example_display_name' retrieved from /home/airflow/.local/lib/python3.12/site-packages/airflow/example_dags/example_display_name.py
[2025-02-25T23:44:55.935+0000] {logging_mixin.py:190} INFO - [2025-02-25T23:44:55.935+0000] {dag.py:3239} INFO - Sync 1 DAGs
[2025-02-25T23:44:55.943+0000] {logging_mixin.py:190} INFO - [2025-02-25T23:44:55.943+0000] {dag.py:4180} INFO - Setting next_dagrun for example_display_name to None, run_after=None
[2025-02-25T23:44:55.953+0000] {processor.py:208} INFO - Processing /home/airflow/.local/lib/python3.12/site-packages/airflow/example_dags/example_display_name.py took 0.037 seconds
[2025-02-25T23:45:26.654+0000] {processor.py:186} INFO - Started process (PID=486) to work on /home/airflow/.local/lib/python3.12/site-packages/airflow/example_dags/example_display_name.py
[2025-02-25T23:45:26.655+0000] {processor.py:914} INFO - Processing file /home/airflow/.local/lib/python3.12/site-packages/airflow/example_dags/example_display_name.py for tasks to queue
[2025-02-25T23:45:26.656+0000] {logging_mixin.py:190} INFO - [2025-02-25T23:45:26.656+0000] {dagbag.py:588} INFO - Filling up the DagBag from /home/airflow/.local/lib/python3.12/site-packages/airflow/example_dags/example_display_name.py
[2025-02-25T23:45:26.659+0000] {processor.py:925} INFO - DAG(s) 'example_display_name' retrieved from /home/airflow/.local/lib/python3.12/site-packages/airflow/example_dags/example_display_name.py
[2025-02-25T23:45:26.670+0000] {logging_mixin.py:190} INFO - [2025-02-25T23:45:26.669+0000] {dag.py:3239} INFO - Sync 1 DAGs
[2025-02-25T23:45:26.678+0000] {logging_mixin.py:190} INFO - [2025-02-25T23:45:26.678+0000] {dag.py:4180} INFO - Setting next_dagrun for example_display_name to None, run_after=None
[2025-02-25T23:45:26.688+0000] {processor.py:208} INFO - Processing /home/airflow/.local/lib/python3.12/site-packages/airflow/example_dags/example_display_name.py took 0.037 seconds
[2025-02-25T23:45:57.462+0000] {processor.py:186} INFO - Started process (PID=543) to work on /home/airflow/.local/lib/python3.12/site-packages/airflow/example_dags/example_display_name.py
[2025-02-25T23:45:57.463+0000] {processor.py:914} INFO - Processing file /home/airflow/.local/lib/python3.12/site-packages/airflow/example_dags/example_display_name.py for tasks to queue
[2025-02-25T23:45:57.464+0000] {logging_mixin.py:190} INFO - [2025-02-25T23:45:57.464+0000] {dagbag.py:588} INFO - Filling up the DagBag from /home/airflow/.local/lib/python3.12/site-packages/airflow/example_dags/example_display_name.py
[2025-02-25T23:45:57.468+0000] {processor.py:925} INFO - DAG(s) 'example_display_name' retrieved from /home/airflow/.local/lib/python3.12/site-packages/airflow/example_dags/example_display_name.py
[2025-02-25T23:45:57.479+0000] {logging_mixin.py:190} INFO - [2025-02-25T23:45:57.479+0000] {dag.py:3239} INFO - Sync 1 DAGs
[2025-02-25T23:45:57.488+0000] {logging_mixin.py:190} INFO - [2025-02-25T23:45:57.487+0000] {dag.py:4180} INFO - Setting next_dagrun for example_display_name to None, run_after=None
[2025-02-25T23:45:57.504+0000] {processor.py:208} INFO - Processing /home/airflow/.local/lib/python3.12/site-packages/airflow/example_dags/example_display_name.py took 0.045 seconds
[2025-02-25T23:46:29.221+0000] {processor.py:186} INFO - Started process (PID=606) to work on /home/airflow/.local/lib/python3.12/site-packages/airflow/example_dags/example_display_name.py
[2025-02-25T23:46:29.221+0000] {processor.py:914} INFO - Processing file /home/airflow/.local/lib/python3.12/site-packages/airflow/example_dags/example_display_name.py for tasks to queue
[2025-02-25T23:46:29.223+0000] {logging_mixin.py:190} INFO - [2025-02-25T23:46:29.222+0000] {dagbag.py:588} INFO - Filling up the DagBag from /home/airflow/.local/lib/python3.12/site-packages/airflow/example_dags/example_display_name.py
[2025-02-25T23:46:29.226+0000] {processor.py:925} INFO - DAG(s) 'example_display_name' retrieved from /home/airflow/.local/lib/python3.12/site-packages/airflow/example_dags/example_display_name.py
[2025-02-25T23:46:29.236+0000] {logging_mixin.py:190} INFO - [2025-02-25T23:46:29.236+0000] {dag.py:3239} INFO - Sync 1 DAGs
[2025-02-25T23:46:29.244+0000] {logging_mixin.py:190} INFO - [2025-02-25T23:46:29.244+0000] {dag.py:4180} INFO - Setting next_dagrun for example_display_name to None, run_after=None
[2025-02-25T23:46:29.255+0000] {processor.py:208} INFO - Processing /home/airflow/.local/lib/python3.12/site-packages/airflow/example_dags/example_display_name.py took 0.037 seconds
[2025-02-25T23:47:00.134+0000] {processor.py:186} INFO - Started process (PID=669) to work on /home/airflow/.local/lib/python3.12/site-packages/airflow/example_dags/example_display_name.py
[2025-02-25T23:47:00.135+0000] {processor.py:914} INFO - Processing file /home/airflow/.local/lib/python3.12/site-packages/airflow/example_dags/example_display_name.py for tasks to queue
[2025-02-25T23:47:00.136+0000] {logging_mixin.py:190} INFO - [2025-02-25T23:47:00.136+0000] {dagbag.py:588} INFO - Filling up the DagBag from /home/airflow/.local/lib/python3.12/site-packages/airflow/example_dags/example_display_name.py
[2025-02-25T23:47:00.140+0000] {processor.py:925} INFO - DAG(s) 'example_display_name' retrieved from /home/airflow/.local/lib/python3.12/site-packages/airflow/example_dags/example_display_name.py
[2025-02-25T23:47:00.150+0000] {logging_mixin.py:190} INFO - [2025-02-25T23:47:00.149+0000] {dag.py:3239} INFO - Sync 1 DAGs
[2025-02-25T23:47:00.178+0000] {logging_mixin.py:190} INFO - [2025-02-25T23:47:00.178+0000] {dag.py:4180} INFO - Setting next_dagrun for example_display_name to None, run_after=None
[2025-02-25T23:47:00.187+0000] {processor.py:208} INFO - Processing /home/airflow/.local/lib/python3.12/site-packages/airflow/example_dags/example_display_name.py took 0.056 seconds
[2025-02-25T23:47:30.831+0000] {processor.py:186} INFO - Started process (PID=732) to work on /home/airflow/.local/lib/python3.12/site-packages/airflow/example_dags/example_display_name.py
[2025-02-25T23:47:30.831+0000] {processor.py:914} INFO - Processing file /home/airflow/.local/lib/python3.12/site-packages/airflow/example_dags/example_display_name.py for tasks to queue
[2025-02-25T23:47:30.832+0000] {logging_mixin.py:190} INFO - [2025-02-25T23:47:30.832+0000] {dagbag.py:588} INFO - Filling up the DagBag from /home/airflow/.local/lib/python3.12/site-packages/airflow/example_dags/example_display_name.py
[2025-02-25T23:47:30.836+0000] {processor.py:925} INFO - DAG(s) 'example_display_name' retrieved from /home/airflow/.local/lib/python3.12/site-packages/airflow/example_dags/example_display_name.py
[2025-02-25T23:47:30.846+0000] {logging_mixin.py:190} INFO - [2025-02-25T23:47:30.846+0000] {dag.py:3239} INFO - Sync 1 DAGs
[2025-02-25T23:47:30.854+0000] {logging_mixin.py:190} INFO - [2025-02-25T23:47:30.854+0000] {dag.py:4180} INFO - Setting next_dagrun for example_display_name to None, run_after=None
[2025-02-25T23:47:30.864+0000] {processor.py:208} INFO - Processing /home/airflow/.local/lib/python3.12/site-packages/airflow/example_dags/example_display_name.py took 0.037 seconds
[2025-02-25T23:48:01.480+0000] {processor.py:186} INFO - Started process (PID=795) to work on /home/airflow/.local/lib/python3.12/site-packages/airflow/example_dags/example_display_name.py
[2025-02-25T23:48:01.483+0000] {processor.py:914} INFO - Processing file /home/airflow/.local/lib/python3.12/site-packages/airflow/example_dags/example_display_name.py for tasks to queue
[2025-02-25T23:48:01.485+0000] {logging_mixin.py:190} INFO - [2025-02-25T23:48:01.485+0000] {dagbag.py:588} INFO - Filling up the DagBag from /home/airflow/.local/lib/python3.12/site-packages/airflow/example_dags/example_display_name.py
[2025-02-25T23:48:01.490+0000] {processor.py:925} INFO - DAG(s) 'example_display_name' retrieved from /home/airflow/.local/lib/python3.12/site-packages/airflow/example_dags/example_display_name.py
[2025-02-25T23:48:01.502+0000] {logging_mixin.py:190} INFO - [2025-02-25T23:48:01.502+0000] {dag.py:3239} INFO - Sync 1 DAGs
[2025-02-25T23:48:01.511+0000] {logging_mixin.py:190} INFO - [2025-02-25T23:48:01.511+0000] {dag.py:4180} INFO - Setting next_dagrun for example_display_name to None, run_after=None
[2025-02-25T23:48:01.525+0000] {processor.py:208} INFO - Processing /home/airflow/.local/lib/python3.12/site-packages/airflow/example_dags/example_display_name.py took 0.049 seconds
[2025-02-25T23:48:32.419+0000] {processor.py:186} INFO - Started process (PID=858) to work on /home/airflow/.local/lib/python3.12/site-packages/airflow/example_dags/example_display_name.py
[2025-02-25T23:48:32.419+0000] {processor.py:914} INFO - Processing file /home/airflow/.local/lib/python3.12/site-packages/airflow/example_dags/example_display_name.py for tasks to queue
[2025-02-25T23:48:32.421+0000] {logging_mixin.py:190} INFO - [2025-02-25T23:48:32.421+0000] {dagbag.py:588} INFO - Filling up the DagBag from /home/airflow/.local/lib/python3.12/site-packages/airflow/example_dags/example_display_name.py
[2025-02-25T23:48:32.427+0000] {processor.py:925} INFO - DAG(s) 'example_display_name' retrieved from /home/airflow/.local/lib/python3.12/site-packages/airflow/example_dags/example_display_name.py
[2025-02-25T23:48:32.439+0000] {logging_mixin.py:190} INFO - [2025-02-25T23:48:32.438+0000] {dag.py:3239} INFO - Sync 1 DAGs
[2025-02-25T23:48:32.449+0000] {logging_mixin.py:190} INFO - [2025-02-25T23:48:32.448+0000] {dag.py:4180} INFO - Setting next_dagrun for example_display_name to None, run_after=None
[2025-02-25T23:48:32.460+0000] {processor.py:208} INFO - Processing /home/airflow/.local/lib/python3.12/site-packages/airflow/example_dags/example_display_name.py took 0.046 seconds
[2025-02-25T23:49:03.279+0000] {processor.py:186} INFO - Started process (PID=921) to work on /home/airflow/.local/lib/python3.12/site-packages/airflow/example_dags/example_display_name.py
[2025-02-25T23:49:03.280+0000] {processor.py:914} INFO - Processing file /home/airflow/.local/lib/python3.12/site-packages/airflow/example_dags/example_display_name.py for tasks to queue
[2025-02-25T23:49:03.282+0000] {logging_mixin.py:190} INFO - [2025-02-25T23:49:03.281+0000] {dagbag.py:588} INFO - Filling up the DagBag from /home/airflow/.local/lib/python3.12/site-packages/airflow/example_dags/example_display_name.py
[2025-02-25T23:49:03.287+0000] {processor.py:925} INFO - DAG(s) 'example_display_name' retrieved from /home/airflow/.local/lib/python3.12/site-packages/airflow/example_dags/example_display_name.py
[2025-02-25T23:49:03.301+0000] {logging_mixin.py:190} INFO - [2025-02-25T23:49:03.300+0000] {dag.py:3239} INFO - Sync 1 DAGs
[2025-02-25T23:49:03.311+0000] {logging_mixin.py:190} INFO - [2025-02-25T23:49:03.311+0000] {dag.py:4180} INFO - Setting next_dagrun for example_display_name to None, run_after=None
[2025-02-25T23:49:03.323+0000] {processor.py:208} INFO - Processing /home/airflow/.local/lib/python3.12/site-packages/airflow/example_dags/example_display_name.py took 0.048 seconds
[2025-02-25T23:49:33.693+0000] {processor.py:186} INFO - Started process (PID=984) to work on /home/airflow/.local/lib/python3.12/site-packages/airflow/example_dags/example_display_name.py
[2025-02-25T23:49:33.694+0000] {processor.py:914} INFO - Processing file /home/airflow/.local/lib/python3.12/site-packages/airflow/example_dags/example_display_name.py for tasks to queue
[2025-02-25T23:49:33.695+0000] {logging_mixin.py:190} INFO - [2025-02-25T23:49:33.695+0000] {dagbag.py:588} INFO - Filling up the DagBag from /home/airflow/.local/lib/python3.12/site-packages/airflow/example_dags/example_display_name.py
[2025-02-25T23:49:33.699+0000] {processor.py:925} INFO - DAG(s) 'example_display_name' retrieved from /home/airflow/.local/lib/python3.12/site-packages/airflow/example_dags/example_display_name.py
[2025-02-25T23:49:33.709+0000] {logging_mixin.py:190} INFO - [2025-02-25T23:49:33.709+0000] {dag.py:3239} INFO - Sync 1 DAGs
[2025-02-25T23:49:33.718+0000] {logging_mixin.py:190} INFO - [2025-02-25T23:49:33.718+0000] {dag.py:4180} INFO - Setting next_dagrun for example_display_name to None, run_after=None
[2025-02-25T23:49:33.728+0000] {processor.py:208} INFO - Processing /home/airflow/.local/lib/python3.12/site-packages/airflow/example_dags/example_display_name.py took 0.039 seconds
[2025-02-25T23:50:03.780+0000] {processor.py:186} INFO - Started process (PID=1047) to work on /home/airflow/.local/lib/python3.12/site-packages/airflow/example_dags/example_display_name.py
[2025-02-25T23:50:03.781+0000] {processor.py:914} INFO - Processing file /home/airflow/.local/lib/python3.12/site-packages/airflow/example_dags/example_display_name.py for tasks to queue
[2025-02-25T23:50:03.782+0000] {logging_mixin.py:190} INFO - [2025-02-25T23:50:03.782+0000] {dagbag.py:588} INFO - Filling up the DagBag from /home/airflow/.local/lib/python3.12/site-packages/airflow/example_dags/example_display_name.py
[2025-02-25T23:50:03.787+0000] {processor.py:925} INFO - DAG(s) 'example_display_name' retrieved from /home/airflow/.local/lib/python3.12/site-packages/airflow/example_dags/example_display_name.py
[2025-02-25T23:50:03.800+0000] {logging_mixin.py:190} INFO - [2025-02-25T23:50:03.800+0000] {dag.py:3239} INFO - Sync 1 DAGs
[2025-02-25T23:50:03.809+0000] {logging_mixin.py:190} INFO - [2025-02-25T23:50:03.808+0000] {dag.py:4180} INFO - Setting next_dagrun for example_display_name to None, run_after=None
[2025-02-25T23:50:03.819+0000] {processor.py:208} INFO - Processing /home/airflow/.local/lib/python3.12/site-packages/airflow/example_dags/example_display_name.py took 0.042 seconds
[2025-02-25T23:50:35.242+0000] {processor.py:186} INFO - Started process (PID=1110) to work on /home/airflow/.local/lib/python3.12/site-packages/airflow/example_dags/example_display_name.py
[2025-02-25T23:50:35.243+0000] {processor.py:914} INFO - Processing file /home/airflow/.local/lib/python3.12/site-packages/airflow/example_dags/example_display_name.py for tasks to queue
[2025-02-25T23:50:35.244+0000] {logging_mixin.py:190} INFO - [2025-02-25T23:50:35.244+0000] {dagbag.py:588} INFO - Filling up the DagBag from /home/airflow/.local/lib/python3.12/site-packages/airflow/example_dags/example_display_name.py
[2025-02-25T23:50:35.248+0000] {processor.py:925} INFO - DAG(s) 'example_display_name' retrieved from /home/airflow/.local/lib/python3.12/site-packages/airflow/example_dags/example_display_name.py
[2025-02-25T23:50:35.259+0000] {logging_mixin.py:190} INFO - [2025-02-25T23:50:35.259+0000] {dag.py:3239} INFO - Sync 1 DAGs
[2025-02-25T23:50:35.267+0000] {logging_mixin.py:190} INFO - [2025-02-25T23:50:35.267+0000] {dag.py:4180} INFO - Setting next_dagrun for example_display_name to None, run_after=None
[2025-02-25T23:50:35.278+0000] {processor.py:208} INFO - Processing /home/airflow/.local/lib/python3.12/site-packages/airflow/example_dags/example_display_name.py took 0.039 seconds
[2025-02-25T23:51:05.709+0000] {processor.py:186} INFO - Started process (PID=1173) to work on /home/airflow/.local/lib/python3.12/site-packages/airflow/example_dags/example_display_name.py
[2025-02-25T23:51:05.714+0000] {processor.py:914} INFO - Processing file /home/airflow/.local/lib/python3.12/site-packages/airflow/example_dags/example_display_name.py for tasks to queue
[2025-02-25T23:51:05.715+0000] {logging_mixin.py:190} INFO - [2025-02-25T23:51:05.715+0000] {dagbag.py:588} INFO - Filling up the DagBag from /home/airflow/.local/lib/python3.12/site-packages/airflow/example_dags/example_display_name.py
[2025-02-25T23:51:05.719+0000] {processor.py:925} INFO - DAG(s) 'example_display_name' retrieved from /home/airflow/.local/lib/python3.12/site-packages/airflow/example_dags/example_display_name.py
[2025-02-25T23:51:05.731+0000] {logging_mixin.py:190} INFO - [2025-02-25T23:51:05.731+0000] {dag.py:3239} INFO - Sync 1 DAGs
[2025-02-25T23:51:05.739+0000] {logging_mixin.py:190} INFO - [2025-02-25T23:51:05.739+0000] {dag.py:4180} INFO - Setting next_dagrun for example_display_name to None, run_after=None
[2025-02-25T23:51:05.754+0000] {processor.py:208} INFO - Processing /home/airflow/.local/lib/python3.12/site-packages/airflow/example_dags/example_display_name.py took 0.048 seconds
[2025-02-25T23:51:36.278+0000] {processor.py:186} INFO - Started process (PID=1236) to work on /home/airflow/.local/lib/python3.12/site-packages/airflow/example_dags/example_display_name.py
[2025-02-25T23:51:36.279+0000] {processor.py:914} INFO - Processing file /home/airflow/.local/lib/python3.12/site-packages/airflow/example_dags/example_display_name.py for tasks to queue
[2025-02-25T23:51:36.280+0000] {logging_mixin.py:190} INFO - [2025-02-25T23:51:36.280+0000] {dagbag.py:588} INFO - Filling up the DagBag from /home/airflow/.local/lib/python3.12/site-packages/airflow/example_dags/example_display_name.py
[2025-02-25T23:51:36.284+0000] {processor.py:925} INFO - DAG(s) 'example_display_name' retrieved from /home/airflow/.local/lib/python3.12/site-packages/airflow/example_dags/example_display_name.py
[2025-02-25T23:51:36.295+0000] {logging_mixin.py:190} INFO - [2025-02-25T23:51:36.295+0000] {dag.py:3239} INFO - Sync 1 DAGs
[2025-02-25T23:51:36.303+0000] {logging_mixin.py:190} INFO - [2025-02-25T23:51:36.303+0000] {dag.py:4180} INFO - Setting next_dagrun for example_display_name to None, run_after=None
[2025-02-25T23:51:36.315+0000] {processor.py:208} INFO - Processing /home/airflow/.local/lib/python3.12/site-packages/airflow/example_dags/example_display_name.py took 0.041 seconds
[2025-02-25T23:52:07.022+0000] {processor.py:186} INFO - Started process (PID=1299) to work on /home/airflow/.local/lib/python3.12/site-packages/airflow/example_dags/example_display_name.py
[2025-02-25T23:52:07.023+0000] {processor.py:914} INFO - Processing file /home/airflow/.local/lib/python3.12/site-packages/airflow/example_dags/example_display_name.py for tasks to queue
[2025-02-25T23:52:07.024+0000] {logging_mixin.py:190} INFO - [2025-02-25T23:52:07.024+0000] {dagbag.py:588} INFO - Filling up the DagBag from /home/airflow/.local/lib/python3.12/site-packages/airflow/example_dags/example_display_name.py
[2025-02-25T23:52:07.028+0000] {processor.py:925} INFO - DAG(s) 'example_display_name' retrieved from /home/airflow/.local/lib/python3.12/site-packages/airflow/example_dags/example_display_name.py
[2025-02-25T23:52:07.037+0000] {logging_mixin.py:190} INFO - [2025-02-25T23:52:07.037+0000] {dag.py:3239} INFO - Sync 1 DAGs
[2025-02-25T23:52:07.045+0000] {logging_mixin.py:190} INFO - [2025-02-25T23:52:07.045+0000] {dag.py:4180} INFO - Setting next_dagrun for example_display_name to None, run_after=None
[2025-02-25T23:52:07.057+0000] {processor.py:208} INFO - Processing /home/airflow/.local/lib/python3.12/site-packages/airflow/example_dags/example_display_name.py took 0.038 seconds
[2025-02-25T23:52:37.342+0000] {processor.py:186} INFO - Started process (PID=1362) to work on /home/airflow/.local/lib/python3.12/site-packages/airflow/example_dags/example_display_name.py
[2025-02-25T23:52:37.346+0000] {processor.py:914} INFO - Processing file /home/airflow/.local/lib/python3.12/site-packages/airflow/example_dags/example_display_name.py for tasks to queue
[2025-02-25T23:52:37.347+0000] {logging_mixin.py:190} INFO - [2025-02-25T23:52:37.347+0000] {dagbag.py:588} INFO - Filling up the DagBag from /home/airflow/.local/lib/python3.12/site-packages/airflow/example_dags/example_display_name.py
[2025-02-25T23:52:37.352+0000] {processor.py:925} INFO - DAG(s) 'example_display_name' retrieved from /home/airflow/.local/lib/python3.12/site-packages/airflow/example_dags/example_display_name.py
[2025-02-25T23:52:37.365+0000] {logging_mixin.py:190} INFO - [2025-02-25T23:52:37.365+0000] {dag.py:3239} INFO - Sync 1 DAGs
[2025-02-25T23:52:37.374+0000] {logging_mixin.py:190} INFO - [2025-02-25T23:52:37.374+0000] {dag.py:4180} INFO - Setting next_dagrun for example_display_name to None, run_after=None
[2025-02-25T23:52:37.391+0000] {processor.py:208} INFO - Processing /home/airflow/.local/lib/python3.12/site-packages/airflow/example_dags/example_display_name.py took 0.053 seconds
[2025-02-25T23:53:08.328+0000] {processor.py:186} INFO - Started process (PID=1426) to work on /home/airflow/.local/lib/python3.12/site-packages/airflow/example_dags/example_display_name.py
[2025-02-25T23:53:08.329+0000] {processor.py:914} INFO - Processing file /home/airflow/.local/lib/python3.12/site-packages/airflow/example_dags/example_display_name.py for tasks to queue
[2025-02-25T23:53:08.331+0000] {logging_mixin.py:190} INFO - [2025-02-25T23:53:08.331+0000] {dagbag.py:588} INFO - Filling up the DagBag from /home/airflow/.local/lib/python3.12/site-packages/airflow/example_dags/example_display_name.py
[2025-02-25T23:53:08.336+0000] {processor.py:925} INFO - DAG(s) 'example_display_name' retrieved from /home/airflow/.local/lib/python3.12/site-packages/airflow/example_dags/example_display_name.py
[2025-02-25T23:53:08.347+0000] {logging_mixin.py:190} INFO - [2025-02-25T23:53:08.347+0000] {dag.py:3239} INFO - Sync 1 DAGs
[2025-02-25T23:53:08.357+0000] {logging_mixin.py:190} INFO - [2025-02-25T23:53:08.357+0000] {dag.py:4180} INFO - Setting next_dagrun for example_display_name to None, run_after=None
[2025-02-25T23:53:08.370+0000] {processor.py:208} INFO - Processing /home/airflow/.local/lib/python3.12/site-packages/airflow/example_dags/example_display_name.py took 0.045 seconds
[2025-02-25T23:53:39.345+0000] {processor.py:186} INFO - Started process (PID=1489) to work on /home/airflow/.local/lib/python3.12/site-packages/airflow/example_dags/example_display_name.py
[2025-02-25T23:53:39.346+0000] {processor.py:914} INFO - Processing file /home/airflow/.local/lib/python3.12/site-packages/airflow/example_dags/example_display_name.py for tasks to queue
[2025-02-25T23:53:39.348+0000] {logging_mixin.py:190} INFO - [2025-02-25T23:53:39.347+0000] {dagbag.py:588} INFO - Filling up the DagBag from /home/airflow/.local/lib/python3.12/site-packages/airflow/example_dags/example_display_name.py
[2025-02-25T23:53:39.352+0000] {processor.py:925} INFO - DAG(s) 'example_display_name' retrieved from /home/airflow/.local/lib/python3.12/site-packages/airflow/example_dags/example_display_name.py
[2025-02-25T23:53:39.363+0000] {logging_mixin.py:190} INFO - [2025-02-25T23:53:39.363+0000] {dag.py:3239} INFO - Sync 1 DAGs
[2025-02-25T23:53:39.373+0000] {logging_mixin.py:190} INFO - [2025-02-25T23:53:39.373+0000] {dag.py:4180} INFO - Setting next_dagrun for example_display_name to None, run_after=None
[2025-02-25T23:53:39.385+0000] {processor.py:208} INFO - Processing /home/airflow/.local/lib/python3.12/site-packages/airflow/example_dags/example_display_name.py took 0.043 seconds
[2025-02-25T23:54:10.205+0000] {processor.py:186} INFO - Started process (PID=1552) to work on /home/airflow/.local/lib/python3.12/site-packages/airflow/example_dags/example_display_name.py
[2025-02-25T23:54:10.205+0000] {processor.py:914} INFO - Processing file /home/airflow/.local/lib/python3.12/site-packages/airflow/example_dags/example_display_name.py for tasks to queue
[2025-02-25T23:54:10.207+0000] {logging_mixin.py:190} INFO - [2025-02-25T23:54:10.207+0000] {dagbag.py:588} INFO - Filling up the DagBag from /home/airflow/.local/lib/python3.12/site-packages/airflow/example_dags/example_display_name.py
[2025-02-25T23:54:10.212+0000] {processor.py:925} INFO - DAG(s) 'example_display_name' retrieved from /home/airflow/.local/lib/python3.12/site-packages/airflow/example_dags/example_display_name.py
[2025-02-25T23:54:10.226+0000] {logging_mixin.py:190} INFO - [2025-02-25T23:54:10.225+0000] {dag.py:3239} INFO - Sync 1 DAGs
[2025-02-25T23:54:10.237+0000] {logging_mixin.py:190} INFO - [2025-02-25T23:54:10.237+0000] {dag.py:4180} INFO - Setting next_dagrun for example_display_name to None, run_after=None
[2025-02-25T23:54:10.249+0000] {processor.py:208} INFO - Processing /home/airflow/.local/lib/python3.12/site-packages/airflow/example_dags/example_display_name.py took 0.048 seconds
[2025-02-25T23:54:42.212+0000] {processor.py:186} INFO - Started process (PID=1615) to work on /home/airflow/.local/lib/python3.12/site-packages/airflow/example_dags/example_display_name.py
[2025-02-25T23:54:42.213+0000] {processor.py:914} INFO - Processing file /home/airflow/.local/lib/python3.12/site-packages/airflow/example_dags/example_display_name.py for tasks to queue
[2025-02-25T23:54:42.214+0000] {logging_mixin.py:190} INFO - [2025-02-25T23:54:42.214+0000] {dagbag.py:588} INFO - Filling up the DagBag from /home/airflow/.local/lib/python3.12/site-packages/airflow/example_dags/example_display_name.py
[2025-02-25T23:54:42.218+0000] {processor.py:925} INFO - DAG(s) 'example_display_name' retrieved from /home/airflow/.local/lib/python3.12/site-packages/airflow/example_dags/example_display_name.py
[2025-02-25T23:54:42.228+0000] {logging_mixin.py:190} INFO - [2025-02-25T23:54:42.228+0000] {dag.py:3239} INFO - Sync 1 DAGs
[2025-02-25T23:54:42.237+0000] {logging_mixin.py:190} INFO - [2025-02-25T23:54:42.236+0000] {dag.py:4180} INFO - Setting next_dagrun for example_display_name to None, run_after=None
[2025-02-25T23:54:42.246+0000] {processor.py:208} INFO - Processing /home/airflow/.local/lib/python3.12/site-packages/airflow/example_dags/example_display_name.py took 0.037 seconds
[2025-02-25T23:55:13.207+0000] {processor.py:186} INFO - Started process (PID=1678) to work on /home/airflow/.local/lib/python3.12/site-packages/airflow/example_dags/example_display_name.py
[2025-02-25T23:55:13.212+0000] {processor.py:914} INFO - Processing file /home/airflow/.local/lib/python3.12/site-packages/airflow/example_dags/example_display_name.py for tasks to queue
[2025-02-25T23:55:13.213+0000] {logging_mixin.py:190} INFO - [2025-02-25T23:55:13.213+0000] {dagbag.py:588} INFO - Filling up the DagBag from /home/airflow/.local/lib/python3.12/site-packages/airflow/example_dags/example_display_name.py
[2025-02-25T23:55:13.217+0000] {processor.py:925} INFO - DAG(s) 'example_display_name' retrieved from /home/airflow/.local/lib/python3.12/site-packages/airflow/example_dags/example_display_name.py
[2025-02-25T23:55:13.230+0000] {logging_mixin.py:190} INFO - [2025-02-25T23:55:13.229+0000] {dag.py:3239} INFO - Sync 1 DAGs
[2025-02-25T23:55:13.238+0000] {logging_mixin.py:190} INFO - [2025-02-25T23:55:13.238+0000] {dag.py:4180} INFO - Setting next_dagrun for example_display_name to None, run_after=None
[2025-02-25T23:55:13.253+0000] {processor.py:208} INFO - Processing /home/airflow/.local/lib/python3.12/site-packages/airflow/example_dags/example_display_name.py took 0.049 seconds
[2025-02-25T23:55:43.436+0000] {processor.py:186} INFO - Started process (PID=1735) to work on /home/airflow/.local/lib/python3.12/site-packages/airflow/example_dags/example_display_name.py
[2025-02-25T23:55:43.437+0000] {processor.py:914} INFO - Processing file /home/airflow/.local/lib/python3.12/site-packages/airflow/example_dags/example_display_name.py for tasks to queue
[2025-02-25T23:55:43.439+0000] {logging_mixin.py:190} INFO - [2025-02-25T23:55:43.439+0000] {dagbag.py:588} INFO - Filling up the DagBag from /home/airflow/.local/lib/python3.12/site-packages/airflow/example_dags/example_display_name.py
[2025-02-25T23:55:43.444+0000] {processor.py:925} INFO - DAG(s) 'example_display_name' retrieved from /home/airflow/.local/lib/python3.12/site-packages/airflow/example_dags/example_display_name.py
[2025-02-25T23:55:43.456+0000] {logging_mixin.py:190} INFO - [2025-02-25T23:55:43.456+0000] {dag.py:3239} INFO - Sync 1 DAGs
[2025-02-25T23:55:43.465+0000] {logging_mixin.py:190} INFO - [2025-02-25T23:55:43.465+0000] {dag.py:4180} INFO - Setting next_dagrun for example_display_name to None, run_after=None
[2025-02-25T23:55:43.481+0000] {processor.py:208} INFO - Processing /home/airflow/.local/lib/python3.12/site-packages/airflow/example_dags/example_display_name.py took 0.049 seconds
[2025-02-25T23:56:14.277+0000] {processor.py:186} INFO - Started process (PID=1798) to work on /home/airflow/.local/lib/python3.12/site-packages/airflow/example_dags/example_display_name.py
[2025-02-25T23:56:14.278+0000] {processor.py:914} INFO - Processing file /home/airflow/.local/lib/python3.12/site-packages/airflow/example_dags/example_display_name.py for tasks to queue
[2025-02-25T23:56:14.279+0000] {logging_mixin.py:190} INFO - [2025-02-25T23:56:14.279+0000] {dagbag.py:588} INFO - Filling up the DagBag from /home/airflow/.local/lib/python3.12/site-packages/airflow/example_dags/example_display_name.py
[2025-02-25T23:56:14.283+0000] {processor.py:925} INFO - DAG(s) 'example_display_name' retrieved from /home/airflow/.local/lib/python3.12/site-packages/airflow/example_dags/example_display_name.py
[2025-02-25T23:56:14.294+0000] {logging_mixin.py:190} INFO - [2025-02-25T23:56:14.294+0000] {dag.py:3239} INFO - Sync 1 DAGs
[2025-02-25T23:56:14.302+0000] {logging_mixin.py:190} INFO - [2025-02-25T23:56:14.302+0000] {dag.py:4180} INFO - Setting next_dagrun for example_display_name to None, run_after=None
[2025-02-25T23:56:14.314+0000] {processor.py:208} INFO - Processing /home/airflow/.local/lib/python3.12/site-packages/airflow/example_dags/example_display_name.py took 0.040 seconds
[2025-02-25T23:56:44.400+0000] {processor.py:186} INFO - Started process (PID=1861) to work on /home/airflow/.local/lib/python3.12/site-packages/airflow/example_dags/example_display_name.py
[2025-02-25T23:56:44.400+0000] {processor.py:914} INFO - Processing file /home/airflow/.local/lib/python3.12/site-packages/airflow/example_dags/example_display_name.py for tasks to queue
[2025-02-25T23:56:44.401+0000] {logging_mixin.py:190} INFO - [2025-02-25T23:56:44.401+0000] {dagbag.py:588} INFO - Filling up the DagBag from /home/airflow/.local/lib/python3.12/site-packages/airflow/example_dags/example_display_name.py
[2025-02-25T23:56:44.405+0000] {processor.py:925} INFO - DAG(s) 'example_display_name' retrieved from /home/airflow/.local/lib/python3.12/site-packages/airflow/example_dags/example_display_name.py
[2025-02-25T23:56:44.415+0000] {logging_mixin.py:190} INFO - [2025-02-25T23:56:44.415+0000] {dag.py:3239} INFO - Sync 1 DAGs
[2025-02-25T23:56:44.423+0000] {logging_mixin.py:190} INFO - [2025-02-25T23:56:44.423+0000] {dag.py:4180} INFO - Setting next_dagrun for example_display_name to None, run_after=None
[2025-02-25T23:56:44.433+0000] {processor.py:208} INFO - Processing /home/airflow/.local/lib/python3.12/site-packages/airflow/example_dags/example_display_name.py took 0.037 seconds
[2025-02-25T23:57:15.436+0000] {processor.py:186} INFO - Started process (PID=1924) to work on /home/airflow/.local/lib/python3.12/site-packages/airflow/example_dags/example_display_name.py
[2025-02-25T23:57:15.437+0000] {processor.py:914} INFO - Processing file /home/airflow/.local/lib/python3.12/site-packages/airflow/example_dags/example_display_name.py for tasks to queue
[2025-02-25T23:57:15.438+0000] {logging_mixin.py:190} INFO - [2025-02-25T23:57:15.438+0000] {dagbag.py:588} INFO - Filling up the DagBag from /home/airflow/.local/lib/python3.12/site-packages/airflow/example_dags/example_display_name.py
[2025-02-25T23:57:15.442+0000] {processor.py:925} INFO - DAG(s) 'example_display_name' retrieved from /home/airflow/.local/lib/python3.12/site-packages/airflow/example_dags/example_display_name.py
[2025-02-25T23:57:15.452+0000] {logging_mixin.py:190} INFO - [2025-02-25T23:57:15.451+0000] {dag.py:3239} INFO - Sync 1 DAGs
[2025-02-25T23:57:15.460+0000] {logging_mixin.py:190} INFO - [2025-02-25T23:57:15.460+0000] {dag.py:4180} INFO - Setting next_dagrun for example_display_name to None, run_after=None
[2025-02-25T23:57:15.472+0000] {processor.py:208} INFO - Processing /home/airflow/.local/lib/python3.12/site-packages/airflow/example_dags/example_display_name.py took 0.039 seconds
[2025-02-25T23:57:46.244+0000] {processor.py:186} INFO - Started process (PID=1987) to work on /home/airflow/.local/lib/python3.12/site-packages/airflow/example_dags/example_display_name.py
[2025-02-25T23:57:46.245+0000] {processor.py:914} INFO - Processing file /home/airflow/.local/lib/python3.12/site-packages/airflow/example_dags/example_display_name.py for tasks to queue
[2025-02-25T23:57:46.246+0000] {logging_mixin.py:190} INFO - [2025-02-25T23:57:46.246+0000] {dagbag.py:588} INFO - Filling up the DagBag from /home/airflow/.local/lib/python3.12/site-packages/airflow/example_dags/example_display_name.py
[2025-02-25T23:57:46.250+0000] {processor.py:925} INFO - DAG(s) 'example_display_name' retrieved from /home/airflow/.local/lib/python3.12/site-packages/airflow/example_dags/example_display_name.py
[2025-02-25T23:57:46.260+0000] {logging_mixin.py:190} INFO - [2025-02-25T23:57:46.260+0000] {dag.py:3239} INFO - Sync 1 DAGs
[2025-02-25T23:57:46.268+0000] {logging_mixin.py:190} INFO - [2025-02-25T23:57:46.268+0000] {dag.py:4180} INFO - Setting next_dagrun for example_display_name to None, run_after=None
[2025-02-25T23:57:46.281+0000] {processor.py:208} INFO - Processing /home/airflow/.local/lib/python3.12/site-packages/airflow/example_dags/example_display_name.py took 0.039 seconds
[2025-02-25T23:58:16.953+0000] {processor.py:186} INFO - Started process (PID=2050) to work on /home/airflow/.local/lib/python3.12/site-packages/airflow/example_dags/example_display_name.py
[2025-02-25T23:58:16.954+0000] {processor.py:914} INFO - Processing file /home/airflow/.local/lib/python3.12/site-packages/airflow/example_dags/example_display_name.py for tasks to queue
[2025-02-25T23:58:16.955+0000] {logging_mixin.py:190} INFO - [2025-02-25T23:58:16.955+0000] {dagbag.py:588} INFO - Filling up the DagBag from /home/airflow/.local/lib/python3.12/site-packages/airflow/example_dags/example_display_name.py
[2025-02-25T23:58:16.959+0000] {processor.py:925} INFO - DAG(s) 'example_display_name' retrieved from /home/airflow/.local/lib/python3.12/site-packages/airflow/example_dags/example_display_name.py
[2025-02-25T23:58:16.970+0000] {logging_mixin.py:190} INFO - [2025-02-25T23:58:16.970+0000] {dag.py:3239} INFO - Sync 1 DAGs
[2025-02-25T23:58:16.978+0000] {logging_mixin.py:190} INFO - [2025-02-25T23:58:16.978+0000] {dag.py:4180} INFO - Setting next_dagrun for example_display_name to None, run_after=None
[2025-02-25T23:58:16.990+0000] {processor.py:208} INFO - Processing /home/airflow/.local/lib/python3.12/site-packages/airflow/example_dags/example_display_name.py took 0.040 seconds
[2025-02-25T23:58:47.618+0000] {processor.py:186} INFO - Started process (PID=2113) to work on /home/airflow/.local/lib/python3.12/site-packages/airflow/example_dags/example_display_name.py
[2025-02-25T23:58:47.619+0000] {processor.py:914} INFO - Processing file /home/airflow/.local/lib/python3.12/site-packages/airflow/example_dags/example_display_name.py for tasks to queue
[2025-02-25T23:58:47.620+0000] {logging_mixin.py:190} INFO - [2025-02-25T23:58:47.620+0000] {dagbag.py:588} INFO - Filling up the DagBag from /home/airflow/.local/lib/python3.12/site-packages/airflow/example_dags/example_display_name.py
[2025-02-25T23:58:47.624+0000] {processor.py:925} INFO - DAG(s) 'example_display_name' retrieved from /home/airflow/.local/lib/python3.12/site-packages/airflow/example_dags/example_display_name.py
[2025-02-25T23:58:47.635+0000] {logging_mixin.py:190} INFO - [2025-02-25T23:58:47.635+0000] {dag.py:3239} INFO - Sync 1 DAGs
[2025-02-25T23:58:47.644+0000] {logging_mixin.py:190} INFO - [2025-02-25T23:58:47.644+0000] {dag.py:4180} INFO - Setting next_dagrun for example_display_name to None, run_after=None
[2025-02-25T23:58:47.657+0000] {processor.py:208} INFO - Processing /home/airflow/.local/lib/python3.12/site-packages/airflow/example_dags/example_display_name.py took 0.043 seconds
[2025-02-25T23:59:18.252+0000] {processor.py:186} INFO - Started process (PID=2176) to work on /home/airflow/.local/lib/python3.12/site-packages/airflow/example_dags/example_display_name.py
[2025-02-25T23:59:18.255+0000] {processor.py:914} INFO - Processing file /home/airflow/.local/lib/python3.12/site-packages/airflow/example_dags/example_display_name.py for tasks to queue
[2025-02-25T23:59:18.257+0000] {logging_mixin.py:190} INFO - [2025-02-25T23:59:18.256+0000] {dagbag.py:588} INFO - Filling up the DagBag from /home/airflow/.local/lib/python3.12/site-packages/airflow/example_dags/example_display_name.py
[2025-02-25T23:59:18.261+0000] {processor.py:925} INFO - DAG(s) 'example_display_name' retrieved from /home/airflow/.local/lib/python3.12/site-packages/airflow/example_dags/example_display_name.py
[2025-02-25T23:59:18.272+0000] {logging_mixin.py:190} INFO - [2025-02-25T23:59:18.272+0000] {dag.py:3239} INFO - Sync 1 DAGs
[2025-02-25T23:59:18.280+0000] {logging_mixin.py:190} INFO - [2025-02-25T23:59:18.280+0000] {dag.py:4180} INFO - Setting next_dagrun for example_display_name to None, run_after=None
[2025-02-25T23:59:18.291+0000] {processor.py:208} INFO - Processing /home/airflow/.local/lib/python3.12/site-packages/airflow/example_dags/example_display_name.py took 0.042 seconds
[2025-02-25T23:59:48.421+0000] {processor.py:186} INFO - Started process (PID=2239) to work on /home/airflow/.local/lib/python3.12/site-packages/airflow/example_dags/example_display_name.py
[2025-02-25T23:59:48.422+0000] {processor.py:914} INFO - Processing file /home/airflow/.local/lib/python3.12/site-packages/airflow/example_dags/example_display_name.py for tasks to queue
[2025-02-25T23:59:48.423+0000] {logging_mixin.py:190} INFO - [2025-02-25T23:59:48.423+0000] {dagbag.py:588} INFO - Filling up the DagBag from /home/airflow/.local/lib/python3.12/site-packages/airflow/example_dags/example_display_name.py
[2025-02-25T23:59:48.427+0000] {processor.py:925} INFO - DAG(s) 'example_display_name' retrieved from /home/airflow/.local/lib/python3.12/site-packages/airflow/example_dags/example_display_name.py
[2025-02-25T23:59:48.437+0000] {logging_mixin.py:190} INFO - [2025-02-25T23:59:48.437+0000] {dag.py:3239} INFO - Sync 1 DAGs
[2025-02-25T23:59:48.445+0000] {logging_mixin.py:190} INFO - [2025-02-25T23:59:48.445+0000] {dag.py:4180} INFO - Setting next_dagrun for example_display_name to None, run_after=None
[2025-02-25T23:59:48.455+0000] {processor.py:208} INFO - Processing /home/airflow/.local/lib/python3.12/site-packages/airflow/example_dags/example_display_name.py took 0.038 seconds
