[2025-02-25T23:22:16.188+0000] {processor.py:186} INFO - Started process (PID=71) to work on /home/airflow/.local/lib/python3.12/site-packages/airflow/example_dags/example_python_operator.py
[2025-02-25T23:22:16.189+0000] {processor.py:914} INFO - Processing file /home/airflow/.local/lib/python3.12/site-packages/airflow/example_dags/example_python_operator.py for tasks to queue
[2025-02-25T23:22:16.190+0000] {logging_mixin.py:190} INFO - [2025-02-25T23:22:16.190+0000] {dagbag.py:588} INFO - Filling up the DagBag from /home/airflow/.local/lib/python3.12/site-packages/airflow/example_dags/example_python_operator.py
[2025-02-25T23:22:16.197+0000] {processor.py:925} INFO - DAG(s) 'example_python_operator' retrieved from /home/airflow/.local/lib/python3.12/site-packages/airflow/example_dags/example_python_operator.py
[2025-02-25T23:22:16.264+0000] {logging_mixin.py:190} INFO - [2025-02-25T23:22:16.264+0000] {override.py:1912} INFO - Created Permission View: can edit on DAG:example_python_operator
[2025-02-25T23:22:16.270+0000] {logging_mixin.py:190} INFO - [2025-02-25T23:22:16.270+0000] {override.py:1912} INFO - Created Permission View: can delete on DAG:example_python_operator
[2025-02-25T23:22:16.273+0000] {logging_mixin.py:190} INFO - [2025-02-25T23:22:16.273+0000] {override.py:1912} INFO - Created Permission View: can read on DAG:example_python_operator
[2025-02-25T23:22:16.277+0000] {logging_mixin.py:190} INFO - [2025-02-25T23:22:16.277+0000] {override.py:1912} INFO - Created Permission View: can delete on DAG Run:example_python_operator
[2025-02-25T23:22:16.281+0000] {logging_mixin.py:190} INFO - [2025-02-25T23:22:16.281+0000] {override.py:1912} INFO - Created Permission View: can read on DAG Run:example_python_operator
[2025-02-25T23:22:16.285+0000] {logging_mixin.py:190} INFO - [2025-02-25T23:22:16.285+0000] {override.py:1912} INFO - Created Permission View: menu access on DAG Run:example_python_operator
[2025-02-25T23:22:16.288+0000] {logging_mixin.py:190} INFO - [2025-02-25T23:22:16.288+0000] {override.py:1912} INFO - Created Permission View: can create on DAG Run:example_python_operator
[2025-02-25T23:22:16.288+0000] {logging_mixin.py:190} INFO - [2025-02-25T23:22:16.288+0000] {dag.py:3239} INFO - Sync 1 DAGs
[2025-02-25T23:22:16.295+0000] {logging_mixin.py:190} INFO - [2025-02-25T23:22:16.295+0000] {dag.py:3262} INFO - Creating ORM DAG for example_python_operator
[2025-02-25T23:22:16.295+0000] {logging_mixin.py:190} INFO - [2025-02-25T23:22:16.295+0000] {dag.py:4180} INFO - Setting next_dagrun for example_python_operator to None, run_after=None
[2025-02-25T23:22:16.303+0000] {processor.py:208} INFO - Processing /home/airflow/.local/lib/python3.12/site-packages/airflow/example_dags/example_python_operator.py took 0.118 seconds
[2025-02-25T23:22:47.255+0000] {processor.py:186} INFO - Started process (PID=134) to work on /home/airflow/.local/lib/python3.12/site-packages/airflow/example_dags/example_python_operator.py
[2025-02-25T23:22:47.257+0000] {processor.py:914} INFO - Processing file /home/airflow/.local/lib/python3.12/site-packages/airflow/example_dags/example_python_operator.py for tasks to queue
[2025-02-25T23:22:47.258+0000] {logging_mixin.py:190} INFO - [2025-02-25T23:22:47.258+0000] {dagbag.py:588} INFO - Filling up the DagBag from /home/airflow/.local/lib/python3.12/site-packages/airflow/example_dags/example_python_operator.py
[2025-02-25T23:22:47.265+0000] {processor.py:925} INFO - DAG(s) 'example_python_operator' retrieved from /home/airflow/.local/lib/python3.12/site-packages/airflow/example_dags/example_python_operator.py
[2025-02-25T23:22:47.277+0000] {logging_mixin.py:190} INFO - [2025-02-25T23:22:47.277+0000] {dag.py:3239} INFO - Sync 1 DAGs
[2025-02-25T23:22:47.285+0000] {logging_mixin.py:190} INFO - [2025-02-25T23:22:47.285+0000] {dag.py:4180} INFO - Setting next_dagrun for example_python_operator to None, run_after=None
[2025-02-25T23:22:47.295+0000] {processor.py:208} INFO - Processing /home/airflow/.local/lib/python3.12/site-packages/airflow/example_dags/example_python_operator.py took 0.043 seconds
[2025-02-25T23:23:18.150+0000] {processor.py:186} INFO - Started process (PID=197) to work on /home/airflow/.local/lib/python3.12/site-packages/airflow/example_dags/example_python_operator.py
[2025-02-25T23:23:18.152+0000] {processor.py:914} INFO - Processing file /home/airflow/.local/lib/python3.12/site-packages/airflow/example_dags/example_python_operator.py for tasks to queue
[2025-02-25T23:23:18.153+0000] {logging_mixin.py:190} INFO - [2025-02-25T23:23:18.153+0000] {dagbag.py:588} INFO - Filling up the DagBag from /home/airflow/.local/lib/python3.12/site-packages/airflow/example_dags/example_python_operator.py
[2025-02-25T23:23:18.160+0000] {processor.py:925} INFO - DAG(s) 'example_python_operator' retrieved from /home/airflow/.local/lib/python3.12/site-packages/airflow/example_dags/example_python_operator.py
[2025-02-25T23:23:18.173+0000] {logging_mixin.py:190} INFO - [2025-02-25T23:23:18.173+0000] {dag.py:3239} INFO - Sync 1 DAGs
[2025-02-25T23:23:18.181+0000] {logging_mixin.py:190} INFO - [2025-02-25T23:23:18.180+0000] {dag.py:4180} INFO - Setting next_dagrun for example_python_operator to None, run_after=None
[2025-02-25T23:23:18.190+0000] {processor.py:208} INFO - Processing /home/airflow/.local/lib/python3.12/site-packages/airflow/example_dags/example_python_operator.py took 0.043 seconds
[2025-02-25T23:23:49.001+0000] {processor.py:186} INFO - Started process (PID=260) to work on /home/airflow/.local/lib/python3.12/site-packages/airflow/example_dags/example_python_operator.py
[2025-02-25T23:23:49.009+0000] {processor.py:914} INFO - Processing file /home/airflow/.local/lib/python3.12/site-packages/airflow/example_dags/example_python_operator.py for tasks to queue
[2025-02-25T23:23:49.010+0000] {logging_mixin.py:190} INFO - [2025-02-25T23:23:49.010+0000] {dagbag.py:588} INFO - Filling up the DagBag from /home/airflow/.local/lib/python3.12/site-packages/airflow/example_dags/example_python_operator.py
[2025-02-25T23:23:49.016+0000] {processor.py:925} INFO - DAG(s) 'example_python_operator' retrieved from /home/airflow/.local/lib/python3.12/site-packages/airflow/example_dags/example_python_operator.py
[2025-02-25T23:23:49.028+0000] {logging_mixin.py:190} INFO - [2025-02-25T23:23:49.028+0000] {dag.py:3239} INFO - Sync 1 DAGs
[2025-02-25T23:23:49.036+0000] {logging_mixin.py:190} INFO - [2025-02-25T23:23:49.036+0000] {dag.py:4180} INFO - Setting next_dagrun for example_python_operator to None, run_after=None
[2025-02-25T23:23:49.052+0000] {processor.py:208} INFO - Processing /home/airflow/.local/lib/python3.12/site-packages/airflow/example_dags/example_python_operator.py took 0.055 seconds
[2025-02-25T23:24:19.864+0000] {processor.py:186} INFO - Started process (PID=323) to work on /home/airflow/.local/lib/python3.12/site-packages/airflow/example_dags/example_python_operator.py
[2025-02-25T23:24:19.865+0000] {processor.py:914} INFO - Processing file /home/airflow/.local/lib/python3.12/site-packages/airflow/example_dags/example_python_operator.py for tasks to queue
[2025-02-25T23:24:19.866+0000] {logging_mixin.py:190} INFO - [2025-02-25T23:24:19.866+0000] {dagbag.py:588} INFO - Filling up the DagBag from /home/airflow/.local/lib/python3.12/site-packages/airflow/example_dags/example_python_operator.py
[2025-02-25T23:24:19.873+0000] {processor.py:925} INFO - DAG(s) 'example_python_operator' retrieved from /home/airflow/.local/lib/python3.12/site-packages/airflow/example_dags/example_python_operator.py
[2025-02-25T23:24:19.887+0000] {logging_mixin.py:190} INFO - [2025-02-25T23:24:19.887+0000] {dag.py:3239} INFO - Sync 1 DAGs
[2025-02-25T23:24:19.895+0000] {logging_mixin.py:190} INFO - [2025-02-25T23:24:19.895+0000] {dag.py:4180} INFO - Setting next_dagrun for example_python_operator to None, run_after=None
[2025-02-25T23:24:19.907+0000] {processor.py:208} INFO - Processing /home/airflow/.local/lib/python3.12/site-packages/airflow/example_dags/example_python_operator.py took 0.046 seconds
[2025-02-25T23:24:50.571+0000] {processor.py:186} INFO - Started process (PID=386) to work on /home/airflow/.local/lib/python3.12/site-packages/airflow/example_dags/example_python_operator.py
[2025-02-25T23:24:50.580+0000] {processor.py:914} INFO - Processing file /home/airflow/.local/lib/python3.12/site-packages/airflow/example_dags/example_python_operator.py for tasks to queue
[2025-02-25T23:24:50.581+0000] {logging_mixin.py:190} INFO - [2025-02-25T23:24:50.581+0000] {dagbag.py:588} INFO - Filling up the DagBag from /home/airflow/.local/lib/python3.12/site-packages/airflow/example_dags/example_python_operator.py
[2025-02-25T23:24:50.588+0000] {processor.py:925} INFO - DAG(s) 'example_python_operator' retrieved from /home/airflow/.local/lib/python3.12/site-packages/airflow/example_dags/example_python_operator.py
[2025-02-25T23:24:50.600+0000] {logging_mixin.py:190} INFO - [2025-02-25T23:24:50.600+0000] {dag.py:3239} INFO - Sync 1 DAGs
[2025-02-25T23:24:50.608+0000] {logging_mixin.py:190} INFO - [2025-02-25T23:24:50.608+0000] {dag.py:4180} INFO - Setting next_dagrun for example_python_operator to None, run_after=None
[2025-02-25T23:24:50.625+0000] {processor.py:208} INFO - Processing /home/airflow/.local/lib/python3.12/site-packages/airflow/example_dags/example_python_operator.py took 0.057 seconds
[2025-02-25T23:25:22.475+0000] {processor.py:186} INFO - Started process (PID=449) to work on /home/airflow/.local/lib/python3.12/site-packages/airflow/example_dags/example_python_operator.py
[2025-02-25T23:25:22.475+0000] {processor.py:914} INFO - Processing file /home/airflow/.local/lib/python3.12/site-packages/airflow/example_dags/example_python_operator.py for tasks to queue
[2025-02-25T23:25:22.477+0000] {logging_mixin.py:190} INFO - [2025-02-25T23:25:22.476+0000] {dagbag.py:588} INFO - Filling up the DagBag from /home/airflow/.local/lib/python3.12/site-packages/airflow/example_dags/example_python_operator.py
[2025-02-25T23:25:22.483+0000] {processor.py:925} INFO - DAG(s) 'example_python_operator' retrieved from /home/airflow/.local/lib/python3.12/site-packages/airflow/example_dags/example_python_operator.py
[2025-02-25T23:25:22.496+0000] {logging_mixin.py:190} INFO - [2025-02-25T23:25:22.496+0000] {dag.py:3239} INFO - Sync 1 DAGs
[2025-02-25T23:25:22.504+0000] {logging_mixin.py:190} INFO - [2025-02-25T23:25:22.504+0000] {dag.py:4180} INFO - Setting next_dagrun for example_python_operator to None, run_after=None
[2025-02-25T23:25:22.513+0000] {processor.py:208} INFO - Processing /home/airflow/.local/lib/python3.12/site-packages/airflow/example_dags/example_python_operator.py took 0.042 seconds
[2025-02-25T23:25:56.613+0000] {processor.py:186} INFO - Started process (PID=512) to work on /home/airflow/.local/lib/python3.12/site-packages/airflow/example_dags/example_python_operator.py
[2025-02-25T23:25:56.614+0000] {processor.py:914} INFO - Processing file /home/airflow/.local/lib/python3.12/site-packages/airflow/example_dags/example_python_operator.py for tasks to queue
[2025-02-25T23:25:56.615+0000] {logging_mixin.py:190} INFO - [2025-02-25T23:25:56.615+0000] {dagbag.py:588} INFO - Filling up the DagBag from /home/airflow/.local/lib/python3.12/site-packages/airflow/example_dags/example_python_operator.py
[2025-02-25T23:25:56.621+0000] {processor.py:925} INFO - DAG(s) 'example_python_operator' retrieved from /home/airflow/.local/lib/python3.12/site-packages/airflow/example_dags/example_python_operator.py
[2025-02-25T23:25:56.636+0000] {logging_mixin.py:190} INFO - [2025-02-25T23:25:56.635+0000] {dag.py:3239} INFO - Sync 1 DAGs
[2025-02-25T23:25:56.644+0000] {logging_mixin.py:190} INFO - [2025-02-25T23:25:56.644+0000] {dag.py:4180} INFO - Setting next_dagrun for example_python_operator to None, run_after=None
[2025-02-25T23:25:56.655+0000] {processor.py:208} INFO - Processing /home/airflow/.local/lib/python3.12/site-packages/airflow/example_dags/example_python_operator.py took 0.045 seconds
[2025-02-25T23:26:27.457+0000] {processor.py:186} INFO - Started process (PID=575) to work on /home/airflow/.local/lib/python3.12/site-packages/airflow/example_dags/example_python_operator.py
[2025-02-25T23:26:27.458+0000] {processor.py:914} INFO - Processing file /home/airflow/.local/lib/python3.12/site-packages/airflow/example_dags/example_python_operator.py for tasks to queue
[2025-02-25T23:26:27.460+0000] {logging_mixin.py:190} INFO - [2025-02-25T23:26:27.459+0000] {dagbag.py:588} INFO - Filling up the DagBag from /home/airflow/.local/lib/python3.12/site-packages/airflow/example_dags/example_python_operator.py
[2025-02-25T23:26:27.466+0000] {processor.py:925} INFO - DAG(s) 'example_python_operator' retrieved from /home/airflow/.local/lib/python3.12/site-packages/airflow/example_dags/example_python_operator.py
[2025-02-25T23:26:27.479+0000] {logging_mixin.py:190} INFO - [2025-02-25T23:26:27.479+0000] {dag.py:3239} INFO - Sync 1 DAGs
[2025-02-25T23:26:27.487+0000] {logging_mixin.py:190} INFO - [2025-02-25T23:26:27.487+0000] {dag.py:4180} INFO - Setting next_dagrun for example_python_operator to None, run_after=None
[2025-02-25T23:26:27.499+0000] {processor.py:208} INFO - Processing /home/airflow/.local/lib/python3.12/site-packages/airflow/example_dags/example_python_operator.py took 0.045 seconds
[2025-02-25T23:26:58.074+0000] {processor.py:186} INFO - Started process (PID=639) to work on /home/airflow/.local/lib/python3.12/site-packages/airflow/example_dags/example_python_operator.py
[2025-02-25T23:26:58.075+0000] {processor.py:914} INFO - Processing file /home/airflow/.local/lib/python3.12/site-packages/airflow/example_dags/example_python_operator.py for tasks to queue
[2025-02-25T23:26:58.076+0000] {logging_mixin.py:190} INFO - [2025-02-25T23:26:58.076+0000] {dagbag.py:588} INFO - Filling up the DagBag from /home/airflow/.local/lib/python3.12/site-packages/airflow/example_dags/example_python_operator.py
[2025-02-25T23:26:58.083+0000] {processor.py:925} INFO - DAG(s) 'example_python_operator' retrieved from /home/airflow/.local/lib/python3.12/site-packages/airflow/example_dags/example_python_operator.py
[2025-02-25T23:26:58.098+0000] {logging_mixin.py:190} INFO - [2025-02-25T23:26:58.097+0000] {dag.py:3239} INFO - Sync 1 DAGs
[2025-02-25T23:26:58.107+0000] {logging_mixin.py:190} INFO - [2025-02-25T23:26:58.107+0000] {dag.py:4180} INFO - Setting next_dagrun for example_python_operator to None, run_after=None
[2025-02-25T23:26:58.117+0000] {processor.py:208} INFO - Processing /home/airflow/.local/lib/python3.12/site-packages/airflow/example_dags/example_python_operator.py took 0.046 seconds
[2025-02-25T23:27:28.645+0000] {processor.py:186} INFO - Started process (PID=702) to work on /home/airflow/.local/lib/python3.12/site-packages/airflow/example_dags/example_python_operator.py
[2025-02-25T23:27:28.646+0000] {processor.py:914} INFO - Processing file /home/airflow/.local/lib/python3.12/site-packages/airflow/example_dags/example_python_operator.py for tasks to queue
[2025-02-25T23:27:28.647+0000] {logging_mixin.py:190} INFO - [2025-02-25T23:27:28.647+0000] {dagbag.py:588} INFO - Filling up the DagBag from /home/airflow/.local/lib/python3.12/site-packages/airflow/example_dags/example_python_operator.py
[2025-02-25T23:27:28.653+0000] {processor.py:925} INFO - DAG(s) 'example_python_operator' retrieved from /home/airflow/.local/lib/python3.12/site-packages/airflow/example_dags/example_python_operator.py
[2025-02-25T23:27:28.665+0000] {logging_mixin.py:190} INFO - [2025-02-25T23:27:28.665+0000] {dag.py:3239} INFO - Sync 1 DAGs
[2025-02-25T23:27:28.672+0000] {logging_mixin.py:190} INFO - [2025-02-25T23:27:28.672+0000] {dag.py:4180} INFO - Setting next_dagrun for example_python_operator to None, run_after=None
[2025-02-25T23:27:28.683+0000] {processor.py:208} INFO - Processing /home/airflow/.local/lib/python3.12/site-packages/airflow/example_dags/example_python_operator.py took 0.041 seconds
[2025-02-25T23:27:59.574+0000] {processor.py:186} INFO - Started process (PID=765) to work on /home/airflow/.local/lib/python3.12/site-packages/airflow/example_dags/example_python_operator.py
[2025-02-25T23:27:59.575+0000] {processor.py:914} INFO - Processing file /home/airflow/.local/lib/python3.12/site-packages/airflow/example_dags/example_python_operator.py for tasks to queue
[2025-02-25T23:27:59.576+0000] {logging_mixin.py:190} INFO - [2025-02-25T23:27:59.576+0000] {dagbag.py:588} INFO - Filling up the DagBag from /home/airflow/.local/lib/python3.12/site-packages/airflow/example_dags/example_python_operator.py
[2025-02-25T23:27:59.583+0000] {processor.py:925} INFO - DAG(s) 'example_python_operator' retrieved from /home/airflow/.local/lib/python3.12/site-packages/airflow/example_dags/example_python_operator.py
[2025-02-25T23:27:59.597+0000] {logging_mixin.py:190} INFO - [2025-02-25T23:27:59.597+0000] {dag.py:3239} INFO - Sync 1 DAGs
[2025-02-25T23:27:59.606+0000] {logging_mixin.py:190} INFO - [2025-02-25T23:27:59.606+0000] {dag.py:4180} INFO - Setting next_dagrun for example_python_operator to None, run_after=None
[2025-02-25T23:27:59.617+0000] {processor.py:208} INFO - Processing /home/airflow/.local/lib/python3.12/site-packages/airflow/example_dags/example_python_operator.py took 0.046 seconds
[2025-02-25T23:28:30.601+0000] {processor.py:186} INFO - Started process (PID=822) to work on /home/airflow/.local/lib/python3.12/site-packages/airflow/example_dags/example_python_operator.py
[2025-02-25T23:28:30.602+0000] {processor.py:914} INFO - Processing file /home/airflow/.local/lib/python3.12/site-packages/airflow/example_dags/example_python_operator.py for tasks to queue
[2025-02-25T23:28:30.603+0000] {logging_mixin.py:190} INFO - [2025-02-25T23:28:30.602+0000] {dagbag.py:588} INFO - Filling up the DagBag from /home/airflow/.local/lib/python3.12/site-packages/airflow/example_dags/example_python_operator.py
[2025-02-25T23:28:30.609+0000] {processor.py:925} INFO - DAG(s) 'example_python_operator' retrieved from /home/airflow/.local/lib/python3.12/site-packages/airflow/example_dags/example_python_operator.py
[2025-02-25T23:28:30.622+0000] {logging_mixin.py:190} INFO - [2025-02-25T23:28:30.622+0000] {dag.py:3239} INFO - Sync 1 DAGs
[2025-02-25T23:28:30.630+0000] {logging_mixin.py:190} INFO - [2025-02-25T23:28:30.630+0000] {dag.py:4180} INFO - Setting next_dagrun for example_python_operator to None, run_after=None
[2025-02-25T23:28:30.641+0000] {processor.py:208} INFO - Processing /home/airflow/.local/lib/python3.12/site-packages/airflow/example_dags/example_python_operator.py took 0.043 seconds
[2025-02-25T23:29:01.168+0000] {processor.py:186} INFO - Started process (PID=885) to work on /home/airflow/.local/lib/python3.12/site-packages/airflow/example_dags/example_python_operator.py
[2025-02-25T23:29:01.169+0000] {processor.py:914} INFO - Processing file /home/airflow/.local/lib/python3.12/site-packages/airflow/example_dags/example_python_operator.py for tasks to queue
[2025-02-25T23:29:01.171+0000] {logging_mixin.py:190} INFO - [2025-02-25T23:29:01.171+0000] {dagbag.py:588} INFO - Filling up the DagBag from /home/airflow/.local/lib/python3.12/site-packages/airflow/example_dags/example_python_operator.py
[2025-02-25T23:29:01.178+0000] {processor.py:925} INFO - DAG(s) 'example_python_operator' retrieved from /home/airflow/.local/lib/python3.12/site-packages/airflow/example_dags/example_python_operator.py
[2025-02-25T23:29:01.191+0000] {logging_mixin.py:190} INFO - [2025-02-25T23:29:01.191+0000] {dag.py:3239} INFO - Sync 1 DAGs
[2025-02-25T23:29:01.200+0000] {logging_mixin.py:190} INFO - [2025-02-25T23:29:01.200+0000] {dag.py:4180} INFO - Setting next_dagrun for example_python_operator to None, run_after=None
[2025-02-25T23:29:01.211+0000] {processor.py:208} INFO - Processing /home/airflow/.local/lib/python3.12/site-packages/airflow/example_dags/example_python_operator.py took 0.047 seconds
[2025-02-25T23:29:31.335+0000] {processor.py:186} INFO - Started process (PID=948) to work on /home/airflow/.local/lib/python3.12/site-packages/airflow/example_dags/example_python_operator.py
[2025-02-25T23:29:31.336+0000] {processor.py:914} INFO - Processing file /home/airflow/.local/lib/python3.12/site-packages/airflow/example_dags/example_python_operator.py for tasks to queue
[2025-02-25T23:29:31.337+0000] {logging_mixin.py:190} INFO - [2025-02-25T23:29:31.337+0000] {dagbag.py:588} INFO - Filling up the DagBag from /home/airflow/.local/lib/python3.12/site-packages/airflow/example_dags/example_python_operator.py
[2025-02-25T23:29:31.344+0000] {processor.py:925} INFO - DAG(s) 'example_python_operator' retrieved from /home/airflow/.local/lib/python3.12/site-packages/airflow/example_dags/example_python_operator.py
[2025-02-25T23:29:31.359+0000] {logging_mixin.py:190} INFO - [2025-02-25T23:29:31.359+0000] {dag.py:3239} INFO - Sync 1 DAGs
[2025-02-25T23:29:31.368+0000] {logging_mixin.py:190} INFO - [2025-02-25T23:29:31.368+0000] {dag.py:4180} INFO - Setting next_dagrun for example_python_operator to None, run_after=None
[2025-02-25T23:29:31.379+0000] {processor.py:208} INFO - Processing /home/airflow/.local/lib/python3.12/site-packages/airflow/example_dags/example_python_operator.py took 0.047 seconds
[2025-02-25T23:30:07.091+0000] {processor.py:186} INFO - Started process (PID=1011) to work on /home/airflow/.local/lib/python3.12/site-packages/airflow/example_dags/example_python_operator.py
[2025-02-25T23:30:07.092+0000] {processor.py:914} INFO - Processing file /home/airflow/.local/lib/python3.12/site-packages/airflow/example_dags/example_python_operator.py for tasks to queue
[2025-02-25T23:30:07.093+0000] {logging_mixin.py:190} INFO - [2025-02-25T23:30:07.093+0000] {dagbag.py:588} INFO - Filling up the DagBag from /home/airflow/.local/lib/python3.12/site-packages/airflow/example_dags/example_python_operator.py
[2025-02-25T23:30:07.100+0000] {processor.py:925} INFO - DAG(s) 'example_python_operator' retrieved from /home/airflow/.local/lib/python3.12/site-packages/airflow/example_dags/example_python_operator.py
[2025-02-25T23:30:07.114+0000] {logging_mixin.py:190} INFO - [2025-02-25T23:30:07.113+0000] {dag.py:3239} INFO - Sync 1 DAGs
[2025-02-25T23:30:07.122+0000] {logging_mixin.py:190} INFO - [2025-02-25T23:30:07.122+0000] {dag.py:4180} INFO - Setting next_dagrun for example_python_operator to None, run_after=None
[2025-02-25T23:30:07.133+0000] {processor.py:208} INFO - Processing /home/airflow/.local/lib/python3.12/site-packages/airflow/example_dags/example_python_operator.py took 0.046 seconds
[2025-02-25T23:30:40.986+0000] {processor.py:186} INFO - Started process (PID=1074) to work on /home/airflow/.local/lib/python3.12/site-packages/airflow/example_dags/example_python_operator.py
[2025-02-25T23:30:40.987+0000] {processor.py:914} INFO - Processing file /home/airflow/.local/lib/python3.12/site-packages/airflow/example_dags/example_python_operator.py for tasks to queue
[2025-02-25T23:30:40.988+0000] {logging_mixin.py:190} INFO - [2025-02-25T23:30:40.988+0000] {dagbag.py:588} INFO - Filling up the DagBag from /home/airflow/.local/lib/python3.12/site-packages/airflow/example_dags/example_python_operator.py
[2025-02-25T23:30:40.995+0000] {processor.py:925} INFO - DAG(s) 'example_python_operator' retrieved from /home/airflow/.local/lib/python3.12/site-packages/airflow/example_dags/example_python_operator.py
[2025-02-25T23:30:41.008+0000] {logging_mixin.py:190} INFO - [2025-02-25T23:30:41.008+0000] {dag.py:3239} INFO - Sync 1 DAGs
[2025-02-25T23:30:41.019+0000] {logging_mixin.py:190} INFO - [2025-02-25T23:30:41.019+0000] {dag.py:4180} INFO - Setting next_dagrun for example_python_operator to None, run_after=None
[2025-02-25T23:30:41.029+0000] {processor.py:208} INFO - Processing /home/airflow/.local/lib/python3.12/site-packages/airflow/example_dags/example_python_operator.py took 0.046 seconds
[2025-02-25T23:31:11.696+0000] {processor.py:186} INFO - Started process (PID=1137) to work on /home/airflow/.local/lib/python3.12/site-packages/airflow/example_dags/example_python_operator.py
[2025-02-25T23:31:11.697+0000] {processor.py:914} INFO - Processing file /home/airflow/.local/lib/python3.12/site-packages/airflow/example_dags/example_python_operator.py for tasks to queue
[2025-02-25T23:31:11.698+0000] {logging_mixin.py:190} INFO - [2025-02-25T23:31:11.698+0000] {dagbag.py:588} INFO - Filling up the DagBag from /home/airflow/.local/lib/python3.12/site-packages/airflow/example_dags/example_python_operator.py
[2025-02-25T23:31:11.705+0000] {processor.py:925} INFO - DAG(s) 'example_python_operator' retrieved from /home/airflow/.local/lib/python3.12/site-packages/airflow/example_dags/example_python_operator.py
[2025-02-25T23:31:11.718+0000] {logging_mixin.py:190} INFO - [2025-02-25T23:31:11.718+0000] {dag.py:3239} INFO - Sync 1 DAGs
[2025-02-25T23:31:11.726+0000] {logging_mixin.py:190} INFO - [2025-02-25T23:31:11.726+0000] {dag.py:4180} INFO - Setting next_dagrun for example_python_operator to None, run_after=None
[2025-02-25T23:31:11.736+0000] {processor.py:208} INFO - Processing /home/airflow/.local/lib/python3.12/site-packages/airflow/example_dags/example_python_operator.py took 0.043 seconds
[2025-02-25T23:31:42.577+0000] {processor.py:186} INFO - Started process (PID=1200) to work on /home/airflow/.local/lib/python3.12/site-packages/airflow/example_dags/example_python_operator.py
[2025-02-25T23:31:42.578+0000] {processor.py:914} INFO - Processing file /home/airflow/.local/lib/python3.12/site-packages/airflow/example_dags/example_python_operator.py for tasks to queue
[2025-02-25T23:31:42.580+0000] {logging_mixin.py:190} INFO - [2025-02-25T23:31:42.579+0000] {dagbag.py:588} INFO - Filling up the DagBag from /home/airflow/.local/lib/python3.12/site-packages/airflow/example_dags/example_python_operator.py
[2025-02-25T23:31:42.586+0000] {processor.py:925} INFO - DAG(s) 'example_python_operator' retrieved from /home/airflow/.local/lib/python3.12/site-packages/airflow/example_dags/example_python_operator.py
[2025-02-25T23:31:42.599+0000] {logging_mixin.py:190} INFO - [2025-02-25T23:31:42.599+0000] {dag.py:3239} INFO - Sync 1 DAGs
[2025-02-25T23:31:42.606+0000] {logging_mixin.py:190} INFO - [2025-02-25T23:31:42.606+0000] {dag.py:4180} INFO - Setting next_dagrun for example_python_operator to None, run_after=None
[2025-02-25T23:31:42.616+0000] {processor.py:208} INFO - Processing /home/airflow/.local/lib/python3.12/site-packages/airflow/example_dags/example_python_operator.py took 0.042 seconds
[2025-02-25T23:32:13.358+0000] {processor.py:186} INFO - Started process (PID=1263) to work on /home/airflow/.local/lib/python3.12/site-packages/airflow/example_dags/example_python_operator.py
[2025-02-25T23:32:13.359+0000] {processor.py:914} INFO - Processing file /home/airflow/.local/lib/python3.12/site-packages/airflow/example_dags/example_python_operator.py for tasks to queue
[2025-02-25T23:32:13.361+0000] {logging_mixin.py:190} INFO - [2025-02-25T23:32:13.360+0000] {dagbag.py:588} INFO - Filling up the DagBag from /home/airflow/.local/lib/python3.12/site-packages/airflow/example_dags/example_python_operator.py
[2025-02-25T23:32:13.367+0000] {processor.py:925} INFO - DAG(s) 'example_python_operator' retrieved from /home/airflow/.local/lib/python3.12/site-packages/airflow/example_dags/example_python_operator.py
[2025-02-25T23:32:13.382+0000] {logging_mixin.py:190} INFO - [2025-02-25T23:32:13.382+0000] {dag.py:3239} INFO - Sync 1 DAGs
[2025-02-25T23:32:13.391+0000] {logging_mixin.py:190} INFO - [2025-02-25T23:32:13.390+0000] {dag.py:4180} INFO - Setting next_dagrun for example_python_operator to None, run_after=None
[2025-02-25T23:32:13.402+0000] {processor.py:208} INFO - Processing /home/airflow/.local/lib/python3.12/site-packages/airflow/example_dags/example_python_operator.py took 0.047 seconds
[2025-02-25T23:32:44.482+0000] {processor.py:186} INFO - Started process (PID=1326) to work on /home/airflow/.local/lib/python3.12/site-packages/airflow/example_dags/example_python_operator.py
[2025-02-25T23:32:44.483+0000] {processor.py:914} INFO - Processing file /home/airflow/.local/lib/python3.12/site-packages/airflow/example_dags/example_python_operator.py for tasks to queue
[2025-02-25T23:32:44.485+0000] {logging_mixin.py:190} INFO - [2025-02-25T23:32:44.485+0000] {dagbag.py:588} INFO - Filling up the DagBag from /home/airflow/.local/lib/python3.12/site-packages/airflow/example_dags/example_python_operator.py
[2025-02-25T23:32:44.491+0000] {processor.py:925} INFO - DAG(s) 'example_python_operator' retrieved from /home/airflow/.local/lib/python3.12/site-packages/airflow/example_dags/example_python_operator.py
[2025-02-25T23:32:44.505+0000] {logging_mixin.py:190} INFO - [2025-02-25T23:32:44.504+0000] {dag.py:3239} INFO - Sync 1 DAGs
[2025-02-25T23:32:44.513+0000] {logging_mixin.py:190} INFO - [2025-02-25T23:32:44.513+0000] {dag.py:4180} INFO - Setting next_dagrun for example_python_operator to None, run_after=None
[2025-02-25T23:32:44.524+0000] {processor.py:208} INFO - Processing /home/airflow/.local/lib/python3.12/site-packages/airflow/example_dags/example_python_operator.py took 0.045 seconds
[2025-02-25T23:33:18.188+0000] {processor.py:186} INFO - Started process (PID=1389) to work on /home/airflow/.local/lib/python3.12/site-packages/airflow/example_dags/example_python_operator.py
[2025-02-25T23:33:18.189+0000] {processor.py:914} INFO - Processing file /home/airflow/.local/lib/python3.12/site-packages/airflow/example_dags/example_python_operator.py for tasks to queue
[2025-02-25T23:33:18.190+0000] {logging_mixin.py:190} INFO - [2025-02-25T23:33:18.190+0000] {dagbag.py:588} INFO - Filling up the DagBag from /home/airflow/.local/lib/python3.12/site-packages/airflow/example_dags/example_python_operator.py
[2025-02-25T23:33:18.197+0000] {processor.py:925} INFO - DAG(s) 'example_python_operator' retrieved from /home/airflow/.local/lib/python3.12/site-packages/airflow/example_dags/example_python_operator.py
[2025-02-25T23:33:18.209+0000] {logging_mixin.py:190} INFO - [2025-02-25T23:33:18.209+0000] {dag.py:3239} INFO - Sync 1 DAGs
[2025-02-25T23:33:18.217+0000] {logging_mixin.py:190} INFO - [2025-02-25T23:33:18.217+0000] {dag.py:4180} INFO - Setting next_dagrun for example_python_operator to None, run_after=None
[2025-02-25T23:33:18.227+0000] {processor.py:208} INFO - Processing /home/airflow/.local/lib/python3.12/site-packages/airflow/example_dags/example_python_operator.py took 0.043 seconds
[2025-02-25T23:33:48.955+0000] {processor.py:186} INFO - Started process (PID=1452) to work on /home/airflow/.local/lib/python3.12/site-packages/airflow/example_dags/example_python_operator.py
[2025-02-25T23:33:48.956+0000] {processor.py:914} INFO - Processing file /home/airflow/.local/lib/python3.12/site-packages/airflow/example_dags/example_python_operator.py for tasks to queue
[2025-02-25T23:33:48.957+0000] {logging_mixin.py:190} INFO - [2025-02-25T23:33:48.957+0000] {dagbag.py:588} INFO - Filling up the DagBag from /home/airflow/.local/lib/python3.12/site-packages/airflow/example_dags/example_python_operator.py
[2025-02-25T23:33:48.964+0000] {processor.py:925} INFO - DAG(s) 'example_python_operator' retrieved from /home/airflow/.local/lib/python3.12/site-packages/airflow/example_dags/example_python_operator.py
[2025-02-25T23:33:48.977+0000] {logging_mixin.py:190} INFO - [2025-02-25T23:33:48.977+0000] {dag.py:3239} INFO - Sync 1 DAGs
[2025-02-25T23:33:48.985+0000] {logging_mixin.py:190} INFO - [2025-02-25T23:33:48.985+0000] {dag.py:4180} INFO - Setting next_dagrun for example_python_operator to None, run_after=None
[2025-02-25T23:33:48.995+0000] {processor.py:208} INFO - Processing /home/airflow/.local/lib/python3.12/site-packages/airflow/example_dags/example_python_operator.py took 0.043 seconds
[2025-02-25T23:34:19.824+0000] {processor.py:186} INFO - Started process (PID=1515) to work on /home/airflow/.local/lib/python3.12/site-packages/airflow/example_dags/example_python_operator.py
[2025-02-25T23:34:19.825+0000] {processor.py:914} INFO - Processing file /home/airflow/.local/lib/python3.12/site-packages/airflow/example_dags/example_python_operator.py for tasks to queue
[2025-02-25T23:34:19.826+0000] {logging_mixin.py:190} INFO - [2025-02-25T23:34:19.826+0000] {dagbag.py:588} INFO - Filling up the DagBag from /home/airflow/.local/lib/python3.12/site-packages/airflow/example_dags/example_python_operator.py
[2025-02-25T23:34:19.833+0000] {processor.py:925} INFO - DAG(s) 'example_python_operator' retrieved from /home/airflow/.local/lib/python3.12/site-packages/airflow/example_dags/example_python_operator.py
[2025-02-25T23:34:19.847+0000] {logging_mixin.py:190} INFO - [2025-02-25T23:34:19.847+0000] {dag.py:3239} INFO - Sync 1 DAGs
[2025-02-25T23:34:19.855+0000] {logging_mixin.py:190} INFO - [2025-02-25T23:34:19.855+0000] {dag.py:4180} INFO - Setting next_dagrun for example_python_operator to None, run_after=None
[2025-02-25T23:34:19.869+0000] {processor.py:208} INFO - Processing /home/airflow/.local/lib/python3.12/site-packages/airflow/example_dags/example_python_operator.py took 0.048 seconds
[2025-02-25T23:34:50.824+0000] {processor.py:186} INFO - Started process (PID=1578) to work on /home/airflow/.local/lib/python3.12/site-packages/airflow/example_dags/example_python_operator.py
[2025-02-25T23:34:50.825+0000] {processor.py:914} INFO - Processing file /home/airflow/.local/lib/python3.12/site-packages/airflow/example_dags/example_python_operator.py for tasks to queue
[2025-02-25T23:34:50.826+0000] {logging_mixin.py:190} INFO - [2025-02-25T23:34:50.826+0000] {dagbag.py:588} INFO - Filling up the DagBag from /home/airflow/.local/lib/python3.12/site-packages/airflow/example_dags/example_python_operator.py
[2025-02-25T23:34:50.833+0000] {processor.py:925} INFO - DAG(s) 'example_python_operator' retrieved from /home/airflow/.local/lib/python3.12/site-packages/airflow/example_dags/example_python_operator.py
[2025-02-25T23:34:50.846+0000] {logging_mixin.py:190} INFO - [2025-02-25T23:34:50.846+0000] {dag.py:3239} INFO - Sync 1 DAGs
[2025-02-25T23:34:50.855+0000] {logging_mixin.py:190} INFO - [2025-02-25T23:34:50.854+0000] {dag.py:4180} INFO - Setting next_dagrun for example_python_operator to None, run_after=None
[2025-02-25T23:34:50.873+0000] {processor.py:208} INFO - Processing /home/airflow/.local/lib/python3.12/site-packages/airflow/example_dags/example_python_operator.py took 0.053 seconds
[2025-02-25T23:35:21.696+0000] {processor.py:186} INFO - Started process (PID=1641) to work on /home/airflow/.local/lib/python3.12/site-packages/airflow/example_dags/example_python_operator.py
[2025-02-25T23:35:21.697+0000] {processor.py:914} INFO - Processing file /home/airflow/.local/lib/python3.12/site-packages/airflow/example_dags/example_python_operator.py for tasks to queue
[2025-02-25T23:35:21.698+0000] {logging_mixin.py:190} INFO - [2025-02-25T23:35:21.698+0000] {dagbag.py:588} INFO - Filling up the DagBag from /home/airflow/.local/lib/python3.12/site-packages/airflow/example_dags/example_python_operator.py
[2025-02-25T23:35:21.705+0000] {processor.py:925} INFO - DAG(s) 'example_python_operator' retrieved from /home/airflow/.local/lib/python3.12/site-packages/airflow/example_dags/example_python_operator.py
[2025-02-25T23:35:21.718+0000] {logging_mixin.py:190} INFO - [2025-02-25T23:35:21.718+0000] {dag.py:3239} INFO - Sync 1 DAGs
[2025-02-25T23:35:21.726+0000] {logging_mixin.py:190} INFO - [2025-02-25T23:35:21.726+0000] {dag.py:4180} INFO - Setting next_dagrun for example_python_operator to None, run_after=None
[2025-02-25T23:35:21.738+0000] {processor.py:208} INFO - Processing /home/airflow/.local/lib/python3.12/site-packages/airflow/example_dags/example_python_operator.py took 0.046 seconds
[2025-02-25T23:35:51.775+0000] {processor.py:186} INFO - Started process (PID=1704) to work on /home/airflow/.local/lib/python3.12/site-packages/airflow/example_dags/example_python_operator.py
[2025-02-25T23:35:51.776+0000] {processor.py:914} INFO - Processing file /home/airflow/.local/lib/python3.12/site-packages/airflow/example_dags/example_python_operator.py for tasks to queue
[2025-02-25T23:35:51.777+0000] {logging_mixin.py:190} INFO - [2025-02-25T23:35:51.777+0000] {dagbag.py:588} INFO - Filling up the DagBag from /home/airflow/.local/lib/python3.12/site-packages/airflow/example_dags/example_python_operator.py
[2025-02-25T23:35:51.784+0000] {processor.py:925} INFO - DAG(s) 'example_python_operator' retrieved from /home/airflow/.local/lib/python3.12/site-packages/airflow/example_dags/example_python_operator.py
[2025-02-25T23:35:51.798+0000] {logging_mixin.py:190} INFO - [2025-02-25T23:35:51.798+0000] {dag.py:3239} INFO - Sync 1 DAGs
[2025-02-25T23:35:51.807+0000] {logging_mixin.py:190} INFO - [2025-02-25T23:35:51.807+0000] {dag.py:4180} INFO - Setting next_dagrun for example_python_operator to None, run_after=None
[2025-02-25T23:35:51.818+0000] {processor.py:208} INFO - Processing /home/airflow/.local/lib/python3.12/site-packages/airflow/example_dags/example_python_operator.py took 0.047 seconds
[2025-02-25T23:36:21.930+0000] {processor.py:186} INFO - Started process (PID=1767) to work on /home/airflow/.local/lib/python3.12/site-packages/airflow/example_dags/example_python_operator.py
[2025-02-25T23:36:21.930+0000] {processor.py:914} INFO - Processing file /home/airflow/.local/lib/python3.12/site-packages/airflow/example_dags/example_python_operator.py for tasks to queue
[2025-02-25T23:36:21.933+0000] {logging_mixin.py:190} INFO - [2025-02-25T23:36:21.933+0000] {dagbag.py:588} INFO - Filling up the DagBag from /home/airflow/.local/lib/python3.12/site-packages/airflow/example_dags/example_python_operator.py
[2025-02-25T23:36:21.941+0000] {processor.py:925} INFO - DAG(s) 'example_python_operator' retrieved from /home/airflow/.local/lib/python3.12/site-packages/airflow/example_dags/example_python_operator.py
[2025-02-25T23:36:21.956+0000] {logging_mixin.py:190} INFO - [2025-02-25T23:36:21.956+0000] {dag.py:3239} INFO - Sync 1 DAGs
[2025-02-25T23:36:21.965+0000] {logging_mixin.py:190} INFO - [2025-02-25T23:36:21.965+0000] {dag.py:4180} INFO - Setting next_dagrun for example_python_operator to None, run_after=None
[2025-02-25T23:36:21.976+0000] {processor.py:208} INFO - Processing /home/airflow/.local/lib/python3.12/site-packages/airflow/example_dags/example_python_operator.py took 0.052 seconds
[2025-02-25T23:36:52.173+0000] {processor.py:186} INFO - Started process (PID=1830) to work on /home/airflow/.local/lib/python3.12/site-packages/airflow/example_dags/example_python_operator.py
[2025-02-25T23:36:52.174+0000] {processor.py:914} INFO - Processing file /home/airflow/.local/lib/python3.12/site-packages/airflow/example_dags/example_python_operator.py for tasks to queue
[2025-02-25T23:36:52.175+0000] {logging_mixin.py:190} INFO - [2025-02-25T23:36:52.175+0000] {dagbag.py:588} INFO - Filling up the DagBag from /home/airflow/.local/lib/python3.12/site-packages/airflow/example_dags/example_python_operator.py
[2025-02-25T23:36:52.182+0000] {processor.py:925} INFO - DAG(s) 'example_python_operator' retrieved from /home/airflow/.local/lib/python3.12/site-packages/airflow/example_dags/example_python_operator.py
[2025-02-25T23:36:52.196+0000] {logging_mixin.py:190} INFO - [2025-02-25T23:36:52.196+0000] {dag.py:3239} INFO - Sync 1 DAGs
[2025-02-25T23:36:52.205+0000] {logging_mixin.py:190} INFO - [2025-02-25T23:36:52.205+0000] {dag.py:4180} INFO - Setting next_dagrun for example_python_operator to None, run_after=None
[2025-02-25T23:36:52.215+0000] {processor.py:208} INFO - Processing /home/airflow/.local/lib/python3.12/site-packages/airflow/example_dags/example_python_operator.py took 0.045 seconds
[2025-02-25T23:37:26.454+0000] {processor.py:186} INFO - Started process (PID=1893) to work on /home/airflow/.local/lib/python3.12/site-packages/airflow/example_dags/example_python_operator.py
[2025-02-25T23:37:26.455+0000] {processor.py:914} INFO - Processing file /home/airflow/.local/lib/python3.12/site-packages/airflow/example_dags/example_python_operator.py for tasks to queue
[2025-02-25T23:37:26.456+0000] {logging_mixin.py:190} INFO - [2025-02-25T23:37:26.456+0000] {dagbag.py:588} INFO - Filling up the DagBag from /home/airflow/.local/lib/python3.12/site-packages/airflow/example_dags/example_python_operator.py
[2025-02-25T23:37:26.462+0000] {processor.py:925} INFO - DAG(s) 'example_python_operator' retrieved from /home/airflow/.local/lib/python3.12/site-packages/airflow/example_dags/example_python_operator.py
[2025-02-25T23:37:26.476+0000] {logging_mixin.py:190} INFO - [2025-02-25T23:37:26.475+0000] {dag.py:3239} INFO - Sync 1 DAGs
[2025-02-25T23:37:26.483+0000] {logging_mixin.py:190} INFO - [2025-02-25T23:37:26.483+0000] {dag.py:4180} INFO - Setting next_dagrun for example_python_operator to None, run_after=None
[2025-02-25T23:37:26.493+0000] {processor.py:208} INFO - Processing /home/airflow/.local/lib/python3.12/site-packages/airflow/example_dags/example_python_operator.py took 0.042 seconds
[2025-02-25T23:38:00.545+0000] {processor.py:186} INFO - Started process (PID=1956) to work on /home/airflow/.local/lib/python3.12/site-packages/airflow/example_dags/example_python_operator.py
[2025-02-25T23:38:00.546+0000] {processor.py:914} INFO - Processing file /home/airflow/.local/lib/python3.12/site-packages/airflow/example_dags/example_python_operator.py for tasks to queue
[2025-02-25T23:38:00.547+0000] {logging_mixin.py:190} INFO - [2025-02-25T23:38:00.547+0000] {dagbag.py:588} INFO - Filling up the DagBag from /home/airflow/.local/lib/python3.12/site-packages/airflow/example_dags/example_python_operator.py
[2025-02-25T23:38:00.554+0000] {processor.py:925} INFO - DAG(s) 'example_python_operator' retrieved from /home/airflow/.local/lib/python3.12/site-packages/airflow/example_dags/example_python_operator.py
[2025-02-25T23:38:00.568+0000] {logging_mixin.py:190} INFO - [2025-02-25T23:38:00.568+0000] {dag.py:3239} INFO - Sync 1 DAGs
[2025-02-25T23:38:00.576+0000] {logging_mixin.py:190} INFO - [2025-02-25T23:38:00.576+0000] {dag.py:4180} INFO - Setting next_dagrun for example_python_operator to None, run_after=None
[2025-02-25T23:38:00.587+0000] {processor.py:208} INFO - Processing /home/airflow/.local/lib/python3.12/site-packages/airflow/example_dags/example_python_operator.py took 0.045 seconds
[2025-02-25T23:38:31.452+0000] {processor.py:186} INFO - Started process (PID=2019) to work on /home/airflow/.local/lib/python3.12/site-packages/airflow/example_dags/example_python_operator.py
[2025-02-25T23:38:31.453+0000] {processor.py:914} INFO - Processing file /home/airflow/.local/lib/python3.12/site-packages/airflow/example_dags/example_python_operator.py for tasks to queue
[2025-02-25T23:38:31.454+0000] {logging_mixin.py:190} INFO - [2025-02-25T23:38:31.454+0000] {dagbag.py:588} INFO - Filling up the DagBag from /home/airflow/.local/lib/python3.12/site-packages/airflow/example_dags/example_python_operator.py
[2025-02-25T23:38:31.461+0000] {processor.py:925} INFO - DAG(s) 'example_python_operator' retrieved from /home/airflow/.local/lib/python3.12/site-packages/airflow/example_dags/example_python_operator.py
[2025-02-25T23:38:31.475+0000] {logging_mixin.py:190} INFO - [2025-02-25T23:38:31.475+0000] {dag.py:3239} INFO - Sync 1 DAGs
[2025-02-25T23:38:31.484+0000] {logging_mixin.py:190} INFO - [2025-02-25T23:38:31.484+0000] {dag.py:4180} INFO - Setting next_dagrun for example_python_operator to None, run_after=None
[2025-02-25T23:38:31.494+0000] {processor.py:208} INFO - Processing /home/airflow/.local/lib/python3.12/site-packages/airflow/example_dags/example_python_operator.py took 0.046 seconds
[2025-02-25T23:39:02.353+0000] {processor.py:186} INFO - Started process (PID=2082) to work on /home/airflow/.local/lib/python3.12/site-packages/airflow/example_dags/example_python_operator.py
[2025-02-25T23:39:02.354+0000] {processor.py:914} INFO - Processing file /home/airflow/.local/lib/python3.12/site-packages/airflow/example_dags/example_python_operator.py for tasks to queue
[2025-02-25T23:39:02.355+0000] {logging_mixin.py:190} INFO - [2025-02-25T23:39:02.355+0000] {dagbag.py:588} INFO - Filling up the DagBag from /home/airflow/.local/lib/python3.12/site-packages/airflow/example_dags/example_python_operator.py
[2025-02-25T23:39:02.362+0000] {processor.py:925} INFO - DAG(s) 'example_python_operator' retrieved from /home/airflow/.local/lib/python3.12/site-packages/airflow/example_dags/example_python_operator.py
[2025-02-25T23:39:02.375+0000] {logging_mixin.py:190} INFO - [2025-02-25T23:39:02.375+0000] {dag.py:3239} INFO - Sync 1 DAGs
[2025-02-25T23:39:02.383+0000] {logging_mixin.py:190} INFO - [2025-02-25T23:39:02.383+0000] {dag.py:4180} INFO - Setting next_dagrun for example_python_operator to None, run_after=None
[2025-02-25T23:39:02.393+0000] {processor.py:208} INFO - Processing /home/airflow/.local/lib/python3.12/site-packages/airflow/example_dags/example_python_operator.py took 0.043 seconds
[2025-02-25T23:39:33.276+0000] {processor.py:186} INFO - Started process (PID=2145) to work on /home/airflow/.local/lib/python3.12/site-packages/airflow/example_dags/example_python_operator.py
[2025-02-25T23:39:33.277+0000] {processor.py:914} INFO - Processing file /home/airflow/.local/lib/python3.12/site-packages/airflow/example_dags/example_python_operator.py for tasks to queue
[2025-02-25T23:39:33.278+0000] {logging_mixin.py:190} INFO - [2025-02-25T23:39:33.278+0000] {dagbag.py:588} INFO - Filling up the DagBag from /home/airflow/.local/lib/python3.12/site-packages/airflow/example_dags/example_python_operator.py
[2025-02-25T23:39:33.285+0000] {processor.py:925} INFO - DAG(s) 'example_python_operator' retrieved from /home/airflow/.local/lib/python3.12/site-packages/airflow/example_dags/example_python_operator.py
[2025-02-25T23:39:33.298+0000] {logging_mixin.py:190} INFO - [2025-02-25T23:39:33.298+0000] {dag.py:3239} INFO - Sync 1 DAGs
[2025-02-25T23:39:33.306+0000] {logging_mixin.py:190} INFO - [2025-02-25T23:39:33.306+0000] {dag.py:4180} INFO - Setting next_dagrun for example_python_operator to None, run_after=None
[2025-02-25T23:39:33.316+0000] {processor.py:208} INFO - Processing /home/airflow/.local/lib/python3.12/site-packages/airflow/example_dags/example_python_operator.py took 0.044 seconds
[2025-02-25T23:41:51.075+0000] {processor.py:186} INFO - Started process (PID=71) to work on /home/airflow/.local/lib/python3.12/site-packages/airflow/example_dags/example_python_operator.py
[2025-02-25T23:41:51.076+0000] {processor.py:914} INFO - Processing file /home/airflow/.local/lib/python3.12/site-packages/airflow/example_dags/example_python_operator.py for tasks to queue
[2025-02-25T23:41:51.077+0000] {logging_mixin.py:190} INFO - [2025-02-25T23:41:51.077+0000] {dagbag.py:588} INFO - Filling up the DagBag from /home/airflow/.local/lib/python3.12/site-packages/airflow/example_dags/example_python_operator.py
[2025-02-25T23:41:51.085+0000] {processor.py:925} INFO - DAG(s) 'example_python_operator' retrieved from /home/airflow/.local/lib/python3.12/site-packages/airflow/example_dags/example_python_operator.py
[2025-02-25T23:41:51.146+0000] {logging_mixin.py:190} INFO - [2025-02-25T23:41:51.146+0000] {override.py:1912} INFO - Created Permission View: can edit on DAG:example_python_operator
[2025-02-25T23:41:51.151+0000] {logging_mixin.py:190} INFO - [2025-02-25T23:41:51.151+0000] {override.py:1912} INFO - Created Permission View: can delete on DAG:example_python_operator
[2025-02-25T23:41:51.155+0000] {logging_mixin.py:190} INFO - [2025-02-25T23:41:51.154+0000] {override.py:1912} INFO - Created Permission View: can read on DAG:example_python_operator
[2025-02-25T23:41:51.158+0000] {logging_mixin.py:190} INFO - [2025-02-25T23:41:51.158+0000] {override.py:1912} INFO - Created Permission View: can create on DAG Run:example_python_operator
[2025-02-25T23:41:51.162+0000] {logging_mixin.py:190} INFO - [2025-02-25T23:41:51.162+0000] {override.py:1912} INFO - Created Permission View: can delete on DAG Run:example_python_operator
[2025-02-25T23:41:51.166+0000] {logging_mixin.py:190} INFO - [2025-02-25T23:41:51.166+0000] {override.py:1912} INFO - Created Permission View: can read on DAG Run:example_python_operator
[2025-02-25T23:41:51.170+0000] {logging_mixin.py:190} INFO - [2025-02-25T23:41:51.170+0000] {override.py:1912} INFO - Created Permission View: menu access on DAG Run:example_python_operator
[2025-02-25T23:41:51.170+0000] {logging_mixin.py:190} INFO - [2025-02-25T23:41:51.170+0000] {dag.py:3239} INFO - Sync 1 DAGs
[2025-02-25T23:41:51.177+0000] {logging_mixin.py:190} INFO - [2025-02-25T23:41:51.177+0000] {dag.py:3262} INFO - Creating ORM DAG for example_python_operator
[2025-02-25T23:41:51.177+0000] {logging_mixin.py:190} INFO - [2025-02-25T23:41:51.177+0000] {dag.py:4180} INFO - Setting next_dagrun for example_python_operator to None, run_after=None
[2025-02-25T23:41:51.186+0000] {processor.py:208} INFO - Processing /home/airflow/.local/lib/python3.12/site-packages/airflow/example_dags/example_python_operator.py took 0.114 seconds
[2025-02-25T23:42:24.237+0000] {processor.py:186} INFO - Started process (PID=134) to work on /home/airflow/.local/lib/python3.12/site-packages/airflow/example_dags/example_python_operator.py
[2025-02-25T23:42:24.237+0000] {processor.py:914} INFO - Processing file /home/airflow/.local/lib/python3.12/site-packages/airflow/example_dags/example_python_operator.py for tasks to queue
[2025-02-25T23:42:24.239+0000] {logging_mixin.py:190} INFO - [2025-02-25T23:42:24.238+0000] {dagbag.py:588} INFO - Filling up the DagBag from /home/airflow/.local/lib/python3.12/site-packages/airflow/example_dags/example_python_operator.py
[2025-02-25T23:42:24.245+0000] {processor.py:925} INFO - DAG(s) 'example_python_operator' retrieved from /home/airflow/.local/lib/python3.12/site-packages/airflow/example_dags/example_python_operator.py
[2025-02-25T23:42:24.258+0000] {logging_mixin.py:190} INFO - [2025-02-25T23:42:24.257+0000] {dag.py:3239} INFO - Sync 1 DAGs
[2025-02-25T23:42:24.265+0000] {logging_mixin.py:190} INFO - [2025-02-25T23:42:24.265+0000] {dag.py:4180} INFO - Setting next_dagrun for example_python_operator to None, run_after=None
[2025-02-25T23:42:24.275+0000] {processor.py:208} INFO - Processing /home/airflow/.local/lib/python3.12/site-packages/airflow/example_dags/example_python_operator.py took 0.042 seconds
[2025-02-25T23:42:58.039+0000] {processor.py:186} INFO - Started process (PID=197) to work on /home/airflow/.local/lib/python3.12/site-packages/airflow/example_dags/example_python_operator.py
[2025-02-25T23:42:58.040+0000] {processor.py:914} INFO - Processing file /home/airflow/.local/lib/python3.12/site-packages/airflow/example_dags/example_python_operator.py for tasks to queue
[2025-02-25T23:42:58.042+0000] {logging_mixin.py:190} INFO - [2025-02-25T23:42:58.041+0000] {dagbag.py:588} INFO - Filling up the DagBag from /home/airflow/.local/lib/python3.12/site-packages/airflow/example_dags/example_python_operator.py
[2025-02-25T23:42:58.048+0000] {processor.py:925} INFO - DAG(s) 'example_python_operator' retrieved from /home/airflow/.local/lib/python3.12/site-packages/airflow/example_dags/example_python_operator.py
[2025-02-25T23:42:58.061+0000] {logging_mixin.py:190} INFO - [2025-02-25T23:42:58.061+0000] {dag.py:3239} INFO - Sync 1 DAGs
[2025-02-25T23:42:58.069+0000] {logging_mixin.py:190} INFO - [2025-02-25T23:42:58.068+0000] {dag.py:4180} INFO - Setting next_dagrun for example_python_operator to None, run_after=None
[2025-02-25T23:42:58.079+0000] {processor.py:208} INFO - Processing /home/airflow/.local/lib/python3.12/site-packages/airflow/example_dags/example_python_operator.py took 0.043 seconds
[2025-02-25T23:43:29.025+0000] {processor.py:186} INFO - Started process (PID=260) to work on /home/airflow/.local/lib/python3.12/site-packages/airflow/example_dags/example_python_operator.py
[2025-02-25T23:43:29.025+0000] {processor.py:914} INFO - Processing file /home/airflow/.local/lib/python3.12/site-packages/airflow/example_dags/example_python_operator.py for tasks to queue
[2025-02-25T23:43:29.027+0000] {logging_mixin.py:190} INFO - [2025-02-25T23:43:29.027+0000] {dagbag.py:588} INFO - Filling up the DagBag from /home/airflow/.local/lib/python3.12/site-packages/airflow/example_dags/example_python_operator.py
[2025-02-25T23:43:29.034+0000] {processor.py:925} INFO - DAG(s) 'example_python_operator' retrieved from /home/airflow/.local/lib/python3.12/site-packages/airflow/example_dags/example_python_operator.py
[2025-02-25T23:43:29.046+0000] {logging_mixin.py:190} INFO - [2025-02-25T23:43:29.046+0000] {dag.py:3239} INFO - Sync 1 DAGs
[2025-02-25T23:43:29.054+0000] {logging_mixin.py:190} INFO - [2025-02-25T23:43:29.054+0000] {dag.py:4180} INFO - Setting next_dagrun for example_python_operator to None, run_after=None
[2025-02-25T23:43:29.065+0000] {processor.py:208} INFO - Processing /home/airflow/.local/lib/python3.12/site-packages/airflow/example_dags/example_python_operator.py took 0.043 seconds
[2025-02-25T23:43:59.915+0000] {processor.py:186} INFO - Started process (PID=323) to work on /home/airflow/.local/lib/python3.12/site-packages/airflow/example_dags/example_python_operator.py
[2025-02-25T23:43:59.916+0000] {processor.py:914} INFO - Processing file /home/airflow/.local/lib/python3.12/site-packages/airflow/example_dags/example_python_operator.py for tasks to queue
[2025-02-25T23:43:59.917+0000] {logging_mixin.py:190} INFO - [2025-02-25T23:43:59.917+0000] {dagbag.py:588} INFO - Filling up the DagBag from /home/airflow/.local/lib/python3.12/site-packages/airflow/example_dags/example_python_operator.py
[2025-02-25T23:43:59.924+0000] {processor.py:925} INFO - DAG(s) 'example_python_operator' retrieved from /home/airflow/.local/lib/python3.12/site-packages/airflow/example_dags/example_python_operator.py
[2025-02-25T23:43:59.937+0000] {logging_mixin.py:190} INFO - [2025-02-25T23:43:59.937+0000] {dag.py:3239} INFO - Sync 1 DAGs
[2025-02-25T23:43:59.945+0000] {logging_mixin.py:190} INFO - [2025-02-25T23:43:59.945+0000] {dag.py:4180} INFO - Setting next_dagrun for example_python_operator to None, run_after=None
[2025-02-25T23:43:59.955+0000] {processor.py:208} INFO - Processing /home/airflow/.local/lib/python3.12/site-packages/airflow/example_dags/example_python_operator.py took 0.044 seconds
[2025-02-25T23:44:30.666+0000] {processor.py:186} INFO - Started process (PID=386) to work on /home/airflow/.local/lib/python3.12/site-packages/airflow/example_dags/example_python_operator.py
[2025-02-25T23:44:30.668+0000] {processor.py:914} INFO - Processing file /home/airflow/.local/lib/python3.12/site-packages/airflow/example_dags/example_python_operator.py for tasks to queue
[2025-02-25T23:44:30.669+0000] {logging_mixin.py:190} INFO - [2025-02-25T23:44:30.669+0000] {dagbag.py:588} INFO - Filling up the DagBag from /home/airflow/.local/lib/python3.12/site-packages/airflow/example_dags/example_python_operator.py
[2025-02-25T23:44:30.675+0000] {processor.py:925} INFO - DAG(s) 'example_python_operator' retrieved from /home/airflow/.local/lib/python3.12/site-packages/airflow/example_dags/example_python_operator.py
[2025-02-25T23:44:30.688+0000] {logging_mixin.py:190} INFO - [2025-02-25T23:44:30.688+0000] {dag.py:3239} INFO - Sync 1 DAGs
[2025-02-25T23:44:30.696+0000] {logging_mixin.py:190} INFO - [2025-02-25T23:44:30.696+0000] {dag.py:4180} INFO - Setting next_dagrun for example_python_operator to None, run_after=None
[2025-02-25T23:44:30.707+0000] {processor.py:208} INFO - Processing /home/airflow/.local/lib/python3.12/site-packages/airflow/example_dags/example_python_operator.py took 0.044 seconds
[2025-02-25T23:45:01.374+0000] {processor.py:186} INFO - Started process (PID=449) to work on /home/airflow/.local/lib/python3.12/site-packages/airflow/example_dags/example_python_operator.py
[2025-02-25T23:45:01.375+0000] {processor.py:914} INFO - Processing file /home/airflow/.local/lib/python3.12/site-packages/airflow/example_dags/example_python_operator.py for tasks to queue
[2025-02-25T23:45:01.376+0000] {logging_mixin.py:190} INFO - [2025-02-25T23:45:01.376+0000] {dagbag.py:588} INFO - Filling up the DagBag from /home/airflow/.local/lib/python3.12/site-packages/airflow/example_dags/example_python_operator.py
[2025-02-25T23:45:01.384+0000] {processor.py:925} INFO - DAG(s) 'example_python_operator' retrieved from /home/airflow/.local/lib/python3.12/site-packages/airflow/example_dags/example_python_operator.py
[2025-02-25T23:45:01.397+0000] {logging_mixin.py:190} INFO - [2025-02-25T23:45:01.397+0000] {dag.py:3239} INFO - Sync 1 DAGs
[2025-02-25T23:45:01.407+0000] {logging_mixin.py:190} INFO - [2025-02-25T23:45:01.406+0000] {dag.py:4180} INFO - Setting next_dagrun for example_python_operator to None, run_after=None
[2025-02-25T23:45:01.420+0000] {processor.py:208} INFO - Processing /home/airflow/.local/lib/python3.12/site-packages/airflow/example_dags/example_python_operator.py took 0.049 seconds
[2025-02-25T23:45:32.132+0000] {processor.py:186} INFO - Started process (PID=512) to work on /home/airflow/.local/lib/python3.12/site-packages/airflow/example_dags/example_python_operator.py
[2025-02-25T23:45:32.133+0000] {processor.py:914} INFO - Processing file /home/airflow/.local/lib/python3.12/site-packages/airflow/example_dags/example_python_operator.py for tasks to queue
[2025-02-25T23:45:32.134+0000] {logging_mixin.py:190} INFO - [2025-02-25T23:45:32.134+0000] {dagbag.py:588} INFO - Filling up the DagBag from /home/airflow/.local/lib/python3.12/site-packages/airflow/example_dags/example_python_operator.py
[2025-02-25T23:45:32.143+0000] {processor.py:925} INFO - DAG(s) 'example_python_operator' retrieved from /home/airflow/.local/lib/python3.12/site-packages/airflow/example_dags/example_python_operator.py
[2025-02-25T23:45:32.157+0000] {logging_mixin.py:190} INFO - [2025-02-25T23:45:32.157+0000] {dag.py:3239} INFO - Sync 1 DAGs
[2025-02-25T23:45:32.166+0000] {logging_mixin.py:190} INFO - [2025-02-25T23:45:32.166+0000] {dag.py:4180} INFO - Setting next_dagrun for example_python_operator to None, run_after=None
[2025-02-25T23:45:32.178+0000] {processor.py:208} INFO - Processing /home/airflow/.local/lib/python3.12/site-packages/airflow/example_dags/example_python_operator.py took 0.050 seconds
[2025-02-25T23:46:02.936+0000] {processor.py:186} INFO - Started process (PID=575) to work on /home/airflow/.local/lib/python3.12/site-packages/airflow/example_dags/example_python_operator.py
[2025-02-25T23:46:02.937+0000] {processor.py:914} INFO - Processing file /home/airflow/.local/lib/python3.12/site-packages/airflow/example_dags/example_python_operator.py for tasks to queue
[2025-02-25T23:46:02.938+0000] {logging_mixin.py:190} INFO - [2025-02-25T23:46:02.938+0000] {dagbag.py:588} INFO - Filling up the DagBag from /home/airflow/.local/lib/python3.12/site-packages/airflow/example_dags/example_python_operator.py
[2025-02-25T23:46:02.946+0000] {processor.py:925} INFO - DAG(s) 'example_python_operator' retrieved from /home/airflow/.local/lib/python3.12/site-packages/airflow/example_dags/example_python_operator.py
[2025-02-25T23:46:02.959+0000] {logging_mixin.py:190} INFO - [2025-02-25T23:46:02.959+0000] {dag.py:3239} INFO - Sync 1 DAGs
[2025-02-25T23:46:02.967+0000] {logging_mixin.py:190} INFO - [2025-02-25T23:46:02.967+0000] {dag.py:4180} INFO - Setting next_dagrun for example_python_operator to None, run_after=None
[2025-02-25T23:46:02.979+0000] {processor.py:208} INFO - Processing /home/airflow/.local/lib/python3.12/site-packages/airflow/example_dags/example_python_operator.py took 0.046 seconds
[2025-02-25T23:46:33.800+0000] {processor.py:186} INFO - Started process (PID=638) to work on /home/airflow/.local/lib/python3.12/site-packages/airflow/example_dags/example_python_operator.py
[2025-02-25T23:46:33.801+0000] {processor.py:914} INFO - Processing file /home/airflow/.local/lib/python3.12/site-packages/airflow/example_dags/example_python_operator.py for tasks to queue
[2025-02-25T23:46:33.803+0000] {logging_mixin.py:190} INFO - [2025-02-25T23:46:33.803+0000] {dagbag.py:588} INFO - Filling up the DagBag from /home/airflow/.local/lib/python3.12/site-packages/airflow/example_dags/example_python_operator.py
[2025-02-25T23:46:33.809+0000] {processor.py:925} INFO - DAG(s) 'example_python_operator' retrieved from /home/airflow/.local/lib/python3.12/site-packages/airflow/example_dags/example_python_operator.py
[2025-02-25T23:46:33.822+0000] {logging_mixin.py:190} INFO - [2025-02-25T23:46:33.822+0000] {dag.py:3239} INFO - Sync 1 DAGs
[2025-02-25T23:46:33.829+0000] {logging_mixin.py:190} INFO - [2025-02-25T23:46:33.829+0000] {dag.py:4180} INFO - Setting next_dagrun for example_python_operator to None, run_after=None
[2025-02-25T23:46:33.840+0000] {processor.py:208} INFO - Processing /home/airflow/.local/lib/python3.12/site-packages/airflow/example_dags/example_python_operator.py took 0.044 seconds
[2025-02-25T23:47:04.512+0000] {processor.py:186} INFO - Started process (PID=701) to work on /home/airflow/.local/lib/python3.12/site-packages/airflow/example_dags/example_python_operator.py
[2025-02-25T23:47:04.512+0000] {processor.py:914} INFO - Processing file /home/airflow/.local/lib/python3.12/site-packages/airflow/example_dags/example_python_operator.py for tasks to queue
[2025-02-25T23:47:04.514+0000] {logging_mixin.py:190} INFO - [2025-02-25T23:47:04.513+0000] {dagbag.py:588} INFO - Filling up the DagBag from /home/airflow/.local/lib/python3.12/site-packages/airflow/example_dags/example_python_operator.py
[2025-02-25T23:47:04.520+0000] {processor.py:925} INFO - DAG(s) 'example_python_operator' retrieved from /home/airflow/.local/lib/python3.12/site-packages/airflow/example_dags/example_python_operator.py
[2025-02-25T23:47:04.533+0000] {logging_mixin.py:190} INFO - [2025-02-25T23:47:04.533+0000] {dag.py:3239} INFO - Sync 1 DAGs
[2025-02-25T23:47:04.542+0000] {logging_mixin.py:190} INFO - [2025-02-25T23:47:04.542+0000] {dag.py:4180} INFO - Setting next_dagrun for example_python_operator to None, run_after=None
[2025-02-25T23:47:04.553+0000] {processor.py:208} INFO - Processing /home/airflow/.local/lib/python3.12/site-packages/airflow/example_dags/example_python_operator.py took 0.045 seconds
[2025-02-25T23:47:35.269+0000] {processor.py:186} INFO - Started process (PID=764) to work on /home/airflow/.local/lib/python3.12/site-packages/airflow/example_dags/example_python_operator.py
[2025-02-25T23:47:35.270+0000] {processor.py:914} INFO - Processing file /home/airflow/.local/lib/python3.12/site-packages/airflow/example_dags/example_python_operator.py for tasks to queue
[2025-02-25T23:47:35.271+0000] {logging_mixin.py:190} INFO - [2025-02-25T23:47:35.271+0000] {dagbag.py:588} INFO - Filling up the DagBag from /home/airflow/.local/lib/python3.12/site-packages/airflow/example_dags/example_python_operator.py
[2025-02-25T23:47:35.278+0000] {processor.py:925} INFO - DAG(s) 'example_python_operator' retrieved from /home/airflow/.local/lib/python3.12/site-packages/airflow/example_dags/example_python_operator.py
[2025-02-25T23:47:35.290+0000] {logging_mixin.py:190} INFO - [2025-02-25T23:47:35.290+0000] {dag.py:3239} INFO - Sync 1 DAGs
[2025-02-25T23:47:35.298+0000] {logging_mixin.py:190} INFO - [2025-02-25T23:47:35.298+0000] {dag.py:4180} INFO - Setting next_dagrun for example_python_operator to None, run_after=None
[2025-02-25T23:47:35.308+0000] {processor.py:208} INFO - Processing /home/airflow/.local/lib/python3.12/site-packages/airflow/example_dags/example_python_operator.py took 0.042 seconds
[2025-02-25T23:48:06.070+0000] {processor.py:186} INFO - Started process (PID=821) to work on /home/airflow/.local/lib/python3.12/site-packages/airflow/example_dags/example_python_operator.py
[2025-02-25T23:48:06.071+0000] {processor.py:914} INFO - Processing file /home/airflow/.local/lib/python3.12/site-packages/airflow/example_dags/example_python_operator.py for tasks to queue
[2025-02-25T23:48:06.072+0000] {logging_mixin.py:190} INFO - [2025-02-25T23:48:06.072+0000] {dagbag.py:588} INFO - Filling up the DagBag from /home/airflow/.local/lib/python3.12/site-packages/airflow/example_dags/example_python_operator.py
[2025-02-25T23:48:06.080+0000] {processor.py:925} INFO - DAG(s) 'example_python_operator' retrieved from /home/airflow/.local/lib/python3.12/site-packages/airflow/example_dags/example_python_operator.py
[2025-02-25T23:48:06.095+0000] {logging_mixin.py:190} INFO - [2025-02-25T23:48:06.095+0000] {dag.py:3239} INFO - Sync 1 DAGs
[2025-02-25T23:48:06.104+0000] {logging_mixin.py:190} INFO - [2025-02-25T23:48:06.103+0000] {dag.py:4180} INFO - Setting next_dagrun for example_python_operator to None, run_after=None
[2025-02-25T23:48:06.116+0000] {processor.py:208} INFO - Processing /home/airflow/.local/lib/python3.12/site-packages/airflow/example_dags/example_python_operator.py took 0.050 seconds
[2025-02-25T23:48:36.901+0000] {processor.py:186} INFO - Started process (PID=884) to work on /home/airflow/.local/lib/python3.12/site-packages/airflow/example_dags/example_python_operator.py
[2025-02-25T23:48:36.902+0000] {processor.py:914} INFO - Processing file /home/airflow/.local/lib/python3.12/site-packages/airflow/example_dags/example_python_operator.py for tasks to queue
[2025-02-25T23:48:36.903+0000] {logging_mixin.py:190} INFO - [2025-02-25T23:48:36.903+0000] {dagbag.py:588} INFO - Filling up the DagBag from /home/airflow/.local/lib/python3.12/site-packages/airflow/example_dags/example_python_operator.py
[2025-02-25T23:48:36.909+0000] {processor.py:925} INFO - DAG(s) 'example_python_operator' retrieved from /home/airflow/.local/lib/python3.12/site-packages/airflow/example_dags/example_python_operator.py
[2025-02-25T23:48:36.922+0000] {logging_mixin.py:190} INFO - [2025-02-25T23:48:36.922+0000] {dag.py:3239} INFO - Sync 1 DAGs
[2025-02-25T23:48:36.930+0000] {logging_mixin.py:190} INFO - [2025-02-25T23:48:36.930+0000] {dag.py:4180} INFO - Setting next_dagrun for example_python_operator to None, run_after=None
[2025-02-25T23:48:36.947+0000] {processor.py:208} INFO - Processing /home/airflow/.local/lib/python3.12/site-packages/airflow/example_dags/example_python_operator.py took 0.049 seconds
[2025-02-25T23:49:07.091+0000] {processor.py:186} INFO - Started process (PID=947) to work on /home/airflow/.local/lib/python3.12/site-packages/airflow/example_dags/example_python_operator.py
[2025-02-25T23:49:07.092+0000] {processor.py:914} INFO - Processing file /home/airflow/.local/lib/python3.12/site-packages/airflow/example_dags/example_python_operator.py for tasks to queue
[2025-02-25T23:49:07.093+0000] {logging_mixin.py:190} INFO - [2025-02-25T23:49:07.093+0000] {dagbag.py:588} INFO - Filling up the DagBag from /home/airflow/.local/lib/python3.12/site-packages/airflow/example_dags/example_python_operator.py
[2025-02-25T23:49:07.100+0000] {processor.py:925} INFO - DAG(s) 'example_python_operator' retrieved from /home/airflow/.local/lib/python3.12/site-packages/airflow/example_dags/example_python_operator.py
[2025-02-25T23:49:07.113+0000] {logging_mixin.py:190} INFO - [2025-02-25T23:49:07.113+0000] {dag.py:3239} INFO - Sync 1 DAGs
[2025-02-25T23:49:07.121+0000] {logging_mixin.py:190} INFO - [2025-02-25T23:49:07.121+0000] {dag.py:4180} INFO - Setting next_dagrun for example_python_operator to None, run_after=None
[2025-02-25T23:49:07.134+0000] {processor.py:208} INFO - Processing /home/airflow/.local/lib/python3.12/site-packages/airflow/example_dags/example_python_operator.py took 0.047 seconds
[2025-02-25T23:49:37.487+0000] {processor.py:186} INFO - Started process (PID=1010) to work on /home/airflow/.local/lib/python3.12/site-packages/airflow/example_dags/example_python_operator.py
[2025-02-25T23:49:37.488+0000] {processor.py:914} INFO - Processing file /home/airflow/.local/lib/python3.12/site-packages/airflow/example_dags/example_python_operator.py for tasks to queue
[2025-02-25T23:49:37.489+0000] {logging_mixin.py:190} INFO - [2025-02-25T23:49:37.489+0000] {dagbag.py:588} INFO - Filling up the DagBag from /home/airflow/.local/lib/python3.12/site-packages/airflow/example_dags/example_python_operator.py
[2025-02-25T23:49:37.495+0000] {processor.py:925} INFO - DAG(s) 'example_python_operator' retrieved from /home/airflow/.local/lib/python3.12/site-packages/airflow/example_dags/example_python_operator.py
[2025-02-25T23:49:37.512+0000] {logging_mixin.py:190} INFO - [2025-02-25T23:49:37.512+0000] {dag.py:3239} INFO - Sync 1 DAGs
[2025-02-25T23:49:37.522+0000] {logging_mixin.py:190} INFO - [2025-02-25T23:49:37.522+0000] {dag.py:4180} INFO - Setting next_dagrun for example_python_operator to None, run_after=None
[2025-02-25T23:49:37.534+0000] {processor.py:208} INFO - Processing /home/airflow/.local/lib/python3.12/site-packages/airflow/example_dags/example_python_operator.py took 0.050 seconds
[2025-02-25T23:50:08.039+0000] {processor.py:186} INFO - Started process (PID=1072) to work on /home/airflow/.local/lib/python3.12/site-packages/airflow/example_dags/example_python_operator.py
[2025-02-25T23:50:08.040+0000] {processor.py:914} INFO - Processing file /home/airflow/.local/lib/python3.12/site-packages/airflow/example_dags/example_python_operator.py for tasks to queue
[2025-02-25T23:50:08.041+0000] {logging_mixin.py:190} INFO - [2025-02-25T23:50:08.041+0000] {dagbag.py:588} INFO - Filling up the DagBag from /home/airflow/.local/lib/python3.12/site-packages/airflow/example_dags/example_python_operator.py
[2025-02-25T23:50:08.048+0000] {processor.py:925} INFO - DAG(s) 'example_python_operator' retrieved from /home/airflow/.local/lib/python3.12/site-packages/airflow/example_dags/example_python_operator.py
[2025-02-25T23:50:08.061+0000] {logging_mixin.py:190} INFO - [2025-02-25T23:50:08.061+0000] {dag.py:3239} INFO - Sync 1 DAGs
[2025-02-25T23:50:08.069+0000] {logging_mixin.py:190} INFO - [2025-02-25T23:50:08.069+0000] {dag.py:4180} INFO - Setting next_dagrun for example_python_operator to None, run_after=None
[2025-02-25T23:50:08.080+0000] {processor.py:208} INFO - Processing /home/airflow/.local/lib/python3.12/site-packages/airflow/example_dags/example_python_operator.py took 0.045 seconds
[2025-02-25T23:50:38.523+0000] {processor.py:186} INFO - Started process (PID=1135) to work on /home/airflow/.local/lib/python3.12/site-packages/airflow/example_dags/example_python_operator.py
[2025-02-25T23:50:38.524+0000] {processor.py:914} INFO - Processing file /home/airflow/.local/lib/python3.12/site-packages/airflow/example_dags/example_python_operator.py for tasks to queue
[2025-02-25T23:50:38.525+0000] {logging_mixin.py:190} INFO - [2025-02-25T23:50:38.525+0000] {dagbag.py:588} INFO - Filling up the DagBag from /home/airflow/.local/lib/python3.12/site-packages/airflow/example_dags/example_python_operator.py
[2025-02-25T23:50:38.532+0000] {processor.py:925} INFO - DAG(s) 'example_python_operator' retrieved from /home/airflow/.local/lib/python3.12/site-packages/airflow/example_dags/example_python_operator.py
[2025-02-25T23:50:38.547+0000] {logging_mixin.py:190} INFO - [2025-02-25T23:50:38.546+0000] {dag.py:3239} INFO - Sync 1 DAGs
[2025-02-25T23:50:38.555+0000] {logging_mixin.py:190} INFO - [2025-02-25T23:50:38.555+0000] {dag.py:4180} INFO - Setting next_dagrun for example_python_operator to None, run_after=None
[2025-02-25T23:50:38.567+0000] {processor.py:208} INFO - Processing /home/airflow/.local/lib/python3.12/site-packages/airflow/example_dags/example_python_operator.py took 0.048 seconds
[2025-02-25T23:51:11.126+0000] {processor.py:186} INFO - Started process (PID=1199) to work on /home/airflow/.local/lib/python3.12/site-packages/airflow/example_dags/example_python_operator.py
[2025-02-25T23:51:11.127+0000] {processor.py:914} INFO - Processing file /home/airflow/.local/lib/python3.12/site-packages/airflow/example_dags/example_python_operator.py for tasks to queue
[2025-02-25T23:51:11.128+0000] {logging_mixin.py:190} INFO - [2025-02-25T23:51:11.128+0000] {dagbag.py:588} INFO - Filling up the DagBag from /home/airflow/.local/lib/python3.12/site-packages/airflow/example_dags/example_python_operator.py
[2025-02-25T23:51:11.135+0000] {processor.py:925} INFO - DAG(s) 'example_python_operator' retrieved from /home/airflow/.local/lib/python3.12/site-packages/airflow/example_dags/example_python_operator.py
[2025-02-25T23:51:11.148+0000] {logging_mixin.py:190} INFO - [2025-02-25T23:51:11.148+0000] {dag.py:3239} INFO - Sync 1 DAGs
[2025-02-25T23:51:11.157+0000] {logging_mixin.py:190} INFO - [2025-02-25T23:51:11.157+0000] {dag.py:4180} INFO - Setting next_dagrun for example_python_operator to None, run_after=None
[2025-02-25T23:51:11.168+0000] {processor.py:208} INFO - Processing /home/airflow/.local/lib/python3.12/site-packages/airflow/example_dags/example_python_operator.py took 0.045 seconds
[2025-02-25T23:51:41.774+0000] {processor.py:186} INFO - Started process (PID=1262) to work on /home/airflow/.local/lib/python3.12/site-packages/airflow/example_dags/example_python_operator.py
[2025-02-25T23:51:41.775+0000] {processor.py:914} INFO - Processing file /home/airflow/.local/lib/python3.12/site-packages/airflow/example_dags/example_python_operator.py for tasks to queue
[2025-02-25T23:51:41.777+0000] {logging_mixin.py:190} INFO - [2025-02-25T23:51:41.777+0000] {dagbag.py:588} INFO - Filling up the DagBag from /home/airflow/.local/lib/python3.12/site-packages/airflow/example_dags/example_python_operator.py
[2025-02-25T23:51:41.784+0000] {processor.py:925} INFO - DAG(s) 'example_python_operator' retrieved from /home/airflow/.local/lib/python3.12/site-packages/airflow/example_dags/example_python_operator.py
[2025-02-25T23:51:41.797+0000] {logging_mixin.py:190} INFO - [2025-02-25T23:51:41.797+0000] {dag.py:3239} INFO - Sync 1 DAGs
[2025-02-25T23:51:41.806+0000] {logging_mixin.py:190} INFO - [2025-02-25T23:51:41.806+0000] {dag.py:4180} INFO - Setting next_dagrun for example_python_operator to None, run_after=None
[2025-02-25T23:51:41.817+0000] {processor.py:208} INFO - Processing /home/airflow/.local/lib/python3.12/site-packages/airflow/example_dags/example_python_operator.py took 0.046 seconds
[2025-02-25T23:52:12.779+0000] {processor.py:186} INFO - Started process (PID=1325) to work on /home/airflow/.local/lib/python3.12/site-packages/airflow/example_dags/example_python_operator.py
[2025-02-25T23:52:12.780+0000] {processor.py:914} INFO - Processing file /home/airflow/.local/lib/python3.12/site-packages/airflow/example_dags/example_python_operator.py for tasks to queue
[2025-02-25T23:52:12.781+0000] {logging_mixin.py:190} INFO - [2025-02-25T23:52:12.781+0000] {dagbag.py:588} INFO - Filling up the DagBag from /home/airflow/.local/lib/python3.12/site-packages/airflow/example_dags/example_python_operator.py
[2025-02-25T23:52:12.788+0000] {processor.py:925} INFO - DAG(s) 'example_python_operator' retrieved from /home/airflow/.local/lib/python3.12/site-packages/airflow/example_dags/example_python_operator.py
[2025-02-25T23:52:12.801+0000] {logging_mixin.py:190} INFO - [2025-02-25T23:52:12.801+0000] {dag.py:3239} INFO - Sync 1 DAGs
[2025-02-25T23:52:12.808+0000] {logging_mixin.py:190} INFO - [2025-02-25T23:52:12.808+0000] {dag.py:4180} INFO - Setting next_dagrun for example_python_operator to None, run_after=None
[2025-02-25T23:52:12.818+0000] {processor.py:208} INFO - Processing /home/airflow/.local/lib/python3.12/site-packages/airflow/example_dags/example_python_operator.py took 0.042 seconds
[2025-02-25T23:52:43.841+0000] {processor.py:186} INFO - Started process (PID=1388) to work on /home/airflow/.local/lib/python3.12/site-packages/airflow/example_dags/example_python_operator.py
[2025-02-25T23:52:43.841+0000] {processor.py:914} INFO - Processing file /home/airflow/.local/lib/python3.12/site-packages/airflow/example_dags/example_python_operator.py for tasks to queue
[2025-02-25T23:52:43.843+0000] {logging_mixin.py:190} INFO - [2025-02-25T23:52:43.843+0000] {dagbag.py:588} INFO - Filling up the DagBag from /home/airflow/.local/lib/python3.12/site-packages/airflow/example_dags/example_python_operator.py
[2025-02-25T23:52:43.850+0000] {processor.py:925} INFO - DAG(s) 'example_python_operator' retrieved from /home/airflow/.local/lib/python3.12/site-packages/airflow/example_dags/example_python_operator.py
[2025-02-25T23:52:43.862+0000] {logging_mixin.py:190} INFO - [2025-02-25T23:52:43.862+0000] {dag.py:3239} INFO - Sync 1 DAGs
[2025-02-25T23:52:43.871+0000] {logging_mixin.py:190} INFO - [2025-02-25T23:52:43.870+0000] {dag.py:4180} INFO - Setting next_dagrun for example_python_operator to None, run_after=None
[2025-02-25T23:52:43.881+0000] {processor.py:208} INFO - Processing /home/airflow/.local/lib/python3.12/site-packages/airflow/example_dags/example_python_operator.py took 0.044 seconds
[2025-02-25T23:53:14.807+0000] {processor.py:186} INFO - Started process (PID=1452) to work on /home/airflow/.local/lib/python3.12/site-packages/airflow/example_dags/example_python_operator.py
[2025-02-25T23:53:14.808+0000] {processor.py:914} INFO - Processing file /home/airflow/.local/lib/python3.12/site-packages/airflow/example_dags/example_python_operator.py for tasks to queue
[2025-02-25T23:53:14.809+0000] {logging_mixin.py:190} INFO - [2025-02-25T23:53:14.809+0000] {dagbag.py:588} INFO - Filling up the DagBag from /home/airflow/.local/lib/python3.12/site-packages/airflow/example_dags/example_python_operator.py
[2025-02-25T23:53:14.816+0000] {processor.py:925} INFO - DAG(s) 'example_python_operator' retrieved from /home/airflow/.local/lib/python3.12/site-packages/airflow/example_dags/example_python_operator.py
[2025-02-25T23:53:14.828+0000] {logging_mixin.py:190} INFO - [2025-02-25T23:53:14.827+0000] {dag.py:3239} INFO - Sync 1 DAGs
[2025-02-25T23:53:14.835+0000] {logging_mixin.py:190} INFO - [2025-02-25T23:53:14.835+0000] {dag.py:4180} INFO - Setting next_dagrun for example_python_operator to None, run_after=None
[2025-02-25T23:53:14.845+0000] {processor.py:208} INFO - Processing /home/airflow/.local/lib/python3.12/site-packages/airflow/example_dags/example_python_operator.py took 0.041 seconds
[2025-02-25T23:53:45.771+0000] {processor.py:186} INFO - Started process (PID=1515) to work on /home/airflow/.local/lib/python3.12/site-packages/airflow/example_dags/example_python_operator.py
[2025-02-25T23:53:45.772+0000] {processor.py:914} INFO - Processing file /home/airflow/.local/lib/python3.12/site-packages/airflow/example_dags/example_python_operator.py for tasks to queue
[2025-02-25T23:53:45.773+0000] {logging_mixin.py:190} INFO - [2025-02-25T23:53:45.773+0000] {dagbag.py:588} INFO - Filling up the DagBag from /home/airflow/.local/lib/python3.12/site-packages/airflow/example_dags/example_python_operator.py
[2025-02-25T23:53:45.780+0000] {processor.py:925} INFO - DAG(s) 'example_python_operator' retrieved from /home/airflow/.local/lib/python3.12/site-packages/airflow/example_dags/example_python_operator.py
[2025-02-25T23:53:45.793+0000] {logging_mixin.py:190} INFO - [2025-02-25T23:53:45.792+0000] {dag.py:3239} INFO - Sync 1 DAGs
[2025-02-25T23:53:45.800+0000] {logging_mixin.py:190} INFO - [2025-02-25T23:53:45.800+0000] {dag.py:4180} INFO - Setting next_dagrun for example_python_operator to None, run_after=None
[2025-02-25T23:53:45.810+0000] {processor.py:208} INFO - Processing /home/airflow/.local/lib/python3.12/site-packages/airflow/example_dags/example_python_operator.py took 0.042 seconds
[2025-02-25T23:54:16.691+0000] {processor.py:186} INFO - Started process (PID=1578) to work on /home/airflow/.local/lib/python3.12/site-packages/airflow/example_dags/example_python_operator.py
[2025-02-25T23:54:16.692+0000] {processor.py:914} INFO - Processing file /home/airflow/.local/lib/python3.12/site-packages/airflow/example_dags/example_python_operator.py for tasks to queue
[2025-02-25T23:54:16.693+0000] {logging_mixin.py:190} INFO - [2025-02-25T23:54:16.693+0000] {dagbag.py:588} INFO - Filling up the DagBag from /home/airflow/.local/lib/python3.12/site-packages/airflow/example_dags/example_python_operator.py
[2025-02-25T23:54:16.700+0000] {processor.py:925} INFO - DAG(s) 'example_python_operator' retrieved from /home/airflow/.local/lib/python3.12/site-packages/airflow/example_dags/example_python_operator.py
[2025-02-25T23:54:16.713+0000] {logging_mixin.py:190} INFO - [2025-02-25T23:54:16.712+0000] {dag.py:3239} INFO - Sync 1 DAGs
[2025-02-25T23:54:16.721+0000] {logging_mixin.py:190} INFO - [2025-02-25T23:54:16.721+0000] {dag.py:4180} INFO - Setting next_dagrun for example_python_operator to None, run_after=None
[2025-02-25T23:54:16.732+0000] {processor.py:208} INFO - Processing /home/airflow/.local/lib/python3.12/site-packages/airflow/example_dags/example_python_operator.py took 0.044 seconds
[2025-02-25T23:54:47.732+0000] {processor.py:186} INFO - Started process (PID=1641) to work on /home/airflow/.local/lib/python3.12/site-packages/airflow/example_dags/example_python_operator.py
[2025-02-25T23:54:47.733+0000] {processor.py:914} INFO - Processing file /home/airflow/.local/lib/python3.12/site-packages/airflow/example_dags/example_python_operator.py for tasks to queue
[2025-02-25T23:54:47.734+0000] {logging_mixin.py:190} INFO - [2025-02-25T23:54:47.734+0000] {dagbag.py:588} INFO - Filling up the DagBag from /home/airflow/.local/lib/python3.12/site-packages/airflow/example_dags/example_python_operator.py
[2025-02-25T23:54:47.741+0000] {processor.py:925} INFO - DAG(s) 'example_python_operator' retrieved from /home/airflow/.local/lib/python3.12/site-packages/airflow/example_dags/example_python_operator.py
[2025-02-25T23:54:47.755+0000] {logging_mixin.py:190} INFO - [2025-02-25T23:54:47.755+0000] {dag.py:3239} INFO - Sync 1 DAGs
[2025-02-25T23:54:47.764+0000] {logging_mixin.py:190} INFO - [2025-02-25T23:54:47.764+0000] {dag.py:4180} INFO - Setting next_dagrun for example_python_operator to None, run_after=None
[2025-02-25T23:54:47.777+0000] {processor.py:208} INFO - Processing /home/airflow/.local/lib/python3.12/site-packages/airflow/example_dags/example_python_operator.py took 0.048 seconds
[2025-02-25T23:55:18.036+0000] {processor.py:186} INFO - Started process (PID=1704) to work on /home/airflow/.local/lib/python3.12/site-packages/airflow/example_dags/example_python_operator.py
[2025-02-25T23:55:18.036+0000] {processor.py:914} INFO - Processing file /home/airflow/.local/lib/python3.12/site-packages/airflow/example_dags/example_python_operator.py for tasks to queue
[2025-02-25T23:55:18.037+0000] {logging_mixin.py:190} INFO - [2025-02-25T23:55:18.037+0000] {dagbag.py:588} INFO - Filling up the DagBag from /home/airflow/.local/lib/python3.12/site-packages/airflow/example_dags/example_python_operator.py
[2025-02-25T23:55:18.044+0000] {processor.py:925} INFO - DAG(s) 'example_python_operator' retrieved from /home/airflow/.local/lib/python3.12/site-packages/airflow/example_dags/example_python_operator.py
[2025-02-25T23:55:18.058+0000] {logging_mixin.py:190} INFO - [2025-02-25T23:55:18.057+0000] {dag.py:3239} INFO - Sync 1 DAGs
[2025-02-25T23:55:18.066+0000] {logging_mixin.py:190} INFO - [2025-02-25T23:55:18.066+0000] {dag.py:4180} INFO - Setting next_dagrun for example_python_operator to None, run_after=None
[2025-02-25T23:55:18.077+0000] {processor.py:208} INFO - Processing /home/airflow/.local/lib/python3.12/site-packages/airflow/example_dags/example_python_operator.py took 0.045 seconds
[2025-02-25T23:55:51.879+0000] {processor.py:186} INFO - Started process (PID=1767) to work on /home/airflow/.local/lib/python3.12/site-packages/airflow/example_dags/example_python_operator.py
[2025-02-25T23:55:51.880+0000] {processor.py:914} INFO - Processing file /home/airflow/.local/lib/python3.12/site-packages/airflow/example_dags/example_python_operator.py for tasks to queue
[2025-02-25T23:55:51.882+0000] {logging_mixin.py:190} INFO - [2025-02-25T23:55:51.881+0000] {dagbag.py:588} INFO - Filling up the DagBag from /home/airflow/.local/lib/python3.12/site-packages/airflow/example_dags/example_python_operator.py
[2025-02-25T23:55:51.888+0000] {processor.py:925} INFO - DAG(s) 'example_python_operator' retrieved from /home/airflow/.local/lib/python3.12/site-packages/airflow/example_dags/example_python_operator.py
[2025-02-25T23:55:51.901+0000] {logging_mixin.py:190} INFO - [2025-02-25T23:55:51.901+0000] {dag.py:3239} INFO - Sync 1 DAGs
[2025-02-25T23:55:51.910+0000] {logging_mixin.py:190} INFO - [2025-02-25T23:55:51.910+0000] {dag.py:4180} INFO - Setting next_dagrun for example_python_operator to None, run_after=None
[2025-02-25T23:55:51.922+0000] {processor.py:208} INFO - Processing /home/airflow/.local/lib/python3.12/site-packages/airflow/example_dags/example_python_operator.py took 0.046 seconds
[2025-02-25T23:56:22.728+0000] {processor.py:186} INFO - Started process (PID=1830) to work on /home/airflow/.local/lib/python3.12/site-packages/airflow/example_dags/example_python_operator.py
[2025-02-25T23:56:22.729+0000] {processor.py:914} INFO - Processing file /home/airflow/.local/lib/python3.12/site-packages/airflow/example_dags/example_python_operator.py for tasks to queue
[2025-02-25T23:56:22.730+0000] {logging_mixin.py:190} INFO - [2025-02-25T23:56:22.730+0000] {dagbag.py:588} INFO - Filling up the DagBag from /home/airflow/.local/lib/python3.12/site-packages/airflow/example_dags/example_python_operator.py
[2025-02-25T23:56:22.736+0000] {processor.py:925} INFO - DAG(s) 'example_python_operator' retrieved from /home/airflow/.local/lib/python3.12/site-packages/airflow/example_dags/example_python_operator.py
[2025-02-25T23:56:22.750+0000] {logging_mixin.py:190} INFO - [2025-02-25T23:56:22.750+0000] {dag.py:3239} INFO - Sync 1 DAGs
[2025-02-25T23:56:22.759+0000] {logging_mixin.py:190} INFO - [2025-02-25T23:56:22.759+0000] {dag.py:4180} INFO - Setting next_dagrun for example_python_operator to None, run_after=None
[2025-02-25T23:56:22.770+0000] {processor.py:208} INFO - Processing /home/airflow/.local/lib/python3.12/site-packages/airflow/example_dags/example_python_operator.py took 0.045 seconds
[2025-02-25T23:56:52.801+0000] {processor.py:186} INFO - Started process (PID=1892) to work on /home/airflow/.local/lib/python3.12/site-packages/airflow/example_dags/example_python_operator.py
[2025-02-25T23:56:52.802+0000] {processor.py:914} INFO - Processing file /home/airflow/.local/lib/python3.12/site-packages/airflow/example_dags/example_python_operator.py for tasks to queue
[2025-02-25T23:56:52.803+0000] {logging_mixin.py:190} INFO - [2025-02-25T23:56:52.803+0000] {dagbag.py:588} INFO - Filling up the DagBag from /home/airflow/.local/lib/python3.12/site-packages/airflow/example_dags/example_python_operator.py
[2025-02-25T23:56:52.811+0000] {processor.py:925} INFO - DAG(s) 'example_python_operator' retrieved from /home/airflow/.local/lib/python3.12/site-packages/airflow/example_dags/example_python_operator.py
[2025-02-25T23:56:52.824+0000] {logging_mixin.py:190} INFO - [2025-02-25T23:56:52.824+0000] {dag.py:3239} INFO - Sync 1 DAGs
[2025-02-25T23:56:52.832+0000] {logging_mixin.py:190} INFO - [2025-02-25T23:56:52.832+0000] {dag.py:4180} INFO - Setting next_dagrun for example_python_operator to None, run_after=None
[2025-02-25T23:56:52.843+0000] {processor.py:208} INFO - Processing /home/airflow/.local/lib/python3.12/site-packages/airflow/example_dags/example_python_operator.py took 0.045 seconds
[2025-02-25T23:57:23.789+0000] {processor.py:186} INFO - Started process (PID=1950) to work on /home/airflow/.local/lib/python3.12/site-packages/airflow/example_dags/example_python_operator.py
[2025-02-25T23:57:23.790+0000] {processor.py:914} INFO - Processing file /home/airflow/.local/lib/python3.12/site-packages/airflow/example_dags/example_python_operator.py for tasks to queue
[2025-02-25T23:57:23.792+0000] {logging_mixin.py:190} INFO - [2025-02-25T23:57:23.791+0000] {dagbag.py:588} INFO - Filling up the DagBag from /home/airflow/.local/lib/python3.12/site-packages/airflow/example_dags/example_python_operator.py
[2025-02-25T23:57:23.798+0000] {processor.py:925} INFO - DAG(s) 'example_python_operator' retrieved from /home/airflow/.local/lib/python3.12/site-packages/airflow/example_dags/example_python_operator.py
[2025-02-25T23:57:23.811+0000] {logging_mixin.py:190} INFO - [2025-02-25T23:57:23.811+0000] {dag.py:3239} INFO - Sync 1 DAGs
[2025-02-25T23:57:23.819+0000] {logging_mixin.py:190} INFO - [2025-02-25T23:57:23.819+0000] {dag.py:4180} INFO - Setting next_dagrun for example_python_operator to None, run_after=None
[2025-02-25T23:57:23.830+0000] {processor.py:208} INFO - Processing /home/airflow/.local/lib/python3.12/site-packages/airflow/example_dags/example_python_operator.py took 0.044 seconds
[2025-02-25T23:57:55.583+0000] {processor.py:186} INFO - Started process (PID=2013) to work on /home/airflow/.local/lib/python3.12/site-packages/airflow/example_dags/example_python_operator.py
[2025-02-25T23:57:55.584+0000] {processor.py:914} INFO - Processing file /home/airflow/.local/lib/python3.12/site-packages/airflow/example_dags/example_python_operator.py for tasks to queue
[2025-02-25T23:57:55.585+0000] {logging_mixin.py:190} INFO - [2025-02-25T23:57:55.585+0000] {dagbag.py:588} INFO - Filling up the DagBag from /home/airflow/.local/lib/python3.12/site-packages/airflow/example_dags/example_python_operator.py
[2025-02-25T23:57:55.592+0000] {processor.py:925} INFO - DAG(s) 'example_python_operator' retrieved from /home/airflow/.local/lib/python3.12/site-packages/airflow/example_dags/example_python_operator.py
[2025-02-25T23:57:55.605+0000] {logging_mixin.py:190} INFO - [2025-02-25T23:57:55.605+0000] {dag.py:3239} INFO - Sync 1 DAGs
[2025-02-25T23:57:55.614+0000] {logging_mixin.py:190} INFO - [2025-02-25T23:57:55.614+0000] {dag.py:4180} INFO - Setting next_dagrun for example_python_operator to None, run_after=None
[2025-02-25T23:57:55.625+0000] {processor.py:208} INFO - Processing /home/airflow/.local/lib/python3.12/site-packages/airflow/example_dags/example_python_operator.py took 0.046 seconds
[2025-02-25T23:58:29.306+0000] {processor.py:186} INFO - Started process (PID=2076) to work on /home/airflow/.local/lib/python3.12/site-packages/airflow/example_dags/example_python_operator.py
[2025-02-25T23:58:29.307+0000] {processor.py:914} INFO - Processing file /home/airflow/.local/lib/python3.12/site-packages/airflow/example_dags/example_python_operator.py for tasks to queue
[2025-02-25T23:58:29.308+0000] {logging_mixin.py:190} INFO - [2025-02-25T23:58:29.308+0000] {dagbag.py:588} INFO - Filling up the DagBag from /home/airflow/.local/lib/python3.12/site-packages/airflow/example_dags/example_python_operator.py
[2025-02-25T23:58:29.315+0000] {processor.py:925} INFO - DAG(s) 'example_python_operator' retrieved from /home/airflow/.local/lib/python3.12/site-packages/airflow/example_dags/example_python_operator.py
[2025-02-25T23:58:29.328+0000] {logging_mixin.py:190} INFO - [2025-02-25T23:58:29.328+0000] {dag.py:3239} INFO - Sync 1 DAGs
[2025-02-25T23:58:29.336+0000] {logging_mixin.py:190} INFO - [2025-02-25T23:58:29.336+0000] {dag.py:4180} INFO - Setting next_dagrun for example_python_operator to None, run_after=None
[2025-02-25T23:58:29.346+0000] {processor.py:208} INFO - Processing /home/airflow/.local/lib/python3.12/site-packages/airflow/example_dags/example_python_operator.py took 0.043 seconds
[2025-02-25T23:59:00.032+0000] {processor.py:186} INFO - Started process (PID=2139) to work on /home/airflow/.local/lib/python3.12/site-packages/airflow/example_dags/example_python_operator.py
[2025-02-25T23:59:00.032+0000] {processor.py:914} INFO - Processing file /home/airflow/.local/lib/python3.12/site-packages/airflow/example_dags/example_python_operator.py for tasks to queue
[2025-02-25T23:59:00.034+0000] {logging_mixin.py:190} INFO - [2025-02-25T23:59:00.034+0000] {dagbag.py:588} INFO - Filling up the DagBag from /home/airflow/.local/lib/python3.12/site-packages/airflow/example_dags/example_python_operator.py
[2025-02-25T23:59:00.041+0000] {processor.py:925} INFO - DAG(s) 'example_python_operator' retrieved from /home/airflow/.local/lib/python3.12/site-packages/airflow/example_dags/example_python_operator.py
[2025-02-25T23:59:00.054+0000] {logging_mixin.py:190} INFO - [2025-02-25T23:59:00.053+0000] {dag.py:3239} INFO - Sync 1 DAGs
[2025-02-25T23:59:00.062+0000] {logging_mixin.py:190} INFO - [2025-02-25T23:59:00.062+0000] {dag.py:4180} INFO - Setting next_dagrun for example_python_operator to None, run_after=None
[2025-02-25T23:59:00.072+0000] {processor.py:208} INFO - Processing /home/airflow/.local/lib/python3.12/site-packages/airflow/example_dags/example_python_operator.py took 0.044 seconds
[2025-02-25T23:59:30.778+0000] {processor.py:186} INFO - Started process (PID=2202) to work on /home/airflow/.local/lib/python3.12/site-packages/airflow/example_dags/example_python_operator.py
[2025-02-25T23:59:30.779+0000] {processor.py:914} INFO - Processing file /home/airflow/.local/lib/python3.12/site-packages/airflow/example_dags/example_python_operator.py for tasks to queue
[2025-02-25T23:59:30.780+0000] {logging_mixin.py:190} INFO - [2025-02-25T23:59:30.780+0000] {dagbag.py:588} INFO - Filling up the DagBag from /home/airflow/.local/lib/python3.12/site-packages/airflow/example_dags/example_python_operator.py
[2025-02-25T23:59:30.787+0000] {processor.py:925} INFO - DAG(s) 'example_python_operator' retrieved from /home/airflow/.local/lib/python3.12/site-packages/airflow/example_dags/example_python_operator.py
[2025-02-25T23:59:30.800+0000] {logging_mixin.py:190} INFO - [2025-02-25T23:59:30.800+0000] {dag.py:3239} INFO - Sync 1 DAGs
[2025-02-25T23:59:30.808+0000] {logging_mixin.py:190} INFO - [2025-02-25T23:59:30.808+0000] {dag.py:4180} INFO - Setting next_dagrun for example_python_operator to None, run_after=None
[2025-02-25T23:59:30.818+0000] {processor.py:208} INFO - Processing /home/airflow/.local/lib/python3.12/site-packages/airflow/example_dags/example_python_operator.py took 0.044 seconds
