[2025-02-25T23:22:17.091+0000] {processor.py:186} INFO - Started process (PID=80) to work on /home/airflow/.local/lib/python3.12/site-packages/airflow/example_dags/example_branch_labels.py
[2025-02-25T23:22:17.091+0000] {processor.py:914} INFO - Processing file /home/airflow/.local/lib/python3.12/site-packages/airflow/example_dags/example_branch_labels.py for tasks to queue
[2025-02-25T23:22:17.092+0000] {logging_mixin.py:190} INFO - [2025-02-25T23:22:17.092+0000] {dagbag.py:588} INFO - Filling up the DagBag from /home/airflow/.local/lib/python3.12/site-packages/airflow/example_dags/example_branch_labels.py
[2025-02-25T23:22:17.098+0000] {processor.py:925} INFO - DAG(s) 'example_branch_labels' retrieved from /home/airflow/.local/lib/python3.12/site-packages/airflow/example_dags/example_branch_labels.py
[2025-02-25T23:22:17.155+0000] {logging_mixin.py:190} INFO - [2025-02-25T23:22:17.155+0000] {override.py:1912} INFO - Created Permission View: can edit on DAG:example_branch_labels
[2025-02-25T23:22:17.160+0000] {logging_mixin.py:190} INFO - [2025-02-25T23:22:17.160+0000] {override.py:1912} INFO - Created Permission View: can delete on DAG:example_branch_labels
[2025-02-25T23:22:17.168+0000] {logging_mixin.py:190} INFO - [2025-02-25T23:22:17.168+0000] {override.py:1912} INFO - Created Permission View: can read on DAG:example_branch_labels
[2025-02-25T23:22:17.172+0000] {logging_mixin.py:190} INFO - [2025-02-25T23:22:17.172+0000] {override.py:1912} INFO - Created Permission View: can delete on DAG Run:example_branch_labels
[2025-02-25T23:22:17.176+0000] {logging_mixin.py:190} INFO - [2025-02-25T23:22:17.176+0000] {override.py:1912} INFO - Created Permission View: can read on DAG Run:example_branch_labels
[2025-02-25T23:22:17.181+0000] {logging_mixin.py:190} INFO - [2025-02-25T23:22:17.181+0000] {override.py:1912} INFO - Created Permission View: menu access on DAG Run:example_branch_labels
[2025-02-25T23:22:17.185+0000] {logging_mixin.py:190} INFO - [2025-02-25T23:22:17.184+0000] {override.py:1912} INFO - Created Permission View: can create on DAG Run:example_branch_labels
[2025-02-25T23:22:17.185+0000] {logging_mixin.py:190} INFO - [2025-02-25T23:22:17.185+0000] {dag.py:3239} INFO - Sync 1 DAGs
[2025-02-25T23:22:17.192+0000] {logging_mixin.py:190} INFO - [2025-02-25T23:22:17.192+0000] {dag.py:3262} INFO - Creating ORM DAG for example_branch_labels
[2025-02-25T23:22:17.198+0000] {logging_mixin.py:190} INFO - [2025-02-25T23:22:17.198+0000] {dag.py:4180} INFO - Setting next_dagrun for example_branch_labels to 2025-02-24 00:00:00+00:00, run_after=2025-02-25 00:00:00+00:00
[2025-02-25T23:22:17.206+0000] {processor.py:208} INFO - Processing /home/airflow/.local/lib/python3.12/site-packages/airflow/example_dags/example_branch_labels.py took 0.118 seconds
[2025-02-25T23:22:47.511+0000] {processor.py:186} INFO - Started process (PID=142) to work on /home/airflow/.local/lib/python3.12/site-packages/airflow/example_dags/example_branch_labels.py
[2025-02-25T23:22:47.512+0000] {processor.py:914} INFO - Processing file /home/airflow/.local/lib/python3.12/site-packages/airflow/example_dags/example_branch_labels.py for tasks to queue
[2025-02-25T23:22:47.513+0000] {logging_mixin.py:190} INFO - [2025-02-25T23:22:47.513+0000] {dagbag.py:588} INFO - Filling up the DagBag from /home/airflow/.local/lib/python3.12/site-packages/airflow/example_dags/example_branch_labels.py
[2025-02-25T23:22:47.518+0000] {processor.py:925} INFO - DAG(s) 'example_branch_labels' retrieved from /home/airflow/.local/lib/python3.12/site-packages/airflow/example_dags/example_branch_labels.py
[2025-02-25T23:22:47.530+0000] {logging_mixin.py:190} INFO - [2025-02-25T23:22:47.530+0000] {dag.py:3239} INFO - Sync 1 DAGs
[2025-02-25T23:22:47.543+0000] {logging_mixin.py:190} INFO - [2025-02-25T23:22:47.543+0000] {dag.py:4180} INFO - Setting next_dagrun for example_branch_labels to 2025-02-24 00:00:00+00:00, run_after=2025-02-25 00:00:00+00:00
[2025-02-25T23:22:47.552+0000] {processor.py:208} INFO - Processing /home/airflow/.local/lib/python3.12/site-packages/airflow/example_dags/example_branch_labels.py took 0.044 seconds
[2025-02-25T23:23:18.524+0000] {processor.py:186} INFO - Started process (PID=206) to work on /home/airflow/.local/lib/python3.12/site-packages/airflow/example_dags/example_branch_labels.py
[2025-02-25T23:23:18.525+0000] {processor.py:914} INFO - Processing file /home/airflow/.local/lib/python3.12/site-packages/airflow/example_dags/example_branch_labels.py for tasks to queue
[2025-02-25T23:23:18.526+0000] {logging_mixin.py:190} INFO - [2025-02-25T23:23:18.526+0000] {dagbag.py:588} INFO - Filling up the DagBag from /home/airflow/.local/lib/python3.12/site-packages/airflow/example_dags/example_branch_labels.py
[2025-02-25T23:23:18.532+0000] {processor.py:925} INFO - DAG(s) 'example_branch_labels' retrieved from /home/airflow/.local/lib/python3.12/site-packages/airflow/example_dags/example_branch_labels.py
[2025-02-25T23:23:18.545+0000] {logging_mixin.py:190} INFO - [2025-02-25T23:23:18.545+0000] {dag.py:3239} INFO - Sync 1 DAGs
[2025-02-25T23:23:18.558+0000] {logging_mixin.py:190} INFO - [2025-02-25T23:23:18.558+0000] {dag.py:4180} INFO - Setting next_dagrun for example_branch_labels to 2025-02-24 00:00:00+00:00, run_after=2025-02-25 00:00:00+00:00
[2025-02-25T23:23:18.569+0000] {processor.py:208} INFO - Processing /home/airflow/.local/lib/python3.12/site-packages/airflow/example_dags/example_branch_labels.py took 0.048 seconds
[2025-02-25T23:23:49.378+0000] {processor.py:186} INFO - Started process (PID=269) to work on /home/airflow/.local/lib/python3.12/site-packages/airflow/example_dags/example_branch_labels.py
[2025-02-25T23:23:49.379+0000] {processor.py:914} INFO - Processing file /home/airflow/.local/lib/python3.12/site-packages/airflow/example_dags/example_branch_labels.py for tasks to queue
[2025-02-25T23:23:49.380+0000] {logging_mixin.py:190} INFO - [2025-02-25T23:23:49.380+0000] {dagbag.py:588} INFO - Filling up the DagBag from /home/airflow/.local/lib/python3.12/site-packages/airflow/example_dags/example_branch_labels.py
[2025-02-25T23:23:49.385+0000] {processor.py:925} INFO - DAG(s) 'example_branch_labels' retrieved from /home/airflow/.local/lib/python3.12/site-packages/airflow/example_dags/example_branch_labels.py
[2025-02-25T23:23:49.398+0000] {logging_mixin.py:190} INFO - [2025-02-25T23:23:49.398+0000] {dag.py:3239} INFO - Sync 1 DAGs
[2025-02-25T23:23:49.412+0000] {logging_mixin.py:190} INFO - [2025-02-25T23:23:49.412+0000] {dag.py:4180} INFO - Setting next_dagrun for example_branch_labels to 2025-02-24 00:00:00+00:00, run_after=2025-02-25 00:00:00+00:00
[2025-02-25T23:23:49.422+0000] {processor.py:208} INFO - Processing /home/airflow/.local/lib/python3.12/site-packages/airflow/example_dags/example_branch_labels.py took 0.047 seconds
[2025-02-25T23:24:20.258+0000] {processor.py:186} INFO - Started process (PID=332) to work on /home/airflow/.local/lib/python3.12/site-packages/airflow/example_dags/example_branch_labels.py
[2025-02-25T23:24:20.259+0000] {processor.py:914} INFO - Processing file /home/airflow/.local/lib/python3.12/site-packages/airflow/example_dags/example_branch_labels.py for tasks to queue
[2025-02-25T23:24:20.261+0000] {logging_mixin.py:190} INFO - [2025-02-25T23:24:20.260+0000] {dagbag.py:588} INFO - Filling up the DagBag from /home/airflow/.local/lib/python3.12/site-packages/airflow/example_dags/example_branch_labels.py
[2025-02-25T23:24:20.266+0000] {processor.py:925} INFO - DAG(s) 'example_branch_labels' retrieved from /home/airflow/.local/lib/python3.12/site-packages/airflow/example_dags/example_branch_labels.py
[2025-02-25T23:24:20.279+0000] {logging_mixin.py:190} INFO - [2025-02-25T23:24:20.279+0000] {dag.py:3239} INFO - Sync 1 DAGs
[2025-02-25T23:24:20.292+0000] {logging_mixin.py:190} INFO - [2025-02-25T23:24:20.292+0000] {dag.py:4180} INFO - Setting next_dagrun for example_branch_labels to 2025-02-24 00:00:00+00:00, run_after=2025-02-25 00:00:00+00:00
[2025-02-25T23:24:20.302+0000] {processor.py:208} INFO - Processing /home/airflow/.local/lib/python3.12/site-packages/airflow/example_dags/example_branch_labels.py took 0.047 seconds
[2025-02-25T23:24:50.960+0000] {processor.py:186} INFO - Started process (PID=395) to work on /home/airflow/.local/lib/python3.12/site-packages/airflow/example_dags/example_branch_labels.py
[2025-02-25T23:24:50.961+0000] {processor.py:914} INFO - Processing file /home/airflow/.local/lib/python3.12/site-packages/airflow/example_dags/example_branch_labels.py for tasks to queue
[2025-02-25T23:24:50.962+0000] {logging_mixin.py:190} INFO - [2025-02-25T23:24:50.962+0000] {dagbag.py:588} INFO - Filling up the DagBag from /home/airflow/.local/lib/python3.12/site-packages/airflow/example_dags/example_branch_labels.py
[2025-02-25T23:24:50.967+0000] {processor.py:925} INFO - DAG(s) 'example_branch_labels' retrieved from /home/airflow/.local/lib/python3.12/site-packages/airflow/example_dags/example_branch_labels.py
[2025-02-25T23:24:50.980+0000] {logging_mixin.py:190} INFO - [2025-02-25T23:24:50.980+0000] {dag.py:3239} INFO - Sync 1 DAGs
[2025-02-25T23:24:50.993+0000] {logging_mixin.py:190} INFO - [2025-02-25T23:24:50.993+0000] {dag.py:4180} INFO - Setting next_dagrun for example_branch_labels to 2025-02-24 00:00:00+00:00, run_after=2025-02-25 00:00:00+00:00
[2025-02-25T23:24:51.003+0000] {processor.py:208} INFO - Processing /home/airflow/.local/lib/python3.12/site-packages/airflow/example_dags/example_branch_labels.py took 0.045 seconds
[2025-02-25T23:25:22.776+0000] {processor.py:186} INFO - Started process (PID=458) to work on /home/airflow/.local/lib/python3.12/site-packages/airflow/example_dags/example_branch_labels.py
[2025-02-25T23:25:22.777+0000] {processor.py:914} INFO - Processing file /home/airflow/.local/lib/python3.12/site-packages/airflow/example_dags/example_branch_labels.py for tasks to queue
[2025-02-25T23:25:22.778+0000] {logging_mixin.py:190} INFO - [2025-02-25T23:25:22.778+0000] {dagbag.py:588} INFO - Filling up the DagBag from /home/airflow/.local/lib/python3.12/site-packages/airflow/example_dags/example_branch_labels.py
[2025-02-25T23:25:22.783+0000] {processor.py:925} INFO - DAG(s) 'example_branch_labels' retrieved from /home/airflow/.local/lib/python3.12/site-packages/airflow/example_dags/example_branch_labels.py
[2025-02-25T23:25:22.796+0000] {logging_mixin.py:190} INFO - [2025-02-25T23:25:22.796+0000] {dag.py:3239} INFO - Sync 1 DAGs
[2025-02-25T23:25:22.809+0000] {logging_mixin.py:190} INFO - [2025-02-25T23:25:22.809+0000] {dag.py:4180} INFO - Setting next_dagrun for example_branch_labels to 2025-02-24 00:00:00+00:00, run_after=2025-02-25 00:00:00+00:00
[2025-02-25T23:25:22.819+0000] {processor.py:208} INFO - Processing /home/airflow/.local/lib/python3.12/site-packages/airflow/example_dags/example_branch_labels.py took 0.045 seconds
[2025-02-25T23:25:56.996+0000] {processor.py:186} INFO - Started process (PID=521) to work on /home/airflow/.local/lib/python3.12/site-packages/airflow/example_dags/example_branch_labels.py
[2025-02-25T23:25:56.996+0000] {processor.py:914} INFO - Processing file /home/airflow/.local/lib/python3.12/site-packages/airflow/example_dags/example_branch_labels.py for tasks to queue
[2025-02-25T23:25:56.998+0000] {logging_mixin.py:190} INFO - [2025-02-25T23:25:56.998+0000] {dagbag.py:588} INFO - Filling up the DagBag from /home/airflow/.local/lib/python3.12/site-packages/airflow/example_dags/example_branch_labels.py
[2025-02-25T23:25:57.004+0000] {processor.py:925} INFO - DAG(s) 'example_branch_labels' retrieved from /home/airflow/.local/lib/python3.12/site-packages/airflow/example_dags/example_branch_labels.py
[2025-02-25T23:25:57.016+0000] {logging_mixin.py:190} INFO - [2025-02-25T23:25:57.016+0000] {dag.py:3239} INFO - Sync 1 DAGs
[2025-02-25T23:25:57.031+0000] {logging_mixin.py:190} INFO - [2025-02-25T23:25:57.030+0000] {dag.py:4180} INFO - Setting next_dagrun for example_branch_labels to 2025-02-24 00:00:00+00:00, run_after=2025-02-25 00:00:00+00:00
[2025-02-25T23:25:57.042+0000] {processor.py:208} INFO - Processing /home/airflow/.local/lib/python3.12/site-packages/airflow/example_dags/example_branch_labels.py took 0.049 seconds
[2025-02-25T23:26:27.799+0000] {processor.py:186} INFO - Started process (PID=584) to work on /home/airflow/.local/lib/python3.12/site-packages/airflow/example_dags/example_branch_labels.py
[2025-02-25T23:26:27.800+0000] {processor.py:914} INFO - Processing file /home/airflow/.local/lib/python3.12/site-packages/airflow/example_dags/example_branch_labels.py for tasks to queue
[2025-02-25T23:26:27.801+0000] {logging_mixin.py:190} INFO - [2025-02-25T23:26:27.801+0000] {dagbag.py:588} INFO - Filling up the DagBag from /home/airflow/.local/lib/python3.12/site-packages/airflow/example_dags/example_branch_labels.py
[2025-02-25T23:26:27.807+0000] {processor.py:925} INFO - DAG(s) 'example_branch_labels' retrieved from /home/airflow/.local/lib/python3.12/site-packages/airflow/example_dags/example_branch_labels.py
[2025-02-25T23:26:27.819+0000] {logging_mixin.py:190} INFO - [2025-02-25T23:26:27.819+0000] {dag.py:3239} INFO - Sync 1 DAGs
[2025-02-25T23:26:27.832+0000] {logging_mixin.py:190} INFO - [2025-02-25T23:26:27.832+0000] {dag.py:4180} INFO - Setting next_dagrun for example_branch_labels to 2025-02-24 00:00:00+00:00, run_after=2025-02-25 00:00:00+00:00
[2025-02-25T23:26:27.843+0000] {processor.py:208} INFO - Processing /home/airflow/.local/lib/python3.12/site-packages/airflow/example_dags/example_branch_labels.py took 0.047 seconds
[2025-02-25T23:26:58.342+0000] {processor.py:186} INFO - Started process (PID=647) to work on /home/airflow/.local/lib/python3.12/site-packages/airflow/example_dags/example_branch_labels.py
[2025-02-25T23:26:58.343+0000] {processor.py:914} INFO - Processing file /home/airflow/.local/lib/python3.12/site-packages/airflow/example_dags/example_branch_labels.py for tasks to queue
[2025-02-25T23:26:58.344+0000] {logging_mixin.py:190} INFO - [2025-02-25T23:26:58.344+0000] {dagbag.py:588} INFO - Filling up the DagBag from /home/airflow/.local/lib/python3.12/site-packages/airflow/example_dags/example_branch_labels.py
[2025-02-25T23:26:58.349+0000] {processor.py:925} INFO - DAG(s) 'example_branch_labels' retrieved from /home/airflow/.local/lib/python3.12/site-packages/airflow/example_dags/example_branch_labels.py
[2025-02-25T23:26:58.361+0000] {logging_mixin.py:190} INFO - [2025-02-25T23:26:58.361+0000] {dag.py:3239} INFO - Sync 1 DAGs
[2025-02-25T23:26:58.373+0000] {logging_mixin.py:190} INFO - [2025-02-25T23:26:58.373+0000] {dag.py:4180} INFO - Setting next_dagrun for example_branch_labels to 2025-02-24 00:00:00+00:00, run_after=2025-02-25 00:00:00+00:00
[2025-02-25T23:26:58.383+0000] {processor.py:208} INFO - Processing /home/airflow/.local/lib/python3.12/site-packages/airflow/example_dags/example_branch_labels.py took 0.044 seconds
[2025-02-25T23:27:29.011+0000] {processor.py:186} INFO - Started process (PID=710) to work on /home/airflow/.local/lib/python3.12/site-packages/airflow/example_dags/example_branch_labels.py
[2025-02-25T23:27:29.012+0000] {processor.py:914} INFO - Processing file /home/airflow/.local/lib/python3.12/site-packages/airflow/example_dags/example_branch_labels.py for tasks to queue
[2025-02-25T23:27:29.014+0000] {logging_mixin.py:190} INFO - [2025-02-25T23:27:29.014+0000] {dagbag.py:588} INFO - Filling up the DagBag from /home/airflow/.local/lib/python3.12/site-packages/airflow/example_dags/example_branch_labels.py
[2025-02-25T23:27:29.019+0000] {processor.py:925} INFO - DAG(s) 'example_branch_labels' retrieved from /home/airflow/.local/lib/python3.12/site-packages/airflow/example_dags/example_branch_labels.py
[2025-02-25T23:27:29.031+0000] {logging_mixin.py:190} INFO - [2025-02-25T23:27:29.031+0000] {dag.py:3239} INFO - Sync 1 DAGs
[2025-02-25T23:27:29.043+0000] {logging_mixin.py:190} INFO - [2025-02-25T23:27:29.043+0000] {dag.py:4180} INFO - Setting next_dagrun for example_branch_labels to 2025-02-24 00:00:00+00:00, run_after=2025-02-25 00:00:00+00:00
[2025-02-25T23:27:29.053+0000] {processor.py:208} INFO - Processing /home/airflow/.local/lib/python3.12/site-packages/airflow/example_dags/example_branch_labels.py took 0.045 seconds
[2025-02-25T23:27:59.895+0000] {processor.py:186} INFO - Started process (PID=773) to work on /home/airflow/.local/lib/python3.12/site-packages/airflow/example_dags/example_branch_labels.py
[2025-02-25T23:27:59.896+0000] {processor.py:914} INFO - Processing file /home/airflow/.local/lib/python3.12/site-packages/airflow/example_dags/example_branch_labels.py for tasks to queue
[2025-02-25T23:27:59.897+0000] {logging_mixin.py:190} INFO - [2025-02-25T23:27:59.897+0000] {dagbag.py:588} INFO - Filling up the DagBag from /home/airflow/.local/lib/python3.12/site-packages/airflow/example_dags/example_branch_labels.py
[2025-02-25T23:27:59.903+0000] {processor.py:925} INFO - DAG(s) 'example_branch_labels' retrieved from /home/airflow/.local/lib/python3.12/site-packages/airflow/example_dags/example_branch_labels.py
[2025-02-25T23:27:59.914+0000] {logging_mixin.py:190} INFO - [2025-02-25T23:27:59.914+0000] {dag.py:3239} INFO - Sync 1 DAGs
[2025-02-25T23:27:59.926+0000] {logging_mixin.py:190} INFO - [2025-02-25T23:27:59.926+0000] {dag.py:4180} INFO - Setting next_dagrun for example_branch_labels to 2025-02-24 00:00:00+00:00, run_after=2025-02-25 00:00:00+00:00
[2025-02-25T23:27:59.936+0000] {processor.py:208} INFO - Processing /home/airflow/.local/lib/python3.12/site-packages/airflow/example_dags/example_branch_labels.py took 0.045 seconds
[2025-02-25T23:28:30.872+0000] {processor.py:186} INFO - Started process (PID=830) to work on /home/airflow/.local/lib/python3.12/site-packages/airflow/example_dags/example_branch_labels.py
[2025-02-25T23:28:30.873+0000] {processor.py:914} INFO - Processing file /home/airflow/.local/lib/python3.12/site-packages/airflow/example_dags/example_branch_labels.py for tasks to queue
[2025-02-25T23:28:30.874+0000] {logging_mixin.py:190} INFO - [2025-02-25T23:28:30.874+0000] {dagbag.py:588} INFO - Filling up the DagBag from /home/airflow/.local/lib/python3.12/site-packages/airflow/example_dags/example_branch_labels.py
[2025-02-25T23:28:30.880+0000] {processor.py:925} INFO - DAG(s) 'example_branch_labels' retrieved from /home/airflow/.local/lib/python3.12/site-packages/airflow/example_dags/example_branch_labels.py
[2025-02-25T23:28:30.892+0000] {logging_mixin.py:190} INFO - [2025-02-25T23:28:30.892+0000] {dag.py:3239} INFO - Sync 1 DAGs
[2025-02-25T23:28:30.905+0000] {logging_mixin.py:190} INFO - [2025-02-25T23:28:30.905+0000] {dag.py:4180} INFO - Setting next_dagrun for example_branch_labels to 2025-02-24 00:00:00+00:00, run_after=2025-02-25 00:00:00+00:00
[2025-02-25T23:28:30.914+0000] {processor.py:208} INFO - Processing /home/airflow/.local/lib/python3.12/site-packages/airflow/example_dags/example_branch_labels.py took 0.045 seconds
[2025-02-25T23:29:01.467+0000] {processor.py:186} INFO - Started process (PID=893) to work on /home/airflow/.local/lib/python3.12/site-packages/airflow/example_dags/example_branch_labels.py
[2025-02-25T23:29:01.468+0000] {processor.py:914} INFO - Processing file /home/airflow/.local/lib/python3.12/site-packages/airflow/example_dags/example_branch_labels.py for tasks to queue
[2025-02-25T23:29:01.469+0000] {logging_mixin.py:190} INFO - [2025-02-25T23:29:01.469+0000] {dagbag.py:588} INFO - Filling up the DagBag from /home/airflow/.local/lib/python3.12/site-packages/airflow/example_dags/example_branch_labels.py
[2025-02-25T23:29:01.476+0000] {processor.py:925} INFO - DAG(s) 'example_branch_labels' retrieved from /home/airflow/.local/lib/python3.12/site-packages/airflow/example_dags/example_branch_labels.py
[2025-02-25T23:29:01.492+0000] {logging_mixin.py:190} INFO - [2025-02-25T23:29:01.491+0000] {dag.py:3239} INFO - Sync 1 DAGs
[2025-02-25T23:29:01.509+0000] {logging_mixin.py:190} INFO - [2025-02-25T23:29:01.509+0000] {dag.py:4180} INFO - Setting next_dagrun for example_branch_labels to 2025-02-24 00:00:00+00:00, run_after=2025-02-25 00:00:00+00:00
[2025-02-25T23:29:01.522+0000] {processor.py:208} INFO - Processing /home/airflow/.local/lib/python3.12/site-packages/airflow/example_dags/example_branch_labels.py took 0.060 seconds
[2025-02-25T23:29:31.728+0000] {processor.py:186} INFO - Started process (PID=956) to work on /home/airflow/.local/lib/python3.12/site-packages/airflow/example_dags/example_branch_labels.py
[2025-02-25T23:29:31.729+0000] {processor.py:914} INFO - Processing file /home/airflow/.local/lib/python3.12/site-packages/airflow/example_dags/example_branch_labels.py for tasks to queue
[2025-02-25T23:29:31.730+0000] {logging_mixin.py:190} INFO - [2025-02-25T23:29:31.730+0000] {dagbag.py:588} INFO - Filling up the DagBag from /home/airflow/.local/lib/python3.12/site-packages/airflow/example_dags/example_branch_labels.py
[2025-02-25T23:29:31.736+0000] {processor.py:925} INFO - DAG(s) 'example_branch_labels' retrieved from /home/airflow/.local/lib/python3.12/site-packages/airflow/example_dags/example_branch_labels.py
[2025-02-25T23:29:31.750+0000] {logging_mixin.py:190} INFO - [2025-02-25T23:29:31.750+0000] {dag.py:3239} INFO - Sync 1 DAGs
[2025-02-25T23:29:31.765+0000] {logging_mixin.py:190} INFO - [2025-02-25T23:29:31.765+0000] {dag.py:4180} INFO - Setting next_dagrun for example_branch_labels to 2025-02-24 00:00:00+00:00, run_after=2025-02-25 00:00:00+00:00
[2025-02-25T23:29:31.776+0000] {processor.py:208} INFO - Processing /home/airflow/.local/lib/python3.12/site-packages/airflow/example_dags/example_branch_labels.py took 0.052 seconds
[2025-02-25T23:30:07.496+0000] {processor.py:186} INFO - Started process (PID=1020) to work on /home/airflow/.local/lib/python3.12/site-packages/airflow/example_dags/example_branch_labels.py
[2025-02-25T23:30:07.496+0000] {processor.py:914} INFO - Processing file /home/airflow/.local/lib/python3.12/site-packages/airflow/example_dags/example_branch_labels.py for tasks to queue
[2025-02-25T23:30:07.498+0000] {logging_mixin.py:190} INFO - [2025-02-25T23:30:07.498+0000] {dagbag.py:588} INFO - Filling up the DagBag from /home/airflow/.local/lib/python3.12/site-packages/airflow/example_dags/example_branch_labels.py
[2025-02-25T23:30:07.504+0000] {processor.py:925} INFO - DAG(s) 'example_branch_labels' retrieved from /home/airflow/.local/lib/python3.12/site-packages/airflow/example_dags/example_branch_labels.py
[2025-02-25T23:30:07.518+0000] {logging_mixin.py:190} INFO - [2025-02-25T23:30:07.517+0000] {dag.py:3239} INFO - Sync 1 DAGs
[2025-02-25T23:30:07.533+0000] {logging_mixin.py:190} INFO - [2025-02-25T23:30:07.532+0000] {dag.py:4180} INFO - Setting next_dagrun for example_branch_labels to 2025-02-24 00:00:00+00:00, run_after=2025-02-25 00:00:00+00:00
[2025-02-25T23:30:07.545+0000] {processor.py:208} INFO - Processing /home/airflow/.local/lib/python3.12/site-packages/airflow/example_dags/example_branch_labels.py took 0.052 seconds
[2025-02-25T23:30:41.371+0000] {processor.py:186} INFO - Started process (PID=1083) to work on /home/airflow/.local/lib/python3.12/site-packages/airflow/example_dags/example_branch_labels.py
[2025-02-25T23:30:41.372+0000] {processor.py:914} INFO - Processing file /home/airflow/.local/lib/python3.12/site-packages/airflow/example_dags/example_branch_labels.py for tasks to queue
[2025-02-25T23:30:41.373+0000] {logging_mixin.py:190} INFO - [2025-02-25T23:30:41.373+0000] {dagbag.py:588} INFO - Filling up the DagBag from /home/airflow/.local/lib/python3.12/site-packages/airflow/example_dags/example_branch_labels.py
[2025-02-25T23:30:41.379+0000] {processor.py:925} INFO - DAG(s) 'example_branch_labels' retrieved from /home/airflow/.local/lib/python3.12/site-packages/airflow/example_dags/example_branch_labels.py
[2025-02-25T23:30:41.392+0000] {logging_mixin.py:190} INFO - [2025-02-25T23:30:41.392+0000] {dag.py:3239} INFO - Sync 1 DAGs
[2025-02-25T23:30:41.406+0000] {logging_mixin.py:190} INFO - [2025-02-25T23:30:41.406+0000] {dag.py:4180} INFO - Setting next_dagrun for example_branch_labels to 2025-02-24 00:00:00+00:00, run_after=2025-02-25 00:00:00+00:00
[2025-02-25T23:30:41.417+0000] {processor.py:208} INFO - Processing /home/airflow/.local/lib/python3.12/site-packages/airflow/example_dags/example_branch_labels.py took 0.049 seconds
[2025-02-25T23:31:11.948+0000] {processor.py:186} INFO - Started process (PID=1145) to work on /home/airflow/.local/lib/python3.12/site-packages/airflow/example_dags/example_branch_labels.py
[2025-02-25T23:31:11.949+0000] {processor.py:914} INFO - Processing file /home/airflow/.local/lib/python3.12/site-packages/airflow/example_dags/example_branch_labels.py for tasks to queue
[2025-02-25T23:31:11.950+0000] {logging_mixin.py:190} INFO - [2025-02-25T23:31:11.950+0000] {dagbag.py:588} INFO - Filling up the DagBag from /home/airflow/.local/lib/python3.12/site-packages/airflow/example_dags/example_branch_labels.py
[2025-02-25T23:31:11.956+0000] {processor.py:925} INFO - DAG(s) 'example_branch_labels' retrieved from /home/airflow/.local/lib/python3.12/site-packages/airflow/example_dags/example_branch_labels.py
[2025-02-25T23:31:11.969+0000] {logging_mixin.py:190} INFO - [2025-02-25T23:31:11.968+0000] {dag.py:3239} INFO - Sync 1 DAGs
[2025-02-25T23:31:11.982+0000] {logging_mixin.py:190} INFO - [2025-02-25T23:31:11.982+0000] {dag.py:4180} INFO - Setting next_dagrun for example_branch_labels to 2025-02-24 00:00:00+00:00, run_after=2025-02-25 00:00:00+00:00
[2025-02-25T23:31:11.994+0000] {processor.py:208} INFO - Processing /home/airflow/.local/lib/python3.12/site-packages/airflow/example_dags/example_branch_labels.py took 0.049 seconds
[2025-02-25T23:31:42.830+0000] {processor.py:186} INFO - Started process (PID=1208) to work on /home/airflow/.local/lib/python3.12/site-packages/airflow/example_dags/example_branch_labels.py
[2025-02-25T23:31:42.831+0000] {processor.py:914} INFO - Processing file /home/airflow/.local/lib/python3.12/site-packages/airflow/example_dags/example_branch_labels.py for tasks to queue
[2025-02-25T23:31:42.832+0000] {logging_mixin.py:190} INFO - [2025-02-25T23:31:42.832+0000] {dagbag.py:588} INFO - Filling up the DagBag from /home/airflow/.local/lib/python3.12/site-packages/airflow/example_dags/example_branch_labels.py
[2025-02-25T23:31:42.837+0000] {processor.py:925} INFO - DAG(s) 'example_branch_labels' retrieved from /home/airflow/.local/lib/python3.12/site-packages/airflow/example_dags/example_branch_labels.py
[2025-02-25T23:31:42.850+0000] {logging_mixin.py:190} INFO - [2025-02-25T23:31:42.850+0000] {dag.py:3239} INFO - Sync 1 DAGs
[2025-02-25T23:31:42.863+0000] {logging_mixin.py:190} INFO - [2025-02-25T23:31:42.863+0000] {dag.py:4180} INFO - Setting next_dagrun for example_branch_labels to 2025-02-24 00:00:00+00:00, run_after=2025-02-25 00:00:00+00:00
[2025-02-25T23:31:42.873+0000] {processor.py:208} INFO - Processing /home/airflow/.local/lib/python3.12/site-packages/airflow/example_dags/example_branch_labels.py took 0.047 seconds
[2025-02-25T23:32:13.640+0000] {processor.py:186} INFO - Started process (PID=1271) to work on /home/airflow/.local/lib/python3.12/site-packages/airflow/example_dags/example_branch_labels.py
[2025-02-25T23:32:13.641+0000] {processor.py:914} INFO - Processing file /home/airflow/.local/lib/python3.12/site-packages/airflow/example_dags/example_branch_labels.py for tasks to queue
[2025-02-25T23:32:13.643+0000] {logging_mixin.py:190} INFO - [2025-02-25T23:32:13.643+0000] {dagbag.py:588} INFO - Filling up the DagBag from /home/airflow/.local/lib/python3.12/site-packages/airflow/example_dags/example_branch_labels.py
[2025-02-25T23:32:13.650+0000] {processor.py:925} INFO - DAG(s) 'example_branch_labels' retrieved from /home/airflow/.local/lib/python3.12/site-packages/airflow/example_dags/example_branch_labels.py
[2025-02-25T23:32:13.665+0000] {logging_mixin.py:190} INFO - [2025-02-25T23:32:13.665+0000] {dag.py:3239} INFO - Sync 1 DAGs
[2025-02-25T23:32:13.679+0000] {logging_mixin.py:190} INFO - [2025-02-25T23:32:13.679+0000] {dag.py:4180} INFO - Setting next_dagrun for example_branch_labels to 2025-02-24 00:00:00+00:00, run_after=2025-02-25 00:00:00+00:00
[2025-02-25T23:32:13.691+0000] {processor.py:208} INFO - Processing /home/airflow/.local/lib/python3.12/site-packages/airflow/example_dags/example_branch_labels.py took 0.055 seconds
[2025-02-25T23:32:44.871+0000] {processor.py:186} INFO - Started process (PID=1335) to work on /home/airflow/.local/lib/python3.12/site-packages/airflow/example_dags/example_branch_labels.py
[2025-02-25T23:32:44.872+0000] {processor.py:914} INFO - Processing file /home/airflow/.local/lib/python3.12/site-packages/airflow/example_dags/example_branch_labels.py for tasks to queue
[2025-02-25T23:32:44.874+0000] {logging_mixin.py:190} INFO - [2025-02-25T23:32:44.873+0000] {dagbag.py:588} INFO - Filling up the DagBag from /home/airflow/.local/lib/python3.12/site-packages/airflow/example_dags/example_branch_labels.py
[2025-02-25T23:32:44.879+0000] {processor.py:925} INFO - DAG(s) 'example_branch_labels' retrieved from /home/airflow/.local/lib/python3.12/site-packages/airflow/example_dags/example_branch_labels.py
[2025-02-25T23:32:44.892+0000] {logging_mixin.py:190} INFO - [2025-02-25T23:32:44.892+0000] {dag.py:3239} INFO - Sync 1 DAGs
[2025-02-25T23:32:44.905+0000] {logging_mixin.py:190} INFO - [2025-02-25T23:32:44.905+0000] {dag.py:4180} INFO - Setting next_dagrun for example_branch_labels to 2025-02-24 00:00:00+00:00, run_after=2025-02-25 00:00:00+00:00
[2025-02-25T23:32:44.915+0000] {processor.py:208} INFO - Processing /home/airflow/.local/lib/python3.12/site-packages/airflow/example_dags/example_branch_labels.py took 0.047 seconds
[2025-02-25T23:33:18.517+0000] {processor.py:186} INFO - Started process (PID=1398) to work on /home/airflow/.local/lib/python3.12/site-packages/airflow/example_dags/example_branch_labels.py
[2025-02-25T23:33:18.517+0000] {processor.py:914} INFO - Processing file /home/airflow/.local/lib/python3.12/site-packages/airflow/example_dags/example_branch_labels.py for tasks to queue
[2025-02-25T23:33:18.518+0000] {logging_mixin.py:190} INFO - [2025-02-25T23:33:18.518+0000] {dagbag.py:588} INFO - Filling up the DagBag from /home/airflow/.local/lib/python3.12/site-packages/airflow/example_dags/example_branch_labels.py
[2025-02-25T23:33:18.524+0000] {processor.py:925} INFO - DAG(s) 'example_branch_labels' retrieved from /home/airflow/.local/lib/python3.12/site-packages/airflow/example_dags/example_branch_labels.py
[2025-02-25T23:33:18.536+0000] {logging_mixin.py:190} INFO - [2025-02-25T23:33:18.536+0000] {dag.py:3239} INFO - Sync 1 DAGs
[2025-02-25T23:33:18.549+0000] {logging_mixin.py:190} INFO - [2025-02-25T23:33:18.549+0000] {dag.py:4180} INFO - Setting next_dagrun for example_branch_labels to 2025-02-24 00:00:00+00:00, run_after=2025-02-25 00:00:00+00:00
[2025-02-25T23:33:18.558+0000] {processor.py:208} INFO - Processing /home/airflow/.local/lib/python3.12/site-packages/airflow/example_dags/example_branch_labels.py took 0.045 seconds
[2025-02-25T23:33:49.343+0000] {processor.py:186} INFO - Started process (PID=1461) to work on /home/airflow/.local/lib/python3.12/site-packages/airflow/example_dags/example_branch_labels.py
[2025-02-25T23:33:49.343+0000] {processor.py:914} INFO - Processing file /home/airflow/.local/lib/python3.12/site-packages/airflow/example_dags/example_branch_labels.py for tasks to queue
[2025-02-25T23:33:49.345+0000] {logging_mixin.py:190} INFO - [2025-02-25T23:33:49.345+0000] {dagbag.py:588} INFO - Filling up the DagBag from /home/airflow/.local/lib/python3.12/site-packages/airflow/example_dags/example_branch_labels.py
[2025-02-25T23:33:49.351+0000] {processor.py:925} INFO - DAG(s) 'example_branch_labels' retrieved from /home/airflow/.local/lib/python3.12/site-packages/airflow/example_dags/example_branch_labels.py
[2025-02-25T23:33:49.364+0000] {logging_mixin.py:190} INFO - [2025-02-25T23:33:49.364+0000] {dag.py:3239} INFO - Sync 1 DAGs
[2025-02-25T23:33:49.378+0000] {logging_mixin.py:190} INFO - [2025-02-25T23:33:49.378+0000] {dag.py:4180} INFO - Setting next_dagrun for example_branch_labels to 2025-02-24 00:00:00+00:00, run_after=2025-02-25 00:00:00+00:00
[2025-02-25T23:33:49.389+0000] {processor.py:208} INFO - Processing /home/airflow/.local/lib/python3.12/site-packages/airflow/example_dags/example_branch_labels.py took 0.050 seconds
[2025-02-25T23:34:20.275+0000] {processor.py:186} INFO - Started process (PID=1524) to work on /home/airflow/.local/lib/python3.12/site-packages/airflow/example_dags/example_branch_labels.py
[2025-02-25T23:34:20.277+0000] {processor.py:914} INFO - Processing file /home/airflow/.local/lib/python3.12/site-packages/airflow/example_dags/example_branch_labels.py for tasks to queue
[2025-02-25T23:34:20.278+0000] {logging_mixin.py:190} INFO - [2025-02-25T23:34:20.278+0000] {dagbag.py:588} INFO - Filling up the DagBag from /home/airflow/.local/lib/python3.12/site-packages/airflow/example_dags/example_branch_labels.py
[2025-02-25T23:34:20.283+0000] {processor.py:925} INFO - DAG(s) 'example_branch_labels' retrieved from /home/airflow/.local/lib/python3.12/site-packages/airflow/example_dags/example_branch_labels.py
[2025-02-25T23:34:20.295+0000] {logging_mixin.py:190} INFO - [2025-02-25T23:34:20.295+0000] {dag.py:3239} INFO - Sync 1 DAGs
[2025-02-25T23:34:20.307+0000] {logging_mixin.py:190} INFO - [2025-02-25T23:34:20.307+0000] {dag.py:4180} INFO - Setting next_dagrun for example_branch_labels to 2025-02-24 00:00:00+00:00, run_after=2025-02-25 00:00:00+00:00
[2025-02-25T23:34:20.318+0000] {processor.py:208} INFO - Processing /home/airflow/.local/lib/python3.12/site-packages/airflow/example_dags/example_branch_labels.py took 0.046 seconds
[2025-02-25T23:34:51.269+0000] {processor.py:186} INFO - Started process (PID=1587) to work on /home/airflow/.local/lib/python3.12/site-packages/airflow/example_dags/example_branch_labels.py
[2025-02-25T23:34:51.270+0000] {processor.py:914} INFO - Processing file /home/airflow/.local/lib/python3.12/site-packages/airflow/example_dags/example_branch_labels.py for tasks to queue
[2025-02-25T23:34:51.272+0000] {logging_mixin.py:190} INFO - [2025-02-25T23:34:51.271+0000] {dagbag.py:588} INFO - Filling up the DagBag from /home/airflow/.local/lib/python3.12/site-packages/airflow/example_dags/example_branch_labels.py
[2025-02-25T23:34:51.277+0000] {processor.py:925} INFO - DAG(s) 'example_branch_labels' retrieved from /home/airflow/.local/lib/python3.12/site-packages/airflow/example_dags/example_branch_labels.py
[2025-02-25T23:34:51.290+0000] {logging_mixin.py:190} INFO - [2025-02-25T23:34:51.290+0000] {dag.py:3239} INFO - Sync 1 DAGs
[2025-02-25T23:34:51.304+0000] {logging_mixin.py:190} INFO - [2025-02-25T23:34:51.304+0000] {dag.py:4180} INFO - Setting next_dagrun for example_branch_labels to 2025-02-24 00:00:00+00:00, run_after=2025-02-25 00:00:00+00:00
[2025-02-25T23:34:51.315+0000] {processor.py:208} INFO - Processing /home/airflow/.local/lib/python3.12/site-packages/airflow/example_dags/example_branch_labels.py took 0.049 seconds
[2025-02-25T23:35:22.156+0000] {processor.py:186} INFO - Started process (PID=1650) to work on /home/airflow/.local/lib/python3.12/site-packages/airflow/example_dags/example_branch_labels.py
[2025-02-25T23:35:22.157+0000] {processor.py:914} INFO - Processing file /home/airflow/.local/lib/python3.12/site-packages/airflow/example_dags/example_branch_labels.py for tasks to queue
[2025-02-25T23:35:22.159+0000] {logging_mixin.py:190} INFO - [2025-02-25T23:35:22.158+0000] {dagbag.py:588} INFO - Filling up the DagBag from /home/airflow/.local/lib/python3.12/site-packages/airflow/example_dags/example_branch_labels.py
[2025-02-25T23:35:22.164+0000] {processor.py:925} INFO - DAG(s) 'example_branch_labels' retrieved from /home/airflow/.local/lib/python3.12/site-packages/airflow/example_dags/example_branch_labels.py
[2025-02-25T23:35:22.176+0000] {logging_mixin.py:190} INFO - [2025-02-25T23:35:22.176+0000] {dag.py:3239} INFO - Sync 1 DAGs
[2025-02-25T23:35:22.189+0000] {logging_mixin.py:190} INFO - [2025-02-25T23:35:22.189+0000] {dag.py:4180} INFO - Setting next_dagrun for example_branch_labels to 2025-02-24 00:00:00+00:00, run_after=2025-02-25 00:00:00+00:00
[2025-02-25T23:35:22.199+0000] {processor.py:208} INFO - Processing /home/airflow/.local/lib/python3.12/site-packages/airflow/example_dags/example_branch_labels.py took 0.046 seconds
[2025-02-25T23:35:52.241+0000] {processor.py:186} INFO - Started process (PID=1712) to work on /home/airflow/.local/lib/python3.12/site-packages/airflow/example_dags/example_branch_labels.py
[2025-02-25T23:35:52.242+0000] {processor.py:914} INFO - Processing file /home/airflow/.local/lib/python3.12/site-packages/airflow/example_dags/example_branch_labels.py for tasks to queue
[2025-02-25T23:35:52.243+0000] {logging_mixin.py:190} INFO - [2025-02-25T23:35:52.243+0000] {dagbag.py:588} INFO - Filling up the DagBag from /home/airflow/.local/lib/python3.12/site-packages/airflow/example_dags/example_branch_labels.py
[2025-02-25T23:35:52.249+0000] {processor.py:925} INFO - DAG(s) 'example_branch_labels' retrieved from /home/airflow/.local/lib/python3.12/site-packages/airflow/example_dags/example_branch_labels.py
[2025-02-25T23:35:52.261+0000] {logging_mixin.py:190} INFO - [2025-02-25T23:35:52.261+0000] {dag.py:3239} INFO - Sync 1 DAGs
[2025-02-25T23:35:52.276+0000] {logging_mixin.py:190} INFO - [2025-02-25T23:35:52.275+0000] {dag.py:4180} INFO - Setting next_dagrun for example_branch_labels to 2025-02-24 00:00:00+00:00, run_after=2025-02-25 00:00:00+00:00
[2025-02-25T23:35:52.286+0000] {processor.py:208} INFO - Processing /home/airflow/.local/lib/python3.12/site-packages/airflow/example_dags/example_branch_labels.py took 0.049 seconds
[2025-02-25T23:36:22.328+0000] {processor.py:186} INFO - Started process (PID=1775) to work on /home/airflow/.local/lib/python3.12/site-packages/airflow/example_dags/example_branch_labels.py
[2025-02-25T23:36:22.328+0000] {processor.py:914} INFO - Processing file /home/airflow/.local/lib/python3.12/site-packages/airflow/example_dags/example_branch_labels.py for tasks to queue
[2025-02-25T23:36:22.330+0000] {logging_mixin.py:190} INFO - [2025-02-25T23:36:22.330+0000] {dagbag.py:588} INFO - Filling up the DagBag from /home/airflow/.local/lib/python3.12/site-packages/airflow/example_dags/example_branch_labels.py
[2025-02-25T23:36:22.336+0000] {processor.py:925} INFO - DAG(s) 'example_branch_labels' retrieved from /home/airflow/.local/lib/python3.12/site-packages/airflow/example_dags/example_branch_labels.py
[2025-02-25T23:36:22.348+0000] {logging_mixin.py:190} INFO - [2025-02-25T23:36:22.348+0000] {dag.py:3239} INFO - Sync 1 DAGs
[2025-02-25T23:36:22.362+0000] {logging_mixin.py:190} INFO - [2025-02-25T23:36:22.362+0000] {dag.py:4180} INFO - Setting next_dagrun for example_branch_labels to 2025-02-24 00:00:00+00:00, run_after=2025-02-25 00:00:00+00:00
[2025-02-25T23:36:22.372+0000] {processor.py:208} INFO - Processing /home/airflow/.local/lib/python3.12/site-packages/airflow/example_dags/example_branch_labels.py took 0.048 seconds
[2025-02-25T23:36:52.502+0000] {processor.py:186} INFO - Started process (PID=1838) to work on /home/airflow/.local/lib/python3.12/site-packages/airflow/example_dags/example_branch_labels.py
[2025-02-25T23:36:52.503+0000] {processor.py:914} INFO - Processing file /home/airflow/.local/lib/python3.12/site-packages/airflow/example_dags/example_branch_labels.py for tasks to queue
[2025-02-25T23:36:52.504+0000] {logging_mixin.py:190} INFO - [2025-02-25T23:36:52.504+0000] {dagbag.py:588} INFO - Filling up the DagBag from /home/airflow/.local/lib/python3.12/site-packages/airflow/example_dags/example_branch_labels.py
[2025-02-25T23:36:52.509+0000] {processor.py:925} INFO - DAG(s) 'example_branch_labels' retrieved from /home/airflow/.local/lib/python3.12/site-packages/airflow/example_dags/example_branch_labels.py
[2025-02-25T23:36:52.521+0000] {logging_mixin.py:190} INFO - [2025-02-25T23:36:52.521+0000] {dag.py:3239} INFO - Sync 1 DAGs
[2025-02-25T23:36:52.534+0000] {logging_mixin.py:190} INFO - [2025-02-25T23:36:52.534+0000] {dag.py:4180} INFO - Setting next_dagrun for example_branch_labels to 2025-02-24 00:00:00+00:00, run_after=2025-02-25 00:00:00+00:00
[2025-02-25T23:36:52.545+0000] {processor.py:208} INFO - Processing /home/airflow/.local/lib/python3.12/site-packages/airflow/example_dags/example_branch_labels.py took 0.046 seconds
[2025-02-25T23:37:26.913+0000] {processor.py:186} INFO - Started process (PID=1902) to work on /home/airflow/.local/lib/python3.12/site-packages/airflow/example_dags/example_branch_labels.py
[2025-02-25T23:37:26.913+0000] {processor.py:914} INFO - Processing file /home/airflow/.local/lib/python3.12/site-packages/airflow/example_dags/example_branch_labels.py for tasks to queue
[2025-02-25T23:37:26.915+0000] {logging_mixin.py:190} INFO - [2025-02-25T23:37:26.915+0000] {dagbag.py:588} INFO - Filling up the DagBag from /home/airflow/.local/lib/python3.12/site-packages/airflow/example_dags/example_branch_labels.py
[2025-02-25T23:37:26.921+0000] {processor.py:925} INFO - DAG(s) 'example_branch_labels' retrieved from /home/airflow/.local/lib/python3.12/site-packages/airflow/example_dags/example_branch_labels.py
[2025-02-25T23:37:26.933+0000] {logging_mixin.py:190} INFO - [2025-02-25T23:37:26.933+0000] {dag.py:3239} INFO - Sync 1 DAGs
[2025-02-25T23:37:26.947+0000] {logging_mixin.py:190} INFO - [2025-02-25T23:37:26.947+0000] {dag.py:4180} INFO - Setting next_dagrun for example_branch_labels to 2025-02-24 00:00:00+00:00, run_after=2025-02-25 00:00:00+00:00
[2025-02-25T23:37:26.957+0000] {processor.py:208} INFO - Processing /home/airflow/.local/lib/python3.12/site-packages/airflow/example_dags/example_branch_labels.py took 0.048 seconds
[2025-02-25T23:38:00.942+0000] {processor.py:186} INFO - Started process (PID=1965) to work on /home/airflow/.local/lib/python3.12/site-packages/airflow/example_dags/example_branch_labels.py
[2025-02-25T23:38:00.942+0000] {processor.py:914} INFO - Processing file /home/airflow/.local/lib/python3.12/site-packages/airflow/example_dags/example_branch_labels.py for tasks to queue
[2025-02-25T23:38:00.944+0000] {logging_mixin.py:190} INFO - [2025-02-25T23:38:00.944+0000] {dagbag.py:588} INFO - Filling up the DagBag from /home/airflow/.local/lib/python3.12/site-packages/airflow/example_dags/example_branch_labels.py
[2025-02-25T23:38:00.950+0000] {processor.py:925} INFO - DAG(s) 'example_branch_labels' retrieved from /home/airflow/.local/lib/python3.12/site-packages/airflow/example_dags/example_branch_labels.py
[2025-02-25T23:38:00.962+0000] {logging_mixin.py:190} INFO - [2025-02-25T23:38:00.962+0000] {dag.py:3239} INFO - Sync 1 DAGs
[2025-02-25T23:38:00.976+0000] {logging_mixin.py:190} INFO - [2025-02-25T23:38:00.976+0000] {dag.py:4180} INFO - Setting next_dagrun for example_branch_labels to 2025-02-24 00:00:00+00:00, run_after=2025-02-25 00:00:00+00:00
[2025-02-25T23:38:00.986+0000] {processor.py:208} INFO - Processing /home/airflow/.local/lib/python3.12/site-packages/airflow/example_dags/example_branch_labels.py took 0.048 seconds
[2025-02-25T23:38:31.729+0000] {processor.py:186} INFO - Started process (PID=2027) to work on /home/airflow/.local/lib/python3.12/site-packages/airflow/example_dags/example_branch_labels.py
[2025-02-25T23:38:31.730+0000] {processor.py:914} INFO - Processing file /home/airflow/.local/lib/python3.12/site-packages/airflow/example_dags/example_branch_labels.py for tasks to queue
[2025-02-25T23:38:31.732+0000] {logging_mixin.py:190} INFO - [2025-02-25T23:38:31.732+0000] {dagbag.py:588} INFO - Filling up the DagBag from /home/airflow/.local/lib/python3.12/site-packages/airflow/example_dags/example_branch_labels.py
[2025-02-25T23:38:31.738+0000] {processor.py:925} INFO - DAG(s) 'example_branch_labels' retrieved from /home/airflow/.local/lib/python3.12/site-packages/airflow/example_dags/example_branch_labels.py
[2025-02-25T23:38:31.751+0000] {logging_mixin.py:190} INFO - [2025-02-25T23:38:31.751+0000] {dag.py:3239} INFO - Sync 1 DAGs
[2025-02-25T23:38:31.763+0000] {logging_mixin.py:190} INFO - [2025-02-25T23:38:31.763+0000] {dag.py:4180} INFO - Setting next_dagrun for example_branch_labels to 2025-02-24 00:00:00+00:00, run_after=2025-02-25 00:00:00+00:00
[2025-02-25T23:38:31.774+0000] {processor.py:208} INFO - Processing /home/airflow/.local/lib/python3.12/site-packages/airflow/example_dags/example_branch_labels.py took 0.048 seconds
[2025-02-25T23:39:02.606+0000] {processor.py:186} INFO - Started process (PID=2090) to work on /home/airflow/.local/lib/python3.12/site-packages/airflow/example_dags/example_branch_labels.py
[2025-02-25T23:39:02.607+0000] {processor.py:914} INFO - Processing file /home/airflow/.local/lib/python3.12/site-packages/airflow/example_dags/example_branch_labels.py for tasks to queue
[2025-02-25T23:39:02.609+0000] {logging_mixin.py:190} INFO - [2025-02-25T23:39:02.608+0000] {dagbag.py:588} INFO - Filling up the DagBag from /home/airflow/.local/lib/python3.12/site-packages/airflow/example_dags/example_branch_labels.py
[2025-02-25T23:39:02.614+0000] {processor.py:925} INFO - DAG(s) 'example_branch_labels' retrieved from /home/airflow/.local/lib/python3.12/site-packages/airflow/example_dags/example_branch_labels.py
[2025-02-25T23:39:02.626+0000] {logging_mixin.py:190} INFO - [2025-02-25T23:39:02.626+0000] {dag.py:3239} INFO - Sync 1 DAGs
[2025-02-25T23:39:02.639+0000] {logging_mixin.py:190} INFO - [2025-02-25T23:39:02.639+0000] {dag.py:4180} INFO - Setting next_dagrun for example_branch_labels to 2025-02-24 00:00:00+00:00, run_after=2025-02-25 00:00:00+00:00
[2025-02-25T23:39:02.649+0000] {processor.py:208} INFO - Processing /home/airflow/.local/lib/python3.12/site-packages/airflow/example_dags/example_branch_labels.py took 0.046 seconds
[2025-02-25T23:39:33.595+0000] {processor.py:186} INFO - Started process (PID=2153) to work on /home/airflow/.local/lib/python3.12/site-packages/airflow/example_dags/example_branch_labels.py
[2025-02-25T23:39:33.595+0000] {processor.py:914} INFO - Processing file /home/airflow/.local/lib/python3.12/site-packages/airflow/example_dags/example_branch_labels.py for tasks to queue
[2025-02-25T23:39:33.597+0000] {logging_mixin.py:190} INFO - [2025-02-25T23:39:33.597+0000] {dagbag.py:588} INFO - Filling up the DagBag from /home/airflow/.local/lib/python3.12/site-packages/airflow/example_dags/example_branch_labels.py
[2025-02-25T23:39:33.602+0000] {processor.py:925} INFO - DAG(s) 'example_branch_labels' retrieved from /home/airflow/.local/lib/python3.12/site-packages/airflow/example_dags/example_branch_labels.py
[2025-02-25T23:39:33.615+0000] {logging_mixin.py:190} INFO - [2025-02-25T23:39:33.614+0000] {dag.py:3239} INFO - Sync 1 DAGs
[2025-02-25T23:39:33.628+0000] {logging_mixin.py:190} INFO - [2025-02-25T23:39:33.628+0000] {dag.py:4180} INFO - Setting next_dagrun for example_branch_labels to 2025-02-24 00:00:00+00:00, run_after=2025-02-25 00:00:00+00:00
[2025-02-25T23:39:33.639+0000] {processor.py:208} INFO - Processing /home/airflow/.local/lib/python3.12/site-packages/airflow/example_dags/example_branch_labels.py took 0.047 seconds
[2025-02-25T23:41:51.907+0000] {processor.py:186} INFO - Started process (PID=80) to work on /home/airflow/.local/lib/python3.12/site-packages/airflow/example_dags/example_branch_labels.py
[2025-02-25T23:41:51.907+0000] {processor.py:914} INFO - Processing file /home/airflow/.local/lib/python3.12/site-packages/airflow/example_dags/example_branch_labels.py for tasks to queue
[2025-02-25T23:41:51.909+0000] {logging_mixin.py:190} INFO - [2025-02-25T23:41:51.908+0000] {dagbag.py:588} INFO - Filling up the DagBag from /home/airflow/.local/lib/python3.12/site-packages/airflow/example_dags/example_branch_labels.py
[2025-02-25T23:41:51.914+0000] {processor.py:925} INFO - DAG(s) 'example_branch_labels' retrieved from /home/airflow/.local/lib/python3.12/site-packages/airflow/example_dags/example_branch_labels.py
[2025-02-25T23:41:51.976+0000] {logging_mixin.py:190} INFO - [2025-02-25T23:41:51.976+0000] {override.py:1912} INFO - Created Permission View: can edit on DAG:example_branch_labels
[2025-02-25T23:41:51.982+0000] {logging_mixin.py:190} INFO - [2025-02-25T23:41:51.982+0000] {override.py:1912} INFO - Created Permission View: can delete on DAG:example_branch_labels
[2025-02-25T23:41:51.985+0000] {logging_mixin.py:190} INFO - [2025-02-25T23:41:51.985+0000] {override.py:1912} INFO - Created Permission View: can read on DAG:example_branch_labels
[2025-02-25T23:41:51.989+0000] {logging_mixin.py:190} INFO - [2025-02-25T23:41:51.989+0000] {override.py:1912} INFO - Created Permission View: can create on DAG Run:example_branch_labels
[2025-02-25T23:41:51.993+0000] {logging_mixin.py:190} INFO - [2025-02-25T23:41:51.993+0000] {override.py:1912} INFO - Created Permission View: can delete on DAG Run:example_branch_labels
[2025-02-25T23:41:51.996+0000] {logging_mixin.py:190} INFO - [2025-02-25T23:41:51.996+0000] {override.py:1912} INFO - Created Permission View: can read on DAG Run:example_branch_labels
[2025-02-25T23:41:51.999+0000] {logging_mixin.py:190} INFO - [2025-02-25T23:41:51.999+0000] {override.py:1912} INFO - Created Permission View: menu access on DAG Run:example_branch_labels
[2025-02-25T23:41:52.000+0000] {logging_mixin.py:190} INFO - [2025-02-25T23:41:51.999+0000] {dag.py:3239} INFO - Sync 1 DAGs
[2025-02-25T23:41:52.013+0000] {logging_mixin.py:190} INFO - [2025-02-25T23:41:52.013+0000] {dag.py:3262} INFO - Creating ORM DAG for example_branch_labels
[2025-02-25T23:41:52.023+0000] {logging_mixin.py:190} INFO - [2025-02-25T23:41:52.022+0000] {dag.py:4180} INFO - Setting next_dagrun for example_branch_labels to 2025-02-24 00:00:00+00:00, run_after=2025-02-25 00:00:00+00:00
[2025-02-25T23:41:52.031+0000] {processor.py:208} INFO - Processing /home/airflow/.local/lib/python3.12/site-packages/airflow/example_dags/example_branch_labels.py took 0.127 seconds
[2025-02-25T23:42:24.609+0000] {processor.py:186} INFO - Started process (PID=143) to work on /home/airflow/.local/lib/python3.12/site-packages/airflow/example_dags/example_branch_labels.py
[2025-02-25T23:42:24.610+0000] {processor.py:914} INFO - Processing file /home/airflow/.local/lib/python3.12/site-packages/airflow/example_dags/example_branch_labels.py for tasks to queue
[2025-02-25T23:42:24.611+0000] {logging_mixin.py:190} INFO - [2025-02-25T23:42:24.611+0000] {dagbag.py:588} INFO - Filling up the DagBag from /home/airflow/.local/lib/python3.12/site-packages/airflow/example_dags/example_branch_labels.py
[2025-02-25T23:42:24.616+0000] {processor.py:925} INFO - DAG(s) 'example_branch_labels' retrieved from /home/airflow/.local/lib/python3.12/site-packages/airflow/example_dags/example_branch_labels.py
[2025-02-25T23:42:24.629+0000] {logging_mixin.py:190} INFO - [2025-02-25T23:42:24.629+0000] {dag.py:3239} INFO - Sync 1 DAGs
[2025-02-25T23:42:24.643+0000] {logging_mixin.py:190} INFO - [2025-02-25T23:42:24.643+0000] {dag.py:4180} INFO - Setting next_dagrun for example_branch_labels to 2025-02-24 00:00:00+00:00, run_after=2025-02-25 00:00:00+00:00
[2025-02-25T23:42:24.653+0000] {processor.py:208} INFO - Processing /home/airflow/.local/lib/python3.12/site-packages/airflow/example_dags/example_branch_labels.py took 0.047 seconds
[2025-02-25T23:42:58.413+0000] {processor.py:186} INFO - Started process (PID=206) to work on /home/airflow/.local/lib/python3.12/site-packages/airflow/example_dags/example_branch_labels.py
[2025-02-25T23:42:58.414+0000] {processor.py:914} INFO - Processing file /home/airflow/.local/lib/python3.12/site-packages/airflow/example_dags/example_branch_labels.py for tasks to queue
[2025-02-25T23:42:58.415+0000] {logging_mixin.py:190} INFO - [2025-02-25T23:42:58.415+0000] {dagbag.py:588} INFO - Filling up the DagBag from /home/airflow/.local/lib/python3.12/site-packages/airflow/example_dags/example_branch_labels.py
[2025-02-25T23:42:58.421+0000] {processor.py:925} INFO - DAG(s) 'example_branch_labels' retrieved from /home/airflow/.local/lib/python3.12/site-packages/airflow/example_dags/example_branch_labels.py
[2025-02-25T23:42:58.434+0000] {logging_mixin.py:190} INFO - [2025-02-25T23:42:58.433+0000] {dag.py:3239} INFO - Sync 1 DAGs
[2025-02-25T23:42:58.450+0000] {logging_mixin.py:190} INFO - [2025-02-25T23:42:58.449+0000] {dag.py:4180} INFO - Setting next_dagrun for example_branch_labels to 2025-02-24 00:00:00+00:00, run_after=2025-02-25 00:00:00+00:00
[2025-02-25T23:42:58.461+0000] {processor.py:208} INFO - Processing /home/airflow/.local/lib/python3.12/site-packages/airflow/example_dags/example_branch_labels.py took 0.051 seconds
[2025-02-25T23:43:29.397+0000] {processor.py:186} INFO - Started process (PID=269) to work on /home/airflow/.local/lib/python3.12/site-packages/airflow/example_dags/example_branch_labels.py
[2025-02-25T23:43:29.398+0000] {processor.py:914} INFO - Processing file /home/airflow/.local/lib/python3.12/site-packages/airflow/example_dags/example_branch_labels.py for tasks to queue
[2025-02-25T23:43:29.399+0000] {logging_mixin.py:190} INFO - [2025-02-25T23:43:29.399+0000] {dagbag.py:588} INFO - Filling up the DagBag from /home/airflow/.local/lib/python3.12/site-packages/airflow/example_dags/example_branch_labels.py
[2025-02-25T23:43:29.405+0000] {processor.py:925} INFO - DAG(s) 'example_branch_labels' retrieved from /home/airflow/.local/lib/python3.12/site-packages/airflow/example_dags/example_branch_labels.py
[2025-02-25T23:43:29.417+0000] {logging_mixin.py:190} INFO - [2025-02-25T23:43:29.417+0000] {dag.py:3239} INFO - Sync 1 DAGs
[2025-02-25T23:43:29.431+0000] {logging_mixin.py:190} INFO - [2025-02-25T23:43:29.431+0000] {dag.py:4180} INFO - Setting next_dagrun for example_branch_labels to 2025-02-24 00:00:00+00:00, run_after=2025-02-25 00:00:00+00:00
[2025-02-25T23:43:29.441+0000] {processor.py:208} INFO - Processing /home/airflow/.local/lib/python3.12/site-packages/airflow/example_dags/example_branch_labels.py took 0.047 seconds
[2025-02-25T23:44:00.180+0000] {processor.py:186} INFO - Started process (PID=331) to work on /home/airflow/.local/lib/python3.12/site-packages/airflow/example_dags/example_branch_labels.py
[2025-02-25T23:44:00.181+0000] {processor.py:914} INFO - Processing file /home/airflow/.local/lib/python3.12/site-packages/airflow/example_dags/example_branch_labels.py for tasks to queue
[2025-02-25T23:44:00.183+0000] {logging_mixin.py:190} INFO - [2025-02-25T23:44:00.182+0000] {dagbag.py:588} INFO - Filling up the DagBag from /home/airflow/.local/lib/python3.12/site-packages/airflow/example_dags/example_branch_labels.py
[2025-02-25T23:44:00.188+0000] {processor.py:925} INFO - DAG(s) 'example_branch_labels' retrieved from /home/airflow/.local/lib/python3.12/site-packages/airflow/example_dags/example_branch_labels.py
[2025-02-25T23:44:00.200+0000] {logging_mixin.py:190} INFO - [2025-02-25T23:44:00.200+0000] {dag.py:3239} INFO - Sync 1 DAGs
[2025-02-25T23:44:00.213+0000] {logging_mixin.py:190} INFO - [2025-02-25T23:44:00.212+0000] {dag.py:4180} INFO - Setting next_dagrun for example_branch_labels to 2025-02-24 00:00:00+00:00, run_after=2025-02-25 00:00:00+00:00
[2025-02-25T23:44:00.223+0000] {processor.py:208} INFO - Processing /home/airflow/.local/lib/python3.12/site-packages/airflow/example_dags/example_branch_labels.py took 0.046 seconds
[2025-02-25T23:44:30.932+0000] {processor.py:186} INFO - Started process (PID=394) to work on /home/airflow/.local/lib/python3.12/site-packages/airflow/example_dags/example_branch_labels.py
[2025-02-25T23:44:30.933+0000] {processor.py:914} INFO - Processing file /home/airflow/.local/lib/python3.12/site-packages/airflow/example_dags/example_branch_labels.py for tasks to queue
[2025-02-25T23:44:30.934+0000] {logging_mixin.py:190} INFO - [2025-02-25T23:44:30.934+0000] {dagbag.py:588} INFO - Filling up the DagBag from /home/airflow/.local/lib/python3.12/site-packages/airflow/example_dags/example_branch_labels.py
[2025-02-25T23:44:30.939+0000] {processor.py:925} INFO - DAG(s) 'example_branch_labels' retrieved from /home/airflow/.local/lib/python3.12/site-packages/airflow/example_dags/example_branch_labels.py
[2025-02-25T23:44:30.951+0000] {logging_mixin.py:190} INFO - [2025-02-25T23:44:30.951+0000] {dag.py:3239} INFO - Sync 1 DAGs
[2025-02-25T23:44:30.964+0000] {logging_mixin.py:190} INFO - [2025-02-25T23:44:30.964+0000] {dag.py:4180} INFO - Setting next_dagrun for example_branch_labels to 2025-02-24 00:00:00+00:00, run_after=2025-02-25 00:00:00+00:00
[2025-02-25T23:44:30.974+0000] {processor.py:208} INFO - Processing /home/airflow/.local/lib/python3.12/site-packages/airflow/example_dags/example_branch_labels.py took 0.046 seconds
[2025-02-25T23:45:01.731+0000] {processor.py:186} INFO - Started process (PID=458) to work on /home/airflow/.local/lib/python3.12/site-packages/airflow/example_dags/example_branch_labels.py
[2025-02-25T23:45:01.731+0000] {processor.py:914} INFO - Processing file /home/airflow/.local/lib/python3.12/site-packages/airflow/example_dags/example_branch_labels.py for tasks to queue
[2025-02-25T23:45:01.733+0000] {logging_mixin.py:190} INFO - [2025-02-25T23:45:01.733+0000] {dagbag.py:588} INFO - Filling up the DagBag from /home/airflow/.local/lib/python3.12/site-packages/airflow/example_dags/example_branch_labels.py
[2025-02-25T23:45:01.738+0000] {processor.py:925} INFO - DAG(s) 'example_branch_labels' retrieved from /home/airflow/.local/lib/python3.12/site-packages/airflow/example_dags/example_branch_labels.py
[2025-02-25T23:45:01.752+0000] {logging_mixin.py:190} INFO - [2025-02-25T23:45:01.752+0000] {dag.py:3239} INFO - Sync 1 DAGs
[2025-02-25T23:45:01.767+0000] {logging_mixin.py:190} INFO - [2025-02-25T23:45:01.767+0000] {dag.py:4180} INFO - Setting next_dagrun for example_branch_labels to 2025-02-24 00:00:00+00:00, run_after=2025-02-25 00:00:00+00:00
[2025-02-25T23:45:01.777+0000] {processor.py:208} INFO - Processing /home/airflow/.local/lib/python3.12/site-packages/airflow/example_dags/example_branch_labels.py took 0.050 seconds
[2025-02-25T23:45:32.550+0000] {processor.py:186} INFO - Started process (PID=521) to work on /home/airflow/.local/lib/python3.12/site-packages/airflow/example_dags/example_branch_labels.py
[2025-02-25T23:45:32.550+0000] {processor.py:914} INFO - Processing file /home/airflow/.local/lib/python3.12/site-packages/airflow/example_dags/example_branch_labels.py for tasks to queue
[2025-02-25T23:45:32.552+0000] {logging_mixin.py:190} INFO - [2025-02-25T23:45:32.551+0000] {dagbag.py:588} INFO - Filling up the DagBag from /home/airflow/.local/lib/python3.12/site-packages/airflow/example_dags/example_branch_labels.py
[2025-02-25T23:45:32.561+0000] {processor.py:925} INFO - DAG(s) 'example_branch_labels' retrieved from /home/airflow/.local/lib/python3.12/site-packages/airflow/example_dags/example_branch_labels.py
[2025-02-25T23:45:32.575+0000] {logging_mixin.py:190} INFO - [2025-02-25T23:45:32.575+0000] {dag.py:3239} INFO - Sync 1 DAGs
[2025-02-25T23:45:32.590+0000] {logging_mixin.py:190} INFO - [2025-02-25T23:45:32.590+0000] {dag.py:4180} INFO - Setting next_dagrun for example_branch_labels to 2025-02-24 00:00:00+00:00, run_after=2025-02-25 00:00:00+00:00
[2025-02-25T23:45:32.600+0000] {processor.py:208} INFO - Processing /home/airflow/.local/lib/python3.12/site-packages/airflow/example_dags/example_branch_labels.py took 0.054 seconds
[2025-02-25T23:46:03.284+0000] {processor.py:186} INFO - Started process (PID=584) to work on /home/airflow/.local/lib/python3.12/site-packages/airflow/example_dags/example_branch_labels.py
[2025-02-25T23:46:03.285+0000] {processor.py:914} INFO - Processing file /home/airflow/.local/lib/python3.12/site-packages/airflow/example_dags/example_branch_labels.py for tasks to queue
[2025-02-25T23:46:03.286+0000] {logging_mixin.py:190} INFO - [2025-02-25T23:46:03.286+0000] {dagbag.py:588} INFO - Filling up the DagBag from /home/airflow/.local/lib/python3.12/site-packages/airflow/example_dags/example_branch_labels.py
[2025-02-25T23:46:03.292+0000] {processor.py:925} INFO - DAG(s) 'example_branch_labels' retrieved from /home/airflow/.local/lib/python3.12/site-packages/airflow/example_dags/example_branch_labels.py
[2025-02-25T23:46:03.304+0000] {logging_mixin.py:190} INFO - [2025-02-25T23:46:03.304+0000] {dag.py:3239} INFO - Sync 1 DAGs
[2025-02-25T23:46:03.316+0000] {logging_mixin.py:190} INFO - [2025-02-25T23:46:03.316+0000] {dag.py:4180} INFO - Setting next_dagrun for example_branch_labels to 2025-02-24 00:00:00+00:00, run_after=2025-02-25 00:00:00+00:00
[2025-02-25T23:46:03.326+0000] {processor.py:208} INFO - Processing /home/airflow/.local/lib/python3.12/site-packages/airflow/example_dags/example_branch_labels.py took 0.045 seconds
[2025-02-25T23:46:34.070+0000] {processor.py:186} INFO - Started process (PID=646) to work on /home/airflow/.local/lib/python3.12/site-packages/airflow/example_dags/example_branch_labels.py
[2025-02-25T23:46:34.071+0000] {processor.py:914} INFO - Processing file /home/airflow/.local/lib/python3.12/site-packages/airflow/example_dags/example_branch_labels.py for tasks to queue
[2025-02-25T23:46:34.072+0000] {logging_mixin.py:190} INFO - [2025-02-25T23:46:34.072+0000] {dagbag.py:588} INFO - Filling up the DagBag from /home/airflow/.local/lib/python3.12/site-packages/airflow/example_dags/example_branch_labels.py
[2025-02-25T23:46:34.078+0000] {processor.py:925} INFO - DAG(s) 'example_branch_labels' retrieved from /home/airflow/.local/lib/python3.12/site-packages/airflow/example_dags/example_branch_labels.py
[2025-02-25T23:46:34.089+0000] {logging_mixin.py:190} INFO - [2025-02-25T23:46:34.089+0000] {dag.py:3239} INFO - Sync 1 DAGs
[2025-02-25T23:46:34.103+0000] {logging_mixin.py:190} INFO - [2025-02-25T23:46:34.103+0000] {dag.py:4180} INFO - Setting next_dagrun for example_branch_labels to 2025-02-24 00:00:00+00:00, run_after=2025-02-25 00:00:00+00:00
[2025-02-25T23:46:34.113+0000] {processor.py:208} INFO - Processing /home/airflow/.local/lib/python3.12/site-packages/airflow/example_dags/example_branch_labels.py took 0.047 seconds
[2025-02-25T23:47:04.837+0000] {processor.py:186} INFO - Started process (PID=710) to work on /home/airflow/.local/lib/python3.12/site-packages/airflow/example_dags/example_branch_labels.py
[2025-02-25T23:47:04.838+0000] {processor.py:914} INFO - Processing file /home/airflow/.local/lib/python3.12/site-packages/airflow/example_dags/example_branch_labels.py for tasks to queue
[2025-02-25T23:47:04.840+0000] {logging_mixin.py:190} INFO - [2025-02-25T23:47:04.840+0000] {dagbag.py:588} INFO - Filling up the DagBag from /home/airflow/.local/lib/python3.12/site-packages/airflow/example_dags/example_branch_labels.py
[2025-02-25T23:47:04.848+0000] {processor.py:925} INFO - DAG(s) 'example_branch_labels' retrieved from /home/airflow/.local/lib/python3.12/site-packages/airflow/example_dags/example_branch_labels.py
[2025-02-25T23:47:04.861+0000] {logging_mixin.py:190} INFO - [2025-02-25T23:47:04.861+0000] {dag.py:3239} INFO - Sync 1 DAGs
[2025-02-25T23:47:04.878+0000] {logging_mixin.py:190} INFO - [2025-02-25T23:47:04.877+0000] {dag.py:4180} INFO - Setting next_dagrun for example_branch_labels to 2025-02-24 00:00:00+00:00, run_after=2025-02-25 00:00:00+00:00
[2025-02-25T23:47:04.888+0000] {processor.py:208} INFO - Processing /home/airflow/.local/lib/python3.12/site-packages/airflow/example_dags/example_branch_labels.py took 0.055 seconds
[2025-02-25T23:47:35.643+0000] {processor.py:186} INFO - Started process (PID=773) to work on /home/airflow/.local/lib/python3.12/site-packages/airflow/example_dags/example_branch_labels.py
[2025-02-25T23:47:35.644+0000] {processor.py:914} INFO - Processing file /home/airflow/.local/lib/python3.12/site-packages/airflow/example_dags/example_branch_labels.py for tasks to queue
[2025-02-25T23:47:35.645+0000] {logging_mixin.py:190} INFO - [2025-02-25T23:47:35.645+0000] {dagbag.py:588} INFO - Filling up the DagBag from /home/airflow/.local/lib/python3.12/site-packages/airflow/example_dags/example_branch_labels.py
[2025-02-25T23:47:35.650+0000] {processor.py:925} INFO - DAG(s) 'example_branch_labels' retrieved from /home/airflow/.local/lib/python3.12/site-packages/airflow/example_dags/example_branch_labels.py
[2025-02-25T23:47:35.663+0000] {logging_mixin.py:190} INFO - [2025-02-25T23:47:35.663+0000] {dag.py:3239} INFO - Sync 1 DAGs
[2025-02-25T23:47:35.676+0000] {logging_mixin.py:190} INFO - [2025-02-25T23:47:35.676+0000] {dag.py:4180} INFO - Setting next_dagrun for example_branch_labels to 2025-02-24 00:00:00+00:00, run_after=2025-02-25 00:00:00+00:00
[2025-02-25T23:47:35.686+0000] {processor.py:208} INFO - Processing /home/airflow/.local/lib/python3.12/site-packages/airflow/example_dags/example_branch_labels.py took 0.047 seconds
[2025-02-25T23:48:06.560+0000] {processor.py:186} INFO - Started process (PID=836) to work on /home/airflow/.local/lib/python3.12/site-packages/airflow/example_dags/example_branch_labels.py
[2025-02-25T23:48:06.561+0000] {processor.py:914} INFO - Processing file /home/airflow/.local/lib/python3.12/site-packages/airflow/example_dags/example_branch_labels.py for tasks to queue
[2025-02-25T23:48:06.562+0000] {logging_mixin.py:190} INFO - [2025-02-25T23:48:06.562+0000] {dagbag.py:588} INFO - Filling up the DagBag from /home/airflow/.local/lib/python3.12/site-packages/airflow/example_dags/example_branch_labels.py
[2025-02-25T23:48:06.568+0000] {processor.py:925} INFO - DAG(s) 'example_branch_labels' retrieved from /home/airflow/.local/lib/python3.12/site-packages/airflow/example_dags/example_branch_labels.py
[2025-02-25T23:48:06.581+0000] {logging_mixin.py:190} INFO - [2025-02-25T23:48:06.580+0000] {dag.py:3239} INFO - Sync 1 DAGs
[2025-02-25T23:48:06.594+0000] {logging_mixin.py:190} INFO - [2025-02-25T23:48:06.593+0000] {dag.py:4180} INFO - Setting next_dagrun for example_branch_labels to 2025-02-24 00:00:00+00:00, run_after=2025-02-25 00:00:00+00:00
[2025-02-25T23:48:06.605+0000] {processor.py:208} INFO - Processing /home/airflow/.local/lib/python3.12/site-packages/airflow/example_dags/example_branch_labels.py took 0.048 seconds
[2025-02-25T23:48:37.342+0000] {processor.py:186} INFO - Started process (PID=893) to work on /home/airflow/.local/lib/python3.12/site-packages/airflow/example_dags/example_branch_labels.py
[2025-02-25T23:48:37.344+0000] {processor.py:914} INFO - Processing file /home/airflow/.local/lib/python3.12/site-packages/airflow/example_dags/example_branch_labels.py for tasks to queue
[2025-02-25T23:48:37.345+0000] {logging_mixin.py:190} INFO - [2025-02-25T23:48:37.345+0000] {dagbag.py:588} INFO - Filling up the DagBag from /home/airflow/.local/lib/python3.12/site-packages/airflow/example_dags/example_branch_labels.py
[2025-02-25T23:48:37.352+0000] {processor.py:925} INFO - DAG(s) 'example_branch_labels' retrieved from /home/airflow/.local/lib/python3.12/site-packages/airflow/example_dags/example_branch_labels.py
[2025-02-25T23:48:37.366+0000] {logging_mixin.py:190} INFO - [2025-02-25T23:48:37.366+0000] {dag.py:3239} INFO - Sync 1 DAGs
[2025-02-25T23:48:37.382+0000] {logging_mixin.py:190} INFO - [2025-02-25T23:48:37.381+0000] {dag.py:4180} INFO - Setting next_dagrun for example_branch_labels to 2025-02-24 00:00:00+00:00, run_after=2025-02-25 00:00:00+00:00
[2025-02-25T23:48:37.393+0000] {processor.py:208} INFO - Processing /home/airflow/.local/lib/python3.12/site-packages/airflow/example_dags/example_branch_labels.py took 0.055 seconds
[2025-02-25T23:49:07.488+0000] {processor.py:186} INFO - Started process (PID=955) to work on /home/airflow/.local/lib/python3.12/site-packages/airflow/example_dags/example_branch_labels.py
[2025-02-25T23:49:07.488+0000] {processor.py:914} INFO - Processing file /home/airflow/.local/lib/python3.12/site-packages/airflow/example_dags/example_branch_labels.py for tasks to queue
[2025-02-25T23:49:07.490+0000] {logging_mixin.py:190} INFO - [2025-02-25T23:49:07.490+0000] {dagbag.py:588} INFO - Filling up the DagBag from /home/airflow/.local/lib/python3.12/site-packages/airflow/example_dags/example_branch_labels.py
[2025-02-25T23:49:07.496+0000] {processor.py:925} INFO - DAG(s) 'example_branch_labels' retrieved from /home/airflow/.local/lib/python3.12/site-packages/airflow/example_dags/example_branch_labels.py
[2025-02-25T23:49:07.508+0000] {logging_mixin.py:190} INFO - [2025-02-25T23:49:07.508+0000] {dag.py:3239} INFO - Sync 1 DAGs
[2025-02-25T23:49:07.521+0000] {logging_mixin.py:190} INFO - [2025-02-25T23:49:07.521+0000] {dag.py:4180} INFO - Setting next_dagrun for example_branch_labels to 2025-02-24 00:00:00+00:00, run_after=2025-02-25 00:00:00+00:00
[2025-02-25T23:49:07.531+0000] {processor.py:208} INFO - Processing /home/airflow/.local/lib/python3.12/site-packages/airflow/example_dags/example_branch_labels.py took 0.047 seconds
[2025-02-25T23:49:37.919+0000] {processor.py:186} INFO - Started process (PID=1018) to work on /home/airflow/.local/lib/python3.12/site-packages/airflow/example_dags/example_branch_labels.py
[2025-02-25T23:49:37.919+0000] {processor.py:914} INFO - Processing file /home/airflow/.local/lib/python3.12/site-packages/airflow/example_dags/example_branch_labels.py for tasks to queue
[2025-02-25T23:49:37.921+0000] {logging_mixin.py:190} INFO - [2025-02-25T23:49:37.921+0000] {dagbag.py:588} INFO - Filling up the DagBag from /home/airflow/.local/lib/python3.12/site-packages/airflow/example_dags/example_branch_labels.py
[2025-02-25T23:49:37.926+0000] {processor.py:925} INFO - DAG(s) 'example_branch_labels' retrieved from /home/airflow/.local/lib/python3.12/site-packages/airflow/example_dags/example_branch_labels.py
[2025-02-25T23:49:37.939+0000] {logging_mixin.py:190} INFO - [2025-02-25T23:49:37.939+0000] {dag.py:3239} INFO - Sync 1 DAGs
[2025-02-25T23:49:37.953+0000] {logging_mixin.py:190} INFO - [2025-02-25T23:49:37.953+0000] {dag.py:4180} INFO - Setting next_dagrun for example_branch_labels to 2025-02-24 00:00:00+00:00, run_after=2025-02-25 00:00:00+00:00
[2025-02-25T23:49:37.963+0000] {processor.py:208} INFO - Processing /home/airflow/.local/lib/python3.12/site-packages/airflow/example_dags/example_branch_labels.py took 0.048 seconds
[2025-02-25T23:50:08.506+0000] {processor.py:186} INFO - Started process (PID=1081) to work on /home/airflow/.local/lib/python3.12/site-packages/airflow/example_dags/example_branch_labels.py
[2025-02-25T23:50:08.507+0000] {processor.py:914} INFO - Processing file /home/airflow/.local/lib/python3.12/site-packages/airflow/example_dags/example_branch_labels.py for tasks to queue
[2025-02-25T23:50:08.508+0000] {logging_mixin.py:190} INFO - [2025-02-25T23:50:08.508+0000] {dagbag.py:588} INFO - Filling up the DagBag from /home/airflow/.local/lib/python3.12/site-packages/airflow/example_dags/example_branch_labels.py
[2025-02-25T23:50:08.514+0000] {processor.py:925} INFO - DAG(s) 'example_branch_labels' retrieved from /home/airflow/.local/lib/python3.12/site-packages/airflow/example_dags/example_branch_labels.py
[2025-02-25T23:50:08.526+0000] {logging_mixin.py:190} INFO - [2025-02-25T23:50:08.526+0000] {dag.py:3239} INFO - Sync 1 DAGs
[2025-02-25T23:50:08.539+0000] {logging_mixin.py:190} INFO - [2025-02-25T23:50:08.539+0000] {dag.py:4180} INFO - Setting next_dagrun for example_branch_labels to 2025-02-24 00:00:00+00:00, run_after=2025-02-25 00:00:00+00:00
[2025-02-25T23:50:08.550+0000] {processor.py:208} INFO - Processing /home/airflow/.local/lib/python3.12/site-packages/airflow/example_dags/example_branch_labels.py took 0.046 seconds
[2025-02-25T23:50:38.977+0000] {processor.py:186} INFO - Started process (PID=1144) to work on /home/airflow/.local/lib/python3.12/site-packages/airflow/example_dags/example_branch_labels.py
[2025-02-25T23:50:38.978+0000] {processor.py:914} INFO - Processing file /home/airflow/.local/lib/python3.12/site-packages/airflow/example_dags/example_branch_labels.py for tasks to queue
[2025-02-25T23:50:38.979+0000] {logging_mixin.py:190} INFO - [2025-02-25T23:50:38.979+0000] {dagbag.py:588} INFO - Filling up the DagBag from /home/airflow/.local/lib/python3.12/site-packages/airflow/example_dags/example_branch_labels.py
[2025-02-25T23:50:38.985+0000] {processor.py:925} INFO - DAG(s) 'example_branch_labels' retrieved from /home/airflow/.local/lib/python3.12/site-packages/airflow/example_dags/example_branch_labels.py
[2025-02-25T23:50:38.997+0000] {logging_mixin.py:190} INFO - [2025-02-25T23:50:38.997+0000] {dag.py:3239} INFO - Sync 1 DAGs
[2025-02-25T23:50:39.010+0000] {logging_mixin.py:190} INFO - [2025-02-25T23:50:39.010+0000] {dag.py:4180} INFO - Setting next_dagrun for example_branch_labels to 2025-02-24 00:00:00+00:00, run_after=2025-02-25 00:00:00+00:00
[2025-02-25T23:50:39.019+0000] {processor.py:208} INFO - Processing /home/airflow/.local/lib/python3.12/site-packages/airflow/example_dags/example_branch_labels.py took 0.045 seconds
[2025-02-25T23:51:11.569+0000] {processor.py:186} INFO - Started process (PID=1208) to work on /home/airflow/.local/lib/python3.12/site-packages/airflow/example_dags/example_branch_labels.py
[2025-02-25T23:51:11.570+0000] {processor.py:914} INFO - Processing file /home/airflow/.local/lib/python3.12/site-packages/airflow/example_dags/example_branch_labels.py for tasks to queue
[2025-02-25T23:51:11.571+0000] {logging_mixin.py:190} INFO - [2025-02-25T23:51:11.571+0000] {dagbag.py:588} INFO - Filling up the DagBag from /home/airflow/.local/lib/python3.12/site-packages/airflow/example_dags/example_branch_labels.py
[2025-02-25T23:51:11.577+0000] {processor.py:925} INFO - DAG(s) 'example_branch_labels' retrieved from /home/airflow/.local/lib/python3.12/site-packages/airflow/example_dags/example_branch_labels.py
[2025-02-25T23:51:11.589+0000] {logging_mixin.py:190} INFO - [2025-02-25T23:51:11.589+0000] {dag.py:3239} INFO - Sync 1 DAGs
[2025-02-25T23:51:11.602+0000] {logging_mixin.py:190} INFO - [2025-02-25T23:51:11.602+0000] {dag.py:4180} INFO - Setting next_dagrun for example_branch_labels to 2025-02-24 00:00:00+00:00, run_after=2025-02-25 00:00:00+00:00
[2025-02-25T23:51:11.613+0000] {processor.py:208} INFO - Processing /home/airflow/.local/lib/python3.12/site-packages/airflow/example_dags/example_branch_labels.py took 0.047 seconds
[2025-02-25T23:51:42.162+0000] {processor.py:186} INFO - Started process (PID=1271) to work on /home/airflow/.local/lib/python3.12/site-packages/airflow/example_dags/example_branch_labels.py
[2025-02-25T23:51:42.163+0000] {processor.py:914} INFO - Processing file /home/airflow/.local/lib/python3.12/site-packages/airflow/example_dags/example_branch_labels.py for tasks to queue
[2025-02-25T23:51:42.164+0000] {logging_mixin.py:190} INFO - [2025-02-25T23:51:42.164+0000] {dagbag.py:588} INFO - Filling up the DagBag from /home/airflow/.local/lib/python3.12/site-packages/airflow/example_dags/example_branch_labels.py
[2025-02-25T23:51:42.170+0000] {processor.py:925} INFO - DAG(s) 'example_branch_labels' retrieved from /home/airflow/.local/lib/python3.12/site-packages/airflow/example_dags/example_branch_labels.py
[2025-02-25T23:51:42.184+0000] {logging_mixin.py:190} INFO - [2025-02-25T23:51:42.184+0000] {dag.py:3239} INFO - Sync 1 DAGs
[2025-02-25T23:51:42.198+0000] {logging_mixin.py:190} INFO - [2025-02-25T23:51:42.198+0000] {dag.py:4180} INFO - Setting next_dagrun for example_branch_labels to 2025-02-24 00:00:00+00:00, run_after=2025-02-25 00:00:00+00:00
[2025-02-25T23:51:42.209+0000] {processor.py:208} INFO - Processing /home/airflow/.local/lib/python3.12/site-packages/airflow/example_dags/example_branch_labels.py took 0.050 seconds
[2025-02-25T23:52:13.161+0000] {processor.py:186} INFO - Started process (PID=1334) to work on /home/airflow/.local/lib/python3.12/site-packages/airflow/example_dags/example_branch_labels.py
[2025-02-25T23:52:13.161+0000] {processor.py:914} INFO - Processing file /home/airflow/.local/lib/python3.12/site-packages/airflow/example_dags/example_branch_labels.py for tasks to queue
[2025-02-25T23:52:13.162+0000] {logging_mixin.py:190} INFO - [2025-02-25T23:52:13.162+0000] {dagbag.py:588} INFO - Filling up the DagBag from /home/airflow/.local/lib/python3.12/site-packages/airflow/example_dags/example_branch_labels.py
[2025-02-25T23:52:13.168+0000] {processor.py:925} INFO - DAG(s) 'example_branch_labels' retrieved from /home/airflow/.local/lib/python3.12/site-packages/airflow/example_dags/example_branch_labels.py
[2025-02-25T23:52:13.182+0000] {logging_mixin.py:190} INFO - [2025-02-25T23:52:13.181+0000] {dag.py:3239} INFO - Sync 1 DAGs
[2025-02-25T23:52:13.196+0000] {logging_mixin.py:190} INFO - [2025-02-25T23:52:13.196+0000] {dag.py:4180} INFO - Setting next_dagrun for example_branch_labels to 2025-02-24 00:00:00+00:00, run_after=2025-02-25 00:00:00+00:00
[2025-02-25T23:52:13.206+0000] {processor.py:208} INFO - Processing /home/airflow/.local/lib/python3.12/site-packages/airflow/example_dags/example_branch_labels.py took 0.048 seconds
[2025-02-25T23:52:44.110+0000] {processor.py:186} INFO - Started process (PID=1396) to work on /home/airflow/.local/lib/python3.12/site-packages/airflow/example_dags/example_branch_labels.py
[2025-02-25T23:52:44.110+0000] {processor.py:914} INFO - Processing file /home/airflow/.local/lib/python3.12/site-packages/airflow/example_dags/example_branch_labels.py for tasks to queue
[2025-02-25T23:52:44.111+0000] {logging_mixin.py:190} INFO - [2025-02-25T23:52:44.111+0000] {dagbag.py:588} INFO - Filling up the DagBag from /home/airflow/.local/lib/python3.12/site-packages/airflow/example_dags/example_branch_labels.py
[2025-02-25T23:52:44.116+0000] {processor.py:925} INFO - DAG(s) 'example_branch_labels' retrieved from /home/airflow/.local/lib/python3.12/site-packages/airflow/example_dags/example_branch_labels.py
[2025-02-25T23:52:44.128+0000] {logging_mixin.py:190} INFO - [2025-02-25T23:52:44.128+0000] {dag.py:3239} INFO - Sync 1 DAGs
[2025-02-25T23:52:44.140+0000] {logging_mixin.py:190} INFO - [2025-02-25T23:52:44.140+0000] {dag.py:4180} INFO - Setting next_dagrun for example_branch_labels to 2025-02-24 00:00:00+00:00, run_after=2025-02-25 00:00:00+00:00
[2025-02-25T23:52:44.150+0000] {processor.py:208} INFO - Processing /home/airflow/.local/lib/python3.12/site-packages/airflow/example_dags/example_branch_labels.py took 0.044 seconds
[2025-02-25T23:53:15.139+0000] {processor.py:186} INFO - Started process (PID=1460) to work on /home/airflow/.local/lib/python3.12/site-packages/airflow/example_dags/example_branch_labels.py
[2025-02-25T23:53:15.140+0000] {processor.py:914} INFO - Processing file /home/airflow/.local/lib/python3.12/site-packages/airflow/example_dags/example_branch_labels.py for tasks to queue
[2025-02-25T23:53:15.142+0000] {logging_mixin.py:190} INFO - [2025-02-25T23:53:15.142+0000] {dagbag.py:588} INFO - Filling up the DagBag from /home/airflow/.local/lib/python3.12/site-packages/airflow/example_dags/example_branch_labels.py
[2025-02-25T23:53:15.147+0000] {processor.py:925} INFO - DAG(s) 'example_branch_labels' retrieved from /home/airflow/.local/lib/python3.12/site-packages/airflow/example_dags/example_branch_labels.py
[2025-02-25T23:53:15.159+0000] {logging_mixin.py:190} INFO - [2025-02-25T23:53:15.159+0000] {dag.py:3239} INFO - Sync 1 DAGs
[2025-02-25T23:53:15.172+0000] {logging_mixin.py:190} INFO - [2025-02-25T23:53:15.172+0000] {dag.py:4180} INFO - Setting next_dagrun for example_branch_labels to 2025-02-24 00:00:00+00:00, run_after=2025-02-25 00:00:00+00:00
[2025-02-25T23:53:15.183+0000] {processor.py:208} INFO - Processing /home/airflow/.local/lib/python3.12/site-packages/airflow/example_dags/example_branch_labels.py took 0.046 seconds
[2025-02-25T23:53:46.038+0000] {processor.py:186} INFO - Started process (PID=1523) to work on /home/airflow/.local/lib/python3.12/site-packages/airflow/example_dags/example_branch_labels.py
[2025-02-25T23:53:46.038+0000] {processor.py:914} INFO - Processing file /home/airflow/.local/lib/python3.12/site-packages/airflow/example_dags/example_branch_labels.py for tasks to queue
[2025-02-25T23:53:46.039+0000] {logging_mixin.py:190} INFO - [2025-02-25T23:53:46.039+0000] {dagbag.py:588} INFO - Filling up the DagBag from /home/airflow/.local/lib/python3.12/site-packages/airflow/example_dags/example_branch_labels.py
[2025-02-25T23:53:46.045+0000] {processor.py:925} INFO - DAG(s) 'example_branch_labels' retrieved from /home/airflow/.local/lib/python3.12/site-packages/airflow/example_dags/example_branch_labels.py
[2025-02-25T23:53:46.056+0000] {logging_mixin.py:190} INFO - [2025-02-25T23:53:46.056+0000] {dag.py:3239} INFO - Sync 1 DAGs
[2025-02-25T23:53:46.070+0000] {logging_mixin.py:190} INFO - [2025-02-25T23:53:46.070+0000] {dag.py:4180} INFO - Setting next_dagrun for example_branch_labels to 2025-02-24 00:00:00+00:00, run_after=2025-02-25 00:00:00+00:00
[2025-02-25T23:53:46.080+0000] {processor.py:208} INFO - Processing /home/airflow/.local/lib/python3.12/site-packages/airflow/example_dags/example_branch_labels.py took 0.046 seconds
[2025-02-25T23:54:16.972+0000] {processor.py:186} INFO - Started process (PID=1586) to work on /home/airflow/.local/lib/python3.12/site-packages/airflow/example_dags/example_branch_labels.py
[2025-02-25T23:54:16.973+0000] {processor.py:914} INFO - Processing file /home/airflow/.local/lib/python3.12/site-packages/airflow/example_dags/example_branch_labels.py for tasks to queue
[2025-02-25T23:54:16.974+0000] {logging_mixin.py:190} INFO - [2025-02-25T23:54:16.974+0000] {dagbag.py:588} INFO - Filling up the DagBag from /home/airflow/.local/lib/python3.12/site-packages/airflow/example_dags/example_branch_labels.py
[2025-02-25T23:54:16.980+0000] {processor.py:925} INFO - DAG(s) 'example_branch_labels' retrieved from /home/airflow/.local/lib/python3.12/site-packages/airflow/example_dags/example_branch_labels.py
[2025-02-25T23:54:16.992+0000] {logging_mixin.py:190} INFO - [2025-02-25T23:54:16.992+0000] {dag.py:3239} INFO - Sync 1 DAGs
[2025-02-25T23:54:17.006+0000] {logging_mixin.py:190} INFO - [2025-02-25T23:54:17.006+0000] {dag.py:4180} INFO - Setting next_dagrun for example_branch_labels to 2025-02-24 00:00:00+00:00, run_after=2025-02-25 00:00:00+00:00
[2025-02-25T23:54:17.016+0000] {processor.py:208} INFO - Processing /home/airflow/.local/lib/python3.12/site-packages/airflow/example_dags/example_branch_labels.py took 0.048 seconds
[2025-02-25T23:54:48.015+0000] {processor.py:186} INFO - Started process (PID=1649) to work on /home/airflow/.local/lib/python3.12/site-packages/airflow/example_dags/example_branch_labels.py
[2025-02-25T23:54:48.016+0000] {processor.py:914} INFO - Processing file /home/airflow/.local/lib/python3.12/site-packages/airflow/example_dags/example_branch_labels.py for tasks to queue
[2025-02-25T23:54:48.018+0000] {logging_mixin.py:190} INFO - [2025-02-25T23:54:48.018+0000] {dagbag.py:588} INFO - Filling up the DagBag from /home/airflow/.local/lib/python3.12/site-packages/airflow/example_dags/example_branch_labels.py
[2025-02-25T23:54:48.024+0000] {processor.py:925} INFO - DAG(s) 'example_branch_labels' retrieved from /home/airflow/.local/lib/python3.12/site-packages/airflow/example_dags/example_branch_labels.py
[2025-02-25T23:54:48.036+0000] {logging_mixin.py:190} INFO - [2025-02-25T23:54:48.036+0000] {dag.py:3239} INFO - Sync 1 DAGs
[2025-02-25T23:54:48.050+0000] {logging_mixin.py:190} INFO - [2025-02-25T23:54:48.050+0000] {dag.py:4180} INFO - Setting next_dagrun for example_branch_labels to 2025-02-24 00:00:00+00:00, run_after=2025-02-25 00:00:00+00:00
[2025-02-25T23:54:48.061+0000] {processor.py:208} INFO - Processing /home/airflow/.local/lib/python3.12/site-packages/airflow/example_dags/example_branch_labels.py took 0.049 seconds
[2025-02-25T23:55:18.316+0000] {processor.py:186} INFO - Started process (PID=1712) to work on /home/airflow/.local/lib/python3.12/site-packages/airflow/example_dags/example_branch_labels.py
[2025-02-25T23:55:18.316+0000] {processor.py:914} INFO - Processing file /home/airflow/.local/lib/python3.12/site-packages/airflow/example_dags/example_branch_labels.py for tasks to queue
[2025-02-25T23:55:18.318+0000] {logging_mixin.py:190} INFO - [2025-02-25T23:55:18.318+0000] {dagbag.py:588} INFO - Filling up the DagBag from /home/airflow/.local/lib/python3.12/site-packages/airflow/example_dags/example_branch_labels.py
[2025-02-25T23:55:18.323+0000] {processor.py:925} INFO - DAG(s) 'example_branch_labels' retrieved from /home/airflow/.local/lib/python3.12/site-packages/airflow/example_dags/example_branch_labels.py
[2025-02-25T23:55:18.336+0000] {logging_mixin.py:190} INFO - [2025-02-25T23:55:18.335+0000] {dag.py:3239} INFO - Sync 1 DAGs
[2025-02-25T23:55:18.349+0000] {logging_mixin.py:190} INFO - [2025-02-25T23:55:18.349+0000] {dag.py:4180} INFO - Setting next_dagrun for example_branch_labels to 2025-02-24 00:00:00+00:00, run_after=2025-02-25 00:00:00+00:00
[2025-02-25T23:55:18.359+0000] {processor.py:208} INFO - Processing /home/airflow/.local/lib/python3.12/site-packages/airflow/example_dags/example_branch_labels.py took 0.047 seconds
[2025-02-25T23:55:52.170+0000] {processor.py:186} INFO - Started process (PID=1775) to work on /home/airflow/.local/lib/python3.12/site-packages/airflow/example_dags/example_branch_labels.py
[2025-02-25T23:55:52.172+0000] {processor.py:914} INFO - Processing file /home/airflow/.local/lib/python3.12/site-packages/airflow/example_dags/example_branch_labels.py for tasks to queue
[2025-02-25T23:55:52.173+0000] {logging_mixin.py:190} INFO - [2025-02-25T23:55:52.173+0000] {dagbag.py:588} INFO - Filling up the DagBag from /home/airflow/.local/lib/python3.12/site-packages/airflow/example_dags/example_branch_labels.py
[2025-02-25T23:55:52.179+0000] {processor.py:925} INFO - DAG(s) 'example_branch_labels' retrieved from /home/airflow/.local/lib/python3.12/site-packages/airflow/example_dags/example_branch_labels.py
[2025-02-25T23:55:52.193+0000] {logging_mixin.py:190} INFO - [2025-02-25T23:55:52.193+0000] {dag.py:3239} INFO - Sync 1 DAGs
[2025-02-25T23:55:52.209+0000] {logging_mixin.py:190} INFO - [2025-02-25T23:55:52.209+0000] {dag.py:4180} INFO - Setting next_dagrun for example_branch_labels to 2025-02-24 00:00:00+00:00, run_after=2025-02-25 00:00:00+00:00
[2025-02-25T23:55:52.221+0000] {processor.py:208} INFO - Processing /home/airflow/.local/lib/python3.12/site-packages/airflow/example_dags/example_branch_labels.py took 0.055 seconds
[2025-02-25T23:56:23.074+0000] {processor.py:186} INFO - Started process (PID=1838) to work on /home/airflow/.local/lib/python3.12/site-packages/airflow/example_dags/example_branch_labels.py
[2025-02-25T23:56:23.075+0000] {processor.py:914} INFO - Processing file /home/airflow/.local/lib/python3.12/site-packages/airflow/example_dags/example_branch_labels.py for tasks to queue
[2025-02-25T23:56:23.076+0000] {logging_mixin.py:190} INFO - [2025-02-25T23:56:23.076+0000] {dagbag.py:588} INFO - Filling up the DagBag from /home/airflow/.local/lib/python3.12/site-packages/airflow/example_dags/example_branch_labels.py
[2025-02-25T23:56:23.082+0000] {processor.py:925} INFO - DAG(s) 'example_branch_labels' retrieved from /home/airflow/.local/lib/python3.12/site-packages/airflow/example_dags/example_branch_labels.py
[2025-02-25T23:56:23.095+0000] {logging_mixin.py:190} INFO - [2025-02-25T23:56:23.094+0000] {dag.py:3239} INFO - Sync 1 DAGs
[2025-02-25T23:56:23.109+0000] {logging_mixin.py:190} INFO - [2025-02-25T23:56:23.109+0000] {dag.py:4180} INFO - Setting next_dagrun for example_branch_labels to 2025-02-24 00:00:00+00:00, run_after=2025-02-25 00:00:00+00:00
[2025-02-25T23:56:23.119+0000] {processor.py:208} INFO - Processing /home/airflow/.local/lib/python3.12/site-packages/airflow/example_dags/example_branch_labels.py took 0.048 seconds
[2025-02-25T23:56:53.324+0000] {processor.py:186} INFO - Started process (PID=1901) to work on /home/airflow/.local/lib/python3.12/site-packages/airflow/example_dags/example_branch_labels.py
[2025-02-25T23:56:53.325+0000] {processor.py:914} INFO - Processing file /home/airflow/.local/lib/python3.12/site-packages/airflow/example_dags/example_branch_labels.py for tasks to queue
[2025-02-25T23:56:53.326+0000] {logging_mixin.py:190} INFO - [2025-02-25T23:56:53.326+0000] {dagbag.py:588} INFO - Filling up the DagBag from /home/airflow/.local/lib/python3.12/site-packages/airflow/example_dags/example_branch_labels.py
[2025-02-25T23:56:53.332+0000] {processor.py:925} INFO - DAG(s) 'example_branch_labels' retrieved from /home/airflow/.local/lib/python3.12/site-packages/airflow/example_dags/example_branch_labels.py
[2025-02-25T23:56:53.343+0000] {logging_mixin.py:190} INFO - [2025-02-25T23:56:53.343+0000] {dag.py:3239} INFO - Sync 1 DAGs
[2025-02-25T23:56:53.357+0000] {logging_mixin.py:190} INFO - [2025-02-25T23:56:53.357+0000] {dag.py:4180} INFO - Setting next_dagrun for example_branch_labels to 2025-02-24 00:00:00+00:00, run_after=2025-02-25 00:00:00+00:00
[2025-02-25T23:56:53.368+0000] {processor.py:208} INFO - Processing /home/airflow/.local/lib/python3.12/site-packages/airflow/example_dags/example_branch_labels.py took 0.047 seconds
[2025-02-25T23:57:24.131+0000] {processor.py:186} INFO - Started process (PID=1958) to work on /home/airflow/.local/lib/python3.12/site-packages/airflow/example_dags/example_branch_labels.py
[2025-02-25T23:57:24.132+0000] {processor.py:914} INFO - Processing file /home/airflow/.local/lib/python3.12/site-packages/airflow/example_dags/example_branch_labels.py for tasks to queue
[2025-02-25T23:57:24.133+0000] {logging_mixin.py:190} INFO - [2025-02-25T23:57:24.133+0000] {dagbag.py:588} INFO - Filling up the DagBag from /home/airflow/.local/lib/python3.12/site-packages/airflow/example_dags/example_branch_labels.py
[2025-02-25T23:57:24.138+0000] {processor.py:925} INFO - DAG(s) 'example_branch_labels' retrieved from /home/airflow/.local/lib/python3.12/site-packages/airflow/example_dags/example_branch_labels.py
[2025-02-25T23:57:24.150+0000] {logging_mixin.py:190} INFO - [2025-02-25T23:57:24.150+0000] {dag.py:3239} INFO - Sync 1 DAGs
[2025-02-25T23:57:24.164+0000] {logging_mixin.py:190} INFO - [2025-02-25T23:57:24.163+0000] {dag.py:4180} INFO - Setting next_dagrun for example_branch_labels to 2025-02-24 00:00:00+00:00, run_after=2025-02-25 00:00:00+00:00
[2025-02-25T23:57:24.174+0000] {processor.py:208} INFO - Processing /home/airflow/.local/lib/python3.12/site-packages/airflow/example_dags/example_branch_labels.py took 0.047 seconds
[2025-02-25T23:57:55.854+0000] {processor.py:186} INFO - Started process (PID=2021) to work on /home/airflow/.local/lib/python3.12/site-packages/airflow/example_dags/example_branch_labels.py
[2025-02-25T23:57:55.855+0000] {processor.py:914} INFO - Processing file /home/airflow/.local/lib/python3.12/site-packages/airflow/example_dags/example_branch_labels.py for tasks to queue
[2025-02-25T23:57:55.856+0000] {logging_mixin.py:190} INFO - [2025-02-25T23:57:55.856+0000] {dagbag.py:588} INFO - Filling up the DagBag from /home/airflow/.local/lib/python3.12/site-packages/airflow/example_dags/example_branch_labels.py
[2025-02-25T23:57:55.862+0000] {processor.py:925} INFO - DAG(s) 'example_branch_labels' retrieved from /home/airflow/.local/lib/python3.12/site-packages/airflow/example_dags/example_branch_labels.py
[2025-02-25T23:57:55.874+0000] {logging_mixin.py:190} INFO - [2025-02-25T23:57:55.874+0000] {dag.py:3239} INFO - Sync 1 DAGs
[2025-02-25T23:57:55.887+0000] {logging_mixin.py:190} INFO - [2025-02-25T23:57:55.887+0000] {dag.py:4180} INFO - Setting next_dagrun for example_branch_labels to 2025-02-24 00:00:00+00:00, run_after=2025-02-25 00:00:00+00:00
[2025-02-25T23:57:55.898+0000] {processor.py:208} INFO - Processing /home/airflow/.local/lib/python3.12/site-packages/airflow/example_dags/example_branch_labels.py took 0.047 seconds
[2025-02-25T23:58:29.565+0000] {processor.py:186} INFO - Started process (PID=2084) to work on /home/airflow/.local/lib/python3.12/site-packages/airflow/example_dags/example_branch_labels.py
[2025-02-25T23:58:29.565+0000] {processor.py:914} INFO - Processing file /home/airflow/.local/lib/python3.12/site-packages/airflow/example_dags/example_branch_labels.py for tasks to queue
[2025-02-25T23:58:29.567+0000] {logging_mixin.py:190} INFO - [2025-02-25T23:58:29.566+0000] {dagbag.py:588} INFO - Filling up the DagBag from /home/airflow/.local/lib/python3.12/site-packages/airflow/example_dags/example_branch_labels.py
[2025-02-25T23:58:29.572+0000] {processor.py:925} INFO - DAG(s) 'example_branch_labels' retrieved from /home/airflow/.local/lib/python3.12/site-packages/airflow/example_dags/example_branch_labels.py
[2025-02-25T23:58:29.584+0000] {logging_mixin.py:190} INFO - [2025-02-25T23:58:29.584+0000] {dag.py:3239} INFO - Sync 1 DAGs
[2025-02-25T23:58:29.596+0000] {logging_mixin.py:190} INFO - [2025-02-25T23:58:29.596+0000] {dag.py:4180} INFO - Setting next_dagrun for example_branch_labels to 2025-02-24 00:00:00+00:00, run_after=2025-02-25 00:00:00+00:00
[2025-02-25T23:58:29.606+0000] {processor.py:208} INFO - Processing /home/airflow/.local/lib/python3.12/site-packages/airflow/example_dags/example_branch_labels.py took 0.044 seconds
[2025-02-25T23:59:00.344+0000] {processor.py:186} INFO - Started process (PID=2147) to work on /home/airflow/.local/lib/python3.12/site-packages/airflow/example_dags/example_branch_labels.py
[2025-02-25T23:59:00.345+0000] {processor.py:914} INFO - Processing file /home/airflow/.local/lib/python3.12/site-packages/airflow/example_dags/example_branch_labels.py for tasks to queue
[2025-02-25T23:59:00.346+0000] {logging_mixin.py:190} INFO - [2025-02-25T23:59:00.346+0000] {dagbag.py:588} INFO - Filling up the DagBag from /home/airflow/.local/lib/python3.12/site-packages/airflow/example_dags/example_branch_labels.py
[2025-02-25T23:59:00.352+0000] {processor.py:925} INFO - DAG(s) 'example_branch_labels' retrieved from /home/airflow/.local/lib/python3.12/site-packages/airflow/example_dags/example_branch_labels.py
[2025-02-25T23:59:00.363+0000] {logging_mixin.py:190} INFO - [2025-02-25T23:59:00.363+0000] {dag.py:3239} INFO - Sync 1 DAGs
[2025-02-25T23:59:00.375+0000] {logging_mixin.py:190} INFO - [2025-02-25T23:59:00.375+0000] {dag.py:4180} INFO - Setting next_dagrun for example_branch_labels to 2025-02-24 00:00:00+00:00, run_after=2025-02-25 00:00:00+00:00
[2025-02-25T23:59:00.385+0000] {processor.py:208} INFO - Processing /home/airflow/.local/lib/python3.12/site-packages/airflow/example_dags/example_branch_labels.py took 0.043 seconds
[2025-02-25T23:59:31.102+0000] {processor.py:186} INFO - Started process (PID=2210) to work on /home/airflow/.local/lib/python3.12/site-packages/airflow/example_dags/example_branch_labels.py
[2025-02-25T23:59:31.103+0000] {processor.py:914} INFO - Processing file /home/airflow/.local/lib/python3.12/site-packages/airflow/example_dags/example_branch_labels.py for tasks to queue
[2025-02-25T23:59:31.104+0000] {logging_mixin.py:190} INFO - [2025-02-25T23:59:31.104+0000] {dagbag.py:588} INFO - Filling up the DagBag from /home/airflow/.local/lib/python3.12/site-packages/airflow/example_dags/example_branch_labels.py
[2025-02-25T23:59:31.110+0000] {processor.py:925} INFO - DAG(s) 'example_branch_labels' retrieved from /home/airflow/.local/lib/python3.12/site-packages/airflow/example_dags/example_branch_labels.py
[2025-02-25T23:59:31.123+0000] {logging_mixin.py:190} INFO - [2025-02-25T23:59:31.123+0000] {dag.py:3239} INFO - Sync 1 DAGs
[2025-02-25T23:59:31.137+0000] {logging_mixin.py:190} INFO - [2025-02-25T23:59:31.137+0000] {dag.py:4180} INFO - Setting next_dagrun for example_branch_labels to 2025-02-24 00:00:00+00:00, run_after=2025-02-25 00:00:00+00:00
[2025-02-25T23:59:31.146+0000] {processor.py:208} INFO - Processing /home/airflow/.local/lib/python3.12/site-packages/airflow/example_dags/example_branch_labels.py took 0.047 seconds
