[2025-02-25T23:22:16.475+0000] {processor.py:186} INFO - Started process (PID=75) to work on /home/airflow/.local/lib/python3.12/site-packages/airflow/example_dags/example_workday_timetable.py
[2025-02-25T23:22:16.476+0000] {processor.py:914} INFO - Processing file /home/airflow/.local/lib/python3.12/site-packages/airflow/example_dags/example_workday_timetable.py for tasks to queue
[2025-02-25T23:22:16.477+0000] {logging_mixin.py:190} INFO - [2025-02-25T23:22:16.477+0000] {dagbag.py:588} INFO - Filling up the DagBag from /home/airflow/.local/lib/python3.12/site-packages/airflow/example_dags/example_workday_timetable.py
[2025-02-25T23:22:16.481+0000] {processor.py:925} INFO - DAG(s) 'example_workday_timetable' retrieved from /home/airflow/.local/lib/python3.12/site-packages/airflow/example_dags/example_workday_timetable.py
[2025-02-25T23:22:16.544+0000] {logging_mixin.py:190} INFO - [2025-02-25T23:22:16.543+0000] {override.py:1912} INFO - Created Permission View: can edit on DAG:example_workday_timetable
[2025-02-25T23:22:16.549+0000] {logging_mixin.py:190} INFO - [2025-02-25T23:22:16.548+0000] {override.py:1912} INFO - Created Permission View: can delete on DAG:example_workday_timetable
[2025-02-25T23:22:16.552+0000] {logging_mixin.py:190} INFO - [2025-02-25T23:22:16.552+0000] {override.py:1912} INFO - Created Permission View: can read on DAG:example_workday_timetable
[2025-02-25T23:22:16.556+0000] {logging_mixin.py:190} INFO - [2025-02-25T23:22:16.556+0000] {override.py:1912} INFO - Created Permission View: can delete on DAG Run:example_workday_timetable
[2025-02-25T23:22:16.560+0000] {logging_mixin.py:190} INFO - [2025-02-25T23:22:16.559+0000] {override.py:1912} INFO - Created Permission View: can read on DAG Run:example_workday_timetable
[2025-02-25T23:22:16.563+0000] {logging_mixin.py:190} INFO - [2025-02-25T23:22:16.563+0000] {override.py:1912} INFO - Created Permission View: menu access on DAG Run:example_workday_timetable
[2025-02-25T23:22:16.567+0000] {logging_mixin.py:190} INFO - [2025-02-25T23:22:16.566+0000] {override.py:1912} INFO - Created Permission View: can create on DAG Run:example_workday_timetable
[2025-02-25T23:22:16.567+0000] {logging_mixin.py:190} INFO - [2025-02-25T23:22:16.567+0000] {dag.py:3239} INFO - Sync 1 DAGs
[2025-02-25T23:22:16.575+0000] {logging_mixin.py:190} INFO - [2025-02-25T23:22:16.575+0000] {dag.py:3262} INFO - Creating ORM DAG for example_workday_timetable
[2025-02-25T23:22:16.599+0000] {logging_mixin.py:190} INFO - [2025-02-25T23:22:16.599+0000] {dag.py:4180} INFO - Setting next_dagrun for example_workday_timetable to 2021-01-04 00:00:00+00:00, run_after=2021-01-05 00:00:00+00:00
[2025-02-25T23:22:16.608+0000] {processor.py:208} INFO - Processing /home/airflow/.local/lib/python3.12/site-packages/airflow/example_dags/example_workday_timetable.py took 0.136 seconds
[2025-02-25T23:22:47.379+0000] {processor.py:186} INFO - Started process (PID=138) to work on /home/airflow/.local/lib/python3.12/site-packages/airflow/example_dags/example_workday_timetable.py
[2025-02-25T23:22:47.380+0000] {processor.py:914} INFO - Processing file /home/airflow/.local/lib/python3.12/site-packages/airflow/example_dags/example_workday_timetable.py for tasks to queue
[2025-02-25T23:22:47.381+0000] {logging_mixin.py:190} INFO - [2025-02-25T23:22:47.381+0000] {dagbag.py:588} INFO - Filling up the DagBag from /home/airflow/.local/lib/python3.12/site-packages/airflow/example_dags/example_workday_timetable.py
[2025-02-25T23:22:47.384+0000] {processor.py:925} INFO - DAG(s) 'example_workday_timetable' retrieved from /home/airflow/.local/lib/python3.12/site-packages/airflow/example_dags/example_workday_timetable.py
[2025-02-25T23:22:47.394+0000] {logging_mixin.py:190} INFO - [2025-02-25T23:22:47.394+0000] {dag.py:3239} INFO - Sync 1 DAGs
[2025-02-25T23:22:47.427+0000] {logging_mixin.py:190} INFO - [2025-02-25T23:22:47.426+0000] {dag.py:4180} INFO - Setting next_dagrun for example_workday_timetable to 2021-01-04 00:00:00+00:00, run_after=2021-01-05 00:00:00+00:00
[2025-02-25T23:22:47.436+0000] {processor.py:208} INFO - Processing /home/airflow/.local/lib/python3.12/site-packages/airflow/example_dags/example_workday_timetable.py took 0.060 seconds
[2025-02-25T23:23:18.272+0000] {processor.py:186} INFO - Started process (PID=201) to work on /home/airflow/.local/lib/python3.12/site-packages/airflow/example_dags/example_workday_timetable.py
[2025-02-25T23:23:18.273+0000] {processor.py:914} INFO - Processing file /home/airflow/.local/lib/python3.12/site-packages/airflow/example_dags/example_workday_timetable.py for tasks to queue
[2025-02-25T23:23:18.274+0000] {logging_mixin.py:190} INFO - [2025-02-25T23:23:18.274+0000] {dagbag.py:588} INFO - Filling up the DagBag from /home/airflow/.local/lib/python3.12/site-packages/airflow/example_dags/example_workday_timetable.py
[2025-02-25T23:23:18.277+0000] {processor.py:925} INFO - DAG(s) 'example_workday_timetable' retrieved from /home/airflow/.local/lib/python3.12/site-packages/airflow/example_dags/example_workday_timetable.py
[2025-02-25T23:23:18.288+0000] {logging_mixin.py:190} INFO - [2025-02-25T23:23:18.288+0000] {dag.py:3239} INFO - Sync 1 DAGs
[2025-02-25T23:23:18.319+0000] {logging_mixin.py:190} INFO - [2025-02-25T23:23:18.318+0000] {dag.py:4180} INFO - Setting next_dagrun for example_workday_timetable to 2021-01-04 00:00:00+00:00, run_after=2021-01-05 00:00:00+00:00
[2025-02-25T23:23:18.329+0000] {processor.py:208} INFO - Processing /home/airflow/.local/lib/python3.12/site-packages/airflow/example_dags/example_workday_timetable.py took 0.061 seconds
[2025-02-25T23:23:49.140+0000] {processor.py:186} INFO - Started process (PID=264) to work on /home/airflow/.local/lib/python3.12/site-packages/airflow/example_dags/example_workday_timetable.py
[2025-02-25T23:23:49.141+0000] {processor.py:914} INFO - Processing file /home/airflow/.local/lib/python3.12/site-packages/airflow/example_dags/example_workday_timetable.py for tasks to queue
[2025-02-25T23:23:49.142+0000] {logging_mixin.py:190} INFO - [2025-02-25T23:23:49.142+0000] {dagbag.py:588} INFO - Filling up the DagBag from /home/airflow/.local/lib/python3.12/site-packages/airflow/example_dags/example_workday_timetable.py
[2025-02-25T23:23:49.145+0000] {processor.py:925} INFO - DAG(s) 'example_workday_timetable' retrieved from /home/airflow/.local/lib/python3.12/site-packages/airflow/example_dags/example_workday_timetable.py
[2025-02-25T23:23:49.155+0000] {logging_mixin.py:190} INFO - [2025-02-25T23:23:49.155+0000] {dag.py:3239} INFO - Sync 1 DAGs
[2025-02-25T23:23:49.185+0000] {logging_mixin.py:190} INFO - [2025-02-25T23:23:49.185+0000] {dag.py:4180} INFO - Setting next_dagrun for example_workday_timetable to 2021-01-04 00:00:00+00:00, run_after=2021-01-05 00:00:00+00:00
[2025-02-25T23:23:49.197+0000] {processor.py:208} INFO - Processing /home/airflow/.local/lib/python3.12/site-packages/airflow/example_dags/example_workday_timetable.py took 0.060 seconds
[2025-02-25T23:24:19.998+0000] {processor.py:186} INFO - Started process (PID=327) to work on /home/airflow/.local/lib/python3.12/site-packages/airflow/example_dags/example_workday_timetable.py
[2025-02-25T23:24:19.999+0000] {processor.py:914} INFO - Processing file /home/airflow/.local/lib/python3.12/site-packages/airflow/example_dags/example_workday_timetable.py for tasks to queue
[2025-02-25T23:24:20.000+0000] {logging_mixin.py:190} INFO - [2025-02-25T23:24:20.000+0000] {dagbag.py:588} INFO - Filling up the DagBag from /home/airflow/.local/lib/python3.12/site-packages/airflow/example_dags/example_workday_timetable.py
[2025-02-25T23:24:20.003+0000] {processor.py:925} INFO - DAG(s) 'example_workday_timetable' retrieved from /home/airflow/.local/lib/python3.12/site-packages/airflow/example_dags/example_workday_timetable.py
[2025-02-25T23:24:20.014+0000] {logging_mixin.py:190} INFO - [2025-02-25T23:24:20.014+0000] {dag.py:3239} INFO - Sync 1 DAGs
[2025-02-25T23:24:20.047+0000] {logging_mixin.py:190} INFO - [2025-02-25T23:24:20.047+0000] {dag.py:4180} INFO - Setting next_dagrun for example_workday_timetable to 2021-01-04 00:00:00+00:00, run_after=2021-01-05 00:00:00+00:00
[2025-02-25T23:24:20.058+0000] {processor.py:208} INFO - Processing /home/airflow/.local/lib/python3.12/site-packages/airflow/example_dags/example_workday_timetable.py took 0.063 seconds
[2025-02-25T23:24:50.713+0000] {processor.py:186} INFO - Started process (PID=390) to work on /home/airflow/.local/lib/python3.12/site-packages/airflow/example_dags/example_workday_timetable.py
[2025-02-25T23:24:50.714+0000] {processor.py:914} INFO - Processing file /home/airflow/.local/lib/python3.12/site-packages/airflow/example_dags/example_workday_timetable.py for tasks to queue
[2025-02-25T23:24:50.715+0000] {logging_mixin.py:190} INFO - [2025-02-25T23:24:50.715+0000] {dagbag.py:588} INFO - Filling up the DagBag from /home/airflow/.local/lib/python3.12/site-packages/airflow/example_dags/example_workday_timetable.py
[2025-02-25T23:24:50.718+0000] {processor.py:925} INFO - DAG(s) 'example_workday_timetable' retrieved from /home/airflow/.local/lib/python3.12/site-packages/airflow/example_dags/example_workday_timetable.py
[2025-02-25T23:24:50.729+0000] {logging_mixin.py:190} INFO - [2025-02-25T23:24:50.729+0000] {dag.py:3239} INFO - Sync 1 DAGs
[2025-02-25T23:24:50.760+0000] {logging_mixin.py:190} INFO - [2025-02-25T23:24:50.760+0000] {dag.py:4180} INFO - Setting next_dagrun for example_workday_timetable to 2021-01-04 00:00:00+00:00, run_after=2021-01-05 00:00:00+00:00
[2025-02-25T23:24:50.773+0000] {processor.py:208} INFO - Processing /home/airflow/.local/lib/python3.12/site-packages/airflow/example_dags/example_workday_timetable.py took 0.063 seconds
[2025-02-25T23:25:22.598+0000] {processor.py:186} INFO - Started process (PID=453) to work on /home/airflow/.local/lib/python3.12/site-packages/airflow/example_dags/example_workday_timetable.py
[2025-02-25T23:25:22.598+0000] {processor.py:914} INFO - Processing file /home/airflow/.local/lib/python3.12/site-packages/airflow/example_dags/example_workday_timetable.py for tasks to queue
[2025-02-25T23:25:22.600+0000] {logging_mixin.py:190} INFO - [2025-02-25T23:25:22.599+0000] {dagbag.py:588} INFO - Filling up the DagBag from /home/airflow/.local/lib/python3.12/site-packages/airflow/example_dags/example_workday_timetable.py
[2025-02-25T23:25:22.603+0000] {processor.py:925} INFO - DAG(s) 'example_workday_timetable' retrieved from /home/airflow/.local/lib/python3.12/site-packages/airflow/example_dags/example_workday_timetable.py
[2025-02-25T23:25:22.613+0000] {logging_mixin.py:190} INFO - [2025-02-25T23:25:22.613+0000] {dag.py:3239} INFO - Sync 1 DAGs
[2025-02-25T23:25:22.645+0000] {logging_mixin.py:190} INFO - [2025-02-25T23:25:22.645+0000] {dag.py:4180} INFO - Setting next_dagrun for example_workday_timetable to 2021-01-04 00:00:00+00:00, run_after=2021-01-05 00:00:00+00:00
[2025-02-25T23:25:22.655+0000] {processor.py:208} INFO - Processing /home/airflow/.local/lib/python3.12/site-packages/airflow/example_dags/example_workday_timetable.py took 0.060 seconds
[2025-02-25T23:25:56.744+0000] {processor.py:186} INFO - Started process (PID=516) to work on /home/airflow/.local/lib/python3.12/site-packages/airflow/example_dags/example_workday_timetable.py
[2025-02-25T23:25:56.745+0000] {processor.py:914} INFO - Processing file /home/airflow/.local/lib/python3.12/site-packages/airflow/example_dags/example_workday_timetable.py for tasks to queue
[2025-02-25T23:25:56.746+0000] {logging_mixin.py:190} INFO - [2025-02-25T23:25:56.746+0000] {dagbag.py:588} INFO - Filling up the DagBag from /home/airflow/.local/lib/python3.12/site-packages/airflow/example_dags/example_workday_timetable.py
[2025-02-25T23:25:56.749+0000] {processor.py:925} INFO - DAG(s) 'example_workday_timetable' retrieved from /home/airflow/.local/lib/python3.12/site-packages/airflow/example_dags/example_workday_timetable.py
[2025-02-25T23:25:56.761+0000] {logging_mixin.py:190} INFO - [2025-02-25T23:25:56.761+0000] {dag.py:3239} INFO - Sync 1 DAGs
[2025-02-25T23:25:56.795+0000] {logging_mixin.py:190} INFO - [2025-02-25T23:25:56.794+0000] {dag.py:4180} INFO - Setting next_dagrun for example_workday_timetable to 2021-01-04 00:00:00+00:00, run_after=2021-01-05 00:00:00+00:00
[2025-02-25T23:25:56.805+0000] {processor.py:208} INFO - Processing /home/airflow/.local/lib/python3.12/site-packages/airflow/example_dags/example_workday_timetable.py took 0.064 seconds
[2025-02-25T23:26:27.591+0000] {processor.py:186} INFO - Started process (PID=579) to work on /home/airflow/.local/lib/python3.12/site-packages/airflow/example_dags/example_workday_timetable.py
[2025-02-25T23:26:27.592+0000] {processor.py:914} INFO - Processing file /home/airflow/.local/lib/python3.12/site-packages/airflow/example_dags/example_workday_timetable.py for tasks to queue
[2025-02-25T23:26:27.593+0000] {logging_mixin.py:190} INFO - [2025-02-25T23:26:27.593+0000] {dagbag.py:588} INFO - Filling up the DagBag from /home/airflow/.local/lib/python3.12/site-packages/airflow/example_dags/example_workday_timetable.py
[2025-02-25T23:26:27.597+0000] {processor.py:925} INFO - DAG(s) 'example_workday_timetable' retrieved from /home/airflow/.local/lib/python3.12/site-packages/airflow/example_dags/example_workday_timetable.py
[2025-02-25T23:26:27.608+0000] {logging_mixin.py:190} INFO - [2025-02-25T23:26:27.608+0000] {dag.py:3239} INFO - Sync 1 DAGs
[2025-02-25T23:26:27.640+0000] {logging_mixin.py:190} INFO - [2025-02-25T23:26:27.640+0000] {dag.py:4180} INFO - Setting next_dagrun for example_workday_timetable to 2021-01-04 00:00:00+00:00, run_after=2021-01-05 00:00:00+00:00
[2025-02-25T23:26:27.652+0000] {processor.py:208} INFO - Processing /home/airflow/.local/lib/python3.12/site-packages/airflow/example_dags/example_workday_timetable.py took 0.064 seconds
[2025-02-25T23:26:58.205+0000] {processor.py:186} INFO - Started process (PID=643) to work on /home/airflow/.local/lib/python3.12/site-packages/airflow/example_dags/example_workday_timetable.py
[2025-02-25T23:26:58.206+0000] {processor.py:914} INFO - Processing file /home/airflow/.local/lib/python3.12/site-packages/airflow/example_dags/example_workday_timetable.py for tasks to queue
[2025-02-25T23:26:58.207+0000] {logging_mixin.py:190} INFO - [2025-02-25T23:26:58.207+0000] {dagbag.py:588} INFO - Filling up the DagBag from /home/airflow/.local/lib/python3.12/site-packages/airflow/example_dags/example_workday_timetable.py
[2025-02-25T23:26:58.211+0000] {processor.py:925} INFO - DAG(s) 'example_workday_timetable' retrieved from /home/airflow/.local/lib/python3.12/site-packages/airflow/example_dags/example_workday_timetable.py
[2025-02-25T23:26:58.221+0000] {logging_mixin.py:190} INFO - [2025-02-25T23:26:58.221+0000] {dag.py:3239} INFO - Sync 1 DAGs
[2025-02-25T23:26:58.253+0000] {logging_mixin.py:190} INFO - [2025-02-25T23:26:58.253+0000] {dag.py:4180} INFO - Setting next_dagrun for example_workday_timetable to 2021-01-04 00:00:00+00:00, run_after=2021-01-05 00:00:00+00:00
[2025-02-25T23:26:58.263+0000] {processor.py:208} INFO - Processing /home/airflow/.local/lib/python3.12/site-packages/airflow/example_dags/example_workday_timetable.py took 0.061 seconds
[2025-02-25T23:27:28.829+0000] {processor.py:186} INFO - Started process (PID=706) to work on /home/airflow/.local/lib/python3.12/site-packages/airflow/example_dags/example_workday_timetable.py
[2025-02-25T23:27:28.830+0000] {processor.py:914} INFO - Processing file /home/airflow/.local/lib/python3.12/site-packages/airflow/example_dags/example_workday_timetable.py for tasks to queue
[2025-02-25T23:27:28.831+0000] {logging_mixin.py:190} INFO - [2025-02-25T23:27:28.831+0000] {dagbag.py:588} INFO - Filling up the DagBag from /home/airflow/.local/lib/python3.12/site-packages/airflow/example_dags/example_workday_timetable.py
[2025-02-25T23:27:28.834+0000] {processor.py:925} INFO - DAG(s) 'example_workday_timetable' retrieved from /home/airflow/.local/lib/python3.12/site-packages/airflow/example_dags/example_workday_timetable.py
[2025-02-25T23:27:28.845+0000] {logging_mixin.py:190} INFO - [2025-02-25T23:27:28.845+0000] {dag.py:3239} INFO - Sync 1 DAGs
[2025-02-25T23:27:28.877+0000] {logging_mixin.py:190} INFO - [2025-02-25T23:27:28.876+0000] {dag.py:4180} INFO - Setting next_dagrun for example_workday_timetable to 2021-01-04 00:00:00+00:00, run_after=2021-01-05 00:00:00+00:00
[2025-02-25T23:27:28.887+0000] {processor.py:208} INFO - Processing /home/airflow/.local/lib/python3.12/site-packages/airflow/example_dags/example_workday_timetable.py took 0.062 seconds
[2025-02-25T23:27:59.775+0000] {processor.py:186} INFO - Started process (PID=769) to work on /home/airflow/.local/lib/python3.12/site-packages/airflow/example_dags/example_workday_timetable.py
[2025-02-25T23:27:59.776+0000] {processor.py:914} INFO - Processing file /home/airflow/.local/lib/python3.12/site-packages/airflow/example_dags/example_workday_timetable.py for tasks to queue
[2025-02-25T23:27:59.777+0000] {logging_mixin.py:190} INFO - [2025-02-25T23:27:59.777+0000] {dagbag.py:588} INFO - Filling up the DagBag from /home/airflow/.local/lib/python3.12/site-packages/airflow/example_dags/example_workday_timetable.py
[2025-02-25T23:27:59.780+0000] {processor.py:925} INFO - DAG(s) 'example_workday_timetable' retrieved from /home/airflow/.local/lib/python3.12/site-packages/airflow/example_dags/example_workday_timetable.py
[2025-02-25T23:27:59.792+0000] {logging_mixin.py:190} INFO - [2025-02-25T23:27:59.792+0000] {dag.py:3239} INFO - Sync 1 DAGs
[2025-02-25T23:27:59.824+0000] {logging_mixin.py:190} INFO - [2025-02-25T23:27:59.824+0000] {dag.py:4180} INFO - Setting next_dagrun for example_workday_timetable to 2021-01-04 00:00:00+00:00, run_after=2021-01-05 00:00:00+00:00
[2025-02-25T23:27:59.835+0000] {processor.py:208} INFO - Processing /home/airflow/.local/lib/python3.12/site-packages/airflow/example_dags/example_workday_timetable.py took 0.064 seconds
[2025-02-25T23:28:30.733+0000] {processor.py:186} INFO - Started process (PID=826) to work on /home/airflow/.local/lib/python3.12/site-packages/airflow/example_dags/example_workday_timetable.py
[2025-02-25T23:28:30.734+0000] {processor.py:914} INFO - Processing file /home/airflow/.local/lib/python3.12/site-packages/airflow/example_dags/example_workday_timetable.py for tasks to queue
[2025-02-25T23:28:30.735+0000] {logging_mixin.py:190} INFO - [2025-02-25T23:28:30.735+0000] {dagbag.py:588} INFO - Filling up the DagBag from /home/airflow/.local/lib/python3.12/site-packages/airflow/example_dags/example_workday_timetable.py
[2025-02-25T23:28:30.738+0000] {processor.py:925} INFO - DAG(s) 'example_workday_timetable' retrieved from /home/airflow/.local/lib/python3.12/site-packages/airflow/example_dags/example_workday_timetable.py
[2025-02-25T23:28:30.750+0000] {logging_mixin.py:190} INFO - [2025-02-25T23:28:30.750+0000] {dag.py:3239} INFO - Sync 1 DAGs
[2025-02-25T23:28:30.784+0000] {logging_mixin.py:190} INFO - [2025-02-25T23:28:30.784+0000] {dag.py:4180} INFO - Setting next_dagrun for example_workday_timetable to 2021-01-04 00:00:00+00:00, run_after=2021-01-05 00:00:00+00:00
[2025-02-25T23:28:30.795+0000] {processor.py:208} INFO - Processing /home/airflow/.local/lib/python3.12/site-packages/airflow/example_dags/example_workday_timetable.py took 0.066 seconds
[2025-02-25T23:29:01.310+0000] {processor.py:186} INFO - Started process (PID=889) to work on /home/airflow/.local/lib/python3.12/site-packages/airflow/example_dags/example_workday_timetable.py
[2025-02-25T23:29:01.311+0000] {processor.py:914} INFO - Processing file /home/airflow/.local/lib/python3.12/site-packages/airflow/example_dags/example_workday_timetable.py for tasks to queue
[2025-02-25T23:29:01.313+0000] {logging_mixin.py:190} INFO - [2025-02-25T23:29:01.312+0000] {dagbag.py:588} INFO - Filling up the DagBag from /home/airflow/.local/lib/python3.12/site-packages/airflow/example_dags/example_workday_timetable.py
[2025-02-25T23:29:01.316+0000] {processor.py:925} INFO - DAG(s) 'example_workday_timetable' retrieved from /home/airflow/.local/lib/python3.12/site-packages/airflow/example_dags/example_workday_timetable.py
[2025-02-25T23:29:01.328+0000] {logging_mixin.py:190} INFO - [2025-02-25T23:29:01.328+0000] {dag.py:3239} INFO - Sync 1 DAGs
[2025-02-25T23:29:01.361+0000] {logging_mixin.py:190} INFO - [2025-02-25T23:29:01.360+0000] {dag.py:4180} INFO - Setting next_dagrun for example_workday_timetable to 2021-01-04 00:00:00+00:00, run_after=2021-01-05 00:00:00+00:00
[2025-02-25T23:29:01.373+0000] {processor.py:208} INFO - Processing /home/airflow/.local/lib/python3.12/site-packages/airflow/example_dags/example_workday_timetable.py took 0.067 seconds
[2025-02-25T23:29:31.580+0000] {processor.py:186} INFO - Started process (PID=952) to work on /home/airflow/.local/lib/python3.12/site-packages/airflow/example_dags/example_workday_timetable.py
[2025-02-25T23:29:31.581+0000] {processor.py:914} INFO - Processing file /home/airflow/.local/lib/python3.12/site-packages/airflow/example_dags/example_workday_timetable.py for tasks to queue
[2025-02-25T23:29:31.582+0000] {logging_mixin.py:190} INFO - [2025-02-25T23:29:31.582+0000] {dagbag.py:588} INFO - Filling up the DagBag from /home/airflow/.local/lib/python3.12/site-packages/airflow/example_dags/example_workday_timetable.py
[2025-02-25T23:29:31.586+0000] {processor.py:925} INFO - DAG(s) 'example_workday_timetable' retrieved from /home/airflow/.local/lib/python3.12/site-packages/airflow/example_dags/example_workday_timetable.py
[2025-02-25T23:29:31.598+0000] {logging_mixin.py:190} INFO - [2025-02-25T23:29:31.598+0000] {dag.py:3239} INFO - Sync 1 DAGs
[2025-02-25T23:29:31.632+0000] {logging_mixin.py:190} INFO - [2025-02-25T23:29:31.632+0000] {dag.py:4180} INFO - Setting next_dagrun for example_workday_timetable to 2021-01-04 00:00:00+00:00, run_after=2021-01-05 00:00:00+00:00
[2025-02-25T23:29:31.643+0000] {processor.py:208} INFO - Processing /home/airflow/.local/lib/python3.12/site-packages/airflow/example_dags/example_workday_timetable.py took 0.067 seconds
[2025-02-25T23:30:07.229+0000] {processor.py:186} INFO - Started process (PID=1015) to work on /home/airflow/.local/lib/python3.12/site-packages/airflow/example_dags/example_workday_timetable.py
[2025-02-25T23:30:07.230+0000] {processor.py:914} INFO - Processing file /home/airflow/.local/lib/python3.12/site-packages/airflow/example_dags/example_workday_timetable.py for tasks to queue
[2025-02-25T23:30:07.231+0000] {logging_mixin.py:190} INFO - [2025-02-25T23:30:07.231+0000] {dagbag.py:588} INFO - Filling up the DagBag from /home/airflow/.local/lib/python3.12/site-packages/airflow/example_dags/example_workday_timetable.py
[2025-02-25T23:30:07.235+0000] {processor.py:925} INFO - DAG(s) 'example_workday_timetable' retrieved from /home/airflow/.local/lib/python3.12/site-packages/airflow/example_dags/example_workday_timetable.py
[2025-02-25T23:30:07.247+0000] {logging_mixin.py:190} INFO - [2025-02-25T23:30:07.246+0000] {dag.py:3239} INFO - Sync 1 DAGs
[2025-02-25T23:30:07.282+0000] {logging_mixin.py:190} INFO - [2025-02-25T23:30:07.281+0000] {dag.py:4180} INFO - Setting next_dagrun for example_workday_timetable to 2021-01-04 00:00:00+00:00, run_after=2021-01-05 00:00:00+00:00
[2025-02-25T23:30:07.293+0000] {processor.py:208} INFO - Processing /home/airflow/.local/lib/python3.12/site-packages/airflow/example_dags/example_workday_timetable.py took 0.067 seconds
[2025-02-25T23:30:41.115+0000] {processor.py:186} INFO - Started process (PID=1078) to work on /home/airflow/.local/lib/python3.12/site-packages/airflow/example_dags/example_workday_timetable.py
[2025-02-25T23:30:41.116+0000] {processor.py:914} INFO - Processing file /home/airflow/.local/lib/python3.12/site-packages/airflow/example_dags/example_workday_timetable.py for tasks to queue
[2025-02-25T23:30:41.117+0000] {logging_mixin.py:190} INFO - [2025-02-25T23:30:41.117+0000] {dagbag.py:588} INFO - Filling up the DagBag from /home/airflow/.local/lib/python3.12/site-packages/airflow/example_dags/example_workday_timetable.py
[2025-02-25T23:30:41.120+0000] {processor.py:925} INFO - DAG(s) 'example_workday_timetable' retrieved from /home/airflow/.local/lib/python3.12/site-packages/airflow/example_dags/example_workday_timetable.py
[2025-02-25T23:30:41.130+0000] {logging_mixin.py:190} INFO - [2025-02-25T23:30:41.130+0000] {dag.py:3239} INFO - Sync 1 DAGs
[2025-02-25T23:30:41.162+0000] {logging_mixin.py:190} INFO - [2025-02-25T23:30:41.162+0000] {dag.py:4180} INFO - Setting next_dagrun for example_workday_timetable to 2021-01-04 00:00:00+00:00, run_after=2021-01-05 00:00:00+00:00
[2025-02-25T23:30:41.172+0000] {processor.py:208} INFO - Processing /home/airflow/.local/lib/python3.12/site-packages/airflow/example_dags/example_workday_timetable.py took 0.060 seconds
[2025-02-25T23:31:11.822+0000] {processor.py:186} INFO - Started process (PID=1141) to work on /home/airflow/.local/lib/python3.12/site-packages/airflow/example_dags/example_workday_timetable.py
[2025-02-25T23:31:11.823+0000] {processor.py:914} INFO - Processing file /home/airflow/.local/lib/python3.12/site-packages/airflow/example_dags/example_workday_timetable.py for tasks to queue
[2025-02-25T23:31:11.824+0000] {logging_mixin.py:190} INFO - [2025-02-25T23:31:11.824+0000] {dagbag.py:588} INFO - Filling up the DagBag from /home/airflow/.local/lib/python3.12/site-packages/airflow/example_dags/example_workday_timetable.py
[2025-02-25T23:31:11.828+0000] {processor.py:925} INFO - DAG(s) 'example_workday_timetable' retrieved from /home/airflow/.local/lib/python3.12/site-packages/airflow/example_dags/example_workday_timetable.py
[2025-02-25T23:31:11.839+0000] {logging_mixin.py:190} INFO - [2025-02-25T23:31:11.839+0000] {dag.py:3239} INFO - Sync 1 DAGs
[2025-02-25T23:31:11.871+0000] {logging_mixin.py:190} INFO - [2025-02-25T23:31:11.870+0000] {dag.py:4180} INFO - Setting next_dagrun for example_workday_timetable to 2021-01-04 00:00:00+00:00, run_after=2021-01-05 00:00:00+00:00
[2025-02-25T23:31:11.882+0000] {processor.py:208} INFO - Processing /home/airflow/.local/lib/python3.12/site-packages/airflow/example_dags/example_workday_timetable.py took 0.063 seconds
[2025-02-25T23:31:42.705+0000] {processor.py:186} INFO - Started process (PID=1204) to work on /home/airflow/.local/lib/python3.12/site-packages/airflow/example_dags/example_workday_timetable.py
[2025-02-25T23:31:42.705+0000] {processor.py:914} INFO - Processing file /home/airflow/.local/lib/python3.12/site-packages/airflow/example_dags/example_workday_timetable.py for tasks to queue
[2025-02-25T23:31:42.707+0000] {logging_mixin.py:190} INFO - [2025-02-25T23:31:42.706+0000] {dagbag.py:588} INFO - Filling up the DagBag from /home/airflow/.local/lib/python3.12/site-packages/airflow/example_dags/example_workday_timetable.py
[2025-02-25T23:31:42.710+0000] {processor.py:925} INFO - DAG(s) 'example_workday_timetable' retrieved from /home/airflow/.local/lib/python3.12/site-packages/airflow/example_dags/example_workday_timetable.py
[2025-02-25T23:31:42.721+0000] {logging_mixin.py:190} INFO - [2025-02-25T23:31:42.721+0000] {dag.py:3239} INFO - Sync 1 DAGs
[2025-02-25T23:31:42.753+0000] {logging_mixin.py:190} INFO - [2025-02-25T23:31:42.753+0000] {dag.py:4180} INFO - Setting next_dagrun for example_workday_timetable to 2021-01-04 00:00:00+00:00, run_after=2021-01-05 00:00:00+00:00
[2025-02-25T23:31:42.764+0000] {processor.py:208} INFO - Processing /home/airflow/.local/lib/python3.12/site-packages/airflow/example_dags/example_workday_timetable.py took 0.063 seconds
[2025-02-25T23:32:13.489+0000] {processor.py:186} INFO - Started process (PID=1267) to work on /home/airflow/.local/lib/python3.12/site-packages/airflow/example_dags/example_workday_timetable.py
[2025-02-25T23:32:13.490+0000] {processor.py:914} INFO - Processing file /home/airflow/.local/lib/python3.12/site-packages/airflow/example_dags/example_workday_timetable.py for tasks to queue
[2025-02-25T23:32:13.491+0000] {logging_mixin.py:190} INFO - [2025-02-25T23:32:13.491+0000] {dagbag.py:588} INFO - Filling up the DagBag from /home/airflow/.local/lib/python3.12/site-packages/airflow/example_dags/example_workday_timetable.py
[2025-02-25T23:32:13.494+0000] {processor.py:925} INFO - DAG(s) 'example_workday_timetable' retrieved from /home/airflow/.local/lib/python3.12/site-packages/airflow/example_dags/example_workday_timetable.py
[2025-02-25T23:32:13.505+0000] {logging_mixin.py:190} INFO - [2025-02-25T23:32:13.505+0000] {dag.py:3239} INFO - Sync 1 DAGs
[2025-02-25T23:32:13.539+0000] {logging_mixin.py:190} INFO - [2025-02-25T23:32:13.539+0000] {dag.py:4180} INFO - Setting next_dagrun for example_workday_timetable to 2021-01-04 00:00:00+00:00, run_after=2021-01-05 00:00:00+00:00
[2025-02-25T23:32:13.551+0000] {processor.py:208} INFO - Processing /home/airflow/.local/lib/python3.12/site-packages/airflow/example_dags/example_workday_timetable.py took 0.065 seconds
[2025-02-25T23:32:44.616+0000] {processor.py:186} INFO - Started process (PID=1330) to work on /home/airflow/.local/lib/python3.12/site-packages/airflow/example_dags/example_workday_timetable.py
[2025-02-25T23:32:44.617+0000] {processor.py:914} INFO - Processing file /home/airflow/.local/lib/python3.12/site-packages/airflow/example_dags/example_workday_timetable.py for tasks to queue
[2025-02-25T23:32:44.619+0000] {logging_mixin.py:190} INFO - [2025-02-25T23:32:44.618+0000] {dagbag.py:588} INFO - Filling up the DagBag from /home/airflow/.local/lib/python3.12/site-packages/airflow/example_dags/example_workday_timetable.py
[2025-02-25T23:32:44.622+0000] {processor.py:925} INFO - DAG(s) 'example_workday_timetable' retrieved from /home/airflow/.local/lib/python3.12/site-packages/airflow/example_dags/example_workday_timetable.py
[2025-02-25T23:32:44.633+0000] {logging_mixin.py:190} INFO - [2025-02-25T23:32:44.633+0000] {dag.py:3239} INFO - Sync 1 DAGs
[2025-02-25T23:32:44.665+0000] {logging_mixin.py:190} INFO - [2025-02-25T23:32:44.665+0000] {dag.py:4180} INFO - Setting next_dagrun for example_workday_timetable to 2021-01-04 00:00:00+00:00, run_after=2021-01-05 00:00:00+00:00
[2025-02-25T23:32:44.676+0000] {processor.py:208} INFO - Processing /home/airflow/.local/lib/python3.12/site-packages/airflow/example_dags/example_workday_timetable.py took 0.063 seconds
[2025-02-25T23:33:18.314+0000] {processor.py:186} INFO - Started process (PID=1393) to work on /home/airflow/.local/lib/python3.12/site-packages/airflow/example_dags/example_workday_timetable.py
[2025-02-25T23:33:18.314+0000] {processor.py:914} INFO - Processing file /home/airflow/.local/lib/python3.12/site-packages/airflow/example_dags/example_workday_timetable.py for tasks to queue
[2025-02-25T23:33:18.316+0000] {logging_mixin.py:190} INFO - [2025-02-25T23:33:18.316+0000] {dagbag.py:588} INFO - Filling up the DagBag from /home/airflow/.local/lib/python3.12/site-packages/airflow/example_dags/example_workday_timetable.py
[2025-02-25T23:33:18.319+0000] {processor.py:925} INFO - DAG(s) 'example_workday_timetable' retrieved from /home/airflow/.local/lib/python3.12/site-packages/airflow/example_dags/example_workday_timetable.py
[2025-02-25T23:33:18.330+0000] {logging_mixin.py:190} INFO - [2025-02-25T23:33:18.330+0000] {dag.py:3239} INFO - Sync 1 DAGs
[2025-02-25T23:33:18.363+0000] {logging_mixin.py:190} INFO - [2025-02-25T23:33:18.363+0000] {dag.py:4180} INFO - Setting next_dagrun for example_workday_timetable to 2021-01-04 00:00:00+00:00, run_after=2021-01-05 00:00:00+00:00
[2025-02-25T23:33:18.374+0000] {processor.py:208} INFO - Processing /home/airflow/.local/lib/python3.12/site-packages/airflow/example_dags/example_workday_timetable.py took 0.063 seconds
[2025-02-25T23:33:49.084+0000] {processor.py:186} INFO - Started process (PID=1456) to work on /home/airflow/.local/lib/python3.12/site-packages/airflow/example_dags/example_workday_timetable.py
[2025-02-25T23:33:49.085+0000] {processor.py:914} INFO - Processing file /home/airflow/.local/lib/python3.12/site-packages/airflow/example_dags/example_workday_timetable.py for tasks to queue
[2025-02-25T23:33:49.086+0000] {logging_mixin.py:190} INFO - [2025-02-25T23:33:49.086+0000] {dagbag.py:588} INFO - Filling up the DagBag from /home/airflow/.local/lib/python3.12/site-packages/airflow/example_dags/example_workday_timetable.py
[2025-02-25T23:33:49.090+0000] {processor.py:925} INFO - DAG(s) 'example_workday_timetable' retrieved from /home/airflow/.local/lib/python3.12/site-packages/airflow/example_dags/example_workday_timetable.py
[2025-02-25T23:33:49.101+0000] {logging_mixin.py:190} INFO - [2025-02-25T23:33:49.101+0000] {dag.py:3239} INFO - Sync 1 DAGs
[2025-02-25T23:33:49.135+0000] {logging_mixin.py:190} INFO - [2025-02-25T23:33:49.135+0000] {dag.py:4180} INFO - Setting next_dagrun for example_workday_timetable to 2021-01-04 00:00:00+00:00, run_after=2021-01-05 00:00:00+00:00
[2025-02-25T23:33:49.147+0000] {processor.py:208} INFO - Processing /home/airflow/.local/lib/python3.12/site-packages/airflow/example_dags/example_workday_timetable.py took 0.066 seconds
[2025-02-25T23:34:20.024+0000] {processor.py:186} INFO - Started process (PID=1519) to work on /home/airflow/.local/lib/python3.12/site-packages/airflow/example_dags/example_workday_timetable.py
[2025-02-25T23:34:20.025+0000] {processor.py:914} INFO - Processing file /home/airflow/.local/lib/python3.12/site-packages/airflow/example_dags/example_workday_timetable.py for tasks to queue
[2025-02-25T23:34:20.026+0000] {logging_mixin.py:190} INFO - [2025-02-25T23:34:20.026+0000] {dagbag.py:588} INFO - Filling up the DagBag from /home/airflow/.local/lib/python3.12/site-packages/airflow/example_dags/example_workday_timetable.py
[2025-02-25T23:34:20.029+0000] {processor.py:925} INFO - DAG(s) 'example_workday_timetable' retrieved from /home/airflow/.local/lib/python3.12/site-packages/airflow/example_dags/example_workday_timetable.py
[2025-02-25T23:34:20.040+0000] {logging_mixin.py:190} INFO - [2025-02-25T23:34:20.040+0000] {dag.py:3239} INFO - Sync 1 DAGs
[2025-02-25T23:34:20.074+0000] {logging_mixin.py:190} INFO - [2025-02-25T23:34:20.073+0000] {dag.py:4180} INFO - Setting next_dagrun for example_workday_timetable to 2021-01-04 00:00:00+00:00, run_after=2021-01-05 00:00:00+00:00
[2025-02-25T23:34:20.085+0000] {processor.py:208} INFO - Processing /home/airflow/.local/lib/python3.12/site-packages/airflow/example_dags/example_workday_timetable.py took 0.065 seconds
[2025-02-25T23:34:50.997+0000] {processor.py:186} INFO - Started process (PID=1582) to work on /home/airflow/.local/lib/python3.12/site-packages/airflow/example_dags/example_workday_timetable.py
[2025-02-25T23:34:50.998+0000] {processor.py:914} INFO - Processing file /home/airflow/.local/lib/python3.12/site-packages/airflow/example_dags/example_workday_timetable.py for tasks to queue
[2025-02-25T23:34:50.999+0000] {logging_mixin.py:190} INFO - [2025-02-25T23:34:50.999+0000] {dagbag.py:588} INFO - Filling up the DagBag from /home/airflow/.local/lib/python3.12/site-packages/airflow/example_dags/example_workday_timetable.py
[2025-02-25T23:34:51.002+0000] {processor.py:925} INFO - DAG(s) 'example_workday_timetable' retrieved from /home/airflow/.local/lib/python3.12/site-packages/airflow/example_dags/example_workday_timetable.py
[2025-02-25T23:34:51.016+0000] {logging_mixin.py:190} INFO - [2025-02-25T23:34:51.015+0000] {dag.py:3239} INFO - Sync 1 DAGs
[2025-02-25T23:34:51.051+0000] {logging_mixin.py:190} INFO - [2025-02-25T23:34:51.051+0000] {dag.py:4180} INFO - Setting next_dagrun for example_workday_timetable to 2021-01-04 00:00:00+00:00, run_after=2021-01-05 00:00:00+00:00
[2025-02-25T23:34:51.063+0000] {processor.py:208} INFO - Processing /home/airflow/.local/lib/python3.12/site-packages/airflow/example_dags/example_workday_timetable.py took 0.071 seconds
[2025-02-25T23:35:21.896+0000] {processor.py:186} INFO - Started process (PID=1645) to work on /home/airflow/.local/lib/python3.12/site-packages/airflow/example_dags/example_workday_timetable.py
[2025-02-25T23:35:21.897+0000] {processor.py:914} INFO - Processing file /home/airflow/.local/lib/python3.12/site-packages/airflow/example_dags/example_workday_timetable.py for tasks to queue
[2025-02-25T23:35:21.899+0000] {logging_mixin.py:190} INFO - [2025-02-25T23:35:21.898+0000] {dagbag.py:588} INFO - Filling up the DagBag from /home/airflow/.local/lib/python3.12/site-packages/airflow/example_dags/example_workday_timetable.py
[2025-02-25T23:35:21.902+0000] {processor.py:925} INFO - DAG(s) 'example_workday_timetable' retrieved from /home/airflow/.local/lib/python3.12/site-packages/airflow/example_dags/example_workday_timetable.py
[2025-02-25T23:35:21.914+0000] {logging_mixin.py:190} INFO - [2025-02-25T23:35:21.914+0000] {dag.py:3239} INFO - Sync 1 DAGs
[2025-02-25T23:35:21.947+0000] {logging_mixin.py:190} INFO - [2025-02-25T23:35:21.946+0000] {dag.py:4180} INFO - Setting next_dagrun for example_workday_timetable to 2021-01-04 00:00:00+00:00, run_after=2021-01-05 00:00:00+00:00
[2025-02-25T23:35:21.958+0000] {processor.py:208} INFO - Processing /home/airflow/.local/lib/python3.12/site-packages/airflow/example_dags/example_workday_timetable.py took 0.066 seconds
[2025-02-25T23:35:51.980+0000] {processor.py:186} INFO - Started process (PID=1708) to work on /home/airflow/.local/lib/python3.12/site-packages/airflow/example_dags/example_workday_timetable.py
[2025-02-25T23:35:51.980+0000] {processor.py:914} INFO - Processing file /home/airflow/.local/lib/python3.12/site-packages/airflow/example_dags/example_workday_timetable.py for tasks to queue
[2025-02-25T23:35:51.982+0000] {logging_mixin.py:190} INFO - [2025-02-25T23:35:51.981+0000] {dagbag.py:588} INFO - Filling up the DagBag from /home/airflow/.local/lib/python3.12/site-packages/airflow/example_dags/example_workday_timetable.py
[2025-02-25T23:35:51.985+0000] {processor.py:925} INFO - DAG(s) 'example_workday_timetable' retrieved from /home/airflow/.local/lib/python3.12/site-packages/airflow/example_dags/example_workday_timetable.py
[2025-02-25T23:35:51.997+0000] {logging_mixin.py:190} INFO - [2025-02-25T23:35:51.997+0000] {dag.py:3239} INFO - Sync 1 DAGs
[2025-02-25T23:35:52.037+0000] {logging_mixin.py:190} INFO - [2025-02-25T23:35:52.037+0000] {dag.py:4180} INFO - Setting next_dagrun for example_workday_timetable to 2021-01-04 00:00:00+00:00, run_after=2021-01-05 00:00:00+00:00
[2025-02-25T23:35:52.048+0000] {processor.py:208} INFO - Processing /home/airflow/.local/lib/python3.12/site-packages/airflow/example_dags/example_workday_timetable.py took 0.072 seconds
[2025-02-25T23:36:22.073+0000] {processor.py:186} INFO - Started process (PID=1771) to work on /home/airflow/.local/lib/python3.12/site-packages/airflow/example_dags/example_workday_timetable.py
[2025-02-25T23:36:22.074+0000] {processor.py:914} INFO - Processing file /home/airflow/.local/lib/python3.12/site-packages/airflow/example_dags/example_workday_timetable.py for tasks to queue
[2025-02-25T23:36:22.076+0000] {logging_mixin.py:190} INFO - [2025-02-25T23:36:22.075+0000] {dagbag.py:588} INFO - Filling up the DagBag from /home/airflow/.local/lib/python3.12/site-packages/airflow/example_dags/example_workday_timetable.py
[2025-02-25T23:36:22.079+0000] {processor.py:925} INFO - DAG(s) 'example_workday_timetable' retrieved from /home/airflow/.local/lib/python3.12/site-packages/airflow/example_dags/example_workday_timetable.py
[2025-02-25T23:36:22.091+0000] {logging_mixin.py:190} INFO - [2025-02-25T23:36:22.091+0000] {dag.py:3239} INFO - Sync 1 DAGs
[2025-02-25T23:36:22.127+0000] {logging_mixin.py:190} INFO - [2025-02-25T23:36:22.126+0000] {dag.py:4180} INFO - Setting next_dagrun for example_workday_timetable to 2021-01-04 00:00:00+00:00, run_after=2021-01-05 00:00:00+00:00
[2025-02-25T23:36:22.139+0000] {processor.py:208} INFO - Processing /home/airflow/.local/lib/python3.12/site-packages/airflow/example_dags/example_workday_timetable.py took 0.069 seconds
[2025-02-25T23:36:52.375+0000] {processor.py:186} INFO - Started process (PID=1834) to work on /home/airflow/.local/lib/python3.12/site-packages/airflow/example_dags/example_workday_timetable.py
[2025-02-25T23:36:52.375+0000] {processor.py:914} INFO - Processing file /home/airflow/.local/lib/python3.12/site-packages/airflow/example_dags/example_workday_timetable.py for tasks to queue
[2025-02-25T23:36:52.377+0000] {logging_mixin.py:190} INFO - [2025-02-25T23:36:52.376+0000] {dagbag.py:588} INFO - Filling up the DagBag from /home/airflow/.local/lib/python3.12/site-packages/airflow/example_dags/example_workday_timetable.py
[2025-02-25T23:36:52.380+0000] {processor.py:925} INFO - DAG(s) 'example_workday_timetable' retrieved from /home/airflow/.local/lib/python3.12/site-packages/airflow/example_dags/example_workday_timetable.py
[2025-02-25T23:36:52.393+0000] {logging_mixin.py:190} INFO - [2025-02-25T23:36:52.393+0000] {dag.py:3239} INFO - Sync 1 DAGs
[2025-02-25T23:36:52.426+0000] {logging_mixin.py:190} INFO - [2025-02-25T23:36:52.426+0000] {dag.py:4180} INFO - Setting next_dagrun for example_workday_timetable to 2021-01-04 00:00:00+00:00, run_after=2021-01-05 00:00:00+00:00
[2025-02-25T23:36:52.437+0000] {processor.py:208} INFO - Processing /home/airflow/.local/lib/python3.12/site-packages/airflow/example_dags/example_workday_timetable.py took 0.066 seconds
[2025-02-25T23:37:26.647+0000] {processor.py:186} INFO - Started process (PID=1897) to work on /home/airflow/.local/lib/python3.12/site-packages/airflow/example_dags/example_workday_timetable.py
[2025-02-25T23:37:26.648+0000] {processor.py:914} INFO - Processing file /home/airflow/.local/lib/python3.12/site-packages/airflow/example_dags/example_workday_timetable.py for tasks to queue
[2025-02-25T23:37:26.649+0000] {logging_mixin.py:190} INFO - [2025-02-25T23:37:26.649+0000] {dagbag.py:588} INFO - Filling up the DagBag from /home/airflow/.local/lib/python3.12/site-packages/airflow/example_dags/example_workday_timetable.py
[2025-02-25T23:37:26.653+0000] {processor.py:925} INFO - DAG(s) 'example_workday_timetable' retrieved from /home/airflow/.local/lib/python3.12/site-packages/airflow/example_dags/example_workday_timetable.py
[2025-02-25T23:37:26.664+0000] {logging_mixin.py:190} INFO - [2025-02-25T23:37:26.664+0000] {dag.py:3239} INFO - Sync 1 DAGs
[2025-02-25T23:37:26.696+0000] {logging_mixin.py:190} INFO - [2025-02-25T23:37:26.696+0000] {dag.py:4180} INFO - Setting next_dagrun for example_workday_timetable to 2021-01-04 00:00:00+00:00, run_after=2021-01-05 00:00:00+00:00
[2025-02-25T23:37:26.707+0000] {processor.py:208} INFO - Processing /home/airflow/.local/lib/python3.12/site-packages/airflow/example_dags/example_workday_timetable.py took 0.063 seconds
[2025-02-25T23:38:00.680+0000] {processor.py:186} INFO - Started process (PID=1960) to work on /home/airflow/.local/lib/python3.12/site-packages/airflow/example_dags/example_workday_timetable.py
[2025-02-25T23:38:00.681+0000] {processor.py:914} INFO - Processing file /home/airflow/.local/lib/python3.12/site-packages/airflow/example_dags/example_workday_timetable.py for tasks to queue
[2025-02-25T23:38:00.682+0000] {logging_mixin.py:190} INFO - [2025-02-25T23:38:00.682+0000] {dagbag.py:588} INFO - Filling up the DagBag from /home/airflow/.local/lib/python3.12/site-packages/airflow/example_dags/example_workday_timetable.py
[2025-02-25T23:38:00.685+0000] {processor.py:925} INFO - DAG(s) 'example_workday_timetable' retrieved from /home/airflow/.local/lib/python3.12/site-packages/airflow/example_dags/example_workday_timetable.py
[2025-02-25T23:38:00.697+0000] {logging_mixin.py:190} INFO - [2025-02-25T23:38:00.696+0000] {dag.py:3239} INFO - Sync 1 DAGs
[2025-02-25T23:38:00.730+0000] {logging_mixin.py:190} INFO - [2025-02-25T23:38:00.730+0000] {dag.py:4180} INFO - Setting next_dagrun for example_workday_timetable to 2021-01-04 00:00:00+00:00, run_after=2021-01-05 00:00:00+00:00
[2025-02-25T23:38:00.741+0000] {processor.py:208} INFO - Processing /home/airflow/.local/lib/python3.12/site-packages/airflow/example_dags/example_workday_timetable.py took 0.064 seconds
[2025-02-25T23:38:31.585+0000] {processor.py:186} INFO - Started process (PID=2023) to work on /home/airflow/.local/lib/python3.12/site-packages/airflow/example_dags/example_workday_timetable.py
[2025-02-25T23:38:31.586+0000] {processor.py:914} INFO - Processing file /home/airflow/.local/lib/python3.12/site-packages/airflow/example_dags/example_workday_timetable.py for tasks to queue
[2025-02-25T23:38:31.587+0000] {logging_mixin.py:190} INFO - [2025-02-25T23:38:31.587+0000] {dagbag.py:588} INFO - Filling up the DagBag from /home/airflow/.local/lib/python3.12/site-packages/airflow/example_dags/example_workday_timetable.py
[2025-02-25T23:38:31.590+0000] {processor.py:925} INFO - DAG(s) 'example_workday_timetable' retrieved from /home/airflow/.local/lib/python3.12/site-packages/airflow/example_dags/example_workday_timetable.py
[2025-02-25T23:38:31.602+0000] {logging_mixin.py:190} INFO - [2025-02-25T23:38:31.602+0000] {dag.py:3239} INFO - Sync 1 DAGs
[2025-02-25T23:38:31.635+0000] {logging_mixin.py:190} INFO - [2025-02-25T23:38:31.635+0000] {dag.py:4180} INFO - Setting next_dagrun for example_workday_timetable to 2021-01-04 00:00:00+00:00, run_after=2021-01-05 00:00:00+00:00
[2025-02-25T23:38:31.647+0000] {processor.py:208} INFO - Processing /home/airflow/.local/lib/python3.12/site-packages/airflow/example_dags/example_workday_timetable.py took 0.065 seconds
[2025-02-25T23:39:02.480+0000] {processor.py:186} INFO - Started process (PID=2086) to work on /home/airflow/.local/lib/python3.12/site-packages/airflow/example_dags/example_workday_timetable.py
[2025-02-25T23:39:02.480+0000] {processor.py:914} INFO - Processing file /home/airflow/.local/lib/python3.12/site-packages/airflow/example_dags/example_workday_timetable.py for tasks to queue
[2025-02-25T23:39:02.482+0000] {logging_mixin.py:190} INFO - [2025-02-25T23:39:02.481+0000] {dagbag.py:588} INFO - Filling up the DagBag from /home/airflow/.local/lib/python3.12/site-packages/airflow/example_dags/example_workday_timetable.py
[2025-02-25T23:39:02.485+0000] {processor.py:925} INFO - DAG(s) 'example_workday_timetable' retrieved from /home/airflow/.local/lib/python3.12/site-packages/airflow/example_dags/example_workday_timetable.py
[2025-02-25T23:39:02.496+0000] {logging_mixin.py:190} INFO - [2025-02-25T23:39:02.495+0000] {dag.py:3239} INFO - Sync 1 DAGs
[2025-02-25T23:39:02.527+0000] {logging_mixin.py:190} INFO - [2025-02-25T23:39:02.527+0000] {dag.py:4180} INFO - Setting next_dagrun for example_workday_timetable to 2021-01-04 00:00:00+00:00, run_after=2021-01-05 00:00:00+00:00
[2025-02-25T23:39:02.538+0000] {processor.py:208} INFO - Processing /home/airflow/.local/lib/python3.12/site-packages/airflow/example_dags/example_workday_timetable.py took 0.062 seconds
[2025-02-25T23:39:33.471+0000] {processor.py:186} INFO - Started process (PID=2149) to work on /home/airflow/.local/lib/python3.12/site-packages/airflow/example_dags/example_workday_timetable.py
[2025-02-25T23:39:33.472+0000] {processor.py:914} INFO - Processing file /home/airflow/.local/lib/python3.12/site-packages/airflow/example_dags/example_workday_timetable.py for tasks to queue
[2025-02-25T23:39:33.473+0000] {logging_mixin.py:190} INFO - [2025-02-25T23:39:33.473+0000] {dagbag.py:588} INFO - Filling up the DagBag from /home/airflow/.local/lib/python3.12/site-packages/airflow/example_dags/example_workday_timetable.py
[2025-02-25T23:39:33.476+0000] {processor.py:925} INFO - DAG(s) 'example_workday_timetable' retrieved from /home/airflow/.local/lib/python3.12/site-packages/airflow/example_dags/example_workday_timetable.py
[2025-02-25T23:39:33.488+0000] {logging_mixin.py:190} INFO - [2025-02-25T23:39:33.488+0000] {dag.py:3239} INFO - Sync 1 DAGs
[2025-02-25T23:39:33.520+0000] {logging_mixin.py:190} INFO - [2025-02-25T23:39:33.520+0000] {dag.py:4180} INFO - Setting next_dagrun for example_workday_timetable to 2021-01-04 00:00:00+00:00, run_after=2021-01-05 00:00:00+00:00
[2025-02-25T23:39:33.532+0000] {processor.py:208} INFO - Processing /home/airflow/.local/lib/python3.12/site-packages/airflow/example_dags/example_workday_timetable.py took 0.064 seconds
[2025-02-25T23:41:51.348+0000] {processor.py:186} INFO - Started process (PID=75) to work on /home/airflow/.local/lib/python3.12/site-packages/airflow/example_dags/example_workday_timetable.py
[2025-02-25T23:41:51.349+0000] {processor.py:914} INFO - Processing file /home/airflow/.local/lib/python3.12/site-packages/airflow/example_dags/example_workday_timetable.py for tasks to queue
[2025-02-25T23:41:51.350+0000] {logging_mixin.py:190} INFO - [2025-02-25T23:41:51.350+0000] {dagbag.py:588} INFO - Filling up the DagBag from /home/airflow/.local/lib/python3.12/site-packages/airflow/example_dags/example_workday_timetable.py
[2025-02-25T23:41:51.354+0000] {processor.py:925} INFO - DAG(s) 'example_workday_timetable' retrieved from /home/airflow/.local/lib/python3.12/site-packages/airflow/example_dags/example_workday_timetable.py
[2025-02-25T23:41:51.412+0000] {logging_mixin.py:190} INFO - [2025-02-25T23:41:51.412+0000] {override.py:1912} INFO - Created Permission View: can edit on DAG:example_workday_timetable
[2025-02-25T23:41:51.418+0000] {logging_mixin.py:190} INFO - [2025-02-25T23:41:51.418+0000] {override.py:1912} INFO - Created Permission View: can delete on DAG:example_workday_timetable
[2025-02-25T23:41:51.423+0000] {logging_mixin.py:190} INFO - [2025-02-25T23:41:51.423+0000] {override.py:1912} INFO - Created Permission View: can read on DAG:example_workday_timetable
[2025-02-25T23:41:51.427+0000] {logging_mixin.py:190} INFO - [2025-02-25T23:41:51.427+0000] {override.py:1912} INFO - Created Permission View: can create on DAG Run:example_workday_timetable
[2025-02-25T23:41:51.432+0000] {logging_mixin.py:190} INFO - [2025-02-25T23:41:51.432+0000] {override.py:1912} INFO - Created Permission View: can delete on DAG Run:example_workday_timetable
[2025-02-25T23:41:51.437+0000] {logging_mixin.py:190} INFO - [2025-02-25T23:41:51.437+0000] {override.py:1912} INFO - Created Permission View: can read on DAG Run:example_workday_timetable
[2025-02-25T23:41:51.441+0000] {logging_mixin.py:190} INFO - [2025-02-25T23:41:51.440+0000] {override.py:1912} INFO - Created Permission View: menu access on DAG Run:example_workday_timetable
[2025-02-25T23:41:51.441+0000] {logging_mixin.py:190} INFO - [2025-02-25T23:41:51.441+0000] {dag.py:3239} INFO - Sync 1 DAGs
[2025-02-25T23:41:51.451+0000] {logging_mixin.py:190} INFO - [2025-02-25T23:41:51.451+0000] {dag.py:3262} INFO - Creating ORM DAG for example_workday_timetable
[2025-02-25T23:41:51.478+0000] {logging_mixin.py:190} INFO - [2025-02-25T23:41:51.477+0000] {dag.py:4180} INFO - Setting next_dagrun for example_workday_timetable to 2021-01-04 00:00:00+00:00, run_after=2021-01-05 00:00:00+00:00
[2025-02-25T23:41:51.487+0000] {processor.py:208} INFO - Processing /home/airflow/.local/lib/python3.12/site-packages/airflow/example_dags/example_workday_timetable.py took 0.142 seconds
[2025-02-25T23:42:24.362+0000] {processor.py:186} INFO - Started process (PID=138) to work on /home/airflow/.local/lib/python3.12/site-packages/airflow/example_dags/example_workday_timetable.py
[2025-02-25T23:42:24.362+0000] {processor.py:914} INFO - Processing file /home/airflow/.local/lib/python3.12/site-packages/airflow/example_dags/example_workday_timetable.py for tasks to queue
[2025-02-25T23:42:24.364+0000] {logging_mixin.py:190} INFO - [2025-02-25T23:42:24.364+0000] {dagbag.py:588} INFO - Filling up the DagBag from /home/airflow/.local/lib/python3.12/site-packages/airflow/example_dags/example_workday_timetable.py
[2025-02-25T23:42:24.367+0000] {processor.py:925} INFO - DAG(s) 'example_workday_timetable' retrieved from /home/airflow/.local/lib/python3.12/site-packages/airflow/example_dags/example_workday_timetable.py
[2025-02-25T23:42:24.378+0000] {logging_mixin.py:190} INFO - [2025-02-25T23:42:24.378+0000] {dag.py:3239} INFO - Sync 1 DAGs
[2025-02-25T23:42:24.410+0000] {logging_mixin.py:190} INFO - [2025-02-25T23:42:24.410+0000] {dag.py:4180} INFO - Setting next_dagrun for example_workday_timetable to 2021-01-04 00:00:00+00:00, run_after=2021-01-05 00:00:00+00:00
[2025-02-25T23:42:24.421+0000] {processor.py:208} INFO - Processing /home/airflow/.local/lib/python3.12/site-packages/airflow/example_dags/example_workday_timetable.py took 0.062 seconds
[2025-02-25T23:42:58.167+0000] {processor.py:186} INFO - Started process (PID=201) to work on /home/airflow/.local/lib/python3.12/site-packages/airflow/example_dags/example_workday_timetable.py
[2025-02-25T23:42:58.167+0000] {processor.py:914} INFO - Processing file /home/airflow/.local/lib/python3.12/site-packages/airflow/example_dags/example_workday_timetable.py for tasks to queue
[2025-02-25T23:42:58.169+0000] {logging_mixin.py:190} INFO - [2025-02-25T23:42:58.169+0000] {dagbag.py:588} INFO - Filling up the DagBag from /home/airflow/.local/lib/python3.12/site-packages/airflow/example_dags/example_workday_timetable.py
[2025-02-25T23:42:58.172+0000] {processor.py:925} INFO - DAG(s) 'example_workday_timetable' retrieved from /home/airflow/.local/lib/python3.12/site-packages/airflow/example_dags/example_workday_timetable.py
[2025-02-25T23:42:58.183+0000] {logging_mixin.py:190} INFO - [2025-02-25T23:42:58.183+0000] {dag.py:3239} INFO - Sync 1 DAGs
[2025-02-25T23:42:58.216+0000] {logging_mixin.py:190} INFO - [2025-02-25T23:42:58.216+0000] {dag.py:4180} INFO - Setting next_dagrun for example_workday_timetable to 2021-01-04 00:00:00+00:00, run_after=2021-01-05 00:00:00+00:00
[2025-02-25T23:42:58.226+0000] {processor.py:208} INFO - Processing /home/airflow/.local/lib/python3.12/site-packages/airflow/example_dags/example_workday_timetable.py took 0.063 seconds
[2025-02-25T23:43:29.151+0000] {processor.py:186} INFO - Started process (PID=264) to work on /home/airflow/.local/lib/python3.12/site-packages/airflow/example_dags/example_workday_timetable.py
[2025-02-25T23:43:29.151+0000] {processor.py:914} INFO - Processing file /home/airflow/.local/lib/python3.12/site-packages/airflow/example_dags/example_workday_timetable.py for tasks to queue
[2025-02-25T23:43:29.153+0000] {logging_mixin.py:190} INFO - [2025-02-25T23:43:29.153+0000] {dagbag.py:588} INFO - Filling up the DagBag from /home/airflow/.local/lib/python3.12/site-packages/airflow/example_dags/example_workday_timetable.py
[2025-02-25T23:43:29.157+0000] {processor.py:925} INFO - DAG(s) 'example_workday_timetable' retrieved from /home/airflow/.local/lib/python3.12/site-packages/airflow/example_dags/example_workday_timetable.py
[2025-02-25T23:43:29.168+0000] {logging_mixin.py:190} INFO - [2025-02-25T23:43:29.168+0000] {dag.py:3239} INFO - Sync 1 DAGs
[2025-02-25T23:43:29.201+0000] {logging_mixin.py:190} INFO - [2025-02-25T23:43:29.201+0000] {dag.py:4180} INFO - Setting next_dagrun for example_workday_timetable to 2021-01-04 00:00:00+00:00, run_after=2021-01-05 00:00:00+00:00
[2025-02-25T23:43:29.212+0000] {processor.py:208} INFO - Processing /home/airflow/.local/lib/python3.12/site-packages/airflow/example_dags/example_workday_timetable.py took 0.065 seconds
[2025-02-25T23:44:00.042+0000] {processor.py:186} INFO - Started process (PID=327) to work on /home/airflow/.local/lib/python3.12/site-packages/airflow/example_dags/example_workday_timetable.py
[2025-02-25T23:44:00.043+0000] {processor.py:914} INFO - Processing file /home/airflow/.local/lib/python3.12/site-packages/airflow/example_dags/example_workday_timetable.py for tasks to queue
[2025-02-25T23:44:00.045+0000] {logging_mixin.py:190} INFO - [2025-02-25T23:44:00.045+0000] {dagbag.py:588} INFO - Filling up the DagBag from /home/airflow/.local/lib/python3.12/site-packages/airflow/example_dags/example_workday_timetable.py
[2025-02-25T23:44:00.048+0000] {processor.py:925} INFO - DAG(s) 'example_workday_timetable' retrieved from /home/airflow/.local/lib/python3.12/site-packages/airflow/example_dags/example_workday_timetable.py
[2025-02-25T23:44:00.059+0000] {logging_mixin.py:190} INFO - [2025-02-25T23:44:00.059+0000] {dag.py:3239} INFO - Sync 1 DAGs
[2025-02-25T23:44:00.091+0000] {logging_mixin.py:190} INFO - [2025-02-25T23:44:00.091+0000] {dag.py:4180} INFO - Setting next_dagrun for example_workday_timetable to 2021-01-04 00:00:00+00:00, run_after=2021-01-05 00:00:00+00:00
[2025-02-25T23:44:00.102+0000] {processor.py:208} INFO - Processing /home/airflow/.local/lib/python3.12/site-packages/airflow/example_dags/example_workday_timetable.py took 0.063 seconds
[2025-02-25T23:44:30.795+0000] {processor.py:186} INFO - Started process (PID=390) to work on /home/airflow/.local/lib/python3.12/site-packages/airflow/example_dags/example_workday_timetable.py
[2025-02-25T23:44:30.796+0000] {processor.py:914} INFO - Processing file /home/airflow/.local/lib/python3.12/site-packages/airflow/example_dags/example_workday_timetable.py for tasks to queue
[2025-02-25T23:44:30.798+0000] {logging_mixin.py:190} INFO - [2025-02-25T23:44:30.797+0000] {dagbag.py:588} INFO - Filling up the DagBag from /home/airflow/.local/lib/python3.12/site-packages/airflow/example_dags/example_workday_timetable.py
[2025-02-25T23:44:30.801+0000] {processor.py:925} INFO - DAG(s) 'example_workday_timetable' retrieved from /home/airflow/.local/lib/python3.12/site-packages/airflow/example_dags/example_workday_timetable.py
[2025-02-25T23:44:30.812+0000] {logging_mixin.py:190} INFO - [2025-02-25T23:44:30.812+0000] {dag.py:3239} INFO - Sync 1 DAGs
[2025-02-25T23:44:30.844+0000] {logging_mixin.py:190} INFO - [2025-02-25T23:44:30.844+0000] {dag.py:4180} INFO - Setting next_dagrun for example_workday_timetable to 2021-01-04 00:00:00+00:00, run_after=2021-01-05 00:00:00+00:00
[2025-02-25T23:44:30.855+0000] {processor.py:208} INFO - Processing /home/airflow/.local/lib/python3.12/site-packages/airflow/example_dags/example_workday_timetable.py took 0.063 seconds
[2025-02-25T23:45:01.530+0000] {processor.py:186} INFO - Started process (PID=453) to work on /home/airflow/.local/lib/python3.12/site-packages/airflow/example_dags/example_workday_timetable.py
[2025-02-25T23:45:01.530+0000] {processor.py:914} INFO - Processing file /home/airflow/.local/lib/python3.12/site-packages/airflow/example_dags/example_workday_timetable.py for tasks to queue
[2025-02-25T23:45:01.532+0000] {logging_mixin.py:190} INFO - [2025-02-25T23:45:01.531+0000] {dagbag.py:588} INFO - Filling up the DagBag from /home/airflow/.local/lib/python3.12/site-packages/airflow/example_dags/example_workday_timetable.py
[2025-02-25T23:45:01.535+0000] {processor.py:925} INFO - DAG(s) 'example_workday_timetable' retrieved from /home/airflow/.local/lib/python3.12/site-packages/airflow/example_dags/example_workday_timetable.py
[2025-02-25T23:45:01.548+0000] {logging_mixin.py:190} INFO - [2025-02-25T23:45:01.548+0000] {dag.py:3239} INFO - Sync 1 DAGs
[2025-02-25T23:45:01.582+0000] {logging_mixin.py:190} INFO - [2025-02-25T23:45:01.582+0000] {dag.py:4180} INFO - Setting next_dagrun for example_workday_timetable to 2021-01-04 00:00:00+00:00, run_after=2021-01-05 00:00:00+00:00
[2025-02-25T23:45:01.594+0000] {processor.py:208} INFO - Processing /home/airflow/.local/lib/python3.12/site-packages/airflow/example_dags/example_workday_timetable.py took 0.067 seconds
[2025-02-25T23:45:32.276+0000] {processor.py:186} INFO - Started process (PID=516) to work on /home/airflow/.local/lib/python3.12/site-packages/airflow/example_dags/example_workday_timetable.py
[2025-02-25T23:45:32.277+0000] {processor.py:914} INFO - Processing file /home/airflow/.local/lib/python3.12/site-packages/airflow/example_dags/example_workday_timetable.py for tasks to queue
[2025-02-25T23:45:32.279+0000] {logging_mixin.py:190} INFO - [2025-02-25T23:45:32.279+0000] {dagbag.py:588} INFO - Filling up the DagBag from /home/airflow/.local/lib/python3.12/site-packages/airflow/example_dags/example_workday_timetable.py
[2025-02-25T23:45:32.283+0000] {processor.py:925} INFO - DAG(s) 'example_workday_timetable' retrieved from /home/airflow/.local/lib/python3.12/site-packages/airflow/example_dags/example_workday_timetable.py
[2025-02-25T23:45:32.296+0000] {logging_mixin.py:190} INFO - [2025-02-25T23:45:32.295+0000] {dag.py:3239} INFO - Sync 1 DAGs
[2025-02-25T23:45:32.332+0000] {logging_mixin.py:190} INFO - [2025-02-25T23:45:32.332+0000] {dag.py:4180} INFO - Setting next_dagrun for example_workday_timetable to 2021-01-04 00:00:00+00:00, run_after=2021-01-05 00:00:00+00:00
[2025-02-25T23:45:32.344+0000] {processor.py:208} INFO - Processing /home/airflow/.local/lib/python3.12/site-packages/airflow/example_dags/example_workday_timetable.py took 0.071 seconds
[2025-02-25T23:46:03.068+0000] {processor.py:186} INFO - Started process (PID=579) to work on /home/airflow/.local/lib/python3.12/site-packages/airflow/example_dags/example_workday_timetable.py
[2025-02-25T23:46:03.069+0000] {processor.py:914} INFO - Processing file /home/airflow/.local/lib/python3.12/site-packages/airflow/example_dags/example_workday_timetable.py for tasks to queue
[2025-02-25T23:46:03.070+0000] {logging_mixin.py:190} INFO - [2025-02-25T23:46:03.070+0000] {dagbag.py:588} INFO - Filling up the DagBag from /home/airflow/.local/lib/python3.12/site-packages/airflow/example_dags/example_workday_timetable.py
[2025-02-25T23:46:03.074+0000] {processor.py:925} INFO - DAG(s) 'example_workday_timetable' retrieved from /home/airflow/.local/lib/python3.12/site-packages/airflow/example_dags/example_workday_timetable.py
[2025-02-25T23:46:03.085+0000] {logging_mixin.py:190} INFO - [2025-02-25T23:46:03.085+0000] {dag.py:3239} INFO - Sync 1 DAGs
[2025-02-25T23:46:03.119+0000] {logging_mixin.py:190} INFO - [2025-02-25T23:46:03.119+0000] {dag.py:4180} INFO - Setting next_dagrun for example_workday_timetable to 2021-01-04 00:00:00+00:00, run_after=2021-01-05 00:00:00+00:00
[2025-02-25T23:46:03.131+0000] {processor.py:208} INFO - Processing /home/airflow/.local/lib/python3.12/site-packages/airflow/example_dags/example_workday_timetable.py took 0.066 seconds
[2025-02-25T23:46:33.928+0000] {processor.py:186} INFO - Started process (PID=642) to work on /home/airflow/.local/lib/python3.12/site-packages/airflow/example_dags/example_workday_timetable.py
[2025-02-25T23:46:33.929+0000] {processor.py:914} INFO - Processing file /home/airflow/.local/lib/python3.12/site-packages/airflow/example_dags/example_workday_timetable.py for tasks to queue
[2025-02-25T23:46:33.930+0000] {logging_mixin.py:190} INFO - [2025-02-25T23:46:33.930+0000] {dagbag.py:588} INFO - Filling up the DagBag from /home/airflow/.local/lib/python3.12/site-packages/airflow/example_dags/example_workday_timetable.py
[2025-02-25T23:46:33.933+0000] {processor.py:925} INFO - DAG(s) 'example_workday_timetable' retrieved from /home/airflow/.local/lib/python3.12/site-packages/airflow/example_dags/example_workday_timetable.py
[2025-02-25T23:46:33.944+0000] {logging_mixin.py:190} INFO - [2025-02-25T23:46:33.944+0000] {dag.py:3239} INFO - Sync 1 DAGs
[2025-02-25T23:46:33.977+0000] {logging_mixin.py:190} INFO - [2025-02-25T23:46:33.977+0000] {dag.py:4180} INFO - Setting next_dagrun for example_workday_timetable to 2021-01-04 00:00:00+00:00, run_after=2021-01-05 00:00:00+00:00
[2025-02-25T23:46:33.989+0000] {processor.py:208} INFO - Processing /home/airflow/.local/lib/python3.12/site-packages/airflow/example_dags/example_workday_timetable.py took 0.064 seconds
[2025-02-25T23:47:04.640+0000] {processor.py:186} INFO - Started process (PID=705) to work on /home/airflow/.local/lib/python3.12/site-packages/airflow/example_dags/example_workday_timetable.py
[2025-02-25T23:47:04.641+0000] {processor.py:914} INFO - Processing file /home/airflow/.local/lib/python3.12/site-packages/airflow/example_dags/example_workday_timetable.py for tasks to queue
[2025-02-25T23:47:04.642+0000] {logging_mixin.py:190} INFO - [2025-02-25T23:47:04.642+0000] {dagbag.py:588} INFO - Filling up the DagBag from /home/airflow/.local/lib/python3.12/site-packages/airflow/example_dags/example_workday_timetable.py
[2025-02-25T23:47:04.645+0000] {processor.py:925} INFO - DAG(s) 'example_workday_timetable' retrieved from /home/airflow/.local/lib/python3.12/site-packages/airflow/example_dags/example_workday_timetable.py
[2025-02-25T23:47:04.656+0000] {logging_mixin.py:190} INFO - [2025-02-25T23:47:04.656+0000] {dag.py:3239} INFO - Sync 1 DAGs
[2025-02-25T23:47:04.690+0000] {logging_mixin.py:190} INFO - [2025-02-25T23:47:04.690+0000] {dag.py:4180} INFO - Setting next_dagrun for example_workday_timetable to 2021-01-04 00:00:00+00:00, run_after=2021-01-05 00:00:00+00:00
[2025-02-25T23:47:04.700+0000] {processor.py:208} INFO - Processing /home/airflow/.local/lib/python3.12/site-packages/airflow/example_dags/example_workday_timetable.py took 0.064 seconds
[2025-02-25T23:47:35.397+0000] {processor.py:186} INFO - Started process (PID=768) to work on /home/airflow/.local/lib/python3.12/site-packages/airflow/example_dags/example_workday_timetable.py
[2025-02-25T23:47:35.398+0000] {processor.py:914} INFO - Processing file /home/airflow/.local/lib/python3.12/site-packages/airflow/example_dags/example_workday_timetable.py for tasks to queue
[2025-02-25T23:47:35.399+0000] {logging_mixin.py:190} INFO - [2025-02-25T23:47:35.399+0000] {dagbag.py:588} INFO - Filling up the DagBag from /home/airflow/.local/lib/python3.12/site-packages/airflow/example_dags/example_workday_timetable.py
[2025-02-25T23:47:35.402+0000] {processor.py:925} INFO - DAG(s) 'example_workday_timetable' retrieved from /home/airflow/.local/lib/python3.12/site-packages/airflow/example_dags/example_workday_timetable.py
[2025-02-25T23:47:35.413+0000] {logging_mixin.py:190} INFO - [2025-02-25T23:47:35.413+0000] {dag.py:3239} INFO - Sync 1 DAGs
[2025-02-25T23:47:35.445+0000] {logging_mixin.py:190} INFO - [2025-02-25T23:47:35.445+0000] {dag.py:4180} INFO - Setting next_dagrun for example_workday_timetable to 2021-01-04 00:00:00+00:00, run_after=2021-01-05 00:00:00+00:00
[2025-02-25T23:47:35.456+0000] {processor.py:208} INFO - Processing /home/airflow/.local/lib/python3.12/site-packages/airflow/example_dags/example_workday_timetable.py took 0.062 seconds
[2025-02-25T23:48:06.282+0000] {processor.py:186} INFO - Started process (PID=825) to work on /home/airflow/.local/lib/python3.12/site-packages/airflow/example_dags/example_workday_timetable.py
[2025-02-25T23:48:06.283+0000] {processor.py:914} INFO - Processing file /home/airflow/.local/lib/python3.12/site-packages/airflow/example_dags/example_workday_timetable.py for tasks to queue
[2025-02-25T23:48:06.285+0000] {logging_mixin.py:190} INFO - [2025-02-25T23:48:06.284+0000] {dagbag.py:588} INFO - Filling up the DagBag from /home/airflow/.local/lib/python3.12/site-packages/airflow/example_dags/example_workday_timetable.py
[2025-02-25T23:48:06.288+0000] {processor.py:925} INFO - DAG(s) 'example_workday_timetable' retrieved from /home/airflow/.local/lib/python3.12/site-packages/airflow/example_dags/example_workday_timetable.py
[2025-02-25T23:48:06.300+0000] {logging_mixin.py:190} INFO - [2025-02-25T23:48:06.300+0000] {dag.py:3239} INFO - Sync 1 DAGs
[2025-02-25T23:48:06.337+0000] {logging_mixin.py:190} INFO - [2025-02-25T23:48:06.337+0000] {dag.py:4180} INFO - Setting next_dagrun for example_workday_timetable to 2021-01-04 00:00:00+00:00, run_after=2021-01-05 00:00:00+00:00
[2025-02-25T23:48:06.350+0000] {processor.py:208} INFO - Processing /home/airflow/.local/lib/python3.12/site-packages/airflow/example_dags/example_workday_timetable.py took 0.072 seconds
[2025-02-25T23:48:37.050+0000] {processor.py:186} INFO - Started process (PID=888) to work on /home/airflow/.local/lib/python3.12/site-packages/airflow/example_dags/example_workday_timetable.py
[2025-02-25T23:48:37.052+0000] {processor.py:914} INFO - Processing file /home/airflow/.local/lib/python3.12/site-packages/airflow/example_dags/example_workday_timetable.py for tasks to queue
[2025-02-25T23:48:37.053+0000] {logging_mixin.py:190} INFO - [2025-02-25T23:48:37.053+0000] {dagbag.py:588} INFO - Filling up the DagBag from /home/airflow/.local/lib/python3.12/site-packages/airflow/example_dags/example_workday_timetable.py
[2025-02-25T23:48:37.056+0000] {processor.py:925} INFO - DAG(s) 'example_workday_timetable' retrieved from /home/airflow/.local/lib/python3.12/site-packages/airflow/example_dags/example_workday_timetable.py
[2025-02-25T23:48:37.068+0000] {logging_mixin.py:190} INFO - [2025-02-25T23:48:37.068+0000] {dag.py:3239} INFO - Sync 1 DAGs
[2025-02-25T23:48:37.101+0000] {logging_mixin.py:190} INFO - [2025-02-25T23:48:37.101+0000] {dag.py:4180} INFO - Setting next_dagrun for example_workday_timetable to 2021-01-04 00:00:00+00:00, run_after=2021-01-05 00:00:00+00:00
[2025-02-25T23:48:37.114+0000] {processor.py:208} INFO - Processing /home/airflow/.local/lib/python3.12/site-packages/airflow/example_dags/example_workday_timetable.py took 0.067 seconds
[2025-02-25T23:49:07.295+0000] {processor.py:186} INFO - Started process (PID=951) to work on /home/airflow/.local/lib/python3.12/site-packages/airflow/example_dags/example_workday_timetable.py
[2025-02-25T23:49:07.296+0000] {processor.py:914} INFO - Processing file /home/airflow/.local/lib/python3.12/site-packages/airflow/example_dags/example_workday_timetable.py for tasks to queue
[2025-02-25T23:49:07.297+0000] {logging_mixin.py:190} INFO - [2025-02-25T23:49:07.297+0000] {dagbag.py:588} INFO - Filling up the DagBag from /home/airflow/.local/lib/python3.12/site-packages/airflow/example_dags/example_workday_timetable.py
[2025-02-25T23:49:07.300+0000] {processor.py:925} INFO - DAG(s) 'example_workday_timetable' retrieved from /home/airflow/.local/lib/python3.12/site-packages/airflow/example_dags/example_workday_timetable.py
[2025-02-25T23:49:07.311+0000] {logging_mixin.py:190} INFO - [2025-02-25T23:49:07.310+0000] {dag.py:3239} INFO - Sync 1 DAGs
[2025-02-25T23:49:07.343+0000] {logging_mixin.py:190} INFO - [2025-02-25T23:49:07.343+0000] {dag.py:4180} INFO - Setting next_dagrun for example_workday_timetable to 2021-01-04 00:00:00+00:00, run_after=2021-01-05 00:00:00+00:00
[2025-02-25T23:49:07.353+0000] {processor.py:208} INFO - Processing /home/airflow/.local/lib/python3.12/site-packages/airflow/example_dags/example_workday_timetable.py took 0.062 seconds
[2025-02-25T23:49:37.780+0000] {processor.py:186} INFO - Started process (PID=1014) to work on /home/airflow/.local/lib/python3.12/site-packages/airflow/example_dags/example_workday_timetable.py
[2025-02-25T23:49:37.780+0000] {processor.py:914} INFO - Processing file /home/airflow/.local/lib/python3.12/site-packages/airflow/example_dags/example_workday_timetable.py for tasks to queue
[2025-02-25T23:49:37.781+0000] {logging_mixin.py:190} INFO - [2025-02-25T23:49:37.781+0000] {dagbag.py:588} INFO - Filling up the DagBag from /home/airflow/.local/lib/python3.12/site-packages/airflow/example_dags/example_workday_timetable.py
[2025-02-25T23:49:37.785+0000] {processor.py:925} INFO - DAG(s) 'example_workday_timetable' retrieved from /home/airflow/.local/lib/python3.12/site-packages/airflow/example_dags/example_workday_timetable.py
[2025-02-25T23:49:37.797+0000] {logging_mixin.py:190} INFO - [2025-02-25T23:49:37.797+0000] {dag.py:3239} INFO - Sync 1 DAGs
[2025-02-25T23:49:37.830+0000] {logging_mixin.py:190} INFO - [2025-02-25T23:49:37.830+0000] {dag.py:4180} INFO - Setting next_dagrun for example_workday_timetable to 2021-01-04 00:00:00+00:00, run_after=2021-01-05 00:00:00+00:00
[2025-02-25T23:49:37.840+0000] {processor.py:208} INFO - Processing /home/airflow/.local/lib/python3.12/site-packages/airflow/example_dags/example_workday_timetable.py took 0.064 seconds
[2025-02-25T23:50:08.291+0000] {processor.py:186} INFO - Started process (PID=1077) to work on /home/airflow/.local/lib/python3.12/site-packages/airflow/example_dags/example_workday_timetable.py
[2025-02-25T23:50:08.292+0000] {processor.py:914} INFO - Processing file /home/airflow/.local/lib/python3.12/site-packages/airflow/example_dags/example_workday_timetable.py for tasks to queue
[2025-02-25T23:50:08.293+0000] {logging_mixin.py:190} INFO - [2025-02-25T23:50:08.293+0000] {dagbag.py:588} INFO - Filling up the DagBag from /home/airflow/.local/lib/python3.12/site-packages/airflow/example_dags/example_workday_timetable.py
[2025-02-25T23:50:08.296+0000] {processor.py:925} INFO - DAG(s) 'example_workday_timetable' retrieved from /home/airflow/.local/lib/python3.12/site-packages/airflow/example_dags/example_workday_timetable.py
[2025-02-25T23:50:08.308+0000] {logging_mixin.py:190} INFO - [2025-02-25T23:50:08.308+0000] {dag.py:3239} INFO - Sync 1 DAGs
[2025-02-25T23:50:08.341+0000] {logging_mixin.py:190} INFO - [2025-02-25T23:50:08.341+0000] {dag.py:4180} INFO - Setting next_dagrun for example_workday_timetable to 2021-01-04 00:00:00+00:00, run_after=2021-01-05 00:00:00+00:00
[2025-02-25T23:50:08.354+0000] {processor.py:208} INFO - Processing /home/airflow/.local/lib/python3.12/site-packages/airflow/example_dags/example_workday_timetable.py took 0.067 seconds
[2025-02-25T23:50:38.771+0000] {processor.py:186} INFO - Started process (PID=1140) to work on /home/airflow/.local/lib/python3.12/site-packages/airflow/example_dags/example_workday_timetable.py
[2025-02-25T23:50:38.772+0000] {processor.py:914} INFO - Processing file /home/airflow/.local/lib/python3.12/site-packages/airflow/example_dags/example_workday_timetable.py for tasks to queue
[2025-02-25T23:50:38.773+0000] {logging_mixin.py:190} INFO - [2025-02-25T23:50:38.773+0000] {dagbag.py:588} INFO - Filling up the DagBag from /home/airflow/.local/lib/python3.12/site-packages/airflow/example_dags/example_workday_timetable.py
[2025-02-25T23:50:38.776+0000] {processor.py:925} INFO - DAG(s) 'example_workday_timetable' retrieved from /home/airflow/.local/lib/python3.12/site-packages/airflow/example_dags/example_workday_timetable.py
[2025-02-25T23:50:38.788+0000] {logging_mixin.py:190} INFO - [2025-02-25T23:50:38.788+0000] {dag.py:3239} INFO - Sync 1 DAGs
[2025-02-25T23:50:38.820+0000] {logging_mixin.py:190} INFO - [2025-02-25T23:50:38.820+0000] {dag.py:4180} INFO - Setting next_dagrun for example_workday_timetable to 2021-01-04 00:00:00+00:00, run_after=2021-01-05 00:00:00+00:00
[2025-02-25T23:50:38.832+0000] {processor.py:208} INFO - Processing /home/airflow/.local/lib/python3.12/site-packages/airflow/example_dags/example_workday_timetable.py took 0.064 seconds
[2025-02-25T23:51:11.318+0000] {processor.py:186} INFO - Started process (PID=1203) to work on /home/airflow/.local/lib/python3.12/site-packages/airflow/example_dags/example_workday_timetable.py
[2025-02-25T23:51:11.319+0000] {processor.py:914} INFO - Processing file /home/airflow/.local/lib/python3.12/site-packages/airflow/example_dags/example_workday_timetable.py for tasks to queue
[2025-02-25T23:51:11.320+0000] {logging_mixin.py:190} INFO - [2025-02-25T23:51:11.320+0000] {dagbag.py:588} INFO - Filling up the DagBag from /home/airflow/.local/lib/python3.12/site-packages/airflow/example_dags/example_workday_timetable.py
[2025-02-25T23:51:11.324+0000] {processor.py:925} INFO - DAG(s) 'example_workday_timetable' retrieved from /home/airflow/.local/lib/python3.12/site-packages/airflow/example_dags/example_workday_timetable.py
[2025-02-25T23:51:11.335+0000] {logging_mixin.py:190} INFO - [2025-02-25T23:51:11.335+0000] {dag.py:3239} INFO - Sync 1 DAGs
[2025-02-25T23:51:11.366+0000] {logging_mixin.py:190} INFO - [2025-02-25T23:51:11.366+0000] {dag.py:4180} INFO - Setting next_dagrun for example_workday_timetable to 2021-01-04 00:00:00+00:00, run_after=2021-01-05 00:00:00+00:00
[2025-02-25T23:51:11.377+0000] {processor.py:208} INFO - Processing /home/airflow/.local/lib/python3.12/site-packages/airflow/example_dags/example_workday_timetable.py took 0.062 seconds
[2025-02-25T23:51:41.906+0000] {processor.py:186} INFO - Started process (PID=1266) to work on /home/airflow/.local/lib/python3.12/site-packages/airflow/example_dags/example_workday_timetable.py
[2025-02-25T23:51:41.907+0000] {processor.py:914} INFO - Processing file /home/airflow/.local/lib/python3.12/site-packages/airflow/example_dags/example_workday_timetable.py for tasks to queue
[2025-02-25T23:51:41.908+0000] {logging_mixin.py:190} INFO - [2025-02-25T23:51:41.908+0000] {dagbag.py:588} INFO - Filling up the DagBag from /home/airflow/.local/lib/python3.12/site-packages/airflow/example_dags/example_workday_timetable.py
[2025-02-25T23:51:41.911+0000] {processor.py:925} INFO - DAG(s) 'example_workday_timetable' retrieved from /home/airflow/.local/lib/python3.12/site-packages/airflow/example_dags/example_workday_timetable.py
[2025-02-25T23:51:41.922+0000] {logging_mixin.py:190} INFO - [2025-02-25T23:51:41.922+0000] {dag.py:3239} INFO - Sync 1 DAGs
[2025-02-25T23:51:41.954+0000] {logging_mixin.py:190} INFO - [2025-02-25T23:51:41.954+0000] {dag.py:4180} INFO - Setting next_dagrun for example_workday_timetable to 2021-01-04 00:00:00+00:00, run_after=2021-01-05 00:00:00+00:00
[2025-02-25T23:51:41.965+0000] {processor.py:208} INFO - Processing /home/airflow/.local/lib/python3.12/site-packages/airflow/example_dags/example_workday_timetable.py took 0.062 seconds
[2025-02-25T23:52:12.966+0000] {processor.py:186} INFO - Started process (PID=1329) to work on /home/airflow/.local/lib/python3.12/site-packages/airflow/example_dags/example_workday_timetable.py
[2025-02-25T23:52:12.967+0000] {processor.py:914} INFO - Processing file /home/airflow/.local/lib/python3.12/site-packages/airflow/example_dags/example_workday_timetable.py for tasks to queue
[2025-02-25T23:52:12.968+0000] {logging_mixin.py:190} INFO - [2025-02-25T23:52:12.968+0000] {dagbag.py:588} INFO - Filling up the DagBag from /home/airflow/.local/lib/python3.12/site-packages/airflow/example_dags/example_workday_timetable.py
[2025-02-25T23:52:12.971+0000] {processor.py:925} INFO - DAG(s) 'example_workday_timetable' retrieved from /home/airflow/.local/lib/python3.12/site-packages/airflow/example_dags/example_workday_timetable.py
[2025-02-25T23:52:12.983+0000] {logging_mixin.py:190} INFO - [2025-02-25T23:52:12.982+0000] {dag.py:3239} INFO - Sync 1 DAGs
[2025-02-25T23:52:13.016+0000] {logging_mixin.py:190} INFO - [2025-02-25T23:52:13.016+0000] {dag.py:4180} INFO - Setting next_dagrun for example_workday_timetable to 2021-01-04 00:00:00+00:00, run_after=2021-01-05 00:00:00+00:00
[2025-02-25T23:52:13.026+0000] {processor.py:208} INFO - Processing /home/airflow/.local/lib/python3.12/site-packages/airflow/example_dags/example_workday_timetable.py took 0.064 seconds
[2025-02-25T23:52:43.970+0000] {processor.py:186} INFO - Started process (PID=1392) to work on /home/airflow/.local/lib/python3.12/site-packages/airflow/example_dags/example_workday_timetable.py
[2025-02-25T23:52:43.970+0000] {processor.py:914} INFO - Processing file /home/airflow/.local/lib/python3.12/site-packages/airflow/example_dags/example_workday_timetable.py for tasks to queue
[2025-02-25T23:52:43.971+0000] {logging_mixin.py:190} INFO - [2025-02-25T23:52:43.971+0000] {dagbag.py:588} INFO - Filling up the DagBag from /home/airflow/.local/lib/python3.12/site-packages/airflow/example_dags/example_workday_timetable.py
[2025-02-25T23:52:43.975+0000] {processor.py:925} INFO - DAG(s) 'example_workday_timetable' retrieved from /home/airflow/.local/lib/python3.12/site-packages/airflow/example_dags/example_workday_timetable.py
[2025-02-25T23:52:43.986+0000] {logging_mixin.py:190} INFO - [2025-02-25T23:52:43.986+0000] {dag.py:3239} INFO - Sync 1 DAGs
[2025-02-25T23:52:44.019+0000] {logging_mixin.py:190} INFO - [2025-02-25T23:52:44.019+0000] {dag.py:4180} INFO - Setting next_dagrun for example_workday_timetable to 2021-01-04 00:00:00+00:00, run_after=2021-01-05 00:00:00+00:00
[2025-02-25T23:52:44.030+0000] {processor.py:208} INFO - Processing /home/airflow/.local/lib/python3.12/site-packages/airflow/example_dags/example_workday_timetable.py took 0.063 seconds
[2025-02-25T23:53:14.993+0000] {processor.py:186} INFO - Started process (PID=1456) to work on /home/airflow/.local/lib/python3.12/site-packages/airflow/example_dags/example_workday_timetable.py
[2025-02-25T23:53:14.994+0000] {processor.py:914} INFO - Processing file /home/airflow/.local/lib/python3.12/site-packages/airflow/example_dags/example_workday_timetable.py for tasks to queue
[2025-02-25T23:53:14.996+0000] {logging_mixin.py:190} INFO - [2025-02-25T23:53:14.995+0000] {dagbag.py:588} INFO - Filling up the DagBag from /home/airflow/.local/lib/python3.12/site-packages/airflow/example_dags/example_workday_timetable.py
[2025-02-25T23:53:14.999+0000] {processor.py:925} INFO - DAG(s) 'example_workday_timetable' retrieved from /home/airflow/.local/lib/python3.12/site-packages/airflow/example_dags/example_workday_timetable.py
[2025-02-25T23:53:15.010+0000] {logging_mixin.py:190} INFO - [2025-02-25T23:53:15.010+0000] {dag.py:3239} INFO - Sync 1 DAGs
[2025-02-25T23:53:15.043+0000] {logging_mixin.py:190} INFO - [2025-02-25T23:53:15.043+0000] {dag.py:4180} INFO - Setting next_dagrun for example_workday_timetable to 2021-01-04 00:00:00+00:00, run_after=2021-01-05 00:00:00+00:00
[2025-02-25T23:53:15.054+0000] {processor.py:208} INFO - Processing /home/airflow/.local/lib/python3.12/site-packages/airflow/example_dags/example_workday_timetable.py took 0.064 seconds
[2025-02-25T23:53:45.898+0000] {processor.py:186} INFO - Started process (PID=1519) to work on /home/airflow/.local/lib/python3.12/site-packages/airflow/example_dags/example_workday_timetable.py
[2025-02-25T23:53:45.898+0000] {processor.py:914} INFO - Processing file /home/airflow/.local/lib/python3.12/site-packages/airflow/example_dags/example_workday_timetable.py for tasks to queue
[2025-02-25T23:53:45.900+0000] {logging_mixin.py:190} INFO - [2025-02-25T23:53:45.900+0000] {dagbag.py:588} INFO - Filling up the DagBag from /home/airflow/.local/lib/python3.12/site-packages/airflow/example_dags/example_workday_timetable.py
[2025-02-25T23:53:45.903+0000] {processor.py:925} INFO - DAG(s) 'example_workday_timetable' retrieved from /home/airflow/.local/lib/python3.12/site-packages/airflow/example_dags/example_workday_timetable.py
[2025-02-25T23:53:45.914+0000] {logging_mixin.py:190} INFO - [2025-02-25T23:53:45.914+0000] {dag.py:3239} INFO - Sync 1 DAGs
[2025-02-25T23:53:45.945+0000] {logging_mixin.py:190} INFO - [2025-02-25T23:53:45.945+0000] {dag.py:4180} INFO - Setting next_dagrun for example_workday_timetable to 2021-01-04 00:00:00+00:00, run_after=2021-01-05 00:00:00+00:00
[2025-02-25T23:53:45.956+0000] {processor.py:208} INFO - Processing /home/airflow/.local/lib/python3.12/site-packages/airflow/example_dags/example_workday_timetable.py took 0.061 seconds
[2025-02-25T23:54:16.825+0000] {processor.py:186} INFO - Started process (PID=1582) to work on /home/airflow/.local/lib/python3.12/site-packages/airflow/example_dags/example_workday_timetable.py
[2025-02-25T23:54:16.825+0000] {processor.py:914} INFO - Processing file /home/airflow/.local/lib/python3.12/site-packages/airflow/example_dags/example_workday_timetable.py for tasks to queue
[2025-02-25T23:54:16.827+0000] {logging_mixin.py:190} INFO - [2025-02-25T23:54:16.827+0000] {dagbag.py:588} INFO - Filling up the DagBag from /home/airflow/.local/lib/python3.12/site-packages/airflow/example_dags/example_workday_timetable.py
[2025-02-25T23:54:16.830+0000] {processor.py:925} INFO - DAG(s) 'example_workday_timetable' retrieved from /home/airflow/.local/lib/python3.12/site-packages/airflow/example_dags/example_workday_timetable.py
[2025-02-25T23:54:16.842+0000] {logging_mixin.py:190} INFO - [2025-02-25T23:54:16.842+0000] {dag.py:3239} INFO - Sync 1 DAGs
[2025-02-25T23:54:16.876+0000] {logging_mixin.py:190} INFO - [2025-02-25T23:54:16.875+0000] {dag.py:4180} INFO - Setting next_dagrun for example_workday_timetable to 2021-01-04 00:00:00+00:00, run_after=2021-01-05 00:00:00+00:00
[2025-02-25T23:54:16.886+0000] {processor.py:208} INFO - Processing /home/airflow/.local/lib/python3.12/site-packages/airflow/example_dags/example_workday_timetable.py took 0.065 seconds
[2025-02-25T23:54:47.870+0000] {processor.py:186} INFO - Started process (PID=1645) to work on /home/airflow/.local/lib/python3.12/site-packages/airflow/example_dags/example_workday_timetable.py
[2025-02-25T23:54:47.871+0000] {processor.py:914} INFO - Processing file /home/airflow/.local/lib/python3.12/site-packages/airflow/example_dags/example_workday_timetable.py for tasks to queue
[2025-02-25T23:54:47.872+0000] {logging_mixin.py:190} INFO - [2025-02-25T23:54:47.872+0000] {dagbag.py:588} INFO - Filling up the DagBag from /home/airflow/.local/lib/python3.12/site-packages/airflow/example_dags/example_workday_timetable.py
[2025-02-25T23:54:47.876+0000] {processor.py:925} INFO - DAG(s) 'example_workday_timetable' retrieved from /home/airflow/.local/lib/python3.12/site-packages/airflow/example_dags/example_workday_timetable.py
[2025-02-25T23:54:47.887+0000] {logging_mixin.py:190} INFO - [2025-02-25T23:54:47.887+0000] {dag.py:3239} INFO - Sync 1 DAGs
[2025-02-25T23:54:47.920+0000] {logging_mixin.py:190} INFO - [2025-02-25T23:54:47.919+0000] {dag.py:4180} INFO - Setting next_dagrun for example_workday_timetable to 2021-01-04 00:00:00+00:00, run_after=2021-01-05 00:00:00+00:00
[2025-02-25T23:54:47.931+0000] {processor.py:208} INFO - Processing /home/airflow/.local/lib/python3.12/site-packages/airflow/example_dags/example_workday_timetable.py took 0.065 seconds
[2025-02-25T23:55:18.168+0000] {processor.py:186} INFO - Started process (PID=1708) to work on /home/airflow/.local/lib/python3.12/site-packages/airflow/example_dags/example_workday_timetable.py
[2025-02-25T23:55:18.169+0000] {processor.py:914} INFO - Processing file /home/airflow/.local/lib/python3.12/site-packages/airflow/example_dags/example_workday_timetable.py for tasks to queue
[2025-02-25T23:55:18.170+0000] {logging_mixin.py:190} INFO - [2025-02-25T23:55:18.170+0000] {dagbag.py:588} INFO - Filling up the DagBag from /home/airflow/.local/lib/python3.12/site-packages/airflow/example_dags/example_workday_timetable.py
[2025-02-25T23:55:18.174+0000] {processor.py:925} INFO - DAG(s) 'example_workday_timetable' retrieved from /home/airflow/.local/lib/python3.12/site-packages/airflow/example_dags/example_workday_timetable.py
[2025-02-25T23:55:18.185+0000] {logging_mixin.py:190} INFO - [2025-02-25T23:55:18.185+0000] {dag.py:3239} INFO - Sync 1 DAGs
[2025-02-25T23:55:18.220+0000] {logging_mixin.py:190} INFO - [2025-02-25T23:55:18.220+0000] {dag.py:4180} INFO - Setting next_dagrun for example_workday_timetable to 2021-01-04 00:00:00+00:00, run_after=2021-01-05 00:00:00+00:00
[2025-02-25T23:55:18.230+0000] {processor.py:208} INFO - Processing /home/airflow/.local/lib/python3.12/site-packages/airflow/example_dags/example_workday_timetable.py took 0.065 seconds
[2025-02-25T23:55:52.018+0000] {processor.py:186} INFO - Started process (PID=1771) to work on /home/airflow/.local/lib/python3.12/site-packages/airflow/example_dags/example_workday_timetable.py
[2025-02-25T23:55:52.019+0000] {processor.py:914} INFO - Processing file /home/airflow/.local/lib/python3.12/site-packages/airflow/example_dags/example_workday_timetable.py for tasks to queue
[2025-02-25T23:55:52.020+0000] {logging_mixin.py:190} INFO - [2025-02-25T23:55:52.020+0000] {dagbag.py:588} INFO - Filling up the DagBag from /home/airflow/.local/lib/python3.12/site-packages/airflow/example_dags/example_workday_timetable.py
[2025-02-25T23:55:52.024+0000] {processor.py:925} INFO - DAG(s) 'example_workday_timetable' retrieved from /home/airflow/.local/lib/python3.12/site-packages/airflow/example_dags/example_workday_timetable.py
[2025-02-25T23:55:52.036+0000] {logging_mixin.py:190} INFO - [2025-02-25T23:55:52.036+0000] {dag.py:3239} INFO - Sync 1 DAGs
[2025-02-25T23:55:52.072+0000] {logging_mixin.py:190} INFO - [2025-02-25T23:55:52.072+0000] {dag.py:4180} INFO - Setting next_dagrun for example_workday_timetable to 2021-01-04 00:00:00+00:00, run_after=2021-01-05 00:00:00+00:00
[2025-02-25T23:55:52.084+0000] {processor.py:208} INFO - Processing /home/airflow/.local/lib/python3.12/site-packages/airflow/example_dags/example_workday_timetable.py took 0.070 seconds
[2025-02-25T23:56:22.932+0000] {processor.py:186} INFO - Started process (PID=1834) to work on /home/airflow/.local/lib/python3.12/site-packages/airflow/example_dags/example_workday_timetable.py
[2025-02-25T23:56:22.932+0000] {processor.py:914} INFO - Processing file /home/airflow/.local/lib/python3.12/site-packages/airflow/example_dags/example_workday_timetable.py for tasks to queue
[2025-02-25T23:56:22.934+0000] {logging_mixin.py:190} INFO - [2025-02-25T23:56:22.934+0000] {dagbag.py:588} INFO - Filling up the DagBag from /home/airflow/.local/lib/python3.12/site-packages/airflow/example_dags/example_workday_timetable.py
[2025-02-25T23:56:22.937+0000] {processor.py:925} INFO - DAG(s) 'example_workday_timetable' retrieved from /home/airflow/.local/lib/python3.12/site-packages/airflow/example_dags/example_workday_timetable.py
[2025-02-25T23:56:22.948+0000] {logging_mixin.py:190} INFO - [2025-02-25T23:56:22.948+0000] {dag.py:3239} INFO - Sync 1 DAGs
[2025-02-25T23:56:22.980+0000] {logging_mixin.py:190} INFO - [2025-02-25T23:56:22.980+0000] {dag.py:4180} INFO - Setting next_dagrun for example_workday_timetable to 2021-01-04 00:00:00+00:00, run_after=2021-01-05 00:00:00+00:00
[2025-02-25T23:56:22.990+0000] {processor.py:208} INFO - Processing /home/airflow/.local/lib/python3.12/site-packages/airflow/example_dags/example_workday_timetable.py took 0.062 seconds
[2025-02-25T23:56:53.083+0000] {processor.py:186} INFO - Started process (PID=1897) to work on /home/airflow/.local/lib/python3.12/site-packages/airflow/example_dags/example_workday_timetable.py
[2025-02-25T23:56:53.084+0000] {processor.py:914} INFO - Processing file /home/airflow/.local/lib/python3.12/site-packages/airflow/example_dags/example_workday_timetable.py for tasks to queue
[2025-02-25T23:56:53.086+0000] {logging_mixin.py:190} INFO - [2025-02-25T23:56:53.085+0000] {dagbag.py:588} INFO - Filling up the DagBag from /home/airflow/.local/lib/python3.12/site-packages/airflow/example_dags/example_workday_timetable.py
[2025-02-25T23:56:53.089+0000] {processor.py:925} INFO - DAG(s) 'example_workday_timetable' retrieved from /home/airflow/.local/lib/python3.12/site-packages/airflow/example_dags/example_workday_timetable.py
[2025-02-25T23:56:53.102+0000] {logging_mixin.py:190} INFO - [2025-02-25T23:56:53.102+0000] {dag.py:3239} INFO - Sync 1 DAGs
[2025-02-25T23:56:53.136+0000] {logging_mixin.py:190} INFO - [2025-02-25T23:56:53.136+0000] {dag.py:4180} INFO - Setting next_dagrun for example_workday_timetable to 2021-01-04 00:00:00+00:00, run_after=2021-01-05 00:00:00+00:00
[2025-02-25T23:56:53.149+0000] {processor.py:208} INFO - Processing /home/airflow/.local/lib/python3.12/site-packages/airflow/example_dags/example_workday_timetable.py took 0.069 seconds
[2025-02-25T23:57:23.990+0000] {processor.py:186} INFO - Started process (PID=1954) to work on /home/airflow/.local/lib/python3.12/site-packages/airflow/example_dags/example_workday_timetable.py
[2025-02-25T23:57:23.991+0000] {processor.py:914} INFO - Processing file /home/airflow/.local/lib/python3.12/site-packages/airflow/example_dags/example_workday_timetable.py for tasks to queue
[2025-02-25T23:57:23.992+0000] {logging_mixin.py:190} INFO - [2025-02-25T23:57:23.992+0000] {dagbag.py:588} INFO - Filling up the DagBag from /home/airflow/.local/lib/python3.12/site-packages/airflow/example_dags/example_workday_timetable.py
[2025-02-25T23:57:23.995+0000] {processor.py:925} INFO - DAG(s) 'example_workday_timetable' retrieved from /home/airflow/.local/lib/python3.12/site-packages/airflow/example_dags/example_workday_timetable.py
[2025-02-25T23:57:24.007+0000] {logging_mixin.py:190} INFO - [2025-02-25T23:57:24.007+0000] {dag.py:3239} INFO - Sync 1 DAGs
[2025-02-25T23:57:24.040+0000] {logging_mixin.py:190} INFO - [2025-02-25T23:57:24.040+0000] {dag.py:4180} INFO - Setting next_dagrun for example_workday_timetable to 2021-01-04 00:00:00+00:00, run_after=2021-01-05 00:00:00+00:00
[2025-02-25T23:57:24.052+0000] {processor.py:208} INFO - Processing /home/airflow/.local/lib/python3.12/site-packages/airflow/example_dags/example_workday_timetable.py took 0.065 seconds
[2025-02-25T23:57:55.715+0000] {processor.py:186} INFO - Started process (PID=2017) to work on /home/airflow/.local/lib/python3.12/site-packages/airflow/example_dags/example_workday_timetable.py
[2025-02-25T23:57:55.716+0000] {processor.py:914} INFO - Processing file /home/airflow/.local/lib/python3.12/site-packages/airflow/example_dags/example_workday_timetable.py for tasks to queue
[2025-02-25T23:57:55.717+0000] {logging_mixin.py:190} INFO - [2025-02-25T23:57:55.717+0000] {dagbag.py:588} INFO - Filling up the DagBag from /home/airflow/.local/lib/python3.12/site-packages/airflow/example_dags/example_workday_timetable.py
[2025-02-25T23:57:55.720+0000] {processor.py:925} INFO - DAG(s) 'example_workday_timetable' retrieved from /home/airflow/.local/lib/python3.12/site-packages/airflow/example_dags/example_workday_timetable.py
[2025-02-25T23:57:55.730+0000] {logging_mixin.py:190} INFO - [2025-02-25T23:57:55.730+0000] {dag.py:3239} INFO - Sync 1 DAGs
[2025-02-25T23:57:55.761+0000] {logging_mixin.py:190} INFO - [2025-02-25T23:57:55.761+0000] {dag.py:4180} INFO - Setting next_dagrun for example_workday_timetable to 2021-01-04 00:00:00+00:00, run_after=2021-01-05 00:00:00+00:00
[2025-02-25T23:57:55.772+0000] {processor.py:208} INFO - Processing /home/airflow/.local/lib/python3.12/site-packages/airflow/example_dags/example_workday_timetable.py took 0.061 seconds
[2025-02-25T23:58:29.431+0000] {processor.py:186} INFO - Started process (PID=2080) to work on /home/airflow/.local/lib/python3.12/site-packages/airflow/example_dags/example_workday_timetable.py
[2025-02-25T23:58:29.432+0000] {processor.py:914} INFO - Processing file /home/airflow/.local/lib/python3.12/site-packages/airflow/example_dags/example_workday_timetable.py for tasks to queue
[2025-02-25T23:58:29.433+0000] {logging_mixin.py:190} INFO - [2025-02-25T23:58:29.433+0000] {dagbag.py:588} INFO - Filling up the DagBag from /home/airflow/.local/lib/python3.12/site-packages/airflow/example_dags/example_workday_timetable.py
[2025-02-25T23:58:29.437+0000] {processor.py:925} INFO - DAG(s) 'example_workday_timetable' retrieved from /home/airflow/.local/lib/python3.12/site-packages/airflow/example_dags/example_workday_timetable.py
[2025-02-25T23:58:29.448+0000] {logging_mixin.py:190} INFO - [2025-02-25T23:58:29.448+0000] {dag.py:3239} INFO - Sync 1 DAGs
[2025-02-25T23:58:29.480+0000] {logging_mixin.py:190} INFO - [2025-02-25T23:58:29.480+0000] {dag.py:4180} INFO - Setting next_dagrun for example_workday_timetable to 2021-01-04 00:00:00+00:00, run_after=2021-01-05 00:00:00+00:00
[2025-02-25T23:58:29.491+0000] {processor.py:208} INFO - Processing /home/airflow/.local/lib/python3.12/site-packages/airflow/example_dags/example_workday_timetable.py took 0.063 seconds
[2025-02-25T23:59:00.212+0000] {processor.py:186} INFO - Started process (PID=2143) to work on /home/airflow/.local/lib/python3.12/site-packages/airflow/example_dags/example_workday_timetable.py
[2025-02-25T23:59:00.213+0000] {processor.py:914} INFO - Processing file /home/airflow/.local/lib/python3.12/site-packages/airflow/example_dags/example_workday_timetable.py for tasks to queue
[2025-02-25T23:59:00.214+0000] {logging_mixin.py:190} INFO - [2025-02-25T23:59:00.214+0000] {dagbag.py:588} INFO - Filling up the DagBag from /home/airflow/.local/lib/python3.12/site-packages/airflow/example_dags/example_workday_timetable.py
[2025-02-25T23:59:00.218+0000] {processor.py:925} INFO - DAG(s) 'example_workday_timetable' retrieved from /home/airflow/.local/lib/python3.12/site-packages/airflow/example_dags/example_workday_timetable.py
[2025-02-25T23:59:00.228+0000] {logging_mixin.py:190} INFO - [2025-02-25T23:59:00.228+0000] {dag.py:3239} INFO - Sync 1 DAGs
[2025-02-25T23:59:00.262+0000] {logging_mixin.py:190} INFO - [2025-02-25T23:59:00.261+0000] {dag.py:4180} INFO - Setting next_dagrun for example_workday_timetable to 2021-01-04 00:00:00+00:00, run_after=2021-01-05 00:00:00+00:00
[2025-02-25T23:59:00.271+0000] {processor.py:208} INFO - Processing /home/airflow/.local/lib/python3.12/site-packages/airflow/example_dags/example_workday_timetable.py took 0.062 seconds
[2025-02-25T23:59:30.960+0000] {processor.py:186} INFO - Started process (PID=2206) to work on /home/airflow/.local/lib/python3.12/site-packages/airflow/example_dags/example_workday_timetable.py
[2025-02-25T23:59:30.961+0000] {processor.py:914} INFO - Processing file /home/airflow/.local/lib/python3.12/site-packages/airflow/example_dags/example_workday_timetable.py for tasks to queue
[2025-02-25T23:59:30.962+0000] {logging_mixin.py:190} INFO - [2025-02-25T23:59:30.962+0000] {dagbag.py:588} INFO - Filling up the DagBag from /home/airflow/.local/lib/python3.12/site-packages/airflow/example_dags/example_workday_timetable.py
[2025-02-25T23:59:30.965+0000] {processor.py:925} INFO - DAG(s) 'example_workday_timetable' retrieved from /home/airflow/.local/lib/python3.12/site-packages/airflow/example_dags/example_workday_timetable.py
[2025-02-25T23:59:30.976+0000] {logging_mixin.py:190} INFO - [2025-02-25T23:59:30.976+0000] {dag.py:3239} INFO - Sync 1 DAGs
[2025-02-25T23:59:31.009+0000] {logging_mixin.py:190} INFO - [2025-02-25T23:59:31.009+0000] {dag.py:4180} INFO - Setting next_dagrun for example_workday_timetable to 2021-01-04 00:00:00+00:00, run_after=2021-01-05 00:00:00+00:00
[2025-02-25T23:59:31.019+0000] {processor.py:208} INFO - Processing /home/airflow/.local/lib/python3.12/site-packages/airflow/example_dags/example_workday_timetable.py took 0.062 seconds
