[2025-02-25T23:22:17.421+0000] {processor.py:186} INFO - Started process (PID=84) to work on /home/airflow/.local/lib/python3.12/site-packages/airflow/example_dags/example_setup_teardown.py
[2025-02-25T23:22:17.421+0000] {processor.py:914} INFO - Processing file /home/airflow/.local/lib/python3.12/site-packages/airflow/example_dags/example_setup_teardown.py for tasks to queue
[2025-02-25T23:22:17.423+0000] {logging_mixin.py:190} INFO - [2025-02-25T23:22:17.422+0000] {dagbag.py:588} INFO - Filling up the DagBag from /home/airflow/.local/lib/python3.12/site-packages/airflow/example_dags/example_setup_teardown.py
[2025-02-25T23:22:17.428+0000] {processor.py:925} INFO - DAG(s) 'example_setup_teardown' retrieved from /home/airflow/.local/lib/python3.12/site-packages/airflow/example_dags/example_setup_teardown.py
[2025-02-25T23:22:17.494+0000] {logging_mixin.py:190} INFO - [2025-02-25T23:22:17.494+0000] {override.py:1912} INFO - Created Permission View: can edit on DAG:example_setup_teardown
[2025-02-25T23:22:17.500+0000] {logging_mixin.py:190} INFO - [2025-02-25T23:22:17.499+0000] {override.py:1912} INFO - Created Permission View: can delete on DAG:example_setup_teardown
[2025-02-25T23:22:17.503+0000] {logging_mixin.py:190} INFO - [2025-02-25T23:22:17.503+0000] {override.py:1912} INFO - Created Permission View: can read on DAG:example_setup_teardown
[2025-02-25T23:22:17.507+0000] {logging_mixin.py:190} INFO - [2025-02-25T23:22:17.507+0000] {override.py:1912} INFO - Created Permission View: can delete on DAG Run:example_setup_teardown
[2025-02-25T23:22:17.510+0000] {logging_mixin.py:190} INFO - [2025-02-25T23:22:17.510+0000] {override.py:1912} INFO - Created Permission View: can read on DAG Run:example_setup_teardown
[2025-02-25T23:22:17.514+0000] {logging_mixin.py:190} INFO - [2025-02-25T23:22:17.514+0000] {override.py:1912} INFO - Created Permission View: menu access on DAG Run:example_setup_teardown
[2025-02-25T23:22:17.517+0000] {logging_mixin.py:190} INFO - [2025-02-25T23:22:17.517+0000] {override.py:1912} INFO - Created Permission View: can create on DAG Run:example_setup_teardown
[2025-02-25T23:22:17.517+0000] {logging_mixin.py:190} INFO - [2025-02-25T23:22:17.517+0000] {dag.py:3239} INFO - Sync 1 DAGs
[2025-02-25T23:22:17.525+0000] {logging_mixin.py:190} INFO - [2025-02-25T23:22:17.525+0000] {dag.py:3262} INFO - Creating ORM DAG for example_setup_teardown
[2025-02-25T23:22:17.525+0000] {logging_mixin.py:190} INFO - [2025-02-25T23:22:17.525+0000] {dag.py:4180} INFO - Setting next_dagrun for example_setup_teardown to None, run_after=None
[2025-02-25T23:22:17.534+0000] {processor.py:208} INFO - Processing /home/airflow/.local/lib/python3.12/site-packages/airflow/example_dags/example_setup_teardown.py took 0.117 seconds
[2025-02-25T23:22:47.730+0000] {processor.py:186} INFO - Started process (PID=147) to work on /home/airflow/.local/lib/python3.12/site-packages/airflow/example_dags/example_setup_teardown.py
[2025-02-25T23:22:47.730+0000] {processor.py:914} INFO - Processing file /home/airflow/.local/lib/python3.12/site-packages/airflow/example_dags/example_setup_teardown.py for tasks to queue
[2025-02-25T23:22:47.732+0000] {logging_mixin.py:190} INFO - [2025-02-25T23:22:47.732+0000] {dagbag.py:588} INFO - Filling up the DagBag from /home/airflow/.local/lib/python3.12/site-packages/airflow/example_dags/example_setup_teardown.py
[2025-02-25T23:22:47.737+0000] {processor.py:925} INFO - DAG(s) 'example_setup_teardown' retrieved from /home/airflow/.local/lib/python3.12/site-packages/airflow/example_dags/example_setup_teardown.py
[2025-02-25T23:22:47.750+0000] {logging_mixin.py:190} INFO - [2025-02-25T23:22:47.750+0000] {dag.py:3239} INFO - Sync 1 DAGs
[2025-02-25T23:22:47.758+0000] {logging_mixin.py:190} INFO - [2025-02-25T23:22:47.758+0000] {dag.py:4180} INFO - Setting next_dagrun for example_setup_teardown to None, run_after=None
[2025-02-25T23:22:47.768+0000] {processor.py:208} INFO - Processing /home/airflow/.local/lib/python3.12/site-packages/airflow/example_dags/example_setup_teardown.py took 0.041 seconds
[2025-02-25T23:23:18.747+0000] {processor.py:186} INFO - Started process (PID=210) to work on /home/airflow/.local/lib/python3.12/site-packages/airflow/example_dags/example_setup_teardown.py
[2025-02-25T23:23:18.747+0000] {processor.py:914} INFO - Processing file /home/airflow/.local/lib/python3.12/site-packages/airflow/example_dags/example_setup_teardown.py for tasks to queue
[2025-02-25T23:23:18.749+0000] {logging_mixin.py:190} INFO - [2025-02-25T23:23:18.749+0000] {dagbag.py:588} INFO - Filling up the DagBag from /home/airflow/.local/lib/python3.12/site-packages/airflow/example_dags/example_setup_teardown.py
[2025-02-25T23:23:18.754+0000] {processor.py:925} INFO - DAG(s) 'example_setup_teardown' retrieved from /home/airflow/.local/lib/python3.12/site-packages/airflow/example_dags/example_setup_teardown.py
[2025-02-25T23:23:18.767+0000] {logging_mixin.py:190} INFO - [2025-02-25T23:23:18.766+0000] {dag.py:3239} INFO - Sync 1 DAGs
[2025-02-25T23:23:18.774+0000] {logging_mixin.py:190} INFO - [2025-02-25T23:23:18.774+0000] {dag.py:4180} INFO - Setting next_dagrun for example_setup_teardown to None, run_after=None
[2025-02-25T23:23:18.785+0000] {processor.py:208} INFO - Processing /home/airflow/.local/lib/python3.12/site-packages/airflow/example_dags/example_setup_teardown.py took 0.041 seconds
[2025-02-25T23:23:49.560+0000] {processor.py:186} INFO - Started process (PID=273) to work on /home/airflow/.local/lib/python3.12/site-packages/airflow/example_dags/example_setup_teardown.py
[2025-02-25T23:23:49.561+0000] {processor.py:914} INFO - Processing file /home/airflow/.local/lib/python3.12/site-packages/airflow/example_dags/example_setup_teardown.py for tasks to queue
[2025-02-25T23:23:49.562+0000] {logging_mixin.py:190} INFO - [2025-02-25T23:23:49.562+0000] {dagbag.py:588} INFO - Filling up the DagBag from /home/airflow/.local/lib/python3.12/site-packages/airflow/example_dags/example_setup_teardown.py
[2025-02-25T23:23:49.567+0000] {processor.py:925} INFO - DAG(s) 'example_setup_teardown' retrieved from /home/airflow/.local/lib/python3.12/site-packages/airflow/example_dags/example_setup_teardown.py
[2025-02-25T23:23:49.579+0000] {logging_mixin.py:190} INFO - [2025-02-25T23:23:49.579+0000] {dag.py:3239} INFO - Sync 1 DAGs
[2025-02-25T23:23:49.587+0000] {logging_mixin.py:190} INFO - [2025-02-25T23:23:49.587+0000] {dag.py:4180} INFO - Setting next_dagrun for example_setup_teardown to None, run_after=None
[2025-02-25T23:23:49.598+0000] {processor.py:208} INFO - Processing /home/airflow/.local/lib/python3.12/site-packages/airflow/example_dags/example_setup_teardown.py took 0.042 seconds
[2025-02-25T23:24:20.485+0000] {processor.py:186} INFO - Started process (PID=336) to work on /home/airflow/.local/lib/python3.12/site-packages/airflow/example_dags/example_setup_teardown.py
[2025-02-25T23:24:20.486+0000] {processor.py:914} INFO - Processing file /home/airflow/.local/lib/python3.12/site-packages/airflow/example_dags/example_setup_teardown.py for tasks to queue
[2025-02-25T23:24:20.487+0000] {logging_mixin.py:190} INFO - [2025-02-25T23:24:20.487+0000] {dagbag.py:588} INFO - Filling up the DagBag from /home/airflow/.local/lib/python3.12/site-packages/airflow/example_dags/example_setup_teardown.py
[2025-02-25T23:24:20.492+0000] {processor.py:925} INFO - DAG(s) 'example_setup_teardown' retrieved from /home/airflow/.local/lib/python3.12/site-packages/airflow/example_dags/example_setup_teardown.py
[2025-02-25T23:24:20.504+0000] {logging_mixin.py:190} INFO - [2025-02-25T23:24:20.504+0000] {dag.py:3239} INFO - Sync 1 DAGs
[2025-02-25T23:24:20.512+0000] {logging_mixin.py:190} INFO - [2025-02-25T23:24:20.512+0000] {dag.py:4180} INFO - Setting next_dagrun for example_setup_teardown to None, run_after=None
[2025-02-25T23:24:20.522+0000] {processor.py:208} INFO - Processing /home/airflow/.local/lib/python3.12/site-packages/airflow/example_dags/example_setup_teardown.py took 0.040 seconds
[2025-02-25T23:24:51.188+0000] {processor.py:186} INFO - Started process (PID=399) to work on /home/airflow/.local/lib/python3.12/site-packages/airflow/example_dags/example_setup_teardown.py
[2025-02-25T23:24:51.189+0000] {processor.py:914} INFO - Processing file /home/airflow/.local/lib/python3.12/site-packages/airflow/example_dags/example_setup_teardown.py for tasks to queue
[2025-02-25T23:24:51.190+0000] {logging_mixin.py:190} INFO - [2025-02-25T23:24:51.190+0000] {dagbag.py:588} INFO - Filling up the DagBag from /home/airflow/.local/lib/python3.12/site-packages/airflow/example_dags/example_setup_teardown.py
[2025-02-25T23:24:51.195+0000] {processor.py:925} INFO - DAG(s) 'example_setup_teardown' retrieved from /home/airflow/.local/lib/python3.12/site-packages/airflow/example_dags/example_setup_teardown.py
[2025-02-25T23:24:51.207+0000] {logging_mixin.py:190} INFO - [2025-02-25T23:24:51.207+0000] {dag.py:3239} INFO - Sync 1 DAGs
[2025-02-25T23:24:51.215+0000] {logging_mixin.py:190} INFO - [2025-02-25T23:24:51.215+0000] {dag.py:4180} INFO - Setting next_dagrun for example_setup_teardown to None, run_after=None
[2025-02-25T23:24:51.225+0000] {processor.py:208} INFO - Processing /home/airflow/.local/lib/python3.12/site-packages/airflow/example_dags/example_setup_teardown.py took 0.040 seconds
[2025-02-25T23:25:23.001+0000] {processor.py:186} INFO - Started process (PID=462) to work on /home/airflow/.local/lib/python3.12/site-packages/airflow/example_dags/example_setup_teardown.py
[2025-02-25T23:25:23.002+0000] {processor.py:914} INFO - Processing file /home/airflow/.local/lib/python3.12/site-packages/airflow/example_dags/example_setup_teardown.py for tasks to queue
[2025-02-25T23:25:23.003+0000] {logging_mixin.py:190} INFO - [2025-02-25T23:25:23.003+0000] {dagbag.py:588} INFO - Filling up the DagBag from /home/airflow/.local/lib/python3.12/site-packages/airflow/example_dags/example_setup_teardown.py
[2025-02-25T23:25:23.008+0000] {processor.py:925} INFO - DAG(s) 'example_setup_teardown' retrieved from /home/airflow/.local/lib/python3.12/site-packages/airflow/example_dags/example_setup_teardown.py
[2025-02-25T23:25:23.021+0000] {logging_mixin.py:190} INFO - [2025-02-25T23:25:23.021+0000] {dag.py:3239} INFO - Sync 1 DAGs
[2025-02-25T23:25:23.030+0000] {logging_mixin.py:190} INFO - [2025-02-25T23:25:23.030+0000] {dag.py:4180} INFO - Setting next_dagrun for example_setup_teardown to None, run_after=None
[2025-02-25T23:25:23.041+0000] {processor.py:208} INFO - Processing /home/airflow/.local/lib/python3.12/site-packages/airflow/example_dags/example_setup_teardown.py took 0.043 seconds
[2025-02-25T23:25:57.224+0000] {processor.py:186} INFO - Started process (PID=525) to work on /home/airflow/.local/lib/python3.12/site-packages/airflow/example_dags/example_setup_teardown.py
[2025-02-25T23:25:57.225+0000] {processor.py:914} INFO - Processing file /home/airflow/.local/lib/python3.12/site-packages/airflow/example_dags/example_setup_teardown.py for tasks to queue
[2025-02-25T23:25:57.227+0000] {logging_mixin.py:190} INFO - [2025-02-25T23:25:57.227+0000] {dagbag.py:588} INFO - Filling up the DagBag from /home/airflow/.local/lib/python3.12/site-packages/airflow/example_dags/example_setup_teardown.py
[2025-02-25T23:25:57.232+0000] {processor.py:925} INFO - DAG(s) 'example_setup_teardown' retrieved from /home/airflow/.local/lib/python3.12/site-packages/airflow/example_dags/example_setup_teardown.py
[2025-02-25T23:25:57.244+0000] {logging_mixin.py:190} INFO - [2025-02-25T23:25:57.244+0000] {dag.py:3239} INFO - Sync 1 DAGs
[2025-02-25T23:25:57.253+0000] {logging_mixin.py:190} INFO - [2025-02-25T23:25:57.253+0000] {dag.py:4180} INFO - Setting next_dagrun for example_setup_teardown to None, run_after=None
[2025-02-25T23:25:57.264+0000] {processor.py:208} INFO - Processing /home/airflow/.local/lib/python3.12/site-packages/airflow/example_dags/example_setup_teardown.py took 0.043 seconds
[2025-02-25T23:26:28.032+0000] {processor.py:186} INFO - Started process (PID=588) to work on /home/airflow/.local/lib/python3.12/site-packages/airflow/example_dags/example_setup_teardown.py
[2025-02-25T23:26:28.033+0000] {processor.py:914} INFO - Processing file /home/airflow/.local/lib/python3.12/site-packages/airflow/example_dags/example_setup_teardown.py for tasks to queue
[2025-02-25T23:26:28.034+0000] {logging_mixin.py:190} INFO - [2025-02-25T23:26:28.034+0000] {dagbag.py:588} INFO - Filling up the DagBag from /home/airflow/.local/lib/python3.12/site-packages/airflow/example_dags/example_setup_teardown.py
[2025-02-25T23:26:28.039+0000] {processor.py:925} INFO - DAG(s) 'example_setup_teardown' retrieved from /home/airflow/.local/lib/python3.12/site-packages/airflow/example_dags/example_setup_teardown.py
[2025-02-25T23:26:30.985+0000] {logging_mixin.py:190} INFO - [2025-02-25T23:26:30.985+0000] {dag.py:3239} INFO - Sync 1 DAGs
[2025-02-25T23:26:30.993+0000] {logging_mixin.py:190} INFO - [2025-02-25T23:26:30.993+0000] {dag.py:4180} INFO - Setting next_dagrun for example_setup_teardown to None, run_after=None
[2025-02-25T23:26:31.004+0000] {processor.py:208} INFO - Processing /home/airflow/.local/lib/python3.12/site-packages/airflow/example_dags/example_setup_teardown.py took 0.042 seconds
[2025-02-25T23:27:01.472+0000] {processor.py:186} INFO - Started process (PID=652) to work on /home/airflow/.local/lib/python3.12/site-packages/airflow/example_dags/example_setup_teardown.py
[2025-02-25T23:27:01.473+0000] {processor.py:914} INFO - Processing file /home/airflow/.local/lib/python3.12/site-packages/airflow/example_dags/example_setup_teardown.py for tasks to queue
[2025-02-25T23:27:01.474+0000] {logging_mixin.py:190} INFO - [2025-02-25T23:27:01.474+0000] {dagbag.py:588} INFO - Filling up the DagBag from /home/airflow/.local/lib/python3.12/site-packages/airflow/example_dags/example_setup_teardown.py
[2025-02-25T23:27:01.479+0000] {processor.py:925} INFO - DAG(s) 'example_setup_teardown' retrieved from /home/airflow/.local/lib/python3.12/site-packages/airflow/example_dags/example_setup_teardown.py
[2025-02-25T23:27:01.491+0000] {logging_mixin.py:190} INFO - [2025-02-25T23:27:01.491+0000] {dag.py:3239} INFO - Sync 1 DAGs
[2025-02-25T23:27:01.500+0000] {logging_mixin.py:190} INFO - [2025-02-25T23:27:01.499+0000] {dag.py:4180} INFO - Setting next_dagrun for example_setup_teardown to None, run_after=None
[2025-02-25T23:27:01.514+0000] {processor.py:208} INFO - Processing /home/airflow/.local/lib/python3.12/site-packages/airflow/example_dags/example_setup_teardown.py took 0.046 seconds
[2025-02-25T23:27:32.144+0000] {processor.py:186} INFO - Started process (PID=715) to work on /home/airflow/.local/lib/python3.12/site-packages/airflow/example_dags/example_setup_teardown.py
[2025-02-25T23:27:32.148+0000] {processor.py:914} INFO - Processing file /home/airflow/.local/lib/python3.12/site-packages/airflow/example_dags/example_setup_teardown.py for tasks to queue
[2025-02-25T23:27:32.149+0000] {logging_mixin.py:190} INFO - [2025-02-25T23:27:32.149+0000] {dagbag.py:588} INFO - Filling up the DagBag from /home/airflow/.local/lib/python3.12/site-packages/airflow/example_dags/example_setup_teardown.py
[2025-02-25T23:27:32.154+0000] {processor.py:925} INFO - DAG(s) 'example_setup_teardown' retrieved from /home/airflow/.local/lib/python3.12/site-packages/airflow/example_dags/example_setup_teardown.py
[2025-02-25T23:27:32.166+0000] {logging_mixin.py:190} INFO - [2025-02-25T23:27:32.166+0000] {dag.py:3239} INFO - Sync 1 DAGs
[2025-02-25T23:27:32.174+0000] {logging_mixin.py:190} INFO - [2025-02-25T23:27:32.174+0000] {dag.py:4180} INFO - Setting next_dagrun for example_setup_teardown to None, run_after=None
[2025-02-25T23:27:32.190+0000] {processor.py:208} INFO - Processing /home/airflow/.local/lib/python3.12/site-packages/airflow/example_dags/example_setup_teardown.py took 0.049 seconds
[2025-02-25T23:28:03.028+0000] {processor.py:186} INFO - Started process (PID=778) to work on /home/airflow/.local/lib/python3.12/site-packages/airflow/example_dags/example_setup_teardown.py
[2025-02-25T23:28:03.029+0000] {processor.py:914} INFO - Processing file /home/airflow/.local/lib/python3.12/site-packages/airflow/example_dags/example_setup_teardown.py for tasks to queue
[2025-02-25T23:28:03.031+0000] {logging_mixin.py:190} INFO - [2025-02-25T23:28:03.031+0000] {dagbag.py:588} INFO - Filling up the DagBag from /home/airflow/.local/lib/python3.12/site-packages/airflow/example_dags/example_setup_teardown.py
[2025-02-25T23:28:03.035+0000] {processor.py:925} INFO - DAG(s) 'example_setup_teardown' retrieved from /home/airflow/.local/lib/python3.12/site-packages/airflow/example_dags/example_setup_teardown.py
[2025-02-25T23:28:03.048+0000] {logging_mixin.py:190} INFO - [2025-02-25T23:28:03.047+0000] {dag.py:3239} INFO - Sync 1 DAGs
[2025-02-25T23:28:03.056+0000] {logging_mixin.py:190} INFO - [2025-02-25T23:28:03.056+0000] {dag.py:4180} INFO - Setting next_dagrun for example_setup_teardown to None, run_after=None
[2025-02-25T23:28:03.069+0000] {processor.py:208} INFO - Processing /home/airflow/.local/lib/python3.12/site-packages/airflow/example_dags/example_setup_teardown.py took 0.044 seconds
[2025-02-25T23:28:34.006+0000] {processor.py:186} INFO - Started process (PID=841) to work on /home/airflow/.local/lib/python3.12/site-packages/airflow/example_dags/example_setup_teardown.py
[2025-02-25T23:28:34.007+0000] {processor.py:914} INFO - Processing file /home/airflow/.local/lib/python3.12/site-packages/airflow/example_dags/example_setup_teardown.py for tasks to queue
[2025-02-25T23:28:34.009+0000] {logging_mixin.py:190} INFO - [2025-02-25T23:28:34.009+0000] {dagbag.py:588} INFO - Filling up the DagBag from /home/airflow/.local/lib/python3.12/site-packages/airflow/example_dags/example_setup_teardown.py
[2025-02-25T23:28:34.014+0000] {processor.py:925} INFO - DAG(s) 'example_setup_teardown' retrieved from /home/airflow/.local/lib/python3.12/site-packages/airflow/example_dags/example_setup_teardown.py
[2025-02-25T23:28:34.027+0000] {logging_mixin.py:190} INFO - [2025-02-25T23:28:34.026+0000] {dag.py:3239} INFO - Sync 1 DAGs
[2025-02-25T23:28:34.035+0000] {logging_mixin.py:190} INFO - [2025-02-25T23:28:34.035+0000] {dag.py:4180} INFO - Setting next_dagrun for example_setup_teardown to None, run_after=None
[2025-02-25T23:28:34.047+0000] {processor.py:208} INFO - Processing /home/airflow/.local/lib/python3.12/site-packages/airflow/example_dags/example_setup_teardown.py took 0.044 seconds
[2025-02-25T23:29:04.630+0000] {processor.py:186} INFO - Started process (PID=898) to work on /home/airflow/.local/lib/python3.12/site-packages/airflow/example_dags/example_setup_teardown.py
[2025-02-25T23:29:04.631+0000] {processor.py:914} INFO - Processing file /home/airflow/.local/lib/python3.12/site-packages/airflow/example_dags/example_setup_teardown.py for tasks to queue
[2025-02-25T23:29:04.633+0000] {logging_mixin.py:190} INFO - [2025-02-25T23:29:04.632+0000] {dagbag.py:588} INFO - Filling up the DagBag from /home/airflow/.local/lib/python3.12/site-packages/airflow/example_dags/example_setup_teardown.py
[2025-02-25T23:29:04.637+0000] {processor.py:925} INFO - DAG(s) 'example_setup_teardown' retrieved from /home/airflow/.local/lib/python3.12/site-packages/airflow/example_dags/example_setup_teardown.py
[2025-02-25T23:29:04.650+0000] {logging_mixin.py:190} INFO - [2025-02-25T23:29:04.650+0000] {dag.py:3239} INFO - Sync 1 DAGs
[2025-02-25T23:29:04.659+0000] {logging_mixin.py:190} INFO - [2025-02-25T23:29:04.659+0000] {dag.py:4180} INFO - Setting next_dagrun for example_setup_teardown to None, run_after=None
[2025-02-25T23:29:04.675+0000] {processor.py:208} INFO - Processing /home/airflow/.local/lib/python3.12/site-packages/airflow/example_dags/example_setup_teardown.py took 0.049 seconds
[2025-02-25T23:29:34.869+0000] {processor.py:186} INFO - Started process (PID=966) to work on /home/airflow/.local/lib/python3.12/site-packages/airflow/example_dags/example_setup_teardown.py
[2025-02-25T23:29:34.878+0000] {processor.py:914} INFO - Processing file /home/airflow/.local/lib/python3.12/site-packages/airflow/example_dags/example_setup_teardown.py for tasks to queue
[2025-02-25T23:29:34.879+0000] {logging_mixin.py:190} INFO - [2025-02-25T23:29:34.879+0000] {dagbag.py:588} INFO - Filling up the DagBag from /home/airflow/.local/lib/python3.12/site-packages/airflow/example_dags/example_setup_teardown.py
[2025-02-25T23:29:34.883+0000] {processor.py:925} INFO - DAG(s) 'example_setup_teardown' retrieved from /home/airflow/.local/lib/python3.12/site-packages/airflow/example_dags/example_setup_teardown.py
[2025-02-25T23:29:34.895+0000] {logging_mixin.py:190} INFO - [2025-02-25T23:29:34.895+0000] {dag.py:3239} INFO - Sync 1 DAGs
[2025-02-25T23:29:34.903+0000] {logging_mixin.py:190} INFO - [2025-02-25T23:29:34.903+0000] {dag.py:4180} INFO - Setting next_dagrun for example_setup_teardown to None, run_after=None
[2025-02-25T23:29:34.919+0000] {processor.py:208} INFO - Processing /home/airflow/.local/lib/python3.12/site-packages/airflow/example_dags/example_setup_teardown.py took 0.053 seconds
[2025-02-25T23:30:07.736+0000] {processor.py:186} INFO - Started process (PID=1024) to work on /home/airflow/.local/lib/python3.12/site-packages/airflow/example_dags/example_setup_teardown.py
[2025-02-25T23:30:07.737+0000] {processor.py:914} INFO - Processing file /home/airflow/.local/lib/python3.12/site-packages/airflow/example_dags/example_setup_teardown.py for tasks to queue
[2025-02-25T23:30:07.738+0000] {logging_mixin.py:190} INFO - [2025-02-25T23:30:07.738+0000] {dagbag.py:588} INFO - Filling up the DagBag from /home/airflow/.local/lib/python3.12/site-packages/airflow/example_dags/example_setup_teardown.py
[2025-02-25T23:30:07.743+0000] {processor.py:925} INFO - DAG(s) 'example_setup_teardown' retrieved from /home/airflow/.local/lib/python3.12/site-packages/airflow/example_dags/example_setup_teardown.py
[2025-02-25T23:30:07.756+0000] {logging_mixin.py:190} INFO - [2025-02-25T23:30:07.756+0000] {dag.py:3239} INFO - Sync 1 DAGs
[2025-02-25T23:30:07.764+0000] {logging_mixin.py:190} INFO - [2025-02-25T23:30:07.764+0000] {dag.py:4180} INFO - Setting next_dagrun for example_setup_teardown to None, run_after=None
[2025-02-25T23:30:07.775+0000] {processor.py:208} INFO - Processing /home/airflow/.local/lib/python3.12/site-packages/airflow/example_dags/example_setup_teardown.py took 0.043 seconds
[2025-02-25T23:30:41.598+0000] {processor.py:186} INFO - Started process (PID=1087) to work on /home/airflow/.local/lib/python3.12/site-packages/airflow/example_dags/example_setup_teardown.py
[2025-02-25T23:30:41.599+0000] {processor.py:914} INFO - Processing file /home/airflow/.local/lib/python3.12/site-packages/airflow/example_dags/example_setup_teardown.py for tasks to queue
[2025-02-25T23:30:41.600+0000] {logging_mixin.py:190} INFO - [2025-02-25T23:30:41.600+0000] {dagbag.py:588} INFO - Filling up the DagBag from /home/airflow/.local/lib/python3.12/site-packages/airflow/example_dags/example_setup_teardown.py
[2025-02-25T23:30:41.605+0000] {processor.py:925} INFO - DAG(s) 'example_setup_teardown' retrieved from /home/airflow/.local/lib/python3.12/site-packages/airflow/example_dags/example_setup_teardown.py
[2025-02-25T23:30:41.617+0000] {logging_mixin.py:190} INFO - [2025-02-25T23:30:41.617+0000] {dag.py:3239} INFO - Sync 1 DAGs
[2025-02-25T23:30:41.625+0000] {logging_mixin.py:190} INFO - [2025-02-25T23:30:41.624+0000] {dag.py:4180} INFO - Setting next_dagrun for example_setup_teardown to None, run_after=None
[2025-02-25T23:30:41.634+0000] {processor.py:208} INFO - Processing /home/airflow/.local/lib/python3.12/site-packages/airflow/example_dags/example_setup_teardown.py took 0.039 seconds
[2025-02-25T23:31:12.200+0000] {processor.py:186} INFO - Started process (PID=1150) to work on /home/airflow/.local/lib/python3.12/site-packages/airflow/example_dags/example_setup_teardown.py
[2025-02-25T23:31:12.202+0000] {processor.py:914} INFO - Processing file /home/airflow/.local/lib/python3.12/site-packages/airflow/example_dags/example_setup_teardown.py for tasks to queue
[2025-02-25T23:31:12.203+0000] {logging_mixin.py:190} INFO - [2025-02-25T23:31:12.203+0000] {dagbag.py:588} INFO - Filling up the DagBag from /home/airflow/.local/lib/python3.12/site-packages/airflow/example_dags/example_setup_teardown.py
[2025-02-25T23:31:12.207+0000] {processor.py:925} INFO - DAG(s) 'example_setup_teardown' retrieved from /home/airflow/.local/lib/python3.12/site-packages/airflow/example_dags/example_setup_teardown.py
[2025-02-25T23:31:12.221+0000] {logging_mixin.py:190} INFO - [2025-02-25T23:31:12.220+0000] {dag.py:3239} INFO - Sync 1 DAGs
[2025-02-25T23:31:12.229+0000] {logging_mixin.py:190} INFO - [2025-02-25T23:31:12.229+0000] {dag.py:4180} INFO - Setting next_dagrun for example_setup_teardown to None, run_after=None
[2025-02-25T23:31:12.241+0000] {processor.py:208} INFO - Processing /home/airflow/.local/lib/python3.12/site-packages/airflow/example_dags/example_setup_teardown.py took 0.044 seconds
[2025-02-25T23:31:42.994+0000] {processor.py:186} INFO - Started process (PID=1212) to work on /home/airflow/.local/lib/python3.12/site-packages/airflow/example_dags/example_setup_teardown.py
[2025-02-25T23:31:42.995+0000] {processor.py:914} INFO - Processing file /home/airflow/.local/lib/python3.12/site-packages/airflow/example_dags/example_setup_teardown.py for tasks to queue
[2025-02-25T23:31:42.996+0000] {logging_mixin.py:190} INFO - [2025-02-25T23:31:42.996+0000] {dagbag.py:588} INFO - Filling up the DagBag from /home/airflow/.local/lib/python3.12/site-packages/airflow/example_dags/example_setup_teardown.py
[2025-02-25T23:31:43.001+0000] {processor.py:925} INFO - DAG(s) 'example_setup_teardown' retrieved from /home/airflow/.local/lib/python3.12/site-packages/airflow/example_dags/example_setup_teardown.py
[2025-02-25T23:31:43.013+0000] {logging_mixin.py:190} INFO - [2025-02-25T23:31:43.013+0000] {dag.py:3239} INFO - Sync 1 DAGs
[2025-02-25T23:31:43.021+0000] {logging_mixin.py:190} INFO - [2025-02-25T23:31:43.021+0000] {dag.py:4180} INFO - Setting next_dagrun for example_setup_teardown to None, run_after=None
[2025-02-25T23:31:43.032+0000] {processor.py:208} INFO - Processing /home/airflow/.local/lib/python3.12/site-packages/airflow/example_dags/example_setup_teardown.py took 0.041 seconds
[2025-02-25T23:32:13.821+0000] {processor.py:186} INFO - Started process (PID=1275) to work on /home/airflow/.local/lib/python3.12/site-packages/airflow/example_dags/example_setup_teardown.py
[2025-02-25T23:32:13.822+0000] {processor.py:914} INFO - Processing file /home/airflow/.local/lib/python3.12/site-packages/airflow/example_dags/example_setup_teardown.py for tasks to queue
[2025-02-25T23:32:13.824+0000] {logging_mixin.py:190} INFO - [2025-02-25T23:32:13.824+0000] {dagbag.py:588} INFO - Filling up the DagBag from /home/airflow/.local/lib/python3.12/site-packages/airflow/example_dags/example_setup_teardown.py
[2025-02-25T23:32:13.829+0000] {processor.py:925} INFO - DAG(s) 'example_setup_teardown' retrieved from /home/airflow/.local/lib/python3.12/site-packages/airflow/example_dags/example_setup_teardown.py
[2025-02-25T23:32:13.842+0000] {logging_mixin.py:190} INFO - [2025-02-25T23:32:13.841+0000] {dag.py:3239} INFO - Sync 1 DAGs
[2025-02-25T23:32:13.849+0000] {logging_mixin.py:190} INFO - [2025-02-25T23:32:13.849+0000] {dag.py:4180} INFO - Setting next_dagrun for example_setup_teardown to None, run_after=None
[2025-02-25T23:32:13.861+0000] {processor.py:208} INFO - Processing /home/airflow/.local/lib/python3.12/site-packages/airflow/example_dags/example_setup_teardown.py took 0.043 seconds
[2025-02-25T23:32:45.098+0000] {processor.py:186} INFO - Started process (PID=1339) to work on /home/airflow/.local/lib/python3.12/site-packages/airflow/example_dags/example_setup_teardown.py
[2025-02-25T23:32:45.099+0000] {processor.py:914} INFO - Processing file /home/airflow/.local/lib/python3.12/site-packages/airflow/example_dags/example_setup_teardown.py for tasks to queue
[2025-02-25T23:32:45.101+0000] {logging_mixin.py:190} INFO - [2025-02-25T23:32:45.100+0000] {dagbag.py:588} INFO - Filling up the DagBag from /home/airflow/.local/lib/python3.12/site-packages/airflow/example_dags/example_setup_teardown.py
[2025-02-25T23:32:45.105+0000] {processor.py:925} INFO - DAG(s) 'example_setup_teardown' retrieved from /home/airflow/.local/lib/python3.12/site-packages/airflow/example_dags/example_setup_teardown.py
[2025-02-25T23:32:45.117+0000] {logging_mixin.py:190} INFO - [2025-02-25T23:32:45.117+0000] {dag.py:3239} INFO - Sync 1 DAGs
[2025-02-25T23:32:45.125+0000] {logging_mixin.py:190} INFO - [2025-02-25T23:32:45.125+0000] {dag.py:4180} INFO - Setting next_dagrun for example_setup_teardown to None, run_after=None
[2025-02-25T23:32:45.136+0000] {processor.py:208} INFO - Processing /home/airflow/.local/lib/python3.12/site-packages/airflow/example_dags/example_setup_teardown.py took 0.041 seconds
[2025-02-25T23:33:18.744+0000] {processor.py:186} INFO - Started process (PID=1402) to work on /home/airflow/.local/lib/python3.12/site-packages/airflow/example_dags/example_setup_teardown.py
[2025-02-25T23:33:18.745+0000] {processor.py:914} INFO - Processing file /home/airflow/.local/lib/python3.12/site-packages/airflow/example_dags/example_setup_teardown.py for tasks to queue
[2025-02-25T23:33:18.746+0000] {logging_mixin.py:190} INFO - [2025-02-25T23:33:18.746+0000] {dagbag.py:588} INFO - Filling up the DagBag from /home/airflow/.local/lib/python3.12/site-packages/airflow/example_dags/example_setup_teardown.py
[2025-02-25T23:33:18.751+0000] {processor.py:925} INFO - DAG(s) 'example_setup_teardown' retrieved from /home/airflow/.local/lib/python3.12/site-packages/airflow/example_dags/example_setup_teardown.py
[2025-02-25T23:33:18.762+0000] {logging_mixin.py:190} INFO - [2025-02-25T23:33:18.762+0000] {dag.py:3239} INFO - Sync 1 DAGs
[2025-02-25T23:33:18.770+0000] {logging_mixin.py:190} INFO - [2025-02-25T23:33:18.770+0000] {dag.py:4180} INFO - Setting next_dagrun for example_setup_teardown to None, run_after=None
[2025-02-25T23:33:18.779+0000] {processor.py:208} INFO - Processing /home/airflow/.local/lib/python3.12/site-packages/airflow/example_dags/example_setup_teardown.py took 0.038 seconds
[2025-02-25T23:33:49.530+0000] {processor.py:186} INFO - Started process (PID=1465) to work on /home/airflow/.local/lib/python3.12/site-packages/airflow/example_dags/example_setup_teardown.py
[2025-02-25T23:33:49.531+0000] {processor.py:914} INFO - Processing file /home/airflow/.local/lib/python3.12/site-packages/airflow/example_dags/example_setup_teardown.py for tasks to queue
[2025-02-25T23:33:49.532+0000] {logging_mixin.py:190} INFO - [2025-02-25T23:33:49.532+0000] {dagbag.py:588} INFO - Filling up the DagBag from /home/airflow/.local/lib/python3.12/site-packages/airflow/example_dags/example_setup_teardown.py
[2025-02-25T23:33:49.537+0000] {processor.py:925} INFO - DAG(s) 'example_setup_teardown' retrieved from /home/airflow/.local/lib/python3.12/site-packages/airflow/example_dags/example_setup_teardown.py
[2025-02-25T23:33:49.549+0000] {logging_mixin.py:190} INFO - [2025-02-25T23:33:49.549+0000] {dag.py:3239} INFO - Sync 1 DAGs
[2025-02-25T23:33:49.557+0000] {logging_mixin.py:190} INFO - [2025-02-25T23:33:49.557+0000] {dag.py:4180} INFO - Setting next_dagrun for example_setup_teardown to None, run_after=None
[2025-02-25T23:33:49.568+0000] {processor.py:208} INFO - Processing /home/airflow/.local/lib/python3.12/site-packages/airflow/example_dags/example_setup_teardown.py took 0.041 seconds
[2025-02-25T23:34:20.452+0000] {processor.py:186} INFO - Started process (PID=1528) to work on /home/airflow/.local/lib/python3.12/site-packages/airflow/example_dags/example_setup_teardown.py
[2025-02-25T23:34:20.453+0000] {processor.py:914} INFO - Processing file /home/airflow/.local/lib/python3.12/site-packages/airflow/example_dags/example_setup_teardown.py for tasks to queue
[2025-02-25T23:34:20.454+0000] {logging_mixin.py:190} INFO - [2025-02-25T23:34:20.454+0000] {dagbag.py:588} INFO - Filling up the DagBag from /home/airflow/.local/lib/python3.12/site-packages/airflow/example_dags/example_setup_teardown.py
[2025-02-25T23:34:20.459+0000] {processor.py:925} INFO - DAG(s) 'example_setup_teardown' retrieved from /home/airflow/.local/lib/python3.12/site-packages/airflow/example_dags/example_setup_teardown.py
[2025-02-25T23:34:20.470+0000] {logging_mixin.py:190} INFO - [2025-02-25T23:34:20.470+0000] {dag.py:3239} INFO - Sync 1 DAGs
[2025-02-25T23:34:20.477+0000] {logging_mixin.py:190} INFO - [2025-02-25T23:34:20.477+0000] {dag.py:4180} INFO - Setting next_dagrun for example_setup_teardown to None, run_after=None
[2025-02-25T23:34:20.489+0000] {processor.py:208} INFO - Processing /home/airflow/.local/lib/python3.12/site-packages/airflow/example_dags/example_setup_teardown.py took 0.041 seconds
[2025-02-25T23:34:51.484+0000] {processor.py:186} INFO - Started process (PID=1591) to work on /home/airflow/.local/lib/python3.12/site-packages/airflow/example_dags/example_setup_teardown.py
[2025-02-25T23:34:51.485+0000] {processor.py:914} INFO - Processing file /home/airflow/.local/lib/python3.12/site-packages/airflow/example_dags/example_setup_teardown.py for tasks to queue
[2025-02-25T23:34:51.486+0000] {logging_mixin.py:190} INFO - [2025-02-25T23:34:51.486+0000] {dagbag.py:588} INFO - Filling up the DagBag from /home/airflow/.local/lib/python3.12/site-packages/airflow/example_dags/example_setup_teardown.py
[2025-02-25T23:34:51.491+0000] {processor.py:925} INFO - DAG(s) 'example_setup_teardown' retrieved from /home/airflow/.local/lib/python3.12/site-packages/airflow/example_dags/example_setup_teardown.py
[2025-02-25T23:34:51.504+0000] {logging_mixin.py:190} INFO - [2025-02-25T23:34:51.504+0000] {dag.py:3239} INFO - Sync 1 DAGs
[2025-02-25T23:34:51.512+0000] {logging_mixin.py:190} INFO - [2025-02-25T23:34:51.512+0000] {dag.py:4180} INFO - Setting next_dagrun for example_setup_teardown to None, run_after=None
[2025-02-25T23:34:51.523+0000] {processor.py:208} INFO - Processing /home/airflow/.local/lib/python3.12/site-packages/airflow/example_dags/example_setup_teardown.py took 0.042 seconds
[2025-02-25T23:35:22.332+0000] {processor.py:186} INFO - Started process (PID=1654) to work on /home/airflow/.local/lib/python3.12/site-packages/airflow/example_dags/example_setup_teardown.py
[2025-02-25T23:35:22.332+0000] {processor.py:914} INFO - Processing file /home/airflow/.local/lib/python3.12/site-packages/airflow/example_dags/example_setup_teardown.py for tasks to queue
[2025-02-25T23:35:22.334+0000] {logging_mixin.py:190} INFO - [2025-02-25T23:35:22.333+0000] {dagbag.py:588} INFO - Filling up the DagBag from /home/airflow/.local/lib/python3.12/site-packages/airflow/example_dags/example_setup_teardown.py
[2025-02-25T23:35:22.338+0000] {processor.py:925} INFO - DAG(s) 'example_setup_teardown' retrieved from /home/airflow/.local/lib/python3.12/site-packages/airflow/example_dags/example_setup_teardown.py
[2025-02-25T23:35:22.352+0000] {logging_mixin.py:190} INFO - [2025-02-25T23:35:22.352+0000] {dag.py:3239} INFO - Sync 1 DAGs
[2025-02-25T23:35:22.360+0000] {logging_mixin.py:190} INFO - [2025-02-25T23:35:22.360+0000] {dag.py:4180} INFO - Setting next_dagrun for example_setup_teardown to None, run_after=None
[2025-02-25T23:35:22.372+0000] {processor.py:208} INFO - Processing /home/airflow/.local/lib/python3.12/site-packages/airflow/example_dags/example_setup_teardown.py took 0.043 seconds
[2025-02-25T23:35:52.483+0000] {processor.py:186} INFO - Started process (PID=1717) to work on /home/airflow/.local/lib/python3.12/site-packages/airflow/example_dags/example_setup_teardown.py
[2025-02-25T23:35:52.484+0000] {processor.py:914} INFO - Processing file /home/airflow/.local/lib/python3.12/site-packages/airflow/example_dags/example_setup_teardown.py for tasks to queue
[2025-02-25T23:35:52.485+0000] {logging_mixin.py:190} INFO - [2025-02-25T23:35:52.485+0000] {dagbag.py:588} INFO - Filling up the DagBag from /home/airflow/.local/lib/python3.12/site-packages/airflow/example_dags/example_setup_teardown.py
[2025-02-25T23:35:52.490+0000] {processor.py:925} INFO - DAG(s) 'example_setup_teardown' retrieved from /home/airflow/.local/lib/python3.12/site-packages/airflow/example_dags/example_setup_teardown.py
[2025-02-25T23:35:52.503+0000] {logging_mixin.py:190} INFO - [2025-02-25T23:35:52.503+0000] {dag.py:3239} INFO - Sync 1 DAGs
[2025-02-25T23:35:52.511+0000] {logging_mixin.py:190} INFO - [2025-02-25T23:35:52.511+0000] {dag.py:4180} INFO - Setting next_dagrun for example_setup_teardown to None, run_after=None
[2025-02-25T23:35:52.521+0000] {processor.py:208} INFO - Processing /home/airflow/.local/lib/python3.12/site-packages/airflow/example_dags/example_setup_teardown.py took 0.042 seconds
[2025-02-25T23:36:22.568+0000] {processor.py:186} INFO - Started process (PID=1779) to work on /home/airflow/.local/lib/python3.12/site-packages/airflow/example_dags/example_setup_teardown.py
[2025-02-25T23:36:22.569+0000] {processor.py:914} INFO - Processing file /home/airflow/.local/lib/python3.12/site-packages/airflow/example_dags/example_setup_teardown.py for tasks to queue
[2025-02-25T23:36:22.570+0000] {logging_mixin.py:190} INFO - [2025-02-25T23:36:22.570+0000] {dagbag.py:588} INFO - Filling up the DagBag from /home/airflow/.local/lib/python3.12/site-packages/airflow/example_dags/example_setup_teardown.py
[2025-02-25T23:36:22.575+0000] {processor.py:925} INFO - DAG(s) 'example_setup_teardown' retrieved from /home/airflow/.local/lib/python3.12/site-packages/airflow/example_dags/example_setup_teardown.py
[2025-02-25T23:36:22.588+0000] {logging_mixin.py:190} INFO - [2025-02-25T23:36:22.588+0000] {dag.py:3239} INFO - Sync 1 DAGs
[2025-02-25T23:36:22.596+0000] {logging_mixin.py:190} INFO - [2025-02-25T23:36:22.596+0000] {dag.py:4180} INFO - Setting next_dagrun for example_setup_teardown to None, run_after=None
[2025-02-25T23:36:22.607+0000] {processor.py:208} INFO - Processing /home/airflow/.local/lib/python3.12/site-packages/airflow/example_dags/example_setup_teardown.py took 0.042 seconds
[2025-02-25T23:36:52.623+0000] {processor.py:186} INFO - Started process (PID=1842) to work on /home/airflow/.local/lib/python3.12/site-packages/airflow/example_dags/example_setup_teardown.py
[2025-02-25T23:36:52.624+0000] {processor.py:914} INFO - Processing file /home/airflow/.local/lib/python3.12/site-packages/airflow/example_dags/example_setup_teardown.py for tasks to queue
[2025-02-25T23:36:52.625+0000] {logging_mixin.py:190} INFO - [2025-02-25T23:36:52.625+0000] {dagbag.py:588} INFO - Filling up the DagBag from /home/airflow/.local/lib/python3.12/site-packages/airflow/example_dags/example_setup_teardown.py
[2025-02-25T23:36:52.630+0000] {processor.py:925} INFO - DAG(s) 'example_setup_teardown' retrieved from /home/airflow/.local/lib/python3.12/site-packages/airflow/example_dags/example_setup_teardown.py
[2025-02-25T23:36:52.642+0000] {logging_mixin.py:190} INFO - [2025-02-25T23:36:52.642+0000] {dag.py:3239} INFO - Sync 1 DAGs
[2025-02-25T23:36:52.651+0000] {logging_mixin.py:190} INFO - [2025-02-25T23:36:52.651+0000] {dag.py:4180} INFO - Setting next_dagrun for example_setup_teardown to None, run_after=None
[2025-02-25T23:36:52.662+0000] {processor.py:208} INFO - Processing /home/airflow/.local/lib/python3.12/site-packages/airflow/example_dags/example_setup_teardown.py took 0.042 seconds
[2025-02-25T23:37:27.147+0000] {processor.py:186} INFO - Started process (PID=1906) to work on /home/airflow/.local/lib/python3.12/site-packages/airflow/example_dags/example_setup_teardown.py
[2025-02-25T23:37:27.148+0000] {processor.py:914} INFO - Processing file /home/airflow/.local/lib/python3.12/site-packages/airflow/example_dags/example_setup_teardown.py for tasks to queue
[2025-02-25T23:37:27.150+0000] {logging_mixin.py:190} INFO - [2025-02-25T23:37:27.149+0000] {dagbag.py:588} INFO - Filling up the DagBag from /home/airflow/.local/lib/python3.12/site-packages/airflow/example_dags/example_setup_teardown.py
[2025-02-25T23:37:27.154+0000] {processor.py:925} INFO - DAG(s) 'example_setup_teardown' retrieved from /home/airflow/.local/lib/python3.12/site-packages/airflow/example_dags/example_setup_teardown.py
[2025-02-25T23:37:27.167+0000] {logging_mixin.py:190} INFO - [2025-02-25T23:37:27.166+0000] {dag.py:3239} INFO - Sync 1 DAGs
[2025-02-25T23:37:27.176+0000] {logging_mixin.py:190} INFO - [2025-02-25T23:37:27.176+0000] {dag.py:4180} INFO - Setting next_dagrun for example_setup_teardown to None, run_after=None
[2025-02-25T23:37:27.188+0000] {processor.py:208} INFO - Processing /home/airflow/.local/lib/python3.12/site-packages/airflow/example_dags/example_setup_teardown.py took 0.044 seconds
[2025-02-25T23:38:01.144+0000] {processor.py:186} INFO - Started process (PID=1969) to work on /home/airflow/.local/lib/python3.12/site-packages/airflow/example_dags/example_setup_teardown.py
[2025-02-25T23:38:01.144+0000] {processor.py:914} INFO - Processing file /home/airflow/.local/lib/python3.12/site-packages/airflow/example_dags/example_setup_teardown.py for tasks to queue
[2025-02-25T23:38:01.146+0000] {logging_mixin.py:190} INFO - [2025-02-25T23:38:01.146+0000] {dagbag.py:588} INFO - Filling up the DagBag from /home/airflow/.local/lib/python3.12/site-packages/airflow/example_dags/example_setup_teardown.py
[2025-02-25T23:38:01.152+0000] {processor.py:925} INFO - DAG(s) 'example_setup_teardown' retrieved from /home/airflow/.local/lib/python3.12/site-packages/airflow/example_dags/example_setup_teardown.py
[2025-02-25T23:38:01.166+0000] {logging_mixin.py:190} INFO - [2025-02-25T23:38:01.166+0000] {dag.py:3239} INFO - Sync 1 DAGs
[2025-02-25T23:38:01.177+0000] {logging_mixin.py:190} INFO - [2025-02-25T23:38:01.176+0000] {dag.py:4180} INFO - Setting next_dagrun for example_setup_teardown to None, run_after=None
[2025-02-25T23:38:01.190+0000] {processor.py:208} INFO - Processing /home/airflow/.local/lib/python3.12/site-packages/airflow/example_dags/example_setup_teardown.py took 0.050 seconds
[2025-02-25T23:38:34.902+0000] {processor.py:186} INFO - Started process (PID=2032) to work on /home/airflow/.local/lib/python3.12/site-packages/airflow/example_dags/example_setup_teardown.py
[2025-02-25T23:38:34.903+0000] {processor.py:914} INFO - Processing file /home/airflow/.local/lib/python3.12/site-packages/airflow/example_dags/example_setup_teardown.py for tasks to queue
[2025-02-25T23:38:34.904+0000] {logging_mixin.py:190} INFO - [2025-02-25T23:38:34.904+0000] {dagbag.py:588} INFO - Filling up the DagBag from /home/airflow/.local/lib/python3.12/site-packages/airflow/example_dags/example_setup_teardown.py
[2025-02-25T23:38:34.909+0000] {processor.py:925} INFO - DAG(s) 'example_setup_teardown' retrieved from /home/airflow/.local/lib/python3.12/site-packages/airflow/example_dags/example_setup_teardown.py
[2025-02-25T23:38:34.921+0000] {logging_mixin.py:190} INFO - [2025-02-25T23:38:34.921+0000] {dag.py:3239} INFO - Sync 1 DAGs
[2025-02-25T23:38:34.930+0000] {logging_mixin.py:190} INFO - [2025-02-25T23:38:34.930+0000] {dag.py:4180} INFO - Setting next_dagrun for example_setup_teardown to None, run_after=None
[2025-02-25T23:38:34.941+0000] {processor.py:208} INFO - Processing /home/airflow/.local/lib/python3.12/site-packages/airflow/example_dags/example_setup_teardown.py took 0.043 seconds
[2025-02-25T23:39:06.001+0000] {processor.py:186} INFO - Started process (PID=2100) to work on /home/airflow/.local/lib/python3.12/site-packages/airflow/example_dags/example_setup_teardown.py
[2025-02-25T23:39:06.002+0000] {processor.py:914} INFO - Processing file /home/airflow/.local/lib/python3.12/site-packages/airflow/example_dags/example_setup_teardown.py for tasks to queue
[2025-02-25T23:39:06.004+0000] {logging_mixin.py:190} INFO - [2025-02-25T23:39:06.003+0000] {dagbag.py:588} INFO - Filling up the DagBag from /home/airflow/.local/lib/python3.12/site-packages/airflow/example_dags/example_setup_teardown.py
[2025-02-25T23:39:06.008+0000] {processor.py:925} INFO - DAG(s) 'example_setup_teardown' retrieved from /home/airflow/.local/lib/python3.12/site-packages/airflow/example_dags/example_setup_teardown.py
[2025-02-25T23:39:06.021+0000] {logging_mixin.py:190} INFO - [2025-02-25T23:39:06.021+0000] {dag.py:3239} INFO - Sync 1 DAGs
[2025-02-25T23:39:06.031+0000] {logging_mixin.py:190} INFO - [2025-02-25T23:39:06.031+0000] {dag.py:4180} INFO - Setting next_dagrun for example_setup_teardown to None, run_after=None
[2025-02-25T23:39:06.042+0000] {processor.py:208} INFO - Processing /home/airflow/.local/lib/python3.12/site-packages/airflow/example_dags/example_setup_teardown.py took 0.045 seconds
[2025-02-25T23:39:37.352+0000] {processor.py:186} INFO - Started process (PID=2163) to work on /home/airflow/.local/lib/python3.12/site-packages/airflow/example_dags/example_setup_teardown.py
[2025-02-25T23:39:37.354+0000] {processor.py:914} INFO - Processing file /home/airflow/.local/lib/python3.12/site-packages/airflow/example_dags/example_setup_teardown.py for tasks to queue
[2025-02-25T23:39:37.355+0000] {logging_mixin.py:190} INFO - [2025-02-25T23:39:37.355+0000] {dagbag.py:588} INFO - Filling up the DagBag from /home/airflow/.local/lib/python3.12/site-packages/airflow/example_dags/example_setup_teardown.py
[2025-02-25T23:39:37.361+0000] {processor.py:925} INFO - DAG(s) 'example_setup_teardown' retrieved from /home/airflow/.local/lib/python3.12/site-packages/airflow/example_dags/example_setup_teardown.py
[2025-02-25T23:39:37.374+0000] {logging_mixin.py:190} INFO - [2025-02-25T23:39:37.374+0000] {dag.py:3239} INFO - Sync 1 DAGs
[2025-02-25T23:39:37.381+0000] {logging_mixin.py:190} INFO - [2025-02-25T23:39:37.381+0000] {dag.py:4180} INFO - Setting next_dagrun for example_setup_teardown to None, run_after=None
[2025-02-25T23:39:37.393+0000] {processor.py:208} INFO - Processing /home/airflow/.local/lib/python3.12/site-packages/airflow/example_dags/example_setup_teardown.py took 0.044 seconds
[2025-02-25T23:41:52.211+0000] {processor.py:186} INFO - Started process (PID=84) to work on /home/airflow/.local/lib/python3.12/site-packages/airflow/example_dags/example_setup_teardown.py
[2025-02-25T23:41:52.212+0000] {processor.py:914} INFO - Processing file /home/airflow/.local/lib/python3.12/site-packages/airflow/example_dags/example_setup_teardown.py for tasks to queue
[2025-02-25T23:41:52.213+0000] {logging_mixin.py:190} INFO - [2025-02-25T23:41:52.213+0000] {dagbag.py:588} INFO - Filling up the DagBag from /home/airflow/.local/lib/python3.12/site-packages/airflow/example_dags/example_setup_teardown.py
[2025-02-25T23:41:52.218+0000] {processor.py:925} INFO - DAG(s) 'example_setup_teardown' retrieved from /home/airflow/.local/lib/python3.12/site-packages/airflow/example_dags/example_setup_teardown.py
[2025-02-25T23:41:52.276+0000] {logging_mixin.py:190} INFO - [2025-02-25T23:41:52.276+0000] {override.py:1912} INFO - Created Permission View: can edit on DAG:example_setup_teardown
[2025-02-25T23:41:52.282+0000] {logging_mixin.py:190} INFO - [2025-02-25T23:41:52.282+0000] {override.py:1912} INFO - Created Permission View: can delete on DAG:example_setup_teardown
[2025-02-25T23:41:52.286+0000] {logging_mixin.py:190} INFO - [2025-02-25T23:41:52.285+0000] {override.py:1912} INFO - Created Permission View: can read on DAG:example_setup_teardown
[2025-02-25T23:41:52.290+0000] {logging_mixin.py:190} INFO - [2025-02-25T23:41:52.289+0000] {override.py:1912} INFO - Created Permission View: can create on DAG Run:example_setup_teardown
[2025-02-25T23:41:52.293+0000] {logging_mixin.py:190} INFO - [2025-02-25T23:41:52.293+0000] {override.py:1912} INFO - Created Permission View: can delete on DAG Run:example_setup_teardown
[2025-02-25T23:41:52.296+0000] {logging_mixin.py:190} INFO - [2025-02-25T23:41:52.296+0000] {override.py:1912} INFO - Created Permission View: can read on DAG Run:example_setup_teardown
[2025-02-25T23:41:52.299+0000] {logging_mixin.py:190} INFO - [2025-02-25T23:41:52.299+0000] {override.py:1912} INFO - Created Permission View: menu access on DAG Run:example_setup_teardown
[2025-02-25T23:41:52.299+0000] {logging_mixin.py:190} INFO - [2025-02-25T23:41:52.299+0000] {dag.py:3239} INFO - Sync 1 DAGs
[2025-02-25T23:41:52.307+0000] {logging_mixin.py:190} INFO - [2025-02-25T23:41:52.306+0000] {dag.py:3262} INFO - Creating ORM DAG for example_setup_teardown
[2025-02-25T23:41:52.307+0000] {logging_mixin.py:190} INFO - [2025-02-25T23:41:52.307+0000] {dag.py:4180} INFO - Setting next_dagrun for example_setup_teardown to None, run_after=None
[2025-02-25T23:41:52.315+0000] {processor.py:208} INFO - Processing /home/airflow/.local/lib/python3.12/site-packages/airflow/example_dags/example_setup_teardown.py took 0.107 seconds
[2025-02-25T23:42:24.791+0000] {processor.py:186} INFO - Started process (PID=147) to work on /home/airflow/.local/lib/python3.12/site-packages/airflow/example_dags/example_setup_teardown.py
[2025-02-25T23:42:24.791+0000] {processor.py:914} INFO - Processing file /home/airflow/.local/lib/python3.12/site-packages/airflow/example_dags/example_setup_teardown.py for tasks to queue
[2025-02-25T23:42:24.793+0000] {logging_mixin.py:190} INFO - [2025-02-25T23:42:24.793+0000] {dagbag.py:588} INFO - Filling up the DagBag from /home/airflow/.local/lib/python3.12/site-packages/airflow/example_dags/example_setup_teardown.py
[2025-02-25T23:42:24.797+0000] {processor.py:925} INFO - DAG(s) 'example_setup_teardown' retrieved from /home/airflow/.local/lib/python3.12/site-packages/airflow/example_dags/example_setup_teardown.py
[2025-02-25T23:42:24.808+0000] {logging_mixin.py:190} INFO - [2025-02-25T23:42:24.808+0000] {dag.py:3239} INFO - Sync 1 DAGs
[2025-02-25T23:42:24.817+0000] {logging_mixin.py:190} INFO - [2025-02-25T23:42:24.817+0000] {dag.py:4180} INFO - Setting next_dagrun for example_setup_teardown to None, run_after=None
[2025-02-25T23:42:24.827+0000] {processor.py:208} INFO - Processing /home/airflow/.local/lib/python3.12/site-packages/airflow/example_dags/example_setup_teardown.py took 0.040 seconds
[2025-02-25T23:42:58.607+0000] {processor.py:186} INFO - Started process (PID=210) to work on /home/airflow/.local/lib/python3.12/site-packages/airflow/example_dags/example_setup_teardown.py
[2025-02-25T23:42:58.608+0000] {processor.py:914} INFO - Processing file /home/airflow/.local/lib/python3.12/site-packages/airflow/example_dags/example_setup_teardown.py for tasks to queue
[2025-02-25T23:42:58.609+0000] {logging_mixin.py:190} INFO - [2025-02-25T23:42:58.609+0000] {dagbag.py:588} INFO - Filling up the DagBag from /home/airflow/.local/lib/python3.12/site-packages/airflow/example_dags/example_setup_teardown.py
[2025-02-25T23:42:58.614+0000] {processor.py:925} INFO - DAG(s) 'example_setup_teardown' retrieved from /home/airflow/.local/lib/python3.12/site-packages/airflow/example_dags/example_setup_teardown.py
[2025-02-25T23:42:58.625+0000] {logging_mixin.py:190} INFO - [2025-02-25T23:42:58.625+0000] {dag.py:3239} INFO - Sync 1 DAGs
[2025-02-25T23:42:58.633+0000] {logging_mixin.py:190} INFO - [2025-02-25T23:42:58.633+0000] {dag.py:4180} INFO - Setting next_dagrun for example_setup_teardown to None, run_after=None
[2025-02-25T23:42:58.643+0000] {processor.py:208} INFO - Processing /home/airflow/.local/lib/python3.12/site-packages/airflow/example_dags/example_setup_teardown.py took 0.038 seconds
[2025-02-25T23:43:29.621+0000] {processor.py:186} INFO - Started process (PID=273) to work on /home/airflow/.local/lib/python3.12/site-packages/airflow/example_dags/example_setup_teardown.py
[2025-02-25T23:43:29.622+0000] {processor.py:914} INFO - Processing file /home/airflow/.local/lib/python3.12/site-packages/airflow/example_dags/example_setup_teardown.py for tasks to queue
[2025-02-25T23:43:29.623+0000] {logging_mixin.py:190} INFO - [2025-02-25T23:43:29.623+0000] {dagbag.py:588} INFO - Filling up the DagBag from /home/airflow/.local/lib/python3.12/site-packages/airflow/example_dags/example_setup_teardown.py
[2025-02-25T23:43:29.628+0000] {processor.py:925} INFO - DAG(s) 'example_setup_teardown' retrieved from /home/airflow/.local/lib/python3.12/site-packages/airflow/example_dags/example_setup_teardown.py
[2025-02-25T23:43:29.639+0000] {logging_mixin.py:190} INFO - [2025-02-25T23:43:29.639+0000] {dag.py:3239} INFO - Sync 1 DAGs
[2025-02-25T23:43:29.647+0000] {logging_mixin.py:190} INFO - [2025-02-25T23:43:29.647+0000] {dag.py:4180} INFO - Setting next_dagrun for example_setup_teardown to None, run_after=None
[2025-02-25T23:43:29.656+0000] {processor.py:208} INFO - Processing /home/airflow/.local/lib/python3.12/site-packages/airflow/example_dags/example_setup_teardown.py took 0.038 seconds
[2025-02-25T23:44:00.411+0000] {processor.py:186} INFO - Started process (PID=336) to work on /home/airflow/.local/lib/python3.12/site-packages/airflow/example_dags/example_setup_teardown.py
[2025-02-25T23:44:00.412+0000] {processor.py:914} INFO - Processing file /home/airflow/.local/lib/python3.12/site-packages/airflow/example_dags/example_setup_teardown.py for tasks to queue
[2025-02-25T23:44:00.413+0000] {logging_mixin.py:190} INFO - [2025-02-25T23:44:00.413+0000] {dagbag.py:588} INFO - Filling up the DagBag from /home/airflow/.local/lib/python3.12/site-packages/airflow/example_dags/example_setup_teardown.py
[2025-02-25T23:44:00.418+0000] {processor.py:925} INFO - DAG(s) 'example_setup_teardown' retrieved from /home/airflow/.local/lib/python3.12/site-packages/airflow/example_dags/example_setup_teardown.py
[2025-02-25T23:44:00.430+0000] {logging_mixin.py:190} INFO - [2025-02-25T23:44:00.430+0000] {dag.py:3239} INFO - Sync 1 DAGs
[2025-02-25T23:44:00.437+0000] {logging_mixin.py:190} INFO - [2025-02-25T23:44:00.437+0000] {dag.py:4180} INFO - Setting next_dagrun for example_setup_teardown to None, run_after=None
[2025-02-25T23:44:00.449+0000] {processor.py:208} INFO - Processing /home/airflow/.local/lib/python3.12/site-packages/airflow/example_dags/example_setup_teardown.py took 0.041 seconds
[2025-02-25T23:44:31.157+0000] {processor.py:186} INFO - Started process (PID=399) to work on /home/airflow/.local/lib/python3.12/site-packages/airflow/example_dags/example_setup_teardown.py
[2025-02-25T23:44:31.158+0000] {processor.py:914} INFO - Processing file /home/airflow/.local/lib/python3.12/site-packages/airflow/example_dags/example_setup_teardown.py for tasks to queue
[2025-02-25T23:44:31.160+0000] {logging_mixin.py:190} INFO - [2025-02-25T23:44:31.159+0000] {dagbag.py:588} INFO - Filling up the DagBag from /home/airflow/.local/lib/python3.12/site-packages/airflow/example_dags/example_setup_teardown.py
[2025-02-25T23:44:31.164+0000] {processor.py:925} INFO - DAG(s) 'example_setup_teardown' retrieved from /home/airflow/.local/lib/python3.12/site-packages/airflow/example_dags/example_setup_teardown.py
[2025-02-25T23:44:31.176+0000] {logging_mixin.py:190} INFO - [2025-02-25T23:44:31.176+0000] {dag.py:3239} INFO - Sync 1 DAGs
[2025-02-25T23:44:31.184+0000] {logging_mixin.py:190} INFO - [2025-02-25T23:44:31.184+0000] {dag.py:4180} INFO - Setting next_dagrun for example_setup_teardown to None, run_after=None
[2025-02-25T23:44:31.195+0000] {processor.py:208} INFO - Processing /home/airflow/.local/lib/python3.12/site-packages/airflow/example_dags/example_setup_teardown.py took 0.041 seconds
[2025-02-25T23:45:01.979+0000] {processor.py:186} INFO - Started process (PID=462) to work on /home/airflow/.local/lib/python3.12/site-packages/airflow/example_dags/example_setup_teardown.py
[2025-02-25T23:45:01.980+0000] {processor.py:914} INFO - Processing file /home/airflow/.local/lib/python3.12/site-packages/airflow/example_dags/example_setup_teardown.py for tasks to queue
[2025-02-25T23:45:01.982+0000] {logging_mixin.py:190} INFO - [2025-02-25T23:45:01.982+0000] {dagbag.py:588} INFO - Filling up the DagBag from /home/airflow/.local/lib/python3.12/site-packages/airflow/example_dags/example_setup_teardown.py
[2025-02-25T23:45:01.986+0000] {processor.py:925} INFO - DAG(s) 'example_setup_teardown' retrieved from /home/airflow/.local/lib/python3.12/site-packages/airflow/example_dags/example_setup_teardown.py
[2025-02-25T23:45:02.000+0000] {logging_mixin.py:190} INFO - [2025-02-25T23:45:01.999+0000] {dag.py:3239} INFO - Sync 1 DAGs
[2025-02-25T23:45:02.007+0000] {logging_mixin.py:190} INFO - [2025-02-25T23:45:02.007+0000] {dag.py:4180} INFO - Setting next_dagrun for example_setup_teardown to None, run_after=None
[2025-02-25T23:45:02.018+0000] {processor.py:208} INFO - Processing /home/airflow/.local/lib/python3.12/site-packages/airflow/example_dags/example_setup_teardown.py took 0.041 seconds
[2025-02-25T23:45:32.811+0000] {processor.py:186} INFO - Started process (PID=525) to work on /home/airflow/.local/lib/python3.12/site-packages/airflow/example_dags/example_setup_teardown.py
[2025-02-25T23:45:32.812+0000] {processor.py:914} INFO - Processing file /home/airflow/.local/lib/python3.12/site-packages/airflow/example_dags/example_setup_teardown.py for tasks to queue
[2025-02-25T23:45:32.814+0000] {logging_mixin.py:190} INFO - [2025-02-25T23:45:32.813+0000] {dagbag.py:588} INFO - Filling up the DagBag from /home/airflow/.local/lib/python3.12/site-packages/airflow/example_dags/example_setup_teardown.py
[2025-02-25T23:45:32.818+0000] {processor.py:925} INFO - DAG(s) 'example_setup_teardown' retrieved from /home/airflow/.local/lib/python3.12/site-packages/airflow/example_dags/example_setup_teardown.py
[2025-02-25T23:45:32.832+0000] {logging_mixin.py:190} INFO - [2025-02-25T23:45:32.831+0000] {dag.py:3239} INFO - Sync 1 DAGs
[2025-02-25T23:45:32.840+0000] {logging_mixin.py:190} INFO - [2025-02-25T23:45:32.840+0000] {dag.py:4180} INFO - Setting next_dagrun for example_setup_teardown to None, run_after=None
[2025-02-25T23:45:32.851+0000] {processor.py:208} INFO - Processing /home/airflow/.local/lib/python3.12/site-packages/airflow/example_dags/example_setup_teardown.py took 0.043 seconds
[2025-02-25T23:46:03.515+0000] {processor.py:186} INFO - Started process (PID=588) to work on /home/airflow/.local/lib/python3.12/site-packages/airflow/example_dags/example_setup_teardown.py
[2025-02-25T23:46:03.516+0000] {processor.py:914} INFO - Processing file /home/airflow/.local/lib/python3.12/site-packages/airflow/example_dags/example_setup_teardown.py for tasks to queue
[2025-02-25T23:46:03.518+0000] {logging_mixin.py:190} INFO - [2025-02-25T23:46:03.518+0000] {dagbag.py:588} INFO - Filling up the DagBag from /home/airflow/.local/lib/python3.12/site-packages/airflow/example_dags/example_setup_teardown.py
[2025-02-25T23:46:03.522+0000] {processor.py:925} INFO - DAG(s) 'example_setup_teardown' retrieved from /home/airflow/.local/lib/python3.12/site-packages/airflow/example_dags/example_setup_teardown.py
[2025-02-25T23:46:03.534+0000] {logging_mixin.py:190} INFO - [2025-02-25T23:46:03.534+0000] {dag.py:3239} INFO - Sync 1 DAGs
[2025-02-25T23:46:03.542+0000] {logging_mixin.py:190} INFO - [2025-02-25T23:46:03.542+0000] {dag.py:4180} INFO - Setting next_dagrun for example_setup_teardown to None, run_after=None
[2025-02-25T23:46:03.552+0000] {processor.py:208} INFO - Processing /home/airflow/.local/lib/python3.12/site-packages/airflow/example_dags/example_setup_teardown.py took 0.040 seconds
[2025-02-25T23:46:34.307+0000] {processor.py:186} INFO - Started process (PID=651) to work on /home/airflow/.local/lib/python3.12/site-packages/airflow/example_dags/example_setup_teardown.py
[2025-02-25T23:46:34.309+0000] {processor.py:914} INFO - Processing file /home/airflow/.local/lib/python3.12/site-packages/airflow/example_dags/example_setup_teardown.py for tasks to queue
[2025-02-25T23:46:34.310+0000] {logging_mixin.py:190} INFO - [2025-02-25T23:46:34.310+0000] {dagbag.py:588} INFO - Filling up the DagBag from /home/airflow/.local/lib/python3.12/site-packages/airflow/example_dags/example_setup_teardown.py
[2025-02-25T23:46:34.315+0000] {processor.py:925} INFO - DAG(s) 'example_setup_teardown' retrieved from /home/airflow/.local/lib/python3.12/site-packages/airflow/example_dags/example_setup_teardown.py
[2025-02-25T23:46:34.328+0000] {logging_mixin.py:190} INFO - [2025-02-25T23:46:34.328+0000] {dag.py:3239} INFO - Sync 1 DAGs
[2025-02-25T23:46:34.337+0000] {logging_mixin.py:190} INFO - [2025-02-25T23:46:34.337+0000] {dag.py:4180} INFO - Setting next_dagrun for example_setup_teardown to None, run_after=None
[2025-02-25T23:46:34.348+0000] {processor.py:208} INFO - Processing /home/airflow/.local/lib/python3.12/site-packages/airflow/example_dags/example_setup_teardown.py took 0.044 seconds
[2025-02-25T23:47:05.077+0000] {processor.py:186} INFO - Started process (PID=714) to work on /home/airflow/.local/lib/python3.12/site-packages/airflow/example_dags/example_setup_teardown.py
[2025-02-25T23:47:05.077+0000] {processor.py:914} INFO - Processing file /home/airflow/.local/lib/python3.12/site-packages/airflow/example_dags/example_setup_teardown.py for tasks to queue
[2025-02-25T23:47:05.078+0000] {logging_mixin.py:190} INFO - [2025-02-25T23:47:05.078+0000] {dagbag.py:588} INFO - Filling up the DagBag from /home/airflow/.local/lib/python3.12/site-packages/airflow/example_dags/example_setup_teardown.py
[2025-02-25T23:47:05.083+0000] {processor.py:925} INFO - DAG(s) 'example_setup_teardown' retrieved from /home/airflow/.local/lib/python3.12/site-packages/airflow/example_dags/example_setup_teardown.py
[2025-02-25T23:47:05.095+0000] {logging_mixin.py:190} INFO - [2025-02-25T23:47:05.095+0000] {dag.py:3239} INFO - Sync 1 DAGs
[2025-02-25T23:47:05.102+0000] {logging_mixin.py:190} INFO - [2025-02-25T23:47:05.102+0000] {dag.py:4180} INFO - Setting next_dagrun for example_setup_teardown to None, run_after=None
[2025-02-25T23:47:05.112+0000] {processor.py:208} INFO - Processing /home/airflow/.local/lib/python3.12/site-packages/airflow/example_dags/example_setup_teardown.py took 0.038 seconds
[2025-02-25T23:47:35.846+0000] {processor.py:186} INFO - Started process (PID=777) to work on /home/airflow/.local/lib/python3.12/site-packages/airflow/example_dags/example_setup_teardown.py
[2025-02-25T23:47:35.846+0000] {processor.py:914} INFO - Processing file /home/airflow/.local/lib/python3.12/site-packages/airflow/example_dags/example_setup_teardown.py for tasks to queue
[2025-02-25T23:47:35.848+0000] {logging_mixin.py:190} INFO - [2025-02-25T23:47:35.848+0000] {dagbag.py:588} INFO - Filling up the DagBag from /home/airflow/.local/lib/python3.12/site-packages/airflow/example_dags/example_setup_teardown.py
[2025-02-25T23:47:35.853+0000] {processor.py:925} INFO - DAG(s) 'example_setup_teardown' retrieved from /home/airflow/.local/lib/python3.12/site-packages/airflow/example_dags/example_setup_teardown.py
[2025-02-25T23:47:35.865+0000] {logging_mixin.py:190} INFO - [2025-02-25T23:47:35.865+0000] {dag.py:3239} INFO - Sync 1 DAGs
[2025-02-25T23:47:35.873+0000] {logging_mixin.py:190} INFO - [2025-02-25T23:47:35.873+0000] {dag.py:4180} INFO - Setting next_dagrun for example_setup_teardown to None, run_after=None
[2025-02-25T23:47:35.883+0000] {processor.py:208} INFO - Processing /home/airflow/.local/lib/python3.12/site-packages/airflow/example_dags/example_setup_teardown.py took 0.040 seconds
[2025-02-25T23:48:06.749+0000] {processor.py:186} INFO - Started process (PID=840) to work on /home/airflow/.local/lib/python3.12/site-packages/airflow/example_dags/example_setup_teardown.py
[2025-02-25T23:48:06.750+0000] {processor.py:914} INFO - Processing file /home/airflow/.local/lib/python3.12/site-packages/airflow/example_dags/example_setup_teardown.py for tasks to queue
[2025-02-25T23:48:06.751+0000] {logging_mixin.py:190} INFO - [2025-02-25T23:48:06.751+0000] {dagbag.py:588} INFO - Filling up the DagBag from /home/airflow/.local/lib/python3.12/site-packages/airflow/example_dags/example_setup_teardown.py
[2025-02-25T23:48:06.756+0000] {processor.py:925} INFO - DAG(s) 'example_setup_teardown' retrieved from /home/airflow/.local/lib/python3.12/site-packages/airflow/example_dags/example_setup_teardown.py
[2025-02-25T23:48:06.769+0000] {logging_mixin.py:190} INFO - [2025-02-25T23:48:06.769+0000] {dag.py:3239} INFO - Sync 1 DAGs
[2025-02-25T23:48:06.778+0000] {logging_mixin.py:190} INFO - [2025-02-25T23:48:06.778+0000] {dag.py:4180} INFO - Setting next_dagrun for example_setup_teardown to None, run_after=None
[2025-02-25T23:48:06.791+0000] {processor.py:208} INFO - Processing /home/airflow/.local/lib/python3.12/site-packages/airflow/example_dags/example_setup_teardown.py took 0.046 seconds
[2025-02-25T23:48:37.588+0000] {processor.py:186} INFO - Started process (PID=897) to work on /home/airflow/.local/lib/python3.12/site-packages/airflow/example_dags/example_setup_teardown.py
[2025-02-25T23:48:37.589+0000] {processor.py:914} INFO - Processing file /home/airflow/.local/lib/python3.12/site-packages/airflow/example_dags/example_setup_teardown.py for tasks to queue
[2025-02-25T23:48:37.591+0000] {logging_mixin.py:190} INFO - [2025-02-25T23:48:37.591+0000] {dagbag.py:588} INFO - Filling up the DagBag from /home/airflow/.local/lib/python3.12/site-packages/airflow/example_dags/example_setup_teardown.py
[2025-02-25T23:48:37.596+0000] {processor.py:925} INFO - DAG(s) 'example_setup_teardown' retrieved from /home/airflow/.local/lib/python3.12/site-packages/airflow/example_dags/example_setup_teardown.py
[2025-02-25T23:48:37.610+0000] {logging_mixin.py:190} INFO - [2025-02-25T23:48:37.609+0000] {dag.py:3239} INFO - Sync 1 DAGs
[2025-02-25T23:48:37.618+0000] {logging_mixin.py:190} INFO - [2025-02-25T23:48:37.618+0000] {dag.py:4180} INFO - Setting next_dagrun for example_setup_teardown to None, run_after=None
[2025-02-25T23:48:37.629+0000] {processor.py:208} INFO - Processing /home/airflow/.local/lib/python3.12/site-packages/airflow/example_dags/example_setup_teardown.py took 0.044 seconds
[2025-02-25T23:49:07.668+0000] {processor.py:186} INFO - Started process (PID=960) to work on /home/airflow/.local/lib/python3.12/site-packages/airflow/example_dags/example_setup_teardown.py
[2025-02-25T23:49:07.669+0000] {processor.py:914} INFO - Processing file /home/airflow/.local/lib/python3.12/site-packages/airflow/example_dags/example_setup_teardown.py for tasks to queue
[2025-02-25T23:49:07.671+0000] {logging_mixin.py:190} INFO - [2025-02-25T23:49:07.670+0000] {dagbag.py:588} INFO - Filling up the DagBag from /home/airflow/.local/lib/python3.12/site-packages/airflow/example_dags/example_setup_teardown.py
[2025-02-25T23:49:07.675+0000] {processor.py:925} INFO - DAG(s) 'example_setup_teardown' retrieved from /home/airflow/.local/lib/python3.12/site-packages/airflow/example_dags/example_setup_teardown.py
[2025-02-25T23:49:07.688+0000] {logging_mixin.py:190} INFO - [2025-02-25T23:49:07.688+0000] {dag.py:3239} INFO - Sync 1 DAGs
[2025-02-25T23:49:07.697+0000] {logging_mixin.py:190} INFO - [2025-02-25T23:49:07.697+0000] {dag.py:4180} INFO - Setting next_dagrun for example_setup_teardown to None, run_after=None
[2025-02-25T23:49:07.707+0000] {processor.py:208} INFO - Processing /home/airflow/.local/lib/python3.12/site-packages/airflow/example_dags/example_setup_teardown.py took 0.042 seconds
[2025-02-25T23:49:38.094+0000] {processor.py:186} INFO - Started process (PID=1022) to work on /home/airflow/.local/lib/python3.12/site-packages/airflow/example_dags/example_setup_teardown.py
[2025-02-25T23:49:38.095+0000] {processor.py:914} INFO - Processing file /home/airflow/.local/lib/python3.12/site-packages/airflow/example_dags/example_setup_teardown.py for tasks to queue
[2025-02-25T23:49:38.096+0000] {logging_mixin.py:190} INFO - [2025-02-25T23:49:38.096+0000] {dagbag.py:588} INFO - Filling up the DagBag from /home/airflow/.local/lib/python3.12/site-packages/airflow/example_dags/example_setup_teardown.py
[2025-02-25T23:49:38.101+0000] {processor.py:925} INFO - DAG(s) 'example_setup_teardown' retrieved from /home/airflow/.local/lib/python3.12/site-packages/airflow/example_dags/example_setup_teardown.py
[2025-02-25T23:49:38.113+0000] {logging_mixin.py:190} INFO - [2025-02-25T23:49:38.113+0000] {dag.py:3239} INFO - Sync 1 DAGs
[2025-02-25T23:49:38.121+0000] {logging_mixin.py:190} INFO - [2025-02-25T23:49:38.121+0000] {dag.py:4180} INFO - Setting next_dagrun for example_setup_teardown to None, run_after=None
[2025-02-25T23:49:38.132+0000] {processor.py:208} INFO - Processing /home/airflow/.local/lib/python3.12/site-packages/airflow/example_dags/example_setup_teardown.py took 0.041 seconds
[2025-02-25T23:50:08.656+0000] {processor.py:186} INFO - Started process (PID=1086) to work on /home/airflow/.local/lib/python3.12/site-packages/airflow/example_dags/example_setup_teardown.py
[2025-02-25T23:50:08.656+0000] {processor.py:914} INFO - Processing file /home/airflow/.local/lib/python3.12/site-packages/airflow/example_dags/example_setup_teardown.py for tasks to queue
[2025-02-25T23:50:08.658+0000] {logging_mixin.py:190} INFO - [2025-02-25T23:50:08.658+0000] {dagbag.py:588} INFO - Filling up the DagBag from /home/airflow/.local/lib/python3.12/site-packages/airflow/example_dags/example_setup_teardown.py
[2025-02-25T23:50:08.663+0000] {processor.py:925} INFO - DAG(s) 'example_setup_teardown' retrieved from /home/airflow/.local/lib/python3.12/site-packages/airflow/example_dags/example_setup_teardown.py
[2025-02-25T23:50:08.676+0000] {logging_mixin.py:190} INFO - [2025-02-25T23:50:08.675+0000] {dag.py:3239} INFO - Sync 1 DAGs
[2025-02-25T23:50:08.684+0000] {logging_mixin.py:190} INFO - [2025-02-25T23:50:08.684+0000] {dag.py:4180} INFO - Setting next_dagrun for example_setup_teardown to None, run_after=None
[2025-02-25T23:50:08.694+0000] {processor.py:208} INFO - Processing /home/airflow/.local/lib/python3.12/site-packages/airflow/example_dags/example_setup_teardown.py took 0.042 seconds
[2025-02-25T23:50:39.093+0000] {processor.py:186} INFO - Started process (PID=1148) to work on /home/airflow/.local/lib/python3.12/site-packages/airflow/example_dags/example_setup_teardown.py
[2025-02-25T23:50:39.094+0000] {processor.py:914} INFO - Processing file /home/airflow/.local/lib/python3.12/site-packages/airflow/example_dags/example_setup_teardown.py for tasks to queue
[2025-02-25T23:50:39.095+0000] {logging_mixin.py:190} INFO - [2025-02-25T23:50:39.095+0000] {dagbag.py:588} INFO - Filling up the DagBag from /home/airflow/.local/lib/python3.12/site-packages/airflow/example_dags/example_setup_teardown.py
[2025-02-25T23:50:39.100+0000] {processor.py:925} INFO - DAG(s) 'example_setup_teardown' retrieved from /home/airflow/.local/lib/python3.12/site-packages/airflow/example_dags/example_setup_teardown.py
[2025-02-25T23:50:39.112+0000] {logging_mixin.py:190} INFO - [2025-02-25T23:50:39.112+0000] {dag.py:3239} INFO - Sync 1 DAGs
[2025-02-25T23:50:39.120+0000] {logging_mixin.py:190} INFO - [2025-02-25T23:50:39.120+0000] {dag.py:4180} INFO - Setting next_dagrun for example_setup_teardown to None, run_after=None
[2025-02-25T23:50:39.132+0000] {processor.py:208} INFO - Processing /home/airflow/.local/lib/python3.12/site-packages/airflow/example_dags/example_setup_teardown.py took 0.041 seconds
[2025-02-25T23:51:11.748+0000] {processor.py:186} INFO - Started process (PID=1212) to work on /home/airflow/.local/lib/python3.12/site-packages/airflow/example_dags/example_setup_teardown.py
[2025-02-25T23:51:11.749+0000] {processor.py:914} INFO - Processing file /home/airflow/.local/lib/python3.12/site-packages/airflow/example_dags/example_setup_teardown.py for tasks to queue
[2025-02-25T23:51:11.751+0000] {logging_mixin.py:190} INFO - [2025-02-25T23:51:11.750+0000] {dagbag.py:588} INFO - Filling up the DagBag from /home/airflow/.local/lib/python3.12/site-packages/airflow/example_dags/example_setup_teardown.py
[2025-02-25T23:51:11.755+0000] {processor.py:925} INFO - DAG(s) 'example_setup_teardown' retrieved from /home/airflow/.local/lib/python3.12/site-packages/airflow/example_dags/example_setup_teardown.py
[2025-02-25T23:51:11.768+0000] {logging_mixin.py:190} INFO - [2025-02-25T23:51:11.768+0000] {dag.py:3239} INFO - Sync 1 DAGs
[2025-02-25T23:51:11.776+0000] {logging_mixin.py:190} INFO - [2025-02-25T23:51:11.776+0000] {dag.py:4180} INFO - Setting next_dagrun for example_setup_teardown to None, run_after=None
[2025-02-25T23:51:11.786+0000] {processor.py:208} INFO - Processing /home/airflow/.local/lib/python3.12/site-packages/airflow/example_dags/example_setup_teardown.py took 0.041 seconds
[2025-02-25T23:51:42.370+0000] {processor.py:186} INFO - Started process (PID=1275) to work on /home/airflow/.local/lib/python3.12/site-packages/airflow/example_dags/example_setup_teardown.py
[2025-02-25T23:51:42.371+0000] {processor.py:914} INFO - Processing file /home/airflow/.local/lib/python3.12/site-packages/airflow/example_dags/example_setup_teardown.py for tasks to queue
[2025-02-25T23:51:42.372+0000] {logging_mixin.py:190} INFO - [2025-02-25T23:51:42.372+0000] {dagbag.py:588} INFO - Filling up the DagBag from /home/airflow/.local/lib/python3.12/site-packages/airflow/example_dags/example_setup_teardown.py
[2025-02-25T23:51:42.377+0000] {processor.py:925} INFO - DAG(s) 'example_setup_teardown' retrieved from /home/airflow/.local/lib/python3.12/site-packages/airflow/example_dags/example_setup_teardown.py
[2025-02-25T23:51:42.388+0000] {logging_mixin.py:190} INFO - [2025-02-25T23:51:42.388+0000] {dag.py:3239} INFO - Sync 1 DAGs
[2025-02-25T23:51:42.396+0000] {logging_mixin.py:190} INFO - [2025-02-25T23:51:42.396+0000] {dag.py:4180} INFO - Setting next_dagrun for example_setup_teardown to None, run_after=None
[2025-02-25T23:51:42.406+0000] {processor.py:208} INFO - Processing /home/airflow/.local/lib/python3.12/site-packages/airflow/example_dags/example_setup_teardown.py took 0.039 seconds
[2025-02-25T23:52:13.396+0000] {processor.py:186} INFO - Started process (PID=1338) to work on /home/airflow/.local/lib/python3.12/site-packages/airflow/example_dags/example_setup_teardown.py
[2025-02-25T23:52:13.397+0000] {processor.py:914} INFO - Processing file /home/airflow/.local/lib/python3.12/site-packages/airflow/example_dags/example_setup_teardown.py for tasks to queue
[2025-02-25T23:52:13.398+0000] {logging_mixin.py:190} INFO - [2025-02-25T23:52:13.398+0000] {dagbag.py:588} INFO - Filling up the DagBag from /home/airflow/.local/lib/python3.12/site-packages/airflow/example_dags/example_setup_teardown.py
[2025-02-25T23:52:13.403+0000] {processor.py:925} INFO - DAG(s) 'example_setup_teardown' retrieved from /home/airflow/.local/lib/python3.12/site-packages/airflow/example_dags/example_setup_teardown.py
[2025-02-25T23:52:13.415+0000] {logging_mixin.py:190} INFO - [2025-02-25T23:52:13.415+0000] {dag.py:3239} INFO - Sync 1 DAGs
[2025-02-25T23:52:13.423+0000] {logging_mixin.py:190} INFO - [2025-02-25T23:52:13.423+0000] {dag.py:4180} INFO - Setting next_dagrun for example_setup_teardown to None, run_after=None
[2025-02-25T23:52:13.432+0000] {processor.py:208} INFO - Processing /home/airflow/.local/lib/python3.12/site-packages/airflow/example_dags/example_setup_teardown.py took 0.040 seconds
[2025-02-25T23:52:44.322+0000] {processor.py:186} INFO - Started process (PID=1401) to work on /home/airflow/.local/lib/python3.12/site-packages/airflow/example_dags/example_setup_teardown.py
[2025-02-25T23:52:44.323+0000] {processor.py:914} INFO - Processing file /home/airflow/.local/lib/python3.12/site-packages/airflow/example_dags/example_setup_teardown.py for tasks to queue
[2025-02-25T23:52:44.324+0000] {logging_mixin.py:190} INFO - [2025-02-25T23:52:44.324+0000] {dagbag.py:588} INFO - Filling up the DagBag from /home/airflow/.local/lib/python3.12/site-packages/airflow/example_dags/example_setup_teardown.py
[2025-02-25T23:52:44.329+0000] {processor.py:925} INFO - DAG(s) 'example_setup_teardown' retrieved from /home/airflow/.local/lib/python3.12/site-packages/airflow/example_dags/example_setup_teardown.py
[2025-02-25T23:52:44.341+0000] {logging_mixin.py:190} INFO - [2025-02-25T23:52:44.341+0000] {dag.py:3239} INFO - Sync 1 DAGs
[2025-02-25T23:52:44.349+0000] {logging_mixin.py:190} INFO - [2025-02-25T23:52:44.349+0000] {dag.py:4180} INFO - Setting next_dagrun for example_setup_teardown to None, run_after=None
[2025-02-25T23:52:44.360+0000] {processor.py:208} INFO - Processing /home/airflow/.local/lib/python3.12/site-packages/airflow/example_dags/example_setup_teardown.py took 0.041 seconds
[2025-02-25T23:53:15.356+0000] {processor.py:186} INFO - Started process (PID=1465) to work on /home/airflow/.local/lib/python3.12/site-packages/airflow/example_dags/example_setup_teardown.py
[2025-02-25T23:53:15.357+0000] {processor.py:914} INFO - Processing file /home/airflow/.local/lib/python3.12/site-packages/airflow/example_dags/example_setup_teardown.py for tasks to queue
[2025-02-25T23:53:15.359+0000] {logging_mixin.py:190} INFO - [2025-02-25T23:53:15.358+0000] {dagbag.py:588} INFO - Filling up the DagBag from /home/airflow/.local/lib/python3.12/site-packages/airflow/example_dags/example_setup_teardown.py
[2025-02-25T23:53:15.363+0000] {processor.py:925} INFO - DAG(s) 'example_setup_teardown' retrieved from /home/airflow/.local/lib/python3.12/site-packages/airflow/example_dags/example_setup_teardown.py
[2025-02-25T23:53:15.377+0000] {logging_mixin.py:190} INFO - [2025-02-25T23:53:15.377+0000] {dag.py:3239} INFO - Sync 1 DAGs
[2025-02-25T23:53:15.386+0000] {logging_mixin.py:190} INFO - [2025-02-25T23:53:15.386+0000] {dag.py:4180} INFO - Setting next_dagrun for example_setup_teardown to None, run_after=None
[2025-02-25T23:53:15.399+0000] {processor.py:208} INFO - Processing /home/airflow/.local/lib/python3.12/site-packages/airflow/example_dags/example_setup_teardown.py took 0.046 seconds
[2025-02-25T23:53:46.224+0000] {processor.py:186} INFO - Started process (PID=1528) to work on /home/airflow/.local/lib/python3.12/site-packages/airflow/example_dags/example_setup_teardown.py
[2025-02-25T23:53:46.224+0000] {processor.py:914} INFO - Processing file /home/airflow/.local/lib/python3.12/site-packages/airflow/example_dags/example_setup_teardown.py for tasks to queue
[2025-02-25T23:53:46.226+0000] {logging_mixin.py:190} INFO - [2025-02-25T23:53:46.226+0000] {dagbag.py:588} INFO - Filling up the DagBag from /home/airflow/.local/lib/python3.12/site-packages/airflow/example_dags/example_setup_teardown.py
[2025-02-25T23:53:46.231+0000] {processor.py:925} INFO - DAG(s) 'example_setup_teardown' retrieved from /home/airflow/.local/lib/python3.12/site-packages/airflow/example_dags/example_setup_teardown.py
[2025-02-25T23:53:46.243+0000] {logging_mixin.py:190} INFO - [2025-02-25T23:53:46.243+0000] {dag.py:3239} INFO - Sync 1 DAGs
[2025-02-25T23:53:46.252+0000] {logging_mixin.py:190} INFO - [2025-02-25T23:53:46.252+0000] {dag.py:4180} INFO - Setting next_dagrun for example_setup_teardown to None, run_after=None
[2025-02-25T23:53:46.262+0000] {processor.py:208} INFO - Processing /home/airflow/.local/lib/python3.12/site-packages/airflow/example_dags/example_setup_teardown.py took 0.042 seconds
[2025-02-25T23:54:17.175+0000] {processor.py:186} INFO - Started process (PID=1591) to work on /home/airflow/.local/lib/python3.12/site-packages/airflow/example_dags/example_setup_teardown.py
[2025-02-25T23:54:17.176+0000] {processor.py:914} INFO - Processing file /home/airflow/.local/lib/python3.12/site-packages/airflow/example_dags/example_setup_teardown.py for tasks to queue
[2025-02-25T23:54:17.177+0000] {logging_mixin.py:190} INFO - [2025-02-25T23:54:17.177+0000] {dagbag.py:588} INFO - Filling up the DagBag from /home/airflow/.local/lib/python3.12/site-packages/airflow/example_dags/example_setup_teardown.py
[2025-02-25T23:54:17.182+0000] {processor.py:925} INFO - DAG(s) 'example_setup_teardown' retrieved from /home/airflow/.local/lib/python3.12/site-packages/airflow/example_dags/example_setup_teardown.py
[2025-02-25T23:54:17.197+0000] {logging_mixin.py:190} INFO - [2025-02-25T23:54:17.197+0000] {dag.py:3239} INFO - Sync 1 DAGs
[2025-02-25T23:54:17.209+0000] {logging_mixin.py:190} INFO - [2025-02-25T23:54:17.209+0000] {dag.py:4180} INFO - Setting next_dagrun for example_setup_teardown to None, run_after=None
[2025-02-25T23:54:17.223+0000] {processor.py:208} INFO - Processing /home/airflow/.local/lib/python3.12/site-packages/airflow/example_dags/example_setup_teardown.py took 0.052 seconds
[2025-02-25T23:54:48.198+0000] {processor.py:186} INFO - Started process (PID=1654) to work on /home/airflow/.local/lib/python3.12/site-packages/airflow/example_dags/example_setup_teardown.py
[2025-02-25T23:54:48.199+0000] {processor.py:914} INFO - Processing file /home/airflow/.local/lib/python3.12/site-packages/airflow/example_dags/example_setup_teardown.py for tasks to queue
[2025-02-25T23:54:48.200+0000] {logging_mixin.py:190} INFO - [2025-02-25T23:54:48.200+0000] {dagbag.py:588} INFO - Filling up the DagBag from /home/airflow/.local/lib/python3.12/site-packages/airflow/example_dags/example_setup_teardown.py
[2025-02-25T23:54:48.206+0000] {processor.py:925} INFO - DAG(s) 'example_setup_teardown' retrieved from /home/airflow/.local/lib/python3.12/site-packages/airflow/example_dags/example_setup_teardown.py
[2025-02-25T23:54:48.220+0000] {logging_mixin.py:190} INFO - [2025-02-25T23:54:48.220+0000] {dag.py:3239} INFO - Sync 1 DAGs
[2025-02-25T23:54:48.229+0000] {logging_mixin.py:190} INFO - [2025-02-25T23:54:48.229+0000] {dag.py:4180} INFO - Setting next_dagrun for example_setup_teardown to None, run_after=None
[2025-02-25T23:54:48.241+0000] {processor.py:208} INFO - Processing /home/airflow/.local/lib/python3.12/site-packages/airflow/example_dags/example_setup_teardown.py took 0.047 seconds
[2025-02-25T23:55:18.433+0000] {processor.py:186} INFO - Started process (PID=1716) to work on /home/airflow/.local/lib/python3.12/site-packages/airflow/example_dags/example_setup_teardown.py
[2025-02-25T23:55:18.433+0000] {processor.py:914} INFO - Processing file /home/airflow/.local/lib/python3.12/site-packages/airflow/example_dags/example_setup_teardown.py for tasks to queue
[2025-02-25T23:55:18.435+0000] {logging_mixin.py:190} INFO - [2025-02-25T23:55:18.434+0000] {dagbag.py:588} INFO - Filling up the DagBag from /home/airflow/.local/lib/python3.12/site-packages/airflow/example_dags/example_setup_teardown.py
[2025-02-25T23:55:18.439+0000] {processor.py:925} INFO - DAG(s) 'example_setup_teardown' retrieved from /home/airflow/.local/lib/python3.12/site-packages/airflow/example_dags/example_setup_teardown.py
[2025-02-25T23:55:18.451+0000] {logging_mixin.py:190} INFO - [2025-02-25T23:55:18.451+0000] {dag.py:3239} INFO - Sync 1 DAGs
[2025-02-25T23:55:18.458+0000] {logging_mixin.py:190} INFO - [2025-02-25T23:55:18.458+0000] {dag.py:4180} INFO - Setting next_dagrun for example_setup_teardown to None, run_after=None
[2025-02-25T23:55:18.469+0000] {processor.py:208} INFO - Processing /home/airflow/.local/lib/python3.12/site-packages/airflow/example_dags/example_setup_teardown.py took 0.040 seconds
[2025-02-25T23:55:52.354+0000] {processor.py:186} INFO - Started process (PID=1780) to work on /home/airflow/.local/lib/python3.12/site-packages/airflow/example_dags/example_setup_teardown.py
[2025-02-25T23:55:52.356+0000] {processor.py:914} INFO - Processing file /home/airflow/.local/lib/python3.12/site-packages/airflow/example_dags/example_setup_teardown.py for tasks to queue
[2025-02-25T23:55:52.357+0000] {logging_mixin.py:190} INFO - [2025-02-25T23:55:52.357+0000] {dagbag.py:588} INFO - Filling up the DagBag from /home/airflow/.local/lib/python3.12/site-packages/airflow/example_dags/example_setup_teardown.py
[2025-02-25T23:55:52.362+0000] {processor.py:925} INFO - DAG(s) 'example_setup_teardown' retrieved from /home/airflow/.local/lib/python3.12/site-packages/airflow/example_dags/example_setup_teardown.py
[2025-02-25T23:55:52.375+0000] {logging_mixin.py:190} INFO - [2025-02-25T23:55:52.375+0000] {dag.py:3239} INFO - Sync 1 DAGs
[2025-02-25T23:55:52.383+0000] {logging_mixin.py:190} INFO - [2025-02-25T23:55:52.383+0000] {dag.py:4180} INFO - Setting next_dagrun for example_setup_teardown to None, run_after=None
[2025-02-25T23:55:52.394+0000] {processor.py:208} INFO - Processing /home/airflow/.local/lib/python3.12/site-packages/airflow/example_dags/example_setup_teardown.py took 0.043 seconds
[2025-02-25T23:56:23.195+0000] {processor.py:186} INFO - Started process (PID=1842) to work on /home/airflow/.local/lib/python3.12/site-packages/airflow/example_dags/example_setup_teardown.py
[2025-02-25T23:56:23.196+0000] {processor.py:914} INFO - Processing file /home/airflow/.local/lib/python3.12/site-packages/airflow/example_dags/example_setup_teardown.py for tasks to queue
[2025-02-25T23:56:23.197+0000] {logging_mixin.py:190} INFO - [2025-02-25T23:56:23.197+0000] {dagbag.py:588} INFO - Filling up the DagBag from /home/airflow/.local/lib/python3.12/site-packages/airflow/example_dags/example_setup_teardown.py
[2025-02-25T23:56:23.201+0000] {processor.py:925} INFO - DAG(s) 'example_setup_teardown' retrieved from /home/airflow/.local/lib/python3.12/site-packages/airflow/example_dags/example_setup_teardown.py
[2025-02-25T23:56:23.214+0000] {logging_mixin.py:190} INFO - [2025-02-25T23:56:23.214+0000] {dag.py:3239} INFO - Sync 1 DAGs
[2025-02-25T23:56:23.222+0000] {logging_mixin.py:190} INFO - [2025-02-25T23:56:23.221+0000] {dag.py:4180} INFO - Setting next_dagrun for example_setup_teardown to None, run_after=None
[2025-02-25T23:56:23.231+0000] {processor.py:208} INFO - Processing /home/airflow/.local/lib/python3.12/site-packages/airflow/example_dags/example_setup_teardown.py took 0.040 seconds
[2025-02-25T23:56:53.443+0000] {processor.py:186} INFO - Started process (PID=1905) to work on /home/airflow/.local/lib/python3.12/site-packages/airflow/example_dags/example_setup_teardown.py
[2025-02-25T23:56:53.444+0000] {processor.py:914} INFO - Processing file /home/airflow/.local/lib/python3.12/site-packages/airflow/example_dags/example_setup_teardown.py for tasks to queue
[2025-02-25T23:56:53.445+0000] {logging_mixin.py:190} INFO - [2025-02-25T23:56:53.445+0000] {dagbag.py:588} INFO - Filling up the DagBag from /home/airflow/.local/lib/python3.12/site-packages/airflow/example_dags/example_setup_teardown.py
[2025-02-25T23:56:53.450+0000] {processor.py:925} INFO - DAG(s) 'example_setup_teardown' retrieved from /home/airflow/.local/lib/python3.12/site-packages/airflow/example_dags/example_setup_teardown.py
[2025-02-25T23:56:53.462+0000] {logging_mixin.py:190} INFO - [2025-02-25T23:56:53.462+0000] {dag.py:3239} INFO - Sync 1 DAGs
[2025-02-25T23:56:53.469+0000] {logging_mixin.py:190} INFO - [2025-02-25T23:56:53.469+0000] {dag.py:4180} INFO - Setting next_dagrun for example_setup_teardown to None, run_after=None
[2025-02-25T23:56:53.481+0000] {processor.py:208} INFO - Processing /home/airflow/.local/lib/python3.12/site-packages/airflow/example_dags/example_setup_teardown.py took 0.041 seconds
[2025-02-25T23:57:24.250+0000] {processor.py:186} INFO - Started process (PID=1962) to work on /home/airflow/.local/lib/python3.12/site-packages/airflow/example_dags/example_setup_teardown.py
[2025-02-25T23:57:24.251+0000] {processor.py:914} INFO - Processing file /home/airflow/.local/lib/python3.12/site-packages/airflow/example_dags/example_setup_teardown.py for tasks to queue
[2025-02-25T23:57:24.252+0000] {logging_mixin.py:190} INFO - [2025-02-25T23:57:24.252+0000] {dagbag.py:588} INFO - Filling up the DagBag from /home/airflow/.local/lib/python3.12/site-packages/airflow/example_dags/example_setup_teardown.py
[2025-02-25T23:57:24.256+0000] {processor.py:925} INFO - DAG(s) 'example_setup_teardown' retrieved from /home/airflow/.local/lib/python3.12/site-packages/airflow/example_dags/example_setup_teardown.py
[2025-02-25T23:57:24.267+0000] {logging_mixin.py:190} INFO - [2025-02-25T23:57:24.267+0000] {dag.py:3239} INFO - Sync 1 DAGs
[2025-02-25T23:57:24.274+0000] {logging_mixin.py:190} INFO - [2025-02-25T23:57:24.274+0000] {dag.py:4180} INFO - Setting next_dagrun for example_setup_teardown to None, run_after=None
[2025-02-25T23:57:24.289+0000] {processor.py:208} INFO - Processing /home/airflow/.local/lib/python3.12/site-packages/airflow/example_dags/example_setup_teardown.py took 0.043 seconds
[2025-02-25T23:57:55.974+0000] {processor.py:186} INFO - Started process (PID=2025) to work on /home/airflow/.local/lib/python3.12/site-packages/airflow/example_dags/example_setup_teardown.py
[2025-02-25T23:57:55.975+0000] {processor.py:914} INFO - Processing file /home/airflow/.local/lib/python3.12/site-packages/airflow/example_dags/example_setup_teardown.py for tasks to queue
[2025-02-25T23:57:55.976+0000] {logging_mixin.py:190} INFO - [2025-02-25T23:57:55.976+0000] {dagbag.py:588} INFO - Filling up the DagBag from /home/airflow/.local/lib/python3.12/site-packages/airflow/example_dags/example_setup_teardown.py
[2025-02-25T23:57:55.981+0000] {processor.py:925} INFO - DAG(s) 'example_setup_teardown' retrieved from /home/airflow/.local/lib/python3.12/site-packages/airflow/example_dags/example_setup_teardown.py
[2025-02-25T23:57:55.992+0000] {logging_mixin.py:190} INFO - [2025-02-25T23:57:55.992+0000] {dag.py:3239} INFO - Sync 1 DAGs
[2025-02-25T23:57:55.999+0000] {logging_mixin.py:190} INFO - [2025-02-25T23:57:55.999+0000] {dag.py:4180} INFO - Setting next_dagrun for example_setup_teardown to None, run_after=None
[2025-02-25T23:57:56.010+0000] {processor.py:208} INFO - Processing /home/airflow/.local/lib/python3.12/site-packages/airflow/example_dags/example_setup_teardown.py took 0.040 seconds
[2025-02-25T23:58:29.795+0000] {processor.py:186} INFO - Started process (PID=2089) to work on /home/airflow/.local/lib/python3.12/site-packages/airflow/example_dags/example_setup_teardown.py
[2025-02-25T23:58:29.796+0000] {processor.py:914} INFO - Processing file /home/airflow/.local/lib/python3.12/site-packages/airflow/example_dags/example_setup_teardown.py for tasks to queue
[2025-02-25T23:58:29.797+0000] {logging_mixin.py:190} INFO - [2025-02-25T23:58:29.797+0000] {dagbag.py:588} INFO - Filling up the DagBag from /home/airflow/.local/lib/python3.12/site-packages/airflow/example_dags/example_setup_teardown.py
[2025-02-25T23:58:29.802+0000] {processor.py:925} INFO - DAG(s) 'example_setup_teardown' retrieved from /home/airflow/.local/lib/python3.12/site-packages/airflow/example_dags/example_setup_teardown.py
[2025-02-25T23:58:29.814+0000] {logging_mixin.py:190} INFO - [2025-02-25T23:58:29.814+0000] {dag.py:3239} INFO - Sync 1 DAGs
[2025-02-25T23:58:29.822+0000] {logging_mixin.py:190} INFO - [2025-02-25T23:58:29.822+0000] {dag.py:4180} INFO - Setting next_dagrun for example_setup_teardown to None, run_after=None
[2025-02-25T23:58:29.832+0000] {processor.py:208} INFO - Processing /home/airflow/.local/lib/python3.12/site-packages/airflow/example_dags/example_setup_teardown.py took 0.040 seconds
[2025-02-25T23:59:00.563+0000] {processor.py:186} INFO - Started process (PID=2152) to work on /home/airflow/.local/lib/python3.12/site-packages/airflow/example_dags/example_setup_teardown.py
[2025-02-25T23:59:00.564+0000] {processor.py:914} INFO - Processing file /home/airflow/.local/lib/python3.12/site-packages/airflow/example_dags/example_setup_teardown.py for tasks to queue
[2025-02-25T23:59:00.566+0000] {logging_mixin.py:190} INFO - [2025-02-25T23:59:00.565+0000] {dagbag.py:588} INFO - Filling up the DagBag from /home/airflow/.local/lib/python3.12/site-packages/airflow/example_dags/example_setup_teardown.py
[2025-02-25T23:59:00.572+0000] {processor.py:925} INFO - DAG(s) 'example_setup_teardown' retrieved from /home/airflow/.local/lib/python3.12/site-packages/airflow/example_dags/example_setup_teardown.py
[2025-02-25T23:59:00.585+0000] {logging_mixin.py:190} INFO - [2025-02-25T23:59:00.585+0000] {dag.py:3239} INFO - Sync 1 DAGs
[2025-02-25T23:59:00.593+0000] {logging_mixin.py:190} INFO - [2025-02-25T23:59:00.593+0000] {dag.py:4180} INFO - Setting next_dagrun for example_setup_teardown to None, run_after=None
[2025-02-25T23:59:00.604+0000] {processor.py:208} INFO - Processing /home/airflow/.local/lib/python3.12/site-packages/airflow/example_dags/example_setup_teardown.py took 0.043 seconds
[2025-02-25T23:59:31.334+0000] {processor.py:186} INFO - Started process (PID=2215) to work on /home/airflow/.local/lib/python3.12/site-packages/airflow/example_dags/example_setup_teardown.py
[2025-02-25T23:59:31.335+0000] {processor.py:914} INFO - Processing file /home/airflow/.local/lib/python3.12/site-packages/airflow/example_dags/example_setup_teardown.py for tasks to queue
[2025-02-25T23:59:31.336+0000] {logging_mixin.py:190} INFO - [2025-02-25T23:59:31.336+0000] {dagbag.py:588} INFO - Filling up the DagBag from /home/airflow/.local/lib/python3.12/site-packages/airflow/example_dags/example_setup_teardown.py
[2025-02-25T23:59:31.342+0000] {processor.py:925} INFO - DAG(s) 'example_setup_teardown' retrieved from /home/airflow/.local/lib/python3.12/site-packages/airflow/example_dags/example_setup_teardown.py
[2025-02-25T23:59:31.355+0000] {logging_mixin.py:190} INFO - [2025-02-25T23:59:31.355+0000] {dag.py:3239} INFO - Sync 1 DAGs
[2025-02-25T23:59:31.363+0000] {logging_mixin.py:190} INFO - [2025-02-25T23:59:31.363+0000] {dag.py:4180} INFO - Setting next_dagrun for example_setup_teardown to None, run_after=None
[2025-02-25T23:59:31.374+0000] {processor.py:208} INFO - Processing /home/airflow/.local/lib/python3.12/site-packages/airflow/example_dags/example_setup_teardown.py took 0.043 seconds
