[2025-02-25T23:22:17.814+0000] {processor.py:186} INFO - Started process (PID=89) to work on /home/airflow/.local/lib/python3.12/site-packages/airflow/example_dags/example_complex.py
[2025-02-25T23:22:17.814+0000] {processor.py:914} INFO - Processing file /home/airflow/.local/lib/python3.12/site-packages/airflow/example_dags/example_complex.py for tasks to queue
[2025-02-25T23:22:17.815+0000] {logging_mixin.py:190} INFO - [2025-02-25T23:22:17.815+0000] {dagbag.py:588} INFO - Filling up the DagBag from /home/airflow/.local/lib/python3.12/site-packages/airflow/example_dags/example_complex.py
[2025-02-25T23:22:17.823+0000] {processor.py:925} INFO - DAG(s) 'example_complex' retrieved from /home/airflow/.local/lib/python3.12/site-packages/airflow/example_dags/example_complex.py
[2025-02-25T23:22:17.889+0000] {logging_mixin.py:190} INFO - [2025-02-25T23:22:17.889+0000] {override.py:1912} INFO - Created Permission View: can edit on DAG:example_complex
[2025-02-25T23:22:17.895+0000] {logging_mixin.py:190} INFO - [2025-02-25T23:22:17.894+0000] {override.py:1912} INFO - Created Permission View: can delete on DAG:example_complex
[2025-02-25T23:22:17.898+0000] {logging_mixin.py:190} INFO - [2025-02-25T23:22:17.898+0000] {override.py:1912} INFO - Created Permission View: can read on DAG:example_complex
[2025-02-25T23:22:17.902+0000] {logging_mixin.py:190} INFO - [2025-02-25T23:22:17.902+0000] {override.py:1912} INFO - Created Permission View: can delete on DAG Run:example_complex
[2025-02-25T23:22:17.906+0000] {logging_mixin.py:190} INFO - [2025-02-25T23:22:17.905+0000] {override.py:1912} INFO - Created Permission View: can read on DAG Run:example_complex
[2025-02-25T23:22:17.909+0000] {logging_mixin.py:190} INFO - [2025-02-25T23:22:17.909+0000] {override.py:1912} INFO - Created Permission View: menu access on DAG Run:example_complex
[2025-02-25T23:22:17.912+0000] {logging_mixin.py:190} INFO - [2025-02-25T23:22:17.912+0000] {override.py:1912} INFO - Created Permission View: can create on DAG Run:example_complex
[2025-02-25T23:22:17.912+0000] {logging_mixin.py:190} INFO - [2025-02-25T23:22:17.912+0000] {dag.py:3239} INFO - Sync 1 DAGs
[2025-02-25T23:22:17.919+0000] {logging_mixin.py:190} INFO - [2025-02-25T23:22:17.919+0000] {dag.py:3262} INFO - Creating ORM DAG for example_complex
[2025-02-25T23:22:17.919+0000] {logging_mixin.py:190} INFO - [2025-02-25T23:22:17.919+0000] {dag.py:4180} INFO - Setting next_dagrun for example_complex to None, run_after=None
[2025-02-25T23:22:17.928+0000] {processor.py:208} INFO - Processing /home/airflow/.local/lib/python3.12/site-packages/airflow/example_dags/example_complex.py took 0.118 seconds
[2025-02-25T23:22:48.024+0000] {processor.py:186} INFO - Started process (PID=152) to work on /home/airflow/.local/lib/python3.12/site-packages/airflow/example_dags/example_complex.py
[2025-02-25T23:22:48.024+0000] {processor.py:914} INFO - Processing file /home/airflow/.local/lib/python3.12/site-packages/airflow/example_dags/example_complex.py for tasks to queue
[2025-02-25T23:22:48.025+0000] {logging_mixin.py:190} INFO - [2025-02-25T23:22:48.025+0000] {dagbag.py:588} INFO - Filling up the DagBag from /home/airflow/.local/lib/python3.12/site-packages/airflow/example_dags/example_complex.py
[2025-02-25T23:22:48.032+0000] {processor.py:925} INFO - DAG(s) 'example_complex' retrieved from /home/airflow/.local/lib/python3.12/site-packages/airflow/example_dags/example_complex.py
[2025-02-25T23:22:48.051+0000] {logging_mixin.py:190} INFO - [2025-02-25T23:22:48.051+0000] {dag.py:3239} INFO - Sync 1 DAGs
[2025-02-25T23:22:48.059+0000] {logging_mixin.py:190} INFO - [2025-02-25T23:22:48.059+0000] {dag.py:4180} INFO - Setting next_dagrun for example_complex to None, run_after=None
[2025-02-25T23:22:48.069+0000] {processor.py:208} INFO - Processing /home/airflow/.local/lib/python3.12/site-packages/airflow/example_dags/example_complex.py took 0.049 seconds
[2025-02-25T23:23:18.873+0000] {processor.py:186} INFO - Started process (PID=215) to work on /home/airflow/.local/lib/python3.12/site-packages/airflow/example_dags/example_complex.py
[2025-02-25T23:23:18.873+0000] {processor.py:914} INFO - Processing file /home/airflow/.local/lib/python3.12/site-packages/airflow/example_dags/example_complex.py for tasks to queue
[2025-02-25T23:23:18.875+0000] {logging_mixin.py:190} INFO - [2025-02-25T23:23:18.874+0000] {dagbag.py:588} INFO - Filling up the DagBag from /home/airflow/.local/lib/python3.12/site-packages/airflow/example_dags/example_complex.py
[2025-02-25T23:23:18.881+0000] {processor.py:925} INFO - DAG(s) 'example_complex' retrieved from /home/airflow/.local/lib/python3.12/site-packages/airflow/example_dags/example_complex.py
[2025-02-25T23:23:18.900+0000] {logging_mixin.py:190} INFO - [2025-02-25T23:23:18.900+0000] {dag.py:3239} INFO - Sync 1 DAGs
[2025-02-25T23:23:18.908+0000] {logging_mixin.py:190} INFO - [2025-02-25T23:23:18.908+0000] {dag.py:4180} INFO - Setting next_dagrun for example_complex to None, run_after=None
[2025-02-25T23:23:18.918+0000] {processor.py:208} INFO - Processing /home/airflow/.local/lib/python3.12/site-packages/airflow/example_dags/example_complex.py took 0.049 seconds
[2025-02-25T23:23:49.724+0000] {processor.py:186} INFO - Started process (PID=278) to work on /home/airflow/.local/lib/python3.12/site-packages/airflow/example_dags/example_complex.py
[2025-02-25T23:23:49.725+0000] {processor.py:914} INFO - Processing file /home/airflow/.local/lib/python3.12/site-packages/airflow/example_dags/example_complex.py for tasks to queue
[2025-02-25T23:23:49.726+0000] {logging_mixin.py:190} INFO - [2025-02-25T23:23:49.726+0000] {dagbag.py:588} INFO - Filling up the DagBag from /home/airflow/.local/lib/python3.12/site-packages/airflow/example_dags/example_complex.py
[2025-02-25T23:23:49.733+0000] {processor.py:925} INFO - DAG(s) 'example_complex' retrieved from /home/airflow/.local/lib/python3.12/site-packages/airflow/example_dags/example_complex.py
[2025-02-25T23:23:49.751+0000] {logging_mixin.py:190} INFO - [2025-02-25T23:23:49.750+0000] {dag.py:3239} INFO - Sync 1 DAGs
[2025-02-25T23:23:49.758+0000] {logging_mixin.py:190} INFO - [2025-02-25T23:23:49.758+0000] {dag.py:4180} INFO - Setting next_dagrun for example_complex to None, run_after=None
[2025-02-25T23:23:49.767+0000] {processor.py:208} INFO - Processing /home/airflow/.local/lib/python3.12/site-packages/airflow/example_dags/example_complex.py took 0.046 seconds
[2025-02-25T23:24:20.612+0000] {processor.py:186} INFO - Started process (PID=341) to work on /home/airflow/.local/lib/python3.12/site-packages/airflow/example_dags/example_complex.py
[2025-02-25T23:24:20.613+0000] {processor.py:914} INFO - Processing file /home/airflow/.local/lib/python3.12/site-packages/airflow/example_dags/example_complex.py for tasks to queue
[2025-02-25T23:24:20.614+0000] {logging_mixin.py:190} INFO - [2025-02-25T23:24:20.614+0000] {dagbag.py:588} INFO - Filling up the DagBag from /home/airflow/.local/lib/python3.12/site-packages/airflow/example_dags/example_complex.py
[2025-02-25T23:24:20.621+0000] {processor.py:925} INFO - DAG(s) 'example_complex' retrieved from /home/airflow/.local/lib/python3.12/site-packages/airflow/example_dags/example_complex.py
[2025-02-25T23:24:20.639+0000] {logging_mixin.py:190} INFO - [2025-02-25T23:24:20.639+0000] {dag.py:3239} INFO - Sync 1 DAGs
[2025-02-25T23:24:20.648+0000] {logging_mixin.py:190} INFO - [2025-02-25T23:24:20.648+0000] {dag.py:4180} INFO - Setting next_dagrun for example_complex to None, run_after=None
[2025-02-25T23:24:20.658+0000] {processor.py:208} INFO - Processing /home/airflow/.local/lib/python3.12/site-packages/airflow/example_dags/example_complex.py took 0.049 seconds
[2025-02-25T23:24:51.322+0000] {processor.py:186} INFO - Started process (PID=404) to work on /home/airflow/.local/lib/python3.12/site-packages/airflow/example_dags/example_complex.py
[2025-02-25T23:24:51.323+0000] {processor.py:914} INFO - Processing file /home/airflow/.local/lib/python3.12/site-packages/airflow/example_dags/example_complex.py for tasks to queue
[2025-02-25T23:24:51.324+0000] {logging_mixin.py:190} INFO - [2025-02-25T23:24:51.324+0000] {dagbag.py:588} INFO - Filling up the DagBag from /home/airflow/.local/lib/python3.12/site-packages/airflow/example_dags/example_complex.py
[2025-02-25T23:24:51.331+0000] {processor.py:925} INFO - DAG(s) 'example_complex' retrieved from /home/airflow/.local/lib/python3.12/site-packages/airflow/example_dags/example_complex.py
[2025-02-25T23:24:51.350+0000] {logging_mixin.py:190} INFO - [2025-02-25T23:24:51.350+0000] {dag.py:3239} INFO - Sync 1 DAGs
[2025-02-25T23:24:51.357+0000] {logging_mixin.py:190} INFO - [2025-02-25T23:24:51.357+0000] {dag.py:4180} INFO - Setting next_dagrun for example_complex to None, run_after=None
[2025-02-25T23:24:51.368+0000] {processor.py:208} INFO - Processing /home/airflow/.local/lib/python3.12/site-packages/airflow/example_dags/example_complex.py took 0.049 seconds
[2025-02-25T23:25:23.225+0000] {processor.py:186} INFO - Started process (PID=467) to work on /home/airflow/.local/lib/python3.12/site-packages/airflow/example_dags/example_complex.py
[2025-02-25T23:25:23.225+0000] {processor.py:914} INFO - Processing file /home/airflow/.local/lib/python3.12/site-packages/airflow/example_dags/example_complex.py for tasks to queue
[2025-02-25T23:25:23.227+0000] {logging_mixin.py:190} INFO - [2025-02-25T23:25:23.226+0000] {dagbag.py:588} INFO - Filling up the DagBag from /home/airflow/.local/lib/python3.12/site-packages/airflow/example_dags/example_complex.py
[2025-02-25T23:25:23.233+0000] {processor.py:925} INFO - DAG(s) 'example_complex' retrieved from /home/airflow/.local/lib/python3.12/site-packages/airflow/example_dags/example_complex.py
[2025-02-25T23:25:23.252+0000] {logging_mixin.py:190} INFO - [2025-02-25T23:25:23.252+0000] {dag.py:3239} INFO - Sync 1 DAGs
[2025-02-25T23:25:23.260+0000] {logging_mixin.py:190} INFO - [2025-02-25T23:25:23.260+0000] {dag.py:4180} INFO - Setting next_dagrun for example_complex to None, run_after=None
[2025-02-25T23:25:23.270+0000] {processor.py:208} INFO - Processing /home/airflow/.local/lib/python3.12/site-packages/airflow/example_dags/example_complex.py took 0.049 seconds
[2025-02-25T23:25:57.410+0000] {processor.py:186} INFO - Started process (PID=530) to work on /home/airflow/.local/lib/python3.12/site-packages/airflow/example_dags/example_complex.py
[2025-02-25T23:25:57.411+0000] {processor.py:914} INFO - Processing file /home/airflow/.local/lib/python3.12/site-packages/airflow/example_dags/example_complex.py for tasks to queue
[2025-02-25T23:25:57.412+0000] {logging_mixin.py:190} INFO - [2025-02-25T23:25:57.412+0000] {dagbag.py:588} INFO - Filling up the DagBag from /home/airflow/.local/lib/python3.12/site-packages/airflow/example_dags/example_complex.py
[2025-02-25T23:25:57.419+0000] {processor.py:925} INFO - DAG(s) 'example_complex' retrieved from /home/airflow/.local/lib/python3.12/site-packages/airflow/example_dags/example_complex.py
[2025-02-25T23:25:57.439+0000] {logging_mixin.py:190} INFO - [2025-02-25T23:25:57.439+0000] {dag.py:3239} INFO - Sync 1 DAGs
[2025-02-25T23:25:57.447+0000] {logging_mixin.py:190} INFO - [2025-02-25T23:25:57.447+0000] {dag.py:4180} INFO - Setting next_dagrun for example_complex to None, run_after=None
[2025-02-25T23:25:57.458+0000] {processor.py:208} INFO - Processing /home/airflow/.local/lib/python3.12/site-packages/airflow/example_dags/example_complex.py took 0.051 seconds
[2025-02-25T23:26:31.204+0000] {processor.py:186} INFO - Started process (PID=593) to work on /home/airflow/.local/lib/python3.12/site-packages/airflow/example_dags/example_complex.py
[2025-02-25T23:26:31.205+0000] {processor.py:914} INFO - Processing file /home/airflow/.local/lib/python3.12/site-packages/airflow/example_dags/example_complex.py for tasks to queue
[2025-02-25T23:26:31.206+0000] {logging_mixin.py:190} INFO - [2025-02-25T23:26:31.206+0000] {dagbag.py:588} INFO - Filling up the DagBag from /home/airflow/.local/lib/python3.12/site-packages/airflow/example_dags/example_complex.py
[2025-02-25T23:26:31.214+0000] {processor.py:925} INFO - DAG(s) 'example_complex' retrieved from /home/airflow/.local/lib/python3.12/site-packages/airflow/example_dags/example_complex.py
[2025-02-25T23:26:31.234+0000] {logging_mixin.py:190} INFO - [2025-02-25T23:26:31.233+0000] {dag.py:3239} INFO - Sync 1 DAGs
[2025-02-25T23:26:31.242+0000] {logging_mixin.py:190} INFO - [2025-02-25T23:26:31.242+0000] {dag.py:4180} INFO - Setting next_dagrun for example_complex to None, run_after=None
[2025-02-25T23:26:31.252+0000] {processor.py:208} INFO - Processing /home/airflow/.local/lib/python3.12/site-packages/airflow/example_dags/example_complex.py took 0.052 seconds
[2025-02-25T23:27:01.797+0000] {processor.py:186} INFO - Started process (PID=657) to work on /home/airflow/.local/lib/python3.12/site-packages/airflow/example_dags/example_complex.py
[2025-02-25T23:27:01.798+0000] {processor.py:914} INFO - Processing file /home/airflow/.local/lib/python3.12/site-packages/airflow/example_dags/example_complex.py for tasks to queue
[2025-02-25T23:27:01.800+0000] {logging_mixin.py:190} INFO - [2025-02-25T23:27:01.799+0000] {dagbag.py:588} INFO - Filling up the DagBag from /home/airflow/.local/lib/python3.12/site-packages/airflow/example_dags/example_complex.py
[2025-02-25T23:27:01.806+0000] {processor.py:925} INFO - DAG(s) 'example_complex' retrieved from /home/airflow/.local/lib/python3.12/site-packages/airflow/example_dags/example_complex.py
[2025-02-25T23:27:01.825+0000] {logging_mixin.py:190} INFO - [2025-02-25T23:27:01.825+0000] {dag.py:3239} INFO - Sync 1 DAGs
[2025-02-25T23:27:01.834+0000] {logging_mixin.py:190} INFO - [2025-02-25T23:27:01.834+0000] {dag.py:4180} INFO - Setting next_dagrun for example_complex to None, run_after=None
[2025-02-25T23:27:01.847+0000] {processor.py:208} INFO - Processing /home/airflow/.local/lib/python3.12/site-packages/airflow/example_dags/example_complex.py took 0.053 seconds
[2025-02-25T23:27:32.464+0000] {processor.py:186} INFO - Started process (PID=720) to work on /home/airflow/.local/lib/python3.12/site-packages/airflow/example_dags/example_complex.py
[2025-02-25T23:27:32.465+0000] {processor.py:914} INFO - Processing file /home/airflow/.local/lib/python3.12/site-packages/airflow/example_dags/example_complex.py for tasks to queue
[2025-02-25T23:27:32.467+0000] {logging_mixin.py:190} INFO - [2025-02-25T23:27:32.467+0000] {dagbag.py:588} INFO - Filling up the DagBag from /home/airflow/.local/lib/python3.12/site-packages/airflow/example_dags/example_complex.py
[2025-02-25T23:27:32.473+0000] {processor.py:925} INFO - DAG(s) 'example_complex' retrieved from /home/airflow/.local/lib/python3.12/site-packages/airflow/example_dags/example_complex.py
[2025-02-25T23:27:32.492+0000] {logging_mixin.py:190} INFO - [2025-02-25T23:27:32.492+0000] {dag.py:3239} INFO - Sync 1 DAGs
[2025-02-25T23:27:32.500+0000] {logging_mixin.py:190} INFO - [2025-02-25T23:27:32.500+0000] {dag.py:4180} INFO - Setting next_dagrun for example_complex to None, run_after=None
[2025-02-25T23:27:32.511+0000] {processor.py:208} INFO - Processing /home/airflow/.local/lib/python3.12/site-packages/airflow/example_dags/example_complex.py took 0.050 seconds
[2025-02-25T23:28:03.348+0000] {processor.py:186} INFO - Started process (PID=783) to work on /home/airflow/.local/lib/python3.12/site-packages/airflow/example_dags/example_complex.py
[2025-02-25T23:28:03.349+0000] {processor.py:914} INFO - Processing file /home/airflow/.local/lib/python3.12/site-packages/airflow/example_dags/example_complex.py for tasks to queue
[2025-02-25T23:28:03.351+0000] {logging_mixin.py:190} INFO - [2025-02-25T23:28:03.350+0000] {dagbag.py:588} INFO - Filling up the DagBag from /home/airflow/.local/lib/python3.12/site-packages/airflow/example_dags/example_complex.py
[2025-02-25T23:28:03.357+0000] {processor.py:925} INFO - DAG(s) 'example_complex' retrieved from /home/airflow/.local/lib/python3.12/site-packages/airflow/example_dags/example_complex.py
[2025-02-25T23:28:03.376+0000] {logging_mixin.py:190} INFO - [2025-02-25T23:28:03.376+0000] {dag.py:3239} INFO - Sync 1 DAGs
[2025-02-25T23:28:03.384+0000] {logging_mixin.py:190} INFO - [2025-02-25T23:28:03.384+0000] {dag.py:4180} INFO - Setting next_dagrun for example_complex to None, run_after=None
[2025-02-25T23:28:03.395+0000] {processor.py:208} INFO - Processing /home/airflow/.local/lib/python3.12/site-packages/airflow/example_dags/example_complex.py took 0.050 seconds
[2025-02-25T23:28:34.338+0000] {processor.py:186} INFO - Started process (PID=846) to work on /home/airflow/.local/lib/python3.12/site-packages/airflow/example_dags/example_complex.py
[2025-02-25T23:28:34.339+0000] {processor.py:914} INFO - Processing file /home/airflow/.local/lib/python3.12/site-packages/airflow/example_dags/example_complex.py for tasks to queue
[2025-02-25T23:28:34.340+0000] {logging_mixin.py:190} INFO - [2025-02-25T23:28:34.340+0000] {dagbag.py:588} INFO - Filling up the DagBag from /home/airflow/.local/lib/python3.12/site-packages/airflow/example_dags/example_complex.py
[2025-02-25T23:28:34.349+0000] {processor.py:925} INFO - DAG(s) 'example_complex' retrieved from /home/airflow/.local/lib/python3.12/site-packages/airflow/example_dags/example_complex.py
[2025-02-25T23:28:34.369+0000] {logging_mixin.py:190} INFO - [2025-02-25T23:28:34.369+0000] {dag.py:3239} INFO - Sync 1 DAGs
[2025-02-25T23:28:34.376+0000] {logging_mixin.py:190} INFO - [2025-02-25T23:28:34.376+0000] {dag.py:4180} INFO - Setting next_dagrun for example_complex to None, run_after=None
[2025-02-25T23:28:34.388+0000] {processor.py:208} INFO - Processing /home/airflow/.local/lib/python3.12/site-packages/airflow/example_dags/example_complex.py took 0.053 seconds
[2025-02-25T23:29:04.968+0000] {processor.py:186} INFO - Started process (PID=909) to work on /home/airflow/.local/lib/python3.12/site-packages/airflow/example_dags/example_complex.py
[2025-02-25T23:29:04.969+0000] {processor.py:914} INFO - Processing file /home/airflow/.local/lib/python3.12/site-packages/airflow/example_dags/example_complex.py for tasks to queue
[2025-02-25T23:29:04.970+0000] {logging_mixin.py:190} INFO - [2025-02-25T23:29:04.970+0000] {dagbag.py:588} INFO - Filling up the DagBag from /home/airflow/.local/lib/python3.12/site-packages/airflow/example_dags/example_complex.py
[2025-02-25T23:29:04.977+0000] {processor.py:925} INFO - DAG(s) 'example_complex' retrieved from /home/airflow/.local/lib/python3.12/site-packages/airflow/example_dags/example_complex.py
[2025-02-25T23:29:04.997+0000] {logging_mixin.py:190} INFO - [2025-02-25T23:29:04.997+0000] {dag.py:3239} INFO - Sync 1 DAGs
[2025-02-25T23:29:05.005+0000] {logging_mixin.py:190} INFO - [2025-02-25T23:29:05.005+0000] {dag.py:4180} INFO - Setting next_dagrun for example_complex to None, run_after=None
[2025-02-25T23:29:05.018+0000] {processor.py:208} INFO - Processing /home/airflow/.local/lib/python3.12/site-packages/airflow/example_dags/example_complex.py took 0.053 seconds
[2025-02-25T23:29:35.069+0000] {processor.py:186} INFO - Started process (PID=971) to work on /home/airflow/.local/lib/python3.12/site-packages/airflow/example_dags/example_complex.py
[2025-02-25T23:29:35.070+0000] {processor.py:914} INFO - Processing file /home/airflow/.local/lib/python3.12/site-packages/airflow/example_dags/example_complex.py for tasks to queue
[2025-02-25T23:29:35.072+0000] {logging_mixin.py:190} INFO - [2025-02-25T23:29:35.071+0000] {dagbag.py:588} INFO - Filling up the DagBag from /home/airflow/.local/lib/python3.12/site-packages/airflow/example_dags/example_complex.py
[2025-02-25T23:29:35.078+0000] {processor.py:925} INFO - DAG(s) 'example_complex' retrieved from /home/airflow/.local/lib/python3.12/site-packages/airflow/example_dags/example_complex.py
[2025-02-25T23:29:35.099+0000] {logging_mixin.py:190} INFO - [2025-02-25T23:29:35.098+0000] {dag.py:3239} INFO - Sync 1 DAGs
[2025-02-25T23:29:35.108+0000] {logging_mixin.py:190} INFO - [2025-02-25T23:29:35.108+0000] {dag.py:4180} INFO - Setting next_dagrun for example_complex to None, run_after=None
[2025-02-25T23:29:35.123+0000] {processor.py:208} INFO - Processing /home/airflow/.local/lib/python3.12/site-packages/airflow/example_dags/example_complex.py took 0.057 seconds
[2025-02-25T23:30:07.928+0000] {processor.py:186} INFO - Started process (PID=1029) to work on /home/airflow/.local/lib/python3.12/site-packages/airflow/example_dags/example_complex.py
[2025-02-25T23:30:07.929+0000] {processor.py:914} INFO - Processing file /home/airflow/.local/lib/python3.12/site-packages/airflow/example_dags/example_complex.py for tasks to queue
[2025-02-25T23:30:07.930+0000] {logging_mixin.py:190} INFO - [2025-02-25T23:30:07.930+0000] {dagbag.py:588} INFO - Filling up the DagBag from /home/airflow/.local/lib/python3.12/site-packages/airflow/example_dags/example_complex.py
[2025-02-25T23:30:07.937+0000] {processor.py:925} INFO - DAG(s) 'example_complex' retrieved from /home/airflow/.local/lib/python3.12/site-packages/airflow/example_dags/example_complex.py
[2025-02-25T23:30:07.956+0000] {logging_mixin.py:190} INFO - [2025-02-25T23:30:07.956+0000] {dag.py:3239} INFO - Sync 1 DAGs
[2025-02-25T23:30:07.965+0000] {logging_mixin.py:190} INFO - [2025-02-25T23:30:07.964+0000] {dag.py:4180} INFO - Setting next_dagrun for example_complex to None, run_after=None
[2025-02-25T23:30:07.975+0000] {processor.py:208} INFO - Processing /home/airflow/.local/lib/python3.12/site-packages/airflow/example_dags/example_complex.py took 0.050 seconds
[2025-02-25T23:30:41.722+0000] {processor.py:186} INFO - Started process (PID=1092) to work on /home/airflow/.local/lib/python3.12/site-packages/airflow/example_dags/example_complex.py
[2025-02-25T23:30:41.723+0000] {processor.py:914} INFO - Processing file /home/airflow/.local/lib/python3.12/site-packages/airflow/example_dags/example_complex.py for tasks to queue
[2025-02-25T23:30:41.724+0000] {logging_mixin.py:190} INFO - [2025-02-25T23:30:41.724+0000] {dagbag.py:588} INFO - Filling up the DagBag from /home/airflow/.local/lib/python3.12/site-packages/airflow/example_dags/example_complex.py
[2025-02-25T23:30:41.731+0000] {processor.py:925} INFO - DAG(s) 'example_complex' retrieved from /home/airflow/.local/lib/python3.12/site-packages/airflow/example_dags/example_complex.py
[2025-02-25T23:30:41.749+0000] {logging_mixin.py:190} INFO - [2025-02-25T23:30:41.749+0000] {dag.py:3239} INFO - Sync 1 DAGs
[2025-02-25T23:30:41.757+0000] {logging_mixin.py:190} INFO - [2025-02-25T23:30:41.757+0000] {dag.py:4180} INFO - Setting next_dagrun for example_complex to None, run_after=None
[2025-02-25T23:30:41.768+0000] {processor.py:208} INFO - Processing /home/airflow/.local/lib/python3.12/site-packages/airflow/example_dags/example_complex.py took 0.050 seconds
[2025-02-25T23:31:12.457+0000] {processor.py:186} INFO - Started process (PID=1155) to work on /home/airflow/.local/lib/python3.12/site-packages/airflow/example_dags/example_complex.py
[2025-02-25T23:31:12.458+0000] {processor.py:914} INFO - Processing file /home/airflow/.local/lib/python3.12/site-packages/airflow/example_dags/example_complex.py for tasks to queue
[2025-02-25T23:31:12.459+0000] {logging_mixin.py:190} INFO - [2025-02-25T23:31:12.459+0000] {dagbag.py:588} INFO - Filling up the DagBag from /home/airflow/.local/lib/python3.12/site-packages/airflow/example_dags/example_complex.py
[2025-02-25T23:31:12.465+0000] {processor.py:925} INFO - DAG(s) 'example_complex' retrieved from /home/airflow/.local/lib/python3.12/site-packages/airflow/example_dags/example_complex.py
[2025-02-25T23:31:12.484+0000] {logging_mixin.py:190} INFO - [2025-02-25T23:31:12.484+0000] {dag.py:3239} INFO - Sync 1 DAGs
[2025-02-25T23:31:12.493+0000] {logging_mixin.py:190} INFO - [2025-02-25T23:31:12.493+0000] {dag.py:4180} INFO - Setting next_dagrun for example_complex to None, run_after=None
[2025-02-25T23:31:12.505+0000] {processor.py:208} INFO - Processing /home/airflow/.local/lib/python3.12/site-packages/airflow/example_dags/example_complex.py took 0.052 seconds
[2025-02-25T23:31:43.265+0000] {processor.py:186} INFO - Started process (PID=1218) to work on /home/airflow/.local/lib/python3.12/site-packages/airflow/example_dags/example_complex.py
[2025-02-25T23:31:43.266+0000] {processor.py:914} INFO - Processing file /home/airflow/.local/lib/python3.12/site-packages/airflow/example_dags/example_complex.py for tasks to queue
[2025-02-25T23:31:43.268+0000] {logging_mixin.py:190} INFO - [2025-02-25T23:31:43.267+0000] {dagbag.py:588} INFO - Filling up the DagBag from /home/airflow/.local/lib/python3.12/site-packages/airflow/example_dags/example_complex.py
[2025-02-25T23:31:43.275+0000] {processor.py:925} INFO - DAG(s) 'example_complex' retrieved from /home/airflow/.local/lib/python3.12/site-packages/airflow/example_dags/example_complex.py
[2025-02-25T23:31:43.297+0000] {logging_mixin.py:190} INFO - [2025-02-25T23:31:43.297+0000] {dag.py:3239} INFO - Sync 1 DAGs
[2025-02-25T23:31:43.307+0000] {logging_mixin.py:190} INFO - [2025-02-25T23:31:43.307+0000] {dag.py:4180} INFO - Setting next_dagrun for example_complex to None, run_after=None
[2025-02-25T23:31:43.319+0000] {processor.py:208} INFO - Processing /home/airflow/.local/lib/python3.12/site-packages/airflow/example_dags/example_complex.py took 0.058 seconds
[2025-02-25T23:32:14.081+0000] {processor.py:186} INFO - Started process (PID=1281) to work on /home/airflow/.local/lib/python3.12/site-packages/airflow/example_dags/example_complex.py
[2025-02-25T23:32:14.082+0000] {processor.py:914} INFO - Processing file /home/airflow/.local/lib/python3.12/site-packages/airflow/example_dags/example_complex.py for tasks to queue
[2025-02-25T23:32:14.084+0000] {logging_mixin.py:190} INFO - [2025-02-25T23:32:14.083+0000] {dagbag.py:588} INFO - Filling up the DagBag from /home/airflow/.local/lib/python3.12/site-packages/airflow/example_dags/example_complex.py
[2025-02-25T23:32:14.091+0000] {processor.py:925} INFO - DAG(s) 'example_complex' retrieved from /home/airflow/.local/lib/python3.12/site-packages/airflow/example_dags/example_complex.py
[2025-02-25T23:32:14.110+0000] {logging_mixin.py:190} INFO - [2025-02-25T23:32:14.110+0000] {dag.py:3239} INFO - Sync 1 DAGs
[2025-02-25T23:32:14.118+0000] {logging_mixin.py:190} INFO - [2025-02-25T23:32:14.118+0000] {dag.py:4180} INFO - Setting next_dagrun for example_complex to None, run_after=None
[2025-02-25T23:32:14.129+0000] {processor.py:208} INFO - Processing /home/airflow/.local/lib/python3.12/site-packages/airflow/example_dags/example_complex.py took 0.051 seconds
[2025-02-25T23:32:45.224+0000] {processor.py:186} INFO - Started process (PID=1344) to work on /home/airflow/.local/lib/python3.12/site-packages/airflow/example_dags/example_complex.py
[2025-02-25T23:32:45.225+0000] {processor.py:914} INFO - Processing file /home/airflow/.local/lib/python3.12/site-packages/airflow/example_dags/example_complex.py for tasks to queue
[2025-02-25T23:32:45.226+0000] {logging_mixin.py:190} INFO - [2025-02-25T23:32:45.226+0000] {dagbag.py:588} INFO - Filling up the DagBag from /home/airflow/.local/lib/python3.12/site-packages/airflow/example_dags/example_complex.py
[2025-02-25T23:32:45.232+0000] {processor.py:925} INFO - DAG(s) 'example_complex' retrieved from /home/airflow/.local/lib/python3.12/site-packages/airflow/example_dags/example_complex.py
[2025-02-25T23:32:45.251+0000] {logging_mixin.py:190} INFO - [2025-02-25T23:32:45.251+0000] {dag.py:3239} INFO - Sync 1 DAGs
[2025-02-25T23:32:45.259+0000] {logging_mixin.py:190} INFO - [2025-02-25T23:32:45.259+0000] {dag.py:4180} INFO - Setting next_dagrun for example_complex to None, run_after=None
[2025-02-25T23:32:45.269+0000] {processor.py:208} INFO - Processing /home/airflow/.local/lib/python3.12/site-packages/airflow/example_dags/example_complex.py took 0.048 seconds
[2025-02-25T23:33:18.981+0000] {processor.py:186} INFO - Started process (PID=1407) to work on /home/airflow/.local/lib/python3.12/site-packages/airflow/example_dags/example_complex.py
[2025-02-25T23:33:18.981+0000] {processor.py:914} INFO - Processing file /home/airflow/.local/lib/python3.12/site-packages/airflow/example_dags/example_complex.py for tasks to queue
[2025-02-25T23:33:18.983+0000] {logging_mixin.py:190} INFO - [2025-02-25T23:33:18.983+0000] {dagbag.py:588} INFO - Filling up the DagBag from /home/airflow/.local/lib/python3.12/site-packages/airflow/example_dags/example_complex.py
[2025-02-25T23:33:18.990+0000] {processor.py:925} INFO - DAG(s) 'example_complex' retrieved from /home/airflow/.local/lib/python3.12/site-packages/airflow/example_dags/example_complex.py
[2025-02-25T23:33:19.010+0000] {logging_mixin.py:190} INFO - [2025-02-25T23:33:19.009+0000] {dag.py:3239} INFO - Sync 1 DAGs
[2025-02-25T23:33:19.019+0000] {logging_mixin.py:190} INFO - [2025-02-25T23:33:19.019+0000] {dag.py:4180} INFO - Setting next_dagrun for example_complex to None, run_after=None
[2025-02-25T23:33:19.029+0000] {processor.py:208} INFO - Processing /home/airflow/.local/lib/python3.12/site-packages/airflow/example_dags/example_complex.py took 0.051 seconds
[2025-02-25T23:33:49.694+0000] {processor.py:186} INFO - Started process (PID=1470) to work on /home/airflow/.local/lib/python3.12/site-packages/airflow/example_dags/example_complex.py
[2025-02-25T23:33:49.694+0000] {processor.py:914} INFO - Processing file /home/airflow/.local/lib/python3.12/site-packages/airflow/example_dags/example_complex.py for tasks to queue
[2025-02-25T23:33:49.696+0000] {logging_mixin.py:190} INFO - [2025-02-25T23:33:49.696+0000] {dagbag.py:588} INFO - Filling up the DagBag from /home/airflow/.local/lib/python3.12/site-packages/airflow/example_dags/example_complex.py
[2025-02-25T23:33:49.703+0000] {processor.py:925} INFO - DAG(s) 'example_complex' retrieved from /home/airflow/.local/lib/python3.12/site-packages/airflow/example_dags/example_complex.py
[2025-02-25T23:33:49.723+0000] {logging_mixin.py:190} INFO - [2025-02-25T23:33:49.722+0000] {dag.py:3239} INFO - Sync 1 DAGs
[2025-02-25T23:33:49.731+0000] {logging_mixin.py:190} INFO - [2025-02-25T23:33:49.731+0000] {dag.py:4180} INFO - Setting next_dagrun for example_complex to None, run_after=None
[2025-02-25T23:33:49.742+0000] {processor.py:208} INFO - Processing /home/airflow/.local/lib/python3.12/site-packages/airflow/example_dags/example_complex.py took 0.052 seconds
[2025-02-25T23:34:20.677+0000] {processor.py:186} INFO - Started process (PID=1533) to work on /home/airflow/.local/lib/python3.12/site-packages/airflow/example_dags/example_complex.py
[2025-02-25T23:34:20.678+0000] {processor.py:914} INFO - Processing file /home/airflow/.local/lib/python3.12/site-packages/airflow/example_dags/example_complex.py for tasks to queue
[2025-02-25T23:34:20.679+0000] {logging_mixin.py:190} INFO - [2025-02-25T23:34:20.679+0000] {dagbag.py:588} INFO - Filling up the DagBag from /home/airflow/.local/lib/python3.12/site-packages/airflow/example_dags/example_complex.py
[2025-02-25T23:34:20.686+0000] {processor.py:925} INFO - DAG(s) 'example_complex' retrieved from /home/airflow/.local/lib/python3.12/site-packages/airflow/example_dags/example_complex.py
[2025-02-25T23:34:20.705+0000] {logging_mixin.py:190} INFO - [2025-02-25T23:34:20.705+0000] {dag.py:3239} INFO - Sync 1 DAGs
[2025-02-25T23:34:20.713+0000] {logging_mixin.py:190} INFO - [2025-02-25T23:34:20.713+0000] {dag.py:4180} INFO - Setting next_dagrun for example_complex to None, run_after=None
[2025-02-25T23:34:20.724+0000] {processor.py:208} INFO - Processing /home/airflow/.local/lib/python3.12/site-packages/airflow/example_dags/example_complex.py took 0.050 seconds
[2025-02-25T23:34:51.636+0000] {processor.py:186} INFO - Started process (PID=1596) to work on /home/airflow/.local/lib/python3.12/site-packages/airflow/example_dags/example_complex.py
[2025-02-25T23:34:51.637+0000] {processor.py:914} INFO - Processing file /home/airflow/.local/lib/python3.12/site-packages/airflow/example_dags/example_complex.py for tasks to queue
[2025-02-25T23:34:51.638+0000] {logging_mixin.py:190} INFO - [2025-02-25T23:34:51.638+0000] {dagbag.py:588} INFO - Filling up the DagBag from /home/airflow/.local/lib/python3.12/site-packages/airflow/example_dags/example_complex.py
[2025-02-25T23:34:51.645+0000] {processor.py:925} INFO - DAG(s) 'example_complex' retrieved from /home/airflow/.local/lib/python3.12/site-packages/airflow/example_dags/example_complex.py
[2025-02-25T23:34:51.665+0000] {logging_mixin.py:190} INFO - [2025-02-25T23:34:51.664+0000] {dag.py:3239} INFO - Sync 1 DAGs
[2025-02-25T23:34:51.674+0000] {logging_mixin.py:190} INFO - [2025-02-25T23:34:51.673+0000] {dag.py:4180} INFO - Setting next_dagrun for example_complex to None, run_after=None
[2025-02-25T23:34:51.685+0000] {processor.py:208} INFO - Processing /home/airflow/.local/lib/python3.12/site-packages/airflow/example_dags/example_complex.py took 0.053 seconds
[2025-02-25T23:35:22.500+0000] {processor.py:186} INFO - Started process (PID=1659) to work on /home/airflow/.local/lib/python3.12/site-packages/airflow/example_dags/example_complex.py
[2025-02-25T23:35:22.501+0000] {processor.py:914} INFO - Processing file /home/airflow/.local/lib/python3.12/site-packages/airflow/example_dags/example_complex.py for tasks to queue
[2025-02-25T23:35:22.502+0000] {logging_mixin.py:190} INFO - [2025-02-25T23:35:22.502+0000] {dagbag.py:588} INFO - Filling up the DagBag from /home/airflow/.local/lib/python3.12/site-packages/airflow/example_dags/example_complex.py
[2025-02-25T23:35:22.508+0000] {processor.py:925} INFO - DAG(s) 'example_complex' retrieved from /home/airflow/.local/lib/python3.12/site-packages/airflow/example_dags/example_complex.py
[2025-02-25T23:35:22.527+0000] {logging_mixin.py:190} INFO - [2025-02-25T23:35:22.527+0000] {dag.py:3239} INFO - Sync 1 DAGs
[2025-02-25T23:35:22.535+0000] {logging_mixin.py:190} INFO - [2025-02-25T23:35:22.535+0000] {dag.py:4180} INFO - Setting next_dagrun for example_complex to None, run_after=None
[2025-02-25T23:35:22.546+0000] {processor.py:208} INFO - Processing /home/airflow/.local/lib/python3.12/site-packages/airflow/example_dags/example_complex.py took 0.050 seconds
[2025-02-25T23:35:52.783+0000] {processor.py:186} INFO - Started process (PID=1722) to work on /home/airflow/.local/lib/python3.12/site-packages/airflow/example_dags/example_complex.py
[2025-02-25T23:35:52.784+0000] {processor.py:914} INFO - Processing file /home/airflow/.local/lib/python3.12/site-packages/airflow/example_dags/example_complex.py for tasks to queue
[2025-02-25T23:35:52.785+0000] {logging_mixin.py:190} INFO - [2025-02-25T23:35:52.785+0000] {dagbag.py:588} INFO - Filling up the DagBag from /home/airflow/.local/lib/python3.12/site-packages/airflow/example_dags/example_complex.py
[2025-02-25T23:35:52.792+0000] {processor.py:925} INFO - DAG(s) 'example_complex' retrieved from /home/airflow/.local/lib/python3.12/site-packages/airflow/example_dags/example_complex.py
[2025-02-25T23:35:52.812+0000] {logging_mixin.py:190} INFO - [2025-02-25T23:35:52.811+0000] {dag.py:3239} INFO - Sync 1 DAGs
[2025-02-25T23:35:52.820+0000] {logging_mixin.py:190} INFO - [2025-02-25T23:35:52.820+0000] {dag.py:4180} INFO - Setting next_dagrun for example_complex to None, run_after=None
[2025-02-25T23:35:52.831+0000] {processor.py:208} INFO - Processing /home/airflow/.local/lib/python3.12/site-packages/airflow/example_dags/example_complex.py took 0.051 seconds
[2025-02-25T23:36:22.889+0000] {processor.py:186} INFO - Started process (PID=1785) to work on /home/airflow/.local/lib/python3.12/site-packages/airflow/example_dags/example_complex.py
[2025-02-25T23:36:22.890+0000] {processor.py:914} INFO - Processing file /home/airflow/.local/lib/python3.12/site-packages/airflow/example_dags/example_complex.py for tasks to queue
[2025-02-25T23:36:22.891+0000] {logging_mixin.py:190} INFO - [2025-02-25T23:36:22.891+0000] {dagbag.py:588} INFO - Filling up the DagBag from /home/airflow/.local/lib/python3.12/site-packages/airflow/example_dags/example_complex.py
[2025-02-25T23:36:22.898+0000] {processor.py:925} INFO - DAG(s) 'example_complex' retrieved from /home/airflow/.local/lib/python3.12/site-packages/airflow/example_dags/example_complex.py
[2025-02-25T23:36:22.919+0000] {logging_mixin.py:190} INFO - [2025-02-25T23:36:22.919+0000] {dag.py:3239} INFO - Sync 1 DAGs
[2025-02-25T23:36:22.928+0000] {logging_mixin.py:190} INFO - [2025-02-25T23:36:22.928+0000] {dag.py:4180} INFO - Setting next_dagrun for example_complex to None, run_after=None
[2025-02-25T23:36:22.939+0000] {processor.py:208} INFO - Processing /home/airflow/.local/lib/python3.12/site-packages/airflow/example_dags/example_complex.py took 0.053 seconds
[2025-02-25T23:36:53.922+0000] {processor.py:186} INFO - Started process (PID=1848) to work on /home/airflow/.local/lib/python3.12/site-packages/airflow/example_dags/example_complex.py
[2025-02-25T23:36:53.923+0000] {processor.py:914} INFO - Processing file /home/airflow/.local/lib/python3.12/site-packages/airflow/example_dags/example_complex.py for tasks to queue
[2025-02-25T23:36:53.925+0000] {logging_mixin.py:190} INFO - [2025-02-25T23:36:53.924+0000] {dagbag.py:588} INFO - Filling up the DagBag from /home/airflow/.local/lib/python3.12/site-packages/airflow/example_dags/example_complex.py
[2025-02-25T23:36:53.931+0000] {processor.py:925} INFO - DAG(s) 'example_complex' retrieved from /home/airflow/.local/lib/python3.12/site-packages/airflow/example_dags/example_complex.py
[2025-02-25T23:36:53.951+0000] {logging_mixin.py:190} INFO - [2025-02-25T23:36:53.951+0000] {dag.py:3239} INFO - Sync 1 DAGs
[2025-02-25T23:36:53.959+0000] {logging_mixin.py:190} INFO - [2025-02-25T23:36:53.959+0000] {dag.py:4180} INFO - Setting next_dagrun for example_complex to None, run_after=None
[2025-02-25T23:36:53.971+0000] {processor.py:208} INFO - Processing /home/airflow/.local/lib/python3.12/site-packages/airflow/example_dags/example_complex.py took 0.052 seconds
[2025-02-25T23:37:27.287+0000] {processor.py:186} INFO - Started process (PID=1911) to work on /home/airflow/.local/lib/python3.12/site-packages/airflow/example_dags/example_complex.py
[2025-02-25T23:37:27.288+0000] {processor.py:914} INFO - Processing file /home/airflow/.local/lib/python3.12/site-packages/airflow/example_dags/example_complex.py for tasks to queue
[2025-02-25T23:37:27.289+0000] {logging_mixin.py:190} INFO - [2025-02-25T23:37:27.289+0000] {dagbag.py:588} INFO - Filling up the DagBag from /home/airflow/.local/lib/python3.12/site-packages/airflow/example_dags/example_complex.py
[2025-02-25T23:37:27.296+0000] {processor.py:925} INFO - DAG(s) 'example_complex' retrieved from /home/airflow/.local/lib/python3.12/site-packages/airflow/example_dags/example_complex.py
[2025-02-25T23:37:27.314+0000] {logging_mixin.py:190} INFO - [2025-02-25T23:37:27.314+0000] {dag.py:3239} INFO - Sync 1 DAGs
[2025-02-25T23:37:27.322+0000] {logging_mixin.py:190} INFO - [2025-02-25T23:37:27.322+0000] {dag.py:4180} INFO - Setting next_dagrun for example_complex to None, run_after=None
[2025-02-25T23:37:27.333+0000] {processor.py:208} INFO - Processing /home/airflow/.local/lib/python3.12/site-packages/airflow/example_dags/example_complex.py took 0.049 seconds
[2025-02-25T23:38:01.337+0000] {processor.py:186} INFO - Started process (PID=1974) to work on /home/airflow/.local/lib/python3.12/site-packages/airflow/example_dags/example_complex.py
[2025-02-25T23:38:01.337+0000] {processor.py:914} INFO - Processing file /home/airflow/.local/lib/python3.12/site-packages/airflow/example_dags/example_complex.py for tasks to queue
[2025-02-25T23:38:01.339+0000] {logging_mixin.py:190} INFO - [2025-02-25T23:38:01.339+0000] {dagbag.py:588} INFO - Filling up the DagBag from /home/airflow/.local/lib/python3.12/site-packages/airflow/example_dags/example_complex.py
[2025-02-25T23:38:01.347+0000] {processor.py:925} INFO - DAG(s) 'example_complex' retrieved from /home/airflow/.local/lib/python3.12/site-packages/airflow/example_dags/example_complex.py
[2025-02-25T23:38:01.368+0000] {logging_mixin.py:190} INFO - [2025-02-25T23:38:01.368+0000] {dag.py:3239} INFO - Sync 1 DAGs
[2025-02-25T23:38:01.378+0000] {logging_mixin.py:190} INFO - [2025-02-25T23:38:01.378+0000] {dag.py:4180} INFO - Setting next_dagrun for example_complex to None, run_after=None
[2025-02-25T23:38:01.391+0000] {processor.py:208} INFO - Processing /home/airflow/.local/lib/python3.12/site-packages/airflow/example_dags/example_complex.py took 0.058 seconds
[2025-02-25T23:38:35.144+0000] {processor.py:186} INFO - Started process (PID=2037) to work on /home/airflow/.local/lib/python3.12/site-packages/airflow/example_dags/example_complex.py
[2025-02-25T23:38:35.145+0000] {processor.py:914} INFO - Processing file /home/airflow/.local/lib/python3.12/site-packages/airflow/example_dags/example_complex.py for tasks to queue
[2025-02-25T23:38:35.146+0000] {logging_mixin.py:190} INFO - [2025-02-25T23:38:35.146+0000] {dagbag.py:588} INFO - Filling up the DagBag from /home/airflow/.local/lib/python3.12/site-packages/airflow/example_dags/example_complex.py
[2025-02-25T23:38:35.153+0000] {processor.py:925} INFO - DAG(s) 'example_complex' retrieved from /home/airflow/.local/lib/python3.12/site-packages/airflow/example_dags/example_complex.py
[2025-02-25T23:38:35.173+0000] {logging_mixin.py:190} INFO - [2025-02-25T23:38:35.173+0000] {dag.py:3239} INFO - Sync 1 DAGs
[2025-02-25T23:38:35.180+0000] {logging_mixin.py:190} INFO - [2025-02-25T23:38:35.180+0000] {dag.py:4180} INFO - Setting next_dagrun for example_complex to None, run_after=None
[2025-02-25T23:38:35.191+0000] {processor.py:208} INFO - Processing /home/airflow/.local/lib/python3.12/site-packages/airflow/example_dags/example_complex.py took 0.050 seconds
[2025-02-25T23:39:06.294+0000] {processor.py:186} INFO - Started process (PID=2105) to work on /home/airflow/.local/lib/python3.12/site-packages/airflow/example_dags/example_complex.py
[2025-02-25T23:39:06.295+0000] {processor.py:914} INFO - Processing file /home/airflow/.local/lib/python3.12/site-packages/airflow/example_dags/example_complex.py for tasks to queue
[2025-02-25T23:39:06.296+0000] {logging_mixin.py:190} INFO - [2025-02-25T23:39:06.296+0000] {dagbag.py:588} INFO - Filling up the DagBag from /home/airflow/.local/lib/python3.12/site-packages/airflow/example_dags/example_complex.py
[2025-02-25T23:39:06.303+0000] {processor.py:925} INFO - DAG(s) 'example_complex' retrieved from /home/airflow/.local/lib/python3.12/site-packages/airflow/example_dags/example_complex.py
[2025-02-25T23:39:06.322+0000] {logging_mixin.py:190} INFO - [2025-02-25T23:39:06.322+0000] {dag.py:3239} INFO - Sync 1 DAGs
[2025-02-25T23:39:06.331+0000] {logging_mixin.py:190} INFO - [2025-02-25T23:39:06.330+0000] {dag.py:4180} INFO - Setting next_dagrun for example_complex to None, run_after=None
[2025-02-25T23:39:06.342+0000] {processor.py:208} INFO - Processing /home/airflow/.local/lib/python3.12/site-packages/airflow/example_dags/example_complex.py took 0.052 seconds
[2025-02-25T23:39:37.487+0000] {processor.py:186} INFO - Started process (PID=2168) to work on /home/airflow/.local/lib/python3.12/site-packages/airflow/example_dags/example_complex.py
[2025-02-25T23:39:37.488+0000] {processor.py:914} INFO - Processing file /home/airflow/.local/lib/python3.12/site-packages/airflow/example_dags/example_complex.py for tasks to queue
[2025-02-25T23:39:37.489+0000] {logging_mixin.py:190} INFO - [2025-02-25T23:39:37.489+0000] {dagbag.py:588} INFO - Filling up the DagBag from /home/airflow/.local/lib/python3.12/site-packages/airflow/example_dags/example_complex.py
[2025-02-25T23:39:37.496+0000] {processor.py:925} INFO - DAG(s) 'example_complex' retrieved from /home/airflow/.local/lib/python3.12/site-packages/airflow/example_dags/example_complex.py
[2025-02-25T23:39:37.515+0000] {logging_mixin.py:190} INFO - [2025-02-25T23:39:37.515+0000] {dag.py:3239} INFO - Sync 1 DAGs
[2025-02-25T23:39:37.524+0000] {logging_mixin.py:190} INFO - [2025-02-25T23:39:37.524+0000] {dag.py:4180} INFO - Setting next_dagrun for example_complex to None, run_after=None
[2025-02-25T23:39:37.535+0000] {processor.py:208} INFO - Processing /home/airflow/.local/lib/python3.12/site-packages/airflow/example_dags/example_complex.py took 0.051 seconds
[2025-02-25T23:41:52.588+0000] {processor.py:186} INFO - Started process (PID=89) to work on /home/airflow/.local/lib/python3.12/site-packages/airflow/example_dags/example_complex.py
[2025-02-25T23:41:52.589+0000] {processor.py:914} INFO - Processing file /home/airflow/.local/lib/python3.12/site-packages/airflow/example_dags/example_complex.py for tasks to queue
[2025-02-25T23:41:52.590+0000] {logging_mixin.py:190} INFO - [2025-02-25T23:41:52.590+0000] {dagbag.py:588} INFO - Filling up the DagBag from /home/airflow/.local/lib/python3.12/site-packages/airflow/example_dags/example_complex.py
[2025-02-25T23:41:52.597+0000] {processor.py:925} INFO - DAG(s) 'example_complex' retrieved from /home/airflow/.local/lib/python3.12/site-packages/airflow/example_dags/example_complex.py
[2025-02-25T23:41:52.668+0000] {logging_mixin.py:190} INFO - [2025-02-25T23:41:52.668+0000] {override.py:1912} INFO - Created Permission View: can edit on DAG:example_complex
[2025-02-25T23:41:52.675+0000] {logging_mixin.py:190} INFO - [2025-02-25T23:41:52.674+0000] {override.py:1912} INFO - Created Permission View: can delete on DAG:example_complex
[2025-02-25T23:41:52.678+0000] {logging_mixin.py:190} INFO - [2025-02-25T23:41:52.678+0000] {override.py:1912} INFO - Created Permission View: can read on DAG:example_complex
[2025-02-25T23:41:52.683+0000] {logging_mixin.py:190} INFO - [2025-02-25T23:41:52.683+0000] {override.py:1912} INFO - Created Permission View: can create on DAG Run:example_complex
[2025-02-25T23:41:52.686+0000] {logging_mixin.py:190} INFO - [2025-02-25T23:41:52.686+0000] {override.py:1912} INFO - Created Permission View: can delete on DAG Run:example_complex
[2025-02-25T23:41:52.690+0000] {logging_mixin.py:190} INFO - [2025-02-25T23:41:52.690+0000] {override.py:1912} INFO - Created Permission View: can read on DAG Run:example_complex
[2025-02-25T23:41:52.693+0000] {logging_mixin.py:190} INFO - [2025-02-25T23:41:52.693+0000] {override.py:1912} INFO - Created Permission View: menu access on DAG Run:example_complex
[2025-02-25T23:41:52.694+0000] {logging_mixin.py:190} INFO - [2025-02-25T23:41:52.694+0000] {dag.py:3239} INFO - Sync 1 DAGs
[2025-02-25T23:41:52.702+0000] {logging_mixin.py:190} INFO - [2025-02-25T23:41:52.702+0000] {dag.py:3262} INFO - Creating ORM DAG for example_complex
[2025-02-25T23:41:52.702+0000] {logging_mixin.py:190} INFO - [2025-02-25T23:41:52.702+0000] {dag.py:4180} INFO - Setting next_dagrun for example_complex to None, run_after=None
[2025-02-25T23:41:52.711+0000] {processor.py:208} INFO - Processing /home/airflow/.local/lib/python3.12/site-packages/airflow/example_dags/example_complex.py took 0.126 seconds
[2025-02-25T23:42:24.951+0000] {processor.py:186} INFO - Started process (PID=152) to work on /home/airflow/.local/lib/python3.12/site-packages/airflow/example_dags/example_complex.py
[2025-02-25T23:42:24.952+0000] {processor.py:914} INFO - Processing file /home/airflow/.local/lib/python3.12/site-packages/airflow/example_dags/example_complex.py for tasks to queue
[2025-02-25T23:42:24.953+0000] {logging_mixin.py:190} INFO - [2025-02-25T23:42:24.953+0000] {dagbag.py:588} INFO - Filling up the DagBag from /home/airflow/.local/lib/python3.12/site-packages/airflow/example_dags/example_complex.py
[2025-02-25T23:42:24.960+0000] {processor.py:925} INFO - DAG(s) 'example_complex' retrieved from /home/airflow/.local/lib/python3.12/site-packages/airflow/example_dags/example_complex.py
[2025-02-25T23:42:24.978+0000] {logging_mixin.py:190} INFO - [2025-02-25T23:42:24.978+0000] {dag.py:3239} INFO - Sync 1 DAGs
[2025-02-25T23:42:24.987+0000] {logging_mixin.py:190} INFO - [2025-02-25T23:42:24.987+0000] {dag.py:4180} INFO - Setting next_dagrun for example_complex to None, run_after=None
[2025-02-25T23:42:24.997+0000] {processor.py:208} INFO - Processing /home/airflow/.local/lib/python3.12/site-packages/airflow/example_dags/example_complex.py took 0.049 seconds
[2025-02-25T23:42:58.761+0000] {processor.py:186} INFO - Started process (PID=215) to work on /home/airflow/.local/lib/python3.12/site-packages/airflow/example_dags/example_complex.py
[2025-02-25T23:42:58.762+0000] {processor.py:914} INFO - Processing file /home/airflow/.local/lib/python3.12/site-packages/airflow/example_dags/example_complex.py for tasks to queue
[2025-02-25T23:42:58.763+0000] {logging_mixin.py:190} INFO - [2025-02-25T23:42:58.763+0000] {dagbag.py:588} INFO - Filling up the DagBag from /home/airflow/.local/lib/python3.12/site-packages/airflow/example_dags/example_complex.py
[2025-02-25T23:42:58.771+0000] {processor.py:925} INFO - DAG(s) 'example_complex' retrieved from /home/airflow/.local/lib/python3.12/site-packages/airflow/example_dags/example_complex.py
[2025-02-25T23:42:58.790+0000] {logging_mixin.py:190} INFO - [2025-02-25T23:42:58.790+0000] {dag.py:3239} INFO - Sync 1 DAGs
[2025-02-25T23:42:58.799+0000] {logging_mixin.py:190} INFO - [2025-02-25T23:42:58.799+0000] {dag.py:4180} INFO - Setting next_dagrun for example_complex to None, run_after=None
[2025-02-25T23:42:58.810+0000] {processor.py:208} INFO - Processing /home/airflow/.local/lib/python3.12/site-packages/airflow/example_dags/example_complex.py took 0.052 seconds
[2025-02-25T23:43:29.791+0000] {processor.py:186} INFO - Started process (PID=278) to work on /home/airflow/.local/lib/python3.12/site-packages/airflow/example_dags/example_complex.py
[2025-02-25T23:43:29.791+0000] {processor.py:914} INFO - Processing file /home/airflow/.local/lib/python3.12/site-packages/airflow/example_dags/example_complex.py for tasks to queue
[2025-02-25T23:43:29.793+0000] {logging_mixin.py:190} INFO - [2025-02-25T23:43:29.793+0000] {dagbag.py:588} INFO - Filling up the DagBag from /home/airflow/.local/lib/python3.12/site-packages/airflow/example_dags/example_complex.py
[2025-02-25T23:43:29.799+0000] {processor.py:925} INFO - DAG(s) 'example_complex' retrieved from /home/airflow/.local/lib/python3.12/site-packages/airflow/example_dags/example_complex.py
[2025-02-25T23:43:29.817+0000] {logging_mixin.py:190} INFO - [2025-02-25T23:43:29.817+0000] {dag.py:3239} INFO - Sync 1 DAGs
[2025-02-25T23:43:29.825+0000] {logging_mixin.py:190} INFO - [2025-02-25T23:43:29.824+0000] {dag.py:4180} INFO - Setting next_dagrun for example_complex to None, run_after=None
[2025-02-25T23:43:29.835+0000] {processor.py:208} INFO - Processing /home/airflow/.local/lib/python3.12/site-packages/airflow/example_dags/example_complex.py took 0.047 seconds
[2025-02-25T23:44:00.650+0000] {processor.py:186} INFO - Started process (PID=341) to work on /home/airflow/.local/lib/python3.12/site-packages/airflow/example_dags/example_complex.py
[2025-02-25T23:44:00.651+0000] {processor.py:914} INFO - Processing file /home/airflow/.local/lib/python3.12/site-packages/airflow/example_dags/example_complex.py for tasks to queue
[2025-02-25T23:44:00.653+0000] {logging_mixin.py:190} INFO - [2025-02-25T23:44:00.652+0000] {dagbag.py:588} INFO - Filling up the DagBag from /home/airflow/.local/lib/python3.12/site-packages/airflow/example_dags/example_complex.py
[2025-02-25T23:44:00.660+0000] {processor.py:925} INFO - DAG(s) 'example_complex' retrieved from /home/airflow/.local/lib/python3.12/site-packages/airflow/example_dags/example_complex.py
[2025-02-25T23:44:00.678+0000] {logging_mixin.py:190} INFO - [2025-02-25T23:44:00.678+0000] {dag.py:3239} INFO - Sync 1 DAGs
[2025-02-25T23:44:00.686+0000] {logging_mixin.py:190} INFO - [2025-02-25T23:44:00.686+0000] {dag.py:4180} INFO - Setting next_dagrun for example_complex to None, run_after=None
[2025-02-25T23:44:00.696+0000] {processor.py:208} INFO - Processing /home/airflow/.local/lib/python3.12/site-packages/airflow/example_dags/example_complex.py took 0.049 seconds
[2025-02-25T23:44:31.398+0000] {processor.py:186} INFO - Started process (PID=404) to work on /home/airflow/.local/lib/python3.12/site-packages/airflow/example_dags/example_complex.py
[2025-02-25T23:44:31.399+0000] {processor.py:914} INFO - Processing file /home/airflow/.local/lib/python3.12/site-packages/airflow/example_dags/example_complex.py for tasks to queue
[2025-02-25T23:44:31.400+0000] {logging_mixin.py:190} INFO - [2025-02-25T23:44:31.400+0000] {dagbag.py:588} INFO - Filling up the DagBag from /home/airflow/.local/lib/python3.12/site-packages/airflow/example_dags/example_complex.py
[2025-02-25T23:44:31.407+0000] {processor.py:925} INFO - DAG(s) 'example_complex' retrieved from /home/airflow/.local/lib/python3.12/site-packages/airflow/example_dags/example_complex.py
[2025-02-25T23:44:31.425+0000] {logging_mixin.py:190} INFO - [2025-02-25T23:44:31.425+0000] {dag.py:3239} INFO - Sync 1 DAGs
[2025-02-25T23:44:31.433+0000] {logging_mixin.py:190} INFO - [2025-02-25T23:44:31.433+0000] {dag.py:4180} INFO - Setting next_dagrun for example_complex to None, run_after=None
[2025-02-25T23:44:31.444+0000] {processor.py:208} INFO - Processing /home/airflow/.local/lib/python3.12/site-packages/airflow/example_dags/example_complex.py took 0.049 seconds
[2025-02-25T23:45:02.161+0000] {processor.py:186} INFO - Started process (PID=467) to work on /home/airflow/.local/lib/python3.12/site-packages/airflow/example_dags/example_complex.py
[2025-02-25T23:45:02.161+0000] {processor.py:914} INFO - Processing file /home/airflow/.local/lib/python3.12/site-packages/airflow/example_dags/example_complex.py for tasks to queue
[2025-02-25T23:45:02.163+0000] {logging_mixin.py:190} INFO - [2025-02-25T23:45:02.163+0000] {dagbag.py:588} INFO - Filling up the DagBag from /home/airflow/.local/lib/python3.12/site-packages/airflow/example_dags/example_complex.py
[2025-02-25T23:45:02.170+0000] {processor.py:925} INFO - DAG(s) 'example_complex' retrieved from /home/airflow/.local/lib/python3.12/site-packages/airflow/example_dags/example_complex.py
[2025-02-25T23:45:02.189+0000] {logging_mixin.py:190} INFO - [2025-02-25T23:45:02.189+0000] {dag.py:3239} INFO - Sync 1 DAGs
[2025-02-25T23:45:02.197+0000] {logging_mixin.py:190} INFO - [2025-02-25T23:45:02.197+0000] {dag.py:4180} INFO - Setting next_dagrun for example_complex to None, run_after=None
[2025-02-25T23:45:02.207+0000] {processor.py:208} INFO - Processing /home/airflow/.local/lib/python3.12/site-packages/airflow/example_dags/example_complex.py took 0.050 seconds
[2025-02-25T23:45:32.946+0000] {processor.py:186} INFO - Started process (PID=530) to work on /home/airflow/.local/lib/python3.12/site-packages/airflow/example_dags/example_complex.py
[2025-02-25T23:45:32.946+0000] {processor.py:914} INFO - Processing file /home/airflow/.local/lib/python3.12/site-packages/airflow/example_dags/example_complex.py for tasks to queue
[2025-02-25T23:45:32.948+0000] {logging_mixin.py:190} INFO - [2025-02-25T23:45:32.947+0000] {dagbag.py:588} INFO - Filling up the DagBag from /home/airflow/.local/lib/python3.12/site-packages/airflow/example_dags/example_complex.py
[2025-02-25T23:45:32.954+0000] {processor.py:925} INFO - DAG(s) 'example_complex' retrieved from /home/airflow/.local/lib/python3.12/site-packages/airflow/example_dags/example_complex.py
[2025-02-25T23:45:32.973+0000] {logging_mixin.py:190} INFO - [2025-02-25T23:45:32.973+0000] {dag.py:3239} INFO - Sync 1 DAGs
[2025-02-25T23:45:32.981+0000] {logging_mixin.py:190} INFO - [2025-02-25T23:45:32.981+0000] {dag.py:4180} INFO - Setting next_dagrun for example_complex to None, run_after=None
[2025-02-25T23:45:32.991+0000] {processor.py:208} INFO - Processing /home/airflow/.local/lib/python3.12/site-packages/airflow/example_dags/example_complex.py took 0.050 seconds
[2025-02-25T23:46:03.680+0000] {processor.py:186} INFO - Started process (PID=593) to work on /home/airflow/.local/lib/python3.12/site-packages/airflow/example_dags/example_complex.py
[2025-02-25T23:46:03.681+0000] {processor.py:914} INFO - Processing file /home/airflow/.local/lib/python3.12/site-packages/airflow/example_dags/example_complex.py for tasks to queue
[2025-02-25T23:46:03.683+0000] {logging_mixin.py:190} INFO - [2025-02-25T23:46:03.683+0000] {dagbag.py:588} INFO - Filling up the DagBag from /home/airflow/.local/lib/python3.12/site-packages/airflow/example_dags/example_complex.py
[2025-02-25T23:46:03.689+0000] {processor.py:925} INFO - DAG(s) 'example_complex' retrieved from /home/airflow/.local/lib/python3.12/site-packages/airflow/example_dags/example_complex.py
[2025-02-25T23:46:03.707+0000] {logging_mixin.py:190} INFO - [2025-02-25T23:46:03.707+0000] {dag.py:3239} INFO - Sync 1 DAGs
[2025-02-25T23:46:03.714+0000] {logging_mixin.py:190} INFO - [2025-02-25T23:46:03.714+0000] {dag.py:4180} INFO - Setting next_dagrun for example_complex to None, run_after=None
[2025-02-25T23:46:03.724+0000] {processor.py:208} INFO - Processing /home/airflow/.local/lib/python3.12/site-packages/airflow/example_dags/example_complex.py took 0.047 seconds
[2025-02-25T23:46:34.560+0000] {processor.py:186} INFO - Started process (PID=656) to work on /home/airflow/.local/lib/python3.12/site-packages/airflow/example_dags/example_complex.py
[2025-02-25T23:46:34.561+0000] {processor.py:914} INFO - Processing file /home/airflow/.local/lib/python3.12/site-packages/airflow/example_dags/example_complex.py for tasks to queue
[2025-02-25T23:46:34.563+0000] {logging_mixin.py:190} INFO - [2025-02-25T23:46:34.562+0000] {dagbag.py:588} INFO - Filling up the DagBag from /home/airflow/.local/lib/python3.12/site-packages/airflow/example_dags/example_complex.py
[2025-02-25T23:46:34.569+0000] {processor.py:925} INFO - DAG(s) 'example_complex' retrieved from /home/airflow/.local/lib/python3.12/site-packages/airflow/example_dags/example_complex.py
[2025-02-25T23:46:34.588+0000] {logging_mixin.py:190} INFO - [2025-02-25T23:46:34.588+0000] {dag.py:3239} INFO - Sync 1 DAGs
[2025-02-25T23:46:34.595+0000] {logging_mixin.py:190} INFO - [2025-02-25T23:46:34.595+0000] {dag.py:4180} INFO - Setting next_dagrun for example_complex to None, run_after=None
[2025-02-25T23:46:34.605+0000] {processor.py:208} INFO - Processing /home/airflow/.local/lib/python3.12/site-packages/airflow/example_dags/example_complex.py took 0.049 seconds
[2025-02-25T23:47:05.298+0000] {processor.py:186} INFO - Started process (PID=719) to work on /home/airflow/.local/lib/python3.12/site-packages/airflow/example_dags/example_complex.py
[2025-02-25T23:47:05.298+0000] {processor.py:914} INFO - Processing file /home/airflow/.local/lib/python3.12/site-packages/airflow/example_dags/example_complex.py for tasks to queue
[2025-02-25T23:47:05.300+0000] {logging_mixin.py:190} INFO - [2025-02-25T23:47:05.299+0000] {dagbag.py:588} INFO - Filling up the DagBag from /home/airflow/.local/lib/python3.12/site-packages/airflow/example_dags/example_complex.py
[2025-02-25T23:47:05.306+0000] {processor.py:925} INFO - DAG(s) 'example_complex' retrieved from /home/airflow/.local/lib/python3.12/site-packages/airflow/example_dags/example_complex.py
[2025-02-25T23:47:05.325+0000] {logging_mixin.py:190} INFO - [2025-02-25T23:47:05.325+0000] {dag.py:3239} INFO - Sync 1 DAGs
[2025-02-25T23:47:05.333+0000] {logging_mixin.py:190} INFO - [2025-02-25T23:47:05.333+0000] {dag.py:4180} INFO - Setting next_dagrun for example_complex to None, run_after=None
[2025-02-25T23:47:05.343+0000] {processor.py:208} INFO - Processing /home/airflow/.local/lib/python3.12/site-packages/airflow/example_dags/example_complex.py took 0.048 seconds
[2025-02-25T23:47:35.988+0000] {processor.py:186} INFO - Started process (PID=782) to work on /home/airflow/.local/lib/python3.12/site-packages/airflow/example_dags/example_complex.py
[2025-02-25T23:47:35.988+0000] {processor.py:914} INFO - Processing file /home/airflow/.local/lib/python3.12/site-packages/airflow/example_dags/example_complex.py for tasks to queue
[2025-02-25T23:47:35.989+0000] {logging_mixin.py:190} INFO - [2025-02-25T23:47:35.989+0000] {dagbag.py:588} INFO - Filling up the DagBag from /home/airflow/.local/lib/python3.12/site-packages/airflow/example_dags/example_complex.py
[2025-02-25T23:47:35.996+0000] {processor.py:925} INFO - DAG(s) 'example_complex' retrieved from /home/airflow/.local/lib/python3.12/site-packages/airflow/example_dags/example_complex.py
[2025-02-25T23:47:36.014+0000] {logging_mixin.py:190} INFO - [2025-02-25T23:47:36.014+0000] {dag.py:3239} INFO - Sync 1 DAGs
[2025-02-25T23:47:36.022+0000] {logging_mixin.py:190} INFO - [2025-02-25T23:47:36.022+0000] {dag.py:4180} INFO - Setting next_dagrun for example_complex to None, run_after=None
[2025-02-25T23:47:36.032+0000] {processor.py:208} INFO - Processing /home/airflow/.local/lib/python3.12/site-packages/airflow/example_dags/example_complex.py took 0.048 seconds
[2025-02-25T23:48:06.913+0000] {processor.py:186} INFO - Started process (PID=845) to work on /home/airflow/.local/lib/python3.12/site-packages/airflow/example_dags/example_complex.py
[2025-02-25T23:48:06.914+0000] {processor.py:914} INFO - Processing file /home/airflow/.local/lib/python3.12/site-packages/airflow/example_dags/example_complex.py for tasks to queue
[2025-02-25T23:48:06.915+0000] {logging_mixin.py:190} INFO - [2025-02-25T23:48:06.915+0000] {dagbag.py:588} INFO - Filling up the DagBag from /home/airflow/.local/lib/python3.12/site-packages/airflow/example_dags/example_complex.py
[2025-02-25T23:48:06.922+0000] {processor.py:925} INFO - DAG(s) 'example_complex' retrieved from /home/airflow/.local/lib/python3.12/site-packages/airflow/example_dags/example_complex.py
[2025-02-25T23:48:06.942+0000] {logging_mixin.py:190} INFO - [2025-02-25T23:48:06.942+0000] {dag.py:3239} INFO - Sync 1 DAGs
[2025-02-25T23:48:06.951+0000] {logging_mixin.py:190} INFO - [2025-02-25T23:48:06.951+0000] {dag.py:4180} INFO - Setting next_dagrun for example_complex to None, run_after=None
[2025-02-25T23:48:06.963+0000] {processor.py:208} INFO - Processing /home/airflow/.local/lib/python3.12/site-packages/airflow/example_dags/example_complex.py took 0.054 seconds
[2025-02-25T23:48:37.775+0000] {processor.py:186} INFO - Started process (PID=902) to work on /home/airflow/.local/lib/python3.12/site-packages/airflow/example_dags/example_complex.py
[2025-02-25T23:48:37.776+0000] {processor.py:914} INFO - Processing file /home/airflow/.local/lib/python3.12/site-packages/airflow/example_dags/example_complex.py for tasks to queue
[2025-02-25T23:48:37.777+0000] {logging_mixin.py:190} INFO - [2025-02-25T23:48:37.777+0000] {dagbag.py:588} INFO - Filling up the DagBag from /home/airflow/.local/lib/python3.12/site-packages/airflow/example_dags/example_complex.py
[2025-02-25T23:48:37.785+0000] {processor.py:925} INFO - DAG(s) 'example_complex' retrieved from /home/airflow/.local/lib/python3.12/site-packages/airflow/example_dags/example_complex.py
[2025-02-25T23:48:37.805+0000] {logging_mixin.py:190} INFO - [2025-02-25T23:48:37.805+0000] {dag.py:3239} INFO - Sync 1 DAGs
[2025-02-25T23:48:37.814+0000] {logging_mixin.py:190} INFO - [2025-02-25T23:48:37.814+0000] {dag.py:4180} INFO - Setting next_dagrun for example_complex to None, run_after=None
[2025-02-25T23:48:37.825+0000] {processor.py:208} INFO - Processing /home/airflow/.local/lib/python3.12/site-packages/airflow/example_dags/example_complex.py took 0.053 seconds
[2025-02-25T23:49:07.956+0000] {processor.py:186} INFO - Started process (PID=965) to work on /home/airflow/.local/lib/python3.12/site-packages/airflow/example_dags/example_complex.py
[2025-02-25T23:49:07.957+0000] {processor.py:914} INFO - Processing file /home/airflow/.local/lib/python3.12/site-packages/airflow/example_dags/example_complex.py for tasks to queue
[2025-02-25T23:49:07.958+0000] {logging_mixin.py:190} INFO - [2025-02-25T23:49:07.958+0000] {dagbag.py:588} INFO - Filling up the DagBag from /home/airflow/.local/lib/python3.12/site-packages/airflow/example_dags/example_complex.py
[2025-02-25T23:49:07.965+0000] {processor.py:925} INFO - DAG(s) 'example_complex' retrieved from /home/airflow/.local/lib/python3.12/site-packages/airflow/example_dags/example_complex.py
[2025-02-25T23:49:07.983+0000] {logging_mixin.py:190} INFO - [2025-02-25T23:49:07.983+0000] {dag.py:3239} INFO - Sync 1 DAGs
[2025-02-25T23:49:07.991+0000] {logging_mixin.py:190} INFO - [2025-02-25T23:49:07.991+0000] {dag.py:4180} INFO - Setting next_dagrun for example_complex to None, run_after=None
[2025-02-25T23:49:08.001+0000] {processor.py:208} INFO - Processing /home/airflow/.local/lib/python3.12/site-packages/airflow/example_dags/example_complex.py took 0.048 seconds
[2025-02-25T23:49:38.411+0000] {processor.py:186} INFO - Started process (PID=1028) to work on /home/airflow/.local/lib/python3.12/site-packages/airflow/example_dags/example_complex.py
[2025-02-25T23:49:38.412+0000] {processor.py:914} INFO - Processing file /home/airflow/.local/lib/python3.12/site-packages/airflow/example_dags/example_complex.py for tasks to queue
[2025-02-25T23:49:38.413+0000] {logging_mixin.py:190} INFO - [2025-02-25T23:49:38.413+0000] {dagbag.py:588} INFO - Filling up the DagBag from /home/airflow/.local/lib/python3.12/site-packages/airflow/example_dags/example_complex.py
[2025-02-25T23:49:38.420+0000] {processor.py:925} INFO - DAG(s) 'example_complex' retrieved from /home/airflow/.local/lib/python3.12/site-packages/airflow/example_dags/example_complex.py
[2025-02-25T23:49:38.439+0000] {logging_mixin.py:190} INFO - [2025-02-25T23:49:38.439+0000] {dag.py:3239} INFO - Sync 1 DAGs
[2025-02-25T23:49:38.447+0000] {logging_mixin.py:190} INFO - [2025-02-25T23:49:38.447+0000] {dag.py:4180} INFO - Setting next_dagrun for example_complex to None, run_after=None
[2025-02-25T23:49:38.457+0000] {processor.py:208} INFO - Processing /home/airflow/.local/lib/python3.12/site-packages/airflow/example_dags/example_complex.py took 0.049 seconds
[2025-02-25T23:50:08.968+0000] {processor.py:186} INFO - Started process (PID=1091) to work on /home/airflow/.local/lib/python3.12/site-packages/airflow/example_dags/example_complex.py
[2025-02-25T23:50:08.968+0000] {processor.py:914} INFO - Processing file /home/airflow/.local/lib/python3.12/site-packages/airflow/example_dags/example_complex.py for tasks to queue
[2025-02-25T23:50:08.970+0000] {logging_mixin.py:190} INFO - [2025-02-25T23:50:08.970+0000] {dagbag.py:588} INFO - Filling up the DagBag from /home/airflow/.local/lib/python3.12/site-packages/airflow/example_dags/example_complex.py
[2025-02-25T23:50:08.976+0000] {processor.py:925} INFO - DAG(s) 'example_complex' retrieved from /home/airflow/.local/lib/python3.12/site-packages/airflow/example_dags/example_complex.py
[2025-02-25T23:50:08.995+0000] {logging_mixin.py:190} INFO - [2025-02-25T23:50:08.995+0000] {dag.py:3239} INFO - Sync 1 DAGs
[2025-02-25T23:50:09.004+0000] {logging_mixin.py:190} INFO - [2025-02-25T23:50:09.004+0000] {dag.py:4180} INFO - Setting next_dagrun for example_complex to None, run_after=None
[2025-02-25T23:50:09.015+0000] {processor.py:208} INFO - Processing /home/airflow/.local/lib/python3.12/site-packages/airflow/example_dags/example_complex.py took 0.050 seconds
[2025-02-25T23:50:39.280+0000] {processor.py:186} INFO - Started process (PID=1154) to work on /home/airflow/.local/lib/python3.12/site-packages/airflow/example_dags/example_complex.py
[2025-02-25T23:50:39.280+0000] {processor.py:914} INFO - Processing file /home/airflow/.local/lib/python3.12/site-packages/airflow/example_dags/example_complex.py for tasks to queue
[2025-02-25T23:50:39.282+0000] {logging_mixin.py:190} INFO - [2025-02-25T23:50:39.282+0000] {dagbag.py:588} INFO - Filling up the DagBag from /home/airflow/.local/lib/python3.12/site-packages/airflow/example_dags/example_complex.py
[2025-02-25T23:50:39.289+0000] {processor.py:925} INFO - DAG(s) 'example_complex' retrieved from /home/airflow/.local/lib/python3.12/site-packages/airflow/example_dags/example_complex.py
[2025-02-25T23:50:39.309+0000] {logging_mixin.py:190} INFO - [2025-02-25T23:50:39.308+0000] {dag.py:3239} INFO - Sync 1 DAGs
[2025-02-25T23:50:39.318+0000] {logging_mixin.py:190} INFO - [2025-02-25T23:50:39.318+0000] {dag.py:4180} INFO - Setting next_dagrun for example_complex to None, run_after=None
[2025-02-25T23:50:39.328+0000] {processor.py:208} INFO - Processing /home/airflow/.local/lib/python3.12/site-packages/airflow/example_dags/example_complex.py took 0.052 seconds
[2025-02-25T23:51:11.906+0000] {processor.py:186} INFO - Started process (PID=1217) to work on /home/airflow/.local/lib/python3.12/site-packages/airflow/example_dags/example_complex.py
[2025-02-25T23:51:11.907+0000] {processor.py:914} INFO - Processing file /home/airflow/.local/lib/python3.12/site-packages/airflow/example_dags/example_complex.py for tasks to queue
[2025-02-25T23:51:11.908+0000] {logging_mixin.py:190} INFO - [2025-02-25T23:51:11.908+0000] {dagbag.py:588} INFO - Filling up the DagBag from /home/airflow/.local/lib/python3.12/site-packages/airflow/example_dags/example_complex.py
[2025-02-25T23:51:11.915+0000] {processor.py:925} INFO - DAG(s) 'example_complex' retrieved from /home/airflow/.local/lib/python3.12/site-packages/airflow/example_dags/example_complex.py
[2025-02-25T23:51:11.934+0000] {logging_mixin.py:190} INFO - [2025-02-25T23:51:11.934+0000] {dag.py:3239} INFO - Sync 1 DAGs
[2025-02-25T23:51:11.943+0000] {logging_mixin.py:190} INFO - [2025-02-25T23:51:11.943+0000] {dag.py:4180} INFO - Setting next_dagrun for example_complex to None, run_after=None
[2025-02-25T23:51:11.954+0000] {processor.py:208} INFO - Processing /home/airflow/.local/lib/python3.12/site-packages/airflow/example_dags/example_complex.py took 0.052 seconds
[2025-02-25T23:51:45.449+0000] {processor.py:186} INFO - Started process (PID=1280) to work on /home/airflow/.local/lib/python3.12/site-packages/airflow/example_dags/example_complex.py
[2025-02-25T23:51:45.450+0000] {processor.py:914} INFO - Processing file /home/airflow/.local/lib/python3.12/site-packages/airflow/example_dags/example_complex.py for tasks to queue
[2025-02-25T23:51:45.451+0000] {logging_mixin.py:190} INFO - [2025-02-25T23:51:45.451+0000] {dagbag.py:588} INFO - Filling up the DagBag from /home/airflow/.local/lib/python3.12/site-packages/airflow/example_dags/example_complex.py
[2025-02-25T23:51:45.458+0000] {processor.py:925} INFO - DAG(s) 'example_complex' retrieved from /home/airflow/.local/lib/python3.12/site-packages/airflow/example_dags/example_complex.py
[2025-02-25T23:51:45.477+0000] {logging_mixin.py:190} INFO - [2025-02-25T23:51:45.477+0000] {dag.py:3239} INFO - Sync 1 DAGs
[2025-02-25T23:51:45.486+0000] {logging_mixin.py:190} INFO - [2025-02-25T23:51:45.486+0000] {dag.py:4180} INFO - Setting next_dagrun for example_complex to None, run_after=None
[2025-02-25T23:51:45.496+0000] {processor.py:208} INFO - Processing /home/airflow/.local/lib/python3.12/site-packages/airflow/example_dags/example_complex.py took 0.050 seconds
[2025-02-25T23:52:15.589+0000] {processor.py:186} INFO - Started process (PID=1343) to work on /home/airflow/.local/lib/python3.12/site-packages/airflow/example_dags/example_complex.py
[2025-02-25T23:52:15.592+0000] {processor.py:914} INFO - Processing file /home/airflow/.local/lib/python3.12/site-packages/airflow/example_dags/example_complex.py for tasks to queue
[2025-02-25T23:52:15.594+0000] {logging_mixin.py:190} INFO - [2025-02-25T23:52:15.594+0000] {dagbag.py:588} INFO - Filling up the DagBag from /home/airflow/.local/lib/python3.12/site-packages/airflow/example_dags/example_complex.py
[2025-02-25T23:52:15.601+0000] {processor.py:925} INFO - DAG(s) 'example_complex' retrieved from /home/airflow/.local/lib/python3.12/site-packages/airflow/example_dags/example_complex.py
[2025-02-25T23:52:15.619+0000] {logging_mixin.py:190} INFO - [2025-02-25T23:52:15.619+0000] {dag.py:3239} INFO - Sync 1 DAGs
[2025-02-25T23:52:15.628+0000] {logging_mixin.py:190} INFO - [2025-02-25T23:52:15.627+0000] {dag.py:4180} INFO - Setting next_dagrun for example_complex to None, run_after=None
[2025-02-25T23:52:15.654+0000] {processor.py:208} INFO - Processing /home/airflow/.local/lib/python3.12/site-packages/airflow/example_dags/example_complex.py took 0.069 seconds
[2025-02-25T23:52:46.573+0000] {processor.py:186} INFO - Started process (PID=1406) to work on /home/airflow/.local/lib/python3.12/site-packages/airflow/example_dags/example_complex.py
[2025-02-25T23:52:46.574+0000] {processor.py:914} INFO - Processing file /home/airflow/.local/lib/python3.12/site-packages/airflow/example_dags/example_complex.py for tasks to queue
[2025-02-25T23:52:46.575+0000] {logging_mixin.py:190} INFO - [2025-02-25T23:52:46.575+0000] {dagbag.py:588} INFO - Filling up the DagBag from /home/airflow/.local/lib/python3.12/site-packages/airflow/example_dags/example_complex.py
[2025-02-25T23:52:46.582+0000] {processor.py:925} INFO - DAG(s) 'example_complex' retrieved from /home/airflow/.local/lib/python3.12/site-packages/airflow/example_dags/example_complex.py
[2025-02-25T23:52:46.601+0000] {logging_mixin.py:190} INFO - [2025-02-25T23:52:46.601+0000] {dag.py:3239} INFO - Sync 1 DAGs
[2025-02-25T23:52:46.610+0000] {logging_mixin.py:190} INFO - [2025-02-25T23:52:46.610+0000] {dag.py:4180} INFO - Setting next_dagrun for example_complex to None, run_after=None
[2025-02-25T23:52:46.622+0000] {processor.py:208} INFO - Processing /home/airflow/.local/lib/python3.12/site-packages/airflow/example_dags/example_complex.py took 0.053 seconds
[2025-02-25T23:53:17.565+0000] {processor.py:186} INFO - Started process (PID=1470) to work on /home/airflow/.local/lib/python3.12/site-packages/airflow/example_dags/example_complex.py
[2025-02-25T23:53:17.566+0000] {processor.py:914} INFO - Processing file /home/airflow/.local/lib/python3.12/site-packages/airflow/example_dags/example_complex.py for tasks to queue
[2025-02-25T23:53:17.567+0000] {logging_mixin.py:190} INFO - [2025-02-25T23:53:17.567+0000] {dagbag.py:588} INFO - Filling up the DagBag from /home/airflow/.local/lib/python3.12/site-packages/airflow/example_dags/example_complex.py
[2025-02-25T23:53:17.574+0000] {processor.py:925} INFO - DAG(s) 'example_complex' retrieved from /home/airflow/.local/lib/python3.12/site-packages/airflow/example_dags/example_complex.py
[2025-02-25T23:53:17.593+0000] {logging_mixin.py:190} INFO - [2025-02-25T23:53:17.593+0000] {dag.py:3239} INFO - Sync 1 DAGs
[2025-02-25T23:53:17.601+0000] {logging_mixin.py:190} INFO - [2025-02-25T23:53:17.601+0000] {dag.py:4180} INFO - Setting next_dagrun for example_complex to None, run_after=None
[2025-02-25T23:53:17.612+0000] {processor.py:208} INFO - Processing /home/airflow/.local/lib/python3.12/site-packages/airflow/example_dags/example_complex.py took 0.051 seconds
[2025-02-25T23:53:48.481+0000] {processor.py:186} INFO - Started process (PID=1533) to work on /home/airflow/.local/lib/python3.12/site-packages/airflow/example_dags/example_complex.py
[2025-02-25T23:53:48.482+0000] {processor.py:914} INFO - Processing file /home/airflow/.local/lib/python3.12/site-packages/airflow/example_dags/example_complex.py for tasks to queue
[2025-02-25T23:53:48.483+0000] {logging_mixin.py:190} INFO - [2025-02-25T23:53:48.483+0000] {dagbag.py:588} INFO - Filling up the DagBag from /home/airflow/.local/lib/python3.12/site-packages/airflow/example_dags/example_complex.py
[2025-02-25T23:53:48.490+0000] {processor.py:925} INFO - DAG(s) 'example_complex' retrieved from /home/airflow/.local/lib/python3.12/site-packages/airflow/example_dags/example_complex.py
[2025-02-25T23:53:48.509+0000] {logging_mixin.py:190} INFO - [2025-02-25T23:53:48.508+0000] {dag.py:3239} INFO - Sync 1 DAGs
[2025-02-25T23:53:48.516+0000] {logging_mixin.py:190} INFO - [2025-02-25T23:53:48.516+0000] {dag.py:4180} INFO - Setting next_dagrun for example_complex to None, run_after=None
[2025-02-25T23:53:48.526+0000] {processor.py:208} INFO - Processing /home/airflow/.local/lib/python3.12/site-packages/airflow/example_dags/example_complex.py took 0.048 seconds
[2025-02-25T23:54:19.474+0000] {processor.py:186} INFO - Started process (PID=1596) to work on /home/airflow/.local/lib/python3.12/site-packages/airflow/example_dags/example_complex.py
[2025-02-25T23:54:19.475+0000] {processor.py:914} INFO - Processing file /home/airflow/.local/lib/python3.12/site-packages/airflow/example_dags/example_complex.py for tasks to queue
[2025-02-25T23:54:19.476+0000] {logging_mixin.py:190} INFO - [2025-02-25T23:54:19.476+0000] {dagbag.py:588} INFO - Filling up the DagBag from /home/airflow/.local/lib/python3.12/site-packages/airflow/example_dags/example_complex.py
[2025-02-25T23:54:19.484+0000] {processor.py:925} INFO - DAG(s) 'example_complex' retrieved from /home/airflow/.local/lib/python3.12/site-packages/airflow/example_dags/example_complex.py
[2025-02-25T23:54:19.503+0000] {logging_mixin.py:190} INFO - [2025-02-25T23:54:19.503+0000] {dag.py:3239} INFO - Sync 1 DAGs
[2025-02-25T23:54:19.511+0000] {logging_mixin.py:190} INFO - [2025-02-25T23:54:19.511+0000] {dag.py:4180} INFO - Setting next_dagrun for example_complex to None, run_after=None
[2025-02-25T23:54:19.521+0000] {processor.py:208} INFO - Processing /home/airflow/.local/lib/python3.12/site-packages/airflow/example_dags/example_complex.py took 0.051 seconds
[2025-02-25T23:54:49.582+0000] {processor.py:186} INFO - Started process (PID=1659) to work on /home/airflow/.local/lib/python3.12/site-packages/airflow/example_dags/example_complex.py
[2025-02-25T23:54:49.583+0000] {processor.py:914} INFO - Processing file /home/airflow/.local/lib/python3.12/site-packages/airflow/example_dags/example_complex.py for tasks to queue
[2025-02-25T23:54:49.584+0000] {logging_mixin.py:190} INFO - [2025-02-25T23:54:49.584+0000] {dagbag.py:588} INFO - Filling up the DagBag from /home/airflow/.local/lib/python3.12/site-packages/airflow/example_dags/example_complex.py
[2025-02-25T23:54:49.591+0000] {processor.py:925} INFO - DAG(s) 'example_complex' retrieved from /home/airflow/.local/lib/python3.12/site-packages/airflow/example_dags/example_complex.py
[2025-02-25T23:54:49.609+0000] {logging_mixin.py:190} INFO - [2025-02-25T23:54:49.609+0000] {dag.py:3239} INFO - Sync 1 DAGs
[2025-02-25T23:54:49.618+0000] {logging_mixin.py:190} INFO - [2025-02-25T23:54:49.618+0000] {dag.py:4180} INFO - Setting next_dagrun for example_complex to None, run_after=None
[2025-02-25T23:54:49.629+0000] {processor.py:208} INFO - Processing /home/airflow/.local/lib/python3.12/site-packages/airflow/example_dags/example_complex.py took 0.051 seconds
[2025-02-25T23:55:20.047+0000] {processor.py:186} INFO - Started process (PID=1722) to work on /home/airflow/.local/lib/python3.12/site-packages/airflow/example_dags/example_complex.py
[2025-02-25T23:55:20.047+0000] {processor.py:914} INFO - Processing file /home/airflow/.local/lib/python3.12/site-packages/airflow/example_dags/example_complex.py for tasks to queue
[2025-02-25T23:55:20.048+0000] {logging_mixin.py:190} INFO - [2025-02-25T23:55:20.048+0000] {dagbag.py:588} INFO - Filling up the DagBag from /home/airflow/.local/lib/python3.12/site-packages/airflow/example_dags/example_complex.py
[2025-02-25T23:55:20.055+0000] {processor.py:925} INFO - DAG(s) 'example_complex' retrieved from /home/airflow/.local/lib/python3.12/site-packages/airflow/example_dags/example_complex.py
[2025-02-25T23:55:20.074+0000] {logging_mixin.py:190} INFO - [2025-02-25T23:55:20.074+0000] {dag.py:3239} INFO - Sync 1 DAGs
[2025-02-25T23:55:20.082+0000] {logging_mixin.py:190} INFO - [2025-02-25T23:55:20.082+0000] {dag.py:4180} INFO - Setting next_dagrun for example_complex to None, run_after=None
[2025-02-25T23:55:20.092+0000] {processor.py:208} INFO - Processing /home/airflow/.local/lib/python3.12/site-packages/airflow/example_dags/example_complex.py took 0.049 seconds
[2025-02-25T23:55:52.673+0000] {processor.py:186} INFO - Started process (PID=1785) to work on /home/airflow/.local/lib/python3.12/site-packages/airflow/example_dags/example_complex.py
[2025-02-25T23:55:52.674+0000] {processor.py:914} INFO - Processing file /home/airflow/.local/lib/python3.12/site-packages/airflow/example_dags/example_complex.py for tasks to queue
[2025-02-25T23:55:52.676+0000] {logging_mixin.py:190} INFO - [2025-02-25T23:55:52.675+0000] {dagbag.py:588} INFO - Filling up the DagBag from /home/airflow/.local/lib/python3.12/site-packages/airflow/example_dags/example_complex.py
[2025-02-25T23:55:52.683+0000] {processor.py:925} INFO - DAG(s) 'example_complex' retrieved from /home/airflow/.local/lib/python3.12/site-packages/airflow/example_dags/example_complex.py
[2025-02-25T23:55:52.702+0000] {logging_mixin.py:190} INFO - [2025-02-25T23:55:52.702+0000] {dag.py:3239} INFO - Sync 1 DAGs
[2025-02-25T23:55:52.710+0000] {logging_mixin.py:190} INFO - [2025-02-25T23:55:52.710+0000] {dag.py:4180} INFO - Setting next_dagrun for example_complex to None, run_after=None
[2025-02-25T23:55:52.721+0000] {processor.py:208} INFO - Processing /home/airflow/.local/lib/python3.12/site-packages/airflow/example_dags/example_complex.py took 0.051 seconds
[2025-02-25T23:56:23.457+0000] {processor.py:186} INFO - Started process (PID=1848) to work on /home/airflow/.local/lib/python3.12/site-packages/airflow/example_dags/example_complex.py
[2025-02-25T23:56:23.457+0000] {processor.py:914} INFO - Processing file /home/airflow/.local/lib/python3.12/site-packages/airflow/example_dags/example_complex.py for tasks to queue
[2025-02-25T23:56:23.458+0000] {logging_mixin.py:190} INFO - [2025-02-25T23:56:23.458+0000] {dagbag.py:588} INFO - Filling up the DagBag from /home/airflow/.local/lib/python3.12/site-packages/airflow/example_dags/example_complex.py
[2025-02-25T23:56:23.465+0000] {processor.py:925} INFO - DAG(s) 'example_complex' retrieved from /home/airflow/.local/lib/python3.12/site-packages/airflow/example_dags/example_complex.py
[2025-02-25T23:56:23.484+0000] {logging_mixin.py:190} INFO - [2025-02-25T23:56:23.484+0000] {dag.py:3239} INFO - Sync 1 DAGs
[2025-02-25T23:56:23.493+0000] {logging_mixin.py:190} INFO - [2025-02-25T23:56:23.493+0000] {dag.py:4180} INFO - Setting next_dagrun for example_complex to None, run_after=None
[2025-02-25T23:56:23.503+0000] {processor.py:208} INFO - Processing /home/airflow/.local/lib/python3.12/site-packages/airflow/example_dags/example_complex.py took 0.050 seconds
[2025-02-25T23:56:53.581+0000] {processor.py:186} INFO - Started process (PID=1910) to work on /home/airflow/.local/lib/python3.12/site-packages/airflow/example_dags/example_complex.py
[2025-02-25T23:56:53.582+0000] {processor.py:914} INFO - Processing file /home/airflow/.local/lib/python3.12/site-packages/airflow/example_dags/example_complex.py for tasks to queue
[2025-02-25T23:56:53.584+0000] {logging_mixin.py:190} INFO - [2025-02-25T23:56:53.583+0000] {dagbag.py:588} INFO - Filling up the DagBag from /home/airflow/.local/lib/python3.12/site-packages/airflow/example_dags/example_complex.py
[2025-02-25T23:56:53.590+0000] {processor.py:925} INFO - DAG(s) 'example_complex' retrieved from /home/airflow/.local/lib/python3.12/site-packages/airflow/example_dags/example_complex.py
[2025-02-25T23:56:53.608+0000] {logging_mixin.py:190} INFO - [2025-02-25T23:56:53.608+0000] {dag.py:3239} INFO - Sync 1 DAGs
[2025-02-25T23:56:53.616+0000] {logging_mixin.py:190} INFO - [2025-02-25T23:56:53.616+0000] {dag.py:4180} INFO - Setting next_dagrun for example_complex to None, run_after=None
[2025-02-25T23:56:53.627+0000] {processor.py:208} INFO - Processing /home/airflow/.local/lib/python3.12/site-packages/airflow/example_dags/example_complex.py took 0.049 seconds
[2025-02-25T23:57:24.491+0000] {processor.py:186} INFO - Started process (PID=1967) to work on /home/airflow/.local/lib/python3.12/site-packages/airflow/example_dags/example_complex.py
[2025-02-25T23:57:24.492+0000] {processor.py:914} INFO - Processing file /home/airflow/.local/lib/python3.12/site-packages/airflow/example_dags/example_complex.py for tasks to queue
[2025-02-25T23:57:24.493+0000] {logging_mixin.py:190} INFO - [2025-02-25T23:57:24.493+0000] {dagbag.py:588} INFO - Filling up the DagBag from /home/airflow/.local/lib/python3.12/site-packages/airflow/example_dags/example_complex.py
[2025-02-25T23:57:24.500+0000] {processor.py:925} INFO - DAG(s) 'example_complex' retrieved from /home/airflow/.local/lib/python3.12/site-packages/airflow/example_dags/example_complex.py
[2025-02-25T23:57:24.519+0000] {logging_mixin.py:190} INFO - [2025-02-25T23:57:24.519+0000] {dag.py:3239} INFO - Sync 1 DAGs
[2025-02-25T23:57:24.527+0000] {logging_mixin.py:190} INFO - [2025-02-25T23:57:24.527+0000] {dag.py:4180} INFO - Setting next_dagrun for example_complex to None, run_after=None
[2025-02-25T23:57:24.538+0000] {processor.py:208} INFO - Processing /home/airflow/.local/lib/python3.12/site-packages/airflow/example_dags/example_complex.py took 0.050 seconds
[2025-02-25T23:57:56.297+0000] {processor.py:186} INFO - Started process (PID=2031) to work on /home/airflow/.local/lib/python3.12/site-packages/airflow/example_dags/example_complex.py
[2025-02-25T23:57:56.298+0000] {processor.py:914} INFO - Processing file /home/airflow/.local/lib/python3.12/site-packages/airflow/example_dags/example_complex.py for tasks to queue
[2025-02-25T23:57:56.300+0000] {logging_mixin.py:190} INFO - [2025-02-25T23:57:56.299+0000] {dagbag.py:588} INFO - Filling up the DagBag from /home/airflow/.local/lib/python3.12/site-packages/airflow/example_dags/example_complex.py
[2025-02-25T23:57:56.307+0000] {processor.py:925} INFO - DAG(s) 'example_complex' retrieved from /home/airflow/.local/lib/python3.12/site-packages/airflow/example_dags/example_complex.py
[2025-02-25T23:57:56.327+0000] {logging_mixin.py:190} INFO - [2025-02-25T23:57:56.327+0000] {dag.py:3239} INFO - Sync 1 DAGs
[2025-02-25T23:57:56.336+0000] {logging_mixin.py:190} INFO - [2025-02-25T23:57:56.336+0000] {dag.py:4180} INFO - Setting next_dagrun for example_complex to None, run_after=None
[2025-02-25T23:57:56.347+0000] {processor.py:208} INFO - Processing /home/airflow/.local/lib/python3.12/site-packages/airflow/example_dags/example_complex.py took 0.053 seconds
[2025-02-25T23:58:30.091+0000] {processor.py:186} INFO - Started process (PID=2094) to work on /home/airflow/.local/lib/python3.12/site-packages/airflow/example_dags/example_complex.py
[2025-02-25T23:58:30.092+0000] {processor.py:914} INFO - Processing file /home/airflow/.local/lib/python3.12/site-packages/airflow/example_dags/example_complex.py for tasks to queue
[2025-02-25T23:58:30.093+0000] {logging_mixin.py:190} INFO - [2025-02-25T23:58:30.093+0000] {dagbag.py:588} INFO - Filling up the DagBag from /home/airflow/.local/lib/python3.12/site-packages/airflow/example_dags/example_complex.py
[2025-02-25T23:58:30.100+0000] {processor.py:925} INFO - DAG(s) 'example_complex' retrieved from /home/airflow/.local/lib/python3.12/site-packages/airflow/example_dags/example_complex.py
[2025-02-25T23:58:30.119+0000] {logging_mixin.py:190} INFO - [2025-02-25T23:58:30.119+0000] {dag.py:3239} INFO - Sync 1 DAGs
[2025-02-25T23:58:30.127+0000] {logging_mixin.py:190} INFO - [2025-02-25T23:58:30.127+0000] {dag.py:4180} INFO - Setting next_dagrun for example_complex to None, run_after=None
[2025-02-25T23:58:30.137+0000] {processor.py:208} INFO - Processing /home/airflow/.local/lib/python3.12/site-packages/airflow/example_dags/example_complex.py took 0.049 seconds
[2025-02-25T23:59:00.857+0000] {processor.py:186} INFO - Started process (PID=2157) to work on /home/airflow/.local/lib/python3.12/site-packages/airflow/example_dags/example_complex.py
[2025-02-25T23:59:00.857+0000] {processor.py:914} INFO - Processing file /home/airflow/.local/lib/python3.12/site-packages/airflow/example_dags/example_complex.py for tasks to queue
[2025-02-25T23:59:00.859+0000] {logging_mixin.py:190} INFO - [2025-02-25T23:59:00.859+0000] {dagbag.py:588} INFO - Filling up the DagBag from /home/airflow/.local/lib/python3.12/site-packages/airflow/example_dags/example_complex.py
[2025-02-25T23:59:00.866+0000] {processor.py:925} INFO - DAG(s) 'example_complex' retrieved from /home/airflow/.local/lib/python3.12/site-packages/airflow/example_dags/example_complex.py
[2025-02-25T23:59:00.884+0000] {logging_mixin.py:190} INFO - [2025-02-25T23:59:00.884+0000] {dag.py:3239} INFO - Sync 1 DAGs
[2025-02-25T23:59:00.892+0000] {logging_mixin.py:190} INFO - [2025-02-25T23:59:00.892+0000] {dag.py:4180} INFO - Setting next_dagrun for example_complex to None, run_after=None
[2025-02-25T23:59:00.902+0000] {processor.py:208} INFO - Processing /home/airflow/.local/lib/python3.12/site-packages/airflow/example_dags/example_complex.py took 0.049 seconds
[2025-02-25T23:59:31.652+0000] {processor.py:186} INFO - Started process (PID=2220) to work on /home/airflow/.local/lib/python3.12/site-packages/airflow/example_dags/example_complex.py
[2025-02-25T23:59:31.653+0000] {processor.py:914} INFO - Processing file /home/airflow/.local/lib/python3.12/site-packages/airflow/example_dags/example_complex.py for tasks to queue
[2025-02-25T23:59:31.654+0000] {logging_mixin.py:190} INFO - [2025-02-25T23:59:31.654+0000] {dagbag.py:588} INFO - Filling up the DagBag from /home/airflow/.local/lib/python3.12/site-packages/airflow/example_dags/example_complex.py
[2025-02-25T23:59:31.661+0000] {processor.py:925} INFO - DAG(s) 'example_complex' retrieved from /home/airflow/.local/lib/python3.12/site-packages/airflow/example_dags/example_complex.py
[2025-02-25T23:59:31.681+0000] {logging_mixin.py:190} INFO - [2025-02-25T23:59:31.681+0000] {dag.py:3239} INFO - Sync 1 DAGs
[2025-02-25T23:59:31.691+0000] {logging_mixin.py:190} INFO - [2025-02-25T23:59:31.691+0000] {dag.py:4180} INFO - Setting next_dagrun for example_complex to None, run_after=None
[2025-02-25T23:59:31.704+0000] {processor.py:208} INFO - Processing /home/airflow/.local/lib/python3.12/site-packages/airflow/example_dags/example_complex.py took 0.055 seconds
