[2025-02-25T23:22:15.557+0000] {processor.py:186} INFO - Started process (PID=64) to work on /home/airflow/.local/lib/python3.12/site-packages/airflow/example_dags/example_skip_dag.py
[2025-02-25T23:22:15.557+0000] {processor.py:914} INFO - Processing file /home/airflow/.local/lib/python3.12/site-packages/airflow/example_dags/example_skip_dag.py for tasks to queue
[2025-02-25T23:22:15.558+0000] {logging_mixin.py:190} INFO - [2025-02-25T23:22:15.558+0000] {dagbag.py:588} INFO - Filling up the DagBag from /home/airflow/.local/lib/python3.12/site-packages/airflow/example_dags/example_skip_dag.py
[2025-02-25T23:22:15.563+0000] {processor.py:925} INFO - DAG(s) 'example_skip_dag' retrieved from /home/airflow/.local/lib/python3.12/site-packages/airflow/example_dags/example_skip_dag.py
[2025-02-25T23:22:15.625+0000] {logging_mixin.py:190} INFO - [2025-02-25T23:22:15.625+0000] {override.py:1912} INFO - Created Permission View: can edit on DAG:example_skip_dag
[2025-02-25T23:22:15.631+0000] {logging_mixin.py:190} INFO - [2025-02-25T23:22:15.630+0000] {override.py:1912} INFO - Created Permission View: can delete on DAG:example_skip_dag
[2025-02-25T23:22:15.634+0000] {logging_mixin.py:190} INFO - [2025-02-25T23:22:15.634+0000] {override.py:1912} INFO - Created Permission View: can read on DAG:example_skip_dag
[2025-02-25T23:22:15.638+0000] {logging_mixin.py:190} INFO - [2025-02-25T23:22:15.638+0000] {override.py:1912} INFO - Created Permission View: can delete on DAG Run:example_skip_dag
[2025-02-25T23:22:15.641+0000] {logging_mixin.py:190} INFO - [2025-02-25T23:22:15.641+0000] {override.py:1912} INFO - Created Permission View: can read on DAG Run:example_skip_dag
[2025-02-25T23:22:15.645+0000] {logging_mixin.py:190} INFO - [2025-02-25T23:22:15.644+0000] {override.py:1912} INFO - Created Permission View: menu access on DAG Run:example_skip_dag
[2025-02-25T23:22:15.648+0000] {logging_mixin.py:190} INFO - [2025-02-25T23:22:15.647+0000] {override.py:1912} INFO - Created Permission View: can create on DAG Run:example_skip_dag
[2025-02-25T23:22:15.648+0000] {logging_mixin.py:190} INFO - [2025-02-25T23:22:15.648+0000] {dag.py:3239} INFO - Sync 1 DAGs
[2025-02-25T23:22:15.655+0000] {logging_mixin.py:190} INFO - [2025-02-25T23:22:15.655+0000] {dag.py:3262} INFO - Creating ORM DAG for example_skip_dag
[2025-02-25T23:22:15.660+0000] {logging_mixin.py:190} INFO - [2025-02-25T23:22:15.660+0000] {dag.py:4180} INFO - Setting next_dagrun for example_skip_dag to 2025-02-24 00:00:00+00:00, run_after=2025-02-25 00:00:00+00:00
[2025-02-25T23:22:15.668+0000] {processor.py:208} INFO - Processing /home/airflow/.local/lib/python3.12/site-packages/airflow/example_dags/example_skip_dag.py took 0.114 seconds
[2025-02-25T23:22:46.015+0000] {processor.py:186} INFO - Started process (PID=127) to work on /home/airflow/.local/lib/python3.12/site-packages/airflow/example_dags/example_skip_dag.py
[2025-02-25T23:22:46.015+0000] {processor.py:914} INFO - Processing file /home/airflow/.local/lib/python3.12/site-packages/airflow/example_dags/example_skip_dag.py for tasks to queue
[2025-02-25T23:22:46.017+0000] {logging_mixin.py:190} INFO - [2025-02-25T23:22:46.017+0000] {dagbag.py:588} INFO - Filling up the DagBag from /home/airflow/.local/lib/python3.12/site-packages/airflow/example_dags/example_skip_dag.py
[2025-02-25T23:22:46.021+0000] {processor.py:925} INFO - DAG(s) 'example_skip_dag' retrieved from /home/airflow/.local/lib/python3.12/site-packages/airflow/example_dags/example_skip_dag.py
[2025-02-25T23:22:46.035+0000] {logging_mixin.py:190} INFO - [2025-02-25T23:22:46.034+0000] {dag.py:3239} INFO - Sync 1 DAGs
[2025-02-25T23:22:46.047+0000] {logging_mixin.py:190} INFO - [2025-02-25T23:22:46.047+0000] {dag.py:4180} INFO - Setting next_dagrun for example_skip_dag to 2025-02-24 00:00:00+00:00, run_after=2025-02-25 00:00:00+00:00
[2025-02-25T23:22:46.058+0000] {processor.py:208} INFO - Processing /home/airflow/.local/lib/python3.12/site-packages/airflow/example_dags/example_skip_dag.py took 0.046 seconds
[2025-02-25T23:23:16.918+0000] {processor.py:186} INFO - Started process (PID=190) to work on /home/airflow/.local/lib/python3.12/site-packages/airflow/example_dags/example_skip_dag.py
[2025-02-25T23:23:16.918+0000] {processor.py:914} INFO - Processing file /home/airflow/.local/lib/python3.12/site-packages/airflow/example_dags/example_skip_dag.py for tasks to queue
[2025-02-25T23:23:16.920+0000] {logging_mixin.py:190} INFO - [2025-02-25T23:23:16.920+0000] {dagbag.py:588} INFO - Filling up the DagBag from /home/airflow/.local/lib/python3.12/site-packages/airflow/example_dags/example_skip_dag.py
[2025-02-25T23:23:16.924+0000] {processor.py:925} INFO - DAG(s) 'example_skip_dag' retrieved from /home/airflow/.local/lib/python3.12/site-packages/airflow/example_dags/example_skip_dag.py
[2025-02-25T23:23:16.937+0000] {logging_mixin.py:190} INFO - [2025-02-25T23:23:16.937+0000] {dag.py:3239} INFO - Sync 1 DAGs
[2025-02-25T23:23:16.949+0000] {logging_mixin.py:190} INFO - [2025-02-25T23:23:16.949+0000] {dag.py:4180} INFO - Setting next_dagrun for example_skip_dag to 2025-02-24 00:00:00+00:00, run_after=2025-02-25 00:00:00+00:00
[2025-02-25T23:23:16.959+0000] {processor.py:208} INFO - Processing /home/airflow/.local/lib/python3.12/site-packages/airflow/example_dags/example_skip_dag.py took 0.044 seconds
[2025-02-25T23:23:47.755+0000] {processor.py:186} INFO - Started process (PID=253) to work on /home/airflow/.local/lib/python3.12/site-packages/airflow/example_dags/example_skip_dag.py
[2025-02-25T23:23:47.757+0000] {processor.py:914} INFO - Processing file /home/airflow/.local/lib/python3.12/site-packages/airflow/example_dags/example_skip_dag.py for tasks to queue
[2025-02-25T23:23:47.758+0000] {logging_mixin.py:190} INFO - [2025-02-25T23:23:47.758+0000] {dagbag.py:588} INFO - Filling up the DagBag from /home/airflow/.local/lib/python3.12/site-packages/airflow/example_dags/example_skip_dag.py
[2025-02-25T23:23:47.763+0000] {processor.py:925} INFO - DAG(s) 'example_skip_dag' retrieved from /home/airflow/.local/lib/python3.12/site-packages/airflow/example_dags/example_skip_dag.py
[2025-02-25T23:23:47.775+0000] {logging_mixin.py:190} INFO - [2025-02-25T23:23:47.775+0000] {dag.py:3239} INFO - Sync 1 DAGs
[2025-02-25T23:23:47.788+0000] {logging_mixin.py:190} INFO - [2025-02-25T23:23:47.788+0000] {dag.py:4180} INFO - Setting next_dagrun for example_skip_dag to 2025-02-24 00:00:00+00:00, run_after=2025-02-25 00:00:00+00:00
[2025-02-25T23:23:47.801+0000] {processor.py:208} INFO - Processing /home/airflow/.local/lib/python3.12/site-packages/airflow/example_dags/example_skip_dag.py took 0.048 seconds
[2025-02-25T23:24:18.478+0000] {processor.py:186} INFO - Started process (PID=316) to work on /home/airflow/.local/lib/python3.12/site-packages/airflow/example_dags/example_skip_dag.py
[2025-02-25T23:24:18.478+0000] {processor.py:914} INFO - Processing file /home/airflow/.local/lib/python3.12/site-packages/airflow/example_dags/example_skip_dag.py for tasks to queue
[2025-02-25T23:24:18.480+0000] {logging_mixin.py:190} INFO - [2025-02-25T23:24:18.480+0000] {dagbag.py:588} INFO - Filling up the DagBag from /home/airflow/.local/lib/python3.12/site-packages/airflow/example_dags/example_skip_dag.py
[2025-02-25T23:24:18.485+0000] {processor.py:925} INFO - DAG(s) 'example_skip_dag' retrieved from /home/airflow/.local/lib/python3.12/site-packages/airflow/example_dags/example_skip_dag.py
[2025-02-25T23:24:18.499+0000] {logging_mixin.py:190} INFO - [2025-02-25T23:24:18.498+0000] {dag.py:3239} INFO - Sync 1 DAGs
[2025-02-25T23:24:18.512+0000] {logging_mixin.py:190} INFO - [2025-02-25T23:24:18.512+0000] {dag.py:4180} INFO - Setting next_dagrun for example_skip_dag to 2025-02-24 00:00:00+00:00, run_after=2025-02-25 00:00:00+00:00
[2025-02-25T23:24:18.523+0000] {processor.py:208} INFO - Processing /home/airflow/.local/lib/python3.12/site-packages/airflow/example_dags/example_skip_dag.py took 0.049 seconds
[2025-02-25T23:24:49.278+0000] {processor.py:186} INFO - Started process (PID=379) to work on /home/airflow/.local/lib/python3.12/site-packages/airflow/example_dags/example_skip_dag.py
[2025-02-25T23:24:49.279+0000] {processor.py:914} INFO - Processing file /home/airflow/.local/lib/python3.12/site-packages/airflow/example_dags/example_skip_dag.py for tasks to queue
[2025-02-25T23:24:49.281+0000] {logging_mixin.py:190} INFO - [2025-02-25T23:24:49.280+0000] {dagbag.py:588} INFO - Filling up the DagBag from /home/airflow/.local/lib/python3.12/site-packages/airflow/example_dags/example_skip_dag.py
[2025-02-25T23:24:49.285+0000] {processor.py:925} INFO - DAG(s) 'example_skip_dag' retrieved from /home/airflow/.local/lib/python3.12/site-packages/airflow/example_dags/example_skip_dag.py
[2025-02-25T23:24:49.300+0000] {logging_mixin.py:190} INFO - [2025-02-25T23:24:49.299+0000] {dag.py:3239} INFO - Sync 1 DAGs
[2025-02-25T23:24:49.312+0000] {logging_mixin.py:190} INFO - [2025-02-25T23:24:49.312+0000] {dag.py:4180} INFO - Setting next_dagrun for example_skip_dag to 2025-02-24 00:00:00+00:00, run_after=2025-02-25 00:00:00+00:00
[2025-02-25T23:24:49.324+0000] {processor.py:208} INFO - Processing /home/airflow/.local/lib/python3.12/site-packages/airflow/example_dags/example_skip_dag.py took 0.049 seconds
[2025-02-25T23:25:22.204+0000] {processor.py:186} INFO - Started process (PID=442) to work on /home/airflow/.local/lib/python3.12/site-packages/airflow/example_dags/example_skip_dag.py
[2025-02-25T23:25:22.205+0000] {processor.py:914} INFO - Processing file /home/airflow/.local/lib/python3.12/site-packages/airflow/example_dags/example_skip_dag.py for tasks to queue
[2025-02-25T23:25:22.206+0000] {logging_mixin.py:190} INFO - [2025-02-25T23:25:22.206+0000] {dagbag.py:588} INFO - Filling up the DagBag from /home/airflow/.local/lib/python3.12/site-packages/airflow/example_dags/example_skip_dag.py
[2025-02-25T23:25:22.211+0000] {processor.py:925} INFO - DAG(s) 'example_skip_dag' retrieved from /home/airflow/.local/lib/python3.12/site-packages/airflow/example_dags/example_skip_dag.py
[2025-02-25T23:25:22.223+0000] {logging_mixin.py:190} INFO - [2025-02-25T23:25:22.223+0000] {dag.py:3239} INFO - Sync 1 DAGs
[2025-02-25T23:25:22.235+0000] {logging_mixin.py:190} INFO - [2025-02-25T23:25:22.235+0000] {dag.py:4180} INFO - Setting next_dagrun for example_skip_dag to 2025-02-24 00:00:00+00:00, run_after=2025-02-25 00:00:00+00:00
[2025-02-25T23:25:22.244+0000] {processor.py:208} INFO - Processing /home/airflow/.local/lib/python3.12/site-packages/airflow/example_dags/example_skip_dag.py took 0.043 seconds
[2025-02-25T23:25:56.329+0000] {processor.py:186} INFO - Started process (PID=505) to work on /home/airflow/.local/lib/python3.12/site-packages/airflow/example_dags/example_skip_dag.py
[2025-02-25T23:25:56.330+0000] {processor.py:914} INFO - Processing file /home/airflow/.local/lib/python3.12/site-packages/airflow/example_dags/example_skip_dag.py for tasks to queue
[2025-02-25T23:25:56.331+0000] {logging_mixin.py:190} INFO - [2025-02-25T23:25:56.331+0000] {dagbag.py:588} INFO - Filling up the DagBag from /home/airflow/.local/lib/python3.12/site-packages/airflow/example_dags/example_skip_dag.py
[2025-02-25T23:25:56.335+0000] {processor.py:925} INFO - DAG(s) 'example_skip_dag' retrieved from /home/airflow/.local/lib/python3.12/site-packages/airflow/example_dags/example_skip_dag.py
[2025-02-25T23:25:56.349+0000] {logging_mixin.py:190} INFO - [2025-02-25T23:25:56.348+0000] {dag.py:3239} INFO - Sync 1 DAGs
[2025-02-25T23:25:56.362+0000] {logging_mixin.py:190} INFO - [2025-02-25T23:25:56.361+0000] {dag.py:4180} INFO - Setting next_dagrun for example_skip_dag to 2025-02-24 00:00:00+00:00, run_after=2025-02-25 00:00:00+00:00
[2025-02-25T23:25:56.371+0000] {processor.py:208} INFO - Processing /home/airflow/.local/lib/python3.12/site-packages/airflow/example_dags/example_skip_dag.py took 0.045 seconds
[2025-02-25T23:26:27.116+0000] {processor.py:186} INFO - Started process (PID=568) to work on /home/airflow/.local/lib/python3.12/site-packages/airflow/example_dags/example_skip_dag.py
[2025-02-25T23:26:27.117+0000] {processor.py:914} INFO - Processing file /home/airflow/.local/lib/python3.12/site-packages/airflow/example_dags/example_skip_dag.py for tasks to queue
[2025-02-25T23:26:27.119+0000] {logging_mixin.py:190} INFO - [2025-02-25T23:26:27.119+0000] {dagbag.py:588} INFO - Filling up the DagBag from /home/airflow/.local/lib/python3.12/site-packages/airflow/example_dags/example_skip_dag.py
[2025-02-25T23:26:27.123+0000] {processor.py:925} INFO - DAG(s) 'example_skip_dag' retrieved from /home/airflow/.local/lib/python3.12/site-packages/airflow/example_dags/example_skip_dag.py
[2025-02-25T23:26:27.136+0000] {logging_mixin.py:190} INFO - [2025-02-25T23:26:27.136+0000] {dag.py:3239} INFO - Sync 1 DAGs
[2025-02-25T23:26:27.150+0000] {logging_mixin.py:190} INFO - [2025-02-25T23:26:27.150+0000] {dag.py:4180} INFO - Setting next_dagrun for example_skip_dag to 2025-02-24 00:00:00+00:00, run_after=2025-02-25 00:00:00+00:00
[2025-02-25T23:26:27.161+0000] {processor.py:208} INFO - Processing /home/airflow/.local/lib/python3.12/site-packages/airflow/example_dags/example_skip_dag.py took 0.048 seconds
[2025-02-25T23:26:57.727+0000] {processor.py:186} INFO - Started process (PID=632) to work on /home/airflow/.local/lib/python3.12/site-packages/airflow/example_dags/example_skip_dag.py
[2025-02-25T23:26:57.727+0000] {processor.py:914} INFO - Processing file /home/airflow/.local/lib/python3.12/site-packages/airflow/example_dags/example_skip_dag.py for tasks to queue
[2025-02-25T23:26:57.729+0000] {logging_mixin.py:190} INFO - [2025-02-25T23:26:57.729+0000] {dagbag.py:588} INFO - Filling up the DagBag from /home/airflow/.local/lib/python3.12/site-packages/airflow/example_dags/example_skip_dag.py
[2025-02-25T23:26:57.733+0000] {processor.py:925} INFO - DAG(s) 'example_skip_dag' retrieved from /home/airflow/.local/lib/python3.12/site-packages/airflow/example_dags/example_skip_dag.py
[2025-02-25T23:26:57.746+0000] {logging_mixin.py:190} INFO - [2025-02-25T23:26:57.746+0000] {dag.py:3239} INFO - Sync 1 DAGs
[2025-02-25T23:26:57.759+0000] {logging_mixin.py:190} INFO - [2025-02-25T23:26:57.758+0000] {dag.py:4180} INFO - Setting next_dagrun for example_skip_dag to 2025-02-24 00:00:00+00:00, run_after=2025-02-25 00:00:00+00:00
[2025-02-25T23:26:57.768+0000] {processor.py:208} INFO - Processing /home/airflow/.local/lib/python3.12/site-packages/airflow/example_dags/example_skip_dag.py took 0.045 seconds
[2025-02-25T23:27:28.300+0000] {processor.py:186} INFO - Started process (PID=695) to work on /home/airflow/.local/lib/python3.12/site-packages/airflow/example_dags/example_skip_dag.py
[2025-02-25T23:27:28.301+0000] {processor.py:914} INFO - Processing file /home/airflow/.local/lib/python3.12/site-packages/airflow/example_dags/example_skip_dag.py for tasks to queue
[2025-02-25T23:27:28.302+0000] {logging_mixin.py:190} INFO - [2025-02-25T23:27:28.302+0000] {dagbag.py:588} INFO - Filling up the DagBag from /home/airflow/.local/lib/python3.12/site-packages/airflow/example_dags/example_skip_dag.py
[2025-02-25T23:27:28.306+0000] {processor.py:925} INFO - DAG(s) 'example_skip_dag' retrieved from /home/airflow/.local/lib/python3.12/site-packages/airflow/example_dags/example_skip_dag.py
[2025-02-25T23:27:28.319+0000] {logging_mixin.py:190} INFO - [2025-02-25T23:27:28.319+0000] {dag.py:3239} INFO - Sync 1 DAGs
[2025-02-25T23:27:28.332+0000] {logging_mixin.py:190} INFO - [2025-02-25T23:27:28.331+0000] {dag.py:4180} INFO - Setting next_dagrun for example_skip_dag to 2025-02-24 00:00:00+00:00, run_after=2025-02-25 00:00:00+00:00
[2025-02-25T23:27:28.341+0000] {processor.py:208} INFO - Processing /home/airflow/.local/lib/python3.12/site-packages/airflow/example_dags/example_skip_dag.py took 0.045 seconds
[2025-02-25T23:27:59.225+0000] {processor.py:186} INFO - Started process (PID=758) to work on /home/airflow/.local/lib/python3.12/site-packages/airflow/example_dags/example_skip_dag.py
[2025-02-25T23:27:59.226+0000] {processor.py:914} INFO - Processing file /home/airflow/.local/lib/python3.12/site-packages/airflow/example_dags/example_skip_dag.py for tasks to queue
[2025-02-25T23:27:59.227+0000] {logging_mixin.py:190} INFO - [2025-02-25T23:27:59.227+0000] {dagbag.py:588} INFO - Filling up the DagBag from /home/airflow/.local/lib/python3.12/site-packages/airflow/example_dags/example_skip_dag.py
[2025-02-25T23:27:59.232+0000] {processor.py:925} INFO - DAG(s) 'example_skip_dag' retrieved from /home/airflow/.local/lib/python3.12/site-packages/airflow/example_dags/example_skip_dag.py
[2025-02-25T23:27:59.244+0000] {logging_mixin.py:190} INFO - [2025-02-25T23:27:59.244+0000] {dag.py:3239} INFO - Sync 1 DAGs
[2025-02-25T23:27:59.257+0000] {logging_mixin.py:190} INFO - [2025-02-25T23:27:59.257+0000] {dag.py:4180} INFO - Setting next_dagrun for example_skip_dag to 2025-02-24 00:00:00+00:00, run_after=2025-02-25 00:00:00+00:00
[2025-02-25T23:27:59.268+0000] {processor.py:208} INFO - Processing /home/airflow/.local/lib/python3.12/site-packages/airflow/example_dags/example_skip_dag.py took 0.047 seconds
[2025-02-25T23:28:30.253+0000] {processor.py:186} INFO - Started process (PID=815) to work on /home/airflow/.local/lib/python3.12/site-packages/airflow/example_dags/example_skip_dag.py
[2025-02-25T23:28:30.254+0000] {processor.py:914} INFO - Processing file /home/airflow/.local/lib/python3.12/site-packages/airflow/example_dags/example_skip_dag.py for tasks to queue
[2025-02-25T23:28:30.256+0000] {logging_mixin.py:190} INFO - [2025-02-25T23:28:30.256+0000] {dagbag.py:588} INFO - Filling up the DagBag from /home/airflow/.local/lib/python3.12/site-packages/airflow/example_dags/example_skip_dag.py
[2025-02-25T23:28:30.260+0000] {processor.py:925} INFO - DAG(s) 'example_skip_dag' retrieved from /home/airflow/.local/lib/python3.12/site-packages/airflow/example_dags/example_skip_dag.py
[2025-02-25T23:28:30.273+0000] {logging_mixin.py:190} INFO - [2025-02-25T23:28:30.273+0000] {dag.py:3239} INFO - Sync 1 DAGs
[2025-02-25T23:28:30.286+0000] {logging_mixin.py:190} INFO - [2025-02-25T23:28:30.286+0000] {dag.py:4180} INFO - Setting next_dagrun for example_skip_dag to 2025-02-24 00:00:00+00:00, run_after=2025-02-25 00:00:00+00:00
[2025-02-25T23:28:30.299+0000] {processor.py:208} INFO - Processing /home/airflow/.local/lib/python3.12/site-packages/airflow/example_dags/example_skip_dag.py took 0.050 seconds
[2025-02-25T23:29:00.821+0000] {processor.py:186} INFO - Started process (PID=878) to work on /home/airflow/.local/lib/python3.12/site-packages/airflow/example_dags/example_skip_dag.py
[2025-02-25T23:29:00.822+0000] {processor.py:914} INFO - Processing file /home/airflow/.local/lib/python3.12/site-packages/airflow/example_dags/example_skip_dag.py for tasks to queue
[2025-02-25T23:29:00.824+0000] {logging_mixin.py:190} INFO - [2025-02-25T23:29:00.823+0000] {dagbag.py:588} INFO - Filling up the DagBag from /home/airflow/.local/lib/python3.12/site-packages/airflow/example_dags/example_skip_dag.py
[2025-02-25T23:29:00.829+0000] {processor.py:925} INFO - DAG(s) 'example_skip_dag' retrieved from /home/airflow/.local/lib/python3.12/site-packages/airflow/example_dags/example_skip_dag.py
[2025-02-25T23:29:00.843+0000] {logging_mixin.py:190} INFO - [2025-02-25T23:29:00.843+0000] {dag.py:3239} INFO - Sync 1 DAGs
[2025-02-25T23:29:00.856+0000] {logging_mixin.py:190} INFO - [2025-02-25T23:29:00.856+0000] {dag.py:4180} INFO - Setting next_dagrun for example_skip_dag to 2025-02-24 00:00:00+00:00, run_after=2025-02-25 00:00:00+00:00
[2025-02-25T23:29:00.871+0000] {processor.py:208} INFO - Processing /home/airflow/.local/lib/python3.12/site-packages/airflow/example_dags/example_skip_dag.py took 0.053 seconds
[2025-02-25T23:29:30.907+0000] {processor.py:186} INFO - Started process (PID=940) to work on /home/airflow/.local/lib/python3.12/site-packages/airflow/example_dags/example_skip_dag.py
[2025-02-25T23:29:30.907+0000] {processor.py:914} INFO - Processing file /home/airflow/.local/lib/python3.12/site-packages/airflow/example_dags/example_skip_dag.py for tasks to queue
[2025-02-25T23:29:30.909+0000] {logging_mixin.py:190} INFO - [2025-02-25T23:29:30.909+0000] {dagbag.py:588} INFO - Filling up the DagBag from /home/airflow/.local/lib/python3.12/site-packages/airflow/example_dags/example_skip_dag.py
[2025-02-25T23:29:30.913+0000] {processor.py:925} INFO - DAG(s) 'example_skip_dag' retrieved from /home/airflow/.local/lib/python3.12/site-packages/airflow/example_dags/example_skip_dag.py
[2025-02-25T23:29:30.926+0000] {logging_mixin.py:190} INFO - [2025-02-25T23:29:30.926+0000] {dag.py:3239} INFO - Sync 1 DAGs
[2025-02-25T23:29:30.940+0000] {logging_mixin.py:190} INFO - [2025-02-25T23:29:30.940+0000] {dag.py:4180} INFO - Setting next_dagrun for example_skip_dag to 2025-02-24 00:00:00+00:00, run_after=2025-02-25 00:00:00+00:00
[2025-02-25T23:29:30.952+0000] {processor.py:208} INFO - Processing /home/airflow/.local/lib/python3.12/site-packages/airflow/example_dags/example_skip_dag.py took 0.048 seconds
[2025-02-25T23:30:06.830+0000] {processor.py:186} INFO - Started process (PID=1004) to work on /home/airflow/.local/lib/python3.12/site-packages/airflow/example_dags/example_skip_dag.py
[2025-02-25T23:30:06.831+0000] {processor.py:914} INFO - Processing file /home/airflow/.local/lib/python3.12/site-packages/airflow/example_dags/example_skip_dag.py for tasks to queue
[2025-02-25T23:30:06.833+0000] {logging_mixin.py:190} INFO - [2025-02-25T23:30:06.832+0000] {dagbag.py:588} INFO - Filling up the DagBag from /home/airflow/.local/lib/python3.12/site-packages/airflow/example_dags/example_skip_dag.py
[2025-02-25T23:30:06.837+0000] {processor.py:925} INFO - DAG(s) 'example_skip_dag' retrieved from /home/airflow/.local/lib/python3.12/site-packages/airflow/example_dags/example_skip_dag.py
[2025-02-25T23:30:06.850+0000] {logging_mixin.py:190} INFO - [2025-02-25T23:30:06.850+0000] {dag.py:3239} INFO - Sync 1 DAGs
[2025-02-25T23:30:06.864+0000] {logging_mixin.py:190} INFO - [2025-02-25T23:30:06.864+0000] {dag.py:4180} INFO - Setting next_dagrun for example_skip_dag to 2025-02-24 00:00:00+00:00, run_after=2025-02-25 00:00:00+00:00
[2025-02-25T23:30:06.876+0000] {processor.py:208} INFO - Processing /home/airflow/.local/lib/python3.12/site-packages/airflow/example_dags/example_skip_dag.py took 0.049 seconds
[2025-02-25T23:30:37.778+0000] {processor.py:186} INFO - Started process (PID=1067) to work on /home/airflow/.local/lib/python3.12/site-packages/airflow/example_dags/example_skip_dag.py
[2025-02-25T23:30:37.779+0000] {processor.py:914} INFO - Processing file /home/airflow/.local/lib/python3.12/site-packages/airflow/example_dags/example_skip_dag.py for tasks to queue
[2025-02-25T23:30:37.780+0000] {logging_mixin.py:190} INFO - [2025-02-25T23:30:37.780+0000] {dagbag.py:588} INFO - Filling up the DagBag from /home/airflow/.local/lib/python3.12/site-packages/airflow/example_dags/example_skip_dag.py
[2025-02-25T23:30:37.784+0000] {processor.py:925} INFO - DAG(s) 'example_skip_dag' retrieved from /home/airflow/.local/lib/python3.12/site-packages/airflow/example_dags/example_skip_dag.py
[2025-02-25T23:30:37.797+0000] {logging_mixin.py:190} INFO - [2025-02-25T23:30:37.797+0000] {dag.py:3239} INFO - Sync 1 DAGs
[2025-02-25T23:30:37.810+0000] {logging_mixin.py:190} INFO - [2025-02-25T23:30:37.809+0000] {dag.py:4180} INFO - Setting next_dagrun for example_skip_dag to 2025-02-24 00:00:00+00:00, run_after=2025-02-25 00:00:00+00:00
[2025-02-25T23:30:37.819+0000] {processor.py:208} INFO - Processing /home/airflow/.local/lib/python3.12/site-packages/airflow/example_dags/example_skip_dag.py took 0.045 seconds
[2025-02-25T23:31:08.388+0000] {processor.py:186} INFO - Started process (PID=1130) to work on /home/airflow/.local/lib/python3.12/site-packages/airflow/example_dags/example_skip_dag.py
[2025-02-25T23:31:08.389+0000] {processor.py:914} INFO - Processing file /home/airflow/.local/lib/python3.12/site-packages/airflow/example_dags/example_skip_dag.py for tasks to queue
[2025-02-25T23:31:08.390+0000] {logging_mixin.py:190} INFO - [2025-02-25T23:31:08.390+0000] {dagbag.py:588} INFO - Filling up the DagBag from /home/airflow/.local/lib/python3.12/site-packages/airflow/example_dags/example_skip_dag.py
[2025-02-25T23:31:08.395+0000] {processor.py:925} INFO - DAG(s) 'example_skip_dag' retrieved from /home/airflow/.local/lib/python3.12/site-packages/airflow/example_dags/example_skip_dag.py
[2025-02-25T23:31:08.408+0000] {logging_mixin.py:190} INFO - [2025-02-25T23:31:08.408+0000] {dag.py:3239} INFO - Sync 1 DAGs
[2025-02-25T23:31:08.420+0000] {logging_mixin.py:190} INFO - [2025-02-25T23:31:08.420+0000] {dag.py:4180} INFO - Setting next_dagrun for example_skip_dag to 2025-02-24 00:00:00+00:00, run_after=2025-02-25 00:00:00+00:00
[2025-02-25T23:31:08.431+0000] {processor.py:208} INFO - Processing /home/airflow/.local/lib/python3.12/site-packages/airflow/example_dags/example_skip_dag.py took 0.046 seconds
[2025-02-25T23:31:39.330+0000] {processor.py:186} INFO - Started process (PID=1193) to work on /home/airflow/.local/lib/python3.12/site-packages/airflow/example_dags/example_skip_dag.py
[2025-02-25T23:31:39.331+0000] {processor.py:914} INFO - Processing file /home/airflow/.local/lib/python3.12/site-packages/airflow/example_dags/example_skip_dag.py for tasks to queue
[2025-02-25T23:31:39.332+0000] {logging_mixin.py:190} INFO - [2025-02-25T23:31:39.332+0000] {dagbag.py:588} INFO - Filling up the DagBag from /home/airflow/.local/lib/python3.12/site-packages/airflow/example_dags/example_skip_dag.py
[2025-02-25T23:31:39.337+0000] {processor.py:925} INFO - DAG(s) 'example_skip_dag' retrieved from /home/airflow/.local/lib/python3.12/site-packages/airflow/example_dags/example_skip_dag.py
[2025-02-25T23:31:39.349+0000] {logging_mixin.py:190} INFO - [2025-02-25T23:31:39.349+0000] {dag.py:3239} INFO - Sync 1 DAGs
[2025-02-25T23:31:39.362+0000] {logging_mixin.py:190} INFO - [2025-02-25T23:31:39.361+0000] {dag.py:4180} INFO - Setting next_dagrun for example_skip_dag to 2025-02-24 00:00:00+00:00, run_after=2025-02-25 00:00:00+00:00
[2025-02-25T23:31:39.372+0000] {processor.py:208} INFO - Processing /home/airflow/.local/lib/python3.12/site-packages/airflow/example_dags/example_skip_dag.py took 0.045 seconds
[2025-02-25T23:32:10.012+0000] {processor.py:186} INFO - Started process (PID=1256) to work on /home/airflow/.local/lib/python3.12/site-packages/airflow/example_dags/example_skip_dag.py
[2025-02-25T23:32:10.013+0000] {processor.py:914} INFO - Processing file /home/airflow/.local/lib/python3.12/site-packages/airflow/example_dags/example_skip_dag.py for tasks to queue
[2025-02-25T23:32:10.015+0000] {logging_mixin.py:190} INFO - [2025-02-25T23:32:10.014+0000] {dagbag.py:588} INFO - Filling up the DagBag from /home/airflow/.local/lib/python3.12/site-packages/airflow/example_dags/example_skip_dag.py
[2025-02-25T23:32:10.019+0000] {processor.py:925} INFO - DAG(s) 'example_skip_dag' retrieved from /home/airflow/.local/lib/python3.12/site-packages/airflow/example_dags/example_skip_dag.py
[2025-02-25T23:32:10.032+0000] {logging_mixin.py:190} INFO - [2025-02-25T23:32:10.032+0000] {dag.py:3239} INFO - Sync 1 DAGs
[2025-02-25T23:32:10.045+0000] {logging_mixin.py:190} INFO - [2025-02-25T23:32:10.045+0000] {dag.py:4180} INFO - Setting next_dagrun for example_skip_dag to 2025-02-24 00:00:00+00:00, run_after=2025-02-25 00:00:00+00:00
[2025-02-25T23:32:10.056+0000] {processor.py:208} INFO - Processing /home/airflow/.local/lib/python3.12/site-packages/airflow/example_dags/example_skip_dag.py took 0.047 seconds
[2025-02-25T23:32:44.159+0000] {processor.py:186} INFO - Started process (PID=1319) to work on /home/airflow/.local/lib/python3.12/site-packages/airflow/example_dags/example_skip_dag.py
[2025-02-25T23:32:44.160+0000] {processor.py:914} INFO - Processing file /home/airflow/.local/lib/python3.12/site-packages/airflow/example_dags/example_skip_dag.py for tasks to queue
[2025-02-25T23:32:44.161+0000] {logging_mixin.py:190} INFO - [2025-02-25T23:32:44.161+0000] {dagbag.py:588} INFO - Filling up the DagBag from /home/airflow/.local/lib/python3.12/site-packages/airflow/example_dags/example_skip_dag.py
[2025-02-25T23:32:44.166+0000] {processor.py:925} INFO - DAG(s) 'example_skip_dag' retrieved from /home/airflow/.local/lib/python3.12/site-packages/airflow/example_dags/example_skip_dag.py
[2025-02-25T23:32:44.180+0000] {logging_mixin.py:190} INFO - [2025-02-25T23:32:44.180+0000] {dag.py:3239} INFO - Sync 1 DAGs
[2025-02-25T23:32:44.193+0000] {logging_mixin.py:190} INFO - [2025-02-25T23:32:44.193+0000] {dag.py:4180} INFO - Setting next_dagrun for example_skip_dag to 2025-02-24 00:00:00+00:00, run_after=2025-02-25 00:00:00+00:00
[2025-02-25T23:32:44.204+0000] {processor.py:208} INFO - Processing /home/airflow/.local/lib/python3.12/site-packages/airflow/example_dags/example_skip_dag.py took 0.049 seconds
[2025-02-25T23:33:14.931+0000] {processor.py:186} INFO - Started process (PID=1382) to work on /home/airflow/.local/lib/python3.12/site-packages/airflow/example_dags/example_skip_dag.py
[2025-02-25T23:33:14.932+0000] {processor.py:914} INFO - Processing file /home/airflow/.local/lib/python3.12/site-packages/airflow/example_dags/example_skip_dag.py for tasks to queue
[2025-02-25T23:33:14.934+0000] {logging_mixin.py:190} INFO - [2025-02-25T23:33:14.933+0000] {dagbag.py:588} INFO - Filling up the DagBag from /home/airflow/.local/lib/python3.12/site-packages/airflow/example_dags/example_skip_dag.py
[2025-02-25T23:33:14.938+0000] {processor.py:925} INFO - DAG(s) 'example_skip_dag' retrieved from /home/airflow/.local/lib/python3.12/site-packages/airflow/example_dags/example_skip_dag.py
[2025-02-25T23:33:14.952+0000] {logging_mixin.py:190} INFO - [2025-02-25T23:33:14.951+0000] {dag.py:3239} INFO - Sync 1 DAGs
[2025-02-25T23:33:14.964+0000] {logging_mixin.py:190} INFO - [2025-02-25T23:33:14.964+0000] {dag.py:4180} INFO - Setting next_dagrun for example_skip_dag to 2025-02-24 00:00:00+00:00, run_after=2025-02-25 00:00:00+00:00
[2025-02-25T23:33:14.976+0000] {processor.py:208} INFO - Processing /home/airflow/.local/lib/python3.12/site-packages/airflow/example_dags/example_skip_dag.py took 0.049 seconds
[2025-02-25T23:33:45.657+0000] {processor.py:186} INFO - Started process (PID=1445) to work on /home/airflow/.local/lib/python3.12/site-packages/airflow/example_dags/example_skip_dag.py
[2025-02-25T23:33:45.657+0000] {processor.py:914} INFO - Processing file /home/airflow/.local/lib/python3.12/site-packages/airflow/example_dags/example_skip_dag.py for tasks to queue
[2025-02-25T23:33:45.659+0000] {logging_mixin.py:190} INFO - [2025-02-25T23:33:45.659+0000] {dagbag.py:588} INFO - Filling up the DagBag from /home/airflow/.local/lib/python3.12/site-packages/airflow/example_dags/example_skip_dag.py
[2025-02-25T23:33:45.663+0000] {processor.py:925} INFO - DAG(s) 'example_skip_dag' retrieved from /home/airflow/.local/lib/python3.12/site-packages/airflow/example_dags/example_skip_dag.py
[2025-02-25T23:33:45.677+0000] {logging_mixin.py:190} INFO - [2025-02-25T23:33:45.677+0000] {dag.py:3239} INFO - Sync 1 DAGs
[2025-02-25T23:33:45.690+0000] {logging_mixin.py:190} INFO - [2025-02-25T23:33:45.690+0000] {dag.py:4180} INFO - Setting next_dagrun for example_skip_dag to 2025-02-24 00:00:00+00:00, run_after=2025-02-25 00:00:00+00:00
[2025-02-25T23:33:45.700+0000] {processor.py:208} INFO - Processing /home/airflow/.local/lib/python3.12/site-packages/airflow/example_dags/example_skip_dag.py took 0.047 seconds
[2025-02-25T23:34:16.569+0000] {processor.py:186} INFO - Started process (PID=1508) to work on /home/airflow/.local/lib/python3.12/site-packages/airflow/example_dags/example_skip_dag.py
[2025-02-25T23:34:16.570+0000] {processor.py:914} INFO - Processing file /home/airflow/.local/lib/python3.12/site-packages/airflow/example_dags/example_skip_dag.py for tasks to queue
[2025-02-25T23:34:16.571+0000] {logging_mixin.py:190} INFO - [2025-02-25T23:34:16.571+0000] {dagbag.py:588} INFO - Filling up the DagBag from /home/airflow/.local/lib/python3.12/site-packages/airflow/example_dags/example_skip_dag.py
[2025-02-25T23:34:16.575+0000] {processor.py:925} INFO - DAG(s) 'example_skip_dag' retrieved from /home/airflow/.local/lib/python3.12/site-packages/airflow/example_dags/example_skip_dag.py
[2025-02-25T23:34:16.587+0000] {logging_mixin.py:190} INFO - [2025-02-25T23:34:16.587+0000] {dag.py:3239} INFO - Sync 1 DAGs
[2025-02-25T23:34:16.600+0000] {logging_mixin.py:190} INFO - [2025-02-25T23:34:16.600+0000] {dag.py:4180} INFO - Setting next_dagrun for example_skip_dag to 2025-02-24 00:00:00+00:00, run_after=2025-02-25 00:00:00+00:00
[2025-02-25T23:34:16.610+0000] {processor.py:208} INFO - Processing /home/airflow/.local/lib/python3.12/site-packages/airflow/example_dags/example_skip_dag.py took 0.044 seconds
[2025-02-25T23:34:47.571+0000] {processor.py:186} INFO - Started process (PID=1571) to work on /home/airflow/.local/lib/python3.12/site-packages/airflow/example_dags/example_skip_dag.py
[2025-02-25T23:34:47.572+0000] {processor.py:914} INFO - Processing file /home/airflow/.local/lib/python3.12/site-packages/airflow/example_dags/example_skip_dag.py for tasks to queue
[2025-02-25T23:34:47.573+0000] {logging_mixin.py:190} INFO - [2025-02-25T23:34:47.573+0000] {dagbag.py:588} INFO - Filling up the DagBag from /home/airflow/.local/lib/python3.12/site-packages/airflow/example_dags/example_skip_dag.py
[2025-02-25T23:34:47.577+0000] {processor.py:925} INFO - DAG(s) 'example_skip_dag' retrieved from /home/airflow/.local/lib/python3.12/site-packages/airflow/example_dags/example_skip_dag.py
[2025-02-25T23:34:47.590+0000] {logging_mixin.py:190} INFO - [2025-02-25T23:34:47.590+0000] {dag.py:3239} INFO - Sync 1 DAGs
[2025-02-25T23:34:47.602+0000] {logging_mixin.py:190} INFO - [2025-02-25T23:34:47.602+0000] {dag.py:4180} INFO - Setting next_dagrun for example_skip_dag to 2025-02-24 00:00:00+00:00, run_after=2025-02-25 00:00:00+00:00
[2025-02-25T23:34:47.612+0000] {processor.py:208} INFO - Processing /home/airflow/.local/lib/python3.12/site-packages/airflow/example_dags/example_skip_dag.py took 0.044 seconds
[2025-02-25T23:35:18.327+0000] {processor.py:186} INFO - Started process (PID=1634) to work on /home/airflow/.local/lib/python3.12/site-packages/airflow/example_dags/example_skip_dag.py
[2025-02-25T23:35:18.329+0000] {processor.py:914} INFO - Processing file /home/airflow/.local/lib/python3.12/site-packages/airflow/example_dags/example_skip_dag.py for tasks to queue
[2025-02-25T23:35:18.330+0000] {logging_mixin.py:190} INFO - [2025-02-25T23:35:18.330+0000] {dagbag.py:588} INFO - Filling up the DagBag from /home/airflow/.local/lib/python3.12/site-packages/airflow/example_dags/example_skip_dag.py
[2025-02-25T23:35:18.336+0000] {processor.py:925} INFO - DAG(s) 'example_skip_dag' retrieved from /home/airflow/.local/lib/python3.12/site-packages/airflow/example_dags/example_skip_dag.py
[2025-02-25T23:35:18.355+0000] {logging_mixin.py:190} INFO - [2025-02-25T23:35:18.354+0000] {dag.py:3239} INFO - Sync 1 DAGs
[2025-02-25T23:35:18.372+0000] {logging_mixin.py:190} INFO - [2025-02-25T23:35:18.371+0000] {dag.py:4180} INFO - Setting next_dagrun for example_skip_dag to 2025-02-24 00:00:00+00:00, run_after=2025-02-25 00:00:00+00:00
[2025-02-25T23:35:18.384+0000] {processor.py:208} INFO - Processing /home/airflow/.local/lib/python3.12/site-packages/airflow/example_dags/example_skip_dag.py took 0.060 seconds
[2025-02-25T23:35:49.473+0000] {processor.py:186} INFO - Started process (PID=1697) to work on /home/airflow/.local/lib/python3.12/site-packages/airflow/example_dags/example_skip_dag.py
[2025-02-25T23:35:49.474+0000] {processor.py:914} INFO - Processing file /home/airflow/.local/lib/python3.12/site-packages/airflow/example_dags/example_skip_dag.py for tasks to queue
[2025-02-25T23:35:49.475+0000] {logging_mixin.py:190} INFO - [2025-02-25T23:35:49.475+0000] {dagbag.py:588} INFO - Filling up the DagBag from /home/airflow/.local/lib/python3.12/site-packages/airflow/example_dags/example_skip_dag.py
[2025-02-25T23:35:49.480+0000] {processor.py:925} INFO - DAG(s) 'example_skip_dag' retrieved from /home/airflow/.local/lib/python3.12/site-packages/airflow/example_dags/example_skip_dag.py
[2025-02-25T23:35:49.493+0000] {logging_mixin.py:190} INFO - [2025-02-25T23:35:49.492+0000] {dag.py:3239} INFO - Sync 1 DAGs
[2025-02-25T23:35:49.506+0000] {logging_mixin.py:190} INFO - [2025-02-25T23:35:49.506+0000] {dag.py:4180} INFO - Setting next_dagrun for example_skip_dag to 2025-02-24 00:00:00+00:00, run_after=2025-02-25 00:00:00+00:00
[2025-02-25T23:35:49.516+0000] {processor.py:208} INFO - Processing /home/airflow/.local/lib/python3.12/site-packages/airflow/example_dags/example_skip_dag.py took 0.046 seconds
[2025-02-25T23:36:20.673+0000] {processor.py:186} INFO - Started process (PID=1760) to work on /home/airflow/.local/lib/python3.12/site-packages/airflow/example_dags/example_skip_dag.py
[2025-02-25T23:36:20.674+0000] {processor.py:914} INFO - Processing file /home/airflow/.local/lib/python3.12/site-packages/airflow/example_dags/example_skip_dag.py for tasks to queue
[2025-02-25T23:36:20.675+0000] {logging_mixin.py:190} INFO - [2025-02-25T23:36:20.675+0000] {dagbag.py:588} INFO - Filling up the DagBag from /home/airflow/.local/lib/python3.12/site-packages/airflow/example_dags/example_skip_dag.py
[2025-02-25T23:36:20.680+0000] {processor.py:925} INFO - DAG(s) 'example_skip_dag' retrieved from /home/airflow/.local/lib/python3.12/site-packages/airflow/example_dags/example_skip_dag.py
[2025-02-25T23:36:20.693+0000] {logging_mixin.py:190} INFO - [2025-02-25T23:36:20.693+0000] {dag.py:3239} INFO - Sync 1 DAGs
[2025-02-25T23:36:20.708+0000] {logging_mixin.py:190} INFO - [2025-02-25T23:36:20.708+0000] {dag.py:4180} INFO - Setting next_dagrun for example_skip_dag to 2025-02-24 00:00:00+00:00, run_after=2025-02-25 00:00:00+00:00
[2025-02-25T23:36:20.719+0000] {processor.py:208} INFO - Processing /home/airflow/.local/lib/python3.12/site-packages/airflow/example_dags/example_skip_dag.py took 0.049 seconds
[2025-02-25T23:36:51.881+0000] {processor.py:186} INFO - Started process (PID=1823) to work on /home/airflow/.local/lib/python3.12/site-packages/airflow/example_dags/example_skip_dag.py
[2025-02-25T23:36:51.882+0000] {processor.py:914} INFO - Processing file /home/airflow/.local/lib/python3.12/site-packages/airflow/example_dags/example_skip_dag.py for tasks to queue
[2025-02-25T23:36:51.883+0000] {logging_mixin.py:190} INFO - [2025-02-25T23:36:51.883+0000] {dagbag.py:588} INFO - Filling up the DagBag from /home/airflow/.local/lib/python3.12/site-packages/airflow/example_dags/example_skip_dag.py
[2025-02-25T23:36:51.888+0000] {processor.py:925} INFO - DAG(s) 'example_skip_dag' retrieved from /home/airflow/.local/lib/python3.12/site-packages/airflow/example_dags/example_skip_dag.py
[2025-02-25T23:36:51.901+0000] {logging_mixin.py:190} INFO - [2025-02-25T23:36:51.901+0000] {dag.py:3239} INFO - Sync 1 DAGs
[2025-02-25T23:36:51.914+0000] {logging_mixin.py:190} INFO - [2025-02-25T23:36:51.914+0000] {dag.py:4180} INFO - Setting next_dagrun for example_skip_dag to 2025-02-24 00:00:00+00:00, run_after=2025-02-25 00:00:00+00:00
[2025-02-25T23:36:51.923+0000] {processor.py:208} INFO - Processing /home/airflow/.local/lib/python3.12/site-packages/airflow/example_dags/example_skip_dag.py took 0.046 seconds
[2025-02-25T23:37:26.211+0000] {processor.py:186} INFO - Started process (PID=1886) to work on /home/airflow/.local/lib/python3.12/site-packages/airflow/example_dags/example_skip_dag.py
[2025-02-25T23:37:26.211+0000] {processor.py:914} INFO - Processing file /home/airflow/.local/lib/python3.12/site-packages/airflow/example_dags/example_skip_dag.py for tasks to queue
[2025-02-25T23:37:26.213+0000] {logging_mixin.py:190} INFO - [2025-02-25T23:37:26.213+0000] {dagbag.py:588} INFO - Filling up the DagBag from /home/airflow/.local/lib/python3.12/site-packages/airflow/example_dags/example_skip_dag.py
[2025-02-25T23:37:26.217+0000] {processor.py:925} INFO - DAG(s) 'example_skip_dag' retrieved from /home/airflow/.local/lib/python3.12/site-packages/airflow/example_dags/example_skip_dag.py
[2025-02-25T23:37:26.231+0000] {logging_mixin.py:190} INFO - [2025-02-25T23:37:26.231+0000] {dag.py:3239} INFO - Sync 1 DAGs
[2025-02-25T23:37:26.243+0000] {logging_mixin.py:190} INFO - [2025-02-25T23:37:26.243+0000] {dag.py:4180} INFO - Setting next_dagrun for example_skip_dag to 2025-02-24 00:00:00+00:00, run_after=2025-02-25 00:00:00+00:00
[2025-02-25T23:37:26.254+0000] {processor.py:208} INFO - Processing /home/airflow/.local/lib/python3.12/site-packages/airflow/example_dags/example_skip_dag.py took 0.046 seconds
[2025-02-25T23:38:00.212+0000] {processor.py:186} INFO - Started process (PID=1949) to work on /home/airflow/.local/lib/python3.12/site-packages/airflow/example_dags/example_skip_dag.py
[2025-02-25T23:38:00.213+0000] {processor.py:914} INFO - Processing file /home/airflow/.local/lib/python3.12/site-packages/airflow/example_dags/example_skip_dag.py for tasks to queue
[2025-02-25T23:38:00.214+0000] {logging_mixin.py:190} INFO - [2025-02-25T23:38:00.214+0000] {dagbag.py:588} INFO - Filling up the DagBag from /home/airflow/.local/lib/python3.12/site-packages/airflow/example_dags/example_skip_dag.py
[2025-02-25T23:38:00.219+0000] {processor.py:925} INFO - DAG(s) 'example_skip_dag' retrieved from /home/airflow/.local/lib/python3.12/site-packages/airflow/example_dags/example_skip_dag.py
[2025-02-25T23:38:00.232+0000] {logging_mixin.py:190} INFO - [2025-02-25T23:38:00.232+0000] {dag.py:3239} INFO - Sync 1 DAGs
[2025-02-25T23:38:00.246+0000] {logging_mixin.py:190} INFO - [2025-02-25T23:38:00.246+0000] {dag.py:4180} INFO - Setting next_dagrun for example_skip_dag to 2025-02-24 00:00:00+00:00, run_after=2025-02-25 00:00:00+00:00
[2025-02-25T23:38:00.257+0000] {processor.py:208} INFO - Processing /home/airflow/.local/lib/python3.12/site-packages/airflow/example_dags/example_skip_dag.py took 0.049 seconds
[2025-02-25T23:38:31.049+0000] {processor.py:186} INFO - Started process (PID=2012) to work on /home/airflow/.local/lib/python3.12/site-packages/airflow/example_dags/example_skip_dag.py
[2025-02-25T23:38:31.050+0000] {processor.py:914} INFO - Processing file /home/airflow/.local/lib/python3.12/site-packages/airflow/example_dags/example_skip_dag.py for tasks to queue
[2025-02-25T23:38:31.052+0000] {logging_mixin.py:190} INFO - [2025-02-25T23:38:31.052+0000] {dagbag.py:588} INFO - Filling up the DagBag from /home/airflow/.local/lib/python3.12/site-packages/airflow/example_dags/example_skip_dag.py
[2025-02-25T23:38:31.056+0000] {processor.py:925} INFO - DAG(s) 'example_skip_dag' retrieved from /home/airflow/.local/lib/python3.12/site-packages/airflow/example_dags/example_skip_dag.py
[2025-02-25T23:38:31.070+0000] {logging_mixin.py:190} INFO - [2025-02-25T23:38:31.070+0000] {dag.py:3239} INFO - Sync 1 DAGs
[2025-02-25T23:38:31.085+0000] {logging_mixin.py:190} INFO - [2025-02-25T23:38:31.084+0000] {dag.py:4180} INFO - Setting next_dagrun for example_skip_dag to 2025-02-24 00:00:00+00:00, run_after=2025-02-25 00:00:00+00:00
[2025-02-25T23:38:31.097+0000] {processor.py:208} INFO - Processing /home/airflow/.local/lib/python3.12/site-packages/airflow/example_dags/example_skip_dag.py took 0.051 seconds
[2025-02-25T23:39:02.074+0000] {processor.py:186} INFO - Started process (PID=2075) to work on /home/airflow/.local/lib/python3.12/site-packages/airflow/example_dags/example_skip_dag.py
[2025-02-25T23:39:02.075+0000] {processor.py:914} INFO - Processing file /home/airflow/.local/lib/python3.12/site-packages/airflow/example_dags/example_skip_dag.py for tasks to queue
[2025-02-25T23:39:02.076+0000] {logging_mixin.py:190} INFO - [2025-02-25T23:39:02.076+0000] {dagbag.py:588} INFO - Filling up the DagBag from /home/airflow/.local/lib/python3.12/site-packages/airflow/example_dags/example_skip_dag.py
[2025-02-25T23:39:02.080+0000] {processor.py:925} INFO - DAG(s) 'example_skip_dag' retrieved from /home/airflow/.local/lib/python3.12/site-packages/airflow/example_dags/example_skip_dag.py
[2025-02-25T23:39:02.093+0000] {logging_mixin.py:190} INFO - [2025-02-25T23:39:02.093+0000] {dag.py:3239} INFO - Sync 1 DAGs
[2025-02-25T23:39:02.105+0000] {logging_mixin.py:190} INFO - [2025-02-25T23:39:02.105+0000] {dag.py:4180} INFO - Setting next_dagrun for example_skip_dag to 2025-02-24 00:00:00+00:00, run_after=2025-02-25 00:00:00+00:00
[2025-02-25T23:39:02.115+0000] {processor.py:208} INFO - Processing /home/airflow/.local/lib/python3.12/site-packages/airflow/example_dags/example_skip_dag.py took 0.045 seconds
[2025-02-25T23:39:32.929+0000] {processor.py:186} INFO - Started process (PID=2138) to work on /home/airflow/.local/lib/python3.12/site-packages/airflow/example_dags/example_skip_dag.py
[2025-02-25T23:39:32.930+0000] {processor.py:914} INFO - Processing file /home/airflow/.local/lib/python3.12/site-packages/airflow/example_dags/example_skip_dag.py for tasks to queue
[2025-02-25T23:39:32.931+0000] {logging_mixin.py:190} INFO - [2025-02-25T23:39:32.931+0000] {dagbag.py:588} INFO - Filling up the DagBag from /home/airflow/.local/lib/python3.12/site-packages/airflow/example_dags/example_skip_dag.py
[2025-02-25T23:39:32.936+0000] {processor.py:925} INFO - DAG(s) 'example_skip_dag' retrieved from /home/airflow/.local/lib/python3.12/site-packages/airflow/example_dags/example_skip_dag.py
[2025-02-25T23:39:32.950+0000] {logging_mixin.py:190} INFO - [2025-02-25T23:39:32.950+0000] {dag.py:3239} INFO - Sync 1 DAGs
[2025-02-25T23:39:32.964+0000] {logging_mixin.py:190} INFO - [2025-02-25T23:39:32.964+0000] {dag.py:4180} INFO - Setting next_dagrun for example_skip_dag to 2025-02-24 00:00:00+00:00, run_after=2025-02-25 00:00:00+00:00
[2025-02-25T23:39:32.976+0000] {processor.py:208} INFO - Processing /home/airflow/.local/lib/python3.12/site-packages/airflow/example_dags/example_skip_dag.py took 0.051 seconds
[2025-02-25T23:41:50.559+0000] {processor.py:186} INFO - Started process (PID=64) to work on /home/airflow/.local/lib/python3.12/site-packages/airflow/example_dags/example_skip_dag.py
[2025-02-25T23:41:50.560+0000] {processor.py:914} INFO - Processing file /home/airflow/.local/lib/python3.12/site-packages/airflow/example_dags/example_skip_dag.py for tasks to queue
[2025-02-25T23:41:50.562+0000] {logging_mixin.py:190} INFO - [2025-02-25T23:41:50.562+0000] {dagbag.py:588} INFO - Filling up the DagBag from /home/airflow/.local/lib/python3.12/site-packages/airflow/example_dags/example_skip_dag.py
[2025-02-25T23:41:50.567+0000] {processor.py:925} INFO - DAG(s) 'example_skip_dag' retrieved from /home/airflow/.local/lib/python3.12/site-packages/airflow/example_dags/example_skip_dag.py
[2025-02-25T23:41:50.632+0000] {logging_mixin.py:190} INFO - [2025-02-25T23:41:50.632+0000] {override.py:1912} INFO - Created Permission View: can edit on DAG:example_skip_dag
[2025-02-25T23:41:50.637+0000] {logging_mixin.py:190} INFO - [2025-02-25T23:41:50.637+0000] {override.py:1912} INFO - Created Permission View: can delete on DAG:example_skip_dag
[2025-02-25T23:41:50.640+0000] {logging_mixin.py:190} INFO - [2025-02-25T23:41:50.640+0000] {override.py:1912} INFO - Created Permission View: can read on DAG:example_skip_dag
[2025-02-25T23:41:50.645+0000] {logging_mixin.py:190} INFO - [2025-02-25T23:41:50.644+0000] {override.py:1912} INFO - Created Permission View: can create on DAG Run:example_skip_dag
[2025-02-25T23:41:50.648+0000] {logging_mixin.py:190} INFO - [2025-02-25T23:41:50.648+0000] {override.py:1912} INFO - Created Permission View: can delete on DAG Run:example_skip_dag
[2025-02-25T23:41:50.651+0000] {logging_mixin.py:190} INFO - [2025-02-25T23:41:50.651+0000] {override.py:1912} INFO - Created Permission View: can read on DAG Run:example_skip_dag
[2025-02-25T23:41:50.654+0000] {logging_mixin.py:190} INFO - [2025-02-25T23:41:50.654+0000] {override.py:1912} INFO - Created Permission View: menu access on DAG Run:example_skip_dag
[2025-02-25T23:41:50.654+0000] {logging_mixin.py:190} INFO - [2025-02-25T23:41:50.654+0000] {dag.py:3239} INFO - Sync 1 DAGs
[2025-02-25T23:41:50.662+0000] {logging_mixin.py:190} INFO - [2025-02-25T23:41:50.662+0000] {dag.py:3262} INFO - Creating ORM DAG for example_skip_dag
[2025-02-25T23:41:50.667+0000] {logging_mixin.py:190} INFO - [2025-02-25T23:41:50.666+0000] {dag.py:4180} INFO - Setting next_dagrun for example_skip_dag to 2025-02-24 00:00:00+00:00, run_after=2025-02-25 00:00:00+00:00
[2025-02-25T23:41:50.675+0000] {processor.py:208} INFO - Processing /home/airflow/.local/lib/python3.12/site-packages/airflow/example_dags/example_skip_dag.py took 0.119 seconds
[2025-02-25T23:42:23.913+0000] {processor.py:186} INFO - Started process (PID=127) to work on /home/airflow/.local/lib/python3.12/site-packages/airflow/example_dags/example_skip_dag.py
[2025-02-25T23:42:23.913+0000] {processor.py:914} INFO - Processing file /home/airflow/.local/lib/python3.12/site-packages/airflow/example_dags/example_skip_dag.py for tasks to queue
[2025-02-25T23:42:23.915+0000] {logging_mixin.py:190} INFO - [2025-02-25T23:42:23.914+0000] {dagbag.py:588} INFO - Filling up the DagBag from /home/airflow/.local/lib/python3.12/site-packages/airflow/example_dags/example_skip_dag.py
[2025-02-25T23:42:23.919+0000] {processor.py:925} INFO - DAG(s) 'example_skip_dag' retrieved from /home/airflow/.local/lib/python3.12/site-packages/airflow/example_dags/example_skip_dag.py
[2025-02-25T23:42:23.931+0000] {logging_mixin.py:190} INFO - [2025-02-25T23:42:23.931+0000] {dag.py:3239} INFO - Sync 1 DAGs
[2025-02-25T23:42:23.943+0000] {logging_mixin.py:190} INFO - [2025-02-25T23:42:23.943+0000] {dag.py:4180} INFO - Setting next_dagrun for example_skip_dag to 2025-02-24 00:00:00+00:00, run_after=2025-02-25 00:00:00+00:00
[2025-02-25T23:42:23.953+0000] {processor.py:208} INFO - Processing /home/airflow/.local/lib/python3.12/site-packages/airflow/example_dags/example_skip_dag.py took 0.044 seconds
[2025-02-25T23:42:57.731+0000] {processor.py:186} INFO - Started process (PID=190) to work on /home/airflow/.local/lib/python3.12/site-packages/airflow/example_dags/example_skip_dag.py
[2025-02-25T23:42:57.732+0000] {processor.py:914} INFO - Processing file /home/airflow/.local/lib/python3.12/site-packages/airflow/example_dags/example_skip_dag.py for tasks to queue
[2025-02-25T23:42:57.733+0000] {logging_mixin.py:190} INFO - [2025-02-25T23:42:57.733+0000] {dagbag.py:588} INFO - Filling up the DagBag from /home/airflow/.local/lib/python3.12/site-packages/airflow/example_dags/example_skip_dag.py
[2025-02-25T23:42:57.737+0000] {processor.py:925} INFO - DAG(s) 'example_skip_dag' retrieved from /home/airflow/.local/lib/python3.12/site-packages/airflow/example_dags/example_skip_dag.py
[2025-02-25T23:42:57.750+0000] {logging_mixin.py:190} INFO - [2025-02-25T23:42:57.750+0000] {dag.py:3239} INFO - Sync 1 DAGs
[2025-02-25T23:42:57.762+0000] {logging_mixin.py:190} INFO - [2025-02-25T23:42:57.762+0000] {dag.py:4180} INFO - Setting next_dagrun for example_skip_dag to 2025-02-24 00:00:00+00:00, run_after=2025-02-25 00:00:00+00:00
[2025-02-25T23:42:57.772+0000] {processor.py:208} INFO - Processing /home/airflow/.local/lib/python3.12/site-packages/airflow/example_dags/example_skip_dag.py took 0.044 seconds
[2025-02-25T23:43:28.669+0000] {processor.py:186} INFO - Started process (PID=253) to work on /home/airflow/.local/lib/python3.12/site-packages/airflow/example_dags/example_skip_dag.py
[2025-02-25T23:43:28.670+0000] {processor.py:914} INFO - Processing file /home/airflow/.local/lib/python3.12/site-packages/airflow/example_dags/example_skip_dag.py for tasks to queue
[2025-02-25T23:43:28.671+0000] {logging_mixin.py:190} INFO - [2025-02-25T23:43:28.671+0000] {dagbag.py:588} INFO - Filling up the DagBag from /home/airflow/.local/lib/python3.12/site-packages/airflow/example_dags/example_skip_dag.py
[2025-02-25T23:43:28.675+0000] {processor.py:925} INFO - DAG(s) 'example_skip_dag' retrieved from /home/airflow/.local/lib/python3.12/site-packages/airflow/example_dags/example_skip_dag.py
[2025-02-25T23:43:28.688+0000] {logging_mixin.py:190} INFO - [2025-02-25T23:43:28.688+0000] {dag.py:3239} INFO - Sync 1 DAGs
[2025-02-25T23:43:28.701+0000] {logging_mixin.py:190} INFO - [2025-02-25T23:43:28.701+0000] {dag.py:4180} INFO - Setting next_dagrun for example_skip_dag to 2025-02-24 00:00:00+00:00, run_after=2025-02-25 00:00:00+00:00
[2025-02-25T23:43:28.711+0000] {processor.py:208} INFO - Processing /home/airflow/.local/lib/python3.12/site-packages/airflow/example_dags/example_skip_dag.py took 0.046 seconds
[2025-02-25T23:43:59.543+0000] {processor.py:186} INFO - Started process (PID=316) to work on /home/airflow/.local/lib/python3.12/site-packages/airflow/example_dags/example_skip_dag.py
[2025-02-25T23:43:59.544+0000] {processor.py:914} INFO - Processing file /home/airflow/.local/lib/python3.12/site-packages/airflow/example_dags/example_skip_dag.py for tasks to queue
[2025-02-25T23:43:59.545+0000] {logging_mixin.py:190} INFO - [2025-02-25T23:43:59.545+0000] {dagbag.py:588} INFO - Filling up the DagBag from /home/airflow/.local/lib/python3.12/site-packages/airflow/example_dags/example_skip_dag.py
[2025-02-25T23:43:59.550+0000] {processor.py:925} INFO - DAG(s) 'example_skip_dag' retrieved from /home/airflow/.local/lib/python3.12/site-packages/airflow/example_dags/example_skip_dag.py
[2025-02-25T23:43:59.562+0000] {logging_mixin.py:190} INFO - [2025-02-25T23:43:59.562+0000] {dag.py:3239} INFO - Sync 1 DAGs
[2025-02-25T23:43:59.576+0000] {logging_mixin.py:190} INFO - [2025-02-25T23:43:59.576+0000] {dag.py:4180} INFO - Setting next_dagrun for example_skip_dag to 2025-02-24 00:00:00+00:00, run_after=2025-02-25 00:00:00+00:00
[2025-02-25T23:43:59.588+0000] {processor.py:208} INFO - Processing /home/airflow/.local/lib/python3.12/site-packages/airflow/example_dags/example_skip_dag.py took 0.048 seconds
[2025-02-25T23:44:30.308+0000] {processor.py:186} INFO - Started process (PID=379) to work on /home/airflow/.local/lib/python3.12/site-packages/airflow/example_dags/example_skip_dag.py
[2025-02-25T23:44:30.309+0000] {processor.py:914} INFO - Processing file /home/airflow/.local/lib/python3.12/site-packages/airflow/example_dags/example_skip_dag.py for tasks to queue
[2025-02-25T23:44:30.311+0000] {logging_mixin.py:190} INFO - [2025-02-25T23:44:30.311+0000] {dagbag.py:588} INFO - Filling up the DagBag from /home/airflow/.local/lib/python3.12/site-packages/airflow/example_dags/example_skip_dag.py
[2025-02-25T23:44:30.315+0000] {processor.py:925} INFO - DAG(s) 'example_skip_dag' retrieved from /home/airflow/.local/lib/python3.12/site-packages/airflow/example_dags/example_skip_dag.py
[2025-02-25T23:44:30.328+0000] {logging_mixin.py:190} INFO - [2025-02-25T23:44:30.328+0000] {dag.py:3239} INFO - Sync 1 DAGs
[2025-02-25T23:44:30.342+0000] {logging_mixin.py:190} INFO - [2025-02-25T23:44:30.342+0000] {dag.py:4180} INFO - Setting next_dagrun for example_skip_dag to 2025-02-24 00:00:00+00:00, run_after=2025-02-25 00:00:00+00:00
[2025-02-25T23:44:30.356+0000] {processor.py:208} INFO - Processing /home/airflow/.local/lib/python3.12/site-packages/airflow/example_dags/example_skip_dag.py took 0.051 seconds
[2025-02-25T23:45:01.007+0000] {processor.py:186} INFO - Started process (PID=442) to work on /home/airflow/.local/lib/python3.12/site-packages/airflow/example_dags/example_skip_dag.py
[2025-02-25T23:45:01.008+0000] {processor.py:914} INFO - Processing file /home/airflow/.local/lib/python3.12/site-packages/airflow/example_dags/example_skip_dag.py for tasks to queue
[2025-02-25T23:45:01.010+0000] {logging_mixin.py:190} INFO - [2025-02-25T23:45:01.009+0000] {dagbag.py:588} INFO - Filling up the DagBag from /home/airflow/.local/lib/python3.12/site-packages/airflow/example_dags/example_skip_dag.py
[2025-02-25T23:45:01.014+0000] {processor.py:925} INFO - DAG(s) 'example_skip_dag' retrieved from /home/airflow/.local/lib/python3.12/site-packages/airflow/example_dags/example_skip_dag.py
[2025-02-25T23:45:01.027+0000] {logging_mixin.py:190} INFO - [2025-02-25T23:45:01.027+0000] {dag.py:3239} INFO - Sync 1 DAGs
[2025-02-25T23:45:01.040+0000] {logging_mixin.py:190} INFO - [2025-02-25T23:45:01.040+0000] {dag.py:4180} INFO - Setting next_dagrun for example_skip_dag to 2025-02-24 00:00:00+00:00, run_after=2025-02-25 00:00:00+00:00
[2025-02-25T23:45:01.051+0000] {processor.py:208} INFO - Processing /home/airflow/.local/lib/python3.12/site-packages/airflow/example_dags/example_skip_dag.py took 0.047 seconds
[2025-02-25T23:45:31.696+0000] {processor.py:186} INFO - Started process (PID=505) to work on /home/airflow/.local/lib/python3.12/site-packages/airflow/example_dags/example_skip_dag.py
[2025-02-25T23:45:31.697+0000] {processor.py:914} INFO - Processing file /home/airflow/.local/lib/python3.12/site-packages/airflow/example_dags/example_skip_dag.py for tasks to queue
[2025-02-25T23:45:31.698+0000] {logging_mixin.py:190} INFO - [2025-02-25T23:45:31.698+0000] {dagbag.py:588} INFO - Filling up the DagBag from /home/airflow/.local/lib/python3.12/site-packages/airflow/example_dags/example_skip_dag.py
[2025-02-25T23:45:31.703+0000] {processor.py:925} INFO - DAG(s) 'example_skip_dag' retrieved from /home/airflow/.local/lib/python3.12/site-packages/airflow/example_dags/example_skip_dag.py
[2025-02-25T23:45:31.716+0000] {logging_mixin.py:190} INFO - [2025-02-25T23:45:31.716+0000] {dag.py:3239} INFO - Sync 1 DAGs
[2025-02-25T23:45:31.729+0000] {logging_mixin.py:190} INFO - [2025-02-25T23:45:31.729+0000] {dag.py:4180} INFO - Setting next_dagrun for example_skip_dag to 2025-02-24 00:00:00+00:00, run_after=2025-02-25 00:00:00+00:00
[2025-02-25T23:45:31.739+0000] {processor.py:208} INFO - Processing /home/airflow/.local/lib/python3.12/site-packages/airflow/example_dags/example_skip_dag.py took 0.046 seconds
[2025-02-25T23:46:02.551+0000] {processor.py:186} INFO - Started process (PID=568) to work on /home/airflow/.local/lib/python3.12/site-packages/airflow/example_dags/example_skip_dag.py
[2025-02-25T23:46:02.552+0000] {processor.py:914} INFO - Processing file /home/airflow/.local/lib/python3.12/site-packages/airflow/example_dags/example_skip_dag.py for tasks to queue
[2025-02-25T23:46:02.553+0000] {logging_mixin.py:190} INFO - [2025-02-25T23:46:02.553+0000] {dagbag.py:588} INFO - Filling up the DagBag from /home/airflow/.local/lib/python3.12/site-packages/airflow/example_dags/example_skip_dag.py
[2025-02-25T23:46:02.558+0000] {processor.py:925} INFO - DAG(s) 'example_skip_dag' retrieved from /home/airflow/.local/lib/python3.12/site-packages/airflow/example_dags/example_skip_dag.py
[2025-02-25T23:46:02.571+0000] {logging_mixin.py:190} INFO - [2025-02-25T23:46:02.571+0000] {dag.py:3239} INFO - Sync 1 DAGs
[2025-02-25T23:46:02.584+0000] {logging_mixin.py:190} INFO - [2025-02-25T23:46:02.584+0000] {dag.py:4180} INFO - Setting next_dagrun for example_skip_dag to 2025-02-24 00:00:00+00:00, run_after=2025-02-25 00:00:00+00:00
[2025-02-25T23:46:02.599+0000] {processor.py:208} INFO - Processing /home/airflow/.local/lib/python3.12/site-packages/airflow/example_dags/example_skip_dag.py took 0.051 seconds
[2025-02-25T23:46:33.432+0000] {processor.py:186} INFO - Started process (PID=631) to work on /home/airflow/.local/lib/python3.12/site-packages/airflow/example_dags/example_skip_dag.py
[2025-02-25T23:46:33.433+0000] {processor.py:914} INFO - Processing file /home/airflow/.local/lib/python3.12/site-packages/airflow/example_dags/example_skip_dag.py for tasks to queue
[2025-02-25T23:46:33.434+0000] {logging_mixin.py:190} INFO - [2025-02-25T23:46:33.434+0000] {dagbag.py:588} INFO - Filling up the DagBag from /home/airflow/.local/lib/python3.12/site-packages/airflow/example_dags/example_skip_dag.py
[2025-02-25T23:46:33.438+0000] {processor.py:925} INFO - DAG(s) 'example_skip_dag' retrieved from /home/airflow/.local/lib/python3.12/site-packages/airflow/example_dags/example_skip_dag.py
[2025-02-25T23:46:33.451+0000] {logging_mixin.py:190} INFO - [2025-02-25T23:46:33.451+0000] {dag.py:3239} INFO - Sync 1 DAGs
[2025-02-25T23:46:33.464+0000] {logging_mixin.py:190} INFO - [2025-02-25T23:46:33.464+0000] {dag.py:4180} INFO - Setting next_dagrun for example_skip_dag to 2025-02-24 00:00:00+00:00, run_after=2025-02-25 00:00:00+00:00
[2025-02-25T23:46:33.475+0000] {processor.py:208} INFO - Processing /home/airflow/.local/lib/python3.12/site-packages/airflow/example_dags/example_skip_dag.py took 0.047 seconds
[2025-02-25T23:47:04.167+0000] {processor.py:186} INFO - Started process (PID=694) to work on /home/airflow/.local/lib/python3.12/site-packages/airflow/example_dags/example_skip_dag.py
[2025-02-25T23:47:04.167+0000] {processor.py:914} INFO - Processing file /home/airflow/.local/lib/python3.12/site-packages/airflow/example_dags/example_skip_dag.py for tasks to queue
[2025-02-25T23:47:04.169+0000] {logging_mixin.py:190} INFO - [2025-02-25T23:47:04.169+0000] {dagbag.py:588} INFO - Filling up the DagBag from /home/airflow/.local/lib/python3.12/site-packages/airflow/example_dags/example_skip_dag.py
[2025-02-25T23:47:04.173+0000] {processor.py:925} INFO - DAG(s) 'example_skip_dag' retrieved from /home/airflow/.local/lib/python3.12/site-packages/airflow/example_dags/example_skip_dag.py
[2025-02-25T23:47:04.186+0000] {logging_mixin.py:190} INFO - [2025-02-25T23:47:04.186+0000] {dag.py:3239} INFO - Sync 1 DAGs
[2025-02-25T23:47:04.200+0000] {logging_mixin.py:190} INFO - [2025-02-25T23:47:04.200+0000] {dag.py:4180} INFO - Setting next_dagrun for example_skip_dag to 2025-02-24 00:00:00+00:00, run_after=2025-02-25 00:00:00+00:00
[2025-02-25T23:47:04.211+0000] {processor.py:208} INFO - Processing /home/airflow/.local/lib/python3.12/site-packages/airflow/example_dags/example_skip_dag.py took 0.047 seconds
[2025-02-25T23:47:34.979+0000] {processor.py:186} INFO - Started process (PID=757) to work on /home/airflow/.local/lib/python3.12/site-packages/airflow/example_dags/example_skip_dag.py
[2025-02-25T23:47:34.980+0000] {processor.py:914} INFO - Processing file /home/airflow/.local/lib/python3.12/site-packages/airflow/example_dags/example_skip_dag.py for tasks to queue
[2025-02-25T23:47:34.981+0000] {logging_mixin.py:190} INFO - [2025-02-25T23:47:34.981+0000] {dagbag.py:588} INFO - Filling up the DagBag from /home/airflow/.local/lib/python3.12/site-packages/airflow/example_dags/example_skip_dag.py
[2025-02-25T23:47:34.986+0000] {processor.py:925} INFO - DAG(s) 'example_skip_dag' retrieved from /home/airflow/.local/lib/python3.12/site-packages/airflow/example_dags/example_skip_dag.py
[2025-02-25T23:47:35.002+0000] {logging_mixin.py:190} INFO - [2025-02-25T23:47:35.002+0000] {dag.py:3239} INFO - Sync 1 DAGs
[2025-02-25T23:47:35.015+0000] {logging_mixin.py:190} INFO - [2025-02-25T23:47:35.015+0000] {dag.py:4180} INFO - Setting next_dagrun for example_skip_dag to 2025-02-24 00:00:00+00:00, run_after=2025-02-25 00:00:00+00:00
[2025-02-25T23:47:35.026+0000] {processor.py:208} INFO - Processing /home/airflow/.local/lib/python3.12/site-packages/airflow/example_dags/example_skip_dag.py took 0.050 seconds
[2025-02-25T23:48:05.692+0000] {processor.py:186} INFO - Started process (PID=814) to work on /home/airflow/.local/lib/python3.12/site-packages/airflow/example_dags/example_skip_dag.py
[2025-02-25T23:48:05.693+0000] {processor.py:914} INFO - Processing file /home/airflow/.local/lib/python3.12/site-packages/airflow/example_dags/example_skip_dag.py for tasks to queue
[2025-02-25T23:48:05.694+0000] {logging_mixin.py:190} INFO - [2025-02-25T23:48:05.694+0000] {dagbag.py:588} INFO - Filling up the DagBag from /home/airflow/.local/lib/python3.12/site-packages/airflow/example_dags/example_skip_dag.py
[2025-02-25T23:48:05.698+0000] {processor.py:925} INFO - DAG(s) 'example_skip_dag' retrieved from /home/airflow/.local/lib/python3.12/site-packages/airflow/example_dags/example_skip_dag.py
[2025-02-25T23:48:05.713+0000] {logging_mixin.py:190} INFO - [2025-02-25T23:48:05.712+0000] {dag.py:3239} INFO - Sync 1 DAGs
[2025-02-25T23:48:05.726+0000] {logging_mixin.py:190} INFO - [2025-02-25T23:48:05.726+0000] {dag.py:4180} INFO - Setting next_dagrun for example_skip_dag to 2025-02-24 00:00:00+00:00, run_after=2025-02-25 00:00:00+00:00
[2025-02-25T23:48:05.739+0000] {processor.py:208} INFO - Processing /home/airflow/.local/lib/python3.12/site-packages/airflow/example_dags/example_skip_dag.py took 0.050 seconds
[2025-02-25T23:48:36.604+0000] {processor.py:186} INFO - Started process (PID=877) to work on /home/airflow/.local/lib/python3.12/site-packages/airflow/example_dags/example_skip_dag.py
[2025-02-25T23:48:36.605+0000] {processor.py:914} INFO - Processing file /home/airflow/.local/lib/python3.12/site-packages/airflow/example_dags/example_skip_dag.py for tasks to queue
[2025-02-25T23:48:36.607+0000] {logging_mixin.py:190} INFO - [2025-02-25T23:48:36.606+0000] {dagbag.py:588} INFO - Filling up the DagBag from /home/airflow/.local/lib/python3.12/site-packages/airflow/example_dags/example_skip_dag.py
[2025-02-25T23:48:36.611+0000] {processor.py:925} INFO - DAG(s) 'example_skip_dag' retrieved from /home/airflow/.local/lib/python3.12/site-packages/airflow/example_dags/example_skip_dag.py
[2025-02-25T23:48:36.626+0000] {logging_mixin.py:190} INFO - [2025-02-25T23:48:36.626+0000] {dag.py:3239} INFO - Sync 1 DAGs
[2025-02-25T23:48:36.642+0000] {logging_mixin.py:190} INFO - [2025-02-25T23:48:36.642+0000] {dag.py:4180} INFO - Setting next_dagrun for example_skip_dag to 2025-02-24 00:00:00+00:00, run_after=2025-02-25 00:00:00+00:00
[2025-02-25T23:48:36.654+0000] {processor.py:208} INFO - Processing /home/airflow/.local/lib/python3.12/site-packages/airflow/example_dags/example_skip_dag.py took 0.053 seconds
[2025-02-25T23:49:06.718+0000] {processor.py:186} INFO - Started process (PID=939) to work on /home/airflow/.local/lib/python3.12/site-packages/airflow/example_dags/example_skip_dag.py
[2025-02-25T23:49:06.719+0000] {processor.py:914} INFO - Processing file /home/airflow/.local/lib/python3.12/site-packages/airflow/example_dags/example_skip_dag.py for tasks to queue
[2025-02-25T23:49:06.721+0000] {logging_mixin.py:190} INFO - [2025-02-25T23:49:06.720+0000] {dagbag.py:588} INFO - Filling up the DagBag from /home/airflow/.local/lib/python3.12/site-packages/airflow/example_dags/example_skip_dag.py
[2025-02-25T23:49:06.725+0000] {processor.py:925} INFO - DAG(s) 'example_skip_dag' retrieved from /home/airflow/.local/lib/python3.12/site-packages/airflow/example_dags/example_skip_dag.py
[2025-02-25T23:49:06.737+0000] {logging_mixin.py:190} INFO - [2025-02-25T23:49:06.737+0000] {dag.py:3239} INFO - Sync 1 DAGs
[2025-02-25T23:49:06.751+0000] {logging_mixin.py:190} INFO - [2025-02-25T23:49:06.750+0000] {dag.py:4180} INFO - Setting next_dagrun for example_skip_dag to 2025-02-24 00:00:00+00:00, run_after=2025-02-25 00:00:00+00:00
[2025-02-25T23:49:06.763+0000] {processor.py:208} INFO - Processing /home/airflow/.local/lib/python3.12/site-packages/airflow/example_dags/example_skip_dag.py took 0.048 seconds
[2025-02-25T23:49:37.180+0000] {processor.py:186} INFO - Started process (PID=1002) to work on /home/airflow/.local/lib/python3.12/site-packages/airflow/example_dags/example_skip_dag.py
[2025-02-25T23:49:37.181+0000] {processor.py:914} INFO - Processing file /home/airflow/.local/lib/python3.12/site-packages/airflow/example_dags/example_skip_dag.py for tasks to queue
[2025-02-25T23:49:37.182+0000] {logging_mixin.py:190} INFO - [2025-02-25T23:49:37.182+0000] {dagbag.py:588} INFO - Filling up the DagBag from /home/airflow/.local/lib/python3.12/site-packages/airflow/example_dags/example_skip_dag.py
[2025-02-25T23:49:37.187+0000] {processor.py:925} INFO - DAG(s) 'example_skip_dag' retrieved from /home/airflow/.local/lib/python3.12/site-packages/airflow/example_dags/example_skip_dag.py
[2025-02-25T23:49:37.200+0000] {logging_mixin.py:190} INFO - [2025-02-25T23:49:37.200+0000] {dag.py:3239} INFO - Sync 1 DAGs
[2025-02-25T23:49:37.213+0000] {logging_mixin.py:190} INFO - [2025-02-25T23:49:37.213+0000] {dag.py:4180} INFO - Setting next_dagrun for example_skip_dag to 2025-02-24 00:00:00+00:00, run_after=2025-02-25 00:00:00+00:00
[2025-02-25T23:49:37.224+0000] {processor.py:208} INFO - Processing /home/airflow/.local/lib/python3.12/site-packages/airflow/example_dags/example_skip_dag.py took 0.049 seconds
[2025-02-25T23:50:07.836+0000] {processor.py:186} INFO - Started process (PID=1065) to work on /home/airflow/.local/lib/python3.12/site-packages/airflow/example_dags/example_skip_dag.py
[2025-02-25T23:50:07.837+0000] {processor.py:914} INFO - Processing file /home/airflow/.local/lib/python3.12/site-packages/airflow/example_dags/example_skip_dag.py for tasks to queue
[2025-02-25T23:50:07.839+0000] {logging_mixin.py:190} INFO - [2025-02-25T23:50:07.839+0000] {dagbag.py:588} INFO - Filling up the DagBag from /home/airflow/.local/lib/python3.12/site-packages/airflow/example_dags/example_skip_dag.py
[2025-02-25T23:50:07.844+0000] {processor.py:925} INFO - DAG(s) 'example_skip_dag' retrieved from /home/airflow/.local/lib/python3.12/site-packages/airflow/example_dags/example_skip_dag.py
[2025-02-25T23:50:07.859+0000] {logging_mixin.py:190} INFO - [2025-02-25T23:50:07.859+0000] {dag.py:3239} INFO - Sync 1 DAGs
[2025-02-25T23:50:07.873+0000] {logging_mixin.py:190} INFO - [2025-02-25T23:50:07.873+0000] {dag.py:4180} INFO - Setting next_dagrun for example_skip_dag to 2025-02-24 00:00:00+00:00, run_after=2025-02-25 00:00:00+00:00
[2025-02-25T23:50:07.885+0000] {processor.py:208} INFO - Processing /home/airflow/.local/lib/python3.12/site-packages/airflow/example_dags/example_skip_dag.py took 0.052 seconds
[2025-02-25T23:50:38.325+0000] {processor.py:186} INFO - Started process (PID=1128) to work on /home/airflow/.local/lib/python3.12/site-packages/airflow/example_dags/example_skip_dag.py
[2025-02-25T23:50:38.326+0000] {processor.py:914} INFO - Processing file /home/airflow/.local/lib/python3.12/site-packages/airflow/example_dags/example_skip_dag.py for tasks to queue
[2025-02-25T23:50:38.327+0000] {logging_mixin.py:190} INFO - [2025-02-25T23:50:38.327+0000] {dagbag.py:588} INFO - Filling up the DagBag from /home/airflow/.local/lib/python3.12/site-packages/airflow/example_dags/example_skip_dag.py
[2025-02-25T23:50:38.332+0000] {processor.py:925} INFO - DAG(s) 'example_skip_dag' retrieved from /home/airflow/.local/lib/python3.12/site-packages/airflow/example_dags/example_skip_dag.py
[2025-02-25T23:50:38.345+0000] {logging_mixin.py:190} INFO - [2025-02-25T23:50:38.345+0000] {dag.py:3239} INFO - Sync 1 DAGs
[2025-02-25T23:50:38.359+0000] {logging_mixin.py:190} INFO - [2025-02-25T23:50:38.359+0000] {dag.py:4180} INFO - Setting next_dagrun for example_skip_dag to 2025-02-24 00:00:00+00:00, run_after=2025-02-25 00:00:00+00:00
[2025-02-25T23:50:38.370+0000] {processor.py:208} INFO - Processing /home/airflow/.local/lib/python3.12/site-packages/airflow/example_dags/example_skip_dag.py took 0.048 seconds
[2025-02-25T23:51:10.772+0000] {processor.py:186} INFO - Started process (PID=1192) to work on /home/airflow/.local/lib/python3.12/site-packages/airflow/example_dags/example_skip_dag.py
[2025-02-25T23:51:10.773+0000] {processor.py:914} INFO - Processing file /home/airflow/.local/lib/python3.12/site-packages/airflow/example_dags/example_skip_dag.py for tasks to queue
[2025-02-25T23:51:10.774+0000] {logging_mixin.py:190} INFO - [2025-02-25T23:51:10.774+0000] {dagbag.py:588} INFO - Filling up the DagBag from /home/airflow/.local/lib/python3.12/site-packages/airflow/example_dags/example_skip_dag.py
[2025-02-25T23:51:10.779+0000] {processor.py:925} INFO - DAG(s) 'example_skip_dag' retrieved from /home/airflow/.local/lib/python3.12/site-packages/airflow/example_dags/example_skip_dag.py
[2025-02-25T23:51:10.792+0000] {logging_mixin.py:190} INFO - [2025-02-25T23:51:10.792+0000] {dag.py:3239} INFO - Sync 1 DAGs
[2025-02-25T23:51:10.805+0000] {logging_mixin.py:190} INFO - [2025-02-25T23:51:10.805+0000] {dag.py:4180} INFO - Setting next_dagrun for example_skip_dag to 2025-02-24 00:00:00+00:00, run_after=2025-02-25 00:00:00+00:00
[2025-02-25T23:51:10.817+0000] {processor.py:208} INFO - Processing /home/airflow/.local/lib/python3.12/site-packages/airflow/example_dags/example_skip_dag.py took 0.049 seconds
[2025-02-25T23:51:41.477+0000] {processor.py:186} INFO - Started process (PID=1255) to work on /home/airflow/.local/lib/python3.12/site-packages/airflow/example_dags/example_skip_dag.py
[2025-02-25T23:51:41.478+0000] {processor.py:914} INFO - Processing file /home/airflow/.local/lib/python3.12/site-packages/airflow/example_dags/example_skip_dag.py for tasks to queue
[2025-02-25T23:51:41.479+0000] {logging_mixin.py:190} INFO - [2025-02-25T23:51:41.479+0000] {dagbag.py:588} INFO - Filling up the DagBag from /home/airflow/.local/lib/python3.12/site-packages/airflow/example_dags/example_skip_dag.py
[2025-02-25T23:51:41.484+0000] {processor.py:925} INFO - DAG(s) 'example_skip_dag' retrieved from /home/airflow/.local/lib/python3.12/site-packages/airflow/example_dags/example_skip_dag.py
[2025-02-25T23:51:41.497+0000] {logging_mixin.py:190} INFO - [2025-02-25T23:51:41.496+0000] {dag.py:3239} INFO - Sync 1 DAGs
[2025-02-25T23:51:41.511+0000] {logging_mixin.py:190} INFO - [2025-02-25T23:51:41.511+0000] {dag.py:4180} INFO - Setting next_dagrun for example_skip_dag to 2025-02-24 00:00:00+00:00, run_after=2025-02-25 00:00:00+00:00
[2025-02-25T23:51:41.523+0000] {processor.py:208} INFO - Processing /home/airflow/.local/lib/python3.12/site-packages/airflow/example_dags/example_skip_dag.py took 0.049 seconds
[2025-02-25T23:52:12.482+0000] {processor.py:186} INFO - Started process (PID=1318) to work on /home/airflow/.local/lib/python3.12/site-packages/airflow/example_dags/example_skip_dag.py
[2025-02-25T23:52:12.483+0000] {processor.py:914} INFO - Processing file /home/airflow/.local/lib/python3.12/site-packages/airflow/example_dags/example_skip_dag.py for tasks to queue
[2025-02-25T23:52:12.485+0000] {logging_mixin.py:190} INFO - [2025-02-25T23:52:12.484+0000] {dagbag.py:588} INFO - Filling up the DagBag from /home/airflow/.local/lib/python3.12/site-packages/airflow/example_dags/example_skip_dag.py
[2025-02-25T23:52:12.489+0000] {processor.py:925} INFO - DAG(s) 'example_skip_dag' retrieved from /home/airflow/.local/lib/python3.12/site-packages/airflow/example_dags/example_skip_dag.py
[2025-02-25T23:52:12.502+0000] {logging_mixin.py:190} INFO - [2025-02-25T23:52:12.502+0000] {dag.py:3239} INFO - Sync 1 DAGs
[2025-02-25T23:52:12.517+0000] {logging_mixin.py:190} INFO - [2025-02-25T23:52:12.516+0000] {dag.py:4180} INFO - Setting next_dagrun for example_skip_dag to 2025-02-24 00:00:00+00:00, run_after=2025-02-25 00:00:00+00:00
[2025-02-25T23:52:12.528+0000] {processor.py:208} INFO - Processing /home/airflow/.local/lib/python3.12/site-packages/airflow/example_dags/example_skip_dag.py took 0.049 seconds
[2025-02-25T23:52:43.565+0000] {processor.py:186} INFO - Started process (PID=1381) to work on /home/airflow/.local/lib/python3.12/site-packages/airflow/example_dags/example_skip_dag.py
[2025-02-25T23:52:43.566+0000] {processor.py:914} INFO - Processing file /home/airflow/.local/lib/python3.12/site-packages/airflow/example_dags/example_skip_dag.py for tasks to queue
[2025-02-25T23:52:43.567+0000] {logging_mixin.py:190} INFO - [2025-02-25T23:52:43.567+0000] {dagbag.py:588} INFO - Filling up the DagBag from /home/airflow/.local/lib/python3.12/site-packages/airflow/example_dags/example_skip_dag.py
[2025-02-25T23:52:43.571+0000] {processor.py:925} INFO - DAG(s) 'example_skip_dag' retrieved from /home/airflow/.local/lib/python3.12/site-packages/airflow/example_dags/example_skip_dag.py
[2025-02-25T23:52:43.584+0000] {logging_mixin.py:190} INFO - [2025-02-25T23:52:43.584+0000] {dag.py:3239} INFO - Sync 1 DAGs
[2025-02-25T23:52:43.597+0000] {logging_mixin.py:190} INFO - [2025-02-25T23:52:43.597+0000] {dag.py:4180} INFO - Setting next_dagrun for example_skip_dag to 2025-02-24 00:00:00+00:00, run_after=2025-02-25 00:00:00+00:00
[2025-02-25T23:52:43.608+0000] {processor.py:208} INFO - Processing /home/airflow/.local/lib/python3.12/site-packages/airflow/example_dags/example_skip_dag.py took 0.047 seconds
[2025-02-25T23:53:14.513+0000] {processor.py:186} INFO - Started process (PID=1445) to work on /home/airflow/.local/lib/python3.12/site-packages/airflow/example_dags/example_skip_dag.py
[2025-02-25T23:53:14.514+0000] {processor.py:914} INFO - Processing file /home/airflow/.local/lib/python3.12/site-packages/airflow/example_dags/example_skip_dag.py for tasks to queue
[2025-02-25T23:53:14.516+0000] {logging_mixin.py:190} INFO - [2025-02-25T23:53:14.516+0000] {dagbag.py:588} INFO - Filling up the DagBag from /home/airflow/.local/lib/python3.12/site-packages/airflow/example_dags/example_skip_dag.py
[2025-02-25T23:53:14.520+0000] {processor.py:925} INFO - DAG(s) 'example_skip_dag' retrieved from /home/airflow/.local/lib/python3.12/site-packages/airflow/example_dags/example_skip_dag.py
[2025-02-25T23:53:14.533+0000] {logging_mixin.py:190} INFO - [2025-02-25T23:53:14.533+0000] {dag.py:3239} INFO - Sync 1 DAGs
[2025-02-25T23:53:14.546+0000] {logging_mixin.py:190} INFO - [2025-02-25T23:53:14.546+0000] {dag.py:4180} INFO - Setting next_dagrun for example_skip_dag to 2025-02-24 00:00:00+00:00, run_after=2025-02-25 00:00:00+00:00
[2025-02-25T23:53:14.559+0000] {processor.py:208} INFO - Processing /home/airflow/.local/lib/python3.12/site-packages/airflow/example_dags/example_skip_dag.py took 0.049 seconds
[2025-02-25T23:53:45.534+0000] {processor.py:186} INFO - Started process (PID=1508) to work on /home/airflow/.local/lib/python3.12/site-packages/airflow/example_dags/example_skip_dag.py
[2025-02-25T23:53:45.534+0000] {processor.py:914} INFO - Processing file /home/airflow/.local/lib/python3.12/site-packages/airflow/example_dags/example_skip_dag.py for tasks to queue
[2025-02-25T23:53:45.536+0000] {logging_mixin.py:190} INFO - [2025-02-25T23:53:45.535+0000] {dagbag.py:588} INFO - Filling up the DagBag from /home/airflow/.local/lib/python3.12/site-packages/airflow/example_dags/example_skip_dag.py
[2025-02-25T23:53:45.540+0000] {processor.py:925} INFO - DAG(s) 'example_skip_dag' retrieved from /home/airflow/.local/lib/python3.12/site-packages/airflow/example_dags/example_skip_dag.py
[2025-02-25T23:53:45.552+0000] {logging_mixin.py:190} INFO - [2025-02-25T23:53:45.552+0000] {dag.py:3239} INFO - Sync 1 DAGs
[2025-02-25T23:53:45.568+0000] {logging_mixin.py:190} INFO - [2025-02-25T23:53:45.568+0000] {dag.py:4180} INFO - Setting next_dagrun for example_skip_dag to 2025-02-24 00:00:00+00:00, run_after=2025-02-25 00:00:00+00:00
[2025-02-25T23:53:45.579+0000] {processor.py:208} INFO - Processing /home/airflow/.local/lib/python3.12/site-packages/airflow/example_dags/example_skip_dag.py took 0.048 seconds
[2025-02-25T23:54:16.434+0000] {processor.py:186} INFO - Started process (PID=1571) to work on /home/airflow/.local/lib/python3.12/site-packages/airflow/example_dags/example_skip_dag.py
[2025-02-25T23:54:16.434+0000] {processor.py:914} INFO - Processing file /home/airflow/.local/lib/python3.12/site-packages/airflow/example_dags/example_skip_dag.py for tasks to queue
[2025-02-25T23:54:16.436+0000] {logging_mixin.py:190} INFO - [2025-02-25T23:54:16.436+0000] {dagbag.py:588} INFO - Filling up the DagBag from /home/airflow/.local/lib/python3.12/site-packages/airflow/example_dags/example_skip_dag.py
[2025-02-25T23:54:16.440+0000] {processor.py:925} INFO - DAG(s) 'example_skip_dag' retrieved from /home/airflow/.local/lib/python3.12/site-packages/airflow/example_dags/example_skip_dag.py
[2025-02-25T23:54:16.453+0000] {logging_mixin.py:190} INFO - [2025-02-25T23:54:16.453+0000] {dag.py:3239} INFO - Sync 1 DAGs
[2025-02-25T23:54:16.470+0000] {logging_mixin.py:190} INFO - [2025-02-25T23:54:16.470+0000] {dag.py:4180} INFO - Setting next_dagrun for example_skip_dag to 2025-02-24 00:00:00+00:00, run_after=2025-02-25 00:00:00+00:00
[2025-02-25T23:54:16.485+0000] {processor.py:208} INFO - Processing /home/airflow/.local/lib/python3.12/site-packages/airflow/example_dags/example_skip_dag.py took 0.054 seconds
[2025-02-25T23:54:47.369+0000] {processor.py:186} INFO - Started process (PID=1634) to work on /home/airflow/.local/lib/python3.12/site-packages/airflow/example_dags/example_skip_dag.py
[2025-02-25T23:54:47.370+0000] {processor.py:914} INFO - Processing file /home/airflow/.local/lib/python3.12/site-packages/airflow/example_dags/example_skip_dag.py for tasks to queue
[2025-02-25T23:54:47.371+0000] {logging_mixin.py:190} INFO - [2025-02-25T23:54:47.371+0000] {dagbag.py:588} INFO - Filling up the DagBag from /home/airflow/.local/lib/python3.12/site-packages/airflow/example_dags/example_skip_dag.py
[2025-02-25T23:54:47.376+0000] {processor.py:925} INFO - DAG(s) 'example_skip_dag' retrieved from /home/airflow/.local/lib/python3.12/site-packages/airflow/example_dags/example_skip_dag.py
[2025-02-25T23:54:47.389+0000] {logging_mixin.py:190} INFO - [2025-02-25T23:54:47.389+0000] {dag.py:3239} INFO - Sync 1 DAGs
[2025-02-25T23:54:47.402+0000] {logging_mixin.py:190} INFO - [2025-02-25T23:54:47.402+0000] {dag.py:4180} INFO - Setting next_dagrun for example_skip_dag to 2025-02-24 00:00:00+00:00, run_after=2025-02-25 00:00:00+00:00
[2025-02-25T23:54:47.413+0000] {processor.py:208} INFO - Processing /home/airflow/.local/lib/python3.12/site-packages/airflow/example_dags/example_skip_dag.py took 0.048 seconds
[2025-02-25T23:55:17.615+0000] {processor.py:186} INFO - Started process (PID=1696) to work on /home/airflow/.local/lib/python3.12/site-packages/airflow/example_dags/example_skip_dag.py
[2025-02-25T23:55:17.616+0000] {processor.py:914} INFO - Processing file /home/airflow/.local/lib/python3.12/site-packages/airflow/example_dags/example_skip_dag.py for tasks to queue
[2025-02-25T23:55:17.617+0000] {logging_mixin.py:190} INFO - [2025-02-25T23:55:17.617+0000] {dagbag.py:588} INFO - Filling up the DagBag from /home/airflow/.local/lib/python3.12/site-packages/airflow/example_dags/example_skip_dag.py
[2025-02-25T23:55:17.623+0000] {processor.py:925} INFO - DAG(s) 'example_skip_dag' retrieved from /home/airflow/.local/lib/python3.12/site-packages/airflow/example_dags/example_skip_dag.py
[2025-02-25T23:55:17.636+0000] {logging_mixin.py:190} INFO - [2025-02-25T23:55:17.636+0000] {dag.py:3239} INFO - Sync 1 DAGs
[2025-02-25T23:55:17.650+0000] {logging_mixin.py:190} INFO - [2025-02-25T23:55:17.650+0000] {dag.py:4180} INFO - Setting next_dagrun for example_skip_dag to 2025-02-24 00:00:00+00:00, run_after=2025-02-25 00:00:00+00:00
[2025-02-25T23:55:17.661+0000] {processor.py:208} INFO - Processing /home/airflow/.local/lib/python3.12/site-packages/airflow/example_dags/example_skip_dag.py took 0.049 seconds
[2025-02-25T23:55:48.580+0000] {processor.py:186} INFO - Started process (PID=1760) to work on /home/airflow/.local/lib/python3.12/site-packages/airflow/example_dags/example_skip_dag.py
[2025-02-25T23:55:48.581+0000] {processor.py:914} INFO - Processing file /home/airflow/.local/lib/python3.12/site-packages/airflow/example_dags/example_skip_dag.py for tasks to queue
[2025-02-25T23:55:48.583+0000] {logging_mixin.py:190} INFO - [2025-02-25T23:55:48.583+0000] {dagbag.py:588} INFO - Filling up the DagBag from /home/airflow/.local/lib/python3.12/site-packages/airflow/example_dags/example_skip_dag.py
[2025-02-25T23:55:48.588+0000] {processor.py:925} INFO - DAG(s) 'example_skip_dag' retrieved from /home/airflow/.local/lib/python3.12/site-packages/airflow/example_dags/example_skip_dag.py
[2025-02-25T23:55:48.601+0000] {logging_mixin.py:190} INFO - [2025-02-25T23:55:48.601+0000] {dag.py:3239} INFO - Sync 1 DAGs
[2025-02-25T23:55:48.614+0000] {logging_mixin.py:190} INFO - [2025-02-25T23:55:48.614+0000] {dag.py:4180} INFO - Setting next_dagrun for example_skip_dag to 2025-02-24 00:00:00+00:00, run_after=2025-02-25 00:00:00+00:00
[2025-02-25T23:55:48.626+0000] {processor.py:208} INFO - Processing /home/airflow/.local/lib/python3.12/site-packages/airflow/example_dags/example_skip_dag.py took 0.049 seconds
[2025-02-25T23:56:19.367+0000] {processor.py:186} INFO - Started process (PID=1822) to work on /home/airflow/.local/lib/python3.12/site-packages/airflow/example_dags/example_skip_dag.py
[2025-02-25T23:56:19.368+0000] {processor.py:914} INFO - Processing file /home/airflow/.local/lib/python3.12/site-packages/airflow/example_dags/example_skip_dag.py for tasks to queue
[2025-02-25T23:56:19.369+0000] {logging_mixin.py:190} INFO - [2025-02-25T23:56:19.369+0000] {dagbag.py:588} INFO - Filling up the DagBag from /home/airflow/.local/lib/python3.12/site-packages/airflow/example_dags/example_skip_dag.py
[2025-02-25T23:56:19.374+0000] {processor.py:925} INFO - DAG(s) 'example_skip_dag' retrieved from /home/airflow/.local/lib/python3.12/site-packages/airflow/example_dags/example_skip_dag.py
[2025-02-25T23:56:19.386+0000] {logging_mixin.py:190} INFO - [2025-02-25T23:56:19.386+0000] {dag.py:3239} INFO - Sync 1 DAGs
[2025-02-25T23:56:19.399+0000] {logging_mixin.py:190} INFO - [2025-02-25T23:56:19.399+0000] {dag.py:4180} INFO - Setting next_dagrun for example_skip_dag to 2025-02-24 00:00:00+00:00, run_after=2025-02-25 00:00:00+00:00
[2025-02-25T23:56:19.409+0000] {processor.py:208} INFO - Processing /home/airflow/.local/lib/python3.12/site-packages/airflow/example_dags/example_skip_dag.py took 0.046 seconds
[2025-02-25T23:56:50.482+0000] {processor.py:186} INFO - Started process (PID=1879) to work on /home/airflow/.local/lib/python3.12/site-packages/airflow/example_dags/example_skip_dag.py
[2025-02-25T23:56:50.483+0000] {processor.py:914} INFO - Processing file /home/airflow/.local/lib/python3.12/site-packages/airflow/example_dags/example_skip_dag.py for tasks to queue
[2025-02-25T23:56:50.484+0000] {logging_mixin.py:190} INFO - [2025-02-25T23:56:50.484+0000] {dagbag.py:588} INFO - Filling up the DagBag from /home/airflow/.local/lib/python3.12/site-packages/airflow/example_dags/example_skip_dag.py
[2025-02-25T23:56:50.489+0000] {processor.py:925} INFO - DAG(s) 'example_skip_dag' retrieved from /home/airflow/.local/lib/python3.12/site-packages/airflow/example_dags/example_skip_dag.py
[2025-02-25T23:56:50.501+0000] {logging_mixin.py:190} INFO - [2025-02-25T23:56:50.501+0000] {dag.py:3239} INFO - Sync 1 DAGs
[2025-02-25T23:56:50.514+0000] {logging_mixin.py:190} INFO - [2025-02-25T23:56:50.514+0000] {dag.py:4180} INFO - Setting next_dagrun for example_skip_dag to 2025-02-24 00:00:00+00:00, run_after=2025-02-25 00:00:00+00:00
[2025-02-25T23:56:50.525+0000] {processor.py:208} INFO - Processing /home/airflow/.local/lib/python3.12/site-packages/airflow/example_dags/example_skip_dag.py took 0.046 seconds
[2025-02-25T23:57:21.432+0000] {processor.py:186} INFO - Started process (PID=1942) to work on /home/airflow/.local/lib/python3.12/site-packages/airflow/example_dags/example_skip_dag.py
[2025-02-25T23:57:21.432+0000] {processor.py:914} INFO - Processing file /home/airflow/.local/lib/python3.12/site-packages/airflow/example_dags/example_skip_dag.py for tasks to queue
[2025-02-25T23:57:21.434+0000] {logging_mixin.py:190} INFO - [2025-02-25T23:57:21.433+0000] {dagbag.py:588} INFO - Filling up the DagBag from /home/airflow/.local/lib/python3.12/site-packages/airflow/example_dags/example_skip_dag.py
[2025-02-25T23:57:21.438+0000] {processor.py:925} INFO - DAG(s) 'example_skip_dag' retrieved from /home/airflow/.local/lib/python3.12/site-packages/airflow/example_dags/example_skip_dag.py
[2025-02-25T23:57:21.449+0000] {logging_mixin.py:190} INFO - [2025-02-25T23:57:21.449+0000] {dag.py:3239} INFO - Sync 1 DAGs
[2025-02-25T23:57:21.462+0000] {logging_mixin.py:190} INFO - [2025-02-25T23:57:21.462+0000] {dag.py:4180} INFO - Setting next_dagrun for example_skip_dag to 2025-02-24 00:00:00+00:00, run_after=2025-02-25 00:00:00+00:00
[2025-02-25T23:57:21.472+0000] {processor.py:208} INFO - Processing /home/airflow/.local/lib/python3.12/site-packages/airflow/example_dags/example_skip_dag.py took 0.043 seconds
[2025-02-25T23:57:55.252+0000] {processor.py:186} INFO - Started process (PID=2006) to work on /home/airflow/.local/lib/python3.12/site-packages/airflow/example_dags/example_skip_dag.py
[2025-02-25T23:57:55.253+0000] {processor.py:914} INFO - Processing file /home/airflow/.local/lib/python3.12/site-packages/airflow/example_dags/example_skip_dag.py for tasks to queue
[2025-02-25T23:57:55.255+0000] {logging_mixin.py:190} INFO - [2025-02-25T23:57:55.254+0000] {dagbag.py:588} INFO - Filling up the DagBag from /home/airflow/.local/lib/python3.12/site-packages/airflow/example_dags/example_skip_dag.py
[2025-02-25T23:57:55.259+0000] {processor.py:925} INFO - DAG(s) 'example_skip_dag' retrieved from /home/airflow/.local/lib/python3.12/site-packages/airflow/example_dags/example_skip_dag.py
[2025-02-25T23:57:55.272+0000] {logging_mixin.py:190} INFO - [2025-02-25T23:57:55.272+0000] {dag.py:3239} INFO - Sync 1 DAGs
[2025-02-25T23:57:55.287+0000] {logging_mixin.py:190} INFO - [2025-02-25T23:57:55.287+0000] {dag.py:4180} INFO - Setting next_dagrun for example_skip_dag to 2025-02-24 00:00:00+00:00, run_after=2025-02-25 00:00:00+00:00
[2025-02-25T23:57:55.300+0000] {processor.py:208} INFO - Processing /home/airflow/.local/lib/python3.12/site-packages/airflow/example_dags/example_skip_dag.py took 0.051 seconds
[2025-02-25T23:58:26.053+0000] {processor.py:186} INFO - Started process (PID=2069) to work on /home/airflow/.local/lib/python3.12/site-packages/airflow/example_dags/example_skip_dag.py
[2025-02-25T23:58:26.054+0000] {processor.py:914} INFO - Processing file /home/airflow/.local/lib/python3.12/site-packages/airflow/example_dags/example_skip_dag.py for tasks to queue
[2025-02-25T23:58:26.055+0000] {logging_mixin.py:190} INFO - [2025-02-25T23:58:26.055+0000] {dagbag.py:588} INFO - Filling up the DagBag from /home/airflow/.local/lib/python3.12/site-packages/airflow/example_dags/example_skip_dag.py
[2025-02-25T23:58:26.060+0000] {processor.py:925} INFO - DAG(s) 'example_skip_dag' retrieved from /home/airflow/.local/lib/python3.12/site-packages/airflow/example_dags/example_skip_dag.py
[2025-02-25T23:58:26.074+0000] {logging_mixin.py:190} INFO - [2025-02-25T23:58:26.074+0000] {dag.py:3239} INFO - Sync 1 DAGs
[2025-02-25T23:58:26.087+0000] {logging_mixin.py:190} INFO - [2025-02-25T23:58:26.087+0000] {dag.py:4180} INFO - Setting next_dagrun for example_skip_dag to 2025-02-24 00:00:00+00:00, run_after=2025-02-25 00:00:00+00:00
[2025-02-25T23:58:26.096+0000] {processor.py:208} INFO - Processing /home/airflow/.local/lib/python3.12/site-packages/airflow/example_dags/example_skip_dag.py took 0.046 seconds
[2025-02-25T23:58:56.657+0000] {processor.py:186} INFO - Started process (PID=2131) to work on /home/airflow/.local/lib/python3.12/site-packages/airflow/example_dags/example_skip_dag.py
[2025-02-25T23:58:56.658+0000] {processor.py:914} INFO - Processing file /home/airflow/.local/lib/python3.12/site-packages/airflow/example_dags/example_skip_dag.py for tasks to queue
[2025-02-25T23:58:56.659+0000] {logging_mixin.py:190} INFO - [2025-02-25T23:58:56.659+0000] {dagbag.py:588} INFO - Filling up the DagBag from /home/airflow/.local/lib/python3.12/site-packages/airflow/example_dags/example_skip_dag.py
[2025-02-25T23:58:56.664+0000] {processor.py:925} INFO - DAG(s) 'example_skip_dag' retrieved from /home/airflow/.local/lib/python3.12/site-packages/airflow/example_dags/example_skip_dag.py
[2025-02-25T23:58:56.675+0000] {logging_mixin.py:190} INFO - [2025-02-25T23:58:56.675+0000] {dag.py:3239} INFO - Sync 1 DAGs
[2025-02-25T23:58:56.688+0000] {logging_mixin.py:190} INFO - [2025-02-25T23:58:56.687+0000] {dag.py:4180} INFO - Setting next_dagrun for example_skip_dag to 2025-02-24 00:00:00+00:00, run_after=2025-02-25 00:00:00+00:00
[2025-02-25T23:58:56.697+0000] {processor.py:208} INFO - Processing /home/airflow/.local/lib/python3.12/site-packages/airflow/example_dags/example_skip_dag.py took 0.043 seconds
[2025-02-25T23:59:27.417+0000] {processor.py:186} INFO - Started process (PID=2194) to work on /home/airflow/.local/lib/python3.12/site-packages/airflow/example_dags/example_skip_dag.py
[2025-02-25T23:59:27.418+0000] {processor.py:914} INFO - Processing file /home/airflow/.local/lib/python3.12/site-packages/airflow/example_dags/example_skip_dag.py for tasks to queue
[2025-02-25T23:59:27.419+0000] {logging_mixin.py:190} INFO - [2025-02-25T23:59:27.419+0000] {dagbag.py:588} INFO - Filling up the DagBag from /home/airflow/.local/lib/python3.12/site-packages/airflow/example_dags/example_skip_dag.py
[2025-02-25T23:59:27.424+0000] {processor.py:925} INFO - DAG(s) 'example_skip_dag' retrieved from /home/airflow/.local/lib/python3.12/site-packages/airflow/example_dags/example_skip_dag.py
[2025-02-25T23:59:27.437+0000] {logging_mixin.py:190} INFO - [2025-02-25T23:59:27.437+0000] {dag.py:3239} INFO - Sync 1 DAGs
[2025-02-25T23:59:27.451+0000] {logging_mixin.py:190} INFO - [2025-02-25T23:59:27.450+0000] {dag.py:4180} INFO - Setting next_dagrun for example_skip_dag to 2025-02-24 00:00:00+00:00, run_after=2025-02-25 00:00:00+00:00
[2025-02-25T23:59:27.462+0000] {processor.py:208} INFO - Processing /home/airflow/.local/lib/python3.12/site-packages/airflow/example_dags/example_skip_dag.py took 0.049 seconds
[2025-02-25T23:59:58.759+0000] {processor.py:186} INFO - Started process (PID=2257) to work on /home/airflow/.local/lib/python3.12/site-packages/airflow/example_dags/example_skip_dag.py
[2025-02-25T23:59:58.760+0000] {processor.py:914} INFO - Processing file /home/airflow/.local/lib/python3.12/site-packages/airflow/example_dags/example_skip_dag.py for tasks to queue
[2025-02-25T23:59:58.762+0000] {logging_mixin.py:190} INFO - [2025-02-25T23:59:58.762+0000] {dagbag.py:588} INFO - Filling up the DagBag from /home/airflow/.local/lib/python3.12/site-packages/airflow/example_dags/example_skip_dag.py
[2025-02-25T23:59:58.766+0000] {processor.py:925} INFO - DAG(s) 'example_skip_dag' retrieved from /home/airflow/.local/lib/python3.12/site-packages/airflow/example_dags/example_skip_dag.py
[2025-02-25T23:59:58.778+0000] {logging_mixin.py:190} INFO - [2025-02-25T23:59:58.777+0000] {dag.py:3239} INFO - Sync 1 DAGs
[2025-02-25T23:59:58.790+0000] {logging_mixin.py:190} INFO - [2025-02-25T23:59:58.790+0000] {dag.py:4180} INFO - Setting next_dagrun for example_skip_dag to 2025-02-24 00:00:00+00:00, run_after=2025-02-25 00:00:00+00:00
[2025-02-25T23:59:58.800+0000] {processor.py:208} INFO - Processing /home/airflow/.local/lib/python3.12/site-packages/airflow/example_dags/example_skip_dag.py took 0.044 seconds
