[2025-02-25T23:22:12.326+0000] {processor.py:186} INFO - Started process (PID=48) to work on /home/airflow/.local/lib/python3.12/site-packages/airflow/example_dags/example_sla_dag.py
[2025-02-25T23:22:12.327+0000] {processor.py:914} INFO - Processing file /home/airflow/.local/lib/python3.12/site-packages/airflow/example_dags/example_sla_dag.py for tasks to queue
[2025-02-25T23:22:12.328+0000] {logging_mixin.py:190} INFO - [2025-02-25T23:22:12.328+0000] {dagbag.py:588} INFO - Filling up the DagBag from /home/airflow/.local/lib/python3.12/site-packages/airflow/example_dags/example_sla_dag.py
[2025-02-25T23:22:12.333+0000] {processor.py:925} INFO - DAG(s) 'example_sla_dag' retrieved from /home/airflow/.local/lib/python3.12/site-packages/airflow/example_dags/example_sla_dag.py
[2025-02-25T23:22:12.409+0000] {logging_mixin.py:190} INFO - [2025-02-25T23:22:12.408+0000] {override.py:1912} INFO - Created Permission View: can edit on DAG:example_sla_dag
[2025-02-25T23:22:12.416+0000] {logging_mixin.py:190} INFO - [2025-02-25T23:22:12.416+0000] {override.py:1912} INFO - Created Permission View: can delete on DAG:example_sla_dag
[2025-02-25T23:22:12.421+0000] {logging_mixin.py:190} INFO - [2025-02-25T23:22:12.420+0000] {override.py:1912} INFO - Created Permission View: can read on DAG:example_sla_dag
[2025-02-25T23:22:12.427+0000] {logging_mixin.py:190} INFO - [2025-02-25T23:22:12.427+0000] {override.py:1912} INFO - Created Permission View: can delete on DAG Run:example_sla_dag
[2025-02-25T23:22:12.432+0000] {logging_mixin.py:190} INFO - [2025-02-25T23:22:12.431+0000] {override.py:1912} INFO - Created Permission View: can read on DAG Run:example_sla_dag
[2025-02-25T23:22:12.436+0000] {logging_mixin.py:190} INFO - [2025-02-25T23:22:12.436+0000] {override.py:1912} INFO - Created Permission View: menu access on DAG Run:example_sla_dag
[2025-02-25T23:22:12.441+0000] {logging_mixin.py:190} INFO - [2025-02-25T23:22:12.441+0000] {override.py:1912} INFO - Created Permission View: can create on DAG Run:example_sla_dag
[2025-02-25T23:22:12.441+0000] {logging_mixin.py:190} INFO - [2025-02-25T23:22:12.441+0000] {dag.py:3239} INFO - Sync 1 DAGs
[2025-02-25T23:22:12.449+0000] {logging_mixin.py:190} INFO - [2025-02-25T23:22:12.449+0000] {dag.py:3262} INFO - Creating ORM DAG for example_sla_dag
[2025-02-25T23:22:12.457+0000] {logging_mixin.py:190} INFO - [2025-02-25T23:22:12.456+0000] {dag.py:4180} INFO - Setting next_dagrun for example_sla_dag to 2025-02-25 23:20:00+00:00, run_after=2025-02-25 23:22:00+00:00
[2025-02-25T23:22:12.467+0000] {processor.py:208} INFO - Processing /home/airflow/.local/lib/python3.12/site-packages/airflow/example_dags/example_sla_dag.py took 0.144 seconds
[2025-02-25T23:22:42.770+0000] {processor.py:186} INFO - Started process (PID=111) to work on /home/airflow/.local/lib/python3.12/site-packages/airflow/example_dags/example_sla_dag.py
[2025-02-25T23:22:42.771+0000] {processor.py:914} INFO - Processing file /home/airflow/.local/lib/python3.12/site-packages/airflow/example_dags/example_sla_dag.py for tasks to queue
[2025-02-25T23:22:42.772+0000] {logging_mixin.py:190} INFO - [2025-02-25T23:22:42.772+0000] {dagbag.py:588} INFO - Filling up the DagBag from /home/airflow/.local/lib/python3.12/site-packages/airflow/example_dags/example_sla_dag.py
[2025-02-25T23:22:42.777+0000] {processor.py:925} INFO - DAG(s) 'example_sla_dag' retrieved from /home/airflow/.local/lib/python3.12/site-packages/airflow/example_dags/example_sla_dag.py
[2025-02-25T23:22:42.788+0000] {logging_mixin.py:190} INFO - [2025-02-25T23:22:42.788+0000] {dag.py:3239} INFO - Sync 1 DAGs
[2025-02-25T23:22:42.801+0000] {logging_mixin.py:190} INFO - [2025-02-25T23:22:42.801+0000] {dag.py:4180} INFO - Setting next_dagrun for example_sla_dag to 2025-02-25 23:20:00+00:00, run_after=2025-02-25 23:22:00+00:00
[2025-02-25T23:22:42.813+0000] {processor.py:208} INFO - Processing /home/airflow/.local/lib/python3.12/site-packages/airflow/example_dags/example_sla_dag.py took 0.046 seconds
[2025-02-25T23:23:13.645+0000] {processor.py:186} INFO - Started process (PID=174) to work on /home/airflow/.local/lib/python3.12/site-packages/airflow/example_dags/example_sla_dag.py
[2025-02-25T23:23:13.646+0000] {processor.py:914} INFO - Processing file /home/airflow/.local/lib/python3.12/site-packages/airflow/example_dags/example_sla_dag.py for tasks to queue
[2025-02-25T23:23:13.647+0000] {logging_mixin.py:190} INFO - [2025-02-25T23:23:13.647+0000] {dagbag.py:588} INFO - Filling up the DagBag from /home/airflow/.local/lib/python3.12/site-packages/airflow/example_dags/example_sla_dag.py
[2025-02-25T23:23:13.653+0000] {processor.py:925} INFO - DAG(s) 'example_sla_dag' retrieved from /home/airflow/.local/lib/python3.12/site-packages/airflow/example_dags/example_sla_dag.py
[2025-02-25T23:23:13.664+0000] {logging_mixin.py:190} INFO - [2025-02-25T23:23:13.664+0000] {dag.py:3239} INFO - Sync 1 DAGs
[2025-02-25T23:23:13.678+0000] {logging_mixin.py:190} INFO - [2025-02-25T23:23:13.678+0000] {dag.py:4180} INFO - Setting next_dagrun for example_sla_dag to 2025-02-25 23:20:00+00:00, run_after=2025-02-25 23:22:00+00:00
[2025-02-25T23:23:13.691+0000] {processor.py:208} INFO - Processing /home/airflow/.local/lib/python3.12/site-packages/airflow/example_dags/example_sla_dag.py took 0.050 seconds
[2025-02-25T23:23:44.439+0000] {processor.py:186} INFO - Started process (PID=237) to work on /home/airflow/.local/lib/python3.12/site-packages/airflow/example_dags/example_sla_dag.py
[2025-02-25T23:23:44.440+0000] {processor.py:914} INFO - Processing file /home/airflow/.local/lib/python3.12/site-packages/airflow/example_dags/example_sla_dag.py for tasks to queue
[2025-02-25T23:23:44.441+0000] {logging_mixin.py:190} INFO - [2025-02-25T23:23:44.441+0000] {dagbag.py:588} INFO - Filling up the DagBag from /home/airflow/.local/lib/python3.12/site-packages/airflow/example_dags/example_sla_dag.py
[2025-02-25T23:23:44.446+0000] {processor.py:925} INFO - DAG(s) 'example_sla_dag' retrieved from /home/airflow/.local/lib/python3.12/site-packages/airflow/example_dags/example_sla_dag.py
[2025-02-25T23:23:44.456+0000] {logging_mixin.py:190} INFO - [2025-02-25T23:23:44.456+0000] {dag.py:3239} INFO - Sync 1 DAGs
[2025-02-25T23:23:44.469+0000] {logging_mixin.py:190} INFO - [2025-02-25T23:23:44.469+0000] {dag.py:4180} INFO - Setting next_dagrun for example_sla_dag to 2025-02-25 23:20:00+00:00, run_after=2025-02-25 23:22:00+00:00
[2025-02-25T23:23:44.479+0000] {processor.py:208} INFO - Processing /home/airflow/.local/lib/python3.12/site-packages/airflow/example_dags/example_sla_dag.py took 0.044 seconds
[2025-02-25T23:24:15.301+0000] {processor.py:186} INFO - Started process (PID=300) to work on /home/airflow/.local/lib/python3.12/site-packages/airflow/example_dags/example_sla_dag.py
[2025-02-25T23:24:15.302+0000] {processor.py:914} INFO - Processing file /home/airflow/.local/lib/python3.12/site-packages/airflow/example_dags/example_sla_dag.py for tasks to queue
[2025-02-25T23:24:15.303+0000] {logging_mixin.py:190} INFO - [2025-02-25T23:24:15.303+0000] {dagbag.py:588} INFO - Filling up the DagBag from /home/airflow/.local/lib/python3.12/site-packages/airflow/example_dags/example_sla_dag.py
[2025-02-25T23:24:15.308+0000] {processor.py:925} INFO - DAG(s) 'example_sla_dag' retrieved from /home/airflow/.local/lib/python3.12/site-packages/airflow/example_dags/example_sla_dag.py
[2025-02-25T23:24:15.319+0000] {logging_mixin.py:190} INFO - [2025-02-25T23:24:15.318+0000] {dag.py:3239} INFO - Sync 1 DAGs
[2025-02-25T23:24:15.332+0000] {logging_mixin.py:190} INFO - [2025-02-25T23:24:15.332+0000] {dag.py:4180} INFO - Setting next_dagrun for example_sla_dag to 2025-02-25 23:22:00+00:00, run_after=2025-02-25 23:24:00+00:00
[2025-02-25T23:24:15.342+0000] {processor.py:208} INFO - Processing /home/airflow/.local/lib/python3.12/site-packages/airflow/example_dags/example_sla_dag.py took 0.044 seconds
[2025-02-25T23:24:46.241+0000] {processor.py:186} INFO - Started process (PID=363) to work on /home/airflow/.local/lib/python3.12/site-packages/airflow/example_dags/example_sla_dag.py
[2025-02-25T23:24:46.241+0000] {processor.py:914} INFO - Processing file /home/airflow/.local/lib/python3.12/site-packages/airflow/example_dags/example_sla_dag.py for tasks to queue
[2025-02-25T23:24:46.243+0000] {logging_mixin.py:190} INFO - [2025-02-25T23:24:46.243+0000] {dagbag.py:588} INFO - Filling up the DagBag from /home/airflow/.local/lib/python3.12/site-packages/airflow/example_dags/example_sla_dag.py
[2025-02-25T23:24:46.249+0000] {processor.py:925} INFO - DAG(s) 'example_sla_dag' retrieved from /home/airflow/.local/lib/python3.12/site-packages/airflow/example_dags/example_sla_dag.py
[2025-02-25T23:24:46.261+0000] {logging_mixin.py:190} INFO - [2025-02-25T23:24:46.261+0000] {dag.py:3239} INFO - Sync 1 DAGs
[2025-02-25T23:24:46.276+0000] {logging_mixin.py:190} INFO - [2025-02-25T23:24:46.276+0000] {dag.py:4180} INFO - Setting next_dagrun for example_sla_dag to 2025-02-25 23:22:00+00:00, run_after=2025-02-25 23:24:00+00:00
[2025-02-25T23:24:46.287+0000] {processor.py:208} INFO - Processing /home/airflow/.local/lib/python3.12/site-packages/airflow/example_dags/example_sla_dag.py took 0.050 seconds
[2025-02-25T23:25:17.031+0000] {processor.py:186} INFO - Started process (PID=426) to work on /home/airflow/.local/lib/python3.12/site-packages/airflow/example_dags/example_sla_dag.py
[2025-02-25T23:25:17.032+0000] {processor.py:914} INFO - Processing file /home/airflow/.local/lib/python3.12/site-packages/airflow/example_dags/example_sla_dag.py for tasks to queue
[2025-02-25T23:25:17.033+0000] {logging_mixin.py:190} INFO - [2025-02-25T23:25:17.033+0000] {dagbag.py:588} INFO - Filling up the DagBag from /home/airflow/.local/lib/python3.12/site-packages/airflow/example_dags/example_sla_dag.py
[2025-02-25T23:25:17.039+0000] {processor.py:925} INFO - DAG(s) 'example_sla_dag' retrieved from /home/airflow/.local/lib/python3.12/site-packages/airflow/example_dags/example_sla_dag.py
[2025-02-25T23:25:17.050+0000] {logging_mixin.py:190} INFO - [2025-02-25T23:25:17.050+0000] {dag.py:3239} INFO - Sync 1 DAGs
[2025-02-25T23:25:17.064+0000] {logging_mixin.py:190} INFO - [2025-02-25T23:25:17.064+0000] {dag.py:4180} INFO - Setting next_dagrun for example_sla_dag to 2025-02-25 23:22:00+00:00, run_after=2025-02-25 23:24:00+00:00
[2025-02-25T23:25:17.076+0000] {processor.py:208} INFO - Processing /home/airflow/.local/lib/python3.12/site-packages/airflow/example_dags/example_sla_dag.py took 0.048 seconds
[2025-02-25T23:25:48.111+0000] {processor.py:186} INFO - Started process (PID=489) to work on /home/airflow/.local/lib/python3.12/site-packages/airflow/example_dags/example_sla_dag.py
[2025-02-25T23:25:48.112+0000] {processor.py:914} INFO - Processing file /home/airflow/.local/lib/python3.12/site-packages/airflow/example_dags/example_sla_dag.py for tasks to queue
[2025-02-25T23:25:48.113+0000] {logging_mixin.py:190} INFO - [2025-02-25T23:25:48.113+0000] {dagbag.py:588} INFO - Filling up the DagBag from /home/airflow/.local/lib/python3.12/site-packages/airflow/example_dags/example_sla_dag.py
[2025-02-25T23:25:48.119+0000] {processor.py:925} INFO - DAG(s) 'example_sla_dag' retrieved from /home/airflow/.local/lib/python3.12/site-packages/airflow/example_dags/example_sla_dag.py
[2025-02-25T23:25:48.130+0000] {logging_mixin.py:190} INFO - [2025-02-25T23:25:48.130+0000] {dag.py:3239} INFO - Sync 1 DAGs
[2025-02-25T23:25:48.144+0000] {logging_mixin.py:190} INFO - [2025-02-25T23:25:48.144+0000] {dag.py:4180} INFO - Setting next_dagrun for example_sla_dag to 2025-02-25 23:22:00+00:00, run_after=2025-02-25 23:24:00+00:00
[2025-02-25T23:25:48.156+0000] {processor.py:208} INFO - Processing /home/airflow/.local/lib/python3.12/site-packages/airflow/example_dags/example_sla_dag.py took 0.048 seconds
[2025-02-25T23:26:19.090+0000] {processor.py:186} INFO - Started process (PID=546) to work on /home/airflow/.local/lib/python3.12/site-packages/airflow/example_dags/example_sla_dag.py
[2025-02-25T23:26:19.091+0000] {processor.py:914} INFO - Processing file /home/airflow/.local/lib/python3.12/site-packages/airflow/example_dags/example_sla_dag.py for tasks to queue
[2025-02-25T23:26:19.092+0000] {logging_mixin.py:190} INFO - [2025-02-25T23:26:19.092+0000] {dagbag.py:588} INFO - Filling up the DagBag from /home/airflow/.local/lib/python3.12/site-packages/airflow/example_dags/example_sla_dag.py
[2025-02-25T23:26:19.098+0000] {processor.py:925} INFO - DAG(s) 'example_sla_dag' retrieved from /home/airflow/.local/lib/python3.12/site-packages/airflow/example_dags/example_sla_dag.py
[2025-02-25T23:26:19.108+0000] {logging_mixin.py:190} INFO - [2025-02-25T23:26:19.108+0000] {dag.py:3239} INFO - Sync 1 DAGs
[2025-02-25T23:26:19.122+0000] {logging_mixin.py:190} INFO - [2025-02-25T23:26:19.122+0000] {dag.py:4180} INFO - Setting next_dagrun for example_sla_dag to 2025-02-25 23:24:00+00:00, run_after=2025-02-25 23:26:00+00:00
[2025-02-25T23:26:19.133+0000] {processor.py:208} INFO - Processing /home/airflow/.local/lib/python3.12/site-packages/airflow/example_dags/example_sla_dag.py took 0.047 seconds
[2025-02-25T23:26:49.807+0000] {processor.py:186} INFO - Started process (PID=609) to work on /home/airflow/.local/lib/python3.12/site-packages/airflow/example_dags/example_sla_dag.py
[2025-02-25T23:26:49.808+0000] {processor.py:914} INFO - Processing file /home/airflow/.local/lib/python3.12/site-packages/airflow/example_dags/example_sla_dag.py for tasks to queue
[2025-02-25T23:26:49.809+0000] {logging_mixin.py:190} INFO - [2025-02-25T23:26:49.809+0000] {dagbag.py:588} INFO - Filling up the DagBag from /home/airflow/.local/lib/python3.12/site-packages/airflow/example_dags/example_sla_dag.py
[2025-02-25T23:26:49.814+0000] {processor.py:925} INFO - DAG(s) 'example_sla_dag' retrieved from /home/airflow/.local/lib/python3.12/site-packages/airflow/example_dags/example_sla_dag.py
[2025-02-25T23:26:49.825+0000] {logging_mixin.py:190} INFO - [2025-02-25T23:26:49.825+0000] {dag.py:3239} INFO - Sync 1 DAGs
[2025-02-25T23:26:49.839+0000] {logging_mixin.py:190} INFO - [2025-02-25T23:26:49.839+0000] {dag.py:4180} INFO - Setting next_dagrun for example_sla_dag to 2025-02-25 23:24:00+00:00, run_after=2025-02-25 23:26:00+00:00
[2025-02-25T23:26:49.849+0000] {processor.py:208} INFO - Processing /home/airflow/.local/lib/python3.12/site-packages/airflow/example_dags/example_sla_dag.py took 0.045 seconds
[2025-02-25T23:27:20.334+0000] {processor.py:186} INFO - Started process (PID=673) to work on /home/airflow/.local/lib/python3.12/site-packages/airflow/example_dags/example_sla_dag.py
[2025-02-25T23:27:20.335+0000] {processor.py:914} INFO - Processing file /home/airflow/.local/lib/python3.12/site-packages/airflow/example_dags/example_sla_dag.py for tasks to queue
[2025-02-25T23:27:20.337+0000] {logging_mixin.py:190} INFO - [2025-02-25T23:27:20.336+0000] {dagbag.py:588} INFO - Filling up the DagBag from /home/airflow/.local/lib/python3.12/site-packages/airflow/example_dags/example_sla_dag.py
[2025-02-25T23:27:20.343+0000] {processor.py:925} INFO - DAG(s) 'example_sla_dag' retrieved from /home/airflow/.local/lib/python3.12/site-packages/airflow/example_dags/example_sla_dag.py
[2025-02-25T23:27:20.354+0000] {logging_mixin.py:190} INFO - [2025-02-25T23:27:20.353+0000] {dag.py:3239} INFO - Sync 1 DAGs
[2025-02-25T23:27:20.367+0000] {logging_mixin.py:190} INFO - [2025-02-25T23:27:20.366+0000] {dag.py:4180} INFO - Setting next_dagrun for example_sla_dag to 2025-02-25 23:24:00+00:00, run_after=2025-02-25 23:26:00+00:00
[2025-02-25T23:27:20.376+0000] {processor.py:208} INFO - Processing /home/airflow/.local/lib/python3.12/site-packages/airflow/example_dags/example_sla_dag.py took 0.045 seconds
[2025-02-25T23:27:51.271+0000] {processor.py:186} INFO - Started process (PID=736) to work on /home/airflow/.local/lib/python3.12/site-packages/airflow/example_dags/example_sla_dag.py
[2025-02-25T23:27:51.272+0000] {processor.py:914} INFO - Processing file /home/airflow/.local/lib/python3.12/site-packages/airflow/example_dags/example_sla_dag.py for tasks to queue
[2025-02-25T23:27:51.273+0000] {logging_mixin.py:190} INFO - [2025-02-25T23:27:51.273+0000] {dagbag.py:588} INFO - Filling up the DagBag from /home/airflow/.local/lib/python3.12/site-packages/airflow/example_dags/example_sla_dag.py
[2025-02-25T23:27:51.279+0000] {processor.py:925} INFO - DAG(s) 'example_sla_dag' retrieved from /home/airflow/.local/lib/python3.12/site-packages/airflow/example_dags/example_sla_dag.py
[2025-02-25T23:27:51.289+0000] {logging_mixin.py:190} INFO - [2025-02-25T23:27:51.289+0000] {dag.py:3239} INFO - Sync 1 DAGs
[2025-02-25T23:27:51.303+0000] {logging_mixin.py:190} INFO - [2025-02-25T23:27:51.303+0000] {dag.py:4180} INFO - Setting next_dagrun for example_sla_dag to 2025-02-25 23:24:00+00:00, run_after=2025-02-25 23:26:00+00:00
[2025-02-25T23:27:51.313+0000] {processor.py:208} INFO - Processing /home/airflow/.local/lib/python3.12/site-packages/airflow/example_dags/example_sla_dag.py took 0.045 seconds
[2025-02-25T23:28:22.209+0000] {processor.py:186} INFO - Started process (PID=799) to work on /home/airflow/.local/lib/python3.12/site-packages/airflow/example_dags/example_sla_dag.py
[2025-02-25T23:28:22.210+0000] {processor.py:914} INFO - Processing file /home/airflow/.local/lib/python3.12/site-packages/airflow/example_dags/example_sla_dag.py for tasks to queue
[2025-02-25T23:28:22.211+0000] {logging_mixin.py:190} INFO - [2025-02-25T23:28:22.211+0000] {dagbag.py:588} INFO - Filling up the DagBag from /home/airflow/.local/lib/python3.12/site-packages/airflow/example_dags/example_sla_dag.py
[2025-02-25T23:28:22.217+0000] {processor.py:925} INFO - DAG(s) 'example_sla_dag' retrieved from /home/airflow/.local/lib/python3.12/site-packages/airflow/example_dags/example_sla_dag.py
[2025-02-25T23:28:22.227+0000] {logging_mixin.py:190} INFO - [2025-02-25T23:28:22.227+0000] {dag.py:3239} INFO - Sync 1 DAGs
[2025-02-25T23:28:22.242+0000] {logging_mixin.py:190} INFO - [2025-02-25T23:28:22.241+0000] {dag.py:4180} INFO - Setting next_dagrun for example_sla_dag to 2025-02-25 23:26:00+00:00, run_after=2025-02-25 23:28:00+00:00
[2025-02-25T23:28:22.252+0000] {processor.py:208} INFO - Processing /home/airflow/.local/lib/python3.12/site-packages/airflow/example_dags/example_sla_dag.py took 0.046 seconds
[2025-02-25T23:28:52.807+0000] {processor.py:186} INFO - Started process (PID=862) to work on /home/airflow/.local/lib/python3.12/site-packages/airflow/example_dags/example_sla_dag.py
[2025-02-25T23:28:52.808+0000] {processor.py:914} INFO - Processing file /home/airflow/.local/lib/python3.12/site-packages/airflow/example_dags/example_sla_dag.py for tasks to queue
[2025-02-25T23:28:52.809+0000] {logging_mixin.py:190} INFO - [2025-02-25T23:28:52.809+0000] {dagbag.py:588} INFO - Filling up the DagBag from /home/airflow/.local/lib/python3.12/site-packages/airflow/example_dags/example_sla_dag.py
[2025-02-25T23:28:52.815+0000] {processor.py:925} INFO - DAG(s) 'example_sla_dag' retrieved from /home/airflow/.local/lib/python3.12/site-packages/airflow/example_dags/example_sla_dag.py
[2025-02-25T23:28:52.826+0000] {logging_mixin.py:190} INFO - [2025-02-25T23:28:52.826+0000] {dag.py:3239} INFO - Sync 1 DAGs
[2025-02-25T23:28:52.840+0000] {logging_mixin.py:190} INFO - [2025-02-25T23:28:52.840+0000] {dag.py:4180} INFO - Setting next_dagrun for example_sla_dag to 2025-02-25 23:26:00+00:00, run_after=2025-02-25 23:28:00+00:00
[2025-02-25T23:28:52.850+0000] {processor.py:208} INFO - Processing /home/airflow/.local/lib/python3.12/site-packages/airflow/example_dags/example_sla_dag.py took 0.047 seconds
[2025-02-25T23:29:22.925+0000] {processor.py:186} INFO - Started process (PID=925) to work on /home/airflow/.local/lib/python3.12/site-packages/airflow/example_dags/example_sla_dag.py
[2025-02-25T23:29:22.926+0000] {processor.py:914} INFO - Processing file /home/airflow/.local/lib/python3.12/site-packages/airflow/example_dags/example_sla_dag.py for tasks to queue
[2025-02-25T23:29:22.927+0000] {logging_mixin.py:190} INFO - [2025-02-25T23:29:22.927+0000] {dagbag.py:588} INFO - Filling up the DagBag from /home/airflow/.local/lib/python3.12/site-packages/airflow/example_dags/example_sla_dag.py
[2025-02-25T23:29:22.933+0000] {processor.py:925} INFO - DAG(s) 'example_sla_dag' retrieved from /home/airflow/.local/lib/python3.12/site-packages/airflow/example_dags/example_sla_dag.py
[2025-02-25T23:29:22.944+0000] {logging_mixin.py:190} INFO - [2025-02-25T23:29:22.944+0000] {dag.py:3239} INFO - Sync 1 DAGs
[2025-02-25T23:29:22.958+0000] {logging_mixin.py:190} INFO - [2025-02-25T23:29:22.958+0000] {dag.py:4180} INFO - Setting next_dagrun for example_sla_dag to 2025-02-25 23:26:00+00:00, run_after=2025-02-25 23:28:00+00:00
[2025-02-25T23:29:22.970+0000] {processor.py:208} INFO - Processing /home/airflow/.local/lib/python3.12/site-packages/airflow/example_dags/example_sla_dag.py took 0.049 seconds
[2025-02-25T23:29:53.260+0000] {processor.py:186} INFO - Started process (PID=988) to work on /home/airflow/.local/lib/python3.12/site-packages/airflow/example_dags/example_sla_dag.py
[2025-02-25T23:29:53.261+0000] {processor.py:914} INFO - Processing file /home/airflow/.local/lib/python3.12/site-packages/airflow/example_dags/example_sla_dag.py for tasks to queue
[2025-02-25T23:29:53.263+0000] {logging_mixin.py:190} INFO - [2025-02-25T23:29:53.262+0000] {dagbag.py:588} INFO - Filling up the DagBag from /home/airflow/.local/lib/python3.12/site-packages/airflow/example_dags/example_sla_dag.py
[2025-02-25T23:29:53.268+0000] {processor.py:925} INFO - DAG(s) 'example_sla_dag' retrieved from /home/airflow/.local/lib/python3.12/site-packages/airflow/example_dags/example_sla_dag.py
[2025-02-25T23:29:53.280+0000] {logging_mixin.py:190} INFO - [2025-02-25T23:29:53.280+0000] {dag.py:3239} INFO - Sync 1 DAGs
[2025-02-25T23:29:53.295+0000] {logging_mixin.py:190} INFO - [2025-02-25T23:29:53.295+0000] {dag.py:4180} INFO - Setting next_dagrun for example_sla_dag to 2025-02-25 23:26:00+00:00, run_after=2025-02-25 23:28:00+00:00
[2025-02-25T23:29:53.306+0000] {processor.py:208} INFO - Processing /home/airflow/.local/lib/python3.12/site-packages/airflow/example_dags/example_sla_dag.py took 0.049 seconds
[2025-02-25T23:30:23.492+0000] {processor.py:186} INFO - Started process (PID=1051) to work on /home/airflow/.local/lib/python3.12/site-packages/airflow/example_dags/example_sla_dag.py
[2025-02-25T23:30:23.493+0000] {processor.py:914} INFO - Processing file /home/airflow/.local/lib/python3.12/site-packages/airflow/example_dags/example_sla_dag.py for tasks to queue
[2025-02-25T23:30:23.494+0000] {logging_mixin.py:190} INFO - [2025-02-25T23:30:23.494+0000] {dagbag.py:588} INFO - Filling up the DagBag from /home/airflow/.local/lib/python3.12/site-packages/airflow/example_dags/example_sla_dag.py
[2025-02-25T23:30:23.500+0000] {processor.py:925} INFO - DAG(s) 'example_sla_dag' retrieved from /home/airflow/.local/lib/python3.12/site-packages/airflow/example_dags/example_sla_dag.py
[2025-02-25T23:30:23.510+0000] {logging_mixin.py:190} INFO - [2025-02-25T23:30:23.510+0000] {dag.py:3239} INFO - Sync 1 DAGs
[2025-02-25T23:30:23.524+0000] {logging_mixin.py:190} INFO - [2025-02-25T23:30:23.524+0000] {dag.py:4180} INFO - Setting next_dagrun for example_sla_dag to 2025-02-25 23:28:00+00:00, run_after=2025-02-25 23:30:00+00:00
[2025-02-25T23:30:23.534+0000] {processor.py:208} INFO - Processing /home/airflow/.local/lib/python3.12/site-packages/airflow/example_dags/example_sla_dag.py took 0.045 seconds
[2025-02-25T23:30:54.380+0000] {processor.py:186} INFO - Started process (PID=1114) to work on /home/airflow/.local/lib/python3.12/site-packages/airflow/example_dags/example_sla_dag.py
[2025-02-25T23:30:54.380+0000] {processor.py:914} INFO - Processing file /home/airflow/.local/lib/python3.12/site-packages/airflow/example_dags/example_sla_dag.py for tasks to queue
[2025-02-25T23:30:54.382+0000] {logging_mixin.py:190} INFO - [2025-02-25T23:30:54.382+0000] {dagbag.py:588} INFO - Filling up the DagBag from /home/airflow/.local/lib/python3.12/site-packages/airflow/example_dags/example_sla_dag.py
[2025-02-25T23:30:54.388+0000] {processor.py:925} INFO - DAG(s) 'example_sla_dag' retrieved from /home/airflow/.local/lib/python3.12/site-packages/airflow/example_dags/example_sla_dag.py
[2025-02-25T23:30:54.400+0000] {logging_mixin.py:190} INFO - [2025-02-25T23:30:54.400+0000] {dag.py:3239} INFO - Sync 1 DAGs
[2025-02-25T23:30:54.415+0000] {logging_mixin.py:190} INFO - [2025-02-25T23:30:54.415+0000] {dag.py:4180} INFO - Setting next_dagrun for example_sla_dag to 2025-02-25 23:28:00+00:00, run_after=2025-02-25 23:30:00+00:00
[2025-02-25T23:30:54.424+0000] {processor.py:208} INFO - Processing /home/airflow/.local/lib/python3.12/site-packages/airflow/example_dags/example_sla_dag.py took 0.048 seconds
[2025-02-25T23:31:25.015+0000] {processor.py:186} INFO - Started process (PID=1177) to work on /home/airflow/.local/lib/python3.12/site-packages/airflow/example_dags/example_sla_dag.py
[2025-02-25T23:31:25.016+0000] {processor.py:914} INFO - Processing file /home/airflow/.local/lib/python3.12/site-packages/airflow/example_dags/example_sla_dag.py for tasks to queue
[2025-02-25T23:31:25.017+0000] {logging_mixin.py:190} INFO - [2025-02-25T23:31:25.017+0000] {dagbag.py:588} INFO - Filling up the DagBag from /home/airflow/.local/lib/python3.12/site-packages/airflow/example_dags/example_sla_dag.py
[2025-02-25T23:31:25.023+0000] {processor.py:925} INFO - DAG(s) 'example_sla_dag' retrieved from /home/airflow/.local/lib/python3.12/site-packages/airflow/example_dags/example_sla_dag.py
[2025-02-25T23:31:25.034+0000] {logging_mixin.py:190} INFO - [2025-02-25T23:31:25.033+0000] {dag.py:3239} INFO - Sync 1 DAGs
[2025-02-25T23:31:25.048+0000] {logging_mixin.py:190} INFO - [2025-02-25T23:31:25.048+0000] {dag.py:4180} INFO - Setting next_dagrun for example_sla_dag to 2025-02-25 23:28:00+00:00, run_after=2025-02-25 23:30:00+00:00
[2025-02-25T23:31:25.059+0000] {processor.py:208} INFO - Processing /home/airflow/.local/lib/python3.12/site-packages/airflow/example_dags/example_sla_dag.py took 0.048 seconds
[2025-02-25T23:31:55.963+0000] {processor.py:186} INFO - Started process (PID=1240) to work on /home/airflow/.local/lib/python3.12/site-packages/airflow/example_dags/example_sla_dag.py
[2025-02-25T23:31:55.964+0000] {processor.py:914} INFO - Processing file /home/airflow/.local/lib/python3.12/site-packages/airflow/example_dags/example_sla_dag.py for tasks to queue
[2025-02-25T23:31:55.965+0000] {logging_mixin.py:190} INFO - [2025-02-25T23:31:55.965+0000] {dagbag.py:588} INFO - Filling up the DagBag from /home/airflow/.local/lib/python3.12/site-packages/airflow/example_dags/example_sla_dag.py
[2025-02-25T23:31:55.971+0000] {processor.py:925} INFO - DAG(s) 'example_sla_dag' retrieved from /home/airflow/.local/lib/python3.12/site-packages/airflow/example_dags/example_sla_dag.py
[2025-02-25T23:31:55.983+0000] {logging_mixin.py:190} INFO - [2025-02-25T23:31:55.982+0000] {dag.py:3239} INFO - Sync 1 DAGs
[2025-02-25T23:31:55.997+0000] {logging_mixin.py:190} INFO - [2025-02-25T23:31:55.996+0000] {dag.py:4180} INFO - Setting next_dagrun for example_sla_dag to 2025-02-25 23:28:00+00:00, run_after=2025-02-25 23:30:00+00:00
[2025-02-25T23:31:56.008+0000] {processor.py:208} INFO - Processing /home/airflow/.local/lib/python3.12/site-packages/airflow/example_dags/example_sla_dag.py took 0.048 seconds
[2025-02-25T23:32:26.873+0000] {processor.py:186} INFO - Started process (PID=1303) to work on /home/airflow/.local/lib/python3.12/site-packages/airflow/example_dags/example_sla_dag.py
[2025-02-25T23:32:26.874+0000] {processor.py:914} INFO - Processing file /home/airflow/.local/lib/python3.12/site-packages/airflow/example_dags/example_sla_dag.py for tasks to queue
[2025-02-25T23:32:26.875+0000] {logging_mixin.py:190} INFO - [2025-02-25T23:32:26.875+0000] {dagbag.py:588} INFO - Filling up the DagBag from /home/airflow/.local/lib/python3.12/site-packages/airflow/example_dags/example_sla_dag.py
[2025-02-25T23:32:26.881+0000] {processor.py:925} INFO - DAG(s) 'example_sla_dag' retrieved from /home/airflow/.local/lib/python3.12/site-packages/airflow/example_dags/example_sla_dag.py
[2025-02-25T23:32:26.891+0000] {logging_mixin.py:190} INFO - [2025-02-25T23:32:26.891+0000] {dag.py:3239} INFO - Sync 1 DAGs
[2025-02-25T23:32:26.905+0000] {logging_mixin.py:190} INFO - [2025-02-25T23:32:26.905+0000] {dag.py:4180} INFO - Setting next_dagrun for example_sla_dag to 2025-02-25 23:30:00+00:00, run_after=2025-02-25 23:32:00+00:00
[2025-02-25T23:32:26.915+0000] {processor.py:208} INFO - Processing /home/airflow/.local/lib/python3.12/site-packages/airflow/example_dags/example_sla_dag.py took 0.046 seconds
[2025-02-25T23:32:57.876+0000] {processor.py:186} INFO - Started process (PID=1366) to work on /home/airflow/.local/lib/python3.12/site-packages/airflow/example_dags/example_sla_dag.py
[2025-02-25T23:32:57.877+0000] {processor.py:914} INFO - Processing file /home/airflow/.local/lib/python3.12/site-packages/airflow/example_dags/example_sla_dag.py for tasks to queue
[2025-02-25T23:32:57.878+0000] {logging_mixin.py:190} INFO - [2025-02-25T23:32:57.878+0000] {dagbag.py:588} INFO - Filling up the DagBag from /home/airflow/.local/lib/python3.12/site-packages/airflow/example_dags/example_sla_dag.py
[2025-02-25T23:32:57.884+0000] {processor.py:925} INFO - DAG(s) 'example_sla_dag' retrieved from /home/airflow/.local/lib/python3.12/site-packages/airflow/example_dags/example_sla_dag.py
[2025-02-25T23:32:57.895+0000] {logging_mixin.py:190} INFO - [2025-02-25T23:32:57.895+0000] {dag.py:3239} INFO - Sync 1 DAGs
[2025-02-25T23:32:57.910+0000] {logging_mixin.py:190} INFO - [2025-02-25T23:32:57.910+0000] {dag.py:4180} INFO - Setting next_dagrun for example_sla_dag to 2025-02-25 23:30:00+00:00, run_after=2025-02-25 23:32:00+00:00
[2025-02-25T23:32:57.922+0000] {processor.py:208} INFO - Processing /home/airflow/.local/lib/python3.12/site-packages/airflow/example_dags/example_sla_dag.py took 0.050 seconds
[2025-02-25T23:33:28.582+0000] {processor.py:186} INFO - Started process (PID=1429) to work on /home/airflow/.local/lib/python3.12/site-packages/airflow/example_dags/example_sla_dag.py
[2025-02-25T23:33:28.583+0000] {processor.py:914} INFO - Processing file /home/airflow/.local/lib/python3.12/site-packages/airflow/example_dags/example_sla_dag.py for tasks to queue
[2025-02-25T23:33:28.584+0000] {logging_mixin.py:190} INFO - [2025-02-25T23:33:28.584+0000] {dagbag.py:588} INFO - Filling up the DagBag from /home/airflow/.local/lib/python3.12/site-packages/airflow/example_dags/example_sla_dag.py
[2025-02-25T23:33:28.590+0000] {processor.py:925} INFO - DAG(s) 'example_sla_dag' retrieved from /home/airflow/.local/lib/python3.12/site-packages/airflow/example_dags/example_sla_dag.py
[2025-02-25T23:33:28.600+0000] {logging_mixin.py:190} INFO - [2025-02-25T23:33:28.600+0000] {dag.py:3239} INFO - Sync 1 DAGs
[2025-02-25T23:33:28.614+0000] {logging_mixin.py:190} INFO - [2025-02-25T23:33:28.614+0000] {dag.py:4180} INFO - Setting next_dagrun for example_sla_dag to 2025-02-25 23:30:00+00:00, run_after=2025-02-25 23:32:00+00:00
[2025-02-25T23:33:28.625+0000] {processor.py:208} INFO - Processing /home/airflow/.local/lib/python3.12/site-packages/airflow/example_dags/example_sla_dag.py took 0.046 seconds
[2025-02-25T23:33:59.253+0000] {processor.py:186} INFO - Started process (PID=1486) to work on /home/airflow/.local/lib/python3.12/site-packages/airflow/example_dags/example_sla_dag.py
[2025-02-25T23:33:59.254+0000] {processor.py:914} INFO - Processing file /home/airflow/.local/lib/python3.12/site-packages/airflow/example_dags/example_sla_dag.py for tasks to queue
[2025-02-25T23:33:59.256+0000] {logging_mixin.py:190} INFO - [2025-02-25T23:33:59.256+0000] {dagbag.py:588} INFO - Filling up the DagBag from /home/airflow/.local/lib/python3.12/site-packages/airflow/example_dags/example_sla_dag.py
[2025-02-25T23:33:59.261+0000] {processor.py:925} INFO - DAG(s) 'example_sla_dag' retrieved from /home/airflow/.local/lib/python3.12/site-packages/airflow/example_dags/example_sla_dag.py
[2025-02-25T23:33:59.272+0000] {logging_mixin.py:190} INFO - [2025-02-25T23:33:59.272+0000] {dag.py:3239} INFO - Sync 1 DAGs
[2025-02-25T23:33:59.286+0000] {logging_mixin.py:190} INFO - [2025-02-25T23:33:59.286+0000] {dag.py:4180} INFO - Setting next_dagrun for example_sla_dag to 2025-02-25 23:30:00+00:00, run_after=2025-02-25 23:32:00+00:00
[2025-02-25T23:33:59.298+0000] {processor.py:208} INFO - Processing /home/airflow/.local/lib/python3.12/site-packages/airflow/example_dags/example_sla_dag.py took 0.048 seconds
[2025-02-25T23:34:30.211+0000] {processor.py:186} INFO - Started process (PID=1549) to work on /home/airflow/.local/lib/python3.12/site-packages/airflow/example_dags/example_sla_dag.py
[2025-02-25T23:34:30.212+0000] {processor.py:914} INFO - Processing file /home/airflow/.local/lib/python3.12/site-packages/airflow/example_dags/example_sla_dag.py for tasks to queue
[2025-02-25T23:34:30.213+0000] {logging_mixin.py:190} INFO - [2025-02-25T23:34:30.213+0000] {dagbag.py:588} INFO - Filling up the DagBag from /home/airflow/.local/lib/python3.12/site-packages/airflow/example_dags/example_sla_dag.py
[2025-02-25T23:34:30.219+0000] {processor.py:925} INFO - DAG(s) 'example_sla_dag' retrieved from /home/airflow/.local/lib/python3.12/site-packages/airflow/example_dags/example_sla_dag.py
[2025-02-25T23:34:30.230+0000] {logging_mixin.py:190} INFO - [2025-02-25T23:34:30.230+0000] {dag.py:3239} INFO - Sync 1 DAGs
[2025-02-25T23:34:30.245+0000] {logging_mixin.py:190} INFO - [2025-02-25T23:34:30.245+0000] {dag.py:4180} INFO - Setting next_dagrun for example_sla_dag to 2025-02-25 23:32:00+00:00, run_after=2025-02-25 23:34:00+00:00
[2025-02-25T23:34:30.255+0000] {processor.py:208} INFO - Processing /home/airflow/.local/lib/python3.12/site-packages/airflow/example_dags/example_sla_dag.py took 0.047 seconds
[2025-02-25T23:35:00.351+0000] {processor.py:186} INFO - Started process (PID=1612) to work on /home/airflow/.local/lib/python3.12/site-packages/airflow/example_dags/example_sla_dag.py
[2025-02-25T23:35:00.352+0000] {processor.py:914} INFO - Processing file /home/airflow/.local/lib/python3.12/site-packages/airflow/example_dags/example_sla_dag.py for tasks to queue
[2025-02-25T23:35:00.353+0000] {logging_mixin.py:190} INFO - [2025-02-25T23:35:00.353+0000] {dagbag.py:588} INFO - Filling up the DagBag from /home/airflow/.local/lib/python3.12/site-packages/airflow/example_dags/example_sla_dag.py
[2025-02-25T23:35:00.360+0000] {processor.py:925} INFO - DAG(s) 'example_sla_dag' retrieved from /home/airflow/.local/lib/python3.12/site-packages/airflow/example_dags/example_sla_dag.py
[2025-02-25T23:35:00.372+0000] {logging_mixin.py:190} INFO - [2025-02-25T23:35:00.371+0000] {dag.py:3239} INFO - Sync 1 DAGs
[2025-02-25T23:35:00.386+0000] {logging_mixin.py:190} INFO - [2025-02-25T23:35:00.386+0000] {dag.py:4180} INFO - Setting next_dagrun for example_sla_dag to 2025-02-25 23:32:00+00:00, run_after=2025-02-25 23:34:00+00:00
[2025-02-25T23:35:00.398+0000] {processor.py:208} INFO - Processing /home/airflow/.local/lib/python3.12/site-packages/airflow/example_dags/example_sla_dag.py took 0.051 seconds
[2025-02-25T23:35:31.140+0000] {processor.py:186} INFO - Started process (PID=1675) to work on /home/airflow/.local/lib/python3.12/site-packages/airflow/example_dags/example_sla_dag.py
[2025-02-25T23:35:31.141+0000] {processor.py:914} INFO - Processing file /home/airflow/.local/lib/python3.12/site-packages/airflow/example_dags/example_sla_dag.py for tasks to queue
[2025-02-25T23:35:31.142+0000] {logging_mixin.py:190} INFO - [2025-02-25T23:35:31.142+0000] {dagbag.py:588} INFO - Filling up the DagBag from /home/airflow/.local/lib/python3.12/site-packages/airflow/example_dags/example_sla_dag.py
[2025-02-25T23:35:31.148+0000] {processor.py:925} INFO - DAG(s) 'example_sla_dag' retrieved from /home/airflow/.local/lib/python3.12/site-packages/airflow/example_dags/example_sla_dag.py
[2025-02-25T23:35:31.160+0000] {logging_mixin.py:190} INFO - [2025-02-25T23:35:31.160+0000] {dag.py:3239} INFO - Sync 1 DAGs
[2025-02-25T23:35:31.175+0000] {logging_mixin.py:190} INFO - [2025-02-25T23:35:31.175+0000] {dag.py:4180} INFO - Setting next_dagrun for example_sla_dag to 2025-02-25 23:32:00+00:00, run_after=2025-02-25 23:34:00+00:00
[2025-02-25T23:35:31.187+0000] {processor.py:208} INFO - Processing /home/airflow/.local/lib/python3.12/site-packages/airflow/example_dags/example_sla_dag.py took 0.051 seconds
[2025-02-25T23:36:01.284+0000] {processor.py:186} INFO - Started process (PID=1738) to work on /home/airflow/.local/lib/python3.12/site-packages/airflow/example_dags/example_sla_dag.py
[2025-02-25T23:36:01.285+0000] {processor.py:914} INFO - Processing file /home/airflow/.local/lib/python3.12/site-packages/airflow/example_dags/example_sla_dag.py for tasks to queue
[2025-02-25T23:36:01.287+0000] {logging_mixin.py:190} INFO - [2025-02-25T23:36:01.287+0000] {dagbag.py:588} INFO - Filling up the DagBag from /home/airflow/.local/lib/python3.12/site-packages/airflow/example_dags/example_sla_dag.py
[2025-02-25T23:36:01.293+0000] {processor.py:925} INFO - DAG(s) 'example_sla_dag' retrieved from /home/airflow/.local/lib/python3.12/site-packages/airflow/example_dags/example_sla_dag.py
[2025-02-25T23:36:01.305+0000] {logging_mixin.py:190} INFO - [2025-02-25T23:36:01.305+0000] {dag.py:3239} INFO - Sync 1 DAGs
[2025-02-25T23:36:01.321+0000] {logging_mixin.py:190} INFO - [2025-02-25T23:36:01.321+0000] {dag.py:4180} INFO - Setting next_dagrun for example_sla_dag to 2025-02-25 23:34:00+00:00, run_after=2025-02-25 23:36:00+00:00
[2025-02-25T23:36:01.332+0000] {processor.py:208} INFO - Processing /home/airflow/.local/lib/python3.12/site-packages/airflow/example_dags/example_sla_dag.py took 0.051 seconds
[2025-02-25T23:36:31.521+0000] {processor.py:186} INFO - Started process (PID=1801) to work on /home/airflow/.local/lib/python3.12/site-packages/airflow/example_dags/example_sla_dag.py
[2025-02-25T23:36:31.522+0000] {processor.py:914} INFO - Processing file /home/airflow/.local/lib/python3.12/site-packages/airflow/example_dags/example_sla_dag.py for tasks to queue
[2025-02-25T23:36:31.523+0000] {logging_mixin.py:190} INFO - [2025-02-25T23:36:31.523+0000] {dagbag.py:588} INFO - Filling up the DagBag from /home/airflow/.local/lib/python3.12/site-packages/airflow/example_dags/example_sla_dag.py
[2025-02-25T23:36:31.529+0000] {processor.py:925} INFO - DAG(s) 'example_sla_dag' retrieved from /home/airflow/.local/lib/python3.12/site-packages/airflow/example_dags/example_sla_dag.py
[2025-02-25T23:36:31.540+0000] {logging_mixin.py:190} INFO - [2025-02-25T23:36:31.539+0000] {dag.py:3239} INFO - Sync 1 DAGs
[2025-02-25T23:36:31.554+0000] {logging_mixin.py:190} INFO - [2025-02-25T23:36:31.554+0000] {dag.py:4180} INFO - Setting next_dagrun for example_sla_dag to 2025-02-25 23:34:00+00:00, run_after=2025-02-25 23:36:00+00:00
[2025-02-25T23:36:31.565+0000] {processor.py:208} INFO - Processing /home/airflow/.local/lib/python3.12/site-packages/airflow/example_dags/example_sla_dag.py took 0.047 seconds
[2025-02-25T23:37:01.879+0000] {processor.py:186} INFO - Started process (PID=1864) to work on /home/airflow/.local/lib/python3.12/site-packages/airflow/example_dags/example_sla_dag.py
[2025-02-25T23:37:01.880+0000] {processor.py:914} INFO - Processing file /home/airflow/.local/lib/python3.12/site-packages/airflow/example_dags/example_sla_dag.py for tasks to queue
[2025-02-25T23:37:01.882+0000] {logging_mixin.py:190} INFO - [2025-02-25T23:37:01.882+0000] {dagbag.py:588} INFO - Filling up the DagBag from /home/airflow/.local/lib/python3.12/site-packages/airflow/example_dags/example_sla_dag.py
[2025-02-25T23:37:01.887+0000] {processor.py:925} INFO - DAG(s) 'example_sla_dag' retrieved from /home/airflow/.local/lib/python3.12/site-packages/airflow/example_dags/example_sla_dag.py
[2025-02-25T23:37:01.898+0000] {logging_mixin.py:190} INFO - [2025-02-25T23:37:01.898+0000] {dag.py:3239} INFO - Sync 1 DAGs
[2025-02-25T23:37:01.913+0000] {logging_mixin.py:190} INFO - [2025-02-25T23:37:01.913+0000] {dag.py:4180} INFO - Setting next_dagrun for example_sla_dag to 2025-02-25 23:34:00+00:00, run_after=2025-02-25 23:36:00+00:00
[2025-02-25T23:37:01.924+0000] {processor.py:208} INFO - Processing /home/airflow/.local/lib/python3.12/site-packages/airflow/example_dags/example_sla_dag.py took 0.047 seconds
[2025-02-25T23:37:32.167+0000] {processor.py:186} INFO - Started process (PID=1927) to work on /home/airflow/.local/lib/python3.12/site-packages/airflow/example_dags/example_sla_dag.py
[2025-02-25T23:37:32.168+0000] {processor.py:914} INFO - Processing file /home/airflow/.local/lib/python3.12/site-packages/airflow/example_dags/example_sla_dag.py for tasks to queue
[2025-02-25T23:37:32.169+0000] {logging_mixin.py:190} INFO - [2025-02-25T23:37:32.169+0000] {dagbag.py:588} INFO - Filling up the DagBag from /home/airflow/.local/lib/python3.12/site-packages/airflow/example_dags/example_sla_dag.py
[2025-02-25T23:37:32.174+0000] {processor.py:925} INFO - DAG(s) 'example_sla_dag' retrieved from /home/airflow/.local/lib/python3.12/site-packages/airflow/example_dags/example_sla_dag.py
[2025-02-25T23:37:32.184+0000] {logging_mixin.py:190} INFO - [2025-02-25T23:37:32.184+0000] {dag.py:3239} INFO - Sync 1 DAGs
[2025-02-25T23:37:32.198+0000] {logging_mixin.py:190} INFO - [2025-02-25T23:37:32.197+0000] {dag.py:4180} INFO - Setting next_dagrun for example_sla_dag to 2025-02-25 23:34:00+00:00, run_after=2025-02-25 23:36:00+00:00
[2025-02-25T23:37:32.207+0000] {processor.py:208} INFO - Processing /home/airflow/.local/lib/python3.12/site-packages/airflow/example_dags/example_sla_dag.py took 0.044 seconds
[2025-02-25T23:38:02.973+0000] {processor.py:186} INFO - Started process (PID=1990) to work on /home/airflow/.local/lib/python3.12/site-packages/airflow/example_dags/example_sla_dag.py
[2025-02-25T23:38:02.974+0000] {processor.py:914} INFO - Processing file /home/airflow/.local/lib/python3.12/site-packages/airflow/example_dags/example_sla_dag.py for tasks to queue
[2025-02-25T23:38:02.976+0000] {logging_mixin.py:190} INFO - [2025-02-25T23:38:02.976+0000] {dagbag.py:588} INFO - Filling up the DagBag from /home/airflow/.local/lib/python3.12/site-packages/airflow/example_dags/example_sla_dag.py
[2025-02-25T23:38:02.981+0000] {processor.py:925} INFO - DAG(s) 'example_sla_dag' retrieved from /home/airflow/.local/lib/python3.12/site-packages/airflow/example_dags/example_sla_dag.py
[2025-02-25T23:38:02.992+0000] {logging_mixin.py:190} INFO - [2025-02-25T23:38:02.992+0000] {dag.py:3239} INFO - Sync 1 DAGs
[2025-02-25T23:38:03.006+0000] {logging_mixin.py:190} INFO - [2025-02-25T23:38:03.006+0000] {dag.py:4180} INFO - Setting next_dagrun for example_sla_dag to 2025-02-25 23:36:00+00:00, run_after=2025-02-25 23:38:00+00:00
[2025-02-25T23:38:03.016+0000] {processor.py:208} INFO - Processing /home/airflow/.local/lib/python3.12/site-packages/airflow/example_dags/example_sla_dag.py took 0.046 seconds
[2025-02-25T23:38:35.568+0000] {processor.py:186} INFO - Started process (PID=2049) to work on /home/airflow/.local/lib/python3.12/site-packages/airflow/example_dags/example_sla_dag.py
[2025-02-25T23:38:35.569+0000] {processor.py:914} INFO - Processing file /home/airflow/.local/lib/python3.12/site-packages/airflow/example_dags/example_sla_dag.py for tasks to queue
[2025-02-25T23:38:35.571+0000] {logging_mixin.py:190} INFO - [2025-02-25T23:38:35.571+0000] {dagbag.py:588} INFO - Filling up the DagBag from /home/airflow/.local/lib/python3.12/site-packages/airflow/example_dags/example_sla_dag.py
[2025-02-25T23:38:35.576+0000] {processor.py:925} INFO - DAG(s) 'example_sla_dag' retrieved from /home/airflow/.local/lib/python3.12/site-packages/airflow/example_dags/example_sla_dag.py
[2025-02-25T23:38:35.588+0000] {logging_mixin.py:190} INFO - [2025-02-25T23:38:35.588+0000] {dag.py:3239} INFO - Sync 1 DAGs
[2025-02-25T23:38:35.601+0000] {logging_mixin.py:190} INFO - [2025-02-25T23:38:35.601+0000] {dag.py:4180} INFO - Setting next_dagrun for example_sla_dag to 2025-02-25 23:36:00+00:00, run_after=2025-02-25 23:38:00+00:00
[2025-02-25T23:38:35.611+0000] {processor.py:208} INFO - Processing /home/airflow/.local/lib/python3.12/site-packages/airflow/example_dags/example_sla_dag.py took 0.046 seconds
[2025-02-25T23:39:05.819+0000] {processor.py:186} INFO - Started process (PID=2096) to work on /home/airflow/.local/lib/python3.12/site-packages/airflow/example_dags/example_sla_dag.py
[2025-02-25T23:39:05.820+0000] {processor.py:914} INFO - Processing file /home/airflow/.local/lib/python3.12/site-packages/airflow/example_dags/example_sla_dag.py for tasks to queue
[2025-02-25T23:39:05.821+0000] {logging_mixin.py:190} INFO - [2025-02-25T23:39:05.821+0000] {dagbag.py:588} INFO - Filling up the DagBag from /home/airflow/.local/lib/python3.12/site-packages/airflow/example_dags/example_sla_dag.py
[2025-02-25T23:39:05.827+0000] {processor.py:925} INFO - DAG(s) 'example_sla_dag' retrieved from /home/airflow/.local/lib/python3.12/site-packages/airflow/example_dags/example_sla_dag.py
[2025-02-25T23:39:05.839+0000] {logging_mixin.py:190} INFO - [2025-02-25T23:39:05.838+0000] {dag.py:3239} INFO - Sync 1 DAGs
[2025-02-25T23:39:05.854+0000] {logging_mixin.py:190} INFO - [2025-02-25T23:39:05.854+0000] {dag.py:4180} INFO - Setting next_dagrun for example_sla_dag to 2025-02-25 23:36:00+00:00, run_after=2025-02-25 23:38:00+00:00
[2025-02-25T23:39:05.864+0000] {processor.py:208} INFO - Processing /home/airflow/.local/lib/python3.12/site-packages/airflow/example_dags/example_sla_dag.py took 0.048 seconds
[2025-02-25T23:39:36.802+0000] {processor.py:186} INFO - Started process (PID=2159) to work on /home/airflow/.local/lib/python3.12/site-packages/airflow/example_dags/example_sla_dag.py
[2025-02-25T23:39:36.803+0000] {processor.py:914} INFO - Processing file /home/airflow/.local/lib/python3.12/site-packages/airflow/example_dags/example_sla_dag.py for tasks to queue
[2025-02-25T23:39:36.805+0000] {logging_mixin.py:190} INFO - [2025-02-25T23:39:36.804+0000] {dagbag.py:588} INFO - Filling up the DagBag from /home/airflow/.local/lib/python3.12/site-packages/airflow/example_dags/example_sla_dag.py
[2025-02-25T23:39:36.810+0000] {processor.py:925} INFO - DAG(s) 'example_sla_dag' retrieved from /home/airflow/.local/lib/python3.12/site-packages/airflow/example_dags/example_sla_dag.py
[2025-02-25T23:39:36.821+0000] {logging_mixin.py:190} INFO - [2025-02-25T23:39:36.821+0000] {dag.py:3239} INFO - Sync 1 DAGs
[2025-02-25T23:39:36.835+0000] {logging_mixin.py:190} INFO - [2025-02-25T23:39:36.835+0000] {dag.py:4180} INFO - Setting next_dagrun for example_sla_dag to 2025-02-25 23:36:00+00:00, run_after=2025-02-25 23:38:00+00:00
[2025-02-25T23:39:36.845+0000] {processor.py:208} INFO - Processing /home/airflow/.local/lib/python3.12/site-packages/airflow/example_dags/example_sla_dag.py took 0.046 seconds
[2025-02-25T23:41:48.024+0000] {processor.py:186} INFO - Started process (PID=48) to work on /home/airflow/.local/lib/python3.12/site-packages/airflow/example_dags/example_sla_dag.py
[2025-02-25T23:41:48.025+0000] {processor.py:914} INFO - Processing file /home/airflow/.local/lib/python3.12/site-packages/airflow/example_dags/example_sla_dag.py for tasks to queue
[2025-02-25T23:41:48.026+0000] {logging_mixin.py:190} INFO - [2025-02-25T23:41:48.026+0000] {dagbag.py:588} INFO - Filling up the DagBag from /home/airflow/.local/lib/python3.12/site-packages/airflow/example_dags/example_sla_dag.py
[2025-02-25T23:41:48.033+0000] {processor.py:925} INFO - DAG(s) 'example_sla_dag' retrieved from /home/airflow/.local/lib/python3.12/site-packages/airflow/example_dags/example_sla_dag.py
[2025-02-25T23:41:48.104+0000] {logging_mixin.py:190} INFO - [2025-02-25T23:41:48.103+0000] {override.py:1912} INFO - Created Permission View: can edit on DAG:example_sla_dag
[2025-02-25T23:41:48.109+0000] {logging_mixin.py:190} INFO - [2025-02-25T23:41:48.109+0000] {override.py:1912} INFO - Created Permission View: can delete on DAG:example_sla_dag
[2025-02-25T23:41:48.112+0000] {logging_mixin.py:190} INFO - [2025-02-25T23:41:48.112+0000] {override.py:1912} INFO - Created Permission View: can read on DAG:example_sla_dag
[2025-02-25T23:41:48.117+0000] {logging_mixin.py:190} INFO - [2025-02-25T23:41:48.116+0000] {override.py:1912} INFO - Created Permission View: can create on DAG Run:example_sla_dag
[2025-02-25T23:41:48.120+0000] {logging_mixin.py:190} INFO - [2025-02-25T23:41:48.120+0000] {override.py:1912} INFO - Created Permission View: can delete on DAG Run:example_sla_dag
[2025-02-25T23:41:48.124+0000] {logging_mixin.py:190} INFO - [2025-02-25T23:41:48.124+0000] {override.py:1912} INFO - Created Permission View: can read on DAG Run:example_sla_dag
[2025-02-25T23:41:48.127+0000] {logging_mixin.py:190} INFO - [2025-02-25T23:41:48.127+0000] {override.py:1912} INFO - Created Permission View: menu access on DAG Run:example_sla_dag
[2025-02-25T23:41:48.128+0000] {logging_mixin.py:190} INFO - [2025-02-25T23:41:48.128+0000] {dag.py:3239} INFO - Sync 1 DAGs
[2025-02-25T23:41:48.141+0000] {logging_mixin.py:190} INFO - [2025-02-25T23:41:48.141+0000] {dag.py:3262} INFO - Creating ORM DAG for example_sla_dag
[2025-02-25T23:41:48.150+0000] {logging_mixin.py:190} INFO - [2025-02-25T23:41:48.150+0000] {dag.py:4180} INFO - Setting next_dagrun for example_sla_dag to 2025-02-25 23:38:00+00:00, run_after=2025-02-25 23:40:00+00:00
[2025-02-25T23:41:48.161+0000] {processor.py:208} INFO - Processing /home/airflow/.local/lib/python3.12/site-packages/airflow/example_dags/example_sla_dag.py took 0.140 seconds
[2025-02-25T23:42:22.903+0000] {processor.py:186} INFO - Started process (PID=111) to work on /home/airflow/.local/lib/python3.12/site-packages/airflow/example_dags/example_sla_dag.py
[2025-02-25T23:42:22.904+0000] {processor.py:914} INFO - Processing file /home/airflow/.local/lib/python3.12/site-packages/airflow/example_dags/example_sla_dag.py for tasks to queue
[2025-02-25T23:42:22.906+0000] {logging_mixin.py:190} INFO - [2025-02-25T23:42:22.905+0000] {dagbag.py:588} INFO - Filling up the DagBag from /home/airflow/.local/lib/python3.12/site-packages/airflow/example_dags/example_sla_dag.py
[2025-02-25T23:42:22.912+0000] {processor.py:925} INFO - DAG(s) 'example_sla_dag' retrieved from /home/airflow/.local/lib/python3.12/site-packages/airflow/example_dags/example_sla_dag.py
[2025-02-25T23:42:22.923+0000] {logging_mixin.py:190} INFO - [2025-02-25T23:42:22.923+0000] {dag.py:3239} INFO - Sync 1 DAGs
[2025-02-25T23:42:22.941+0000] {logging_mixin.py:190} INFO - [2025-02-25T23:42:22.941+0000] {dag.py:4180} INFO - Setting next_dagrun for example_sla_dag to 2025-02-25 23:40:00+00:00, run_after=2025-02-25 23:42:00+00:00
[2025-02-25T23:42:22.952+0000] {processor.py:208} INFO - Processing /home/airflow/.local/lib/python3.12/site-packages/airflow/example_dags/example_sla_dag.py took 0.052 seconds
[2025-02-25T23:42:53.623+0000] {processor.py:186} INFO - Started process (PID=174) to work on /home/airflow/.local/lib/python3.12/site-packages/airflow/example_dags/example_sla_dag.py
[2025-02-25T23:42:53.624+0000] {processor.py:914} INFO - Processing file /home/airflow/.local/lib/python3.12/site-packages/airflow/example_dags/example_sla_dag.py for tasks to queue
[2025-02-25T23:42:53.625+0000] {logging_mixin.py:190} INFO - [2025-02-25T23:42:53.625+0000] {dagbag.py:588} INFO - Filling up the DagBag from /home/airflow/.local/lib/python3.12/site-packages/airflow/example_dags/example_sla_dag.py
[2025-02-25T23:42:53.630+0000] {processor.py:925} INFO - DAG(s) 'example_sla_dag' retrieved from /home/airflow/.local/lib/python3.12/site-packages/airflow/example_dags/example_sla_dag.py
[2025-02-25T23:42:53.641+0000] {logging_mixin.py:190} INFO - [2025-02-25T23:42:53.641+0000] {dag.py:3239} INFO - Sync 1 DAGs
[2025-02-25T23:42:53.655+0000] {logging_mixin.py:190} INFO - [2025-02-25T23:42:53.655+0000] {dag.py:4180} INFO - Setting next_dagrun for example_sla_dag to 2025-02-25 23:40:00+00:00, run_after=2025-02-25 23:42:00+00:00
[2025-02-25T23:42:53.665+0000] {processor.py:208} INFO - Processing /home/airflow/.local/lib/python3.12/site-packages/airflow/example_dags/example_sla_dag.py took 0.045 seconds
[2025-02-25T23:43:24.431+0000] {processor.py:186} INFO - Started process (PID=237) to work on /home/airflow/.local/lib/python3.12/site-packages/airflow/example_dags/example_sla_dag.py
[2025-02-25T23:43:24.432+0000] {processor.py:914} INFO - Processing file /home/airflow/.local/lib/python3.12/site-packages/airflow/example_dags/example_sla_dag.py for tasks to queue
[2025-02-25T23:43:24.434+0000] {logging_mixin.py:190} INFO - [2025-02-25T23:43:24.433+0000] {dagbag.py:588} INFO - Filling up the DagBag from /home/airflow/.local/lib/python3.12/site-packages/airflow/example_dags/example_sla_dag.py
[2025-02-25T23:43:24.439+0000] {processor.py:925} INFO - DAG(s) 'example_sla_dag' retrieved from /home/airflow/.local/lib/python3.12/site-packages/airflow/example_dags/example_sla_dag.py
[2025-02-25T23:43:24.450+0000] {logging_mixin.py:190} INFO - [2025-02-25T23:43:24.449+0000] {dag.py:3239} INFO - Sync 1 DAGs
[2025-02-25T23:43:24.464+0000] {logging_mixin.py:190} INFO - [2025-02-25T23:43:24.464+0000] {dag.py:4180} INFO - Setting next_dagrun for example_sla_dag to 2025-02-25 23:40:00+00:00, run_after=2025-02-25 23:42:00+00:00
[2025-02-25T23:43:24.475+0000] {processor.py:208} INFO - Processing /home/airflow/.local/lib/python3.12/site-packages/airflow/example_dags/example_sla_dag.py took 0.046 seconds
[2025-02-25T23:43:54.586+0000] {processor.py:186} INFO - Started process (PID=300) to work on /home/airflow/.local/lib/python3.12/site-packages/airflow/example_dags/example_sla_dag.py
[2025-02-25T23:43:54.587+0000] {processor.py:914} INFO - Processing file /home/airflow/.local/lib/python3.12/site-packages/airflow/example_dags/example_sla_dag.py for tasks to queue
[2025-02-25T23:43:54.588+0000] {logging_mixin.py:190} INFO - [2025-02-25T23:43:54.588+0000] {dagbag.py:588} INFO - Filling up the DagBag from /home/airflow/.local/lib/python3.12/site-packages/airflow/example_dags/example_sla_dag.py
[2025-02-25T23:43:54.593+0000] {processor.py:925} INFO - DAG(s) 'example_sla_dag' retrieved from /home/airflow/.local/lib/python3.12/site-packages/airflow/example_dags/example_sla_dag.py
[2025-02-25T23:43:54.604+0000] {logging_mixin.py:190} INFO - [2025-02-25T23:43:54.604+0000] {dag.py:3239} INFO - Sync 1 DAGs
[2025-02-25T23:43:54.618+0000] {logging_mixin.py:190} INFO - [2025-02-25T23:43:54.618+0000] {dag.py:4180} INFO - Setting next_dagrun for example_sla_dag to 2025-02-25 23:40:00+00:00, run_after=2025-02-25 23:42:00+00:00
[2025-02-25T23:43:54.628+0000] {processor.py:208} INFO - Processing /home/airflow/.local/lib/python3.12/site-packages/airflow/example_dags/example_sla_dag.py took 0.045 seconds
[2025-02-25T23:44:25.232+0000] {processor.py:186} INFO - Started process (PID=363) to work on /home/airflow/.local/lib/python3.12/site-packages/airflow/example_dags/example_sla_dag.py
[2025-02-25T23:44:25.233+0000] {processor.py:914} INFO - Processing file /home/airflow/.local/lib/python3.12/site-packages/airflow/example_dags/example_sla_dag.py for tasks to queue
[2025-02-25T23:44:25.234+0000] {logging_mixin.py:190} INFO - [2025-02-25T23:44:25.234+0000] {dagbag.py:588} INFO - Filling up the DagBag from /home/airflow/.local/lib/python3.12/site-packages/airflow/example_dags/example_sla_dag.py
[2025-02-25T23:44:25.239+0000] {processor.py:925} INFO - DAG(s) 'example_sla_dag' retrieved from /home/airflow/.local/lib/python3.12/site-packages/airflow/example_dags/example_sla_dag.py
[2025-02-25T23:44:25.249+0000] {logging_mixin.py:190} INFO - [2025-02-25T23:44:25.249+0000] {dag.py:3239} INFO - Sync 1 DAGs
[2025-02-25T23:44:25.262+0000] {logging_mixin.py:190} INFO - [2025-02-25T23:44:25.262+0000] {dag.py:4180} INFO - Setting next_dagrun for example_sla_dag to 2025-02-25 23:42:00+00:00, run_after=2025-02-25 23:44:00+00:00
[2025-02-25T23:44:25.273+0000] {processor.py:208} INFO - Processing /home/airflow/.local/lib/python3.12/site-packages/airflow/example_dags/example_sla_dag.py took 0.044 seconds
[2025-02-25T23:44:56.031+0000] {processor.py:186} INFO - Started process (PID=426) to work on /home/airflow/.local/lib/python3.12/site-packages/airflow/example_dags/example_sla_dag.py
[2025-02-25T23:44:56.032+0000] {processor.py:914} INFO - Processing file /home/airflow/.local/lib/python3.12/site-packages/airflow/example_dags/example_sla_dag.py for tasks to queue
[2025-02-25T23:44:56.033+0000] {logging_mixin.py:190} INFO - [2025-02-25T23:44:56.033+0000] {dagbag.py:588} INFO - Filling up the DagBag from /home/airflow/.local/lib/python3.12/site-packages/airflow/example_dags/example_sla_dag.py
[2025-02-25T23:44:56.039+0000] {processor.py:925} INFO - DAG(s) 'example_sla_dag' retrieved from /home/airflow/.local/lib/python3.12/site-packages/airflow/example_dags/example_sla_dag.py
[2025-02-25T23:44:56.049+0000] {logging_mixin.py:190} INFO - [2025-02-25T23:44:56.049+0000] {dag.py:3239} INFO - Sync 1 DAGs
[2025-02-25T23:44:56.063+0000] {logging_mixin.py:190} INFO - [2025-02-25T23:44:56.063+0000] {dag.py:4180} INFO - Setting next_dagrun for example_sla_dag to 2025-02-25 23:42:00+00:00, run_after=2025-02-25 23:44:00+00:00
[2025-02-25T23:44:56.073+0000] {processor.py:208} INFO - Processing /home/airflow/.local/lib/python3.12/site-packages/airflow/example_dags/example_sla_dag.py took 0.046 seconds
[2025-02-25T23:45:26.766+0000] {processor.py:186} INFO - Started process (PID=489) to work on /home/airflow/.local/lib/python3.12/site-packages/airflow/example_dags/example_sla_dag.py
[2025-02-25T23:45:26.767+0000] {processor.py:914} INFO - Processing file /home/airflow/.local/lib/python3.12/site-packages/airflow/example_dags/example_sla_dag.py for tasks to queue
[2025-02-25T23:45:26.768+0000] {logging_mixin.py:190} INFO - [2025-02-25T23:45:26.768+0000] {dagbag.py:588} INFO - Filling up the DagBag from /home/airflow/.local/lib/python3.12/site-packages/airflow/example_dags/example_sla_dag.py
[2025-02-25T23:45:26.774+0000] {processor.py:925} INFO - DAG(s) 'example_sla_dag' retrieved from /home/airflow/.local/lib/python3.12/site-packages/airflow/example_dags/example_sla_dag.py
[2025-02-25T23:45:26.784+0000] {logging_mixin.py:190} INFO - [2025-02-25T23:45:26.784+0000] {dag.py:3239} INFO - Sync 1 DAGs
[2025-02-25T23:45:26.798+0000] {logging_mixin.py:190} INFO - [2025-02-25T23:45:26.798+0000] {dag.py:4180} INFO - Setting next_dagrun for example_sla_dag to 2025-02-25 23:42:00+00:00, run_after=2025-02-25 23:44:00+00:00
[2025-02-25T23:45:26.808+0000] {processor.py:208} INFO - Processing /home/airflow/.local/lib/python3.12/site-packages/airflow/example_dags/example_sla_dag.py took 0.045 seconds
[2025-02-25T23:45:57.588+0000] {processor.py:186} INFO - Started process (PID=552) to work on /home/airflow/.local/lib/python3.12/site-packages/airflow/example_dags/example_sla_dag.py
[2025-02-25T23:45:57.590+0000] {processor.py:914} INFO - Processing file /home/airflow/.local/lib/python3.12/site-packages/airflow/example_dags/example_sla_dag.py for tasks to queue
[2025-02-25T23:45:57.591+0000] {logging_mixin.py:190} INFO - [2025-02-25T23:45:57.591+0000] {dagbag.py:588} INFO - Filling up the DagBag from /home/airflow/.local/lib/python3.12/site-packages/airflow/example_dags/example_sla_dag.py
[2025-02-25T23:45:57.596+0000] {processor.py:925} INFO - DAG(s) 'example_sla_dag' retrieved from /home/airflow/.local/lib/python3.12/site-packages/airflow/example_dags/example_sla_dag.py
[2025-02-25T23:45:57.607+0000] {logging_mixin.py:190} INFO - [2025-02-25T23:45:57.607+0000] {dag.py:3239} INFO - Sync 1 DAGs
[2025-02-25T23:45:57.621+0000] {logging_mixin.py:190} INFO - [2025-02-25T23:45:57.621+0000] {dag.py:4180} INFO - Setting next_dagrun for example_sla_dag to 2025-02-25 23:42:00+00:00, run_after=2025-02-25 23:44:00+00:00
[2025-02-25T23:45:57.632+0000] {processor.py:208} INFO - Processing /home/airflow/.local/lib/python3.12/site-packages/airflow/example_dags/example_sla_dag.py took 0.047 seconds
[2025-02-25T23:46:29.334+0000] {processor.py:186} INFO - Started process (PID=609) to work on /home/airflow/.local/lib/python3.12/site-packages/airflow/example_dags/example_sla_dag.py
[2025-02-25T23:46:29.334+0000] {processor.py:914} INFO - Processing file /home/airflow/.local/lib/python3.12/site-packages/airflow/example_dags/example_sla_dag.py for tasks to queue
[2025-02-25T23:46:29.335+0000] {logging_mixin.py:190} INFO - [2025-02-25T23:46:29.335+0000] {dagbag.py:588} INFO - Filling up the DagBag from /home/airflow/.local/lib/python3.12/site-packages/airflow/example_dags/example_sla_dag.py
[2025-02-25T23:46:29.341+0000] {processor.py:925} INFO - DAG(s) 'example_sla_dag' retrieved from /home/airflow/.local/lib/python3.12/site-packages/airflow/example_dags/example_sla_dag.py
[2025-02-25T23:46:29.353+0000] {logging_mixin.py:190} INFO - [2025-02-25T23:46:29.353+0000] {dag.py:3239} INFO - Sync 1 DAGs
[2025-02-25T23:46:29.368+0000] {logging_mixin.py:190} INFO - [2025-02-25T23:46:29.368+0000] {dag.py:4180} INFO - Setting next_dagrun for example_sla_dag to 2025-02-25 23:44:00+00:00, run_after=2025-02-25 23:46:00+00:00
[2025-02-25T23:46:29.380+0000] {processor.py:208} INFO - Processing /home/airflow/.local/lib/python3.12/site-packages/airflow/example_dags/example_sla_dag.py took 0.049 seconds
[2025-02-25T23:47:00.245+0000] {processor.py:186} INFO - Started process (PID=672) to work on /home/airflow/.local/lib/python3.12/site-packages/airflow/example_dags/example_sla_dag.py
[2025-02-25T23:47:00.246+0000] {processor.py:914} INFO - Processing file /home/airflow/.local/lib/python3.12/site-packages/airflow/example_dags/example_sla_dag.py for tasks to queue
[2025-02-25T23:47:00.247+0000] {logging_mixin.py:190} INFO - [2025-02-25T23:47:00.247+0000] {dagbag.py:588} INFO - Filling up the DagBag from /home/airflow/.local/lib/python3.12/site-packages/airflow/example_dags/example_sla_dag.py
[2025-02-25T23:47:00.253+0000] {processor.py:925} INFO - DAG(s) 'example_sla_dag' retrieved from /home/airflow/.local/lib/python3.12/site-packages/airflow/example_dags/example_sla_dag.py
[2025-02-25T23:47:00.264+0000] {logging_mixin.py:190} INFO - [2025-02-25T23:47:00.264+0000] {dag.py:3239} INFO - Sync 1 DAGs
[2025-02-25T23:47:00.279+0000] {logging_mixin.py:190} INFO - [2025-02-25T23:47:00.279+0000] {dag.py:4180} INFO - Setting next_dagrun for example_sla_dag to 2025-02-25 23:44:00+00:00, run_after=2025-02-25 23:46:00+00:00
[2025-02-25T23:47:00.289+0000] {processor.py:208} INFO - Processing /home/airflow/.local/lib/python3.12/site-packages/airflow/example_dags/example_sla_dag.py took 0.047 seconds
[2025-02-25T23:47:30.941+0000] {processor.py:186} INFO - Started process (PID=735) to work on /home/airflow/.local/lib/python3.12/site-packages/airflow/example_dags/example_sla_dag.py
[2025-02-25T23:47:30.941+0000] {processor.py:914} INFO - Processing file /home/airflow/.local/lib/python3.12/site-packages/airflow/example_dags/example_sla_dag.py for tasks to queue
[2025-02-25T23:47:30.942+0000] {logging_mixin.py:190} INFO - [2025-02-25T23:47:30.942+0000] {dagbag.py:588} INFO - Filling up the DagBag from /home/airflow/.local/lib/python3.12/site-packages/airflow/example_dags/example_sla_dag.py
[2025-02-25T23:47:30.949+0000] {processor.py:925} INFO - DAG(s) 'example_sla_dag' retrieved from /home/airflow/.local/lib/python3.12/site-packages/airflow/example_dags/example_sla_dag.py
[2025-02-25T23:47:30.960+0000] {logging_mixin.py:190} INFO - [2025-02-25T23:47:30.960+0000] {dag.py:3239} INFO - Sync 1 DAGs
[2025-02-25T23:47:30.975+0000] {logging_mixin.py:190} INFO - [2025-02-25T23:47:30.975+0000] {dag.py:4180} INFO - Setting next_dagrun for example_sla_dag to 2025-02-25 23:44:00+00:00, run_after=2025-02-25 23:46:00+00:00
[2025-02-25T23:47:30.985+0000] {processor.py:208} INFO - Processing /home/airflow/.local/lib/python3.12/site-packages/airflow/example_dags/example_sla_dag.py took 0.048 seconds
[2025-02-25T23:48:01.611+0000] {processor.py:186} INFO - Started process (PID=798) to work on /home/airflow/.local/lib/python3.12/site-packages/airflow/example_dags/example_sla_dag.py
[2025-02-25T23:48:01.612+0000] {processor.py:914} INFO - Processing file /home/airflow/.local/lib/python3.12/site-packages/airflow/example_dags/example_sla_dag.py for tasks to queue
[2025-02-25T23:48:01.614+0000] {logging_mixin.py:190} INFO - [2025-02-25T23:48:01.614+0000] {dagbag.py:588} INFO - Filling up the DagBag from /home/airflow/.local/lib/python3.12/site-packages/airflow/example_dags/example_sla_dag.py
[2025-02-25T23:48:01.620+0000] {processor.py:925} INFO - DAG(s) 'example_sla_dag' retrieved from /home/airflow/.local/lib/python3.12/site-packages/airflow/example_dags/example_sla_dag.py
[2025-02-25T23:48:01.632+0000] {logging_mixin.py:190} INFO - [2025-02-25T23:48:01.631+0000] {dag.py:3239} INFO - Sync 1 DAGs
[2025-02-25T23:48:01.648+0000] {logging_mixin.py:190} INFO - [2025-02-25T23:48:01.648+0000] {dag.py:4180} INFO - Setting next_dagrun for example_sla_dag to 2025-02-25 23:46:00+00:00, run_after=2025-02-25 23:48:00+00:00
[2025-02-25T23:48:01.659+0000] {processor.py:208} INFO - Processing /home/airflow/.local/lib/python3.12/site-packages/airflow/example_dags/example_sla_dag.py took 0.051 seconds
[2025-02-25T23:48:32.538+0000] {processor.py:186} INFO - Started process (PID=861) to work on /home/airflow/.local/lib/python3.12/site-packages/airflow/example_dags/example_sla_dag.py
[2025-02-25T23:48:32.538+0000] {processor.py:914} INFO - Processing file /home/airflow/.local/lib/python3.12/site-packages/airflow/example_dags/example_sla_dag.py for tasks to queue
[2025-02-25T23:48:32.540+0000] {logging_mixin.py:190} INFO - [2025-02-25T23:48:32.540+0000] {dagbag.py:588} INFO - Filling up the DagBag from /home/airflow/.local/lib/python3.12/site-packages/airflow/example_dags/example_sla_dag.py
[2025-02-25T23:48:32.545+0000] {processor.py:925} INFO - DAG(s) 'example_sla_dag' retrieved from /home/airflow/.local/lib/python3.12/site-packages/airflow/example_dags/example_sla_dag.py
[2025-02-25T23:48:32.557+0000] {logging_mixin.py:190} INFO - [2025-02-25T23:48:32.557+0000] {dag.py:3239} INFO - Sync 1 DAGs
[2025-02-25T23:48:32.572+0000] {logging_mixin.py:190} INFO - [2025-02-25T23:48:32.572+0000] {dag.py:4180} INFO - Setting next_dagrun for example_sla_dag to 2025-02-25 23:46:00+00:00, run_after=2025-02-25 23:48:00+00:00
[2025-02-25T23:48:32.583+0000] {processor.py:208} INFO - Processing /home/airflow/.local/lib/python3.12/site-packages/airflow/example_dags/example_sla_dag.py took 0.048 seconds
[2025-02-25T23:49:03.401+0000] {processor.py:186} INFO - Started process (PID=924) to work on /home/airflow/.local/lib/python3.12/site-packages/airflow/example_dags/example_sla_dag.py
[2025-02-25T23:49:03.402+0000] {processor.py:914} INFO - Processing file /home/airflow/.local/lib/python3.12/site-packages/airflow/example_dags/example_sla_dag.py for tasks to queue
[2025-02-25T23:49:03.403+0000] {logging_mixin.py:190} INFO - [2025-02-25T23:49:03.403+0000] {dagbag.py:588} INFO - Filling up the DagBag from /home/airflow/.local/lib/python3.12/site-packages/airflow/example_dags/example_sla_dag.py
[2025-02-25T23:49:03.408+0000] {processor.py:925} INFO - DAG(s) 'example_sla_dag' retrieved from /home/airflow/.local/lib/python3.12/site-packages/airflow/example_dags/example_sla_dag.py
[2025-02-25T23:49:03.418+0000] {logging_mixin.py:190} INFO - [2025-02-25T23:49:03.418+0000] {dag.py:3239} INFO - Sync 1 DAGs
[2025-02-25T23:49:03.431+0000] {logging_mixin.py:190} INFO - [2025-02-25T23:49:03.431+0000] {dag.py:4180} INFO - Setting next_dagrun for example_sla_dag to 2025-02-25 23:46:00+00:00, run_after=2025-02-25 23:48:00+00:00
[2025-02-25T23:49:03.441+0000] {processor.py:208} INFO - Processing /home/airflow/.local/lib/python3.12/site-packages/airflow/example_dags/example_sla_dag.py took 0.043 seconds
[2025-02-25T23:49:33.812+0000] {processor.py:186} INFO - Started process (PID=987) to work on /home/airflow/.local/lib/python3.12/site-packages/airflow/example_dags/example_sla_dag.py
[2025-02-25T23:49:33.813+0000] {processor.py:914} INFO - Processing file /home/airflow/.local/lib/python3.12/site-packages/airflow/example_dags/example_sla_dag.py for tasks to queue
[2025-02-25T23:49:33.814+0000] {logging_mixin.py:190} INFO - [2025-02-25T23:49:33.814+0000] {dagbag.py:588} INFO - Filling up the DagBag from /home/airflow/.local/lib/python3.12/site-packages/airflow/example_dags/example_sla_dag.py
[2025-02-25T23:49:33.820+0000] {processor.py:925} INFO - DAG(s) 'example_sla_dag' retrieved from /home/airflow/.local/lib/python3.12/site-packages/airflow/example_dags/example_sla_dag.py
[2025-02-25T23:49:33.831+0000] {logging_mixin.py:190} INFO - [2025-02-25T23:49:33.831+0000] {dag.py:3239} INFO - Sync 1 DAGs
[2025-02-25T23:49:33.845+0000] {logging_mixin.py:190} INFO - [2025-02-25T23:49:33.845+0000] {dag.py:4180} INFO - Setting next_dagrun for example_sla_dag to 2025-02-25 23:46:00+00:00, run_after=2025-02-25 23:48:00+00:00
[2025-02-25T23:49:33.855+0000] {processor.py:208} INFO - Processing /home/airflow/.local/lib/python3.12/site-packages/airflow/example_dags/example_sla_dag.py took 0.046 seconds
[2025-02-25T23:50:03.904+0000] {processor.py:186} INFO - Started process (PID=1050) to work on /home/airflow/.local/lib/python3.12/site-packages/airflow/example_dags/example_sla_dag.py
[2025-02-25T23:50:03.905+0000] {processor.py:914} INFO - Processing file /home/airflow/.local/lib/python3.12/site-packages/airflow/example_dags/example_sla_dag.py for tasks to queue
[2025-02-25T23:50:03.906+0000] {logging_mixin.py:190} INFO - [2025-02-25T23:50:03.906+0000] {dagbag.py:588} INFO - Filling up the DagBag from /home/airflow/.local/lib/python3.12/site-packages/airflow/example_dags/example_sla_dag.py
[2025-02-25T23:50:03.912+0000] {processor.py:925} INFO - DAG(s) 'example_sla_dag' retrieved from /home/airflow/.local/lib/python3.12/site-packages/airflow/example_dags/example_sla_dag.py
[2025-02-25T23:50:03.923+0000] {logging_mixin.py:190} INFO - [2025-02-25T23:50:03.923+0000] {dag.py:3239} INFO - Sync 1 DAGs
[2025-02-25T23:50:03.938+0000] {logging_mixin.py:190} INFO - [2025-02-25T23:50:03.938+0000] {dag.py:4180} INFO - Setting next_dagrun for example_sla_dag to 2025-02-25 23:48:00+00:00, run_after=2025-02-25 23:50:00+00:00
[2025-02-25T23:50:03.948+0000] {processor.py:208} INFO - Processing /home/airflow/.local/lib/python3.12/site-packages/airflow/example_dags/example_sla_dag.py took 0.047 seconds
[2025-02-25T23:50:35.357+0000] {processor.py:186} INFO - Started process (PID=1113) to work on /home/airflow/.local/lib/python3.12/site-packages/airflow/example_dags/example_sla_dag.py
[2025-02-25T23:50:35.358+0000] {processor.py:914} INFO - Processing file /home/airflow/.local/lib/python3.12/site-packages/airflow/example_dags/example_sla_dag.py for tasks to queue
[2025-02-25T23:50:35.359+0000] {logging_mixin.py:190} INFO - [2025-02-25T23:50:35.359+0000] {dagbag.py:588} INFO - Filling up the DagBag from /home/airflow/.local/lib/python3.12/site-packages/airflow/example_dags/example_sla_dag.py
[2025-02-25T23:50:35.365+0000] {processor.py:925} INFO - DAG(s) 'example_sla_dag' retrieved from /home/airflow/.local/lib/python3.12/site-packages/airflow/example_dags/example_sla_dag.py
[2025-02-25T23:50:35.375+0000] {logging_mixin.py:190} INFO - [2025-02-25T23:50:35.375+0000] {dag.py:3239} INFO - Sync 1 DAGs
[2025-02-25T23:50:35.389+0000] {logging_mixin.py:190} INFO - [2025-02-25T23:50:35.389+0000] {dag.py:4180} INFO - Setting next_dagrun for example_sla_dag to 2025-02-25 23:48:00+00:00, run_after=2025-02-25 23:50:00+00:00
[2025-02-25T23:50:35.399+0000] {processor.py:208} INFO - Processing /home/airflow/.local/lib/python3.12/site-packages/airflow/example_dags/example_sla_dag.py took 0.045 seconds
[2025-02-25T23:51:05.833+0000] {processor.py:186} INFO - Started process (PID=1176) to work on /home/airflow/.local/lib/python3.12/site-packages/airflow/example_dags/example_sla_dag.py
[2025-02-25T23:51:05.834+0000] {processor.py:914} INFO - Processing file /home/airflow/.local/lib/python3.12/site-packages/airflow/example_dags/example_sla_dag.py for tasks to queue
[2025-02-25T23:51:05.836+0000] {logging_mixin.py:190} INFO - [2025-02-25T23:51:05.836+0000] {dagbag.py:588} INFO - Filling up the DagBag from /home/airflow/.local/lib/python3.12/site-packages/airflow/example_dags/example_sla_dag.py
[2025-02-25T23:51:05.842+0000] {processor.py:925} INFO - DAG(s) 'example_sla_dag' retrieved from /home/airflow/.local/lib/python3.12/site-packages/airflow/example_dags/example_sla_dag.py
[2025-02-25T23:51:05.852+0000] {logging_mixin.py:190} INFO - [2025-02-25T23:51:05.851+0000] {dag.py:3239} INFO - Sync 1 DAGs
[2025-02-25T23:51:05.865+0000] {logging_mixin.py:190} INFO - [2025-02-25T23:51:05.865+0000] {dag.py:4180} INFO - Setting next_dagrun for example_sla_dag to 2025-02-25 23:48:00+00:00, run_after=2025-02-25 23:50:00+00:00
[2025-02-25T23:51:05.876+0000] {processor.py:208} INFO - Processing /home/airflow/.local/lib/python3.12/site-packages/airflow/example_dags/example_sla_dag.py took 0.046 seconds
[2025-02-25T23:51:36.391+0000] {processor.py:186} INFO - Started process (PID=1239) to work on /home/airflow/.local/lib/python3.12/site-packages/airflow/example_dags/example_sla_dag.py
[2025-02-25T23:51:36.392+0000] {processor.py:914} INFO - Processing file /home/airflow/.local/lib/python3.12/site-packages/airflow/example_dags/example_sla_dag.py for tasks to queue
[2025-02-25T23:51:36.394+0000] {logging_mixin.py:190} INFO - [2025-02-25T23:51:36.393+0000] {dagbag.py:588} INFO - Filling up the DagBag from /home/airflow/.local/lib/python3.12/site-packages/airflow/example_dags/example_sla_dag.py
[2025-02-25T23:51:36.399+0000] {processor.py:925} INFO - DAG(s) 'example_sla_dag' retrieved from /home/airflow/.local/lib/python3.12/site-packages/airflow/example_dags/example_sla_dag.py
[2025-02-25T23:51:36.409+0000] {logging_mixin.py:190} INFO - [2025-02-25T23:51:36.409+0000] {dag.py:3239} INFO - Sync 1 DAGs
[2025-02-25T23:51:36.423+0000] {logging_mixin.py:190} INFO - [2025-02-25T23:51:36.423+0000] {dag.py:4180} INFO - Setting next_dagrun for example_sla_dag to 2025-02-25 23:48:00+00:00, run_after=2025-02-25 23:50:00+00:00
[2025-02-25T23:51:36.433+0000] {processor.py:208} INFO - Processing /home/airflow/.local/lib/python3.12/site-packages/airflow/example_dags/example_sla_dag.py took 0.045 seconds
[2025-02-25T23:52:07.132+0000] {processor.py:186} INFO - Started process (PID=1302) to work on /home/airflow/.local/lib/python3.12/site-packages/airflow/example_dags/example_sla_dag.py
[2025-02-25T23:52:07.133+0000] {processor.py:914} INFO - Processing file /home/airflow/.local/lib/python3.12/site-packages/airflow/example_dags/example_sla_dag.py for tasks to queue
[2025-02-25T23:52:07.134+0000] {logging_mixin.py:190} INFO - [2025-02-25T23:52:07.134+0000] {dagbag.py:588} INFO - Filling up the DagBag from /home/airflow/.local/lib/python3.12/site-packages/airflow/example_dags/example_sla_dag.py
[2025-02-25T23:52:07.139+0000] {processor.py:925} INFO - DAG(s) 'example_sla_dag' retrieved from /home/airflow/.local/lib/python3.12/site-packages/airflow/example_dags/example_sla_dag.py
[2025-02-25T23:52:07.149+0000] {logging_mixin.py:190} INFO - [2025-02-25T23:52:07.149+0000] {dag.py:3239} INFO - Sync 1 DAGs
[2025-02-25T23:52:07.163+0000] {logging_mixin.py:190} INFO - [2025-02-25T23:52:07.162+0000] {dag.py:4180} INFO - Setting next_dagrun for example_sla_dag to 2025-02-25 23:50:00+00:00, run_after=2025-02-25 23:52:00+00:00
[2025-02-25T23:52:07.173+0000] {processor.py:208} INFO - Processing /home/airflow/.local/lib/python3.12/site-packages/airflow/example_dags/example_sla_dag.py took 0.044 seconds
[2025-02-25T23:52:37.474+0000] {processor.py:186} INFO - Started process (PID=1365) to work on /home/airflow/.local/lib/python3.12/site-packages/airflow/example_dags/example_sla_dag.py
[2025-02-25T23:52:37.475+0000] {processor.py:914} INFO - Processing file /home/airflow/.local/lib/python3.12/site-packages/airflow/example_dags/example_sla_dag.py for tasks to queue
[2025-02-25T23:52:37.477+0000] {logging_mixin.py:190} INFO - [2025-02-25T23:52:37.476+0000] {dagbag.py:588} INFO - Filling up the DagBag from /home/airflow/.local/lib/python3.12/site-packages/airflow/example_dags/example_sla_dag.py
[2025-02-25T23:52:37.484+0000] {processor.py:925} INFO - DAG(s) 'example_sla_dag' retrieved from /home/airflow/.local/lib/python3.12/site-packages/airflow/example_dags/example_sla_dag.py
[2025-02-25T23:52:37.495+0000] {logging_mixin.py:190} INFO - [2025-02-25T23:52:37.495+0000] {dag.py:3239} INFO - Sync 1 DAGs
[2025-02-25T23:52:37.509+0000] {logging_mixin.py:190} INFO - [2025-02-25T23:52:37.508+0000] {dag.py:4180} INFO - Setting next_dagrun for example_sla_dag to 2025-02-25 23:50:00+00:00, run_after=2025-02-25 23:52:00+00:00
[2025-02-25T23:52:37.521+0000] {processor.py:208} INFO - Processing /home/airflow/.local/lib/python3.12/site-packages/airflow/example_dags/example_sla_dag.py took 0.050 seconds
[2025-02-25T23:53:08.450+0000] {processor.py:186} INFO - Started process (PID=1429) to work on /home/airflow/.local/lib/python3.12/site-packages/airflow/example_dags/example_sla_dag.py
[2025-02-25T23:53:08.451+0000] {processor.py:914} INFO - Processing file /home/airflow/.local/lib/python3.12/site-packages/airflow/example_dags/example_sla_dag.py for tasks to queue
[2025-02-25T23:53:08.452+0000] {logging_mixin.py:190} INFO - [2025-02-25T23:53:08.452+0000] {dagbag.py:588} INFO - Filling up the DagBag from /home/airflow/.local/lib/python3.12/site-packages/airflow/example_dags/example_sla_dag.py
[2025-02-25T23:53:08.457+0000] {processor.py:925} INFO - DAG(s) 'example_sla_dag' retrieved from /home/airflow/.local/lib/python3.12/site-packages/airflow/example_dags/example_sla_dag.py
[2025-02-25T23:53:08.469+0000] {logging_mixin.py:190} INFO - [2025-02-25T23:53:08.469+0000] {dag.py:3239} INFO - Sync 1 DAGs
[2025-02-25T23:53:08.484+0000] {logging_mixin.py:190} INFO - [2025-02-25T23:53:08.484+0000] {dag.py:4180} INFO - Setting next_dagrun for example_sla_dag to 2025-02-25 23:50:00+00:00, run_after=2025-02-25 23:52:00+00:00
[2025-02-25T23:53:08.496+0000] {processor.py:208} INFO - Processing /home/airflow/.local/lib/python3.12/site-packages/airflow/example_dags/example_sla_dag.py took 0.049 seconds
[2025-02-25T23:53:39.470+0000] {processor.py:186} INFO - Started process (PID=1492) to work on /home/airflow/.local/lib/python3.12/site-packages/airflow/example_dags/example_sla_dag.py
[2025-02-25T23:53:39.471+0000] {processor.py:914} INFO - Processing file /home/airflow/.local/lib/python3.12/site-packages/airflow/example_dags/example_sla_dag.py for tasks to queue
[2025-02-25T23:53:39.472+0000] {logging_mixin.py:190} INFO - [2025-02-25T23:53:39.472+0000] {dagbag.py:588} INFO - Filling up the DagBag from /home/airflow/.local/lib/python3.12/site-packages/airflow/example_dags/example_sla_dag.py
[2025-02-25T23:53:39.478+0000] {processor.py:925} INFO - DAG(s) 'example_sla_dag' retrieved from /home/airflow/.local/lib/python3.12/site-packages/airflow/example_dags/example_sla_dag.py
[2025-02-25T23:53:39.489+0000] {logging_mixin.py:190} INFO - [2025-02-25T23:53:39.489+0000] {dag.py:3239} INFO - Sync 1 DAGs
[2025-02-25T23:53:39.506+0000] {logging_mixin.py:190} INFO - [2025-02-25T23:53:39.506+0000] {dag.py:4180} INFO - Setting next_dagrun for example_sla_dag to 2025-02-25 23:50:00+00:00, run_after=2025-02-25 23:52:00+00:00
[2025-02-25T23:53:39.518+0000] {processor.py:208} INFO - Processing /home/airflow/.local/lib/python3.12/site-packages/airflow/example_dags/example_sla_dag.py took 0.051 seconds
[2025-02-25T23:54:10.332+0000] {processor.py:186} INFO - Started process (PID=1555) to work on /home/airflow/.local/lib/python3.12/site-packages/airflow/example_dags/example_sla_dag.py
[2025-02-25T23:54:10.333+0000] {processor.py:914} INFO - Processing file /home/airflow/.local/lib/python3.12/site-packages/airflow/example_dags/example_sla_dag.py for tasks to queue
[2025-02-25T23:54:10.335+0000] {logging_mixin.py:190} INFO - [2025-02-25T23:54:10.335+0000] {dagbag.py:588} INFO - Filling up the DagBag from /home/airflow/.local/lib/python3.12/site-packages/airflow/example_dags/example_sla_dag.py
[2025-02-25T23:54:10.340+0000] {processor.py:925} INFO - DAG(s) 'example_sla_dag' retrieved from /home/airflow/.local/lib/python3.12/site-packages/airflow/example_dags/example_sla_dag.py
[2025-02-25T23:54:10.351+0000] {logging_mixin.py:190} INFO - [2025-02-25T23:54:10.351+0000] {dag.py:3239} INFO - Sync 1 DAGs
[2025-02-25T23:54:10.368+0000] {logging_mixin.py:190} INFO - [2025-02-25T23:54:10.368+0000] {dag.py:4180} INFO - Setting next_dagrun for example_sla_dag to 2025-02-25 23:52:00+00:00, run_after=2025-02-25 23:54:00+00:00
[2025-02-25T23:54:10.378+0000] {processor.py:208} INFO - Processing /home/airflow/.local/lib/python3.12/site-packages/airflow/example_dags/example_sla_dag.py took 0.049 seconds
[2025-02-25T23:54:42.323+0000] {processor.py:186} INFO - Started process (PID=1618) to work on /home/airflow/.local/lib/python3.12/site-packages/airflow/example_dags/example_sla_dag.py
[2025-02-25T23:54:42.324+0000] {processor.py:914} INFO - Processing file /home/airflow/.local/lib/python3.12/site-packages/airflow/example_dags/example_sla_dag.py for tasks to queue
[2025-02-25T23:54:42.325+0000] {logging_mixin.py:190} INFO - [2025-02-25T23:54:42.325+0000] {dagbag.py:588} INFO - Filling up the DagBag from /home/airflow/.local/lib/python3.12/site-packages/airflow/example_dags/example_sla_dag.py
[2025-02-25T23:54:42.331+0000] {processor.py:925} INFO - DAG(s) 'example_sla_dag' retrieved from /home/airflow/.local/lib/python3.12/site-packages/airflow/example_dags/example_sla_dag.py
[2025-02-25T23:54:42.344+0000] {logging_mixin.py:190} INFO - [2025-02-25T23:54:42.343+0000] {dag.py:3239} INFO - Sync 1 DAGs
[2025-02-25T23:54:42.359+0000] {logging_mixin.py:190} INFO - [2025-02-25T23:54:42.359+0000] {dag.py:4180} INFO - Setting next_dagrun for example_sla_dag to 2025-02-25 23:52:00+00:00, run_after=2025-02-25 23:54:00+00:00
[2025-02-25T23:54:42.369+0000] {processor.py:208} INFO - Processing /home/airflow/.local/lib/python3.12/site-packages/airflow/example_dags/example_sla_dag.py took 0.050 seconds
[2025-02-25T23:55:13.333+0000] {processor.py:186} INFO - Started process (PID=1681) to work on /home/airflow/.local/lib/python3.12/site-packages/airflow/example_dags/example_sla_dag.py
[2025-02-25T23:55:13.334+0000] {processor.py:914} INFO - Processing file /home/airflow/.local/lib/python3.12/site-packages/airflow/example_dags/example_sla_dag.py for tasks to queue
[2025-02-25T23:55:13.335+0000] {logging_mixin.py:190} INFO - [2025-02-25T23:55:13.335+0000] {dagbag.py:588} INFO - Filling up the DagBag from /home/airflow/.local/lib/python3.12/site-packages/airflow/example_dags/example_sla_dag.py
[2025-02-25T23:55:13.340+0000] {processor.py:925} INFO - DAG(s) 'example_sla_dag' retrieved from /home/airflow/.local/lib/python3.12/site-packages/airflow/example_dags/example_sla_dag.py
[2025-02-25T23:55:13.352+0000] {logging_mixin.py:190} INFO - [2025-02-25T23:55:13.351+0000] {dag.py:3239} INFO - Sync 1 DAGs
[2025-02-25T23:55:13.366+0000] {logging_mixin.py:190} INFO - [2025-02-25T23:55:13.366+0000] {dag.py:4180} INFO - Setting next_dagrun for example_sla_dag to 2025-02-25 23:52:00+00:00, run_after=2025-02-25 23:54:00+00:00
[2025-02-25T23:55:13.378+0000] {processor.py:208} INFO - Processing /home/airflow/.local/lib/python3.12/site-packages/airflow/example_dags/example_sla_dag.py took 0.049 seconds
[2025-02-25T23:55:43.563+0000] {processor.py:186} INFO - Started process (PID=1738) to work on /home/airflow/.local/lib/python3.12/site-packages/airflow/example_dags/example_sla_dag.py
[2025-02-25T23:55:43.564+0000] {processor.py:914} INFO - Processing file /home/airflow/.local/lib/python3.12/site-packages/airflow/example_dags/example_sla_dag.py for tasks to queue
[2025-02-25T23:55:43.566+0000] {logging_mixin.py:190} INFO - [2025-02-25T23:55:43.565+0000] {dagbag.py:588} INFO - Filling up the DagBag from /home/airflow/.local/lib/python3.12/site-packages/airflow/example_dags/example_sla_dag.py
[2025-02-25T23:55:43.571+0000] {processor.py:925} INFO - DAG(s) 'example_sla_dag' retrieved from /home/airflow/.local/lib/python3.12/site-packages/airflow/example_dags/example_sla_dag.py
[2025-02-25T23:55:43.583+0000] {logging_mixin.py:190} INFO - [2025-02-25T23:55:43.582+0000] {dag.py:3239} INFO - Sync 1 DAGs
[2025-02-25T23:55:43.598+0000] {logging_mixin.py:190} INFO - [2025-02-25T23:55:43.598+0000] {dag.py:4180} INFO - Setting next_dagrun for example_sla_dag to 2025-02-25 23:52:00+00:00, run_after=2025-02-25 23:54:00+00:00
[2025-02-25T23:55:43.610+0000] {processor.py:208} INFO - Processing /home/airflow/.local/lib/python3.12/site-packages/airflow/example_dags/example_sla_dag.py took 0.050 seconds
[2025-02-25T23:56:14.397+0000] {processor.py:186} INFO - Started process (PID=1801) to work on /home/airflow/.local/lib/python3.12/site-packages/airflow/example_dags/example_sla_dag.py
[2025-02-25T23:56:14.398+0000] {processor.py:914} INFO - Processing file /home/airflow/.local/lib/python3.12/site-packages/airflow/example_dags/example_sla_dag.py for tasks to queue
[2025-02-25T23:56:14.400+0000] {logging_mixin.py:190} INFO - [2025-02-25T23:56:14.399+0000] {dagbag.py:588} INFO - Filling up the DagBag from /home/airflow/.local/lib/python3.12/site-packages/airflow/example_dags/example_sla_dag.py
[2025-02-25T23:56:14.406+0000] {processor.py:925} INFO - DAG(s) 'example_sla_dag' retrieved from /home/airflow/.local/lib/python3.12/site-packages/airflow/example_dags/example_sla_dag.py
[2025-02-25T23:56:14.417+0000] {logging_mixin.py:190} INFO - [2025-02-25T23:56:14.417+0000] {dag.py:3239} INFO - Sync 1 DAGs
[2025-02-25T23:56:14.435+0000] {logging_mixin.py:190} INFO - [2025-02-25T23:56:14.435+0000] {dag.py:4180} INFO - Setting next_dagrun for example_sla_dag to 2025-02-25 23:54:00+00:00, run_after=2025-02-25 23:56:00+00:00
[2025-02-25T23:56:14.448+0000] {processor.py:208} INFO - Processing /home/airflow/.local/lib/python3.12/site-packages/airflow/example_dags/example_sla_dag.py took 0.054 seconds
[2025-02-25T23:56:44.509+0000] {processor.py:186} INFO - Started process (PID=1864) to work on /home/airflow/.local/lib/python3.12/site-packages/airflow/example_dags/example_sla_dag.py
[2025-02-25T23:56:44.510+0000] {processor.py:914} INFO - Processing file /home/airflow/.local/lib/python3.12/site-packages/airflow/example_dags/example_sla_dag.py for tasks to queue
[2025-02-25T23:56:44.511+0000] {logging_mixin.py:190} INFO - [2025-02-25T23:56:44.511+0000] {dagbag.py:588} INFO - Filling up the DagBag from /home/airflow/.local/lib/python3.12/site-packages/airflow/example_dags/example_sla_dag.py
[2025-02-25T23:56:44.517+0000] {processor.py:925} INFO - DAG(s) 'example_sla_dag' retrieved from /home/airflow/.local/lib/python3.12/site-packages/airflow/example_dags/example_sla_dag.py
[2025-02-25T23:56:44.528+0000] {logging_mixin.py:190} INFO - [2025-02-25T23:56:44.528+0000] {dag.py:3239} INFO - Sync 1 DAGs
[2025-02-25T23:56:44.542+0000] {logging_mixin.py:190} INFO - [2025-02-25T23:56:44.542+0000] {dag.py:4180} INFO - Setting next_dagrun for example_sla_dag to 2025-02-25 23:54:00+00:00, run_after=2025-02-25 23:56:00+00:00
[2025-02-25T23:56:44.551+0000] {processor.py:208} INFO - Processing /home/airflow/.local/lib/python3.12/site-packages/airflow/example_dags/example_sla_dag.py took 0.046 seconds
[2025-02-25T23:57:15.549+0000] {processor.py:186} INFO - Started process (PID=1927) to work on /home/airflow/.local/lib/python3.12/site-packages/airflow/example_dags/example_sla_dag.py
[2025-02-25T23:57:15.550+0000] {processor.py:914} INFO - Processing file /home/airflow/.local/lib/python3.12/site-packages/airflow/example_dags/example_sla_dag.py for tasks to queue
[2025-02-25T23:57:15.552+0000] {logging_mixin.py:190} INFO - [2025-02-25T23:57:15.551+0000] {dagbag.py:588} INFO - Filling up the DagBag from /home/airflow/.local/lib/python3.12/site-packages/airflow/example_dags/example_sla_dag.py
[2025-02-25T23:57:15.557+0000] {processor.py:925} INFO - DAG(s) 'example_sla_dag' retrieved from /home/airflow/.local/lib/python3.12/site-packages/airflow/example_dags/example_sla_dag.py
[2025-02-25T23:57:15.567+0000] {logging_mixin.py:190} INFO - [2025-02-25T23:57:15.567+0000] {dag.py:3239} INFO - Sync 1 DAGs
[2025-02-25T23:57:15.581+0000] {logging_mixin.py:190} INFO - [2025-02-25T23:57:15.581+0000] {dag.py:4180} INFO - Setting next_dagrun for example_sla_dag to 2025-02-25 23:54:00+00:00, run_after=2025-02-25 23:56:00+00:00
[2025-02-25T23:57:15.592+0000] {processor.py:208} INFO - Processing /home/airflow/.local/lib/python3.12/site-packages/airflow/example_dags/example_sla_dag.py took 0.046 seconds
[2025-02-25T23:57:46.359+0000] {processor.py:186} INFO - Started process (PID=1990) to work on /home/airflow/.local/lib/python3.12/site-packages/airflow/example_dags/example_sla_dag.py
[2025-02-25T23:57:46.360+0000] {processor.py:914} INFO - Processing file /home/airflow/.local/lib/python3.12/site-packages/airflow/example_dags/example_sla_dag.py for tasks to queue
[2025-02-25T23:57:46.362+0000] {logging_mixin.py:190} INFO - [2025-02-25T23:57:46.361+0000] {dagbag.py:588} INFO - Filling up the DagBag from /home/airflow/.local/lib/python3.12/site-packages/airflow/example_dags/example_sla_dag.py
[2025-02-25T23:57:46.367+0000] {processor.py:925} INFO - DAG(s) 'example_sla_dag' retrieved from /home/airflow/.local/lib/python3.12/site-packages/airflow/example_dags/example_sla_dag.py
[2025-02-25T23:57:46.377+0000] {logging_mixin.py:190} INFO - [2025-02-25T23:57:46.377+0000] {dag.py:3239} INFO - Sync 1 DAGs
[2025-02-25T23:57:46.391+0000] {logging_mixin.py:190} INFO - [2025-02-25T23:57:46.391+0000] {dag.py:4180} INFO - Setting next_dagrun for example_sla_dag to 2025-02-25 23:54:00+00:00, run_after=2025-02-25 23:56:00+00:00
[2025-02-25T23:57:46.401+0000] {processor.py:208} INFO - Processing /home/airflow/.local/lib/python3.12/site-packages/airflow/example_dags/example_sla_dag.py took 0.046 seconds
[2025-02-25T23:58:17.066+0000] {processor.py:186} INFO - Started process (PID=2053) to work on /home/airflow/.local/lib/python3.12/site-packages/airflow/example_dags/example_sla_dag.py
[2025-02-25T23:58:17.067+0000] {processor.py:914} INFO - Processing file /home/airflow/.local/lib/python3.12/site-packages/airflow/example_dags/example_sla_dag.py for tasks to queue
[2025-02-25T23:58:17.068+0000] {logging_mixin.py:190} INFO - [2025-02-25T23:58:17.068+0000] {dagbag.py:588} INFO - Filling up the DagBag from /home/airflow/.local/lib/python3.12/site-packages/airflow/example_dags/example_sla_dag.py
[2025-02-25T23:58:17.074+0000] {processor.py:925} INFO - DAG(s) 'example_sla_dag' retrieved from /home/airflow/.local/lib/python3.12/site-packages/airflow/example_dags/example_sla_dag.py
[2025-02-25T23:58:17.084+0000] {logging_mixin.py:190} INFO - [2025-02-25T23:58:17.084+0000] {dag.py:3239} INFO - Sync 1 DAGs
[2025-02-25T23:58:17.098+0000] {logging_mixin.py:190} INFO - [2025-02-25T23:58:17.098+0000] {dag.py:4180} INFO - Setting next_dagrun for example_sla_dag to 2025-02-25 23:56:00+00:00, run_after=2025-02-25 23:58:00+00:00
[2025-02-25T23:58:17.108+0000] {processor.py:208} INFO - Processing /home/airflow/.local/lib/python3.12/site-packages/airflow/example_dags/example_sla_dag.py took 0.045 seconds
[2025-02-25T23:58:47.736+0000] {processor.py:186} INFO - Started process (PID=2116) to work on /home/airflow/.local/lib/python3.12/site-packages/airflow/example_dags/example_sla_dag.py
[2025-02-25T23:58:47.737+0000] {processor.py:914} INFO - Processing file /home/airflow/.local/lib/python3.12/site-packages/airflow/example_dags/example_sla_dag.py for tasks to queue
[2025-02-25T23:58:47.738+0000] {logging_mixin.py:190} INFO - [2025-02-25T23:58:47.737+0000] {dagbag.py:588} INFO - Filling up the DagBag from /home/airflow/.local/lib/python3.12/site-packages/airflow/example_dags/example_sla_dag.py
[2025-02-25T23:58:47.744+0000] {processor.py:925} INFO - DAG(s) 'example_sla_dag' retrieved from /home/airflow/.local/lib/python3.12/site-packages/airflow/example_dags/example_sla_dag.py
[2025-02-25T23:58:47.754+0000] {logging_mixin.py:190} INFO - [2025-02-25T23:58:47.754+0000] {dag.py:3239} INFO - Sync 1 DAGs
[2025-02-25T23:58:47.768+0000] {logging_mixin.py:190} INFO - [2025-02-25T23:58:47.768+0000] {dag.py:4180} INFO - Setting next_dagrun for example_sla_dag to 2025-02-25 23:56:00+00:00, run_after=2025-02-25 23:58:00+00:00
[2025-02-25T23:58:47.779+0000] {processor.py:208} INFO - Processing /home/airflow/.local/lib/python3.12/site-packages/airflow/example_dags/example_sla_dag.py took 0.047 seconds
[2025-02-25T23:59:18.368+0000] {processor.py:186} INFO - Started process (PID=2179) to work on /home/airflow/.local/lib/python3.12/site-packages/airflow/example_dags/example_sla_dag.py
[2025-02-25T23:59:18.369+0000] {processor.py:914} INFO - Processing file /home/airflow/.local/lib/python3.12/site-packages/airflow/example_dags/example_sla_dag.py for tasks to queue
[2025-02-25T23:59:18.370+0000] {logging_mixin.py:190} INFO - [2025-02-25T23:59:18.370+0000] {dagbag.py:588} INFO - Filling up the DagBag from /home/airflow/.local/lib/python3.12/site-packages/airflow/example_dags/example_sla_dag.py
[2025-02-25T23:59:18.376+0000] {processor.py:925} INFO - DAG(s) 'example_sla_dag' retrieved from /home/airflow/.local/lib/python3.12/site-packages/airflow/example_dags/example_sla_dag.py
[2025-02-25T23:59:18.386+0000] {logging_mixin.py:190} INFO - [2025-02-25T23:59:18.386+0000] {dag.py:3239} INFO - Sync 1 DAGs
[2025-02-25T23:59:18.401+0000] {logging_mixin.py:190} INFO - [2025-02-25T23:59:18.401+0000] {dag.py:4180} INFO - Setting next_dagrun for example_sla_dag to 2025-02-25 23:56:00+00:00, run_after=2025-02-25 23:58:00+00:00
[2025-02-25T23:59:18.411+0000] {processor.py:208} INFO - Processing /home/airflow/.local/lib/python3.12/site-packages/airflow/example_dags/example_sla_dag.py took 0.046 seconds
[2025-02-25T23:59:48.537+0000] {processor.py:186} INFO - Started process (PID=2242) to work on /home/airflow/.local/lib/python3.12/site-packages/airflow/example_dags/example_sla_dag.py
[2025-02-25T23:59:48.537+0000] {processor.py:914} INFO - Processing file /home/airflow/.local/lib/python3.12/site-packages/airflow/example_dags/example_sla_dag.py for tasks to queue
[2025-02-25T23:59:48.538+0000] {logging_mixin.py:190} INFO - [2025-02-25T23:59:48.538+0000] {dagbag.py:588} INFO - Filling up the DagBag from /home/airflow/.local/lib/python3.12/site-packages/airflow/example_dags/example_sla_dag.py
[2025-02-25T23:59:48.544+0000] {processor.py:925} INFO - DAG(s) 'example_sla_dag' retrieved from /home/airflow/.local/lib/python3.12/site-packages/airflow/example_dags/example_sla_dag.py
[2025-02-25T23:59:48.554+0000] {logging_mixin.py:190} INFO - [2025-02-25T23:59:48.554+0000] {dag.py:3239} INFO - Sync 1 DAGs
[2025-02-25T23:59:48.569+0000] {logging_mixin.py:190} INFO - [2025-02-25T23:59:48.568+0000] {dag.py:4180} INFO - Setting next_dagrun for example_sla_dag to 2025-02-25 23:56:00+00:00, run_after=2025-02-25 23:58:00+00:00
[2025-02-25T23:59:48.578+0000] {processor.py:208} INFO - Processing /home/airflow/.local/lib/python3.12/site-packages/airflow/example_dags/example_sla_dag.py took 0.045 seconds
