[2025-02-25T23:22:12.321+0000] {processor.py:186} INFO - Started process (PID=47) to work on /home/airflow/.local/lib/python3.12/site-packages/airflow/example_dags/example_task_group.py
[2025-02-25T23:22:12.322+0000] {processor.py:914} INFO - Processing file /home/airflow/.local/lib/python3.12/site-packages/airflow/example_dags/example_task_group.py for tasks to queue
[2025-02-25T23:22:12.323+0000] {logging_mixin.py:190} INFO - [2025-02-25T23:22:12.323+0000] {dagbag.py:588} INFO - Filling up the DagBag from /home/airflow/.local/lib/python3.12/site-packages/airflow/example_dags/example_task_group.py
[2025-02-25T23:22:12.328+0000] {processor.py:925} INFO - DAG(s) 'example_task_group' retrieved from /home/airflow/.local/lib/python3.12/site-packages/airflow/example_dags/example_task_group.py
[2025-02-25T23:22:12.406+0000] {logging_mixin.py:190} INFO - [2025-02-25T23:22:12.406+0000] {override.py:1912} INFO - Created Permission View: can edit on DAG:example_task_group
[2025-02-25T23:22:12.413+0000] {logging_mixin.py:190} INFO - [2025-02-25T23:22:12.413+0000] {override.py:1912} INFO - Created Permission View: can delete on DAG:example_task_group
[2025-02-25T23:22:12.418+0000] {logging_mixin.py:190} INFO - [2025-02-25T23:22:12.418+0000] {override.py:1912} INFO - Created Permission View: can read on DAG:example_task_group
[2025-02-25T23:22:12.426+0000] {logging_mixin.py:190} INFO - [2025-02-25T23:22:12.425+0000] {override.py:1912} INFO - Created Permission View: can delete on DAG Run:example_task_group
[2025-02-25T23:22:12.430+0000] {logging_mixin.py:190} INFO - [2025-02-25T23:22:12.430+0000] {override.py:1912} INFO - Created Permission View: can read on DAG Run:example_task_group
[2025-02-25T23:22:12.435+0000] {logging_mixin.py:190} INFO - [2025-02-25T23:22:12.435+0000] {override.py:1912} INFO - Created Permission View: menu access on DAG Run:example_task_group
[2025-02-25T23:22:12.440+0000] {logging_mixin.py:190} INFO - [2025-02-25T23:22:12.439+0000] {override.py:1912} INFO - Created Permission View: can create on DAG Run:example_task_group
[2025-02-25T23:22:12.440+0000] {logging_mixin.py:190} INFO - [2025-02-25T23:22:12.440+0000] {dag.py:3239} INFO - Sync 1 DAGs
[2025-02-25T23:22:12.448+0000] {logging_mixin.py:190} INFO - [2025-02-25T23:22:12.448+0000] {dag.py:3262} INFO - Creating ORM DAG for example_task_group
[2025-02-25T23:22:12.449+0000] {logging_mixin.py:190} INFO - [2025-02-25T23:22:12.449+0000] {dag.py:4180} INFO - Setting next_dagrun for example_task_group to None, run_after=None
[2025-02-25T23:22:12.459+0000] {processor.py:208} INFO - Processing /home/airflow/.local/lib/python3.12/site-packages/airflow/example_dags/example_task_group.py took 0.141 seconds
[2025-02-25T23:22:42.766+0000] {processor.py:186} INFO - Started process (PID=110) to work on /home/airflow/.local/lib/python3.12/site-packages/airflow/example_dags/example_task_group.py
[2025-02-25T23:22:42.767+0000] {processor.py:914} INFO - Processing file /home/airflow/.local/lib/python3.12/site-packages/airflow/example_dags/example_task_group.py for tasks to queue
[2025-02-25T23:22:42.769+0000] {logging_mixin.py:190} INFO - [2025-02-25T23:22:42.768+0000] {dagbag.py:588} INFO - Filling up the DagBag from /home/airflow/.local/lib/python3.12/site-packages/airflow/example_dags/example_task_group.py
[2025-02-25T23:22:42.774+0000] {processor.py:925} INFO - DAG(s) 'example_task_group' retrieved from /home/airflow/.local/lib/python3.12/site-packages/airflow/example_dags/example_task_group.py
[2025-02-25T23:22:42.786+0000] {logging_mixin.py:190} INFO - [2025-02-25T23:22:42.786+0000] {dag.py:3239} INFO - Sync 1 DAGs
[2025-02-25T23:22:42.794+0000] {logging_mixin.py:190} INFO - [2025-02-25T23:22:42.794+0000] {dag.py:4180} INFO - Setting next_dagrun for example_task_group to None, run_after=None
[2025-02-25T23:22:42.807+0000] {processor.py:208} INFO - Processing /home/airflow/.local/lib/python3.12/site-packages/airflow/example_dags/example_task_group.py took 0.044 seconds
[2025-02-25T23:23:13.593+0000] {processor.py:186} INFO - Started process (PID=173) to work on /home/airflow/.local/lib/python3.12/site-packages/airflow/example_dags/example_task_group.py
[2025-02-25T23:23:13.594+0000] {processor.py:914} INFO - Processing file /home/airflow/.local/lib/python3.12/site-packages/airflow/example_dags/example_task_group.py for tasks to queue
[2025-02-25T23:23:13.595+0000] {logging_mixin.py:190} INFO - [2025-02-25T23:23:13.595+0000] {dagbag.py:588} INFO - Filling up the DagBag from /home/airflow/.local/lib/python3.12/site-packages/airflow/example_dags/example_task_group.py
[2025-02-25T23:23:13.600+0000] {processor.py:925} INFO - DAG(s) 'example_task_group' retrieved from /home/airflow/.local/lib/python3.12/site-packages/airflow/example_dags/example_task_group.py
[2025-02-25T23:23:13.612+0000] {logging_mixin.py:190} INFO - [2025-02-25T23:23:13.612+0000] {dag.py:3239} INFO - Sync 1 DAGs
[2025-02-25T23:23:13.620+0000] {logging_mixin.py:190} INFO - [2025-02-25T23:23:13.620+0000] {dag.py:4180} INFO - Setting next_dagrun for example_task_group to None, run_after=None
[2025-02-25T23:23:13.632+0000] {processor.py:208} INFO - Processing /home/airflow/.local/lib/python3.12/site-packages/airflow/example_dags/example_task_group.py took 0.042 seconds
[2025-02-25T23:23:44.436+0000] {processor.py:186} INFO - Started process (PID=236) to work on /home/airflow/.local/lib/python3.12/site-packages/airflow/example_dags/example_task_group.py
[2025-02-25T23:23:44.437+0000] {processor.py:914} INFO - Processing file /home/airflow/.local/lib/python3.12/site-packages/airflow/example_dags/example_task_group.py for tasks to queue
[2025-02-25T23:23:44.439+0000] {logging_mixin.py:190} INFO - [2025-02-25T23:23:44.438+0000] {dagbag.py:588} INFO - Filling up the DagBag from /home/airflow/.local/lib/python3.12/site-packages/airflow/example_dags/example_task_group.py
[2025-02-25T23:23:44.443+0000] {processor.py:925} INFO - DAG(s) 'example_task_group' retrieved from /home/airflow/.local/lib/python3.12/site-packages/airflow/example_dags/example_task_group.py
[2025-02-25T23:23:44.456+0000] {logging_mixin.py:190} INFO - [2025-02-25T23:23:44.456+0000] {dag.py:3239} INFO - Sync 1 DAGs
[2025-02-25T23:23:44.463+0000] {logging_mixin.py:190} INFO - [2025-02-25T23:23:44.463+0000] {dag.py:4180} INFO - Setting next_dagrun for example_task_group to None, run_after=None
[2025-02-25T23:23:44.474+0000] {processor.py:208} INFO - Processing /home/airflow/.local/lib/python3.12/site-packages/airflow/example_dags/example_task_group.py took 0.041 seconds
[2025-02-25T23:24:15.298+0000] {processor.py:186} INFO - Started process (PID=299) to work on /home/airflow/.local/lib/python3.12/site-packages/airflow/example_dags/example_task_group.py
[2025-02-25T23:24:15.299+0000] {processor.py:914} INFO - Processing file /home/airflow/.local/lib/python3.12/site-packages/airflow/example_dags/example_task_group.py for tasks to queue
[2025-02-25T23:24:15.300+0000] {logging_mixin.py:190} INFO - [2025-02-25T23:24:15.300+0000] {dagbag.py:588} INFO - Filling up the DagBag from /home/airflow/.local/lib/python3.12/site-packages/airflow/example_dags/example_task_group.py
[2025-02-25T23:24:15.305+0000] {processor.py:925} INFO - DAG(s) 'example_task_group' retrieved from /home/airflow/.local/lib/python3.12/site-packages/airflow/example_dags/example_task_group.py
[2025-02-25T23:24:15.318+0000] {logging_mixin.py:190} INFO - [2025-02-25T23:24:15.318+0000] {dag.py:3239} INFO - Sync 1 DAGs
[2025-02-25T23:24:15.325+0000] {logging_mixin.py:190} INFO - [2025-02-25T23:24:15.325+0000] {dag.py:4180} INFO - Setting next_dagrun for example_task_group to None, run_after=None
[2025-02-25T23:24:15.336+0000] {processor.py:208} INFO - Processing /home/airflow/.local/lib/python3.12/site-packages/airflow/example_dags/example_task_group.py took 0.041 seconds
[2025-02-25T23:24:46.236+0000] {processor.py:186} INFO - Started process (PID=362) to work on /home/airflow/.local/lib/python3.12/site-packages/airflow/example_dags/example_task_group.py
[2025-02-25T23:24:46.237+0000] {processor.py:914} INFO - Processing file /home/airflow/.local/lib/python3.12/site-packages/airflow/example_dags/example_task_group.py for tasks to queue
[2025-02-25T23:24:46.239+0000] {logging_mixin.py:190} INFO - [2025-02-25T23:24:46.238+0000] {dagbag.py:588} INFO - Filling up the DagBag from /home/airflow/.local/lib/python3.12/site-packages/airflow/example_dags/example_task_group.py
[2025-02-25T23:24:46.244+0000] {processor.py:925} INFO - DAG(s) 'example_task_group' retrieved from /home/airflow/.local/lib/python3.12/site-packages/airflow/example_dags/example_task_group.py
[2025-02-25T23:24:46.259+0000] {logging_mixin.py:190} INFO - [2025-02-25T23:24:46.259+0000] {dag.py:3239} INFO - Sync 1 DAGs
[2025-02-25T23:24:46.267+0000] {logging_mixin.py:190} INFO - [2025-02-25T23:24:46.267+0000] {dag.py:4180} INFO - Setting next_dagrun for example_task_group to None, run_after=None
[2025-02-25T23:24:46.277+0000] {processor.py:208} INFO - Processing /home/airflow/.local/lib/python3.12/site-packages/airflow/example_dags/example_task_group.py took 0.046 seconds
[2025-02-25T23:25:16.980+0000] {processor.py:186} INFO - Started process (PID=425) to work on /home/airflow/.local/lib/python3.12/site-packages/airflow/example_dags/example_task_group.py
[2025-02-25T23:25:16.981+0000] {processor.py:914} INFO - Processing file /home/airflow/.local/lib/python3.12/site-packages/airflow/example_dags/example_task_group.py for tasks to queue
[2025-02-25T23:25:16.983+0000] {logging_mixin.py:190} INFO - [2025-02-25T23:25:16.982+0000] {dagbag.py:588} INFO - Filling up the DagBag from /home/airflow/.local/lib/python3.12/site-packages/airflow/example_dags/example_task_group.py
[2025-02-25T23:25:16.987+0000] {processor.py:925} INFO - DAG(s) 'example_task_group' retrieved from /home/airflow/.local/lib/python3.12/site-packages/airflow/example_dags/example_task_group.py
[2025-02-25T23:25:17.000+0000] {logging_mixin.py:190} INFO - [2025-02-25T23:25:17.000+0000] {dag.py:3239} INFO - Sync 1 DAGs
[2025-02-25T23:25:17.008+0000] {logging_mixin.py:190} INFO - [2025-02-25T23:25:17.008+0000] {dag.py:4180} INFO - Setting next_dagrun for example_task_group to None, run_after=None
[2025-02-25T23:25:17.020+0000] {processor.py:208} INFO - Processing /home/airflow/.local/lib/python3.12/site-packages/airflow/example_dags/example_task_group.py took 0.043 seconds
[2025-02-25T23:25:48.057+0000] {processor.py:186} INFO - Started process (PID=488) to work on /home/airflow/.local/lib/python3.12/site-packages/airflow/example_dags/example_task_group.py
[2025-02-25T23:25:48.058+0000] {processor.py:914} INFO - Processing file /home/airflow/.local/lib/python3.12/site-packages/airflow/example_dags/example_task_group.py for tasks to queue
[2025-02-25T23:25:48.059+0000] {logging_mixin.py:190} INFO - [2025-02-25T23:25:48.059+0000] {dagbag.py:588} INFO - Filling up the DagBag from /home/airflow/.local/lib/python3.12/site-packages/airflow/example_dags/example_task_group.py
[2025-02-25T23:25:48.064+0000] {processor.py:925} INFO - DAG(s) 'example_task_group' retrieved from /home/airflow/.local/lib/python3.12/site-packages/airflow/example_dags/example_task_group.py
[2025-02-25T23:25:48.076+0000] {logging_mixin.py:190} INFO - [2025-02-25T23:25:48.076+0000] {dag.py:3239} INFO - Sync 1 DAGs
[2025-02-25T23:25:48.084+0000] {logging_mixin.py:190} INFO - [2025-02-25T23:25:48.084+0000] {dag.py:4180} INFO - Setting next_dagrun for example_task_group to None, run_after=None
[2025-02-25T23:25:48.098+0000] {processor.py:208} INFO - Processing /home/airflow/.local/lib/python3.12/site-packages/airflow/example_dags/example_task_group.py took 0.045 seconds
[2025-02-25T23:26:19.086+0000] {processor.py:186} INFO - Started process (PID=545) to work on /home/airflow/.local/lib/python3.12/site-packages/airflow/example_dags/example_task_group.py
[2025-02-25T23:26:19.087+0000] {processor.py:914} INFO - Processing file /home/airflow/.local/lib/python3.12/site-packages/airflow/example_dags/example_task_group.py for tasks to queue
[2025-02-25T23:26:19.089+0000] {logging_mixin.py:190} INFO - [2025-02-25T23:26:19.089+0000] {dagbag.py:588} INFO - Filling up the DagBag from /home/airflow/.local/lib/python3.12/site-packages/airflow/example_dags/example_task_group.py
[2025-02-25T23:26:19.094+0000] {processor.py:925} INFO - DAG(s) 'example_task_group' retrieved from /home/airflow/.local/lib/python3.12/site-packages/airflow/example_dags/example_task_group.py
[2025-02-25T23:26:19.107+0000] {logging_mixin.py:190} INFO - [2025-02-25T23:26:19.107+0000] {dag.py:3239} INFO - Sync 1 DAGs
[2025-02-25T23:26:19.115+0000] {logging_mixin.py:190} INFO - [2025-02-25T23:26:19.115+0000] {dag.py:4180} INFO - Setting next_dagrun for example_task_group to None, run_after=None
[2025-02-25T23:26:19.127+0000] {processor.py:208} INFO - Processing /home/airflow/.local/lib/python3.12/site-packages/airflow/example_dags/example_task_group.py took 0.044 seconds
[2025-02-25T23:26:49.804+0000] {processor.py:186} INFO - Started process (PID=608) to work on /home/airflow/.local/lib/python3.12/site-packages/airflow/example_dags/example_task_group.py
[2025-02-25T23:26:49.805+0000] {processor.py:914} INFO - Processing file /home/airflow/.local/lib/python3.12/site-packages/airflow/example_dags/example_task_group.py for tasks to queue
[2025-02-25T23:26:49.807+0000] {logging_mixin.py:190} INFO - [2025-02-25T23:26:49.807+0000] {dagbag.py:588} INFO - Filling up the DagBag from /home/airflow/.local/lib/python3.12/site-packages/airflow/example_dags/example_task_group.py
[2025-02-25T23:26:49.813+0000] {processor.py:925} INFO - DAG(s) 'example_task_group' retrieved from /home/airflow/.local/lib/python3.12/site-packages/airflow/example_dags/example_task_group.py
[2025-02-25T23:26:49.827+0000] {logging_mixin.py:190} INFO - [2025-02-25T23:26:49.827+0000] {dag.py:3239} INFO - Sync 1 DAGs
[2025-02-25T23:26:49.835+0000] {logging_mixin.py:190} INFO - [2025-02-25T23:26:49.835+0000] {dag.py:4180} INFO - Setting next_dagrun for example_task_group to None, run_after=None
[2025-02-25T23:26:49.845+0000] {processor.py:208} INFO - Processing /home/airflow/.local/lib/python3.12/site-packages/airflow/example_dags/example_task_group.py took 0.045 seconds
[2025-02-25T23:27:20.331+0000] {processor.py:186} INFO - Started process (PID=672) to work on /home/airflow/.local/lib/python3.12/site-packages/airflow/example_dags/example_task_group.py
[2025-02-25T23:27:20.332+0000] {processor.py:914} INFO - Processing file /home/airflow/.local/lib/python3.12/site-packages/airflow/example_dags/example_task_group.py for tasks to queue
[2025-02-25T23:27:20.333+0000] {logging_mixin.py:190} INFO - [2025-02-25T23:27:20.333+0000] {dagbag.py:588} INFO - Filling up the DagBag from /home/airflow/.local/lib/python3.12/site-packages/airflow/example_dags/example_task_group.py
[2025-02-25T23:27:20.338+0000] {processor.py:925} INFO - DAG(s) 'example_task_group' retrieved from /home/airflow/.local/lib/python3.12/site-packages/airflow/example_dags/example_task_group.py
[2025-02-25T23:27:20.352+0000] {logging_mixin.py:190} INFO - [2025-02-25T23:27:20.352+0000] {dag.py:3239} INFO - Sync 1 DAGs
[2025-02-25T23:27:20.360+0000] {logging_mixin.py:190} INFO - [2025-02-25T23:27:20.360+0000] {dag.py:4180} INFO - Setting next_dagrun for example_task_group to None, run_after=None
[2025-02-25T23:27:20.369+0000] {processor.py:208} INFO - Processing /home/airflow/.local/lib/python3.12/site-packages/airflow/example_dags/example_task_group.py took 0.042 seconds
[2025-02-25T23:27:51.268+0000] {processor.py:186} INFO - Started process (PID=735) to work on /home/airflow/.local/lib/python3.12/site-packages/airflow/example_dags/example_task_group.py
[2025-02-25T23:27:51.269+0000] {processor.py:914} INFO - Processing file /home/airflow/.local/lib/python3.12/site-packages/airflow/example_dags/example_task_group.py for tasks to queue
[2025-02-25T23:27:51.270+0000] {logging_mixin.py:190} INFO - [2025-02-25T23:27:51.270+0000] {dagbag.py:588} INFO - Filling up the DagBag from /home/airflow/.local/lib/python3.12/site-packages/airflow/example_dags/example_task_group.py
[2025-02-25T23:27:51.275+0000] {processor.py:925} INFO - DAG(s) 'example_task_group' retrieved from /home/airflow/.local/lib/python3.12/site-packages/airflow/example_dags/example_task_group.py
[2025-02-25T23:27:51.288+0000] {logging_mixin.py:190} INFO - [2025-02-25T23:27:51.288+0000] {dag.py:3239} INFO - Sync 1 DAGs
[2025-02-25T23:27:51.296+0000] {logging_mixin.py:190} INFO - [2025-02-25T23:27:51.296+0000] {dag.py:4180} INFO - Setting next_dagrun for example_task_group to None, run_after=None
[2025-02-25T23:27:51.307+0000] {processor.py:208} INFO - Processing /home/airflow/.local/lib/python3.12/site-packages/airflow/example_dags/example_task_group.py took 0.042 seconds
[2025-02-25T23:28:22.205+0000] {processor.py:186} INFO - Started process (PID=798) to work on /home/airflow/.local/lib/python3.12/site-packages/airflow/example_dags/example_task_group.py
[2025-02-25T23:28:22.205+0000] {processor.py:914} INFO - Processing file /home/airflow/.local/lib/python3.12/site-packages/airflow/example_dags/example_task_group.py for tasks to queue
[2025-02-25T23:28:22.207+0000] {logging_mixin.py:190} INFO - [2025-02-25T23:28:22.207+0000] {dagbag.py:588} INFO - Filling up the DagBag from /home/airflow/.local/lib/python3.12/site-packages/airflow/example_dags/example_task_group.py
[2025-02-25T23:28:22.211+0000] {processor.py:925} INFO - DAG(s) 'example_task_group' retrieved from /home/airflow/.local/lib/python3.12/site-packages/airflow/example_dags/example_task_group.py
[2025-02-25T23:28:22.225+0000] {logging_mixin.py:190} INFO - [2025-02-25T23:28:22.225+0000] {dag.py:3239} INFO - Sync 1 DAGs
[2025-02-25T23:28:22.233+0000] {logging_mixin.py:190} INFO - [2025-02-25T23:28:22.233+0000] {dag.py:4180} INFO - Setting next_dagrun for example_task_group to None, run_after=None
[2025-02-25T23:28:22.244+0000] {processor.py:208} INFO - Processing /home/airflow/.local/lib/python3.12/site-packages/airflow/example_dags/example_task_group.py took 0.043 seconds
[2025-02-25T23:28:52.804+0000] {processor.py:186} INFO - Started process (PID=861) to work on /home/airflow/.local/lib/python3.12/site-packages/airflow/example_dags/example_task_group.py
[2025-02-25T23:28:52.804+0000] {processor.py:914} INFO - Processing file /home/airflow/.local/lib/python3.12/site-packages/airflow/example_dags/example_task_group.py for tasks to queue
[2025-02-25T23:28:52.806+0000] {logging_mixin.py:190} INFO - [2025-02-25T23:28:52.805+0000] {dagbag.py:588} INFO - Filling up the DagBag from /home/airflow/.local/lib/python3.12/site-packages/airflow/example_dags/example_task_group.py
[2025-02-25T23:28:52.811+0000] {processor.py:925} INFO - DAG(s) 'example_task_group' retrieved from /home/airflow/.local/lib/python3.12/site-packages/airflow/example_dags/example_task_group.py
[2025-02-25T23:28:52.825+0000] {logging_mixin.py:190} INFO - [2025-02-25T23:28:52.824+0000] {dag.py:3239} INFO - Sync 1 DAGs
[2025-02-25T23:28:52.833+0000] {logging_mixin.py:190} INFO - [2025-02-25T23:28:52.833+0000] {dag.py:4180} INFO - Setting next_dagrun for example_task_group to None, run_after=None
[2025-02-25T23:28:52.844+0000] {processor.py:208} INFO - Processing /home/airflow/.local/lib/python3.12/site-packages/airflow/example_dags/example_task_group.py took 0.044 seconds
[2025-02-25T23:29:22.920+0000] {processor.py:186} INFO - Started process (PID=924) to work on /home/airflow/.local/lib/python3.12/site-packages/airflow/example_dags/example_task_group.py
[2025-02-25T23:29:22.921+0000] {processor.py:914} INFO - Processing file /home/airflow/.local/lib/python3.12/site-packages/airflow/example_dags/example_task_group.py for tasks to queue
[2025-02-25T23:29:22.922+0000] {logging_mixin.py:190} INFO - [2025-02-25T23:29:22.922+0000] {dagbag.py:588} INFO - Filling up the DagBag from /home/airflow/.local/lib/python3.12/site-packages/airflow/example_dags/example_task_group.py
[2025-02-25T23:29:22.928+0000] {processor.py:925} INFO - DAG(s) 'example_task_group' retrieved from /home/airflow/.local/lib/python3.12/site-packages/airflow/example_dags/example_task_group.py
[2025-02-25T23:29:22.941+0000] {logging_mixin.py:190} INFO - [2025-02-25T23:29:22.941+0000] {dag.py:3239} INFO - Sync 1 DAGs
[2025-02-25T23:29:22.950+0000] {logging_mixin.py:190} INFO - [2025-02-25T23:29:22.950+0000] {dag.py:4180} INFO - Setting next_dagrun for example_task_group to None, run_after=None
[2025-02-25T23:29:22.960+0000] {processor.py:208} INFO - Processing /home/airflow/.local/lib/python3.12/site-packages/airflow/example_dags/example_task_group.py took 0.044 seconds
[2025-02-25T23:29:53.255+0000] {processor.py:186} INFO - Started process (PID=987) to work on /home/airflow/.local/lib/python3.12/site-packages/airflow/example_dags/example_task_group.py
[2025-02-25T23:29:53.256+0000] {processor.py:914} INFO - Processing file /home/airflow/.local/lib/python3.12/site-packages/airflow/example_dags/example_task_group.py for tasks to queue
[2025-02-25T23:29:53.258+0000] {logging_mixin.py:190} INFO - [2025-02-25T23:29:53.258+0000] {dagbag.py:588} INFO - Filling up the DagBag from /home/airflow/.local/lib/python3.12/site-packages/airflow/example_dags/example_task_group.py
[2025-02-25T23:29:53.264+0000] {processor.py:925} INFO - DAG(s) 'example_task_group' retrieved from /home/airflow/.local/lib/python3.12/site-packages/airflow/example_dags/example_task_group.py
[2025-02-25T23:29:53.278+0000] {logging_mixin.py:190} INFO - [2025-02-25T23:29:53.278+0000] {dag.py:3239} INFO - Sync 1 DAGs
[2025-02-25T23:29:53.287+0000] {logging_mixin.py:190} INFO - [2025-02-25T23:29:53.287+0000] {dag.py:4180} INFO - Setting next_dagrun for example_task_group to None, run_after=None
[2025-02-25T23:29:53.297+0000] {processor.py:208} INFO - Processing /home/airflow/.local/lib/python3.12/site-packages/airflow/example_dags/example_task_group.py took 0.045 seconds
[2025-02-25T23:30:23.489+0000] {processor.py:186} INFO - Started process (PID=1050) to work on /home/airflow/.local/lib/python3.12/site-packages/airflow/example_dags/example_task_group.py
[2025-02-25T23:30:23.490+0000] {processor.py:914} INFO - Processing file /home/airflow/.local/lib/python3.12/site-packages/airflow/example_dags/example_task_group.py for tasks to queue
[2025-02-25T23:30:23.491+0000] {logging_mixin.py:190} INFO - [2025-02-25T23:30:23.491+0000] {dagbag.py:588} INFO - Filling up the DagBag from /home/airflow/.local/lib/python3.12/site-packages/airflow/example_dags/example_task_group.py
[2025-02-25T23:30:23.496+0000] {processor.py:925} INFO - DAG(s) 'example_task_group' retrieved from /home/airflow/.local/lib/python3.12/site-packages/airflow/example_dags/example_task_group.py
[2025-02-25T23:30:23.510+0000] {logging_mixin.py:190} INFO - [2025-02-25T23:30:23.509+0000] {dag.py:3239} INFO - Sync 1 DAGs
[2025-02-25T23:30:23.518+0000] {logging_mixin.py:190} INFO - [2025-02-25T23:30:23.518+0000] {dag.py:4180} INFO - Setting next_dagrun for example_task_group to None, run_after=None
[2025-02-25T23:30:23.528+0000] {processor.py:208} INFO - Processing /home/airflow/.local/lib/python3.12/site-packages/airflow/example_dags/example_task_group.py took 0.043 seconds
[2025-02-25T23:30:54.376+0000] {processor.py:186} INFO - Started process (PID=1113) to work on /home/airflow/.local/lib/python3.12/site-packages/airflow/example_dags/example_task_group.py
[2025-02-25T23:30:54.376+0000] {processor.py:914} INFO - Processing file /home/airflow/.local/lib/python3.12/site-packages/airflow/example_dags/example_task_group.py for tasks to queue
[2025-02-25T23:30:54.378+0000] {logging_mixin.py:190} INFO - [2025-02-25T23:30:54.378+0000] {dagbag.py:588} INFO - Filling up the DagBag from /home/airflow/.local/lib/python3.12/site-packages/airflow/example_dags/example_task_group.py
[2025-02-25T23:30:54.383+0000] {processor.py:925} INFO - DAG(s) 'example_task_group' retrieved from /home/airflow/.local/lib/python3.12/site-packages/airflow/example_dags/example_task_group.py
[2025-02-25T23:30:54.397+0000] {logging_mixin.py:190} INFO - [2025-02-25T23:30:54.397+0000] {dag.py:3239} INFO - Sync 1 DAGs
[2025-02-25T23:30:54.406+0000] {logging_mixin.py:190} INFO - [2025-02-25T23:30:54.406+0000] {dag.py:4180} INFO - Setting next_dagrun for example_task_group to None, run_after=None
[2025-02-25T23:30:54.416+0000] {processor.py:208} INFO - Processing /home/airflow/.local/lib/python3.12/site-packages/airflow/example_dags/example_task_group.py took 0.044 seconds
[2025-02-25T23:31:24.966+0000] {processor.py:186} INFO - Started process (PID=1176) to work on /home/airflow/.local/lib/python3.12/site-packages/airflow/example_dags/example_task_group.py
[2025-02-25T23:31:24.967+0000] {processor.py:914} INFO - Processing file /home/airflow/.local/lib/python3.12/site-packages/airflow/example_dags/example_task_group.py for tasks to queue
[2025-02-25T23:31:24.968+0000] {logging_mixin.py:190} INFO - [2025-02-25T23:31:24.968+0000] {dagbag.py:588} INFO - Filling up the DagBag from /home/airflow/.local/lib/python3.12/site-packages/airflow/example_dags/example_task_group.py
[2025-02-25T23:31:24.973+0000] {processor.py:925} INFO - DAG(s) 'example_task_group' retrieved from /home/airflow/.local/lib/python3.12/site-packages/airflow/example_dags/example_task_group.py
[2025-02-25T23:31:24.986+0000] {logging_mixin.py:190} INFO - [2025-02-25T23:31:24.986+0000] {dag.py:3239} INFO - Sync 1 DAGs
[2025-02-25T23:31:24.994+0000] {logging_mixin.py:190} INFO - [2025-02-25T23:31:24.994+0000] {dag.py:4180} INFO - Setting next_dagrun for example_task_group to None, run_after=None
[2025-02-25T23:31:25.005+0000] {processor.py:208} INFO - Processing /home/airflow/.local/lib/python3.12/site-packages/airflow/example_dags/example_task_group.py took 0.043 seconds
[2025-02-25T23:31:55.958+0000] {processor.py:186} INFO - Started process (PID=1239) to work on /home/airflow/.local/lib/python3.12/site-packages/airflow/example_dags/example_task_group.py
[2025-02-25T23:31:55.959+0000] {processor.py:914} INFO - Processing file /home/airflow/.local/lib/python3.12/site-packages/airflow/example_dags/example_task_group.py for tasks to queue
[2025-02-25T23:31:55.961+0000] {logging_mixin.py:190} INFO - [2025-02-25T23:31:55.960+0000] {dagbag.py:588} INFO - Filling up the DagBag from /home/airflow/.local/lib/python3.12/site-packages/airflow/example_dags/example_task_group.py
[2025-02-25T23:31:55.966+0000] {processor.py:925} INFO - DAG(s) 'example_task_group' retrieved from /home/airflow/.local/lib/python3.12/site-packages/airflow/example_dags/example_task_group.py
[2025-02-25T23:31:55.979+0000] {logging_mixin.py:190} INFO - [2025-02-25T23:31:55.979+0000] {dag.py:3239} INFO - Sync 1 DAGs
[2025-02-25T23:31:55.987+0000] {logging_mixin.py:190} INFO - [2025-02-25T23:31:55.987+0000] {dag.py:4180} INFO - Setting next_dagrun for example_task_group to None, run_after=None
[2025-02-25T23:31:55.999+0000] {processor.py:208} INFO - Processing /home/airflow/.local/lib/python3.12/site-packages/airflow/example_dags/example_task_group.py took 0.046 seconds
[2025-02-25T23:32:26.870+0000] {processor.py:186} INFO - Started process (PID=1302) to work on /home/airflow/.local/lib/python3.12/site-packages/airflow/example_dags/example_task_group.py
[2025-02-25T23:32:26.871+0000] {processor.py:914} INFO - Processing file /home/airflow/.local/lib/python3.12/site-packages/airflow/example_dags/example_task_group.py for tasks to queue
[2025-02-25T23:32:26.872+0000] {logging_mixin.py:190} INFO - [2025-02-25T23:32:26.872+0000] {dagbag.py:588} INFO - Filling up the DagBag from /home/airflow/.local/lib/python3.12/site-packages/airflow/example_dags/example_task_group.py
[2025-02-25T23:32:26.877+0000] {processor.py:925} INFO - DAG(s) 'example_task_group' retrieved from /home/airflow/.local/lib/python3.12/site-packages/airflow/example_dags/example_task_group.py
[2025-02-25T23:32:26.890+0000] {logging_mixin.py:190} INFO - [2025-02-25T23:32:26.890+0000] {dag.py:3239} INFO - Sync 1 DAGs
[2025-02-25T23:32:26.899+0000] {logging_mixin.py:190} INFO - [2025-02-25T23:32:26.899+0000] {dag.py:4180} INFO - Setting next_dagrun for example_task_group to None, run_after=None
[2025-02-25T23:32:26.909+0000] {processor.py:208} INFO - Processing /home/airflow/.local/lib/python3.12/site-packages/airflow/example_dags/example_task_group.py took 0.043 seconds
[2025-02-25T23:32:57.871+0000] {processor.py:186} INFO - Started process (PID=1365) to work on /home/airflow/.local/lib/python3.12/site-packages/airflow/example_dags/example_task_group.py
[2025-02-25T23:32:57.872+0000] {processor.py:914} INFO - Processing file /home/airflow/.local/lib/python3.12/site-packages/airflow/example_dags/example_task_group.py for tasks to queue
[2025-02-25T23:32:57.874+0000] {logging_mixin.py:190} INFO - [2025-02-25T23:32:57.874+0000] {dagbag.py:588} INFO - Filling up the DagBag from /home/airflow/.local/lib/python3.12/site-packages/airflow/example_dags/example_task_group.py
[2025-02-25T23:32:57.880+0000] {processor.py:925} INFO - DAG(s) 'example_task_group' retrieved from /home/airflow/.local/lib/python3.12/site-packages/airflow/example_dags/example_task_group.py
[2025-02-25T23:32:57.894+0000] {logging_mixin.py:190} INFO - [2025-02-25T23:32:57.894+0000] {dag.py:3239} INFO - Sync 1 DAGs
[2025-02-25T23:32:57.902+0000] {logging_mixin.py:190} INFO - [2025-02-25T23:32:57.902+0000] {dag.py:4180} INFO - Setting next_dagrun for example_task_group to None, run_after=None
[2025-02-25T23:32:57.914+0000] {processor.py:208} INFO - Processing /home/airflow/.local/lib/python3.12/site-packages/airflow/example_dags/example_task_group.py took 0.046 seconds
[2025-02-25T23:33:28.579+0000] {processor.py:186} INFO - Started process (PID=1428) to work on /home/airflow/.local/lib/python3.12/site-packages/airflow/example_dags/example_task_group.py
[2025-02-25T23:33:28.580+0000] {processor.py:914} INFO - Processing file /home/airflow/.local/lib/python3.12/site-packages/airflow/example_dags/example_task_group.py for tasks to queue
[2025-02-25T23:33:28.581+0000] {logging_mixin.py:190} INFO - [2025-02-25T23:33:28.581+0000] {dagbag.py:588} INFO - Filling up the DagBag from /home/airflow/.local/lib/python3.12/site-packages/airflow/example_dags/example_task_group.py
[2025-02-25T23:33:28.586+0000] {processor.py:925} INFO - DAG(s) 'example_task_group' retrieved from /home/airflow/.local/lib/python3.12/site-packages/airflow/example_dags/example_task_group.py
[2025-02-25T23:33:28.600+0000] {logging_mixin.py:190} INFO - [2025-02-25T23:33:28.599+0000] {dag.py:3239} INFO - Sync 1 DAGs
[2025-02-25T23:33:28.608+0000] {logging_mixin.py:190} INFO - [2025-02-25T23:33:28.607+0000] {dag.py:4180} INFO - Setting next_dagrun for example_task_group to None, run_after=None
[2025-02-25T23:33:28.618+0000] {processor.py:208} INFO - Processing /home/airflow/.local/lib/python3.12/site-packages/airflow/example_dags/example_task_group.py took 0.043 seconds
[2025-02-25T23:33:59.250+0000] {processor.py:186} INFO - Started process (PID=1485) to work on /home/airflow/.local/lib/python3.12/site-packages/airflow/example_dags/example_task_group.py
[2025-02-25T23:33:59.251+0000] {processor.py:914} INFO - Processing file /home/airflow/.local/lib/python3.12/site-packages/airflow/example_dags/example_task_group.py for tasks to queue
[2025-02-25T23:33:59.253+0000] {logging_mixin.py:190} INFO - [2025-02-25T23:33:59.253+0000] {dagbag.py:588} INFO - Filling up the DagBag from /home/airflow/.local/lib/python3.12/site-packages/airflow/example_dags/example_task_group.py
[2025-02-25T23:33:59.258+0000] {processor.py:925} INFO - DAG(s) 'example_task_group' retrieved from /home/airflow/.local/lib/python3.12/site-packages/airflow/example_dags/example_task_group.py
[2025-02-25T23:33:59.271+0000] {logging_mixin.py:190} INFO - [2025-02-25T23:33:59.271+0000] {dag.py:3239} INFO - Sync 1 DAGs
[2025-02-25T23:33:59.279+0000] {logging_mixin.py:190} INFO - [2025-02-25T23:33:59.279+0000] {dag.py:4180} INFO - Setting next_dagrun for example_task_group to None, run_after=None
[2025-02-25T23:33:59.292+0000] {processor.py:208} INFO - Processing /home/airflow/.local/lib/python3.12/site-packages/airflow/example_dags/example_task_group.py took 0.045 seconds
[2025-02-25T23:34:30.158+0000] {processor.py:186} INFO - Started process (PID=1548) to work on /home/airflow/.local/lib/python3.12/site-packages/airflow/example_dags/example_task_group.py
[2025-02-25T23:34:30.159+0000] {processor.py:914} INFO - Processing file /home/airflow/.local/lib/python3.12/site-packages/airflow/example_dags/example_task_group.py for tasks to queue
[2025-02-25T23:34:30.161+0000] {logging_mixin.py:190} INFO - [2025-02-25T23:34:30.160+0000] {dagbag.py:588} INFO - Filling up the DagBag from /home/airflow/.local/lib/python3.12/site-packages/airflow/example_dags/example_task_group.py
[2025-02-25T23:34:30.165+0000] {processor.py:925} INFO - DAG(s) 'example_task_group' retrieved from /home/airflow/.local/lib/python3.12/site-packages/airflow/example_dags/example_task_group.py
[2025-02-25T23:34:30.177+0000] {logging_mixin.py:190} INFO - [2025-02-25T23:34:30.177+0000] {dag.py:3239} INFO - Sync 1 DAGs
[2025-02-25T23:34:30.185+0000] {logging_mixin.py:190} INFO - [2025-02-25T23:34:30.185+0000] {dag.py:4180} INFO - Setting next_dagrun for example_task_group to None, run_after=None
[2025-02-25T23:34:30.195+0000] {processor.py:208} INFO - Processing /home/airflow/.local/lib/python3.12/site-packages/airflow/example_dags/example_task_group.py took 0.040 seconds
[2025-02-25T23:35:00.291+0000] {processor.py:186} INFO - Started process (PID=1611) to work on /home/airflow/.local/lib/python3.12/site-packages/airflow/example_dags/example_task_group.py
[2025-02-25T23:35:00.292+0000] {processor.py:914} INFO - Processing file /home/airflow/.local/lib/python3.12/site-packages/airflow/example_dags/example_task_group.py for tasks to queue
[2025-02-25T23:35:00.294+0000] {logging_mixin.py:190} INFO - [2025-02-25T23:35:00.294+0000] {dagbag.py:588} INFO - Filling up the DagBag from /home/airflow/.local/lib/python3.12/site-packages/airflow/example_dags/example_task_group.py
[2025-02-25T23:35:00.299+0000] {processor.py:925} INFO - DAG(s) 'example_task_group' retrieved from /home/airflow/.local/lib/python3.12/site-packages/airflow/example_dags/example_task_group.py
[2025-02-25T23:35:00.312+0000] {logging_mixin.py:190} INFO - [2025-02-25T23:35:00.312+0000] {dag.py:3239} INFO - Sync 1 DAGs
[2025-02-25T23:35:00.320+0000] {logging_mixin.py:190} INFO - [2025-02-25T23:35:00.320+0000] {dag.py:4180} INFO - Setting next_dagrun for example_task_group to None, run_after=None
[2025-02-25T23:35:00.333+0000] {processor.py:208} INFO - Processing /home/airflow/.local/lib/python3.12/site-packages/airflow/example_dags/example_task_group.py took 0.045 seconds
[2025-02-25T23:35:31.136+0000] {processor.py:186} INFO - Started process (PID=1674) to work on /home/airflow/.local/lib/python3.12/site-packages/airflow/example_dags/example_task_group.py
[2025-02-25T23:35:31.137+0000] {processor.py:914} INFO - Processing file /home/airflow/.local/lib/python3.12/site-packages/airflow/example_dags/example_task_group.py for tasks to queue
[2025-02-25T23:35:31.139+0000] {logging_mixin.py:190} INFO - [2025-02-25T23:35:31.139+0000] {dagbag.py:588} INFO - Filling up the DagBag from /home/airflow/.local/lib/python3.12/site-packages/airflow/example_dags/example_task_group.py
[2025-02-25T23:35:31.144+0000] {processor.py:925} INFO - DAG(s) 'example_task_group' retrieved from /home/airflow/.local/lib/python3.12/site-packages/airflow/example_dags/example_task_group.py
[2025-02-25T23:35:31.158+0000] {logging_mixin.py:190} INFO - [2025-02-25T23:35:31.158+0000] {dag.py:3239} INFO - Sync 1 DAGs
[2025-02-25T23:35:31.167+0000] {logging_mixin.py:190} INFO - [2025-02-25T23:35:31.167+0000] {dag.py:4180} INFO - Setting next_dagrun for example_task_group to None, run_after=None
[2025-02-25T23:35:31.178+0000] {processor.py:208} INFO - Processing /home/airflow/.local/lib/python3.12/site-packages/airflow/example_dags/example_task_group.py took 0.046 seconds
[2025-02-25T23:36:01.280+0000] {processor.py:186} INFO - Started process (PID=1737) to work on /home/airflow/.local/lib/python3.12/site-packages/airflow/example_dags/example_task_group.py
[2025-02-25T23:36:01.281+0000] {processor.py:914} INFO - Processing file /home/airflow/.local/lib/python3.12/site-packages/airflow/example_dags/example_task_group.py for tasks to queue
[2025-02-25T23:36:01.283+0000] {logging_mixin.py:190} INFO - [2025-02-25T23:36:01.283+0000] {dagbag.py:588} INFO - Filling up the DagBag from /home/airflow/.local/lib/python3.12/site-packages/airflow/example_dags/example_task_group.py
[2025-02-25T23:36:01.289+0000] {processor.py:925} INFO - DAG(s) 'example_task_group' retrieved from /home/airflow/.local/lib/python3.12/site-packages/airflow/example_dags/example_task_group.py
[2025-02-25T23:36:01.303+0000] {logging_mixin.py:190} INFO - [2025-02-25T23:36:01.303+0000] {dag.py:3239} INFO - Sync 1 DAGs
[2025-02-25T23:36:01.313+0000] {logging_mixin.py:190} INFO - [2025-02-25T23:36:01.313+0000] {dag.py:4180} INFO - Setting next_dagrun for example_task_group to None, run_after=None
[2025-02-25T23:36:01.325+0000] {processor.py:208} INFO - Processing /home/airflow/.local/lib/python3.12/site-packages/airflow/example_dags/example_task_group.py took 0.048 seconds
[2025-02-25T23:36:31.517+0000] {processor.py:186} INFO - Started process (PID=1800) to work on /home/airflow/.local/lib/python3.12/site-packages/airflow/example_dags/example_task_group.py
[2025-02-25T23:36:31.518+0000] {processor.py:914} INFO - Processing file /home/airflow/.local/lib/python3.12/site-packages/airflow/example_dags/example_task_group.py for tasks to queue
[2025-02-25T23:36:31.520+0000] {logging_mixin.py:190} INFO - [2025-02-25T23:36:31.520+0000] {dagbag.py:588} INFO - Filling up the DagBag from /home/airflow/.local/lib/python3.12/site-packages/airflow/example_dags/example_task_group.py
[2025-02-25T23:36:31.525+0000] {processor.py:925} INFO - DAG(s) 'example_task_group' retrieved from /home/airflow/.local/lib/python3.12/site-packages/airflow/example_dags/example_task_group.py
[2025-02-25T23:36:31.538+0000] {logging_mixin.py:190} INFO - [2025-02-25T23:36:31.538+0000] {dag.py:3239} INFO - Sync 1 DAGs
[2025-02-25T23:36:31.548+0000] {logging_mixin.py:190} INFO - [2025-02-25T23:36:31.548+0000] {dag.py:4180} INFO - Setting next_dagrun for example_task_group to None, run_after=None
[2025-02-25T23:36:31.560+0000] {processor.py:208} INFO - Processing /home/airflow/.local/lib/python3.12/site-packages/airflow/example_dags/example_task_group.py took 0.046 seconds
[2025-02-25T23:37:01.876+0000] {processor.py:186} INFO - Started process (PID=1863) to work on /home/airflow/.local/lib/python3.12/site-packages/airflow/example_dags/example_task_group.py
[2025-02-25T23:37:01.877+0000] {processor.py:914} INFO - Processing file /home/airflow/.local/lib/python3.12/site-packages/airflow/example_dags/example_task_group.py for tasks to queue
[2025-02-25T23:37:01.878+0000] {logging_mixin.py:190} INFO - [2025-02-25T23:37:01.878+0000] {dagbag.py:588} INFO - Filling up the DagBag from /home/airflow/.local/lib/python3.12/site-packages/airflow/example_dags/example_task_group.py
[2025-02-25T23:37:01.882+0000] {processor.py:925} INFO - DAG(s) 'example_task_group' retrieved from /home/airflow/.local/lib/python3.12/site-packages/airflow/example_dags/example_task_group.py
[2025-02-25T23:37:01.895+0000] {logging_mixin.py:190} INFO - [2025-02-25T23:37:01.895+0000] {dag.py:3239} INFO - Sync 1 DAGs
[2025-02-25T23:37:01.903+0000] {logging_mixin.py:190} INFO - [2025-02-25T23:37:01.903+0000] {dag.py:4180} INFO - Setting next_dagrun for example_task_group to None, run_after=None
[2025-02-25T23:37:01.914+0000] {processor.py:208} INFO - Processing /home/airflow/.local/lib/python3.12/site-packages/airflow/example_dags/example_task_group.py took 0.042 seconds
[2025-02-25T23:37:32.164+0000] {processor.py:186} INFO - Started process (PID=1926) to work on /home/airflow/.local/lib/python3.12/site-packages/airflow/example_dags/example_task_group.py
[2025-02-25T23:37:32.164+0000] {processor.py:914} INFO - Processing file /home/airflow/.local/lib/python3.12/site-packages/airflow/example_dags/example_task_group.py for tasks to queue
[2025-02-25T23:37:32.166+0000] {logging_mixin.py:190} INFO - [2025-02-25T23:37:32.165+0000] {dagbag.py:588} INFO - Filling up the DagBag from /home/airflow/.local/lib/python3.12/site-packages/airflow/example_dags/example_task_group.py
[2025-02-25T23:37:32.170+0000] {processor.py:925} INFO - DAG(s) 'example_task_group' retrieved from /home/airflow/.local/lib/python3.12/site-packages/airflow/example_dags/example_task_group.py
[2025-02-25T23:37:32.182+0000] {logging_mixin.py:190} INFO - [2025-02-25T23:37:32.182+0000] {dag.py:3239} INFO - Sync 1 DAGs
[2025-02-25T23:37:32.190+0000] {logging_mixin.py:190} INFO - [2025-02-25T23:37:32.190+0000] {dag.py:4180} INFO - Setting next_dagrun for example_task_group to None, run_after=None
[2025-02-25T23:37:32.199+0000] {processor.py:208} INFO - Processing /home/airflow/.local/lib/python3.12/site-packages/airflow/example_dags/example_task_group.py took 0.039 seconds
[2025-02-25T23:38:02.969+0000] {processor.py:186} INFO - Started process (PID=1989) to work on /home/airflow/.local/lib/python3.12/site-packages/airflow/example_dags/example_task_group.py
[2025-02-25T23:38:02.970+0000] {processor.py:914} INFO - Processing file /home/airflow/.local/lib/python3.12/site-packages/airflow/example_dags/example_task_group.py for tasks to queue
[2025-02-25T23:38:02.972+0000] {logging_mixin.py:190} INFO - [2025-02-25T23:38:02.972+0000] {dagbag.py:588} INFO - Filling up the DagBag from /home/airflow/.local/lib/python3.12/site-packages/airflow/example_dags/example_task_group.py
[2025-02-25T23:38:02.977+0000] {processor.py:925} INFO - DAG(s) 'example_task_group' retrieved from /home/airflow/.local/lib/python3.12/site-packages/airflow/example_dags/example_task_group.py
[2025-02-25T23:38:02.990+0000] {logging_mixin.py:190} INFO - [2025-02-25T23:38:02.990+0000] {dag.py:3239} INFO - Sync 1 DAGs
[2025-02-25T23:38:02.998+0000] {logging_mixin.py:190} INFO - [2025-02-25T23:38:02.998+0000] {dag.py:4180} INFO - Setting next_dagrun for example_task_group to None, run_after=None
[2025-02-25T23:38:03.008+0000] {processor.py:208} INFO - Processing /home/airflow/.local/lib/python3.12/site-packages/airflow/example_dags/example_task_group.py took 0.042 seconds
[2025-02-25T23:38:35.560+0000] {processor.py:186} INFO - Started process (PID=2048) to work on /home/airflow/.local/lib/python3.12/site-packages/airflow/example_dags/example_task_group.py
[2025-02-25T23:38:35.561+0000] {processor.py:914} INFO - Processing file /home/airflow/.local/lib/python3.12/site-packages/airflow/example_dags/example_task_group.py for tasks to queue
[2025-02-25T23:38:35.562+0000] {logging_mixin.py:190} INFO - [2025-02-25T23:38:35.562+0000] {dagbag.py:588} INFO - Filling up the DagBag from /home/airflow/.local/lib/python3.12/site-packages/airflow/example_dags/example_task_group.py
[2025-02-25T23:38:35.567+0000] {processor.py:925} INFO - DAG(s) 'example_task_group' retrieved from /home/airflow/.local/lib/python3.12/site-packages/airflow/example_dags/example_task_group.py
[2025-02-25T23:38:35.579+0000] {logging_mixin.py:190} INFO - [2025-02-25T23:38:35.579+0000] {dag.py:3239} INFO - Sync 1 DAGs
[2025-02-25T23:38:35.588+0000] {logging_mixin.py:190} INFO - [2025-02-25T23:38:35.588+0000] {dag.py:4180} INFO - Setting next_dagrun for example_task_group to None, run_after=None
[2025-02-25T23:38:35.598+0000] {processor.py:208} INFO - Processing /home/airflow/.local/lib/python3.12/site-packages/airflow/example_dags/example_task_group.py took 0.041 seconds
[2025-02-25T23:39:05.815+0000] {processor.py:186} INFO - Started process (PID=2095) to work on /home/airflow/.local/lib/python3.12/site-packages/airflow/example_dags/example_task_group.py
[2025-02-25T23:39:05.816+0000] {processor.py:914} INFO - Processing file /home/airflow/.local/lib/python3.12/site-packages/airflow/example_dags/example_task_group.py for tasks to queue
[2025-02-25T23:39:05.817+0000] {logging_mixin.py:190} INFO - [2025-02-25T23:39:05.817+0000] {dagbag.py:588} INFO - Filling up the DagBag from /home/airflow/.local/lib/python3.12/site-packages/airflow/example_dags/example_task_group.py
[2025-02-25T23:39:05.822+0000] {processor.py:925} INFO - DAG(s) 'example_task_group' retrieved from /home/airflow/.local/lib/python3.12/site-packages/airflow/example_dags/example_task_group.py
[2025-02-25T23:39:05.836+0000] {logging_mixin.py:190} INFO - [2025-02-25T23:39:05.836+0000] {dag.py:3239} INFO - Sync 1 DAGs
[2025-02-25T23:39:05.845+0000] {logging_mixin.py:190} INFO - [2025-02-25T23:39:05.845+0000] {dag.py:4180} INFO - Setting next_dagrun for example_task_group to None, run_after=None
[2025-02-25T23:39:05.855+0000] {processor.py:208} INFO - Processing /home/airflow/.local/lib/python3.12/site-packages/airflow/example_dags/example_task_group.py took 0.044 seconds
[2025-02-25T23:39:36.798+0000] {processor.py:186} INFO - Started process (PID=2158) to work on /home/airflow/.local/lib/python3.12/site-packages/airflow/example_dags/example_task_group.py
[2025-02-25T23:39:36.799+0000] {processor.py:914} INFO - Processing file /home/airflow/.local/lib/python3.12/site-packages/airflow/example_dags/example_task_group.py for tasks to queue
[2025-02-25T23:39:36.800+0000] {logging_mixin.py:190} INFO - [2025-02-25T23:39:36.800+0000] {dagbag.py:588} INFO - Filling up the DagBag from /home/airflow/.local/lib/python3.12/site-packages/airflow/example_dags/example_task_group.py
[2025-02-25T23:39:36.806+0000] {processor.py:925} INFO - DAG(s) 'example_task_group' retrieved from /home/airflow/.local/lib/python3.12/site-packages/airflow/example_dags/example_task_group.py
[2025-02-25T23:39:36.819+0000] {logging_mixin.py:190} INFO - [2025-02-25T23:39:36.819+0000] {dag.py:3239} INFO - Sync 1 DAGs
[2025-02-25T23:39:36.828+0000] {logging_mixin.py:190} INFO - [2025-02-25T23:39:36.828+0000] {dag.py:4180} INFO - Setting next_dagrun for example_task_group to None, run_after=None
[2025-02-25T23:39:36.838+0000] {processor.py:208} INFO - Processing /home/airflow/.local/lib/python3.12/site-packages/airflow/example_dags/example_task_group.py took 0.044 seconds
[2025-02-25T23:41:47.875+0000] {processor.py:186} INFO - Started process (PID=47) to work on /home/airflow/.local/lib/python3.12/site-packages/airflow/example_dags/example_task_group.py
[2025-02-25T23:41:47.875+0000] {processor.py:914} INFO - Processing file /home/airflow/.local/lib/python3.12/site-packages/airflow/example_dags/example_task_group.py for tasks to queue
[2025-02-25T23:41:47.876+0000] {logging_mixin.py:190} INFO - [2025-02-25T23:41:47.876+0000] {dagbag.py:588} INFO - Filling up the DagBag from /home/airflow/.local/lib/python3.12/site-packages/airflow/example_dags/example_task_group.py
[2025-02-25T23:41:47.882+0000] {processor.py:925} INFO - DAG(s) 'example_task_group' retrieved from /home/airflow/.local/lib/python3.12/site-packages/airflow/example_dags/example_task_group.py
[2025-02-25T23:41:47.961+0000] {logging_mixin.py:190} INFO - [2025-02-25T23:41:47.961+0000] {override.py:1912} INFO - Created Permission View: can edit on DAG:example_task_group
[2025-02-25T23:41:47.967+0000] {logging_mixin.py:190} INFO - [2025-02-25T23:41:47.967+0000] {override.py:1912} INFO - Created Permission View: can delete on DAG:example_task_group
[2025-02-25T23:41:47.971+0000] {logging_mixin.py:190} INFO - [2025-02-25T23:41:47.971+0000] {override.py:1912} INFO - Created Permission View: can read on DAG:example_task_group
[2025-02-25T23:41:47.975+0000] {logging_mixin.py:190} INFO - [2025-02-25T23:41:47.975+0000] {override.py:1912} INFO - Created Permission View: can create on DAG Run:example_task_group
[2025-02-25T23:41:47.978+0000] {logging_mixin.py:190} INFO - [2025-02-25T23:41:47.978+0000] {override.py:1912} INFO - Created Permission View: can delete on DAG Run:example_task_group
[2025-02-25T23:41:47.982+0000] {logging_mixin.py:190} INFO - [2025-02-25T23:41:47.982+0000] {override.py:1912} INFO - Created Permission View: can read on DAG Run:example_task_group
[2025-02-25T23:41:47.985+0000] {logging_mixin.py:190} INFO - [2025-02-25T23:41:47.985+0000] {override.py:1912} INFO - Created Permission View: menu access on DAG Run:example_task_group
[2025-02-25T23:41:47.985+0000] {logging_mixin.py:190} INFO - [2025-02-25T23:41:47.985+0000] {dag.py:3239} INFO - Sync 1 DAGs
[2025-02-25T23:41:47.995+0000] {logging_mixin.py:190} INFO - [2025-02-25T23:41:47.995+0000] {dag.py:3262} INFO - Creating ORM DAG for example_task_group
[2025-02-25T23:41:47.995+0000] {logging_mixin.py:190} INFO - [2025-02-25T23:41:47.995+0000] {dag.py:4180} INFO - Setting next_dagrun for example_task_group to None, run_after=None
[2025-02-25T23:41:48.005+0000] {processor.py:208} INFO - Processing /home/airflow/.local/lib/python3.12/site-packages/airflow/example_dags/example_task_group.py took 0.134 seconds
[2025-02-25T23:42:22.853+0000] {processor.py:186} INFO - Started process (PID=110) to work on /home/airflow/.local/lib/python3.12/site-packages/airflow/example_dags/example_task_group.py
[2025-02-25T23:42:22.854+0000] {processor.py:914} INFO - Processing file /home/airflow/.local/lib/python3.12/site-packages/airflow/example_dags/example_task_group.py for tasks to queue
[2025-02-25T23:42:22.855+0000] {logging_mixin.py:190} INFO - [2025-02-25T23:42:22.855+0000] {dagbag.py:588} INFO - Filling up the DagBag from /home/airflow/.local/lib/python3.12/site-packages/airflow/example_dags/example_task_group.py
[2025-02-25T23:42:22.860+0000] {processor.py:925} INFO - DAG(s) 'example_task_group' retrieved from /home/airflow/.local/lib/python3.12/site-packages/airflow/example_dags/example_task_group.py
[2025-02-25T23:42:22.873+0000] {logging_mixin.py:190} INFO - [2025-02-25T23:42:22.873+0000] {dag.py:3239} INFO - Sync 1 DAGs
[2025-02-25T23:42:22.881+0000] {logging_mixin.py:190} INFO - [2025-02-25T23:42:22.881+0000] {dag.py:4180} INFO - Setting next_dagrun for example_task_group to None, run_after=None
[2025-02-25T23:42:22.892+0000] {processor.py:208} INFO - Processing /home/airflow/.local/lib/python3.12/site-packages/airflow/example_dags/example_task_group.py took 0.043 seconds
[2025-02-25T23:42:53.620+0000] {processor.py:186} INFO - Started process (PID=173) to work on /home/airflow/.local/lib/python3.12/site-packages/airflow/example_dags/example_task_group.py
[2025-02-25T23:42:53.620+0000] {processor.py:914} INFO - Processing file /home/airflow/.local/lib/python3.12/site-packages/airflow/example_dags/example_task_group.py for tasks to queue
[2025-02-25T23:42:53.622+0000] {logging_mixin.py:190} INFO - [2025-02-25T23:42:53.621+0000] {dagbag.py:588} INFO - Filling up the DagBag from /home/airflow/.local/lib/python3.12/site-packages/airflow/example_dags/example_task_group.py
[2025-02-25T23:42:53.627+0000] {processor.py:925} INFO - DAG(s) 'example_task_group' retrieved from /home/airflow/.local/lib/python3.12/site-packages/airflow/example_dags/example_task_group.py
[2025-02-25T23:42:53.640+0000] {logging_mixin.py:190} INFO - [2025-02-25T23:42:53.640+0000] {dag.py:3239} INFO - Sync 1 DAGs
[2025-02-25T23:42:53.648+0000] {logging_mixin.py:190} INFO - [2025-02-25T23:42:53.648+0000] {dag.py:4180} INFO - Setting next_dagrun for example_task_group to None, run_after=None
[2025-02-25T23:42:53.658+0000] {processor.py:208} INFO - Processing /home/airflow/.local/lib/python3.12/site-packages/airflow/example_dags/example_task_group.py took 0.042 seconds
[2025-02-25T23:43:24.428+0000] {processor.py:186} INFO - Started process (PID=236) to work on /home/airflow/.local/lib/python3.12/site-packages/airflow/example_dags/example_task_group.py
[2025-02-25T23:43:24.429+0000] {processor.py:914} INFO - Processing file /home/airflow/.local/lib/python3.12/site-packages/airflow/example_dags/example_task_group.py for tasks to queue
[2025-02-25T23:43:24.431+0000] {logging_mixin.py:190} INFO - [2025-02-25T23:43:24.430+0000] {dagbag.py:588} INFO - Filling up the DagBag from /home/airflow/.local/lib/python3.12/site-packages/airflow/example_dags/example_task_group.py
[2025-02-25T23:43:24.436+0000] {processor.py:925} INFO - DAG(s) 'example_task_group' retrieved from /home/airflow/.local/lib/python3.12/site-packages/airflow/example_dags/example_task_group.py
[2025-02-25T23:43:24.449+0000] {logging_mixin.py:190} INFO - [2025-02-25T23:43:24.449+0000] {dag.py:3239} INFO - Sync 1 DAGs
[2025-02-25T23:43:24.457+0000] {logging_mixin.py:190} INFO - [2025-02-25T23:43:24.457+0000] {dag.py:4180} INFO - Setting next_dagrun for example_task_group to None, run_after=None
[2025-02-25T23:43:24.468+0000] {processor.py:208} INFO - Processing /home/airflow/.local/lib/python3.12/site-packages/airflow/example_dags/example_task_group.py took 0.043 seconds
[2025-02-25T23:43:54.582+0000] {processor.py:186} INFO - Started process (PID=299) to work on /home/airflow/.local/lib/python3.12/site-packages/airflow/example_dags/example_task_group.py
[2025-02-25T23:43:54.583+0000] {processor.py:914} INFO - Processing file /home/airflow/.local/lib/python3.12/site-packages/airflow/example_dags/example_task_group.py for tasks to queue
[2025-02-25T23:43:54.584+0000] {logging_mixin.py:190} INFO - [2025-02-25T23:43:54.584+0000] {dagbag.py:588} INFO - Filling up the DagBag from /home/airflow/.local/lib/python3.12/site-packages/airflow/example_dags/example_task_group.py
[2025-02-25T23:43:54.589+0000] {processor.py:925} INFO - DAG(s) 'example_task_group' retrieved from /home/airflow/.local/lib/python3.12/site-packages/airflow/example_dags/example_task_group.py
[2025-02-25T23:43:54.602+0000] {logging_mixin.py:190} INFO - [2025-02-25T23:43:54.602+0000] {dag.py:3239} INFO - Sync 1 DAGs
[2025-02-25T23:43:54.611+0000] {logging_mixin.py:190} INFO - [2025-02-25T23:43:54.611+0000] {dag.py:4180} INFO - Setting next_dagrun for example_task_group to None, run_after=None
[2025-02-25T23:43:54.621+0000] {processor.py:208} INFO - Processing /home/airflow/.local/lib/python3.12/site-packages/airflow/example_dags/example_task_group.py took 0.042 seconds
[2025-02-25T23:44:25.229+0000] {processor.py:186} INFO - Started process (PID=362) to work on /home/airflow/.local/lib/python3.12/site-packages/airflow/example_dags/example_task_group.py
[2025-02-25T23:44:25.230+0000] {processor.py:914} INFO - Processing file /home/airflow/.local/lib/python3.12/site-packages/airflow/example_dags/example_task_group.py for tasks to queue
[2025-02-25T23:44:25.231+0000] {logging_mixin.py:190} INFO - [2025-02-25T23:44:25.231+0000] {dagbag.py:588} INFO - Filling up the DagBag from /home/airflow/.local/lib/python3.12/site-packages/airflow/example_dags/example_task_group.py
[2025-02-25T23:44:25.236+0000] {processor.py:925} INFO - DAG(s) 'example_task_group' retrieved from /home/airflow/.local/lib/python3.12/site-packages/airflow/example_dags/example_task_group.py
[2025-02-25T23:44:25.249+0000] {logging_mixin.py:190} INFO - [2025-02-25T23:44:25.248+0000] {dag.py:3239} INFO - Sync 1 DAGs
[2025-02-25T23:44:25.256+0000] {logging_mixin.py:190} INFO - [2025-02-25T23:44:25.256+0000] {dag.py:4180} INFO - Setting next_dagrun for example_task_group to None, run_after=None
[2025-02-25T23:44:25.267+0000] {processor.py:208} INFO - Processing /home/airflow/.local/lib/python3.12/site-packages/airflow/example_dags/example_task_group.py took 0.042 seconds
[2025-02-25T23:44:56.027+0000] {processor.py:186} INFO - Started process (PID=425) to work on /home/airflow/.local/lib/python3.12/site-packages/airflow/example_dags/example_task_group.py
[2025-02-25T23:44:56.028+0000] {processor.py:914} INFO - Processing file /home/airflow/.local/lib/python3.12/site-packages/airflow/example_dags/example_task_group.py for tasks to queue
[2025-02-25T23:44:56.030+0000] {logging_mixin.py:190} INFO - [2025-02-25T23:44:56.030+0000] {dagbag.py:588} INFO - Filling up the DagBag from /home/airflow/.local/lib/python3.12/site-packages/airflow/example_dags/example_task_group.py
[2025-02-25T23:44:56.035+0000] {processor.py:925} INFO - DAG(s) 'example_task_group' retrieved from /home/airflow/.local/lib/python3.12/site-packages/airflow/example_dags/example_task_group.py
[2025-02-25T23:44:56.048+0000] {logging_mixin.py:190} INFO - [2025-02-25T23:44:56.048+0000] {dag.py:3239} INFO - Sync 1 DAGs
[2025-02-25T23:44:56.056+0000] {logging_mixin.py:190} INFO - [2025-02-25T23:44:56.056+0000] {dag.py:4180} INFO - Setting next_dagrun for example_task_group to None, run_after=None
[2025-02-25T23:44:56.066+0000] {processor.py:208} INFO - Processing /home/airflow/.local/lib/python3.12/site-packages/airflow/example_dags/example_task_group.py took 0.043 seconds
[2025-02-25T23:45:26.763+0000] {processor.py:186} INFO - Started process (PID=488) to work on /home/airflow/.local/lib/python3.12/site-packages/airflow/example_dags/example_task_group.py
[2025-02-25T23:45:26.764+0000] {processor.py:914} INFO - Processing file /home/airflow/.local/lib/python3.12/site-packages/airflow/example_dags/example_task_group.py for tasks to queue
[2025-02-25T23:45:26.766+0000] {logging_mixin.py:190} INFO - [2025-02-25T23:45:26.766+0000] {dagbag.py:588} INFO - Filling up the DagBag from /home/airflow/.local/lib/python3.12/site-packages/airflow/example_dags/example_task_group.py
[2025-02-25T23:45:26.771+0000] {processor.py:925} INFO - DAG(s) 'example_task_group' retrieved from /home/airflow/.local/lib/python3.12/site-packages/airflow/example_dags/example_task_group.py
[2025-02-25T23:45:26.784+0000] {logging_mixin.py:190} INFO - [2025-02-25T23:45:26.784+0000] {dag.py:3239} INFO - Sync 1 DAGs
[2025-02-25T23:45:26.792+0000] {logging_mixin.py:190} INFO - [2025-02-25T23:45:26.792+0000] {dag.py:4180} INFO - Setting next_dagrun for example_task_group to None, run_after=None
[2025-02-25T23:45:26.802+0000] {processor.py:208} INFO - Processing /home/airflow/.local/lib/python3.12/site-packages/airflow/example_dags/example_task_group.py took 0.042 seconds
[2025-02-25T23:45:57.584+0000] {processor.py:186} INFO - Started process (PID=551) to work on /home/airflow/.local/lib/python3.12/site-packages/airflow/example_dags/example_task_group.py
[2025-02-25T23:45:57.585+0000] {processor.py:914} INFO - Processing file /home/airflow/.local/lib/python3.12/site-packages/airflow/example_dags/example_task_group.py for tasks to queue
[2025-02-25T23:45:57.587+0000] {logging_mixin.py:190} INFO - [2025-02-25T23:45:57.586+0000] {dagbag.py:588} INFO - Filling up the DagBag from /home/airflow/.local/lib/python3.12/site-packages/airflow/example_dags/example_task_group.py
[2025-02-25T23:45:57.591+0000] {processor.py:925} INFO - DAG(s) 'example_task_group' retrieved from /home/airflow/.local/lib/python3.12/site-packages/airflow/example_dags/example_task_group.py
[2025-02-25T23:45:57.604+0000] {logging_mixin.py:190} INFO - [2025-02-25T23:45:57.604+0000] {dag.py:3239} INFO - Sync 1 DAGs
[2025-02-25T23:45:57.613+0000] {logging_mixin.py:190} INFO - [2025-02-25T23:45:57.613+0000] {dag.py:4180} INFO - Setting next_dagrun for example_task_group to None, run_after=None
[2025-02-25T23:45:57.624+0000] {processor.py:208} INFO - Processing /home/airflow/.local/lib/python3.12/site-packages/airflow/example_dags/example_task_group.py took 0.045 seconds
[2025-02-25T23:46:29.330+0000] {processor.py:186} INFO - Started process (PID=608) to work on /home/airflow/.local/lib/python3.12/site-packages/airflow/example_dags/example_task_group.py
[2025-02-25T23:46:29.330+0000] {processor.py:914} INFO - Processing file /home/airflow/.local/lib/python3.12/site-packages/airflow/example_dags/example_task_group.py for tasks to queue
[2025-02-25T23:46:29.332+0000] {logging_mixin.py:190} INFO - [2025-02-25T23:46:29.332+0000] {dagbag.py:588} INFO - Filling up the DagBag from /home/airflow/.local/lib/python3.12/site-packages/airflow/example_dags/example_task_group.py
[2025-02-25T23:46:29.336+0000] {processor.py:925} INFO - DAG(s) 'example_task_group' retrieved from /home/airflow/.local/lib/python3.12/site-packages/airflow/example_dags/example_task_group.py
[2025-02-25T23:46:29.350+0000] {logging_mixin.py:190} INFO - [2025-02-25T23:46:29.350+0000] {dag.py:3239} INFO - Sync 1 DAGs
[2025-02-25T23:46:29.359+0000] {logging_mixin.py:190} INFO - [2025-02-25T23:46:29.359+0000] {dag.py:4180} INFO - Setting next_dagrun for example_task_group to None, run_after=None
[2025-02-25T23:46:29.369+0000] {processor.py:208} INFO - Processing /home/airflow/.local/lib/python3.12/site-packages/airflow/example_dags/example_task_group.py took 0.043 seconds
[2025-02-25T23:47:00.204+0000] {processor.py:186} INFO - Started process (PID=671) to work on /home/airflow/.local/lib/python3.12/site-packages/airflow/example_dags/example_task_group.py
[2025-02-25T23:47:00.205+0000] {processor.py:914} INFO - Processing file /home/airflow/.local/lib/python3.12/site-packages/airflow/example_dags/example_task_group.py for tasks to queue
[2025-02-25T23:47:00.206+0000] {logging_mixin.py:190} INFO - [2025-02-25T23:47:00.206+0000] {dagbag.py:588} INFO - Filling up the DagBag from /home/airflow/.local/lib/python3.12/site-packages/airflow/example_dags/example_task_group.py
[2025-02-25T23:47:00.211+0000] {processor.py:925} INFO - DAG(s) 'example_task_group' retrieved from /home/airflow/.local/lib/python3.12/site-packages/airflow/example_dags/example_task_group.py
[2025-02-25T23:47:00.223+0000] {logging_mixin.py:190} INFO - [2025-02-25T23:47:00.223+0000] {dag.py:3239} INFO - Sync 1 DAGs
[2025-02-25T23:47:00.232+0000] {logging_mixin.py:190} INFO - [2025-02-25T23:47:00.231+0000] {dag.py:4180} INFO - Setting next_dagrun for example_task_group to None, run_after=None
[2025-02-25T23:47:00.241+0000] {processor.py:208} INFO - Processing /home/airflow/.local/lib/python3.12/site-packages/airflow/example_dags/example_task_group.py took 0.041 seconds
[2025-02-25T23:47:30.937+0000] {processor.py:186} INFO - Started process (PID=734) to work on /home/airflow/.local/lib/python3.12/site-packages/airflow/example_dags/example_task_group.py
[2025-02-25T23:47:30.937+0000] {processor.py:914} INFO - Processing file /home/airflow/.local/lib/python3.12/site-packages/airflow/example_dags/example_task_group.py for tasks to queue
[2025-02-25T23:47:30.939+0000] {logging_mixin.py:190} INFO - [2025-02-25T23:47:30.939+0000] {dagbag.py:588} INFO - Filling up the DagBag from /home/airflow/.local/lib/python3.12/site-packages/airflow/example_dags/example_task_group.py
[2025-02-25T23:47:30.944+0000] {processor.py:925} INFO - DAG(s) 'example_task_group' retrieved from /home/airflow/.local/lib/python3.12/site-packages/airflow/example_dags/example_task_group.py
[2025-02-25T23:47:30.958+0000] {logging_mixin.py:190} INFO - [2025-02-25T23:47:30.957+0000] {dag.py:3239} INFO - Sync 1 DAGs
[2025-02-25T23:47:30.966+0000] {logging_mixin.py:190} INFO - [2025-02-25T23:47:30.965+0000] {dag.py:4180} INFO - Setting next_dagrun for example_task_group to None, run_after=None
[2025-02-25T23:47:30.977+0000] {processor.py:208} INFO - Processing /home/airflow/.local/lib/python3.12/site-packages/airflow/example_dags/example_task_group.py took 0.043 seconds
[2025-02-25T23:48:01.607+0000] {processor.py:186} INFO - Started process (PID=797) to work on /home/airflow/.local/lib/python3.12/site-packages/airflow/example_dags/example_task_group.py
[2025-02-25T23:48:01.608+0000] {processor.py:914} INFO - Processing file /home/airflow/.local/lib/python3.12/site-packages/airflow/example_dags/example_task_group.py for tasks to queue
[2025-02-25T23:48:01.610+0000] {logging_mixin.py:190} INFO - [2025-02-25T23:48:01.609+0000] {dagbag.py:588} INFO - Filling up the DagBag from /home/airflow/.local/lib/python3.12/site-packages/airflow/example_dags/example_task_group.py
[2025-02-25T23:48:01.615+0000] {processor.py:925} INFO - DAG(s) 'example_task_group' retrieved from /home/airflow/.local/lib/python3.12/site-packages/airflow/example_dags/example_task_group.py
[2025-02-25T23:48:01.629+0000] {logging_mixin.py:190} INFO - [2025-02-25T23:48:01.629+0000] {dag.py:3239} INFO - Sync 1 DAGs
[2025-02-25T23:48:01.638+0000] {logging_mixin.py:190} INFO - [2025-02-25T23:48:01.638+0000] {dag.py:4180} INFO - Setting next_dagrun for example_task_group to None, run_after=None
[2025-02-25T23:48:01.650+0000] {processor.py:208} INFO - Processing /home/airflow/.local/lib/python3.12/site-packages/airflow/example_dags/example_task_group.py took 0.047 seconds
[2025-02-25T23:48:32.481+0000] {processor.py:186} INFO - Started process (PID=860) to work on /home/airflow/.local/lib/python3.12/site-packages/airflow/example_dags/example_task_group.py
[2025-02-25T23:48:32.482+0000] {processor.py:914} INFO - Processing file /home/airflow/.local/lib/python3.12/site-packages/airflow/example_dags/example_task_group.py for tasks to queue
[2025-02-25T23:48:32.483+0000] {logging_mixin.py:190} INFO - [2025-02-25T23:48:32.483+0000] {dagbag.py:588} INFO - Filling up the DagBag from /home/airflow/.local/lib/python3.12/site-packages/airflow/example_dags/example_task_group.py
[2025-02-25T23:48:32.488+0000] {processor.py:925} INFO - DAG(s) 'example_task_group' retrieved from /home/airflow/.local/lib/python3.12/site-packages/airflow/example_dags/example_task_group.py
[2025-02-25T23:48:32.501+0000] {logging_mixin.py:190} INFO - [2025-02-25T23:48:32.501+0000] {dag.py:3239} INFO - Sync 1 DAGs
[2025-02-25T23:48:32.510+0000] {logging_mixin.py:190} INFO - [2025-02-25T23:48:32.510+0000] {dag.py:4180} INFO - Setting next_dagrun for example_task_group to None, run_after=None
[2025-02-25T23:48:32.521+0000] {processor.py:208} INFO - Processing /home/airflow/.local/lib/python3.12/site-packages/airflow/example_dags/example_task_group.py took 0.043 seconds
[2025-02-25T23:49:03.398+0000] {processor.py:186} INFO - Started process (PID=923) to work on /home/airflow/.local/lib/python3.12/site-packages/airflow/example_dags/example_task_group.py
[2025-02-25T23:49:03.399+0000] {processor.py:914} INFO - Processing file /home/airflow/.local/lib/python3.12/site-packages/airflow/example_dags/example_task_group.py for tasks to queue
[2025-02-25T23:49:03.401+0000] {logging_mixin.py:190} INFO - [2025-02-25T23:49:03.400+0000] {dagbag.py:588} INFO - Filling up the DagBag from /home/airflow/.local/lib/python3.12/site-packages/airflow/example_dags/example_task_group.py
[2025-02-25T23:49:03.405+0000] {processor.py:925} INFO - DAG(s) 'example_task_group' retrieved from /home/airflow/.local/lib/python3.12/site-packages/airflow/example_dags/example_task_group.py
[2025-02-25T23:49:03.418+0000] {logging_mixin.py:190} INFO - [2025-02-25T23:49:03.418+0000] {dag.py:3239} INFO - Sync 1 DAGs
[2025-02-25T23:49:03.426+0000] {logging_mixin.py:190} INFO - [2025-02-25T23:49:03.426+0000] {dag.py:4180} INFO - Setting next_dagrun for example_task_group to None, run_after=None
[2025-02-25T23:49:03.436+0000] {processor.py:208} INFO - Processing /home/airflow/.local/lib/python3.12/site-packages/airflow/example_dags/example_task_group.py took 0.041 seconds
[2025-02-25T23:49:33.809+0000] {processor.py:186} INFO - Started process (PID=986) to work on /home/airflow/.local/lib/python3.12/site-packages/airflow/example_dags/example_task_group.py
[2025-02-25T23:49:33.810+0000] {processor.py:914} INFO - Processing file /home/airflow/.local/lib/python3.12/site-packages/airflow/example_dags/example_task_group.py for tasks to queue
[2025-02-25T23:49:33.811+0000] {logging_mixin.py:190} INFO - [2025-02-25T23:49:33.811+0000] {dagbag.py:588} INFO - Filling up the DagBag from /home/airflow/.local/lib/python3.12/site-packages/airflow/example_dags/example_task_group.py
[2025-02-25T23:49:33.817+0000] {processor.py:925} INFO - DAG(s) 'example_task_group' retrieved from /home/airflow/.local/lib/python3.12/site-packages/airflow/example_dags/example_task_group.py
[2025-02-25T23:49:33.830+0000] {logging_mixin.py:190} INFO - [2025-02-25T23:49:33.830+0000] {dag.py:3239} INFO - Sync 1 DAGs
[2025-02-25T23:49:33.839+0000] {logging_mixin.py:190} INFO - [2025-02-25T23:49:33.839+0000] {dag.py:4180} INFO - Setting next_dagrun for example_task_group to None, run_after=None
[2025-02-25T23:49:33.850+0000] {processor.py:208} INFO - Processing /home/airflow/.local/lib/python3.12/site-packages/airflow/example_dags/example_task_group.py took 0.044 seconds
[2025-02-25T23:50:03.901+0000] {processor.py:186} INFO - Started process (PID=1049) to work on /home/airflow/.local/lib/python3.12/site-packages/airflow/example_dags/example_task_group.py
[2025-02-25T23:50:03.902+0000] {processor.py:914} INFO - Processing file /home/airflow/.local/lib/python3.12/site-packages/airflow/example_dags/example_task_group.py for tasks to queue
[2025-02-25T23:50:03.903+0000] {logging_mixin.py:190} INFO - [2025-02-25T23:50:03.903+0000] {dagbag.py:588} INFO - Filling up the DagBag from /home/airflow/.local/lib/python3.12/site-packages/airflow/example_dags/example_task_group.py
[2025-02-25T23:50:03.908+0000] {processor.py:925} INFO - DAG(s) 'example_task_group' retrieved from /home/airflow/.local/lib/python3.12/site-packages/airflow/example_dags/example_task_group.py
[2025-02-25T23:50:03.922+0000] {logging_mixin.py:190} INFO - [2025-02-25T23:50:03.922+0000] {dag.py:3239} INFO - Sync 1 DAGs
[2025-02-25T23:50:03.932+0000] {logging_mixin.py:190} INFO - [2025-02-25T23:50:03.931+0000] {dag.py:4180} INFO - Setting next_dagrun for example_task_group to None, run_after=None
[2025-02-25T23:50:03.942+0000] {processor.py:208} INFO - Processing /home/airflow/.local/lib/python3.12/site-packages/airflow/example_dags/example_task_group.py took 0.045 seconds
[2025-02-25T23:50:35.354+0000] {processor.py:186} INFO - Started process (PID=1112) to work on /home/airflow/.local/lib/python3.12/site-packages/airflow/example_dags/example_task_group.py
[2025-02-25T23:50:35.355+0000] {processor.py:914} INFO - Processing file /home/airflow/.local/lib/python3.12/site-packages/airflow/example_dags/example_task_group.py for tasks to queue
[2025-02-25T23:50:35.357+0000] {logging_mixin.py:190} INFO - [2025-02-25T23:50:35.356+0000] {dagbag.py:588} INFO - Filling up the DagBag from /home/airflow/.local/lib/python3.12/site-packages/airflow/example_dags/example_task_group.py
[2025-02-25T23:50:35.362+0000] {processor.py:925} INFO - DAG(s) 'example_task_group' retrieved from /home/airflow/.local/lib/python3.12/site-packages/airflow/example_dags/example_task_group.py
[2025-02-25T23:50:35.375+0000] {logging_mixin.py:190} INFO - [2025-02-25T23:50:35.374+0000] {dag.py:3239} INFO - Sync 1 DAGs
[2025-02-25T23:50:35.383+0000] {logging_mixin.py:190} INFO - [2025-02-25T23:50:35.383+0000] {dag.py:4180} INFO - Setting next_dagrun for example_task_group to None, run_after=None
[2025-02-25T23:50:35.394+0000] {processor.py:208} INFO - Processing /home/airflow/.local/lib/python3.12/site-packages/airflow/example_dags/example_task_group.py took 0.043 seconds
[2025-02-25T23:51:05.830+0000] {processor.py:186} INFO - Started process (PID=1175) to work on /home/airflow/.local/lib/python3.12/site-packages/airflow/example_dags/example_task_group.py
[2025-02-25T23:51:05.831+0000] {processor.py:914} INFO - Processing file /home/airflow/.local/lib/python3.12/site-packages/airflow/example_dags/example_task_group.py for tasks to queue
[2025-02-25T23:51:05.833+0000] {logging_mixin.py:190} INFO - [2025-02-25T23:51:05.833+0000] {dagbag.py:588} INFO - Filling up the DagBag from /home/airflow/.local/lib/python3.12/site-packages/airflow/example_dags/example_task_group.py
[2025-02-25T23:51:05.838+0000] {processor.py:925} INFO - DAG(s) 'example_task_group' retrieved from /home/airflow/.local/lib/python3.12/site-packages/airflow/example_dags/example_task_group.py
[2025-02-25T23:51:05.851+0000] {logging_mixin.py:190} INFO - [2025-02-25T23:51:05.851+0000] {dag.py:3239} INFO - Sync 1 DAGs
[2025-02-25T23:51:05.859+0000] {logging_mixin.py:190} INFO - [2025-02-25T23:51:05.859+0000] {dag.py:4180} INFO - Setting next_dagrun for example_task_group to None, run_after=None
[2025-02-25T23:51:05.870+0000] {processor.py:208} INFO - Processing /home/airflow/.local/lib/python3.12/site-packages/airflow/example_dags/example_task_group.py took 0.043 seconds
[2025-02-25T23:51:36.388+0000] {processor.py:186} INFO - Started process (PID=1238) to work on /home/airflow/.local/lib/python3.12/site-packages/airflow/example_dags/example_task_group.py
[2025-02-25T23:51:36.389+0000] {processor.py:914} INFO - Processing file /home/airflow/.local/lib/python3.12/site-packages/airflow/example_dags/example_task_group.py for tasks to queue
[2025-02-25T23:51:36.391+0000] {logging_mixin.py:190} INFO - [2025-02-25T23:51:36.391+0000] {dagbag.py:588} INFO - Filling up the DagBag from /home/airflow/.local/lib/python3.12/site-packages/airflow/example_dags/example_task_group.py
[2025-02-25T23:51:36.396+0000] {processor.py:925} INFO - DAG(s) 'example_task_group' retrieved from /home/airflow/.local/lib/python3.12/site-packages/airflow/example_dags/example_task_group.py
[2025-02-25T23:51:36.409+0000] {logging_mixin.py:190} INFO - [2025-02-25T23:51:36.409+0000] {dag.py:3239} INFO - Sync 1 DAGs
[2025-02-25T23:51:36.417+0000] {logging_mixin.py:190} INFO - [2025-02-25T23:51:36.417+0000] {dag.py:4180} INFO - Setting next_dagrun for example_task_group to None, run_after=None
[2025-02-25T23:51:36.428+0000] {processor.py:208} INFO - Processing /home/airflow/.local/lib/python3.12/site-packages/airflow/example_dags/example_task_group.py took 0.043 seconds
[2025-02-25T23:52:07.129+0000] {processor.py:186} INFO - Started process (PID=1301) to work on /home/airflow/.local/lib/python3.12/site-packages/airflow/example_dags/example_task_group.py
[2025-02-25T23:52:07.130+0000] {processor.py:914} INFO - Processing file /home/airflow/.local/lib/python3.12/site-packages/airflow/example_dags/example_task_group.py for tasks to queue
[2025-02-25T23:52:07.132+0000] {logging_mixin.py:190} INFO - [2025-02-25T23:52:07.131+0000] {dagbag.py:588} INFO - Filling up the DagBag from /home/airflow/.local/lib/python3.12/site-packages/airflow/example_dags/example_task_group.py
[2025-02-25T23:52:07.136+0000] {processor.py:925} INFO - DAG(s) 'example_task_group' retrieved from /home/airflow/.local/lib/python3.12/site-packages/airflow/example_dags/example_task_group.py
[2025-02-25T23:52:07.149+0000] {logging_mixin.py:190} INFO - [2025-02-25T23:52:07.149+0000] {dag.py:3239} INFO - Sync 1 DAGs
[2025-02-25T23:52:07.157+0000] {logging_mixin.py:190} INFO - [2025-02-25T23:52:07.157+0000] {dag.py:4180} INFO - Setting next_dagrun for example_task_group to None, run_after=None
[2025-02-25T23:52:07.168+0000] {processor.py:208} INFO - Processing /home/airflow/.local/lib/python3.12/site-packages/airflow/example_dags/example_task_group.py took 0.042 seconds
[2025-02-25T23:52:37.471+0000] {processor.py:186} INFO - Started process (PID=1364) to work on /home/airflow/.local/lib/python3.12/site-packages/airflow/example_dags/example_task_group.py
[2025-02-25T23:52:37.472+0000] {processor.py:914} INFO - Processing file /home/airflow/.local/lib/python3.12/site-packages/airflow/example_dags/example_task_group.py for tasks to queue
[2025-02-25T23:52:37.473+0000] {logging_mixin.py:190} INFO - [2025-02-25T23:52:37.473+0000] {dagbag.py:588} INFO - Filling up the DagBag from /home/airflow/.local/lib/python3.12/site-packages/airflow/example_dags/example_task_group.py
[2025-02-25T23:52:37.478+0000] {processor.py:925} INFO - DAG(s) 'example_task_group' retrieved from /home/airflow/.local/lib/python3.12/site-packages/airflow/example_dags/example_task_group.py
[2025-02-25T23:52:37.492+0000] {logging_mixin.py:190} INFO - [2025-02-25T23:52:37.491+0000] {dag.py:3239} INFO - Sync 1 DAGs
[2025-02-25T23:52:37.500+0000] {logging_mixin.py:190} INFO - [2025-02-25T23:52:37.499+0000] {dag.py:4180} INFO - Setting next_dagrun for example_task_group to None, run_after=None
[2025-02-25T23:52:37.512+0000] {processor.py:208} INFO - Processing /home/airflow/.local/lib/python3.12/site-packages/airflow/example_dags/example_task_group.py took 0.045 seconds
[2025-02-25T23:53:08.446+0000] {processor.py:186} INFO - Started process (PID=1428) to work on /home/airflow/.local/lib/python3.12/site-packages/airflow/example_dags/example_task_group.py
[2025-02-25T23:53:08.447+0000] {processor.py:914} INFO - Processing file /home/airflow/.local/lib/python3.12/site-packages/airflow/example_dags/example_task_group.py for tasks to queue
[2025-02-25T23:53:08.448+0000] {logging_mixin.py:190} INFO - [2025-02-25T23:53:08.448+0000] {dagbag.py:588} INFO - Filling up the DagBag from /home/airflow/.local/lib/python3.12/site-packages/airflow/example_dags/example_task_group.py
[2025-02-25T23:53:08.453+0000] {processor.py:925} INFO - DAG(s) 'example_task_group' retrieved from /home/airflow/.local/lib/python3.12/site-packages/airflow/example_dags/example_task_group.py
[2025-02-25T23:53:08.466+0000] {logging_mixin.py:190} INFO - [2025-02-25T23:53:08.466+0000] {dag.py:3239} INFO - Sync 1 DAGs
[2025-02-25T23:53:08.475+0000] {logging_mixin.py:190} INFO - [2025-02-25T23:53:08.475+0000] {dag.py:4180} INFO - Setting next_dagrun for example_task_group to None, run_after=None
[2025-02-25T23:53:08.487+0000] {processor.py:208} INFO - Processing /home/airflow/.local/lib/python3.12/site-packages/airflow/example_dags/example_task_group.py took 0.045 seconds
[2025-02-25T23:53:39.465+0000] {processor.py:186} INFO - Started process (PID=1491) to work on /home/airflow/.local/lib/python3.12/site-packages/airflow/example_dags/example_task_group.py
[2025-02-25T23:53:39.465+0000] {processor.py:914} INFO - Processing file /home/airflow/.local/lib/python3.12/site-packages/airflow/example_dags/example_task_group.py for tasks to queue
[2025-02-25T23:53:39.467+0000] {logging_mixin.py:190} INFO - [2025-02-25T23:53:39.467+0000] {dagbag.py:588} INFO - Filling up the DagBag from /home/airflow/.local/lib/python3.12/site-packages/airflow/example_dags/example_task_group.py
[2025-02-25T23:53:39.473+0000] {processor.py:925} INFO - DAG(s) 'example_task_group' retrieved from /home/airflow/.local/lib/python3.12/site-packages/airflow/example_dags/example_task_group.py
[2025-02-25T23:53:39.486+0000] {logging_mixin.py:190} INFO - [2025-02-25T23:53:39.485+0000] {dag.py:3239} INFO - Sync 1 DAGs
[2025-02-25T23:53:39.495+0000] {logging_mixin.py:190} INFO - [2025-02-25T23:53:39.495+0000] {dag.py:4180} INFO - Setting next_dagrun for example_task_group to None, run_after=None
[2025-02-25T23:53:39.506+0000] {processor.py:208} INFO - Processing /home/airflow/.local/lib/python3.12/site-packages/airflow/example_dags/example_task_group.py took 0.044 seconds
[2025-02-25T23:54:10.280+0000] {processor.py:186} INFO - Started process (PID=1554) to work on /home/airflow/.local/lib/python3.12/site-packages/airflow/example_dags/example_task_group.py
[2025-02-25T23:54:10.280+0000] {processor.py:914} INFO - Processing file /home/airflow/.local/lib/python3.12/site-packages/airflow/example_dags/example_task_group.py for tasks to queue
[2025-02-25T23:54:10.282+0000] {logging_mixin.py:190} INFO - [2025-02-25T23:54:10.281+0000] {dagbag.py:588} INFO - Filling up the DagBag from /home/airflow/.local/lib/python3.12/site-packages/airflow/example_dags/example_task_group.py
[2025-02-25T23:54:10.287+0000] {processor.py:925} INFO - DAG(s) 'example_task_group' retrieved from /home/airflow/.local/lib/python3.12/site-packages/airflow/example_dags/example_task_group.py
[2025-02-25T23:54:10.306+0000] {logging_mixin.py:190} INFO - [2025-02-25T23:54:10.306+0000] {dag.py:3239} INFO - Sync 1 DAGs
[2025-02-25T23:54:10.318+0000] {logging_mixin.py:190} INFO - [2025-02-25T23:54:10.318+0000] {dag.py:4180} INFO - Setting next_dagrun for example_task_group to None, run_after=None
[2025-02-25T23:54:10.329+0000] {processor.py:208} INFO - Processing /home/airflow/.local/lib/python3.12/site-packages/airflow/example_dags/example_task_group.py took 0.053 seconds
[2025-02-25T23:54:42.266+0000] {processor.py:186} INFO - Started process (PID=1617) to work on /home/airflow/.local/lib/python3.12/site-packages/airflow/example_dags/example_task_group.py
[2025-02-25T23:54:42.267+0000] {processor.py:914} INFO - Processing file /home/airflow/.local/lib/python3.12/site-packages/airflow/example_dags/example_task_group.py for tasks to queue
[2025-02-25T23:54:42.268+0000] {logging_mixin.py:190} INFO - [2025-02-25T23:54:42.268+0000] {dagbag.py:588} INFO - Filling up the DagBag from /home/airflow/.local/lib/python3.12/site-packages/airflow/example_dags/example_task_group.py
[2025-02-25T23:54:42.273+0000] {processor.py:925} INFO - DAG(s) 'example_task_group' retrieved from /home/airflow/.local/lib/python3.12/site-packages/airflow/example_dags/example_task_group.py
[2025-02-25T23:54:42.285+0000] {logging_mixin.py:190} INFO - [2025-02-25T23:54:42.285+0000] {dag.py:3239} INFO - Sync 1 DAGs
[2025-02-25T23:54:42.294+0000] {logging_mixin.py:190} INFO - [2025-02-25T23:54:42.293+0000] {dag.py:4180} INFO - Setting next_dagrun for example_task_group to None, run_after=None
[2025-02-25T23:54:42.304+0000] {processor.py:208} INFO - Processing /home/airflow/.local/lib/python3.12/site-packages/airflow/example_dags/example_task_group.py took 0.041 seconds
[2025-02-25T23:55:13.330+0000] {processor.py:186} INFO - Started process (PID=1680) to work on /home/airflow/.local/lib/python3.12/site-packages/airflow/example_dags/example_task_group.py
[2025-02-25T23:55:13.331+0000] {processor.py:914} INFO - Processing file /home/airflow/.local/lib/python3.12/site-packages/airflow/example_dags/example_task_group.py for tasks to queue
[2025-02-25T23:55:13.333+0000] {logging_mixin.py:190} INFO - [2025-02-25T23:55:13.332+0000] {dagbag.py:588} INFO - Filling up the DagBag from /home/airflow/.local/lib/python3.12/site-packages/airflow/example_dags/example_task_group.py
[2025-02-25T23:55:13.338+0000] {processor.py:925} INFO - DAG(s) 'example_task_group' retrieved from /home/airflow/.local/lib/python3.12/site-packages/airflow/example_dags/example_task_group.py
[2025-02-25T23:55:13.351+0000] {logging_mixin.py:190} INFO - [2025-02-25T23:55:13.350+0000] {dag.py:3239} INFO - Sync 1 DAGs
[2025-02-25T23:55:13.359+0000] {logging_mixin.py:190} INFO - [2025-02-25T23:55:13.359+0000] {dag.py:4180} INFO - Setting next_dagrun for example_task_group to None, run_after=None
[2025-02-25T23:55:13.372+0000] {processor.py:208} INFO - Processing /home/airflow/.local/lib/python3.12/site-packages/airflow/example_dags/example_task_group.py took 0.045 seconds
[2025-02-25T23:55:43.560+0000] {processor.py:186} INFO - Started process (PID=1737) to work on /home/airflow/.local/lib/python3.12/site-packages/airflow/example_dags/example_task_group.py
[2025-02-25T23:55:43.561+0000] {processor.py:914} INFO - Processing file /home/airflow/.local/lib/python3.12/site-packages/airflow/example_dags/example_task_group.py for tasks to queue
[2025-02-25T23:55:43.563+0000] {logging_mixin.py:190} INFO - [2025-02-25T23:55:43.563+0000] {dagbag.py:588} INFO - Filling up the DagBag from /home/airflow/.local/lib/python3.12/site-packages/airflow/example_dags/example_task_group.py
[2025-02-25T23:55:43.568+0000] {processor.py:925} INFO - DAG(s) 'example_task_group' retrieved from /home/airflow/.local/lib/python3.12/site-packages/airflow/example_dags/example_task_group.py
[2025-02-25T23:55:43.582+0000] {logging_mixin.py:190} INFO - [2025-02-25T23:55:43.582+0000] {dag.py:3239} INFO - Sync 1 DAGs
[2025-02-25T23:55:43.592+0000] {logging_mixin.py:190} INFO - [2025-02-25T23:55:43.592+0000] {dag.py:4180} INFO - Setting next_dagrun for example_task_group to None, run_after=None
[2025-02-25T23:55:43.603+0000] {processor.py:208} INFO - Processing /home/airflow/.local/lib/python3.12/site-packages/airflow/example_dags/example_task_group.py took 0.047 seconds
[2025-02-25T23:56:14.393+0000] {processor.py:186} INFO - Started process (PID=1800) to work on /home/airflow/.local/lib/python3.12/site-packages/airflow/example_dags/example_task_group.py
[2025-02-25T23:56:14.394+0000] {processor.py:914} INFO - Processing file /home/airflow/.local/lib/python3.12/site-packages/airflow/example_dags/example_task_group.py for tasks to queue
[2025-02-25T23:56:14.396+0000] {logging_mixin.py:190} INFO - [2025-02-25T23:56:14.395+0000] {dagbag.py:588} INFO - Filling up the DagBag from /home/airflow/.local/lib/python3.12/site-packages/airflow/example_dags/example_task_group.py
[2025-02-25T23:56:14.401+0000] {processor.py:925} INFO - DAG(s) 'example_task_group' retrieved from /home/airflow/.local/lib/python3.12/site-packages/airflow/example_dags/example_task_group.py
[2025-02-25T23:56:14.415+0000] {logging_mixin.py:190} INFO - [2025-02-25T23:56:14.414+0000] {dag.py:3239} INFO - Sync 1 DAGs
[2025-02-25T23:56:14.425+0000] {logging_mixin.py:190} INFO - [2025-02-25T23:56:14.425+0000] {dag.py:4180} INFO - Setting next_dagrun for example_task_group to None, run_after=None
[2025-02-25T23:56:14.438+0000] {processor.py:208} INFO - Processing /home/airflow/.local/lib/python3.12/site-packages/airflow/example_dags/example_task_group.py took 0.049 seconds
[2025-02-25T23:56:44.506+0000] {processor.py:186} INFO - Started process (PID=1863) to work on /home/airflow/.local/lib/python3.12/site-packages/airflow/example_dags/example_task_group.py
[2025-02-25T23:56:44.506+0000] {processor.py:914} INFO - Processing file /home/airflow/.local/lib/python3.12/site-packages/airflow/example_dags/example_task_group.py for tasks to queue
[2025-02-25T23:56:44.508+0000] {logging_mixin.py:190} INFO - [2025-02-25T23:56:44.507+0000] {dagbag.py:588} INFO - Filling up the DagBag from /home/airflow/.local/lib/python3.12/site-packages/airflow/example_dags/example_task_group.py
[2025-02-25T23:56:44.513+0000] {processor.py:925} INFO - DAG(s) 'example_task_group' retrieved from /home/airflow/.local/lib/python3.12/site-packages/airflow/example_dags/example_task_group.py
[2025-02-25T23:56:44.526+0000] {logging_mixin.py:190} INFO - [2025-02-25T23:56:44.526+0000] {dag.py:3239} INFO - Sync 1 DAGs
[2025-02-25T23:56:44.535+0000] {logging_mixin.py:190} INFO - [2025-02-25T23:56:44.535+0000] {dag.py:4180} INFO - Setting next_dagrun for example_task_group to None, run_after=None
[2025-02-25T23:56:44.545+0000] {processor.py:208} INFO - Processing /home/airflow/.local/lib/python3.12/site-packages/airflow/example_dags/example_task_group.py took 0.043 seconds
[2025-02-25T23:57:15.545+0000] {processor.py:186} INFO - Started process (PID=1926) to work on /home/airflow/.local/lib/python3.12/site-packages/airflow/example_dags/example_task_group.py
[2025-02-25T23:57:15.546+0000] {processor.py:914} INFO - Processing file /home/airflow/.local/lib/python3.12/site-packages/airflow/example_dags/example_task_group.py for tasks to queue
[2025-02-25T23:57:15.548+0000] {logging_mixin.py:190} INFO - [2025-02-25T23:57:15.548+0000] {dagbag.py:588} INFO - Filling up the DagBag from /home/airflow/.local/lib/python3.12/site-packages/airflow/example_dags/example_task_group.py
[2025-02-25T23:57:15.553+0000] {processor.py:925} INFO - DAG(s) 'example_task_group' retrieved from /home/airflow/.local/lib/python3.12/site-packages/airflow/example_dags/example_task_group.py
[2025-02-25T23:57:15.566+0000] {logging_mixin.py:190} INFO - [2025-02-25T23:57:15.566+0000] {dag.py:3239} INFO - Sync 1 DAGs
[2025-02-25T23:57:15.574+0000] {logging_mixin.py:190} INFO - [2025-02-25T23:57:15.574+0000] {dag.py:4180} INFO - Setting next_dagrun for example_task_group to None, run_after=None
[2025-02-25T23:57:15.585+0000] {processor.py:208} INFO - Processing /home/airflow/.local/lib/python3.12/site-packages/airflow/example_dags/example_task_group.py took 0.043 seconds
[2025-02-25T23:57:46.356+0000] {processor.py:186} INFO - Started process (PID=1989) to work on /home/airflow/.local/lib/python3.12/site-packages/airflow/example_dags/example_task_group.py
[2025-02-25T23:57:46.357+0000] {processor.py:914} INFO - Processing file /home/airflow/.local/lib/python3.12/site-packages/airflow/example_dags/example_task_group.py for tasks to queue
[2025-02-25T23:57:46.359+0000] {logging_mixin.py:190} INFO - [2025-02-25T23:57:46.359+0000] {dagbag.py:588} INFO - Filling up the DagBag from /home/airflow/.local/lib/python3.12/site-packages/airflow/example_dags/example_task_group.py
[2025-02-25T23:57:46.364+0000] {processor.py:925} INFO - DAG(s) 'example_task_group' retrieved from /home/airflow/.local/lib/python3.12/site-packages/airflow/example_dags/example_task_group.py
[2025-02-25T23:57:46.377+0000] {logging_mixin.py:190} INFO - [2025-02-25T23:57:46.377+0000] {dag.py:3239} INFO - Sync 1 DAGs
[2025-02-25T23:57:46.385+0000] {logging_mixin.py:190} INFO - [2025-02-25T23:57:46.385+0000] {dag.py:4180} INFO - Setting next_dagrun for example_task_group to None, run_after=None
[2025-02-25T23:57:46.396+0000] {processor.py:208} INFO - Processing /home/airflow/.local/lib/python3.12/site-packages/airflow/example_dags/example_task_group.py took 0.043 seconds
[2025-02-25T23:58:17.063+0000] {processor.py:186} INFO - Started process (PID=2052) to work on /home/airflow/.local/lib/python3.12/site-packages/airflow/example_dags/example_task_group.py
[2025-02-25T23:58:17.064+0000] {processor.py:914} INFO - Processing file /home/airflow/.local/lib/python3.12/site-packages/airflow/example_dags/example_task_group.py for tasks to queue
[2025-02-25T23:58:17.065+0000] {logging_mixin.py:190} INFO - [2025-02-25T23:58:17.065+0000] {dagbag.py:588} INFO - Filling up the DagBag from /home/airflow/.local/lib/python3.12/site-packages/airflow/example_dags/example_task_group.py
[2025-02-25T23:58:17.070+0000] {processor.py:925} INFO - DAG(s) 'example_task_group' retrieved from /home/airflow/.local/lib/python3.12/site-packages/airflow/example_dags/example_task_group.py
[2025-02-25T23:58:17.084+0000] {logging_mixin.py:190} INFO - [2025-02-25T23:58:17.083+0000] {dag.py:3239} INFO - Sync 1 DAGs
[2025-02-25T23:58:17.092+0000] {logging_mixin.py:190} INFO - [2025-02-25T23:58:17.092+0000] {dag.py:4180} INFO - Setting next_dagrun for example_task_group to None, run_after=None
[2025-02-25T23:58:17.102+0000] {processor.py:208} INFO - Processing /home/airflow/.local/lib/python3.12/site-packages/airflow/example_dags/example_task_group.py took 0.043 seconds
[2025-02-25T23:58:47.732+0000] {processor.py:186} INFO - Started process (PID=2115) to work on /home/airflow/.local/lib/python3.12/site-packages/airflow/example_dags/example_task_group.py
[2025-02-25T23:58:47.733+0000] {processor.py:914} INFO - Processing file /home/airflow/.local/lib/python3.12/site-packages/airflow/example_dags/example_task_group.py for tasks to queue
[2025-02-25T23:58:47.735+0000] {logging_mixin.py:190} INFO - [2025-02-25T23:58:47.734+0000] {dagbag.py:588} INFO - Filling up the DagBag from /home/airflow/.local/lib/python3.12/site-packages/airflow/example_dags/example_task_group.py
[2025-02-25T23:58:47.740+0000] {processor.py:925} INFO - DAG(s) 'example_task_group' retrieved from /home/airflow/.local/lib/python3.12/site-packages/airflow/example_dags/example_task_group.py
[2025-02-25T23:58:47.753+0000] {logging_mixin.py:190} INFO - [2025-02-25T23:58:47.753+0000] {dag.py:3239} INFO - Sync 1 DAGs
[2025-02-25T23:58:47.761+0000] {logging_mixin.py:190} INFO - [2025-02-25T23:58:47.761+0000] {dag.py:4180} INFO - Setting next_dagrun for example_task_group to None, run_after=None
[2025-02-25T23:58:47.772+0000] {processor.py:208} INFO - Processing /home/airflow/.local/lib/python3.12/site-packages/airflow/example_dags/example_task_group.py took 0.043 seconds
[2025-02-25T23:59:18.365+0000] {processor.py:186} INFO - Started process (PID=2178) to work on /home/airflow/.local/lib/python3.12/site-packages/airflow/example_dags/example_task_group.py
[2025-02-25T23:59:18.365+0000] {processor.py:914} INFO - Processing file /home/airflow/.local/lib/python3.12/site-packages/airflow/example_dags/example_task_group.py for tasks to queue
[2025-02-25T23:59:18.367+0000] {logging_mixin.py:190} INFO - [2025-02-25T23:59:18.366+0000] {dagbag.py:588} INFO - Filling up the DagBag from /home/airflow/.local/lib/python3.12/site-packages/airflow/example_dags/example_task_group.py
[2025-02-25T23:59:18.372+0000] {processor.py:925} INFO - DAG(s) 'example_task_group' retrieved from /home/airflow/.local/lib/python3.12/site-packages/airflow/example_dags/example_task_group.py
[2025-02-25T23:59:18.385+0000] {logging_mixin.py:190} INFO - [2025-02-25T23:59:18.385+0000] {dag.py:3239} INFO - Sync 1 DAGs
[2025-02-25T23:59:18.393+0000] {logging_mixin.py:190} INFO - [2025-02-25T23:59:18.393+0000] {dag.py:4180} INFO - Setting next_dagrun for example_task_group to None, run_after=None
[2025-02-25T23:59:18.403+0000] {processor.py:208} INFO - Processing /home/airflow/.local/lib/python3.12/site-packages/airflow/example_dags/example_task_group.py took 0.042 seconds
[2025-02-25T23:59:48.532+0000] {processor.py:186} INFO - Started process (PID=2241) to work on /home/airflow/.local/lib/python3.12/site-packages/airflow/example_dags/example_task_group.py
[2025-02-25T23:59:48.533+0000] {processor.py:914} INFO - Processing file /home/airflow/.local/lib/python3.12/site-packages/airflow/example_dags/example_task_group.py for tasks to queue
[2025-02-25T23:59:48.534+0000] {logging_mixin.py:190} INFO - [2025-02-25T23:59:48.534+0000] {dagbag.py:588} INFO - Filling up the DagBag from /home/airflow/.local/lib/python3.12/site-packages/airflow/example_dags/example_task_group.py
[2025-02-25T23:59:48.539+0000] {processor.py:925} INFO - DAG(s) 'example_task_group' retrieved from /home/airflow/.local/lib/python3.12/site-packages/airflow/example_dags/example_task_group.py
[2025-02-25T23:59:48.553+0000] {logging_mixin.py:190} INFO - [2025-02-25T23:59:48.552+0000] {dag.py:3239} INFO - Sync 1 DAGs
[2025-02-25T23:59:48.561+0000] {logging_mixin.py:190} INFO - [2025-02-25T23:59:48.561+0000] {dag.py:4180} INFO - Setting next_dagrun for example_task_group to None, run_after=None
[2025-02-25T23:59:48.571+0000] {processor.py:208} INFO - Processing /home/airflow/.local/lib/python3.12/site-packages/airflow/example_dags/example_task_group.py took 0.042 seconds
