[2025-02-25T23:22:17.526+0000] {processor.py:186} INFO - Started process (PID=85) to work on /home/airflow/.local/lib/python3.12/site-packages/airflow/example_dags/example_bash_operator.py
[2025-02-25T23:22:17.527+0000] {processor.py:914} INFO - Processing file /home/airflow/.local/lib/python3.12/site-packages/airflow/example_dags/example_bash_operator.py for tasks to queue
[2025-02-25T23:22:17.528+0000] {logging_mixin.py:190} INFO - [2025-02-25T23:22:17.528+0000] {dagbag.py:588} INFO - Filling up the DagBag from /home/airflow/.local/lib/python3.12/site-packages/airflow/example_dags/example_bash_operator.py
[2025-02-25T23:22:17.536+0000] {processor.py:925} INFO - DAG(s) 'example_bash_operator' retrieved from /home/airflow/.local/lib/python3.12/site-packages/airflow/example_dags/example_bash_operator.py
[2025-02-25T23:22:17.597+0000] {logging_mixin.py:190} INFO - [2025-02-25T23:22:17.597+0000] {override.py:1912} INFO - Created Permission View: can edit on DAG:example_bash_operator
[2025-02-25T23:22:17.604+0000] {logging_mixin.py:190} INFO - [2025-02-25T23:22:17.604+0000] {override.py:1912} INFO - Created Permission View: can delete on DAG:example_bash_operator
[2025-02-25T23:22:17.609+0000] {logging_mixin.py:190} INFO - [2025-02-25T23:22:17.609+0000] {override.py:1912} INFO - Created Permission View: can read on DAG:example_bash_operator
[2025-02-25T23:22:17.614+0000] {logging_mixin.py:190} INFO - [2025-02-25T23:22:17.614+0000] {override.py:1912} INFO - Created Permission View: can delete on DAG Run:example_bash_operator
[2025-02-25T23:22:17.618+0000] {logging_mixin.py:190} INFO - [2025-02-25T23:22:17.618+0000] {override.py:1912} INFO - Created Permission View: can read on DAG Run:example_bash_operator
[2025-02-25T23:22:17.623+0000] {logging_mixin.py:190} INFO - [2025-02-25T23:22:17.622+0000] {override.py:1912} INFO - Created Permission View: menu access on DAG Run:example_bash_operator
[2025-02-25T23:22:17.627+0000] {logging_mixin.py:190} INFO - [2025-02-25T23:22:17.626+0000] {override.py:1912} INFO - Created Permission View: can create on DAG Run:example_bash_operator
[2025-02-25T23:22:17.627+0000] {logging_mixin.py:190} INFO - [2025-02-25T23:22:17.627+0000] {dag.py:3239} INFO - Sync 1 DAGs
[2025-02-25T23:22:17.634+0000] {logging_mixin.py:190} INFO - [2025-02-25T23:22:17.634+0000] {dag.py:3262} INFO - Creating ORM DAG for example_bash_operator
[2025-02-25T23:22:17.639+0000] {logging_mixin.py:190} INFO - [2025-02-25T23:22:17.639+0000] {dag.py:4180} INFO - Setting next_dagrun for example_bash_operator to 2025-02-24 00:00:00+00:00, run_after=2025-02-25 00:00:00+00:00
[2025-02-25T23:22:17.648+0000] {processor.py:208} INFO - Processing /home/airflow/.local/lib/python3.12/site-packages/airflow/example_dags/example_bash_operator.py took 0.125 seconds
[2025-02-25T23:22:47.785+0000] {processor.py:186} INFO - Started process (PID=148) to work on /home/airflow/.local/lib/python3.12/site-packages/airflow/example_dags/example_bash_operator.py
[2025-02-25T23:22:47.786+0000] {processor.py:914} INFO - Processing file /home/airflow/.local/lib/python3.12/site-packages/airflow/example_dags/example_bash_operator.py for tasks to queue
[2025-02-25T23:22:47.787+0000] {logging_mixin.py:190} INFO - [2025-02-25T23:22:47.787+0000] {dagbag.py:588} INFO - Filling up the DagBag from /home/airflow/.local/lib/python3.12/site-packages/airflow/example_dags/example_bash_operator.py
[2025-02-25T23:22:47.796+0000] {processor.py:925} INFO - DAG(s) 'example_bash_operator' retrieved from /home/airflow/.local/lib/python3.12/site-packages/airflow/example_dags/example_bash_operator.py
[2025-02-25T23:22:47.812+0000] {logging_mixin.py:190} INFO - [2025-02-25T23:22:47.812+0000] {dag.py:3239} INFO - Sync 1 DAGs
[2025-02-25T23:22:47.826+0000] {logging_mixin.py:190} INFO - [2025-02-25T23:22:47.826+0000] {dag.py:4180} INFO - Setting next_dagrun for example_bash_operator to 2025-02-24 00:00:00+00:00, run_after=2025-02-25 00:00:00+00:00
[2025-02-25T23:22:47.835+0000] {processor.py:208} INFO - Processing /home/airflow/.local/lib/python3.12/site-packages/airflow/example_dags/example_bash_operator.py took 0.053 seconds
[2025-02-25T23:23:18.751+0000] {processor.py:186} INFO - Started process (PID=211) to work on /home/airflow/.local/lib/python3.12/site-packages/airflow/example_dags/example_bash_operator.py
[2025-02-25T23:23:18.752+0000] {processor.py:914} INFO - Processing file /home/airflow/.local/lib/python3.12/site-packages/airflow/example_dags/example_bash_operator.py for tasks to queue
[2025-02-25T23:23:18.753+0000] {logging_mixin.py:190} INFO - [2025-02-25T23:23:18.753+0000] {dagbag.py:588} INFO - Filling up the DagBag from /home/airflow/.local/lib/python3.12/site-packages/airflow/example_dags/example_bash_operator.py
[2025-02-25T23:23:18.760+0000] {processor.py:925} INFO - DAG(s) 'example_bash_operator' retrieved from /home/airflow/.local/lib/python3.12/site-packages/airflow/example_dags/example_bash_operator.py
[2025-02-25T23:23:18.776+0000] {logging_mixin.py:190} INFO - [2025-02-25T23:23:18.776+0000] {dag.py:3239} INFO - Sync 1 DAGs
[2025-02-25T23:23:18.789+0000] {logging_mixin.py:190} INFO - [2025-02-25T23:23:18.789+0000] {dag.py:4180} INFO - Setting next_dagrun for example_bash_operator to 2025-02-24 00:00:00+00:00, run_after=2025-02-25 00:00:00+00:00
[2025-02-25T23:23:18.799+0000] {processor.py:208} INFO - Processing /home/airflow/.local/lib/python3.12/site-packages/airflow/example_dags/example_bash_operator.py took 0.052 seconds
[2025-02-25T23:23:49.601+0000] {processor.py:186} INFO - Started process (PID=274) to work on /home/airflow/.local/lib/python3.12/site-packages/airflow/example_dags/example_bash_operator.py
[2025-02-25T23:23:49.602+0000] {processor.py:914} INFO - Processing file /home/airflow/.local/lib/python3.12/site-packages/airflow/example_dags/example_bash_operator.py for tasks to queue
[2025-02-25T23:23:49.603+0000] {logging_mixin.py:190} INFO - [2025-02-25T23:23:49.603+0000] {dagbag.py:588} INFO - Filling up the DagBag from /home/airflow/.local/lib/python3.12/site-packages/airflow/example_dags/example_bash_operator.py
[2025-02-25T23:23:49.610+0000] {processor.py:925} INFO - DAG(s) 'example_bash_operator' retrieved from /home/airflow/.local/lib/python3.12/site-packages/airflow/example_dags/example_bash_operator.py
[2025-02-25T23:23:49.626+0000] {logging_mixin.py:190} INFO - [2025-02-25T23:23:49.626+0000] {dag.py:3239} INFO - Sync 1 DAGs
[2025-02-25T23:23:49.639+0000] {logging_mixin.py:190} INFO - [2025-02-25T23:23:49.639+0000] {dag.py:4180} INFO - Setting next_dagrun for example_bash_operator to 2025-02-24 00:00:00+00:00, run_after=2025-02-25 00:00:00+00:00
[2025-02-25T23:23:49.650+0000] {processor.py:208} INFO - Processing /home/airflow/.local/lib/python3.12/site-packages/airflow/example_dags/example_bash_operator.py took 0.052 seconds
[2025-02-25T23:24:20.488+0000] {processor.py:186} INFO - Started process (PID=337) to work on /home/airflow/.local/lib/python3.12/site-packages/airflow/example_dags/example_bash_operator.py
[2025-02-25T23:24:20.489+0000] {processor.py:914} INFO - Processing file /home/airflow/.local/lib/python3.12/site-packages/airflow/example_dags/example_bash_operator.py for tasks to queue
[2025-02-25T23:24:20.490+0000] {logging_mixin.py:190} INFO - [2025-02-25T23:24:20.490+0000] {dagbag.py:588} INFO - Filling up the DagBag from /home/airflow/.local/lib/python3.12/site-packages/airflow/example_dags/example_bash_operator.py
[2025-02-25T23:24:20.498+0000] {processor.py:925} INFO - DAG(s) 'example_bash_operator' retrieved from /home/airflow/.local/lib/python3.12/site-packages/airflow/example_dags/example_bash_operator.py
[2025-02-25T23:24:20.514+0000] {logging_mixin.py:190} INFO - [2025-02-25T23:24:20.513+0000] {dag.py:3239} INFO - Sync 1 DAGs
[2025-02-25T23:24:20.527+0000] {logging_mixin.py:190} INFO - [2025-02-25T23:24:20.527+0000] {dag.py:4180} INFO - Setting next_dagrun for example_bash_operator to 2025-02-24 00:00:00+00:00, run_after=2025-02-25 00:00:00+00:00
[2025-02-25T23:24:20.537+0000] {processor.py:208} INFO - Processing /home/airflow/.local/lib/python3.12/site-packages/airflow/example_dags/example_bash_operator.py took 0.052 seconds
[2025-02-25T23:24:51.201+0000] {processor.py:186} INFO - Started process (PID=400) to work on /home/airflow/.local/lib/python3.12/site-packages/airflow/example_dags/example_bash_operator.py
[2025-02-25T23:24:51.202+0000] {processor.py:914} INFO - Processing file /home/airflow/.local/lib/python3.12/site-packages/airflow/example_dags/example_bash_operator.py for tasks to queue
[2025-02-25T23:24:51.204+0000] {logging_mixin.py:190} INFO - [2025-02-25T23:24:51.203+0000] {dagbag.py:588} INFO - Filling up the DagBag from /home/airflow/.local/lib/python3.12/site-packages/airflow/example_dags/example_bash_operator.py
[2025-02-25T23:24:51.211+0000] {processor.py:925} INFO - DAG(s) 'example_bash_operator' retrieved from /home/airflow/.local/lib/python3.12/site-packages/airflow/example_dags/example_bash_operator.py
[2025-02-25T23:24:51.226+0000] {logging_mixin.py:190} INFO - [2025-02-25T23:24:51.226+0000] {dag.py:3239} INFO - Sync 1 DAGs
[2025-02-25T23:24:51.239+0000] {logging_mixin.py:190} INFO - [2025-02-25T23:24:51.239+0000] {dag.py:4180} INFO - Setting next_dagrun for example_bash_operator to 2025-02-24 00:00:00+00:00, run_after=2025-02-25 00:00:00+00:00
[2025-02-25T23:24:51.249+0000] {processor.py:208} INFO - Processing /home/airflow/.local/lib/python3.12/site-packages/airflow/example_dags/example_bash_operator.py took 0.051 seconds
[2025-02-25T23:25:23.058+0000] {processor.py:186} INFO - Started process (PID=463) to work on /home/airflow/.local/lib/python3.12/site-packages/airflow/example_dags/example_bash_operator.py
[2025-02-25T23:25:23.059+0000] {processor.py:914} INFO - Processing file /home/airflow/.local/lib/python3.12/site-packages/airflow/example_dags/example_bash_operator.py for tasks to queue
[2025-02-25T23:25:23.061+0000] {logging_mixin.py:190} INFO - [2025-02-25T23:25:23.060+0000] {dagbag.py:588} INFO - Filling up the DagBag from /home/airflow/.local/lib/python3.12/site-packages/airflow/example_dags/example_bash_operator.py
[2025-02-25T23:25:23.068+0000] {processor.py:925} INFO - DAG(s) 'example_bash_operator' retrieved from /home/airflow/.local/lib/python3.12/site-packages/airflow/example_dags/example_bash_operator.py
[2025-02-25T23:25:23.084+0000] {logging_mixin.py:190} INFO - [2025-02-25T23:25:23.084+0000] {dag.py:3239} INFO - Sync 1 DAGs
[2025-02-25T23:25:23.096+0000] {logging_mixin.py:190} INFO - [2025-02-25T23:25:23.096+0000] {dag.py:4180} INFO - Setting next_dagrun for example_bash_operator to 2025-02-24 00:00:00+00:00, run_after=2025-02-25 00:00:00+00:00
[2025-02-25T23:25:23.106+0000] {processor.py:208} INFO - Processing /home/airflow/.local/lib/python3.12/site-packages/airflow/example_dags/example_bash_operator.py took 0.051 seconds
[2025-02-25T23:25:57.229+0000] {processor.py:186} INFO - Started process (PID=526) to work on /home/airflow/.local/lib/python3.12/site-packages/airflow/example_dags/example_bash_operator.py
[2025-02-25T23:25:57.230+0000] {processor.py:914} INFO - Processing file /home/airflow/.local/lib/python3.12/site-packages/airflow/example_dags/example_bash_operator.py for tasks to queue
[2025-02-25T23:25:57.231+0000] {logging_mixin.py:190} INFO - [2025-02-25T23:25:57.231+0000] {dagbag.py:588} INFO - Filling up the DagBag from /home/airflow/.local/lib/python3.12/site-packages/airflow/example_dags/example_bash_operator.py
[2025-02-25T23:25:57.239+0000] {processor.py:925} INFO - DAG(s) 'example_bash_operator' retrieved from /home/airflow/.local/lib/python3.12/site-packages/airflow/example_dags/example_bash_operator.py
[2025-02-25T23:25:57.254+0000] {logging_mixin.py:190} INFO - [2025-02-25T23:25:57.254+0000] {dag.py:3239} INFO - Sync 1 DAGs
[2025-02-25T23:25:57.268+0000] {logging_mixin.py:190} INFO - [2025-02-25T23:25:57.268+0000] {dag.py:4180} INFO - Setting next_dagrun for example_bash_operator to 2025-02-24 00:00:00+00:00, run_after=2025-02-25 00:00:00+00:00
[2025-02-25T23:25:57.279+0000] {processor.py:208} INFO - Processing /home/airflow/.local/lib/python3.12/site-packages/airflow/example_dags/example_bash_operator.py took 0.053 seconds
[2025-02-25T23:26:31.021+0000] {processor.py:186} INFO - Started process (PID=589) to work on /home/airflow/.local/lib/python3.12/site-packages/airflow/example_dags/example_bash_operator.py
[2025-02-25T23:26:31.022+0000] {processor.py:914} INFO - Processing file /home/airflow/.local/lib/python3.12/site-packages/airflow/example_dags/example_bash_operator.py for tasks to queue
[2025-02-25T23:26:31.024+0000] {logging_mixin.py:190} INFO - [2025-02-25T23:26:31.024+0000] {dagbag.py:588} INFO - Filling up the DagBag from /home/airflow/.local/lib/python3.12/site-packages/airflow/example_dags/example_bash_operator.py
[2025-02-25T23:26:31.031+0000] {processor.py:925} INFO - DAG(s) 'example_bash_operator' retrieved from /home/airflow/.local/lib/python3.12/site-packages/airflow/example_dags/example_bash_operator.py
[2025-02-25T23:26:31.046+0000] {logging_mixin.py:190} INFO - [2025-02-25T23:26:31.046+0000] {dag.py:3239} INFO - Sync 1 DAGs
[2025-02-25T23:26:31.058+0000] {logging_mixin.py:190} INFO - [2025-02-25T23:26:31.058+0000] {dag.py:4180} INFO - Setting next_dagrun for example_bash_operator to 2025-02-24 00:00:00+00:00, run_after=2025-02-25 00:00:00+00:00
[2025-02-25T23:26:31.069+0000] {processor.py:208} INFO - Processing /home/airflow/.local/lib/python3.12/site-packages/airflow/example_dags/example_bash_operator.py took 0.051 seconds
[2025-02-25T23:27:01.530+0000] {processor.py:186} INFO - Started process (PID=653) to work on /home/airflow/.local/lib/python3.12/site-packages/airflow/example_dags/example_bash_operator.py
[2025-02-25T23:27:01.531+0000] {processor.py:914} INFO - Processing file /home/airflow/.local/lib/python3.12/site-packages/airflow/example_dags/example_bash_operator.py for tasks to queue
[2025-02-25T23:27:01.533+0000] {logging_mixin.py:190} INFO - [2025-02-25T23:27:01.533+0000] {dagbag.py:588} INFO - Filling up the DagBag from /home/airflow/.local/lib/python3.12/site-packages/airflow/example_dags/example_bash_operator.py
[2025-02-25T23:27:01.541+0000] {processor.py:925} INFO - DAG(s) 'example_bash_operator' retrieved from /home/airflow/.local/lib/python3.12/site-packages/airflow/example_dags/example_bash_operator.py
[2025-02-25T23:27:01.558+0000] {logging_mixin.py:190} INFO - [2025-02-25T23:27:01.557+0000] {dag.py:3239} INFO - Sync 1 DAGs
[2025-02-25T23:27:01.571+0000] {logging_mixin.py:190} INFO - [2025-02-25T23:27:01.571+0000] {dag.py:4180} INFO - Setting next_dagrun for example_bash_operator to 2025-02-24 00:00:00+00:00, run_after=2025-02-25 00:00:00+00:00
[2025-02-25T23:27:01.585+0000] {processor.py:208} INFO - Processing /home/airflow/.local/lib/python3.12/site-packages/airflow/example_dags/example_bash_operator.py took 0.058 seconds
[2025-02-25T23:27:32.205+0000] {processor.py:186} INFO - Started process (PID=716) to work on /home/airflow/.local/lib/python3.12/site-packages/airflow/example_dags/example_bash_operator.py
[2025-02-25T23:27:32.206+0000] {processor.py:914} INFO - Processing file /home/airflow/.local/lib/python3.12/site-packages/airflow/example_dags/example_bash_operator.py for tasks to queue
[2025-02-25T23:27:32.208+0000] {logging_mixin.py:190} INFO - [2025-02-25T23:27:32.207+0000] {dagbag.py:588} INFO - Filling up the DagBag from /home/airflow/.local/lib/python3.12/site-packages/airflow/example_dags/example_bash_operator.py
[2025-02-25T23:27:32.215+0000] {processor.py:925} INFO - DAG(s) 'example_bash_operator' retrieved from /home/airflow/.local/lib/python3.12/site-packages/airflow/example_dags/example_bash_operator.py
[2025-02-25T23:27:32.232+0000] {logging_mixin.py:190} INFO - [2025-02-25T23:27:32.232+0000] {dag.py:3239} INFO - Sync 1 DAGs
[2025-02-25T23:27:32.246+0000] {logging_mixin.py:190} INFO - [2025-02-25T23:27:32.246+0000] {dag.py:4180} INFO - Setting next_dagrun for example_bash_operator to 2025-02-24 00:00:00+00:00, run_after=2025-02-25 00:00:00+00:00
[2025-02-25T23:27:32.260+0000] {processor.py:208} INFO - Processing /home/airflow/.local/lib/python3.12/site-packages/airflow/example_dags/example_bash_operator.py took 0.058 seconds
[2025-02-25T23:28:03.087+0000] {processor.py:186} INFO - Started process (PID=779) to work on /home/airflow/.local/lib/python3.12/site-packages/airflow/example_dags/example_bash_operator.py
[2025-02-25T23:28:03.088+0000] {processor.py:914} INFO - Processing file /home/airflow/.local/lib/python3.12/site-packages/airflow/example_dags/example_bash_operator.py for tasks to queue
[2025-02-25T23:28:03.089+0000] {logging_mixin.py:190} INFO - [2025-02-25T23:28:03.089+0000] {dagbag.py:588} INFO - Filling up the DagBag from /home/airflow/.local/lib/python3.12/site-packages/airflow/example_dags/example_bash_operator.py
[2025-02-25T23:28:03.097+0000] {processor.py:925} INFO - DAG(s) 'example_bash_operator' retrieved from /home/airflow/.local/lib/python3.12/site-packages/airflow/example_dags/example_bash_operator.py
[2025-02-25T23:28:03.114+0000] {logging_mixin.py:190} INFO - [2025-02-25T23:28:03.114+0000] {dag.py:3239} INFO - Sync 1 DAGs
[2025-02-25T23:28:03.127+0000] {logging_mixin.py:190} INFO - [2025-02-25T23:28:03.127+0000] {dag.py:4180} INFO - Setting next_dagrun for example_bash_operator to 2025-02-24 00:00:00+00:00, run_after=2025-02-25 00:00:00+00:00
[2025-02-25T23:28:03.138+0000] {processor.py:208} INFO - Processing /home/airflow/.local/lib/python3.12/site-packages/airflow/example_dags/example_bash_operator.py took 0.055 seconds
[2025-02-25T23:28:34.064+0000] {processor.py:186} INFO - Started process (PID=842) to work on /home/airflow/.local/lib/python3.12/site-packages/airflow/example_dags/example_bash_operator.py
[2025-02-25T23:28:34.065+0000] {processor.py:914} INFO - Processing file /home/airflow/.local/lib/python3.12/site-packages/airflow/example_dags/example_bash_operator.py for tasks to queue
[2025-02-25T23:28:34.067+0000] {logging_mixin.py:190} INFO - [2025-02-25T23:28:34.067+0000] {dagbag.py:588} INFO - Filling up the DagBag from /home/airflow/.local/lib/python3.12/site-packages/airflow/example_dags/example_bash_operator.py
[2025-02-25T23:28:34.075+0000] {processor.py:925} INFO - DAG(s) 'example_bash_operator' retrieved from /home/airflow/.local/lib/python3.12/site-packages/airflow/example_dags/example_bash_operator.py
[2025-02-25T23:28:34.093+0000] {logging_mixin.py:190} INFO - [2025-02-25T23:28:34.093+0000] {dag.py:3239} INFO - Sync 1 DAGs
[2025-02-25T23:28:34.107+0000] {logging_mixin.py:190} INFO - [2025-02-25T23:28:34.107+0000] {dag.py:4180} INFO - Setting next_dagrun for example_bash_operator to 2025-02-24 00:00:00+00:00, run_after=2025-02-25 00:00:00+00:00
[2025-02-25T23:28:34.124+0000] {processor.py:208} INFO - Processing /home/airflow/.local/lib/python3.12/site-packages/airflow/example_dags/example_bash_operator.py took 0.063 seconds
[2025-02-25T23:29:04.691+0000] {processor.py:186} INFO - Started process (PID=899) to work on /home/airflow/.local/lib/python3.12/site-packages/airflow/example_dags/example_bash_operator.py
[2025-02-25T23:29:04.692+0000] {processor.py:914} INFO - Processing file /home/airflow/.local/lib/python3.12/site-packages/airflow/example_dags/example_bash_operator.py for tasks to queue
[2025-02-25T23:29:04.694+0000] {logging_mixin.py:190} INFO - [2025-02-25T23:29:04.693+0000] {dagbag.py:588} INFO - Filling up the DagBag from /home/airflow/.local/lib/python3.12/site-packages/airflow/example_dags/example_bash_operator.py
[2025-02-25T23:29:04.702+0000] {processor.py:925} INFO - DAG(s) 'example_bash_operator' retrieved from /home/airflow/.local/lib/python3.12/site-packages/airflow/example_dags/example_bash_operator.py
[2025-02-25T23:29:04.719+0000] {logging_mixin.py:190} INFO - [2025-02-25T23:29:04.719+0000] {dag.py:3239} INFO - Sync 1 DAGs
[2025-02-25T23:29:04.735+0000] {logging_mixin.py:190} INFO - [2025-02-25T23:29:04.735+0000] {dag.py:4180} INFO - Setting next_dagrun for example_bash_operator to 2025-02-24 00:00:00+00:00, run_after=2025-02-25 00:00:00+00:00
[2025-02-25T23:29:04.749+0000] {processor.py:208} INFO - Processing /home/airflow/.local/lib/python3.12/site-packages/airflow/example_dags/example_bash_operator.py took 0.061 seconds
[2025-02-25T23:29:34.873+0000] {processor.py:186} INFO - Started process (PID=967) to work on /home/airflow/.local/lib/python3.12/site-packages/airflow/example_dags/example_bash_operator.py
[2025-02-25T23:29:34.878+0000] {processor.py:914} INFO - Processing file /home/airflow/.local/lib/python3.12/site-packages/airflow/example_dags/example_bash_operator.py for tasks to queue
[2025-02-25T23:29:34.879+0000] {logging_mixin.py:190} INFO - [2025-02-25T23:29:34.879+0000] {dagbag.py:588} INFO - Filling up the DagBag from /home/airflow/.local/lib/python3.12/site-packages/airflow/example_dags/example_bash_operator.py
[2025-02-25T23:29:34.886+0000] {processor.py:925} INFO - DAG(s) 'example_bash_operator' retrieved from /home/airflow/.local/lib/python3.12/site-packages/airflow/example_dags/example_bash_operator.py
[2025-02-25T23:29:34.900+0000] {logging_mixin.py:190} INFO - [2025-02-25T23:29:34.899+0000] {dag.py:3239} INFO - Sync 1 DAGs
[2025-02-25T23:29:34.913+0000] {logging_mixin.py:190} INFO - [2025-02-25T23:29:34.912+0000] {dag.py:4180} INFO - Setting next_dagrun for example_bash_operator to 2025-02-24 00:00:00+00:00, run_after=2025-02-25 00:00:00+00:00
[2025-02-25T23:29:34.928+0000] {processor.py:208} INFO - Processing /home/airflow/.local/lib/python3.12/site-packages/airflow/example_dags/example_bash_operator.py took 0.058 seconds
[2025-02-25T23:30:07.793+0000] {processor.py:186} INFO - Started process (PID=1025) to work on /home/airflow/.local/lib/python3.12/site-packages/airflow/example_dags/example_bash_operator.py
[2025-02-25T23:30:07.793+0000] {processor.py:914} INFO - Processing file /home/airflow/.local/lib/python3.12/site-packages/airflow/example_dags/example_bash_operator.py for tasks to queue
[2025-02-25T23:30:07.795+0000] {logging_mixin.py:190} INFO - [2025-02-25T23:30:07.795+0000] {dagbag.py:588} INFO - Filling up the DagBag from /home/airflow/.local/lib/python3.12/site-packages/airflow/example_dags/example_bash_operator.py
[2025-02-25T23:30:07.803+0000] {processor.py:925} INFO - DAG(s) 'example_bash_operator' retrieved from /home/airflow/.local/lib/python3.12/site-packages/airflow/example_dags/example_bash_operator.py
[2025-02-25T23:30:07.819+0000] {logging_mixin.py:190} INFO - [2025-02-25T23:30:07.819+0000] {dag.py:3239} INFO - Sync 1 DAGs
[2025-02-25T23:30:07.833+0000] {logging_mixin.py:190} INFO - [2025-02-25T23:30:07.833+0000] {dag.py:4180} INFO - Setting next_dagrun for example_bash_operator to 2025-02-24 00:00:00+00:00, run_after=2025-02-25 00:00:00+00:00
[2025-02-25T23:30:07.844+0000] {processor.py:208} INFO - Processing /home/airflow/.local/lib/python3.12/site-packages/airflow/example_dags/example_bash_operator.py took 0.055 seconds
[2025-02-25T23:30:41.602+0000] {processor.py:186} INFO - Started process (PID=1088) to work on /home/airflow/.local/lib/python3.12/site-packages/airflow/example_dags/example_bash_operator.py
[2025-02-25T23:30:41.603+0000] {processor.py:914} INFO - Processing file /home/airflow/.local/lib/python3.12/site-packages/airflow/example_dags/example_bash_operator.py for tasks to queue
[2025-02-25T23:30:41.604+0000] {logging_mixin.py:190} INFO - [2025-02-25T23:30:41.604+0000] {dagbag.py:588} INFO - Filling up the DagBag from /home/airflow/.local/lib/python3.12/site-packages/airflow/example_dags/example_bash_operator.py
[2025-02-25T23:30:41.611+0000] {processor.py:925} INFO - DAG(s) 'example_bash_operator' retrieved from /home/airflow/.local/lib/python3.12/site-packages/airflow/example_dags/example_bash_operator.py
[2025-02-25T23:30:41.626+0000] {logging_mixin.py:190} INFO - [2025-02-25T23:30:41.625+0000] {dag.py:3239} INFO - Sync 1 DAGs
[2025-02-25T23:30:41.638+0000] {logging_mixin.py:190} INFO - [2025-02-25T23:30:41.638+0000] {dag.py:4180} INFO - Setting next_dagrun for example_bash_operator to 2025-02-24 00:00:00+00:00, run_after=2025-02-25 00:00:00+00:00
[2025-02-25T23:30:41.649+0000] {processor.py:208} INFO - Processing /home/airflow/.local/lib/python3.12/site-packages/airflow/example_dags/example_bash_operator.py took 0.050 seconds
[2025-02-25T23:31:12.259+0000] {processor.py:186} INFO - Started process (PID=1151) to work on /home/airflow/.local/lib/python3.12/site-packages/airflow/example_dags/example_bash_operator.py
[2025-02-25T23:31:12.260+0000] {processor.py:914} INFO - Processing file /home/airflow/.local/lib/python3.12/site-packages/airflow/example_dags/example_bash_operator.py for tasks to queue
[2025-02-25T23:31:12.261+0000] {logging_mixin.py:190} INFO - [2025-02-25T23:31:12.261+0000] {dagbag.py:588} INFO - Filling up the DagBag from /home/airflow/.local/lib/python3.12/site-packages/airflow/example_dags/example_bash_operator.py
[2025-02-25T23:31:12.268+0000] {processor.py:925} INFO - DAG(s) 'example_bash_operator' retrieved from /home/airflow/.local/lib/python3.12/site-packages/airflow/example_dags/example_bash_operator.py
[2025-02-25T23:31:12.284+0000] {logging_mixin.py:190} INFO - [2025-02-25T23:31:12.284+0000] {dag.py:3239} INFO - Sync 1 DAGs
[2025-02-25T23:31:12.298+0000] {logging_mixin.py:190} INFO - [2025-02-25T23:31:12.298+0000] {dag.py:4180} INFO - Setting next_dagrun for example_bash_operator to 2025-02-24 00:00:00+00:00, run_after=2025-02-25 00:00:00+00:00
[2025-02-25T23:31:12.314+0000] {processor.py:208} INFO - Processing /home/airflow/.local/lib/python3.12/site-packages/airflow/example_dags/example_bash_operator.py took 0.058 seconds
[2025-02-25T23:31:42.997+0000] {processor.py:186} INFO - Started process (PID=1213) to work on /home/airflow/.local/lib/python3.12/site-packages/airflow/example_dags/example_bash_operator.py
[2025-02-25T23:31:42.998+0000] {processor.py:914} INFO - Processing file /home/airflow/.local/lib/python3.12/site-packages/airflow/example_dags/example_bash_operator.py for tasks to queue
[2025-02-25T23:31:42.999+0000] {logging_mixin.py:190} INFO - [2025-02-25T23:31:42.999+0000] {dagbag.py:588} INFO - Filling up the DagBag from /home/airflow/.local/lib/python3.12/site-packages/airflow/example_dags/example_bash_operator.py
[2025-02-25T23:31:43.006+0000] {processor.py:925} INFO - DAG(s) 'example_bash_operator' retrieved from /home/airflow/.local/lib/python3.12/site-packages/airflow/example_dags/example_bash_operator.py
[2025-02-25T23:31:43.020+0000] {logging_mixin.py:190} INFO - [2025-02-25T23:31:43.020+0000] {dag.py:3239} INFO - Sync 1 DAGs
[2025-02-25T23:31:43.033+0000] {logging_mixin.py:190} INFO - [2025-02-25T23:31:43.033+0000] {dag.py:4180} INFO - Setting next_dagrun for example_bash_operator to 2025-02-24 00:00:00+00:00, run_after=2025-02-25 00:00:00+00:00
[2025-02-25T23:31:43.044+0000] {processor.py:208} INFO - Processing /home/airflow/.local/lib/python3.12/site-packages/airflow/example_dags/example_bash_operator.py took 0.050 seconds
[2025-02-25T23:32:13.825+0000] {processor.py:186} INFO - Started process (PID=1276) to work on /home/airflow/.local/lib/python3.12/site-packages/airflow/example_dags/example_bash_operator.py
[2025-02-25T23:32:13.826+0000] {processor.py:914} INFO - Processing file /home/airflow/.local/lib/python3.12/site-packages/airflow/example_dags/example_bash_operator.py for tasks to queue
[2025-02-25T23:32:13.828+0000] {logging_mixin.py:190} INFO - [2025-02-25T23:32:13.828+0000] {dagbag.py:588} INFO - Filling up the DagBag from /home/airflow/.local/lib/python3.12/site-packages/airflow/example_dags/example_bash_operator.py
[2025-02-25T23:32:13.835+0000] {processor.py:925} INFO - DAG(s) 'example_bash_operator' retrieved from /home/airflow/.local/lib/python3.12/site-packages/airflow/example_dags/example_bash_operator.py
[2025-02-25T23:32:13.852+0000] {logging_mixin.py:190} INFO - [2025-02-25T23:32:13.852+0000] {dag.py:3239} INFO - Sync 1 DAGs
[2025-02-25T23:32:13.865+0000] {logging_mixin.py:190} INFO - [2025-02-25T23:32:13.865+0000] {dag.py:4180} INFO - Setting next_dagrun for example_bash_operator to 2025-02-24 00:00:00+00:00, run_after=2025-02-25 00:00:00+00:00
[2025-02-25T23:32:13.876+0000] {processor.py:208} INFO - Processing /home/airflow/.local/lib/python3.12/site-packages/airflow/example_dags/example_bash_operator.py took 0.054 seconds
[2025-02-25T23:32:45.102+0000] {processor.py:186} INFO - Started process (PID=1340) to work on /home/airflow/.local/lib/python3.12/site-packages/airflow/example_dags/example_bash_operator.py
[2025-02-25T23:32:45.103+0000] {processor.py:914} INFO - Processing file /home/airflow/.local/lib/python3.12/site-packages/airflow/example_dags/example_bash_operator.py for tasks to queue
[2025-02-25T23:32:45.104+0000] {logging_mixin.py:190} INFO - [2025-02-25T23:32:45.104+0000] {dagbag.py:588} INFO - Filling up the DagBag from /home/airflow/.local/lib/python3.12/site-packages/airflow/example_dags/example_bash_operator.py
[2025-02-25T23:32:45.111+0000] {processor.py:925} INFO - DAG(s) 'example_bash_operator' retrieved from /home/airflow/.local/lib/python3.12/site-packages/airflow/example_dags/example_bash_operator.py
[2025-02-25T23:32:45.126+0000] {logging_mixin.py:190} INFO - [2025-02-25T23:32:45.126+0000] {dag.py:3239} INFO - Sync 1 DAGs
[2025-02-25T23:32:45.139+0000] {logging_mixin.py:190} INFO - [2025-02-25T23:32:45.139+0000] {dag.py:4180} INFO - Setting next_dagrun for example_bash_operator to 2025-02-24 00:00:00+00:00, run_after=2025-02-25 00:00:00+00:00
[2025-02-25T23:32:45.150+0000] {processor.py:208} INFO - Processing /home/airflow/.local/lib/python3.12/site-packages/airflow/example_dags/example_bash_operator.py took 0.052 seconds
[2025-02-25T23:33:18.796+0000] {processor.py:186} INFO - Started process (PID=1403) to work on /home/airflow/.local/lib/python3.12/site-packages/airflow/example_dags/example_bash_operator.py
[2025-02-25T23:33:18.797+0000] {processor.py:914} INFO - Processing file /home/airflow/.local/lib/python3.12/site-packages/airflow/example_dags/example_bash_operator.py for tasks to queue
[2025-02-25T23:33:18.798+0000] {logging_mixin.py:190} INFO - [2025-02-25T23:33:18.798+0000] {dagbag.py:588} INFO - Filling up the DagBag from /home/airflow/.local/lib/python3.12/site-packages/airflow/example_dags/example_bash_operator.py
[2025-02-25T23:33:18.805+0000] {processor.py:925} INFO - DAG(s) 'example_bash_operator' retrieved from /home/airflow/.local/lib/python3.12/site-packages/airflow/example_dags/example_bash_operator.py
[2025-02-25T23:33:18.821+0000] {logging_mixin.py:190} INFO - [2025-02-25T23:33:18.821+0000] {dag.py:3239} INFO - Sync 1 DAGs
[2025-02-25T23:33:18.834+0000] {logging_mixin.py:190} INFO - [2025-02-25T23:33:18.834+0000] {dag.py:4180} INFO - Setting next_dagrun for example_bash_operator to 2025-02-24 00:00:00+00:00, run_after=2025-02-25 00:00:00+00:00
[2025-02-25T23:33:18.844+0000] {processor.py:208} INFO - Processing /home/airflow/.local/lib/python3.12/site-packages/airflow/example_dags/example_bash_operator.py took 0.052 seconds
[2025-02-25T23:33:49.567+0000] {processor.py:186} INFO - Started process (PID=1466) to work on /home/airflow/.local/lib/python3.12/site-packages/airflow/example_dags/example_bash_operator.py
[2025-02-25T23:33:49.568+0000] {processor.py:914} INFO - Processing file /home/airflow/.local/lib/python3.12/site-packages/airflow/example_dags/example_bash_operator.py for tasks to queue
[2025-02-25T23:33:49.570+0000] {logging_mixin.py:190} INFO - [2025-02-25T23:33:49.569+0000] {dagbag.py:588} INFO - Filling up the DagBag from /home/airflow/.local/lib/python3.12/site-packages/airflow/example_dags/example_bash_operator.py
[2025-02-25T23:33:49.577+0000] {processor.py:925} INFO - DAG(s) 'example_bash_operator' retrieved from /home/airflow/.local/lib/python3.12/site-packages/airflow/example_dags/example_bash_operator.py
[2025-02-25T23:33:49.592+0000] {logging_mixin.py:190} INFO - [2025-02-25T23:33:49.592+0000] {dag.py:3239} INFO - Sync 1 DAGs
[2025-02-25T23:33:49.606+0000] {logging_mixin.py:190} INFO - [2025-02-25T23:33:49.605+0000] {dag.py:4180} INFO - Setting next_dagrun for example_bash_operator to 2025-02-24 00:00:00+00:00, run_after=2025-02-25 00:00:00+00:00
[2025-02-25T23:33:49.615+0000] {processor.py:208} INFO - Processing /home/airflow/.local/lib/python3.12/site-packages/airflow/example_dags/example_bash_operator.py took 0.051 seconds
[2025-02-25T23:34:20.495+0000] {processor.py:186} INFO - Started process (PID=1529) to work on /home/airflow/.local/lib/python3.12/site-packages/airflow/example_dags/example_bash_operator.py
[2025-02-25T23:34:20.496+0000] {processor.py:914} INFO - Processing file /home/airflow/.local/lib/python3.12/site-packages/airflow/example_dags/example_bash_operator.py for tasks to queue
[2025-02-25T23:34:20.497+0000] {logging_mixin.py:190} INFO - [2025-02-25T23:34:20.497+0000] {dagbag.py:588} INFO - Filling up the DagBag from /home/airflow/.local/lib/python3.12/site-packages/airflow/example_dags/example_bash_operator.py
[2025-02-25T23:34:20.504+0000] {processor.py:925} INFO - DAG(s) 'example_bash_operator' retrieved from /home/airflow/.local/lib/python3.12/site-packages/airflow/example_dags/example_bash_operator.py
[2025-02-25T23:34:20.520+0000] {logging_mixin.py:190} INFO - [2025-02-25T23:34:20.520+0000] {dag.py:3239} INFO - Sync 1 DAGs
[2025-02-25T23:34:20.532+0000] {logging_mixin.py:190} INFO - [2025-02-25T23:34:20.532+0000] {dag.py:4180} INFO - Setting next_dagrun for example_bash_operator to 2025-02-24 00:00:00+00:00, run_after=2025-02-25 00:00:00+00:00
[2025-02-25T23:34:20.543+0000] {processor.py:208} INFO - Processing /home/airflow/.local/lib/python3.12/site-packages/airflow/example_dags/example_bash_operator.py took 0.051 seconds
[2025-02-25T23:34:51.506+0000] {processor.py:186} INFO - Started process (PID=1592) to work on /home/airflow/.local/lib/python3.12/site-packages/airflow/example_dags/example_bash_operator.py
[2025-02-25T23:34:51.507+0000] {processor.py:914} INFO - Processing file /home/airflow/.local/lib/python3.12/site-packages/airflow/example_dags/example_bash_operator.py for tasks to queue
[2025-02-25T23:34:51.509+0000] {logging_mixin.py:190} INFO - [2025-02-25T23:34:51.508+0000] {dagbag.py:588} INFO - Filling up the DagBag from /home/airflow/.local/lib/python3.12/site-packages/airflow/example_dags/example_bash_operator.py
[2025-02-25T23:34:51.516+0000] {processor.py:925} INFO - DAG(s) 'example_bash_operator' retrieved from /home/airflow/.local/lib/python3.12/site-packages/airflow/example_dags/example_bash_operator.py
[2025-02-25T23:34:51.531+0000] {logging_mixin.py:190} INFO - [2025-02-25T23:34:51.531+0000] {dag.py:3239} INFO - Sync 1 DAGs
[2025-02-25T23:34:51.544+0000] {logging_mixin.py:190} INFO - [2025-02-25T23:34:51.544+0000] {dag.py:4180} INFO - Setting next_dagrun for example_bash_operator to 2025-02-24 00:00:00+00:00, run_after=2025-02-25 00:00:00+00:00
[2025-02-25T23:34:51.555+0000] {processor.py:208} INFO - Processing /home/airflow/.local/lib/python3.12/site-packages/airflow/example_dags/example_bash_operator.py took 0.052 seconds
[2025-02-25T23:35:22.373+0000] {processor.py:186} INFO - Started process (PID=1655) to work on /home/airflow/.local/lib/python3.12/site-packages/airflow/example_dags/example_bash_operator.py
[2025-02-25T23:35:22.374+0000] {processor.py:914} INFO - Processing file /home/airflow/.local/lib/python3.12/site-packages/airflow/example_dags/example_bash_operator.py for tasks to queue
[2025-02-25T23:35:22.375+0000] {logging_mixin.py:190} INFO - [2025-02-25T23:35:22.375+0000] {dagbag.py:588} INFO - Filling up the DagBag from /home/airflow/.local/lib/python3.12/site-packages/airflow/example_dags/example_bash_operator.py
[2025-02-25T23:35:22.383+0000] {processor.py:925} INFO - DAG(s) 'example_bash_operator' retrieved from /home/airflow/.local/lib/python3.12/site-packages/airflow/example_dags/example_bash_operator.py
[2025-02-25T23:35:22.398+0000] {logging_mixin.py:190} INFO - [2025-02-25T23:35:22.398+0000] {dag.py:3239} INFO - Sync 1 DAGs
[2025-02-25T23:35:22.411+0000] {logging_mixin.py:190} INFO - [2025-02-25T23:35:22.411+0000] {dag.py:4180} INFO - Setting next_dagrun for example_bash_operator to 2025-02-24 00:00:00+00:00, run_after=2025-02-25 00:00:00+00:00
[2025-02-25T23:35:22.421+0000] {processor.py:208} INFO - Processing /home/airflow/.local/lib/python3.12/site-packages/airflow/example_dags/example_bash_operator.py took 0.052 seconds
[2025-02-25T23:35:52.541+0000] {processor.py:186} INFO - Started process (PID=1718) to work on /home/airflow/.local/lib/python3.12/site-packages/airflow/example_dags/example_bash_operator.py
[2025-02-25T23:35:52.542+0000] {processor.py:914} INFO - Processing file /home/airflow/.local/lib/python3.12/site-packages/airflow/example_dags/example_bash_operator.py for tasks to queue
[2025-02-25T23:35:52.543+0000] {logging_mixin.py:190} INFO - [2025-02-25T23:35:52.543+0000] {dagbag.py:588} INFO - Filling up the DagBag from /home/airflow/.local/lib/python3.12/site-packages/airflow/example_dags/example_bash_operator.py
[2025-02-25T23:35:52.550+0000] {processor.py:925} INFO - DAG(s) 'example_bash_operator' retrieved from /home/airflow/.local/lib/python3.12/site-packages/airflow/example_dags/example_bash_operator.py
[2025-02-25T23:35:52.570+0000] {logging_mixin.py:190} INFO - [2025-02-25T23:35:52.570+0000] {dag.py:3239} INFO - Sync 1 DAGs
[2025-02-25T23:35:52.586+0000] {logging_mixin.py:190} INFO - [2025-02-25T23:35:52.586+0000] {dag.py:4180} INFO - Setting next_dagrun for example_bash_operator to 2025-02-24 00:00:00+00:00, run_after=2025-02-25 00:00:00+00:00
[2025-02-25T23:35:52.599+0000] {processor.py:208} INFO - Processing /home/airflow/.local/lib/python3.12/site-packages/airflow/example_dags/example_bash_operator.py took 0.061 seconds
[2025-02-25T23:36:22.626+0000] {processor.py:186} INFO - Started process (PID=1780) to work on /home/airflow/.local/lib/python3.12/site-packages/airflow/example_dags/example_bash_operator.py
[2025-02-25T23:36:22.627+0000] {processor.py:914} INFO - Processing file /home/airflow/.local/lib/python3.12/site-packages/airflow/example_dags/example_bash_operator.py for tasks to queue
[2025-02-25T23:36:22.628+0000] {logging_mixin.py:190} INFO - [2025-02-25T23:36:22.628+0000] {dagbag.py:588} INFO - Filling up the DagBag from /home/airflow/.local/lib/python3.12/site-packages/airflow/example_dags/example_bash_operator.py
[2025-02-25T23:36:22.636+0000] {processor.py:925} INFO - DAG(s) 'example_bash_operator' retrieved from /home/airflow/.local/lib/python3.12/site-packages/airflow/example_dags/example_bash_operator.py
[2025-02-25T23:36:22.653+0000] {logging_mixin.py:190} INFO - [2025-02-25T23:36:22.652+0000] {dag.py:3239} INFO - Sync 1 DAGs
[2025-02-25T23:36:22.667+0000] {logging_mixin.py:190} INFO - [2025-02-25T23:36:22.667+0000] {dag.py:4180} INFO - Setting next_dagrun for example_bash_operator to 2025-02-24 00:00:00+00:00, run_after=2025-02-25 00:00:00+00:00
[2025-02-25T23:36:22.678+0000] {processor.py:208} INFO - Processing /home/airflow/.local/lib/python3.12/site-packages/airflow/example_dags/example_bash_operator.py took 0.056 seconds
[2025-02-25T23:36:53.642+0000] {processor.py:186} INFO - Started process (PID=1844) to work on /home/airflow/.local/lib/python3.12/site-packages/airflow/example_dags/example_bash_operator.py
[2025-02-25T23:36:53.649+0000] {processor.py:914} INFO - Processing file /home/airflow/.local/lib/python3.12/site-packages/airflow/example_dags/example_bash_operator.py for tasks to queue
[2025-02-25T23:36:53.650+0000] {logging_mixin.py:190} INFO - [2025-02-25T23:36:53.650+0000] {dagbag.py:588} INFO - Filling up the DagBag from /home/airflow/.local/lib/python3.12/site-packages/airflow/example_dags/example_bash_operator.py
[2025-02-25T23:36:53.658+0000] {processor.py:925} INFO - DAG(s) 'example_bash_operator' retrieved from /home/airflow/.local/lib/python3.12/site-packages/airflow/example_dags/example_bash_operator.py
[2025-02-25T23:36:53.674+0000] {logging_mixin.py:190} INFO - [2025-02-25T23:36:53.674+0000] {dag.py:3239} INFO - Sync 1 DAGs
[2025-02-25T23:36:53.687+0000] {logging_mixin.py:190} INFO - [2025-02-25T23:36:53.687+0000] {dag.py:4180} INFO - Setting next_dagrun for example_bash_operator to 2025-02-24 00:00:00+00:00, run_after=2025-02-25 00:00:00+00:00
[2025-02-25T23:36:53.706+0000] {processor.py:208} INFO - Processing /home/airflow/.local/lib/python3.12/site-packages/airflow/example_dags/example_bash_operator.py took 0.067 seconds
[2025-02-25T23:37:27.155+0000] {processor.py:186} INFO - Started process (PID=1907) to work on /home/airflow/.local/lib/python3.12/site-packages/airflow/example_dags/example_bash_operator.py
[2025-02-25T23:37:27.156+0000] {processor.py:914} INFO - Processing file /home/airflow/.local/lib/python3.12/site-packages/airflow/example_dags/example_bash_operator.py for tasks to queue
[2025-02-25T23:37:27.157+0000] {logging_mixin.py:190} INFO - [2025-02-25T23:37:27.157+0000] {dagbag.py:588} INFO - Filling up the DagBag from /home/airflow/.local/lib/python3.12/site-packages/airflow/example_dags/example_bash_operator.py
[2025-02-25T23:37:27.165+0000] {processor.py:925} INFO - DAG(s) 'example_bash_operator' retrieved from /home/airflow/.local/lib/python3.12/site-packages/airflow/example_dags/example_bash_operator.py
[2025-02-25T23:37:27.182+0000] {logging_mixin.py:190} INFO - [2025-02-25T23:37:27.182+0000] {dag.py:3239} INFO - Sync 1 DAGs
[2025-02-25T23:37:27.196+0000] {logging_mixin.py:190} INFO - [2025-02-25T23:37:27.196+0000] {dag.py:4180} INFO - Setting next_dagrun for example_bash_operator to 2025-02-24 00:00:00+00:00, run_after=2025-02-25 00:00:00+00:00
[2025-02-25T23:37:27.206+0000] {processor.py:208} INFO - Processing /home/airflow/.local/lib/python3.12/site-packages/airflow/example_dags/example_bash_operator.py took 0.055 seconds
[2025-02-25T23:38:01.189+0000] {processor.py:186} INFO - Started process (PID=1970) to work on /home/airflow/.local/lib/python3.12/site-packages/airflow/example_dags/example_bash_operator.py
[2025-02-25T23:38:01.190+0000] {processor.py:914} INFO - Processing file /home/airflow/.local/lib/python3.12/site-packages/airflow/example_dags/example_bash_operator.py for tasks to queue
[2025-02-25T23:38:01.192+0000] {logging_mixin.py:190} INFO - [2025-02-25T23:38:01.192+0000] {dagbag.py:588} INFO - Filling up the DagBag from /home/airflow/.local/lib/python3.12/site-packages/airflow/example_dags/example_bash_operator.py
[2025-02-25T23:38:01.201+0000] {processor.py:925} INFO - DAG(s) 'example_bash_operator' retrieved from /home/airflow/.local/lib/python3.12/site-packages/airflow/example_dags/example_bash_operator.py
[2025-02-25T23:38:01.219+0000] {logging_mixin.py:190} INFO - [2025-02-25T23:38:01.219+0000] {dag.py:3239} INFO - Sync 1 DAGs
[2025-02-25T23:38:01.235+0000] {logging_mixin.py:190} INFO - [2025-02-25T23:38:01.235+0000] {dag.py:4180} INFO - Setting next_dagrun for example_bash_operator to 2025-02-24 00:00:00+00:00, run_after=2025-02-25 00:00:00+00:00
[2025-02-25T23:38:01.248+0000] {processor.py:208} INFO - Processing /home/airflow/.local/lib/python3.12/site-packages/airflow/example_dags/example_bash_operator.py took 0.063 seconds
[2025-02-25T23:38:34.957+0000] {processor.py:186} INFO - Started process (PID=2033) to work on /home/airflow/.local/lib/python3.12/site-packages/airflow/example_dags/example_bash_operator.py
[2025-02-25T23:38:34.958+0000] {processor.py:914} INFO - Processing file /home/airflow/.local/lib/python3.12/site-packages/airflow/example_dags/example_bash_operator.py for tasks to queue
[2025-02-25T23:38:34.959+0000] {logging_mixin.py:190} INFO - [2025-02-25T23:38:34.959+0000] {dagbag.py:588} INFO - Filling up the DagBag from /home/airflow/.local/lib/python3.12/site-packages/airflow/example_dags/example_bash_operator.py
[2025-02-25T23:38:34.966+0000] {processor.py:925} INFO - DAG(s) 'example_bash_operator' retrieved from /home/airflow/.local/lib/python3.12/site-packages/airflow/example_dags/example_bash_operator.py
[2025-02-25T23:38:34.982+0000] {logging_mixin.py:190} INFO - [2025-02-25T23:38:34.982+0000] {dag.py:3239} INFO - Sync 1 DAGs
[2025-02-25T23:38:34.995+0000] {logging_mixin.py:190} INFO - [2025-02-25T23:38:34.995+0000] {dag.py:4180} INFO - Setting next_dagrun for example_bash_operator to 2025-02-24 00:00:00+00:00, run_after=2025-02-25 00:00:00+00:00
[2025-02-25T23:38:35.005+0000] {processor.py:208} INFO - Processing /home/airflow/.local/lib/python3.12/site-packages/airflow/example_dags/example_bash_operator.py took 0.052 seconds
[2025-02-25T23:39:06.060+0000] {processor.py:186} INFO - Started process (PID=2101) to work on /home/airflow/.local/lib/python3.12/site-packages/airflow/example_dags/example_bash_operator.py
[2025-02-25T23:39:06.061+0000] {processor.py:914} INFO - Processing file /home/airflow/.local/lib/python3.12/site-packages/airflow/example_dags/example_bash_operator.py for tasks to queue
[2025-02-25T23:39:06.063+0000] {logging_mixin.py:190} INFO - [2025-02-25T23:39:06.063+0000] {dagbag.py:588} INFO - Filling up the DagBag from /home/airflow/.local/lib/python3.12/site-packages/airflow/example_dags/example_bash_operator.py
[2025-02-25T23:39:06.070+0000] {processor.py:925} INFO - DAG(s) 'example_bash_operator' retrieved from /home/airflow/.local/lib/python3.12/site-packages/airflow/example_dags/example_bash_operator.py
[2025-02-25T23:39:06.087+0000] {logging_mixin.py:190} INFO - [2025-02-25T23:39:06.087+0000] {dag.py:3239} INFO - Sync 1 DAGs
[2025-02-25T23:39:06.102+0000] {logging_mixin.py:190} INFO - [2025-02-25T23:39:06.101+0000] {dag.py:4180} INFO - Setting next_dagrun for example_bash_operator to 2025-02-24 00:00:00+00:00, run_after=2025-02-25 00:00:00+00:00
[2025-02-25T23:39:06.113+0000] {processor.py:208} INFO - Processing /home/airflow/.local/lib/python3.12/site-packages/airflow/example_dags/example_bash_operator.py took 0.056 seconds
[2025-02-25T23:39:37.358+0000] {processor.py:186} INFO - Started process (PID=2164) to work on /home/airflow/.local/lib/python3.12/site-packages/airflow/example_dags/example_bash_operator.py
[2025-02-25T23:39:37.359+0000] {processor.py:914} INFO - Processing file /home/airflow/.local/lib/python3.12/site-packages/airflow/example_dags/example_bash_operator.py for tasks to queue
[2025-02-25T23:39:37.360+0000] {logging_mixin.py:190} INFO - [2025-02-25T23:39:37.360+0000] {dagbag.py:588} INFO - Filling up the DagBag from /home/airflow/.local/lib/python3.12/site-packages/airflow/example_dags/example_bash_operator.py
[2025-02-25T23:39:37.368+0000] {processor.py:925} INFO - DAG(s) 'example_bash_operator' retrieved from /home/airflow/.local/lib/python3.12/site-packages/airflow/example_dags/example_bash_operator.py
[2025-02-25T23:39:37.384+0000] {logging_mixin.py:190} INFO - [2025-02-25T23:39:37.383+0000] {dag.py:3239} INFO - Sync 1 DAGs
[2025-02-25T23:39:37.396+0000] {logging_mixin.py:190} INFO - [2025-02-25T23:39:37.396+0000] {dag.py:4180} INFO - Setting next_dagrun for example_bash_operator to 2025-02-24 00:00:00+00:00, run_after=2025-02-25 00:00:00+00:00
[2025-02-25T23:39:37.407+0000] {processor.py:208} INFO - Processing /home/airflow/.local/lib/python3.12/site-packages/airflow/example_dags/example_bash_operator.py took 0.053 seconds
[2025-02-25T23:41:52.308+0000] {processor.py:186} INFO - Started process (PID=85) to work on /home/airflow/.local/lib/python3.12/site-packages/airflow/example_dags/example_bash_operator.py
[2025-02-25T23:41:52.309+0000] {processor.py:914} INFO - Processing file /home/airflow/.local/lib/python3.12/site-packages/airflow/example_dags/example_bash_operator.py for tasks to queue
[2025-02-25T23:41:52.311+0000] {logging_mixin.py:190} INFO - [2025-02-25T23:41:52.310+0000] {dagbag.py:588} INFO - Filling up the DagBag from /home/airflow/.local/lib/python3.12/site-packages/airflow/example_dags/example_bash_operator.py
[2025-02-25T23:41:52.319+0000] {processor.py:925} INFO - DAG(s) 'example_bash_operator' retrieved from /home/airflow/.local/lib/python3.12/site-packages/airflow/example_dags/example_bash_operator.py
[2025-02-25T23:41:52.382+0000] {logging_mixin.py:190} INFO - [2025-02-25T23:41:52.382+0000] {override.py:1912} INFO - Created Permission View: can edit on DAG:example_bash_operator
[2025-02-25T23:41:52.388+0000] {logging_mixin.py:190} INFO - [2025-02-25T23:41:52.388+0000] {override.py:1912} INFO - Created Permission View: can delete on DAG:example_bash_operator
[2025-02-25T23:41:52.391+0000] {logging_mixin.py:190} INFO - [2025-02-25T23:41:52.391+0000] {override.py:1912} INFO - Created Permission View: can read on DAG:example_bash_operator
[2025-02-25T23:41:52.395+0000] {logging_mixin.py:190} INFO - [2025-02-25T23:41:52.395+0000] {override.py:1912} INFO - Created Permission View: can create on DAG Run:example_bash_operator
[2025-02-25T23:41:52.398+0000] {logging_mixin.py:190} INFO - [2025-02-25T23:41:52.398+0000] {override.py:1912} INFO - Created Permission View: can delete on DAG Run:example_bash_operator
[2025-02-25T23:41:52.402+0000] {logging_mixin.py:190} INFO - [2025-02-25T23:41:52.401+0000] {override.py:1912} INFO - Created Permission View: can read on DAG Run:example_bash_operator
[2025-02-25T23:41:52.405+0000] {logging_mixin.py:190} INFO - [2025-02-25T23:41:52.405+0000] {override.py:1912} INFO - Created Permission View: menu access on DAG Run:example_bash_operator
[2025-02-25T23:41:52.405+0000] {logging_mixin.py:190} INFO - [2025-02-25T23:41:52.405+0000] {dag.py:3239} INFO - Sync 1 DAGs
[2025-02-25T23:41:52.412+0000] {logging_mixin.py:190} INFO - [2025-02-25T23:41:52.412+0000] {dag.py:3262} INFO - Creating ORM DAG for example_bash_operator
[2025-02-25T23:41:52.418+0000] {logging_mixin.py:190} INFO - [2025-02-25T23:41:52.418+0000] {dag.py:4180} INFO - Setting next_dagrun for example_bash_operator to 2025-02-24 00:00:00+00:00, run_after=2025-02-25 00:00:00+00:00
[2025-02-25T23:41:52.427+0000] {processor.py:208} INFO - Processing /home/airflow/.local/lib/python3.12/site-packages/airflow/example_dags/example_bash_operator.py took 0.122 seconds
[2025-02-25T23:42:24.831+0000] {processor.py:186} INFO - Started process (PID=148) to work on /home/airflow/.local/lib/python3.12/site-packages/airflow/example_dags/example_bash_operator.py
[2025-02-25T23:42:24.831+0000] {processor.py:914} INFO - Processing file /home/airflow/.local/lib/python3.12/site-packages/airflow/example_dags/example_bash_operator.py for tasks to queue
[2025-02-25T23:42:24.833+0000] {logging_mixin.py:190} INFO - [2025-02-25T23:42:24.833+0000] {dagbag.py:588} INFO - Filling up the DagBag from /home/airflow/.local/lib/python3.12/site-packages/airflow/example_dags/example_bash_operator.py
[2025-02-25T23:42:24.840+0000] {processor.py:925} INFO - DAG(s) 'example_bash_operator' retrieved from /home/airflow/.local/lib/python3.12/site-packages/airflow/example_dags/example_bash_operator.py
[2025-02-25T23:42:24.855+0000] {logging_mixin.py:190} INFO - [2025-02-25T23:42:24.855+0000] {dag.py:3239} INFO - Sync 1 DAGs
[2025-02-25T23:42:24.868+0000] {logging_mixin.py:190} INFO - [2025-02-25T23:42:24.868+0000] {dag.py:4180} INFO - Setting next_dagrun for example_bash_operator to 2025-02-24 00:00:00+00:00, run_after=2025-02-25 00:00:00+00:00
[2025-02-25T23:42:24.878+0000] {processor.py:208} INFO - Processing /home/airflow/.local/lib/python3.12/site-packages/airflow/example_dags/example_bash_operator.py took 0.050 seconds
[2025-02-25T23:42:58.641+0000] {processor.py:186} INFO - Started process (PID=211) to work on /home/airflow/.local/lib/python3.12/site-packages/airflow/example_dags/example_bash_operator.py
[2025-02-25T23:42:58.642+0000] {processor.py:914} INFO - Processing file /home/airflow/.local/lib/python3.12/site-packages/airflow/example_dags/example_bash_operator.py for tasks to queue
[2025-02-25T23:42:58.644+0000] {logging_mixin.py:190} INFO - [2025-02-25T23:42:58.643+0000] {dagbag.py:588} INFO - Filling up the DagBag from /home/airflow/.local/lib/python3.12/site-packages/airflow/example_dags/example_bash_operator.py
[2025-02-25T23:42:58.651+0000] {processor.py:925} INFO - DAG(s) 'example_bash_operator' retrieved from /home/airflow/.local/lib/python3.12/site-packages/airflow/example_dags/example_bash_operator.py
[2025-02-25T23:42:58.666+0000] {logging_mixin.py:190} INFO - [2025-02-25T23:42:58.666+0000] {dag.py:3239} INFO - Sync 1 DAGs
[2025-02-25T23:42:58.679+0000] {logging_mixin.py:190} INFO - [2025-02-25T23:42:58.679+0000] {dag.py:4180} INFO - Setting next_dagrun for example_bash_operator to 2025-02-24 00:00:00+00:00, run_after=2025-02-25 00:00:00+00:00
[2025-02-25T23:42:58.689+0000] {processor.py:208} INFO - Processing /home/airflow/.local/lib/python3.12/site-packages/airflow/example_dags/example_bash_operator.py took 0.051 seconds
[2025-02-25T23:43:29.672+0000] {processor.py:186} INFO - Started process (PID=274) to work on /home/airflow/.local/lib/python3.12/site-packages/airflow/example_dags/example_bash_operator.py
[2025-02-25T23:43:29.673+0000] {processor.py:914} INFO - Processing file /home/airflow/.local/lib/python3.12/site-packages/airflow/example_dags/example_bash_operator.py for tasks to queue
[2025-02-25T23:43:29.674+0000] {logging_mixin.py:190} INFO - [2025-02-25T23:43:29.674+0000] {dagbag.py:588} INFO - Filling up the DagBag from /home/airflow/.local/lib/python3.12/site-packages/airflow/example_dags/example_bash_operator.py
[2025-02-25T23:43:29.681+0000] {processor.py:925} INFO - DAG(s) 'example_bash_operator' retrieved from /home/airflow/.local/lib/python3.12/site-packages/airflow/example_dags/example_bash_operator.py
[2025-02-25T23:43:29.697+0000] {logging_mixin.py:190} INFO - [2025-02-25T23:43:29.696+0000] {dag.py:3239} INFO - Sync 1 DAGs
[2025-02-25T23:43:29.709+0000] {logging_mixin.py:190} INFO - [2025-02-25T23:43:29.709+0000] {dag.py:4180} INFO - Setting next_dagrun for example_bash_operator to 2025-02-24 00:00:00+00:00, run_after=2025-02-25 00:00:00+00:00
[2025-02-25T23:43:29.719+0000] {processor.py:208} INFO - Processing /home/airflow/.local/lib/python3.12/site-packages/airflow/example_dags/example_bash_operator.py took 0.050 seconds
[2025-02-25T23:44:00.465+0000] {processor.py:186} INFO - Started process (PID=337) to work on /home/airflow/.local/lib/python3.12/site-packages/airflow/example_dags/example_bash_operator.py
[2025-02-25T23:44:00.466+0000] {processor.py:914} INFO - Processing file /home/airflow/.local/lib/python3.12/site-packages/airflow/example_dags/example_bash_operator.py for tasks to queue
[2025-02-25T23:44:00.468+0000] {logging_mixin.py:190} INFO - [2025-02-25T23:44:00.468+0000] {dagbag.py:588} INFO - Filling up the DagBag from /home/airflow/.local/lib/python3.12/site-packages/airflow/example_dags/example_bash_operator.py
[2025-02-25T23:44:00.475+0000] {processor.py:925} INFO - DAG(s) 'example_bash_operator' retrieved from /home/airflow/.local/lib/python3.12/site-packages/airflow/example_dags/example_bash_operator.py
[2025-02-25T23:44:00.491+0000] {logging_mixin.py:190} INFO - [2025-02-25T23:44:00.491+0000] {dag.py:3239} INFO - Sync 1 DAGs
[2025-02-25T23:44:00.504+0000] {logging_mixin.py:190} INFO - [2025-02-25T23:44:00.504+0000] {dag.py:4180} INFO - Setting next_dagrun for example_bash_operator to 2025-02-24 00:00:00+00:00, run_after=2025-02-25 00:00:00+00:00
[2025-02-25T23:44:00.516+0000] {processor.py:208} INFO - Processing /home/airflow/.local/lib/python3.12/site-packages/airflow/example_dags/example_bash_operator.py took 0.054 seconds
[2025-02-25T23:44:31.213+0000] {processor.py:186} INFO - Started process (PID=400) to work on /home/airflow/.local/lib/python3.12/site-packages/airflow/example_dags/example_bash_operator.py
[2025-02-25T23:44:31.214+0000] {processor.py:914} INFO - Processing file /home/airflow/.local/lib/python3.12/site-packages/airflow/example_dags/example_bash_operator.py for tasks to queue
[2025-02-25T23:44:31.215+0000] {logging_mixin.py:190} INFO - [2025-02-25T23:44:31.215+0000] {dagbag.py:588} INFO - Filling up the DagBag from /home/airflow/.local/lib/python3.12/site-packages/airflow/example_dags/example_bash_operator.py
[2025-02-25T23:44:31.223+0000] {processor.py:925} INFO - DAG(s) 'example_bash_operator' retrieved from /home/airflow/.local/lib/python3.12/site-packages/airflow/example_dags/example_bash_operator.py
[2025-02-25T23:44:31.240+0000] {logging_mixin.py:190} INFO - [2025-02-25T23:44:31.240+0000] {dag.py:3239} INFO - Sync 1 DAGs
[2025-02-25T23:44:31.254+0000] {logging_mixin.py:190} INFO - [2025-02-25T23:44:31.253+0000] {dag.py:4180} INFO - Setting next_dagrun for example_bash_operator to 2025-02-24 00:00:00+00:00, run_after=2025-02-25 00:00:00+00:00
[2025-02-25T23:44:31.264+0000] {processor.py:208} INFO - Processing /home/airflow/.local/lib/python3.12/site-packages/airflow/example_dags/example_bash_operator.py took 0.055 seconds
[2025-02-25T23:45:02.036+0000] {processor.py:186} INFO - Started process (PID=463) to work on /home/airflow/.local/lib/python3.12/site-packages/airflow/example_dags/example_bash_operator.py
[2025-02-25T23:45:02.037+0000] {processor.py:914} INFO - Processing file /home/airflow/.local/lib/python3.12/site-packages/airflow/example_dags/example_bash_operator.py for tasks to queue
[2025-02-25T23:45:02.038+0000] {logging_mixin.py:190} INFO - [2025-02-25T23:45:02.038+0000] {dagbag.py:588} INFO - Filling up the DagBag from /home/airflow/.local/lib/python3.12/site-packages/airflow/example_dags/example_bash_operator.py
[2025-02-25T23:45:02.045+0000] {processor.py:925} INFO - DAG(s) 'example_bash_operator' retrieved from /home/airflow/.local/lib/python3.12/site-packages/airflow/example_dags/example_bash_operator.py
[2025-02-25T23:45:02.061+0000] {logging_mixin.py:190} INFO - [2025-02-25T23:45:02.061+0000] {dag.py:3239} INFO - Sync 1 DAGs
[2025-02-25T23:45:02.075+0000] {logging_mixin.py:190} INFO - [2025-02-25T23:45:02.075+0000] {dag.py:4180} INFO - Setting next_dagrun for example_bash_operator to 2025-02-24 00:00:00+00:00, run_after=2025-02-25 00:00:00+00:00
[2025-02-25T23:45:02.085+0000] {processor.py:208} INFO - Processing /home/airflow/.local/lib/python3.12/site-packages/airflow/example_dags/example_bash_operator.py took 0.052 seconds
[2025-02-25T23:45:32.816+0000] {processor.py:186} INFO - Started process (PID=526) to work on /home/airflow/.local/lib/python3.12/site-packages/airflow/example_dags/example_bash_operator.py
[2025-02-25T23:45:32.817+0000] {processor.py:914} INFO - Processing file /home/airflow/.local/lib/python3.12/site-packages/airflow/example_dags/example_bash_operator.py for tasks to queue
[2025-02-25T23:45:32.818+0000] {logging_mixin.py:190} INFO - [2025-02-25T23:45:32.818+0000] {dagbag.py:588} INFO - Filling up the DagBag from /home/airflow/.local/lib/python3.12/site-packages/airflow/example_dags/example_bash_operator.py
[2025-02-25T23:45:32.826+0000] {processor.py:925} INFO - DAG(s) 'example_bash_operator' retrieved from /home/airflow/.local/lib/python3.12/site-packages/airflow/example_dags/example_bash_operator.py
[2025-02-25T23:45:32.842+0000] {logging_mixin.py:190} INFO - [2025-02-25T23:45:32.842+0000] {dag.py:3239} INFO - Sync 1 DAGs
[2025-02-25T23:45:32.856+0000] {logging_mixin.py:190} INFO - [2025-02-25T23:45:32.855+0000] {dag.py:4180} INFO - Setting next_dagrun for example_bash_operator to 2025-02-24 00:00:00+00:00, run_after=2025-02-25 00:00:00+00:00
[2025-02-25T23:45:32.866+0000] {processor.py:208} INFO - Processing /home/airflow/.local/lib/python3.12/site-packages/airflow/example_dags/example_bash_operator.py took 0.053 seconds
[2025-02-25T23:46:03.558+0000] {processor.py:186} INFO - Started process (PID=589) to work on /home/airflow/.local/lib/python3.12/site-packages/airflow/example_dags/example_bash_operator.py
[2025-02-25T23:46:03.559+0000] {processor.py:914} INFO - Processing file /home/airflow/.local/lib/python3.12/site-packages/airflow/example_dags/example_bash_operator.py for tasks to queue
[2025-02-25T23:46:03.560+0000] {logging_mixin.py:190} INFO - [2025-02-25T23:46:03.560+0000] {dagbag.py:588} INFO - Filling up the DagBag from /home/airflow/.local/lib/python3.12/site-packages/airflow/example_dags/example_bash_operator.py
[2025-02-25T23:46:03.567+0000] {processor.py:925} INFO - DAG(s) 'example_bash_operator' retrieved from /home/airflow/.local/lib/python3.12/site-packages/airflow/example_dags/example_bash_operator.py
[2025-02-25T23:46:03.582+0000] {logging_mixin.py:190} INFO - [2025-02-25T23:46:03.582+0000] {dag.py:3239} INFO - Sync 1 DAGs
[2025-02-25T23:46:03.595+0000] {logging_mixin.py:190} INFO - [2025-02-25T23:46:03.595+0000] {dag.py:4180} INFO - Setting next_dagrun for example_bash_operator to 2025-02-24 00:00:00+00:00, run_after=2025-02-25 00:00:00+00:00
[2025-02-25T23:46:03.606+0000] {processor.py:208} INFO - Processing /home/airflow/.local/lib/python3.12/site-packages/airflow/example_dags/example_bash_operator.py took 0.051 seconds
[2025-02-25T23:46:34.366+0000] {processor.py:186} INFO - Started process (PID=652) to work on /home/airflow/.local/lib/python3.12/site-packages/airflow/example_dags/example_bash_operator.py
[2025-02-25T23:46:34.367+0000] {processor.py:914} INFO - Processing file /home/airflow/.local/lib/python3.12/site-packages/airflow/example_dags/example_bash_operator.py for tasks to queue
[2025-02-25T23:46:34.369+0000] {logging_mixin.py:190} INFO - [2025-02-25T23:46:34.369+0000] {dagbag.py:588} INFO - Filling up the DagBag from /home/airflow/.local/lib/python3.12/site-packages/airflow/example_dags/example_bash_operator.py
[2025-02-25T23:46:34.377+0000] {processor.py:925} INFO - DAG(s) 'example_bash_operator' retrieved from /home/airflow/.local/lib/python3.12/site-packages/airflow/example_dags/example_bash_operator.py
[2025-02-25T23:46:34.395+0000] {logging_mixin.py:190} INFO - [2025-02-25T23:46:34.395+0000] {dag.py:3239} INFO - Sync 1 DAGs
[2025-02-25T23:46:34.408+0000] {logging_mixin.py:190} INFO - [2025-02-25T23:46:34.408+0000] {dag.py:4180} INFO - Setting next_dagrun for example_bash_operator to 2025-02-24 00:00:00+00:00, run_after=2025-02-25 00:00:00+00:00
[2025-02-25T23:46:34.419+0000] {processor.py:208} INFO - Processing /home/airflow/.local/lib/python3.12/site-packages/airflow/example_dags/example_bash_operator.py took 0.056 seconds
[2025-02-25T23:47:05.126+0000] {processor.py:186} INFO - Started process (PID=715) to work on /home/airflow/.local/lib/python3.12/site-packages/airflow/example_dags/example_bash_operator.py
[2025-02-25T23:47:05.127+0000] {processor.py:914} INFO - Processing file /home/airflow/.local/lib/python3.12/site-packages/airflow/example_dags/example_bash_operator.py for tasks to queue
[2025-02-25T23:47:05.128+0000] {logging_mixin.py:190} INFO - [2025-02-25T23:47:05.128+0000] {dagbag.py:588} INFO - Filling up the DagBag from /home/airflow/.local/lib/python3.12/site-packages/airflow/example_dags/example_bash_operator.py
[2025-02-25T23:47:05.135+0000] {processor.py:925} INFO - DAG(s) 'example_bash_operator' retrieved from /home/airflow/.local/lib/python3.12/site-packages/airflow/example_dags/example_bash_operator.py
[2025-02-25T23:47:05.149+0000] {logging_mixin.py:190} INFO - [2025-02-25T23:47:05.149+0000] {dag.py:3239} INFO - Sync 1 DAGs
[2025-02-25T23:47:05.162+0000] {logging_mixin.py:190} INFO - [2025-02-25T23:47:05.162+0000] {dag.py:4180} INFO - Setting next_dagrun for example_bash_operator to 2025-02-24 00:00:00+00:00, run_after=2025-02-25 00:00:00+00:00
[2025-02-25T23:47:05.172+0000] {processor.py:208} INFO - Processing /home/airflow/.local/lib/python3.12/site-packages/airflow/example_dags/example_bash_operator.py took 0.048 seconds
[2025-02-25T23:47:35.863+0000] {processor.py:186} INFO - Started process (PID=778) to work on /home/airflow/.local/lib/python3.12/site-packages/airflow/example_dags/example_bash_operator.py
[2025-02-25T23:47:35.863+0000] {processor.py:914} INFO - Processing file /home/airflow/.local/lib/python3.12/site-packages/airflow/example_dags/example_bash_operator.py for tasks to queue
[2025-02-25T23:47:35.865+0000] {logging_mixin.py:190} INFO - [2025-02-25T23:47:35.864+0000] {dagbag.py:588} INFO - Filling up the DagBag from /home/airflow/.local/lib/python3.12/site-packages/airflow/example_dags/example_bash_operator.py
[2025-02-25T23:47:35.872+0000] {processor.py:925} INFO - DAG(s) 'example_bash_operator' retrieved from /home/airflow/.local/lib/python3.12/site-packages/airflow/example_dags/example_bash_operator.py
[2025-02-25T23:47:35.886+0000] {logging_mixin.py:190} INFO - [2025-02-25T23:47:35.886+0000] {dag.py:3239} INFO - Sync 1 DAGs
[2025-02-25T23:47:35.899+0000] {logging_mixin.py:190} INFO - [2025-02-25T23:47:35.899+0000] {dag.py:4180} INFO - Setting next_dagrun for example_bash_operator to 2025-02-24 00:00:00+00:00, run_after=2025-02-25 00:00:00+00:00
[2025-02-25T23:47:35.910+0000] {processor.py:208} INFO - Processing /home/airflow/.local/lib/python3.12/site-packages/airflow/example_dags/example_bash_operator.py took 0.051 seconds
[2025-02-25T23:48:06.776+0000] {processor.py:186} INFO - Started process (PID=841) to work on /home/airflow/.local/lib/python3.12/site-packages/airflow/example_dags/example_bash_operator.py
[2025-02-25T23:48:06.777+0000] {processor.py:914} INFO - Processing file /home/airflow/.local/lib/python3.12/site-packages/airflow/example_dags/example_bash_operator.py for tasks to queue
[2025-02-25T23:48:06.778+0000] {logging_mixin.py:190} INFO - [2025-02-25T23:48:06.778+0000] {dagbag.py:588} INFO - Filling up the DagBag from /home/airflow/.local/lib/python3.12/site-packages/airflow/example_dags/example_bash_operator.py
[2025-02-25T23:48:06.787+0000] {processor.py:925} INFO - DAG(s) 'example_bash_operator' retrieved from /home/airflow/.local/lib/python3.12/site-packages/airflow/example_dags/example_bash_operator.py
[2025-02-25T23:48:06.804+0000] {logging_mixin.py:190} INFO - [2025-02-25T23:48:06.803+0000] {dag.py:3239} INFO - Sync 1 DAGs
[2025-02-25T23:48:06.818+0000] {logging_mixin.py:190} INFO - [2025-02-25T23:48:06.818+0000] {dag.py:4180} INFO - Setting next_dagrun for example_bash_operator to 2025-02-24 00:00:00+00:00, run_after=2025-02-25 00:00:00+00:00
[2025-02-25T23:48:06.829+0000] {processor.py:208} INFO - Processing /home/airflow/.local/lib/python3.12/site-packages/airflow/example_dags/example_bash_operator.py took 0.057 seconds
[2025-02-25T23:48:37.592+0000] {processor.py:186} INFO - Started process (PID=898) to work on /home/airflow/.local/lib/python3.12/site-packages/airflow/example_dags/example_bash_operator.py
[2025-02-25T23:48:37.593+0000] {processor.py:914} INFO - Processing file /home/airflow/.local/lib/python3.12/site-packages/airflow/example_dags/example_bash_operator.py for tasks to queue
[2025-02-25T23:48:37.595+0000] {logging_mixin.py:190} INFO - [2025-02-25T23:48:37.595+0000] {dagbag.py:588} INFO - Filling up the DagBag from /home/airflow/.local/lib/python3.12/site-packages/airflow/example_dags/example_bash_operator.py
[2025-02-25T23:48:37.603+0000] {processor.py:925} INFO - DAG(s) 'example_bash_operator' retrieved from /home/airflow/.local/lib/python3.12/site-packages/airflow/example_dags/example_bash_operator.py
[2025-02-25T23:48:37.619+0000] {logging_mixin.py:190} INFO - [2025-02-25T23:48:37.619+0000] {dag.py:3239} INFO - Sync 1 DAGs
[2025-02-25T23:48:37.633+0000] {logging_mixin.py:190} INFO - [2025-02-25T23:48:37.632+0000] {dag.py:4180} INFO - Setting next_dagrun for example_bash_operator to 2025-02-24 00:00:00+00:00, run_after=2025-02-25 00:00:00+00:00
[2025-02-25T23:48:37.643+0000] {processor.py:208} INFO - Processing /home/airflow/.local/lib/python3.12/site-packages/airflow/example_dags/example_bash_operator.py took 0.054 seconds
[2025-02-25T23:49:07.725+0000] {processor.py:186} INFO - Started process (PID=961) to work on /home/airflow/.local/lib/python3.12/site-packages/airflow/example_dags/example_bash_operator.py
[2025-02-25T23:49:07.726+0000] {processor.py:914} INFO - Processing file /home/airflow/.local/lib/python3.12/site-packages/airflow/example_dags/example_bash_operator.py for tasks to queue
[2025-02-25T23:49:07.728+0000] {logging_mixin.py:190} INFO - [2025-02-25T23:49:07.728+0000] {dagbag.py:588} INFO - Filling up the DagBag from /home/airflow/.local/lib/python3.12/site-packages/airflow/example_dags/example_bash_operator.py
[2025-02-25T23:49:07.736+0000] {processor.py:925} INFO - DAG(s) 'example_bash_operator' retrieved from /home/airflow/.local/lib/python3.12/site-packages/airflow/example_dags/example_bash_operator.py
[2025-02-25T23:49:07.753+0000] {logging_mixin.py:190} INFO - [2025-02-25T23:49:07.753+0000] {dag.py:3239} INFO - Sync 1 DAGs
[2025-02-25T23:49:07.769+0000] {logging_mixin.py:190} INFO - [2025-02-25T23:49:07.768+0000] {dag.py:4180} INFO - Setting next_dagrun for example_bash_operator to 2025-02-24 00:00:00+00:00, run_after=2025-02-25 00:00:00+00:00
[2025-02-25T23:49:07.780+0000] {processor.py:208} INFO - Processing /home/airflow/.local/lib/python3.12/site-packages/airflow/example_dags/example_bash_operator.py took 0.058 seconds
[2025-02-25T23:49:38.151+0000] {processor.py:186} INFO - Started process (PID=1024) to work on /home/airflow/.local/lib/python3.12/site-packages/airflow/example_dags/example_bash_operator.py
[2025-02-25T23:49:38.152+0000] {processor.py:914} INFO - Processing file /home/airflow/.local/lib/python3.12/site-packages/airflow/example_dags/example_bash_operator.py for tasks to queue
[2025-02-25T23:49:38.153+0000] {logging_mixin.py:190} INFO - [2025-02-25T23:49:38.153+0000] {dagbag.py:588} INFO - Filling up the DagBag from /home/airflow/.local/lib/python3.12/site-packages/airflow/example_dags/example_bash_operator.py
[2025-02-25T23:49:38.162+0000] {processor.py:925} INFO - DAG(s) 'example_bash_operator' retrieved from /home/airflow/.local/lib/python3.12/site-packages/airflow/example_dags/example_bash_operator.py
[2025-02-25T23:49:38.179+0000] {logging_mixin.py:190} INFO - [2025-02-25T23:49:38.179+0000] {dag.py:3239} INFO - Sync 1 DAGs
[2025-02-25T23:49:38.193+0000] {logging_mixin.py:190} INFO - [2025-02-25T23:49:38.193+0000] {dag.py:4180} INFO - Setting next_dagrun for example_bash_operator to 2025-02-24 00:00:00+00:00, run_after=2025-02-25 00:00:00+00:00
[2025-02-25T23:49:38.205+0000] {processor.py:208} INFO - Processing /home/airflow/.local/lib/python3.12/site-packages/airflow/example_dags/example_bash_operator.py took 0.057 seconds
[2025-02-25T23:50:08.710+0000] {processor.py:186} INFO - Started process (PID=1087) to work on /home/airflow/.local/lib/python3.12/site-packages/airflow/example_dags/example_bash_operator.py
[2025-02-25T23:50:08.711+0000] {processor.py:914} INFO - Processing file /home/airflow/.local/lib/python3.12/site-packages/airflow/example_dags/example_bash_operator.py for tasks to queue
[2025-02-25T23:50:08.713+0000] {logging_mixin.py:190} INFO - [2025-02-25T23:50:08.712+0000] {dagbag.py:588} INFO - Filling up the DagBag from /home/airflow/.local/lib/python3.12/site-packages/airflow/example_dags/example_bash_operator.py
[2025-02-25T23:50:08.719+0000] {processor.py:925} INFO - DAG(s) 'example_bash_operator' retrieved from /home/airflow/.local/lib/python3.12/site-packages/airflow/example_dags/example_bash_operator.py
[2025-02-25T23:50:08.735+0000] {logging_mixin.py:190} INFO - [2025-02-25T23:50:08.735+0000] {dag.py:3239} INFO - Sync 1 DAGs
[2025-02-25T23:50:08.749+0000] {logging_mixin.py:190} INFO - [2025-02-25T23:50:08.749+0000] {dag.py:4180} INFO - Setting next_dagrun for example_bash_operator to 2025-02-24 00:00:00+00:00, run_after=2025-02-25 00:00:00+00:00
[2025-02-25T23:50:08.760+0000] {processor.py:208} INFO - Processing /home/airflow/.local/lib/python3.12/site-packages/airflow/example_dags/example_bash_operator.py took 0.053 seconds
[2025-02-25T23:50:39.132+0000] {processor.py:186} INFO - Started process (PID=1149) to work on /home/airflow/.local/lib/python3.12/site-packages/airflow/example_dags/example_bash_operator.py
[2025-02-25T23:50:39.132+0000] {processor.py:914} INFO - Processing file /home/airflow/.local/lib/python3.12/site-packages/airflow/example_dags/example_bash_operator.py for tasks to queue
[2025-02-25T23:50:39.133+0000] {logging_mixin.py:190} INFO - [2025-02-25T23:50:39.133+0000] {dagbag.py:588} INFO - Filling up the DagBag from /home/airflow/.local/lib/python3.12/site-packages/airflow/example_dags/example_bash_operator.py
[2025-02-25T23:50:39.141+0000] {processor.py:925} INFO - DAG(s) 'example_bash_operator' retrieved from /home/airflow/.local/lib/python3.12/site-packages/airflow/example_dags/example_bash_operator.py
[2025-02-25T23:50:39.156+0000] {logging_mixin.py:190} INFO - [2025-02-25T23:50:39.156+0000] {dag.py:3239} INFO - Sync 1 DAGs
[2025-02-25T23:50:39.169+0000] {logging_mixin.py:190} INFO - [2025-02-25T23:50:39.169+0000] {dag.py:4180} INFO - Setting next_dagrun for example_bash_operator to 2025-02-24 00:00:00+00:00, run_after=2025-02-25 00:00:00+00:00
[2025-02-25T23:50:39.179+0000] {processor.py:208} INFO - Processing /home/airflow/.local/lib/python3.12/site-packages/airflow/example_dags/example_bash_operator.py took 0.051 seconds
[2025-02-25T23:51:11.779+0000] {processor.py:186} INFO - Started process (PID=1213) to work on /home/airflow/.local/lib/python3.12/site-packages/airflow/example_dags/example_bash_operator.py
[2025-02-25T23:51:11.780+0000] {processor.py:914} INFO - Processing file /home/airflow/.local/lib/python3.12/site-packages/airflow/example_dags/example_bash_operator.py for tasks to queue
[2025-02-25T23:51:11.782+0000] {logging_mixin.py:190} INFO - [2025-02-25T23:51:11.781+0000] {dagbag.py:588} INFO - Filling up the DagBag from /home/airflow/.local/lib/python3.12/site-packages/airflow/example_dags/example_bash_operator.py
[2025-02-25T23:51:11.789+0000] {processor.py:925} INFO - DAG(s) 'example_bash_operator' retrieved from /home/airflow/.local/lib/python3.12/site-packages/airflow/example_dags/example_bash_operator.py
[2025-02-25T23:51:11.805+0000] {logging_mixin.py:190} INFO - [2025-02-25T23:51:11.805+0000] {dag.py:3239} INFO - Sync 1 DAGs
[2025-02-25T23:51:11.819+0000] {logging_mixin.py:190} INFO - [2025-02-25T23:51:11.819+0000] {dag.py:4180} INFO - Setting next_dagrun for example_bash_operator to 2025-02-24 00:00:00+00:00, run_after=2025-02-25 00:00:00+00:00
[2025-02-25T23:51:11.830+0000] {processor.py:208} INFO - Processing /home/airflow/.local/lib/python3.12/site-packages/airflow/example_dags/example_bash_operator.py took 0.054 seconds
[2025-02-25T23:51:42.391+0000] {processor.py:186} INFO - Started process (PID=1276) to work on /home/airflow/.local/lib/python3.12/site-packages/airflow/example_dags/example_bash_operator.py
[2025-02-25T23:51:42.391+0000] {processor.py:914} INFO - Processing file /home/airflow/.local/lib/python3.12/site-packages/airflow/example_dags/example_bash_operator.py for tasks to queue
[2025-02-25T23:51:42.393+0000] {logging_mixin.py:190} INFO - [2025-02-25T23:51:42.393+0000] {dagbag.py:588} INFO - Filling up the DagBag from /home/airflow/.local/lib/python3.12/site-packages/airflow/example_dags/example_bash_operator.py
[2025-02-25T23:51:42.400+0000] {processor.py:925} INFO - DAG(s) 'example_bash_operator' retrieved from /home/airflow/.local/lib/python3.12/site-packages/airflow/example_dags/example_bash_operator.py
[2025-02-25T23:51:42.417+0000] {logging_mixin.py:190} INFO - [2025-02-25T23:51:42.417+0000] {dag.py:3239} INFO - Sync 1 DAGs
[2025-02-25T23:51:42.432+0000] {logging_mixin.py:190} INFO - [2025-02-25T23:51:42.431+0000] {dag.py:4180} INFO - Setting next_dagrun for example_bash_operator to 2025-02-24 00:00:00+00:00, run_after=2025-02-25 00:00:00+00:00
[2025-02-25T23:51:42.442+0000] {processor.py:208} INFO - Processing /home/airflow/.local/lib/python3.12/site-packages/airflow/example_dags/example_bash_operator.py took 0.054 seconds
[2025-02-25T23:52:13.449+0000] {processor.py:186} INFO - Started process (PID=1339) to work on /home/airflow/.local/lib/python3.12/site-packages/airflow/example_dags/example_bash_operator.py
[2025-02-25T23:52:13.449+0000] {processor.py:914} INFO - Processing file /home/airflow/.local/lib/python3.12/site-packages/airflow/example_dags/example_bash_operator.py for tasks to queue
[2025-02-25T23:52:13.451+0000] {logging_mixin.py:190} INFO - [2025-02-25T23:52:13.451+0000] {dagbag.py:588} INFO - Filling up the DagBag from /home/airflow/.local/lib/python3.12/site-packages/airflow/example_dags/example_bash_operator.py
[2025-02-25T23:52:13.458+0000] {processor.py:925} INFO - DAG(s) 'example_bash_operator' retrieved from /home/airflow/.local/lib/python3.12/site-packages/airflow/example_dags/example_bash_operator.py
[2025-02-25T23:52:13.474+0000] {logging_mixin.py:190} INFO - [2025-02-25T23:52:13.474+0000] {dag.py:3239} INFO - Sync 1 DAGs
[2025-02-25T23:52:13.488+0000] {logging_mixin.py:190} INFO - [2025-02-25T23:52:13.487+0000] {dag.py:4180} INFO - Setting next_dagrun for example_bash_operator to 2025-02-24 00:00:00+00:00, run_after=2025-02-25 00:00:00+00:00
[2025-02-25T23:52:13.497+0000] {processor.py:208} INFO - Processing /home/airflow/.local/lib/python3.12/site-packages/airflow/example_dags/example_bash_operator.py took 0.052 seconds
[2025-02-25T23:52:44.379+0000] {processor.py:186} INFO - Started process (PID=1402) to work on /home/airflow/.local/lib/python3.12/site-packages/airflow/example_dags/example_bash_operator.py
[2025-02-25T23:52:44.379+0000] {processor.py:914} INFO - Processing file /home/airflow/.local/lib/python3.12/site-packages/airflow/example_dags/example_bash_operator.py for tasks to queue
[2025-02-25T23:52:44.381+0000] {logging_mixin.py:190} INFO - [2025-02-25T23:52:44.380+0000] {dagbag.py:588} INFO - Filling up the DagBag from /home/airflow/.local/lib/python3.12/site-packages/airflow/example_dags/example_bash_operator.py
[2025-02-25T23:52:44.388+0000] {processor.py:925} INFO - DAG(s) 'example_bash_operator' retrieved from /home/airflow/.local/lib/python3.12/site-packages/airflow/example_dags/example_bash_operator.py
[2025-02-25T23:52:44.404+0000] {logging_mixin.py:190} INFO - [2025-02-25T23:52:44.403+0000] {dag.py:3239} INFO - Sync 1 DAGs
[2025-02-25T23:52:44.416+0000] {logging_mixin.py:190} INFO - [2025-02-25T23:52:44.416+0000] {dag.py:4180} INFO - Setting next_dagrun for example_bash_operator to 2025-02-24 00:00:00+00:00, run_after=2025-02-25 00:00:00+00:00
[2025-02-25T23:52:44.426+0000] {processor.py:208} INFO - Processing /home/airflow/.local/lib/python3.12/site-packages/airflow/example_dags/example_bash_operator.py took 0.051 seconds
[2025-02-25T23:53:15.418+0000] {processor.py:186} INFO - Started process (PID=1466) to work on /home/airflow/.local/lib/python3.12/site-packages/airflow/example_dags/example_bash_operator.py
[2025-02-25T23:53:15.419+0000] {processor.py:914} INFO - Processing file /home/airflow/.local/lib/python3.12/site-packages/airflow/example_dags/example_bash_operator.py for tasks to queue
[2025-02-25T23:53:15.420+0000] {logging_mixin.py:190} INFO - [2025-02-25T23:53:15.420+0000] {dagbag.py:588} INFO - Filling up the DagBag from /home/airflow/.local/lib/python3.12/site-packages/airflow/example_dags/example_bash_operator.py
[2025-02-25T23:53:15.428+0000] {processor.py:925} INFO - DAG(s) 'example_bash_operator' retrieved from /home/airflow/.local/lib/python3.12/site-packages/airflow/example_dags/example_bash_operator.py
[2025-02-25T23:53:15.444+0000] {logging_mixin.py:190} INFO - [2025-02-25T23:53:15.444+0000] {dag.py:3239} INFO - Sync 1 DAGs
[2025-02-25T23:53:15.459+0000] {logging_mixin.py:190} INFO - [2025-02-25T23:53:15.458+0000] {dag.py:4180} INFO - Setting next_dagrun for example_bash_operator to 2025-02-24 00:00:00+00:00, run_after=2025-02-25 00:00:00+00:00
[2025-02-25T23:53:15.470+0000] {processor.py:208} INFO - Processing /home/airflow/.local/lib/python3.12/site-packages/airflow/example_dags/example_bash_operator.py took 0.056 seconds
[2025-02-25T23:53:46.282+0000] {processor.py:186} INFO - Started process (PID=1529) to work on /home/airflow/.local/lib/python3.12/site-packages/airflow/example_dags/example_bash_operator.py
[2025-02-25T23:53:46.283+0000] {processor.py:914} INFO - Processing file /home/airflow/.local/lib/python3.12/site-packages/airflow/example_dags/example_bash_operator.py for tasks to queue
[2025-02-25T23:53:46.284+0000] {logging_mixin.py:190} INFO - [2025-02-25T23:53:46.284+0000] {dagbag.py:588} INFO - Filling up the DagBag from /home/airflow/.local/lib/python3.12/site-packages/airflow/example_dags/example_bash_operator.py
[2025-02-25T23:53:46.292+0000] {processor.py:925} INFO - DAG(s) 'example_bash_operator' retrieved from /home/airflow/.local/lib/python3.12/site-packages/airflow/example_dags/example_bash_operator.py
[2025-02-25T23:53:46.308+0000] {logging_mixin.py:190} INFO - [2025-02-25T23:53:46.308+0000] {dag.py:3239} INFO - Sync 1 DAGs
[2025-02-25T23:53:46.321+0000] {logging_mixin.py:190} INFO - [2025-02-25T23:53:46.321+0000] {dag.py:4180} INFO - Setting next_dagrun for example_bash_operator to 2025-02-24 00:00:00+00:00, run_after=2025-02-25 00:00:00+00:00
[2025-02-25T23:53:46.331+0000] {processor.py:208} INFO - Processing /home/airflow/.local/lib/python3.12/site-packages/airflow/example_dags/example_bash_operator.py took 0.053 seconds
[2025-02-25T23:54:17.244+0000] {processor.py:186} INFO - Started process (PID=1592) to work on /home/airflow/.local/lib/python3.12/site-packages/airflow/example_dags/example_bash_operator.py
[2025-02-25T23:54:17.245+0000] {processor.py:914} INFO - Processing file /home/airflow/.local/lib/python3.12/site-packages/airflow/example_dags/example_bash_operator.py for tasks to queue
[2025-02-25T23:54:17.246+0000] {logging_mixin.py:190} INFO - [2025-02-25T23:54:17.246+0000] {dagbag.py:588} INFO - Filling up the DagBag from /home/airflow/.local/lib/python3.12/site-packages/airflow/example_dags/example_bash_operator.py
[2025-02-25T23:54:17.256+0000] {processor.py:925} INFO - DAG(s) 'example_bash_operator' retrieved from /home/airflow/.local/lib/python3.12/site-packages/airflow/example_dags/example_bash_operator.py
[2025-02-25T23:54:17.274+0000] {logging_mixin.py:190} INFO - [2025-02-25T23:54:17.274+0000] {dag.py:3239} INFO - Sync 1 DAGs
[2025-02-25T23:54:17.291+0000] {logging_mixin.py:190} INFO - [2025-02-25T23:54:17.290+0000] {dag.py:4180} INFO - Setting next_dagrun for example_bash_operator to 2025-02-24 00:00:00+00:00, run_after=2025-02-25 00:00:00+00:00
[2025-02-25T23:54:17.303+0000] {processor.py:208} INFO - Processing /home/airflow/.local/lib/python3.12/site-packages/airflow/example_dags/example_bash_operator.py took 0.063 seconds
[2025-02-25T23:54:48.261+0000] {processor.py:186} INFO - Started process (PID=1655) to work on /home/airflow/.local/lib/python3.12/site-packages/airflow/example_dags/example_bash_operator.py
[2025-02-25T23:54:48.262+0000] {processor.py:914} INFO - Processing file /home/airflow/.local/lib/python3.12/site-packages/airflow/example_dags/example_bash_operator.py for tasks to queue
[2025-02-25T23:54:48.264+0000] {logging_mixin.py:190} INFO - [2025-02-25T23:54:48.264+0000] {dagbag.py:588} INFO - Filling up the DagBag from /home/airflow/.local/lib/python3.12/site-packages/airflow/example_dags/example_bash_operator.py
[2025-02-25T23:54:48.273+0000] {processor.py:925} INFO - DAG(s) 'example_bash_operator' retrieved from /home/airflow/.local/lib/python3.12/site-packages/airflow/example_dags/example_bash_operator.py
[2025-02-25T23:54:48.291+0000] {logging_mixin.py:190} INFO - [2025-02-25T23:54:48.291+0000] {dag.py:3239} INFO - Sync 1 DAGs
[2025-02-25T23:54:48.308+0000] {logging_mixin.py:190} INFO - [2025-02-25T23:54:48.308+0000] {dag.py:4180} INFO - Setting next_dagrun for example_bash_operator to 2025-02-24 00:00:00+00:00, run_after=2025-02-25 00:00:00+00:00
[2025-02-25T23:54:48.320+0000] {processor.py:208} INFO - Processing /home/airflow/.local/lib/python3.12/site-packages/airflow/example_dags/example_bash_operator.py took 0.062 seconds
[2025-02-25T23:55:18.478+0000] {processor.py:186} INFO - Started process (PID=1717) to work on /home/airflow/.local/lib/python3.12/site-packages/airflow/example_dags/example_bash_operator.py
[2025-02-25T23:55:18.479+0000] {processor.py:914} INFO - Processing file /home/airflow/.local/lib/python3.12/site-packages/airflow/example_dags/example_bash_operator.py for tasks to queue
[2025-02-25T23:55:18.480+0000] {logging_mixin.py:190} INFO - [2025-02-25T23:55:18.480+0000] {dagbag.py:588} INFO - Filling up the DagBag from /home/airflow/.local/lib/python3.12/site-packages/airflow/example_dags/example_bash_operator.py
[2025-02-25T23:55:18.487+0000] {processor.py:925} INFO - DAG(s) 'example_bash_operator' retrieved from /home/airflow/.local/lib/python3.12/site-packages/airflow/example_dags/example_bash_operator.py
[2025-02-25T23:55:18.503+0000] {logging_mixin.py:190} INFO - [2025-02-25T23:55:18.503+0000] {dag.py:3239} INFO - Sync 1 DAGs
[2025-02-25T23:55:18.516+0000] {logging_mixin.py:190} INFO - [2025-02-25T23:55:18.516+0000] {dag.py:4180} INFO - Setting next_dagrun for example_bash_operator to 2025-02-24 00:00:00+00:00, run_after=2025-02-25 00:00:00+00:00
[2025-02-25T23:55:18.526+0000] {processor.py:208} INFO - Processing /home/airflow/.local/lib/python3.12/site-packages/airflow/example_dags/example_bash_operator.py took 0.051 seconds
[2025-02-25T23:55:52.413+0000] {processor.py:186} INFO - Started process (PID=1781) to work on /home/airflow/.local/lib/python3.12/site-packages/airflow/example_dags/example_bash_operator.py
[2025-02-25T23:55:52.414+0000] {processor.py:914} INFO - Processing file /home/airflow/.local/lib/python3.12/site-packages/airflow/example_dags/example_bash_operator.py for tasks to queue
[2025-02-25T23:55:52.415+0000] {logging_mixin.py:190} INFO - [2025-02-25T23:55:52.415+0000] {dagbag.py:588} INFO - Filling up the DagBag from /home/airflow/.local/lib/python3.12/site-packages/airflow/example_dags/example_bash_operator.py
[2025-02-25T23:55:52.423+0000] {processor.py:925} INFO - DAG(s) 'example_bash_operator' retrieved from /home/airflow/.local/lib/python3.12/site-packages/airflow/example_dags/example_bash_operator.py
[2025-02-25T23:55:52.440+0000] {logging_mixin.py:190} INFO - [2025-02-25T23:55:52.440+0000] {dag.py:3239} INFO - Sync 1 DAGs
[2025-02-25T23:55:52.454+0000] {logging_mixin.py:190} INFO - [2025-02-25T23:55:52.454+0000] {dag.py:4180} INFO - Setting next_dagrun for example_bash_operator to 2025-02-24 00:00:00+00:00, run_after=2025-02-25 00:00:00+00:00
[2025-02-25T23:55:52.466+0000] {processor.py:208} INFO - Processing /home/airflow/.local/lib/python3.12/site-packages/airflow/example_dags/example_bash_operator.py took 0.057 seconds
[2025-02-25T23:56:23.205+0000] {processor.py:186} INFO - Started process (PID=1843) to work on /home/airflow/.local/lib/python3.12/site-packages/airflow/example_dags/example_bash_operator.py
[2025-02-25T23:56:23.206+0000] {processor.py:914} INFO - Processing file /home/airflow/.local/lib/python3.12/site-packages/airflow/example_dags/example_bash_operator.py for tasks to queue
[2025-02-25T23:56:23.207+0000] {logging_mixin.py:190} INFO - [2025-02-25T23:56:23.207+0000] {dagbag.py:588} INFO - Filling up the DagBag from /home/airflow/.local/lib/python3.12/site-packages/airflow/example_dags/example_bash_operator.py
[2025-02-25T23:56:23.214+0000] {processor.py:925} INFO - DAG(s) 'example_bash_operator' retrieved from /home/airflow/.local/lib/python3.12/site-packages/airflow/example_dags/example_bash_operator.py
[2025-02-25T23:56:23.230+0000] {logging_mixin.py:190} INFO - [2025-02-25T23:56:23.230+0000] {dag.py:3239} INFO - Sync 1 DAGs
[2025-02-25T23:56:23.243+0000] {logging_mixin.py:190} INFO - [2025-02-25T23:56:23.243+0000] {dag.py:4180} INFO - Setting next_dagrun for example_bash_operator to 2025-02-24 00:00:00+00:00, run_after=2025-02-25 00:00:00+00:00
[2025-02-25T23:56:23.253+0000] {processor.py:208} INFO - Processing /home/airflow/.local/lib/python3.12/site-packages/airflow/example_dags/example_bash_operator.py took 0.051 seconds
[2025-02-25T23:56:53.453+0000] {processor.py:186} INFO - Started process (PID=1906) to work on /home/airflow/.local/lib/python3.12/site-packages/airflow/example_dags/example_bash_operator.py
[2025-02-25T23:56:53.454+0000] {processor.py:914} INFO - Processing file /home/airflow/.local/lib/python3.12/site-packages/airflow/example_dags/example_bash_operator.py for tasks to queue
[2025-02-25T23:56:53.455+0000] {logging_mixin.py:190} INFO - [2025-02-25T23:56:53.455+0000] {dagbag.py:588} INFO - Filling up the DagBag from /home/airflow/.local/lib/python3.12/site-packages/airflow/example_dags/example_bash_operator.py
[2025-02-25T23:56:53.463+0000] {processor.py:925} INFO - DAG(s) 'example_bash_operator' retrieved from /home/airflow/.local/lib/python3.12/site-packages/airflow/example_dags/example_bash_operator.py
[2025-02-25T23:56:53.478+0000] {logging_mixin.py:190} INFO - [2025-02-25T23:56:53.477+0000] {dag.py:3239} INFO - Sync 1 DAGs
[2025-02-25T23:56:53.492+0000] {logging_mixin.py:190} INFO - [2025-02-25T23:56:53.492+0000] {dag.py:4180} INFO - Setting next_dagrun for example_bash_operator to 2025-02-24 00:00:00+00:00, run_after=2025-02-25 00:00:00+00:00
[2025-02-25T23:56:53.504+0000] {processor.py:208} INFO - Processing /home/airflow/.local/lib/python3.12/site-packages/airflow/example_dags/example_bash_operator.py took 0.054 seconds
[2025-02-25T23:57:24.299+0000] {processor.py:186} INFO - Started process (PID=1963) to work on /home/airflow/.local/lib/python3.12/site-packages/airflow/example_dags/example_bash_operator.py
[2025-02-25T23:57:24.300+0000] {processor.py:914} INFO - Processing file /home/airflow/.local/lib/python3.12/site-packages/airflow/example_dags/example_bash_operator.py for tasks to queue
[2025-02-25T23:57:24.301+0000] {logging_mixin.py:190} INFO - [2025-02-25T23:57:24.301+0000] {dagbag.py:588} INFO - Filling up the DagBag from /home/airflow/.local/lib/python3.12/site-packages/airflow/example_dags/example_bash_operator.py
[2025-02-25T23:57:24.308+0000] {processor.py:925} INFO - DAG(s) 'example_bash_operator' retrieved from /home/airflow/.local/lib/python3.12/site-packages/airflow/example_dags/example_bash_operator.py
[2025-02-25T23:57:24.324+0000] {logging_mixin.py:190} INFO - [2025-02-25T23:57:24.324+0000] {dag.py:3239} INFO - Sync 1 DAGs
[2025-02-25T23:57:24.338+0000] {logging_mixin.py:190} INFO - [2025-02-25T23:57:24.338+0000] {dag.py:4180} INFO - Setting next_dagrun for example_bash_operator to 2025-02-24 00:00:00+00:00, run_after=2025-02-25 00:00:00+00:00
[2025-02-25T23:57:24.351+0000] {processor.py:208} INFO - Processing /home/airflow/.local/lib/python3.12/site-packages/airflow/example_dags/example_bash_operator.py took 0.055 seconds
[2025-02-25T23:57:56.025+0000] {processor.py:186} INFO - Started process (PID=2026) to work on /home/airflow/.local/lib/python3.12/site-packages/airflow/example_dags/example_bash_operator.py
[2025-02-25T23:57:56.026+0000] {processor.py:914} INFO - Processing file /home/airflow/.local/lib/python3.12/site-packages/airflow/example_dags/example_bash_operator.py for tasks to queue
[2025-02-25T23:57:56.028+0000] {logging_mixin.py:190} INFO - [2025-02-25T23:57:56.027+0000] {dagbag.py:588} INFO - Filling up the DagBag from /home/airflow/.local/lib/python3.12/site-packages/airflow/example_dags/example_bash_operator.py
[2025-02-25T23:57:56.035+0000] {processor.py:925} INFO - DAG(s) 'example_bash_operator' retrieved from /home/airflow/.local/lib/python3.12/site-packages/airflow/example_dags/example_bash_operator.py
[2025-02-25T23:57:56.051+0000] {logging_mixin.py:190} INFO - [2025-02-25T23:57:56.051+0000] {dag.py:3239} INFO - Sync 1 DAGs
[2025-02-25T23:57:56.065+0000] {logging_mixin.py:190} INFO - [2025-02-25T23:57:56.065+0000] {dag.py:4180} INFO - Setting next_dagrun for example_bash_operator to 2025-02-24 00:00:00+00:00, run_after=2025-02-25 00:00:00+00:00
[2025-02-25T23:57:56.080+0000] {processor.py:208} INFO - Processing /home/airflow/.local/lib/python3.12/site-packages/airflow/example_dags/example_bash_operator.py took 0.058 seconds
[2025-02-25T23:58:29.850+0000] {processor.py:186} INFO - Started process (PID=2090) to work on /home/airflow/.local/lib/python3.12/site-packages/airflow/example_dags/example_bash_operator.py
[2025-02-25T23:58:29.850+0000] {processor.py:914} INFO - Processing file /home/airflow/.local/lib/python3.12/site-packages/airflow/example_dags/example_bash_operator.py for tasks to queue
[2025-02-25T23:58:29.852+0000] {logging_mixin.py:190} INFO - [2025-02-25T23:58:29.852+0000] {dagbag.py:588} INFO - Filling up the DagBag from /home/airflow/.local/lib/python3.12/site-packages/airflow/example_dags/example_bash_operator.py
[2025-02-25T23:58:29.859+0000] {processor.py:925} INFO - DAG(s) 'example_bash_operator' retrieved from /home/airflow/.local/lib/python3.12/site-packages/airflow/example_dags/example_bash_operator.py
[2025-02-25T23:58:29.875+0000] {logging_mixin.py:190} INFO - [2025-02-25T23:58:29.875+0000] {dag.py:3239} INFO - Sync 1 DAGs
[2025-02-25T23:58:29.890+0000] {logging_mixin.py:190} INFO - [2025-02-25T23:58:29.890+0000] {dag.py:4180} INFO - Setting next_dagrun for example_bash_operator to 2025-02-24 00:00:00+00:00, run_after=2025-02-25 00:00:00+00:00
[2025-02-25T23:58:29.900+0000] {processor.py:208} INFO - Processing /home/airflow/.local/lib/python3.12/site-packages/airflow/example_dags/example_bash_operator.py took 0.054 seconds
[2025-02-25T23:59:00.622+0000] {processor.py:186} INFO - Started process (PID=2153) to work on /home/airflow/.local/lib/python3.12/site-packages/airflow/example_dags/example_bash_operator.py
[2025-02-25T23:59:00.622+0000] {processor.py:914} INFO - Processing file /home/airflow/.local/lib/python3.12/site-packages/airflow/example_dags/example_bash_operator.py for tasks to queue
[2025-02-25T23:59:00.624+0000] {logging_mixin.py:190} INFO - [2025-02-25T23:59:00.624+0000] {dagbag.py:588} INFO - Filling up the DagBag from /home/airflow/.local/lib/python3.12/site-packages/airflow/example_dags/example_bash_operator.py
[2025-02-25T23:59:00.631+0000] {processor.py:925} INFO - DAG(s) 'example_bash_operator' retrieved from /home/airflow/.local/lib/python3.12/site-packages/airflow/example_dags/example_bash_operator.py
[2025-02-25T23:59:00.647+0000] {logging_mixin.py:190} INFO - [2025-02-25T23:59:00.647+0000] {dag.py:3239} INFO - Sync 1 DAGs
[2025-02-25T23:59:00.661+0000] {logging_mixin.py:190} INFO - [2025-02-25T23:59:00.661+0000] {dag.py:4180} INFO - Setting next_dagrun for example_bash_operator to 2025-02-24 00:00:00+00:00, run_after=2025-02-25 00:00:00+00:00
[2025-02-25T23:59:00.671+0000] {processor.py:208} INFO - Processing /home/airflow/.local/lib/python3.12/site-packages/airflow/example_dags/example_bash_operator.py took 0.053 seconds
[2025-02-25T23:59:31.393+0000] {processor.py:186} INFO - Started process (PID=2216) to work on /home/airflow/.local/lib/python3.12/site-packages/airflow/example_dags/example_bash_operator.py
[2025-02-25T23:59:31.394+0000] {processor.py:914} INFO - Processing file /home/airflow/.local/lib/python3.12/site-packages/airflow/example_dags/example_bash_operator.py for tasks to queue
[2025-02-25T23:59:31.395+0000] {logging_mixin.py:190} INFO - [2025-02-25T23:59:31.395+0000] {dagbag.py:588} INFO - Filling up the DagBag from /home/airflow/.local/lib/python3.12/site-packages/airflow/example_dags/example_bash_operator.py
[2025-02-25T23:59:31.403+0000] {processor.py:925} INFO - DAG(s) 'example_bash_operator' retrieved from /home/airflow/.local/lib/python3.12/site-packages/airflow/example_dags/example_bash_operator.py
[2025-02-25T23:59:31.420+0000] {logging_mixin.py:190} INFO - [2025-02-25T23:59:31.420+0000] {dag.py:3239} INFO - Sync 1 DAGs
[2025-02-25T23:59:31.436+0000] {logging_mixin.py:190} INFO - [2025-02-25T23:59:31.436+0000] {dag.py:4180} INFO - Setting next_dagrun for example_bash_operator to 2025-02-24 00:00:00+00:00, run_after=2025-02-25 00:00:00+00:00
[2025-02-25T23:59:31.446+0000] {processor.py:208} INFO - Processing /home/airflow/.local/lib/python3.12/site-packages/airflow/example_dags/example_bash_operator.py took 0.057 seconds
