[2025-02-25T23:22:13.341+0000] {processor.py:186} INFO - Started process (PID=50) to work on /home/airflow/.local/lib/python3.12/site-packages/airflow/example_dags/example_nested_branch_dag.py
[2025-02-25T23:22:13.341+0000] {processor.py:914} INFO - Processing file /home/airflow/.local/lib/python3.12/site-packages/airflow/example_dags/example_nested_branch_dag.py for tasks to queue
[2025-02-25T23:22:13.342+0000] {logging_mixin.py:190} INFO - [2025-02-25T23:22:13.342+0000] {dagbag.py:588} INFO - Filling up the DagBag from /home/airflow/.local/lib/python3.12/site-packages/airflow/example_dags/example_nested_branch_dag.py
[2025-02-25T23:22:13.355+0000] {processor.py:925} INFO - DAG(s) 'example_nested_branch_dag' retrieved from /home/airflow/.local/lib/python3.12/site-packages/airflow/example_dags/example_nested_branch_dag.py
[2025-02-25T23:22:13.449+0000] {logging_mixin.py:190} INFO - [2025-02-25T23:22:13.449+0000] {override.py:1912} INFO - Created Permission View: can edit on DAG:example_nested_branch_dag
[2025-02-25T23:22:13.455+0000] {logging_mixin.py:190} INFO - [2025-02-25T23:22:13.455+0000] {override.py:1912} INFO - Created Permission View: can delete on DAG:example_nested_branch_dag
[2025-02-25T23:22:13.459+0000] {logging_mixin.py:190} INFO - [2025-02-25T23:22:13.459+0000] {override.py:1912} INFO - Created Permission View: can read on DAG:example_nested_branch_dag
[2025-02-25T23:22:13.463+0000] {logging_mixin.py:190} INFO - [2025-02-25T23:22:13.463+0000] {override.py:1912} INFO - Created Permission View: can delete on DAG Run:example_nested_branch_dag
[2025-02-25T23:22:13.467+0000] {logging_mixin.py:190} INFO - [2025-02-25T23:22:13.467+0000] {override.py:1912} INFO - Created Permission View: can read on DAG Run:example_nested_branch_dag
[2025-02-25T23:22:13.471+0000] {logging_mixin.py:190} INFO - [2025-02-25T23:22:13.471+0000] {override.py:1912} INFO - Created Permission View: menu access on DAG Run:example_nested_branch_dag
[2025-02-25T23:22:13.475+0000] {logging_mixin.py:190} INFO - [2025-02-25T23:22:13.475+0000] {override.py:1912} INFO - Created Permission View: can create on DAG Run:example_nested_branch_dag
[2025-02-25T23:22:13.475+0000] {logging_mixin.py:190} INFO - [2025-02-25T23:22:13.475+0000] {dag.py:3239} INFO - Sync 1 DAGs
[2025-02-25T23:22:13.482+0000] {logging_mixin.py:190} INFO - [2025-02-25T23:22:13.482+0000] {dag.py:3262} INFO - Creating ORM DAG for example_nested_branch_dag
[2025-02-25T23:22:13.493+0000] {logging_mixin.py:190} INFO - [2025-02-25T23:22:13.492+0000] {dag.py:4180} INFO - Setting next_dagrun for example_nested_branch_dag to 2025-02-24 00:00:00+00:00, run_after=2025-02-25 00:00:00+00:00
[2025-02-25T23:22:13.505+0000] {processor.py:208} INFO - Processing /home/airflow/.local/lib/python3.12/site-packages/airflow/example_dags/example_nested_branch_dag.py took 0.170 seconds
[2025-02-25T23:22:43.830+0000] {processor.py:186} INFO - Started process (PID=112) to work on /home/airflow/.local/lib/python3.12/site-packages/airflow/example_dags/example_nested_branch_dag.py
[2025-02-25T23:22:43.831+0000] {processor.py:914} INFO - Processing file /home/airflow/.local/lib/python3.12/site-packages/airflow/example_dags/example_nested_branch_dag.py for tasks to queue
[2025-02-25T23:22:43.833+0000] {logging_mixin.py:190} INFO - [2025-02-25T23:22:43.833+0000] {dagbag.py:588} INFO - Filling up the DagBag from /home/airflow/.local/lib/python3.12/site-packages/airflow/example_dags/example_nested_branch_dag.py
[2025-02-25T23:22:43.840+0000] {processor.py:925} INFO - DAG(s) 'example_nested_branch_dag' retrieved from /home/airflow/.local/lib/python3.12/site-packages/airflow/example_dags/example_nested_branch_dag.py
[2025-02-25T23:22:43.854+0000] {logging_mixin.py:190} INFO - [2025-02-25T23:22:43.854+0000] {dag.py:3239} INFO - Sync 1 DAGs
[2025-02-25T23:22:43.868+0000] {logging_mixin.py:190} INFO - [2025-02-25T23:22:43.867+0000] {dag.py:4180} INFO - Setting next_dagrun for example_nested_branch_dag to 2025-02-24 00:00:00+00:00, run_after=2025-02-25 00:00:00+00:00
[2025-02-25T23:22:43.878+0000] {processor.py:208} INFO - Processing /home/airflow/.local/lib/python3.12/site-packages/airflow/example_dags/example_nested_branch_dag.py took 0.051 seconds
[2025-02-25T23:23:14.653+0000] {processor.py:186} INFO - Started process (PID=175) to work on /home/airflow/.local/lib/python3.12/site-packages/airflow/example_dags/example_nested_branch_dag.py
[2025-02-25T23:23:14.654+0000] {processor.py:914} INFO - Processing file /home/airflow/.local/lib/python3.12/site-packages/airflow/example_dags/example_nested_branch_dag.py for tasks to queue
[2025-02-25T23:23:14.655+0000] {logging_mixin.py:190} INFO - [2025-02-25T23:23:14.655+0000] {dagbag.py:588} INFO - Filling up the DagBag from /home/airflow/.local/lib/python3.12/site-packages/airflow/example_dags/example_nested_branch_dag.py
[2025-02-25T23:23:14.662+0000] {processor.py:925} INFO - DAG(s) 'example_nested_branch_dag' retrieved from /home/airflow/.local/lib/python3.12/site-packages/airflow/example_dags/example_nested_branch_dag.py
[2025-02-25T23:23:14.675+0000] {logging_mixin.py:190} INFO - [2025-02-25T23:23:14.675+0000] {dag.py:3239} INFO - Sync 1 DAGs
[2025-02-25T23:23:14.688+0000] {logging_mixin.py:190} INFO - [2025-02-25T23:23:14.688+0000] {dag.py:4180} INFO - Setting next_dagrun for example_nested_branch_dag to 2025-02-24 00:00:00+00:00, run_after=2025-02-25 00:00:00+00:00
[2025-02-25T23:23:14.701+0000] {processor.py:208} INFO - Processing /home/airflow/.local/lib/python3.12/site-packages/airflow/example_dags/example_nested_branch_dag.py took 0.051 seconds
[2025-02-25T23:23:45.496+0000] {processor.py:186} INFO - Started process (PID=238) to work on /home/airflow/.local/lib/python3.12/site-packages/airflow/example_dags/example_nested_branch_dag.py
[2025-02-25T23:23:45.504+0000] {processor.py:914} INFO - Processing file /home/airflow/.local/lib/python3.12/site-packages/airflow/example_dags/example_nested_branch_dag.py for tasks to queue
[2025-02-25T23:23:45.505+0000] {logging_mixin.py:190} INFO - [2025-02-25T23:23:45.505+0000] {dagbag.py:588} INFO - Filling up the DagBag from /home/airflow/.local/lib/python3.12/site-packages/airflow/example_dags/example_nested_branch_dag.py
[2025-02-25T23:23:45.511+0000] {processor.py:925} INFO - DAG(s) 'example_nested_branch_dag' retrieved from /home/airflow/.local/lib/python3.12/site-packages/airflow/example_dags/example_nested_branch_dag.py
[2025-02-25T23:23:45.524+0000] {logging_mixin.py:190} INFO - [2025-02-25T23:23:45.524+0000] {dag.py:3239} INFO - Sync 1 DAGs
[2025-02-25T23:23:45.536+0000] {logging_mixin.py:190} INFO - [2025-02-25T23:23:45.536+0000] {dag.py:4180} INFO - Setting next_dagrun for example_nested_branch_dag to 2025-02-24 00:00:00+00:00, run_after=2025-02-25 00:00:00+00:00
[2025-02-25T23:23:45.553+0000] {processor.py:208} INFO - Processing /home/airflow/.local/lib/python3.12/site-packages/airflow/example_dags/example_nested_branch_dag.py took 0.061 seconds
[2025-02-25T23:24:16.357+0000] {processor.py:186} INFO - Started process (PID=301) to work on /home/airflow/.local/lib/python3.12/site-packages/airflow/example_dags/example_nested_branch_dag.py
[2025-02-25T23:24:16.358+0000] {processor.py:914} INFO - Processing file /home/airflow/.local/lib/python3.12/site-packages/airflow/example_dags/example_nested_branch_dag.py for tasks to queue
[2025-02-25T23:24:16.359+0000] {logging_mixin.py:190} INFO - [2025-02-25T23:24:16.359+0000] {dagbag.py:588} INFO - Filling up the DagBag from /home/airflow/.local/lib/python3.12/site-packages/airflow/example_dags/example_nested_branch_dag.py
[2025-02-25T23:24:16.365+0000] {processor.py:925} INFO - DAG(s) 'example_nested_branch_dag' retrieved from /home/airflow/.local/lib/python3.12/site-packages/airflow/example_dags/example_nested_branch_dag.py
[2025-02-25T23:24:16.382+0000] {logging_mixin.py:190} INFO - [2025-02-25T23:24:16.382+0000] {dag.py:3239} INFO - Sync 1 DAGs
[2025-02-25T23:24:16.397+0000] {logging_mixin.py:190} INFO - [2025-02-25T23:24:16.397+0000] {dag.py:4180} INFO - Setting next_dagrun for example_nested_branch_dag to 2025-02-24 00:00:00+00:00, run_after=2025-02-25 00:00:00+00:00
[2025-02-25T23:24:16.407+0000] {processor.py:208} INFO - Processing /home/airflow/.local/lib/python3.12/site-packages/airflow/example_dags/example_nested_branch_dag.py took 0.053 seconds
[2025-02-25T23:24:47.299+0000] {processor.py:186} INFO - Started process (PID=364) to work on /home/airflow/.local/lib/python3.12/site-packages/airflow/example_dags/example_nested_branch_dag.py
[2025-02-25T23:24:47.300+0000] {processor.py:914} INFO - Processing file /home/airflow/.local/lib/python3.12/site-packages/airflow/example_dags/example_nested_branch_dag.py for tasks to queue
[2025-02-25T23:24:47.301+0000] {logging_mixin.py:190} INFO - [2025-02-25T23:24:47.301+0000] {dagbag.py:588} INFO - Filling up the DagBag from /home/airflow/.local/lib/python3.12/site-packages/airflow/example_dags/example_nested_branch_dag.py
[2025-02-25T23:24:47.307+0000] {processor.py:925} INFO - DAG(s) 'example_nested_branch_dag' retrieved from /home/airflow/.local/lib/python3.12/site-packages/airflow/example_dags/example_nested_branch_dag.py
[2025-02-25T23:24:47.320+0000] {logging_mixin.py:190} INFO - [2025-02-25T23:24:47.320+0000] {dag.py:3239} INFO - Sync 1 DAGs
[2025-02-25T23:24:47.334+0000] {logging_mixin.py:190} INFO - [2025-02-25T23:24:47.334+0000] {dag.py:4180} INFO - Setting next_dagrun for example_nested_branch_dag to 2025-02-24 00:00:00+00:00, run_after=2025-02-25 00:00:00+00:00
[2025-02-25T23:24:47.344+0000] {processor.py:208} INFO - Processing /home/airflow/.local/lib/python3.12/site-packages/airflow/example_dags/example_nested_branch_dag.py took 0.048 seconds
[2025-02-25T23:25:20.984+0000] {processor.py:186} INFO - Started process (PID=428) to work on /home/airflow/.local/lib/python3.12/site-packages/airflow/example_dags/example_nested_branch_dag.py
[2025-02-25T23:25:20.989+0000] {processor.py:914} INFO - Processing file /home/airflow/.local/lib/python3.12/site-packages/airflow/example_dags/example_nested_branch_dag.py for tasks to queue
[2025-02-25T23:25:20.990+0000] {logging_mixin.py:190} INFO - [2025-02-25T23:25:20.990+0000] {dagbag.py:588} INFO - Filling up the DagBag from /home/airflow/.local/lib/python3.12/site-packages/airflow/example_dags/example_nested_branch_dag.py
[2025-02-25T23:25:20.996+0000] {processor.py:925} INFO - DAG(s) 'example_nested_branch_dag' retrieved from /home/airflow/.local/lib/python3.12/site-packages/airflow/example_dags/example_nested_branch_dag.py
[2025-02-25T23:25:21.009+0000] {logging_mixin.py:190} INFO - [2025-02-25T23:25:21.009+0000] {dag.py:3239} INFO - Sync 1 DAGs
[2025-02-25T23:25:21.022+0000] {logging_mixin.py:190} INFO - [2025-02-25T23:25:21.022+0000] {dag.py:4180} INFO - Setting next_dagrun for example_nested_branch_dag to 2025-02-24 00:00:00+00:00, run_after=2025-02-25 00:00:00+00:00
[2025-02-25T23:25:21.032+0000] {processor.py:208} INFO - Processing /home/airflow/.local/lib/python3.12/site-packages/airflow/example_dags/example_nested_branch_dag.py took 0.051 seconds
[2025-02-25T23:25:51.128+0000] {processor.py:186} INFO - Started process (PID=490) to work on /home/airflow/.local/lib/python3.12/site-packages/airflow/example_dags/example_nested_branch_dag.py
[2025-02-25T23:25:51.128+0000] {processor.py:914} INFO - Processing file /home/airflow/.local/lib/python3.12/site-packages/airflow/example_dags/example_nested_branch_dag.py for tasks to queue
[2025-02-25T23:25:51.130+0000] {logging_mixin.py:190} INFO - [2025-02-25T23:25:51.129+0000] {dagbag.py:588} INFO - Filling up the DagBag from /home/airflow/.local/lib/python3.12/site-packages/airflow/example_dags/example_nested_branch_dag.py
[2025-02-25T23:25:51.136+0000] {processor.py:925} INFO - DAG(s) 'example_nested_branch_dag' retrieved from /home/airflow/.local/lib/python3.12/site-packages/airflow/example_dags/example_nested_branch_dag.py
[2025-02-25T23:25:51.150+0000] {logging_mixin.py:190} INFO - [2025-02-25T23:25:51.150+0000] {dag.py:3239} INFO - Sync 1 DAGs
[2025-02-25T23:25:51.163+0000] {logging_mixin.py:190} INFO - [2025-02-25T23:25:51.163+0000] {dag.py:4180} INFO - Setting next_dagrun for example_nested_branch_dag to 2025-02-24 00:00:00+00:00, run_after=2025-02-25 00:00:00+00:00
[2025-02-25T23:25:51.174+0000] {processor.py:208} INFO - Processing /home/airflow/.local/lib/python3.12/site-packages/airflow/example_dags/example_nested_branch_dag.py took 0.050 seconds
[2025-02-25T23:26:22.158+0000] {processor.py:186} INFO - Started process (PID=553) to work on /home/airflow/.local/lib/python3.12/site-packages/airflow/example_dags/example_nested_branch_dag.py
[2025-02-25T23:26:22.164+0000] {processor.py:914} INFO - Processing file /home/airflow/.local/lib/python3.12/site-packages/airflow/example_dags/example_nested_branch_dag.py for tasks to queue
[2025-02-25T23:26:22.165+0000] {logging_mixin.py:190} INFO - [2025-02-25T23:26:22.165+0000] {dagbag.py:588} INFO - Filling up the DagBag from /home/airflow/.local/lib/python3.12/site-packages/airflow/example_dags/example_nested_branch_dag.py
[2025-02-25T23:26:22.172+0000] {processor.py:925} INFO - DAG(s) 'example_nested_branch_dag' retrieved from /home/airflow/.local/lib/python3.12/site-packages/airflow/example_dags/example_nested_branch_dag.py
[2025-02-25T23:26:22.186+0000] {logging_mixin.py:190} INFO - [2025-02-25T23:26:22.186+0000] {dag.py:3239} INFO - Sync 1 DAGs
[2025-02-25T23:26:22.199+0000] {logging_mixin.py:190} INFO - [2025-02-25T23:26:22.199+0000] {dag.py:4180} INFO - Setting next_dagrun for example_nested_branch_dag to 2025-02-24 00:00:00+00:00, run_after=2025-02-25 00:00:00+00:00
[2025-02-25T23:26:22.219+0000] {processor.py:208} INFO - Processing /home/airflow/.local/lib/python3.12/site-packages/airflow/example_dags/example_nested_branch_dag.py took 0.064 seconds
[2025-02-25T23:26:52.823+0000] {processor.py:186} INFO - Started process (PID=610) to work on /home/airflow/.local/lib/python3.12/site-packages/airflow/example_dags/example_nested_branch_dag.py
[2025-02-25T23:26:52.824+0000] {processor.py:914} INFO - Processing file /home/airflow/.local/lib/python3.12/site-packages/airflow/example_dags/example_nested_branch_dag.py for tasks to queue
[2025-02-25T23:26:52.825+0000] {logging_mixin.py:190} INFO - [2025-02-25T23:26:52.825+0000] {dagbag.py:588} INFO - Filling up the DagBag from /home/airflow/.local/lib/python3.12/site-packages/airflow/example_dags/example_nested_branch_dag.py
[2025-02-25T23:26:52.832+0000] {processor.py:925} INFO - DAG(s) 'example_nested_branch_dag' retrieved from /home/airflow/.local/lib/python3.12/site-packages/airflow/example_dags/example_nested_branch_dag.py
[2025-02-25T23:26:52.844+0000] {logging_mixin.py:190} INFO - [2025-02-25T23:26:52.844+0000] {dag.py:3239} INFO - Sync 1 DAGs
[2025-02-25T23:26:52.859+0000] {logging_mixin.py:190} INFO - [2025-02-25T23:26:52.859+0000] {dag.py:4180} INFO - Setting next_dagrun for example_nested_branch_dag to 2025-02-24 00:00:00+00:00, run_after=2025-02-25 00:00:00+00:00
[2025-02-25T23:26:52.870+0000] {processor.py:208} INFO - Processing /home/airflow/.local/lib/python3.12/site-packages/airflow/example_dags/example_nested_branch_dag.py took 0.051 seconds
[2025-02-25T23:27:23.401+0000] {processor.py:186} INFO - Started process (PID=674) to work on /home/airflow/.local/lib/python3.12/site-packages/airflow/example_dags/example_nested_branch_dag.py
[2025-02-25T23:27:23.402+0000] {processor.py:914} INFO - Processing file /home/airflow/.local/lib/python3.12/site-packages/airflow/example_dags/example_nested_branch_dag.py for tasks to queue
[2025-02-25T23:27:23.403+0000] {logging_mixin.py:190} INFO - [2025-02-25T23:27:23.403+0000] {dagbag.py:588} INFO - Filling up the DagBag from /home/airflow/.local/lib/python3.12/site-packages/airflow/example_dags/example_nested_branch_dag.py
[2025-02-25T23:27:23.410+0000] {processor.py:925} INFO - DAG(s) 'example_nested_branch_dag' retrieved from /home/airflow/.local/lib/python3.12/site-packages/airflow/example_dags/example_nested_branch_dag.py
[2025-02-25T23:27:23.424+0000] {logging_mixin.py:190} INFO - [2025-02-25T23:27:23.424+0000] {dag.py:3239} INFO - Sync 1 DAGs
[2025-02-25T23:27:23.437+0000] {logging_mixin.py:190} INFO - [2025-02-25T23:27:23.437+0000] {dag.py:4180} INFO - Setting next_dagrun for example_nested_branch_dag to 2025-02-24 00:00:00+00:00, run_after=2025-02-25 00:00:00+00:00
[2025-02-25T23:27:23.448+0000] {processor.py:208} INFO - Processing /home/airflow/.local/lib/python3.12/site-packages/airflow/example_dags/example_nested_branch_dag.py took 0.050 seconds
[2025-02-25T23:27:54.340+0000] {processor.py:186} INFO - Started process (PID=737) to work on /home/airflow/.local/lib/python3.12/site-packages/airflow/example_dags/example_nested_branch_dag.py
[2025-02-25T23:27:54.341+0000] {processor.py:914} INFO - Processing file /home/airflow/.local/lib/python3.12/site-packages/airflow/example_dags/example_nested_branch_dag.py for tasks to queue
[2025-02-25T23:27:54.342+0000] {logging_mixin.py:190} INFO - [2025-02-25T23:27:54.342+0000] {dagbag.py:588} INFO - Filling up the DagBag from /home/airflow/.local/lib/python3.12/site-packages/airflow/example_dags/example_nested_branch_dag.py
[2025-02-25T23:27:54.349+0000] {processor.py:925} INFO - DAG(s) 'example_nested_branch_dag' retrieved from /home/airflow/.local/lib/python3.12/site-packages/airflow/example_dags/example_nested_branch_dag.py
[2025-02-25T23:27:54.361+0000] {logging_mixin.py:190} INFO - [2025-02-25T23:27:54.361+0000] {dag.py:3239} INFO - Sync 1 DAGs
[2025-02-25T23:27:54.375+0000] {logging_mixin.py:190} INFO - [2025-02-25T23:27:54.375+0000] {dag.py:4180} INFO - Setting next_dagrun for example_nested_branch_dag to 2025-02-24 00:00:00+00:00, run_after=2025-02-25 00:00:00+00:00
[2025-02-25T23:27:54.386+0000] {processor.py:208} INFO - Processing /home/airflow/.local/lib/python3.12/site-packages/airflow/example_dags/example_nested_branch_dag.py took 0.050 seconds
[2025-02-25T23:28:25.275+0000] {processor.py:186} INFO - Started process (PID=800) to work on /home/airflow/.local/lib/python3.12/site-packages/airflow/example_dags/example_nested_branch_dag.py
[2025-02-25T23:28:25.284+0000] {processor.py:914} INFO - Processing file /home/airflow/.local/lib/python3.12/site-packages/airflow/example_dags/example_nested_branch_dag.py for tasks to queue
[2025-02-25T23:28:25.285+0000] {logging_mixin.py:190} INFO - [2025-02-25T23:28:25.285+0000] {dagbag.py:588} INFO - Filling up the DagBag from /home/airflow/.local/lib/python3.12/site-packages/airflow/example_dags/example_nested_branch_dag.py
[2025-02-25T23:28:25.291+0000] {processor.py:925} INFO - DAG(s) 'example_nested_branch_dag' retrieved from /home/airflow/.local/lib/python3.12/site-packages/airflow/example_dags/example_nested_branch_dag.py
[2025-02-25T23:28:25.304+0000] {logging_mixin.py:190} INFO - [2025-02-25T23:28:25.304+0000] {dag.py:3239} INFO - Sync 1 DAGs
[2025-02-25T23:28:25.318+0000] {logging_mixin.py:190} INFO - [2025-02-25T23:28:25.317+0000] {dag.py:4180} INFO - Setting next_dagrun for example_nested_branch_dag to 2025-02-24 00:00:00+00:00, run_after=2025-02-25 00:00:00+00:00
[2025-02-25T23:28:25.333+0000] {processor.py:208} INFO - Processing /home/airflow/.local/lib/python3.12/site-packages/airflow/example_dags/example_nested_branch_dag.py took 0.061 seconds
[2025-02-25T23:28:55.874+0000] {processor.py:186} INFO - Started process (PID=863) to work on /home/airflow/.local/lib/python3.12/site-packages/airflow/example_dags/example_nested_branch_dag.py
[2025-02-25T23:28:55.875+0000] {processor.py:914} INFO - Processing file /home/airflow/.local/lib/python3.12/site-packages/airflow/example_dags/example_nested_branch_dag.py for tasks to queue
[2025-02-25T23:28:55.877+0000] {logging_mixin.py:190} INFO - [2025-02-25T23:28:55.877+0000] {dagbag.py:588} INFO - Filling up the DagBag from /home/airflow/.local/lib/python3.12/site-packages/airflow/example_dags/example_nested_branch_dag.py
[2025-02-25T23:28:55.883+0000] {processor.py:925} INFO - DAG(s) 'example_nested_branch_dag' retrieved from /home/airflow/.local/lib/python3.12/site-packages/airflow/example_dags/example_nested_branch_dag.py
[2025-02-25T23:28:55.896+0000] {logging_mixin.py:190} INFO - [2025-02-25T23:28:55.896+0000] {dag.py:3239} INFO - Sync 1 DAGs
[2025-02-25T23:28:55.909+0000] {logging_mixin.py:190} INFO - [2025-02-25T23:28:55.909+0000] {dag.py:4180} INFO - Setting next_dagrun for example_nested_branch_dag to 2025-02-24 00:00:00+00:00, run_after=2025-02-25 00:00:00+00:00
[2025-02-25T23:28:55.929+0000] {processor.py:208} INFO - Processing /home/airflow/.local/lib/python3.12/site-packages/airflow/example_dags/example_nested_branch_dag.py took 0.058 seconds
[2025-02-25T23:29:25.994+0000] {processor.py:186} INFO - Started process (PID=926) to work on /home/airflow/.local/lib/python3.12/site-packages/airflow/example_dags/example_nested_branch_dag.py
[2025-02-25T23:29:25.995+0000] {processor.py:914} INFO - Processing file /home/airflow/.local/lib/python3.12/site-packages/airflow/example_dags/example_nested_branch_dag.py for tasks to queue
[2025-02-25T23:29:25.997+0000] {logging_mixin.py:190} INFO - [2025-02-25T23:29:25.997+0000] {dagbag.py:588} INFO - Filling up the DagBag from /home/airflow/.local/lib/python3.12/site-packages/airflow/example_dags/example_nested_branch_dag.py
[2025-02-25T23:29:26.003+0000] {processor.py:925} INFO - DAG(s) 'example_nested_branch_dag' retrieved from /home/airflow/.local/lib/python3.12/site-packages/airflow/example_dags/example_nested_branch_dag.py
[2025-02-25T23:29:26.017+0000] {logging_mixin.py:190} INFO - [2025-02-25T23:29:26.016+0000] {dag.py:3239} INFO - Sync 1 DAGs
[2025-02-25T23:29:26.031+0000] {logging_mixin.py:190} INFO - [2025-02-25T23:29:26.031+0000] {dag.py:4180} INFO - Setting next_dagrun for example_nested_branch_dag to 2025-02-24 00:00:00+00:00, run_after=2025-02-25 00:00:00+00:00
[2025-02-25T23:29:26.042+0000] {processor.py:208} INFO - Processing /home/airflow/.local/lib/python3.12/site-packages/airflow/example_dags/example_nested_branch_dag.py took 0.052 seconds
[2025-02-25T23:29:56.329+0000] {processor.py:186} INFO - Started process (PID=989) to work on /home/airflow/.local/lib/python3.12/site-packages/airflow/example_dags/example_nested_branch_dag.py
[2025-02-25T23:29:56.330+0000] {processor.py:914} INFO - Processing file /home/airflow/.local/lib/python3.12/site-packages/airflow/example_dags/example_nested_branch_dag.py for tasks to queue
[2025-02-25T23:29:56.331+0000] {logging_mixin.py:190} INFO - [2025-02-25T23:29:56.331+0000] {dagbag.py:588} INFO - Filling up the DagBag from /home/airflow/.local/lib/python3.12/site-packages/airflow/example_dags/example_nested_branch_dag.py
[2025-02-25T23:29:56.338+0000] {processor.py:925} INFO - DAG(s) 'example_nested_branch_dag' retrieved from /home/airflow/.local/lib/python3.12/site-packages/airflow/example_dags/example_nested_branch_dag.py
[2025-02-25T23:29:56.352+0000] {logging_mixin.py:190} INFO - [2025-02-25T23:29:56.352+0000] {dag.py:3239} INFO - Sync 1 DAGs
[2025-02-25T23:29:56.366+0000] {logging_mixin.py:190} INFO - [2025-02-25T23:29:56.366+0000] {dag.py:4180} INFO - Setting next_dagrun for example_nested_branch_dag to 2025-02-24 00:00:00+00:00, run_after=2025-02-25 00:00:00+00:00
[2025-02-25T23:29:56.377+0000] {processor.py:208} INFO - Processing /home/airflow/.local/lib/python3.12/site-packages/airflow/example_dags/example_nested_branch_dag.py took 0.051 seconds
[2025-02-25T23:30:26.560+0000] {processor.py:186} INFO - Started process (PID=1052) to work on /home/airflow/.local/lib/python3.12/site-packages/airflow/example_dags/example_nested_branch_dag.py
[2025-02-25T23:30:26.561+0000] {processor.py:914} INFO - Processing file /home/airflow/.local/lib/python3.12/site-packages/airflow/example_dags/example_nested_branch_dag.py for tasks to queue
[2025-02-25T23:30:26.562+0000] {logging_mixin.py:190} INFO - [2025-02-25T23:30:26.562+0000] {dagbag.py:588} INFO - Filling up the DagBag from /home/airflow/.local/lib/python3.12/site-packages/airflow/example_dags/example_nested_branch_dag.py
[2025-02-25T23:30:26.569+0000] {processor.py:925} INFO - DAG(s) 'example_nested_branch_dag' retrieved from /home/airflow/.local/lib/python3.12/site-packages/airflow/example_dags/example_nested_branch_dag.py
[2025-02-25T23:30:26.582+0000] {logging_mixin.py:190} INFO - [2025-02-25T23:30:26.582+0000] {dag.py:3239} INFO - Sync 1 DAGs
[2025-02-25T23:30:26.596+0000] {logging_mixin.py:190} INFO - [2025-02-25T23:30:26.596+0000] {dag.py:4180} INFO - Setting next_dagrun for example_nested_branch_dag to 2025-02-24 00:00:00+00:00, run_after=2025-02-25 00:00:00+00:00
[2025-02-25T23:30:26.614+0000] {processor.py:208} INFO - Processing /home/airflow/.local/lib/python3.12/site-packages/airflow/example_dags/example_nested_branch_dag.py took 0.058 seconds
[2025-02-25T23:30:57.447+0000] {processor.py:186} INFO - Started process (PID=1115) to work on /home/airflow/.local/lib/python3.12/site-packages/airflow/example_dags/example_nested_branch_dag.py
[2025-02-25T23:30:57.448+0000] {processor.py:914} INFO - Processing file /home/airflow/.local/lib/python3.12/site-packages/airflow/example_dags/example_nested_branch_dag.py for tasks to queue
[2025-02-25T23:30:57.449+0000] {logging_mixin.py:190} INFO - [2025-02-25T23:30:57.449+0000] {dagbag.py:588} INFO - Filling up the DagBag from /home/airflow/.local/lib/python3.12/site-packages/airflow/example_dags/example_nested_branch_dag.py
[2025-02-25T23:30:57.456+0000] {processor.py:925} INFO - DAG(s) 'example_nested_branch_dag' retrieved from /home/airflow/.local/lib/python3.12/site-packages/airflow/example_dags/example_nested_branch_dag.py
[2025-02-25T23:30:57.468+0000] {logging_mixin.py:190} INFO - [2025-02-25T23:30:57.468+0000] {dag.py:3239} INFO - Sync 1 DAGs
[2025-02-25T23:30:57.482+0000] {logging_mixin.py:190} INFO - [2025-02-25T23:30:57.482+0000] {dag.py:4180} INFO - Setting next_dagrun for example_nested_branch_dag to 2025-02-24 00:00:00+00:00, run_after=2025-02-25 00:00:00+00:00
[2025-02-25T23:30:57.494+0000] {processor.py:208} INFO - Processing /home/airflow/.local/lib/python3.12/site-packages/airflow/example_dags/example_nested_branch_dag.py took 0.051 seconds
[2025-02-25T23:31:28.036+0000] {processor.py:186} INFO - Started process (PID=1178) to work on /home/airflow/.local/lib/python3.12/site-packages/airflow/example_dags/example_nested_branch_dag.py
[2025-02-25T23:31:28.039+0000] {processor.py:914} INFO - Processing file /home/airflow/.local/lib/python3.12/site-packages/airflow/example_dags/example_nested_branch_dag.py for tasks to queue
[2025-02-25T23:31:28.040+0000] {logging_mixin.py:190} INFO - [2025-02-25T23:31:28.040+0000] {dagbag.py:588} INFO - Filling up the DagBag from /home/airflow/.local/lib/python3.12/site-packages/airflow/example_dags/example_nested_branch_dag.py
[2025-02-25T23:31:28.047+0000] {processor.py:925} INFO - DAG(s) 'example_nested_branch_dag' retrieved from /home/airflow/.local/lib/python3.12/site-packages/airflow/example_dags/example_nested_branch_dag.py
[2025-02-25T23:31:28.062+0000] {logging_mixin.py:190} INFO - [2025-02-25T23:31:28.062+0000] {dag.py:3239} INFO - Sync 1 DAGs
[2025-02-25T23:31:28.076+0000] {logging_mixin.py:190} INFO - [2025-02-25T23:31:28.076+0000] {dag.py:4180} INFO - Setting next_dagrun for example_nested_branch_dag to 2025-02-24 00:00:00+00:00, run_after=2025-02-25 00:00:00+00:00
[2025-02-25T23:31:28.086+0000] {processor.py:208} INFO - Processing /home/airflow/.local/lib/python3.12/site-packages/airflow/example_dags/example_nested_branch_dag.py took 0.054 seconds
[2025-02-25T23:31:59.030+0000] {processor.py:186} INFO - Started process (PID=1241) to work on /home/airflow/.local/lib/python3.12/site-packages/airflow/example_dags/example_nested_branch_dag.py
[2025-02-25T23:31:59.031+0000] {processor.py:914} INFO - Processing file /home/airflow/.local/lib/python3.12/site-packages/airflow/example_dags/example_nested_branch_dag.py for tasks to queue
[2025-02-25T23:31:59.032+0000] {logging_mixin.py:190} INFO - [2025-02-25T23:31:59.032+0000] {dagbag.py:588} INFO - Filling up the DagBag from /home/airflow/.local/lib/python3.12/site-packages/airflow/example_dags/example_nested_branch_dag.py
[2025-02-25T23:31:59.039+0000] {processor.py:925} INFO - DAG(s) 'example_nested_branch_dag' retrieved from /home/airflow/.local/lib/python3.12/site-packages/airflow/example_dags/example_nested_branch_dag.py
[2025-02-25T23:31:59.052+0000] {logging_mixin.py:190} INFO - [2025-02-25T23:31:59.052+0000] {dag.py:3239} INFO - Sync 1 DAGs
[2025-02-25T23:31:59.065+0000] {logging_mixin.py:190} INFO - [2025-02-25T23:31:59.065+0000] {dag.py:4180} INFO - Setting next_dagrun for example_nested_branch_dag to 2025-02-24 00:00:00+00:00, run_after=2025-02-25 00:00:00+00:00
[2025-02-25T23:31:59.082+0000] {processor.py:208} INFO - Processing /home/airflow/.local/lib/python3.12/site-packages/airflow/example_dags/example_nested_branch_dag.py took 0.055 seconds
[2025-02-25T23:32:29.940+0000] {processor.py:186} INFO - Started process (PID=1304) to work on /home/airflow/.local/lib/python3.12/site-packages/airflow/example_dags/example_nested_branch_dag.py
[2025-02-25T23:32:29.941+0000] {processor.py:914} INFO - Processing file /home/airflow/.local/lib/python3.12/site-packages/airflow/example_dags/example_nested_branch_dag.py for tasks to queue
[2025-02-25T23:32:29.943+0000] {logging_mixin.py:190} INFO - [2025-02-25T23:32:29.942+0000] {dagbag.py:588} INFO - Filling up the DagBag from /home/airflow/.local/lib/python3.12/site-packages/airflow/example_dags/example_nested_branch_dag.py
[2025-02-25T23:32:29.949+0000] {processor.py:925} INFO - DAG(s) 'example_nested_branch_dag' retrieved from /home/airflow/.local/lib/python3.12/site-packages/airflow/example_dags/example_nested_branch_dag.py
[2025-02-25T23:32:29.962+0000] {logging_mixin.py:190} INFO - [2025-02-25T23:32:29.962+0000] {dag.py:3239} INFO - Sync 1 DAGs
[2025-02-25T23:32:29.975+0000] {logging_mixin.py:190} INFO - [2025-02-25T23:32:29.975+0000] {dag.py:4180} INFO - Setting next_dagrun for example_nested_branch_dag to 2025-02-24 00:00:00+00:00, run_after=2025-02-25 00:00:00+00:00
[2025-02-25T23:32:29.984+0000] {processor.py:208} INFO - Processing /home/airflow/.local/lib/python3.12/site-packages/airflow/example_dags/example_nested_branch_dag.py took 0.048 seconds
[2025-02-25T23:33:00.943+0000] {processor.py:186} INFO - Started process (PID=1367) to work on /home/airflow/.local/lib/python3.12/site-packages/airflow/example_dags/example_nested_branch_dag.py
[2025-02-25T23:33:00.944+0000] {processor.py:914} INFO - Processing file /home/airflow/.local/lib/python3.12/site-packages/airflow/example_dags/example_nested_branch_dag.py for tasks to queue
[2025-02-25T23:33:00.945+0000] {logging_mixin.py:190} INFO - [2025-02-25T23:33:00.945+0000] {dagbag.py:588} INFO - Filling up the DagBag from /home/airflow/.local/lib/python3.12/site-packages/airflow/example_dags/example_nested_branch_dag.py
[2025-02-25T23:33:00.952+0000] {processor.py:925} INFO - DAG(s) 'example_nested_branch_dag' retrieved from /home/airflow/.local/lib/python3.12/site-packages/airflow/example_dags/example_nested_branch_dag.py
[2025-02-25T23:33:00.965+0000] {logging_mixin.py:190} INFO - [2025-02-25T23:33:00.965+0000] {dag.py:3239} INFO - Sync 1 DAGs
[2025-02-25T23:33:00.979+0000] {logging_mixin.py:190} INFO - [2025-02-25T23:33:00.979+0000] {dag.py:4180} INFO - Setting next_dagrun for example_nested_branch_dag to 2025-02-24 00:00:00+00:00, run_after=2025-02-25 00:00:00+00:00
[2025-02-25T23:33:00.998+0000] {processor.py:208} INFO - Processing /home/airflow/.local/lib/python3.12/site-packages/airflow/example_dags/example_nested_branch_dag.py took 0.058 seconds
[2025-02-25T23:33:31.649+0000] {processor.py:186} INFO - Started process (PID=1430) to work on /home/airflow/.local/lib/python3.12/site-packages/airflow/example_dags/example_nested_branch_dag.py
[2025-02-25T23:33:31.650+0000] {processor.py:914} INFO - Processing file /home/airflow/.local/lib/python3.12/site-packages/airflow/example_dags/example_nested_branch_dag.py for tasks to queue
[2025-02-25T23:33:31.651+0000] {logging_mixin.py:190} INFO - [2025-02-25T23:33:31.651+0000] {dagbag.py:588} INFO - Filling up the DagBag from /home/airflow/.local/lib/python3.12/site-packages/airflow/example_dags/example_nested_branch_dag.py
[2025-02-25T23:33:31.658+0000] {processor.py:925} INFO - DAG(s) 'example_nested_branch_dag' retrieved from /home/airflow/.local/lib/python3.12/site-packages/airflow/example_dags/example_nested_branch_dag.py
[2025-02-25T23:33:31.671+0000] {logging_mixin.py:190} INFO - [2025-02-25T23:33:31.670+0000] {dag.py:3239} INFO - Sync 1 DAGs
[2025-02-25T23:33:31.684+0000] {logging_mixin.py:190} INFO - [2025-02-25T23:33:31.684+0000] {dag.py:4180} INFO - Setting next_dagrun for example_nested_branch_dag to 2025-02-24 00:00:00+00:00, run_after=2025-02-25 00:00:00+00:00
[2025-02-25T23:33:31.699+0000] {processor.py:208} INFO - Processing /home/airflow/.local/lib/python3.12/site-packages/airflow/example_dags/example_nested_branch_dag.py took 0.054 seconds
[2025-02-25T23:34:02.325+0000] {processor.py:186} INFO - Started process (PID=1493) to work on /home/airflow/.local/lib/python3.12/site-packages/airflow/example_dags/example_nested_branch_dag.py
[2025-02-25T23:34:02.326+0000] {processor.py:914} INFO - Processing file /home/airflow/.local/lib/python3.12/site-packages/airflow/example_dags/example_nested_branch_dag.py for tasks to queue
[2025-02-25T23:34:02.328+0000] {logging_mixin.py:190} INFO - [2025-02-25T23:34:02.327+0000] {dagbag.py:588} INFO - Filling up the DagBag from /home/airflow/.local/lib/python3.12/site-packages/airflow/example_dags/example_nested_branch_dag.py
[2025-02-25T23:34:02.334+0000] {processor.py:925} INFO - DAG(s) 'example_nested_branch_dag' retrieved from /home/airflow/.local/lib/python3.12/site-packages/airflow/example_dags/example_nested_branch_dag.py
[2025-02-25T23:34:02.348+0000] {logging_mixin.py:190} INFO - [2025-02-25T23:34:02.348+0000] {dag.py:3239} INFO - Sync 1 DAGs
[2025-02-25T23:34:02.361+0000] {logging_mixin.py:190} INFO - [2025-02-25T23:34:02.361+0000] {dag.py:4180} INFO - Setting next_dagrun for example_nested_branch_dag to 2025-02-24 00:00:00+00:00, run_after=2025-02-25 00:00:00+00:00
[2025-02-25T23:34:02.372+0000] {processor.py:208} INFO - Processing /home/airflow/.local/lib/python3.12/site-packages/airflow/example_dags/example_nested_branch_dag.py took 0.051 seconds
[2025-02-25T23:34:33.227+0000] {processor.py:186} INFO - Started process (PID=1556) to work on /home/airflow/.local/lib/python3.12/site-packages/airflow/example_dags/example_nested_branch_dag.py
[2025-02-25T23:34:33.228+0000] {processor.py:914} INFO - Processing file /home/airflow/.local/lib/python3.12/site-packages/airflow/example_dags/example_nested_branch_dag.py for tasks to queue
[2025-02-25T23:34:33.229+0000] {logging_mixin.py:190} INFO - [2025-02-25T23:34:33.229+0000] {dagbag.py:588} INFO - Filling up the DagBag from /home/airflow/.local/lib/python3.12/site-packages/airflow/example_dags/example_nested_branch_dag.py
[2025-02-25T23:34:33.236+0000] {processor.py:925} INFO - DAG(s) 'example_nested_branch_dag' retrieved from /home/airflow/.local/lib/python3.12/site-packages/airflow/example_dags/example_nested_branch_dag.py
[2025-02-25T23:34:33.249+0000] {logging_mixin.py:190} INFO - [2025-02-25T23:34:33.249+0000] {dag.py:3239} INFO - Sync 1 DAGs
[2025-02-25T23:34:33.262+0000] {logging_mixin.py:190} INFO - [2025-02-25T23:34:33.262+0000] {dag.py:4180} INFO - Setting next_dagrun for example_nested_branch_dag to 2025-02-24 00:00:00+00:00, run_after=2025-02-25 00:00:00+00:00
[2025-02-25T23:34:33.278+0000] {processor.py:208} INFO - Processing /home/airflow/.local/lib/python3.12/site-packages/airflow/example_dags/example_nested_branch_dag.py took 0.054 seconds
[2025-02-25T23:35:04.279+0000] {processor.py:186} INFO - Started process (PID=1613) to work on /home/airflow/.local/lib/python3.12/site-packages/airflow/example_dags/example_nested_branch_dag.py
[2025-02-25T23:35:04.281+0000] {processor.py:914} INFO - Processing file /home/airflow/.local/lib/python3.12/site-packages/airflow/example_dags/example_nested_branch_dag.py for tasks to queue
[2025-02-25T23:35:04.282+0000] {logging_mixin.py:190} INFO - [2025-02-25T23:35:04.282+0000] {dagbag.py:588} INFO - Filling up the DagBag from /home/airflow/.local/lib/python3.12/site-packages/airflow/example_dags/example_nested_branch_dag.py
[2025-02-25T23:35:04.289+0000] {processor.py:925} INFO - DAG(s) 'example_nested_branch_dag' retrieved from /home/airflow/.local/lib/python3.12/site-packages/airflow/example_dags/example_nested_branch_dag.py
[2025-02-25T23:35:04.302+0000] {logging_mixin.py:190} INFO - [2025-02-25T23:35:04.302+0000] {dag.py:3239} INFO - Sync 1 DAGs
[2025-02-25T23:35:04.315+0000] {logging_mixin.py:190} INFO - [2025-02-25T23:35:04.315+0000] {dag.py:4180} INFO - Setting next_dagrun for example_nested_branch_dag to 2025-02-24 00:00:00+00:00, run_after=2025-02-25 00:00:00+00:00
[2025-02-25T23:35:04.334+0000] {processor.py:208} INFO - Processing /home/airflow/.local/lib/python3.12/site-packages/airflow/example_dags/example_nested_branch_dag.py took 0.058 seconds
[2025-02-25T23:35:35.215+0000] {processor.py:186} INFO - Started process (PID=1676) to work on /home/airflow/.local/lib/python3.12/site-packages/airflow/example_dags/example_nested_branch_dag.py
[2025-02-25T23:35:35.216+0000] {processor.py:914} INFO - Processing file /home/airflow/.local/lib/python3.12/site-packages/airflow/example_dags/example_nested_branch_dag.py for tasks to queue
[2025-02-25T23:35:35.217+0000] {logging_mixin.py:190} INFO - [2025-02-25T23:35:35.217+0000] {dagbag.py:588} INFO - Filling up the DagBag from /home/airflow/.local/lib/python3.12/site-packages/airflow/example_dags/example_nested_branch_dag.py
[2025-02-25T23:35:35.224+0000] {processor.py:925} INFO - DAG(s) 'example_nested_branch_dag' retrieved from /home/airflow/.local/lib/python3.12/site-packages/airflow/example_dags/example_nested_branch_dag.py
[2025-02-25T23:35:35.238+0000] {logging_mixin.py:190} INFO - [2025-02-25T23:35:35.238+0000] {dag.py:3239} INFO - Sync 1 DAGs
[2025-02-25T23:35:35.252+0000] {logging_mixin.py:190} INFO - [2025-02-25T23:35:35.252+0000] {dag.py:4180} INFO - Setting next_dagrun for example_nested_branch_dag to 2025-02-24 00:00:00+00:00, run_after=2025-02-25 00:00:00+00:00
[2025-02-25T23:35:35.268+0000] {processor.py:208} INFO - Processing /home/airflow/.local/lib/python3.12/site-packages/airflow/example_dags/example_nested_branch_dag.py took 0.056 seconds
[2025-02-25T23:36:05.360+0000] {processor.py:186} INFO - Started process (PID=1739) to work on /home/airflow/.local/lib/python3.12/site-packages/airflow/example_dags/example_nested_branch_dag.py
[2025-02-25T23:36:05.363+0000] {processor.py:914} INFO - Processing file /home/airflow/.local/lib/python3.12/site-packages/airflow/example_dags/example_nested_branch_dag.py for tasks to queue
[2025-02-25T23:36:05.365+0000] {logging_mixin.py:190} INFO - [2025-02-25T23:36:05.364+0000] {dagbag.py:588} INFO - Filling up the DagBag from /home/airflow/.local/lib/python3.12/site-packages/airflow/example_dags/example_nested_branch_dag.py
[2025-02-25T23:36:05.372+0000] {processor.py:925} INFO - DAG(s) 'example_nested_branch_dag' retrieved from /home/airflow/.local/lib/python3.12/site-packages/airflow/example_dags/example_nested_branch_dag.py
[2025-02-25T23:36:05.385+0000] {logging_mixin.py:190} INFO - [2025-02-25T23:36:05.385+0000] {dag.py:3239} INFO - Sync 1 DAGs
[2025-02-25T23:36:05.397+0000] {logging_mixin.py:190} INFO - [2025-02-25T23:36:05.397+0000] {dag.py:4180} INFO - Setting next_dagrun for example_nested_branch_dag to 2025-02-24 00:00:00+00:00, run_after=2025-02-25 00:00:00+00:00
[2025-02-25T23:36:05.411+0000] {processor.py:208} INFO - Processing /home/airflow/.local/lib/python3.12/site-packages/airflow/example_dags/example_nested_branch_dag.py took 0.055 seconds
[2025-02-25T23:36:35.600+0000] {processor.py:186} INFO - Started process (PID=1802) to work on /home/airflow/.local/lib/python3.12/site-packages/airflow/example_dags/example_nested_branch_dag.py
[2025-02-25T23:36:35.608+0000] {processor.py:914} INFO - Processing file /home/airflow/.local/lib/python3.12/site-packages/airflow/example_dags/example_nested_branch_dag.py for tasks to queue
[2025-02-25T23:36:35.609+0000] {logging_mixin.py:190} INFO - [2025-02-25T23:36:35.609+0000] {dagbag.py:588} INFO - Filling up the DagBag from /home/airflow/.local/lib/python3.12/site-packages/airflow/example_dags/example_nested_branch_dag.py
[2025-02-25T23:36:35.616+0000] {processor.py:925} INFO - DAG(s) 'example_nested_branch_dag' retrieved from /home/airflow/.local/lib/python3.12/site-packages/airflow/example_dags/example_nested_branch_dag.py
[2025-02-25T23:36:35.633+0000] {logging_mixin.py:190} INFO - [2025-02-25T23:36:35.633+0000] {dag.py:3239} INFO - Sync 1 DAGs
[2025-02-25T23:36:35.651+0000] {logging_mixin.py:190} INFO - [2025-02-25T23:36:35.651+0000] {dag.py:4180} INFO - Setting next_dagrun for example_nested_branch_dag to 2025-02-24 00:00:00+00:00, run_after=2025-02-25 00:00:00+00:00
[2025-02-25T23:36:35.670+0000] {processor.py:208} INFO - Processing /home/airflow/.local/lib/python3.12/site-packages/airflow/example_dags/example_nested_branch_dag.py took 0.073 seconds
[2025-02-25T23:37:05.951+0000] {processor.py:186} INFO - Started process (PID=1865) to work on /home/airflow/.local/lib/python3.12/site-packages/airflow/example_dags/example_nested_branch_dag.py
[2025-02-25T23:37:05.952+0000] {processor.py:914} INFO - Processing file /home/airflow/.local/lib/python3.12/site-packages/airflow/example_dags/example_nested_branch_dag.py for tasks to queue
[2025-02-25T23:37:05.953+0000] {logging_mixin.py:190} INFO - [2025-02-25T23:37:05.953+0000] {dagbag.py:588} INFO - Filling up the DagBag from /home/airflow/.local/lib/python3.12/site-packages/airflow/example_dags/example_nested_branch_dag.py
[2025-02-25T23:37:05.960+0000] {processor.py:925} INFO - DAG(s) 'example_nested_branch_dag' retrieved from /home/airflow/.local/lib/python3.12/site-packages/airflow/example_dags/example_nested_branch_dag.py
[2025-02-25T23:37:05.973+0000] {logging_mixin.py:190} INFO - [2025-02-25T23:37:05.973+0000] {dag.py:3239} INFO - Sync 1 DAGs
[2025-02-25T23:37:05.987+0000] {logging_mixin.py:190} INFO - [2025-02-25T23:37:05.987+0000] {dag.py:4180} INFO - Setting next_dagrun for example_nested_branch_dag to 2025-02-24 00:00:00+00:00, run_after=2025-02-25 00:00:00+00:00
[2025-02-25T23:37:05.998+0000] {processor.py:208} INFO - Processing /home/airflow/.local/lib/python3.12/site-packages/airflow/example_dags/example_nested_branch_dag.py took 0.051 seconds
[2025-02-25T23:37:36.234+0000] {processor.py:186} INFO - Started process (PID=1928) to work on /home/airflow/.local/lib/python3.12/site-packages/airflow/example_dags/example_nested_branch_dag.py
[2025-02-25T23:37:36.242+0000] {processor.py:914} INFO - Processing file /home/airflow/.local/lib/python3.12/site-packages/airflow/example_dags/example_nested_branch_dag.py for tasks to queue
[2025-02-25T23:37:36.244+0000] {logging_mixin.py:190} INFO - [2025-02-25T23:37:36.243+0000] {dagbag.py:588} INFO - Filling up the DagBag from /home/airflow/.local/lib/python3.12/site-packages/airflow/example_dags/example_nested_branch_dag.py
[2025-02-25T23:37:36.250+0000] {processor.py:925} INFO - DAG(s) 'example_nested_branch_dag' retrieved from /home/airflow/.local/lib/python3.12/site-packages/airflow/example_dags/example_nested_branch_dag.py
[2025-02-25T23:37:36.262+0000] {logging_mixin.py:190} INFO - [2025-02-25T23:37:36.262+0000] {dag.py:3239} INFO - Sync 1 DAGs
[2025-02-25T23:37:36.275+0000] {logging_mixin.py:190} INFO - [2025-02-25T23:37:36.275+0000] {dag.py:4180} INFO - Setting next_dagrun for example_nested_branch_dag to 2025-02-24 00:00:00+00:00, run_after=2025-02-25 00:00:00+00:00
[2025-02-25T23:37:36.292+0000] {processor.py:208} INFO - Processing /home/airflow/.local/lib/python3.12/site-packages/airflow/example_dags/example_nested_branch_dag.py took 0.062 seconds
[2025-02-25T23:38:07.044+0000] {processor.py:186} INFO - Started process (PID=1991) to work on /home/airflow/.local/lib/python3.12/site-packages/airflow/example_dags/example_nested_branch_dag.py
[2025-02-25T23:38:07.052+0000] {processor.py:914} INFO - Processing file /home/airflow/.local/lib/python3.12/site-packages/airflow/example_dags/example_nested_branch_dag.py for tasks to queue
[2025-02-25T23:38:07.054+0000] {logging_mixin.py:190} INFO - [2025-02-25T23:38:07.053+0000] {dagbag.py:588} INFO - Filling up the DagBag from /home/airflow/.local/lib/python3.12/site-packages/airflow/example_dags/example_nested_branch_dag.py
[2025-02-25T23:38:07.060+0000] {processor.py:925} INFO - DAG(s) 'example_nested_branch_dag' retrieved from /home/airflow/.local/lib/python3.12/site-packages/airflow/example_dags/example_nested_branch_dag.py
[2025-02-25T23:38:07.074+0000] {logging_mixin.py:190} INFO - [2025-02-25T23:38:07.074+0000] {dag.py:3239} INFO - Sync 1 DAGs
[2025-02-25T23:38:07.090+0000] {logging_mixin.py:190} INFO - [2025-02-25T23:38:07.090+0000] {dag.py:4180} INFO - Setting next_dagrun for example_nested_branch_dag to 2025-02-24 00:00:00+00:00, run_after=2025-02-25 00:00:00+00:00
[2025-02-25T23:38:07.108+0000] {processor.py:208} INFO - Processing /home/airflow/.local/lib/python3.12/site-packages/airflow/example_dags/example_nested_branch_dag.py took 0.068 seconds
[2025-02-25T23:38:37.727+0000] {processor.py:186} INFO - Started process (PID=2054) to work on /home/airflow/.local/lib/python3.12/site-packages/airflow/example_dags/example_nested_branch_dag.py
[2025-02-25T23:38:37.736+0000] {processor.py:914} INFO - Processing file /home/airflow/.local/lib/python3.12/site-packages/airflow/example_dags/example_nested_branch_dag.py for tasks to queue
[2025-02-25T23:38:37.737+0000] {logging_mixin.py:190} INFO - [2025-02-25T23:38:37.737+0000] {dagbag.py:588} INFO - Filling up the DagBag from /home/airflow/.local/lib/python3.12/site-packages/airflow/example_dags/example_nested_branch_dag.py
[2025-02-25T23:38:37.743+0000] {processor.py:925} INFO - DAG(s) 'example_nested_branch_dag' retrieved from /home/airflow/.local/lib/python3.12/site-packages/airflow/example_dags/example_nested_branch_dag.py
[2025-02-25T23:38:37.756+0000] {logging_mixin.py:190} INFO - [2025-02-25T23:38:37.755+0000] {dag.py:3239} INFO - Sync 1 DAGs
[2025-02-25T23:38:37.769+0000] {logging_mixin.py:190} INFO - [2025-02-25T23:38:37.769+0000] {dag.py:4180} INFO - Setting next_dagrun for example_nested_branch_dag to 2025-02-24 00:00:00+00:00, run_after=2025-02-25 00:00:00+00:00
[2025-02-25T23:38:37.784+0000] {processor.py:208} INFO - Processing /home/airflow/.local/lib/python3.12/site-packages/airflow/example_dags/example_nested_branch_dag.py took 0.060 seconds
[2025-02-25T23:39:10.879+0000] {processor.py:186} INFO - Started process (PID=2117) to work on /home/airflow/.local/lib/python3.12/site-packages/airflow/example_dags/example_nested_branch_dag.py
[2025-02-25T23:39:10.880+0000] {processor.py:914} INFO - Processing file /home/airflow/.local/lib/python3.12/site-packages/airflow/example_dags/example_nested_branch_dag.py for tasks to queue
[2025-02-25T23:39:10.881+0000] {logging_mixin.py:190} INFO - [2025-02-25T23:39:10.881+0000] {dagbag.py:588} INFO - Filling up the DagBag from /home/airflow/.local/lib/python3.12/site-packages/airflow/example_dags/example_nested_branch_dag.py
[2025-02-25T23:39:10.888+0000] {processor.py:925} INFO - DAG(s) 'example_nested_branch_dag' retrieved from /home/airflow/.local/lib/python3.12/site-packages/airflow/example_dags/example_nested_branch_dag.py
[2025-02-25T23:39:10.902+0000] {logging_mixin.py:190} INFO - [2025-02-25T23:39:10.902+0000] {dag.py:3239} INFO - Sync 1 DAGs
[2025-02-25T23:39:10.915+0000] {logging_mixin.py:190} INFO - [2025-02-25T23:39:10.915+0000] {dag.py:4180} INFO - Setting next_dagrun for example_nested_branch_dag to 2025-02-24 00:00:00+00:00, run_after=2025-02-25 00:00:00+00:00
[2025-02-25T23:39:10.925+0000] {processor.py:208} INFO - Processing /home/airflow/.local/lib/python3.12/site-packages/airflow/example_dags/example_nested_branch_dag.py took 0.049 seconds
[2025-02-25T23:41:48.183+0000] {processor.py:186} INFO - Started process (PID=50) to work on /home/airflow/.local/lib/python3.12/site-packages/airflow/example_dags/example_nested_branch_dag.py
[2025-02-25T23:41:48.183+0000] {processor.py:914} INFO - Processing file /home/airflow/.local/lib/python3.12/site-packages/airflow/example_dags/example_nested_branch_dag.py for tasks to queue
[2025-02-25T23:41:48.185+0000] {logging_mixin.py:190} INFO - [2025-02-25T23:41:48.185+0000] {dagbag.py:588} INFO - Filling up the DagBag from /home/airflow/.local/lib/python3.12/site-packages/airflow/example_dags/example_nested_branch_dag.py
[2025-02-25T23:41:48.193+0000] {processor.py:925} INFO - DAG(s) 'example_nested_branch_dag' retrieved from /home/airflow/.local/lib/python3.12/site-packages/airflow/example_dags/example_nested_branch_dag.py
[2025-02-25T23:41:48.294+0000] {logging_mixin.py:190} INFO - [2025-02-25T23:41:48.293+0000] {override.py:1912} INFO - Created Permission View: can edit on DAG:example_nested_branch_dag
[2025-02-25T23:41:48.301+0000] {logging_mixin.py:190} INFO - [2025-02-25T23:41:48.301+0000] {override.py:1912} INFO - Created Permission View: can delete on DAG:example_nested_branch_dag
[2025-02-25T23:41:48.305+0000] {logging_mixin.py:190} INFO - [2025-02-25T23:41:48.305+0000] {override.py:1912} INFO - Created Permission View: can read on DAG:example_nested_branch_dag
[2025-02-25T23:41:48.310+0000] {logging_mixin.py:190} INFO - [2025-02-25T23:41:48.309+0000] {override.py:1912} INFO - Created Permission View: can create on DAG Run:example_nested_branch_dag
[2025-02-25T23:41:48.313+0000] {logging_mixin.py:190} INFO - [2025-02-25T23:41:48.313+0000] {override.py:1912} INFO - Created Permission View: can delete on DAG Run:example_nested_branch_dag
[2025-02-25T23:41:48.317+0000] {logging_mixin.py:190} INFO - [2025-02-25T23:41:48.317+0000] {override.py:1912} INFO - Created Permission View: can read on DAG Run:example_nested_branch_dag
[2025-02-25T23:41:48.321+0000] {logging_mixin.py:190} INFO - [2025-02-25T23:41:48.321+0000] {override.py:1912} INFO - Created Permission View: menu access on DAG Run:example_nested_branch_dag
[2025-02-25T23:41:48.322+0000] {logging_mixin.py:190} INFO - [2025-02-25T23:41:48.322+0000] {dag.py:3239} INFO - Sync 1 DAGs
[2025-02-25T23:41:48.330+0000] {logging_mixin.py:190} INFO - [2025-02-25T23:41:48.330+0000] {dag.py:3262} INFO - Creating ORM DAG for example_nested_branch_dag
[2025-02-25T23:41:48.338+0000] {logging_mixin.py:190} INFO - [2025-02-25T23:41:48.337+0000] {dag.py:4180} INFO - Setting next_dagrun for example_nested_branch_dag to 2025-02-24 00:00:00+00:00, run_after=2025-02-25 00:00:00+00:00
[2025-02-25T23:41:48.347+0000] {processor.py:208} INFO - Processing /home/airflow/.local/lib/python3.12/site-packages/airflow/example_dags/example_nested_branch_dag.py took 0.168 seconds
[2025-02-25T23:42:22.972+0000] {processor.py:186} INFO - Started process (PID=113) to work on /home/airflow/.local/lib/python3.12/site-packages/airflow/example_dags/example_nested_branch_dag.py
[2025-02-25T23:42:22.973+0000] {processor.py:914} INFO - Processing file /home/airflow/.local/lib/python3.12/site-packages/airflow/example_dags/example_nested_branch_dag.py for tasks to queue
[2025-02-25T23:42:22.975+0000] {logging_mixin.py:190} INFO - [2025-02-25T23:42:22.974+0000] {dagbag.py:588} INFO - Filling up the DagBag from /home/airflow/.local/lib/python3.12/site-packages/airflow/example_dags/example_nested_branch_dag.py
[2025-02-25T23:42:22.981+0000] {processor.py:925} INFO - DAG(s) 'example_nested_branch_dag' retrieved from /home/airflow/.local/lib/python3.12/site-packages/airflow/example_dags/example_nested_branch_dag.py
[2025-02-25T23:42:22.995+0000] {logging_mixin.py:190} INFO - [2025-02-25T23:42:22.994+0000] {dag.py:3239} INFO - Sync 1 DAGs
[2025-02-25T23:42:23.009+0000] {logging_mixin.py:190} INFO - [2025-02-25T23:42:23.009+0000] {dag.py:4180} INFO - Setting next_dagrun for example_nested_branch_dag to 2025-02-24 00:00:00+00:00, run_after=2025-02-25 00:00:00+00:00
[2025-02-25T23:42:23.021+0000] {processor.py:208} INFO - Processing /home/airflow/.local/lib/python3.12/site-packages/airflow/example_dags/example_nested_branch_dag.py took 0.052 seconds
[2025-02-25T23:42:54.098+0000] {processor.py:186} INFO - Started process (PID=176) to work on /home/airflow/.local/lib/python3.12/site-packages/airflow/example_dags/example_nested_branch_dag.py
[2025-02-25T23:42:54.099+0000] {processor.py:914} INFO - Processing file /home/airflow/.local/lib/python3.12/site-packages/airflow/example_dags/example_nested_branch_dag.py for tasks to queue
[2025-02-25T23:42:54.100+0000] {logging_mixin.py:190} INFO - [2025-02-25T23:42:54.100+0000] {dagbag.py:588} INFO - Filling up the DagBag from /home/airflow/.local/lib/python3.12/site-packages/airflow/example_dags/example_nested_branch_dag.py
[2025-02-25T23:42:54.106+0000] {processor.py:925} INFO - DAG(s) 'example_nested_branch_dag' retrieved from /home/airflow/.local/lib/python3.12/site-packages/airflow/example_dags/example_nested_branch_dag.py
[2025-02-25T23:42:54.119+0000] {logging_mixin.py:190} INFO - [2025-02-25T23:42:54.119+0000] {dag.py:3239} INFO - Sync 1 DAGs
[2025-02-25T23:42:54.131+0000] {logging_mixin.py:190} INFO - [2025-02-25T23:42:54.131+0000] {dag.py:4180} INFO - Setting next_dagrun for example_nested_branch_dag to 2025-02-24 00:00:00+00:00, run_after=2025-02-25 00:00:00+00:00
[2025-02-25T23:42:54.140+0000] {processor.py:208} INFO - Processing /home/airflow/.local/lib/python3.12/site-packages/airflow/example_dags/example_nested_branch_dag.py took 0.045 seconds
[2025-02-25T23:43:24.941+0000] {processor.py:186} INFO - Started process (PID=239) to work on /home/airflow/.local/lib/python3.12/site-packages/airflow/example_dags/example_nested_branch_dag.py
[2025-02-25T23:43:24.942+0000] {processor.py:914} INFO - Processing file /home/airflow/.local/lib/python3.12/site-packages/airflow/example_dags/example_nested_branch_dag.py for tasks to queue
[2025-02-25T23:43:24.943+0000] {logging_mixin.py:190} INFO - [2025-02-25T23:43:24.943+0000] {dagbag.py:588} INFO - Filling up the DagBag from /home/airflow/.local/lib/python3.12/site-packages/airflow/example_dags/example_nested_branch_dag.py
[2025-02-25T23:43:24.950+0000] {processor.py:925} INFO - DAG(s) 'example_nested_branch_dag' retrieved from /home/airflow/.local/lib/python3.12/site-packages/airflow/example_dags/example_nested_branch_dag.py
[2025-02-25T23:43:24.963+0000] {logging_mixin.py:190} INFO - [2025-02-25T23:43:24.963+0000] {dag.py:3239} INFO - Sync 1 DAGs
[2025-02-25T23:43:24.975+0000] {logging_mixin.py:190} INFO - [2025-02-25T23:43:24.975+0000] {dag.py:4180} INFO - Setting next_dagrun for example_nested_branch_dag to 2025-02-24 00:00:00+00:00, run_after=2025-02-25 00:00:00+00:00
[2025-02-25T23:43:24.991+0000] {processor.py:208} INFO - Processing /home/airflow/.local/lib/python3.12/site-packages/airflow/example_dags/example_nested_branch_dag.py took 0.054 seconds
[2025-02-25T23:43:55.648+0000] {processor.py:186} INFO - Started process (PID=302) to work on /home/airflow/.local/lib/python3.12/site-packages/airflow/example_dags/example_nested_branch_dag.py
[2025-02-25T23:43:55.649+0000] {processor.py:914} INFO - Processing file /home/airflow/.local/lib/python3.12/site-packages/airflow/example_dags/example_nested_branch_dag.py for tasks to queue
[2025-02-25T23:43:55.650+0000] {logging_mixin.py:190} INFO - [2025-02-25T23:43:55.650+0000] {dagbag.py:588} INFO - Filling up the DagBag from /home/airflow/.local/lib/python3.12/site-packages/airflow/example_dags/example_nested_branch_dag.py
[2025-02-25T23:43:55.658+0000] {processor.py:925} INFO - DAG(s) 'example_nested_branch_dag' retrieved from /home/airflow/.local/lib/python3.12/site-packages/airflow/example_dags/example_nested_branch_dag.py
[2025-02-25T23:43:55.671+0000] {logging_mixin.py:190} INFO - [2025-02-25T23:43:55.671+0000] {dag.py:3239} INFO - Sync 1 DAGs
[2025-02-25T23:43:55.684+0000] {logging_mixin.py:190} INFO - [2025-02-25T23:43:55.684+0000] {dag.py:4180} INFO - Setting next_dagrun for example_nested_branch_dag to 2025-02-24 00:00:00+00:00, run_after=2025-02-25 00:00:00+00:00
[2025-02-25T23:43:55.697+0000] {processor.py:208} INFO - Processing /home/airflow/.local/lib/python3.12/site-packages/airflow/example_dags/example_nested_branch_dag.py took 0.052 seconds
[2025-02-25T23:44:26.297+0000] {processor.py:186} INFO - Started process (PID=365) to work on /home/airflow/.local/lib/python3.12/site-packages/airflow/example_dags/example_nested_branch_dag.py
[2025-02-25T23:44:26.301+0000] {processor.py:914} INFO - Processing file /home/airflow/.local/lib/python3.12/site-packages/airflow/example_dags/example_nested_branch_dag.py for tasks to queue
[2025-02-25T23:44:26.303+0000] {logging_mixin.py:190} INFO - [2025-02-25T23:44:26.302+0000] {dagbag.py:588} INFO - Filling up the DagBag from /home/airflow/.local/lib/python3.12/site-packages/airflow/example_dags/example_nested_branch_dag.py
[2025-02-25T23:44:26.310+0000] {processor.py:925} INFO - DAG(s) 'example_nested_branch_dag' retrieved from /home/airflow/.local/lib/python3.12/site-packages/airflow/example_dags/example_nested_branch_dag.py
[2025-02-25T23:44:26.326+0000] {logging_mixin.py:190} INFO - [2025-02-25T23:44:26.326+0000] {dag.py:3239} INFO - Sync 1 DAGs
[2025-02-25T23:44:26.341+0000] {logging_mixin.py:190} INFO - [2025-02-25T23:44:26.341+0000] {dag.py:4180} INFO - Setting next_dagrun for example_nested_branch_dag to 2025-02-24 00:00:00+00:00, run_after=2025-02-25 00:00:00+00:00
[2025-02-25T23:44:26.353+0000] {processor.py:208} INFO - Processing /home/airflow/.local/lib/python3.12/site-packages/airflow/example_dags/example_nested_branch_dag.py took 0.059 seconds
[2025-02-25T23:44:57.093+0000] {processor.py:186} INFO - Started process (PID=428) to work on /home/airflow/.local/lib/python3.12/site-packages/airflow/example_dags/example_nested_branch_dag.py
[2025-02-25T23:44:57.098+0000] {processor.py:914} INFO - Processing file /home/airflow/.local/lib/python3.12/site-packages/airflow/example_dags/example_nested_branch_dag.py for tasks to queue
[2025-02-25T23:44:57.099+0000] {logging_mixin.py:190} INFO - [2025-02-25T23:44:57.099+0000] {dagbag.py:588} INFO - Filling up the DagBag from /home/airflow/.local/lib/python3.12/site-packages/airflow/example_dags/example_nested_branch_dag.py
[2025-02-25T23:44:57.106+0000] {processor.py:925} INFO - DAG(s) 'example_nested_branch_dag' retrieved from /home/airflow/.local/lib/python3.12/site-packages/airflow/example_dags/example_nested_branch_dag.py
[2025-02-25T23:44:57.119+0000] {logging_mixin.py:190} INFO - [2025-02-25T23:44:57.118+0000] {dag.py:3239} INFO - Sync 1 DAGs
[2025-02-25T23:44:57.132+0000] {logging_mixin.py:190} INFO - [2025-02-25T23:44:57.132+0000] {dag.py:4180} INFO - Setting next_dagrun for example_nested_branch_dag to 2025-02-24 00:00:00+00:00, run_after=2025-02-25 00:00:00+00:00
[2025-02-25T23:44:57.147+0000] {processor.py:208} INFO - Processing /home/airflow/.local/lib/python3.12/site-packages/airflow/example_dags/example_nested_branch_dag.py took 0.057 seconds
[2025-02-25T23:45:27.832+0000] {processor.py:186} INFO - Started process (PID=491) to work on /home/airflow/.local/lib/python3.12/site-packages/airflow/example_dags/example_nested_branch_dag.py
[2025-02-25T23:45:27.833+0000] {processor.py:914} INFO - Processing file /home/airflow/.local/lib/python3.12/site-packages/airflow/example_dags/example_nested_branch_dag.py for tasks to queue
[2025-02-25T23:45:27.834+0000] {logging_mixin.py:190} INFO - [2025-02-25T23:45:27.834+0000] {dagbag.py:588} INFO - Filling up the DagBag from /home/airflow/.local/lib/python3.12/site-packages/airflow/example_dags/example_nested_branch_dag.py
[2025-02-25T23:45:27.842+0000] {processor.py:925} INFO - DAG(s) 'example_nested_branch_dag' retrieved from /home/airflow/.local/lib/python3.12/site-packages/airflow/example_dags/example_nested_branch_dag.py
[2025-02-25T23:45:27.855+0000] {logging_mixin.py:190} INFO - [2025-02-25T23:45:27.855+0000] {dag.py:3239} INFO - Sync 1 DAGs
[2025-02-25T23:45:27.869+0000] {logging_mixin.py:190} INFO - [2025-02-25T23:45:27.868+0000] {dag.py:4180} INFO - Setting next_dagrun for example_nested_branch_dag to 2025-02-24 00:00:00+00:00, run_after=2025-02-25 00:00:00+00:00
[2025-02-25T23:45:27.879+0000] {processor.py:208} INFO - Processing /home/airflow/.local/lib/python3.12/site-packages/airflow/example_dags/example_nested_branch_dag.py took 0.051 seconds
[2025-02-25T23:45:58.651+0000] {processor.py:186} INFO - Started process (PID=554) to work on /home/airflow/.local/lib/python3.12/site-packages/airflow/example_dags/example_nested_branch_dag.py
[2025-02-25T23:45:58.652+0000] {processor.py:914} INFO - Processing file /home/airflow/.local/lib/python3.12/site-packages/airflow/example_dags/example_nested_branch_dag.py for tasks to queue
[2025-02-25T23:45:58.653+0000] {logging_mixin.py:190} INFO - [2025-02-25T23:45:58.653+0000] {dagbag.py:588} INFO - Filling up the DagBag from /home/airflow/.local/lib/python3.12/site-packages/airflow/example_dags/example_nested_branch_dag.py
[2025-02-25T23:45:58.660+0000] {processor.py:925} INFO - DAG(s) 'example_nested_branch_dag' retrieved from /home/airflow/.local/lib/python3.12/site-packages/airflow/example_dags/example_nested_branch_dag.py
[2025-02-25T23:45:58.673+0000] {logging_mixin.py:190} INFO - [2025-02-25T23:45:58.673+0000] {dag.py:3239} INFO - Sync 1 DAGs
[2025-02-25T23:45:58.687+0000] {logging_mixin.py:190} INFO - [2025-02-25T23:45:58.686+0000] {dag.py:4180} INFO - Setting next_dagrun for example_nested_branch_dag to 2025-02-24 00:00:00+00:00, run_after=2025-02-25 00:00:00+00:00
[2025-02-25T23:45:58.700+0000] {processor.py:208} INFO - Processing /home/airflow/.local/lib/python3.12/site-packages/airflow/example_dags/example_nested_branch_dag.py took 0.052 seconds
[2025-02-25T23:46:29.396+0000] {processor.py:186} INFO - Started process (PID=611) to work on /home/airflow/.local/lib/python3.12/site-packages/airflow/example_dags/example_nested_branch_dag.py
[2025-02-25T23:46:29.397+0000] {processor.py:914} INFO - Processing file /home/airflow/.local/lib/python3.12/site-packages/airflow/example_dags/example_nested_branch_dag.py for tasks to queue
[2025-02-25T23:46:29.398+0000] {logging_mixin.py:190} INFO - [2025-02-25T23:46:29.398+0000] {dagbag.py:588} INFO - Filling up the DagBag from /home/airflow/.local/lib/python3.12/site-packages/airflow/example_dags/example_nested_branch_dag.py
[2025-02-25T23:46:29.405+0000] {processor.py:925} INFO - DAG(s) 'example_nested_branch_dag' retrieved from /home/airflow/.local/lib/python3.12/site-packages/airflow/example_dags/example_nested_branch_dag.py
[2025-02-25T23:46:29.418+0000] {logging_mixin.py:190} INFO - [2025-02-25T23:46:29.417+0000] {dag.py:3239} INFO - Sync 1 DAGs
[2025-02-25T23:46:29.431+0000] {logging_mixin.py:190} INFO - [2025-02-25T23:46:29.431+0000] {dag.py:4180} INFO - Setting next_dagrun for example_nested_branch_dag to 2025-02-24 00:00:00+00:00, run_after=2025-02-25 00:00:00+00:00
[2025-02-25T23:46:29.442+0000] {processor.py:208} INFO - Processing /home/airflow/.local/lib/python3.12/site-packages/airflow/example_dags/example_nested_branch_dag.py took 0.048 seconds
[2025-02-25T23:47:00.306+0000] {processor.py:186} INFO - Started process (PID=674) to work on /home/airflow/.local/lib/python3.12/site-packages/airflow/example_dags/example_nested_branch_dag.py
[2025-02-25T23:47:00.307+0000] {processor.py:914} INFO - Processing file /home/airflow/.local/lib/python3.12/site-packages/airflow/example_dags/example_nested_branch_dag.py for tasks to queue
[2025-02-25T23:47:00.308+0000] {logging_mixin.py:190} INFO - [2025-02-25T23:47:00.308+0000] {dagbag.py:588} INFO - Filling up the DagBag from /home/airflow/.local/lib/python3.12/site-packages/airflow/example_dags/example_nested_branch_dag.py
[2025-02-25T23:47:00.314+0000] {processor.py:925} INFO - DAG(s) 'example_nested_branch_dag' retrieved from /home/airflow/.local/lib/python3.12/site-packages/airflow/example_dags/example_nested_branch_dag.py
[2025-02-25T23:47:00.328+0000] {logging_mixin.py:190} INFO - [2025-02-25T23:47:00.328+0000] {dag.py:3239} INFO - Sync 1 DAGs
[2025-02-25T23:47:00.343+0000] {logging_mixin.py:190} INFO - [2025-02-25T23:47:00.343+0000] {dag.py:4180} INFO - Setting next_dagrun for example_nested_branch_dag to 2025-02-24 00:00:00+00:00, run_after=2025-02-25 00:00:00+00:00
[2025-02-25T23:47:00.353+0000] {processor.py:208} INFO - Processing /home/airflow/.local/lib/python3.12/site-packages/airflow/example_dags/example_nested_branch_dag.py took 0.050 seconds
[2025-02-25T23:47:31.002+0000] {processor.py:186} INFO - Started process (PID=737) to work on /home/airflow/.local/lib/python3.12/site-packages/airflow/example_dags/example_nested_branch_dag.py
[2025-02-25T23:47:31.002+0000] {processor.py:914} INFO - Processing file /home/airflow/.local/lib/python3.12/site-packages/airflow/example_dags/example_nested_branch_dag.py for tasks to queue
[2025-02-25T23:47:31.003+0000] {logging_mixin.py:190} INFO - [2025-02-25T23:47:31.003+0000] {dagbag.py:588} INFO - Filling up the DagBag from /home/airflow/.local/lib/python3.12/site-packages/airflow/example_dags/example_nested_branch_dag.py
[2025-02-25T23:47:31.010+0000] {processor.py:925} INFO - DAG(s) 'example_nested_branch_dag' retrieved from /home/airflow/.local/lib/python3.12/site-packages/airflow/example_dags/example_nested_branch_dag.py
[2025-02-25T23:47:31.023+0000] {logging_mixin.py:190} INFO - [2025-02-25T23:47:31.022+0000] {dag.py:3239} INFO - Sync 1 DAGs
[2025-02-25T23:47:31.036+0000] {logging_mixin.py:190} INFO - [2025-02-25T23:47:31.036+0000] {dag.py:4180} INFO - Setting next_dagrun for example_nested_branch_dag to 2025-02-24 00:00:00+00:00, run_after=2025-02-25 00:00:00+00:00
[2025-02-25T23:47:31.046+0000] {processor.py:208} INFO - Processing /home/airflow/.local/lib/python3.12/site-packages/airflow/example_dags/example_nested_branch_dag.py took 0.048 seconds
[2025-02-25T23:48:01.679+0000] {processor.py:186} INFO - Started process (PID=800) to work on /home/airflow/.local/lib/python3.12/site-packages/airflow/example_dags/example_nested_branch_dag.py
[2025-02-25T23:48:01.680+0000] {processor.py:914} INFO - Processing file /home/airflow/.local/lib/python3.12/site-packages/airflow/example_dags/example_nested_branch_dag.py for tasks to queue
[2025-02-25T23:48:01.682+0000] {logging_mixin.py:190} INFO - [2025-02-25T23:48:01.682+0000] {dagbag.py:588} INFO - Filling up the DagBag from /home/airflow/.local/lib/python3.12/site-packages/airflow/example_dags/example_nested_branch_dag.py
[2025-02-25T23:48:01.688+0000] {processor.py:925} INFO - DAG(s) 'example_nested_branch_dag' retrieved from /home/airflow/.local/lib/python3.12/site-packages/airflow/example_dags/example_nested_branch_dag.py
[2025-02-25T23:48:01.702+0000] {logging_mixin.py:190} INFO - [2025-02-25T23:48:01.702+0000] {dag.py:3239} INFO - Sync 1 DAGs
[2025-02-25T23:48:01.716+0000] {logging_mixin.py:190} INFO - [2025-02-25T23:48:01.716+0000] {dag.py:4180} INFO - Setting next_dagrun for example_nested_branch_dag to 2025-02-24 00:00:00+00:00, run_after=2025-02-25 00:00:00+00:00
[2025-02-25T23:48:01.728+0000] {processor.py:208} INFO - Processing /home/airflow/.local/lib/python3.12/site-packages/airflow/example_dags/example_nested_branch_dag.py took 0.052 seconds
[2025-02-25T23:48:32.605+0000] {processor.py:186} INFO - Started process (PID=863) to work on /home/airflow/.local/lib/python3.12/site-packages/airflow/example_dags/example_nested_branch_dag.py
[2025-02-25T23:48:32.606+0000] {processor.py:914} INFO - Processing file /home/airflow/.local/lib/python3.12/site-packages/airflow/example_dags/example_nested_branch_dag.py for tasks to queue
[2025-02-25T23:48:32.607+0000] {logging_mixin.py:190} INFO - [2025-02-25T23:48:32.607+0000] {dagbag.py:588} INFO - Filling up the DagBag from /home/airflow/.local/lib/python3.12/site-packages/airflow/example_dags/example_nested_branch_dag.py
[2025-02-25T23:48:32.614+0000] {processor.py:925} INFO - DAG(s) 'example_nested_branch_dag' retrieved from /home/airflow/.local/lib/python3.12/site-packages/airflow/example_dags/example_nested_branch_dag.py
[2025-02-25T23:48:32.628+0000] {logging_mixin.py:190} INFO - [2025-02-25T23:48:32.627+0000] {dag.py:3239} INFO - Sync 1 DAGs
[2025-02-25T23:48:32.643+0000] {logging_mixin.py:190} INFO - [2025-02-25T23:48:32.643+0000] {dag.py:4180} INFO - Setting next_dagrun for example_nested_branch_dag to 2025-02-24 00:00:00+00:00, run_after=2025-02-25 00:00:00+00:00
[2025-02-25T23:48:32.654+0000] {processor.py:208} INFO - Processing /home/airflow/.local/lib/python3.12/site-packages/airflow/example_dags/example_nested_branch_dag.py took 0.053 seconds
[2025-02-25T23:49:03.857+0000] {processor.py:186} INFO - Started process (PID=926) to work on /home/airflow/.local/lib/python3.12/site-packages/airflow/example_dags/example_nested_branch_dag.py
[2025-02-25T23:49:03.857+0000] {processor.py:914} INFO - Processing file /home/airflow/.local/lib/python3.12/site-packages/airflow/example_dags/example_nested_branch_dag.py for tasks to queue
[2025-02-25T23:49:03.859+0000] {logging_mixin.py:190} INFO - [2025-02-25T23:49:03.859+0000] {dagbag.py:588} INFO - Filling up the DagBag from /home/airflow/.local/lib/python3.12/site-packages/airflow/example_dags/example_nested_branch_dag.py
[2025-02-25T23:49:03.865+0000] {processor.py:925} INFO - DAG(s) 'example_nested_branch_dag' retrieved from /home/airflow/.local/lib/python3.12/site-packages/airflow/example_dags/example_nested_branch_dag.py
[2025-02-25T23:49:03.878+0000] {logging_mixin.py:190} INFO - [2025-02-25T23:49:03.878+0000] {dag.py:3239} INFO - Sync 1 DAGs
[2025-02-25T23:49:03.891+0000] {logging_mixin.py:190} INFO - [2025-02-25T23:49:03.891+0000] {dag.py:4180} INFO - Setting next_dagrun for example_nested_branch_dag to 2025-02-24 00:00:00+00:00, run_after=2025-02-25 00:00:00+00:00
[2025-02-25T23:49:03.901+0000] {processor.py:208} INFO - Processing /home/airflow/.local/lib/python3.12/site-packages/airflow/example_dags/example_nested_branch_dag.py took 0.048 seconds
[2025-02-25T23:49:34.324+0000] {processor.py:186} INFO - Started process (PID=989) to work on /home/airflow/.local/lib/python3.12/site-packages/airflow/example_dags/example_nested_branch_dag.py
[2025-02-25T23:49:34.325+0000] {processor.py:914} INFO - Processing file /home/airflow/.local/lib/python3.12/site-packages/airflow/example_dags/example_nested_branch_dag.py for tasks to queue
[2025-02-25T23:49:34.326+0000] {logging_mixin.py:190} INFO - [2025-02-25T23:49:34.326+0000] {dagbag.py:588} INFO - Filling up the DagBag from /home/airflow/.local/lib/python3.12/site-packages/airflow/example_dags/example_nested_branch_dag.py
[2025-02-25T23:49:34.333+0000] {processor.py:925} INFO - DAG(s) 'example_nested_branch_dag' retrieved from /home/airflow/.local/lib/python3.12/site-packages/airflow/example_dags/example_nested_branch_dag.py
[2025-02-25T23:49:34.346+0000] {logging_mixin.py:190} INFO - [2025-02-25T23:49:34.346+0000] {dag.py:3239} INFO - Sync 1 DAGs
[2025-02-25T23:49:34.359+0000] {logging_mixin.py:190} INFO - [2025-02-25T23:49:34.359+0000] {dag.py:4180} INFO - Setting next_dagrun for example_nested_branch_dag to 2025-02-24 00:00:00+00:00, run_after=2025-02-25 00:00:00+00:00
[2025-02-25T23:49:34.370+0000] {processor.py:208} INFO - Processing /home/airflow/.local/lib/python3.12/site-packages/airflow/example_dags/example_nested_branch_dag.py took 0.049 seconds
[2025-02-25T23:50:04.969+0000] {processor.py:186} INFO - Started process (PID=1052) to work on /home/airflow/.local/lib/python3.12/site-packages/airflow/example_dags/example_nested_branch_dag.py
[2025-02-25T23:50:04.969+0000] {processor.py:914} INFO - Processing file /home/airflow/.local/lib/python3.12/site-packages/airflow/example_dags/example_nested_branch_dag.py for tasks to queue
[2025-02-25T23:50:04.971+0000] {logging_mixin.py:190} INFO - [2025-02-25T23:50:04.970+0000] {dagbag.py:588} INFO - Filling up the DagBag from /home/airflow/.local/lib/python3.12/site-packages/airflow/example_dags/example_nested_branch_dag.py
[2025-02-25T23:50:04.977+0000] {processor.py:925} INFO - DAG(s) 'example_nested_branch_dag' retrieved from /home/airflow/.local/lib/python3.12/site-packages/airflow/example_dags/example_nested_branch_dag.py
[2025-02-25T23:50:04.991+0000] {logging_mixin.py:190} INFO - [2025-02-25T23:50:04.990+0000] {dag.py:3239} INFO - Sync 1 DAGs
[2025-02-25T23:50:05.004+0000] {logging_mixin.py:190} INFO - [2025-02-25T23:50:05.004+0000] {dag.py:4180} INFO - Setting next_dagrun for example_nested_branch_dag to 2025-02-24 00:00:00+00:00, run_after=2025-02-25 00:00:00+00:00
[2025-02-25T23:50:05.015+0000] {processor.py:208} INFO - Processing /home/airflow/.local/lib/python3.12/site-packages/airflow/example_dags/example_nested_branch_dag.py took 0.050 seconds
[2025-02-25T23:50:35.410+0000] {processor.py:186} INFO - Started process (PID=1114) to work on /home/airflow/.local/lib/python3.12/site-packages/airflow/example_dags/example_nested_branch_dag.py
[2025-02-25T23:50:35.410+0000] {processor.py:914} INFO - Processing file /home/airflow/.local/lib/python3.12/site-packages/airflow/example_dags/example_nested_branch_dag.py for tasks to queue
[2025-02-25T23:50:35.412+0000] {logging_mixin.py:190} INFO - [2025-02-25T23:50:35.412+0000] {dagbag.py:588} INFO - Filling up the DagBag from /home/airflow/.local/lib/python3.12/site-packages/airflow/example_dags/example_nested_branch_dag.py
[2025-02-25T23:50:35.418+0000] {processor.py:925} INFO - DAG(s) 'example_nested_branch_dag' retrieved from /home/airflow/.local/lib/python3.12/site-packages/airflow/example_dags/example_nested_branch_dag.py
[2025-02-25T23:50:35.431+0000] {logging_mixin.py:190} INFO - [2025-02-25T23:50:35.431+0000] {dag.py:3239} INFO - Sync 1 DAGs
[2025-02-25T23:50:35.445+0000] {logging_mixin.py:190} INFO - [2025-02-25T23:50:35.445+0000] {dag.py:4180} INFO - Setting next_dagrun for example_nested_branch_dag to 2025-02-24 00:00:00+00:00, run_after=2025-02-25 00:00:00+00:00
[2025-02-25T23:50:35.461+0000] {processor.py:208} INFO - Processing /home/airflow/.local/lib/python3.12/site-packages/airflow/example_dags/example_nested_branch_dag.py took 0.054 seconds
[2025-02-25T23:51:05.887+0000] {processor.py:186} INFO - Started process (PID=1177) to work on /home/airflow/.local/lib/python3.12/site-packages/airflow/example_dags/example_nested_branch_dag.py
[2025-02-25T23:51:05.888+0000] {processor.py:914} INFO - Processing file /home/airflow/.local/lib/python3.12/site-packages/airflow/example_dags/example_nested_branch_dag.py for tasks to queue
[2025-02-25T23:51:05.889+0000] {logging_mixin.py:190} INFO - [2025-02-25T23:51:05.889+0000] {dagbag.py:588} INFO - Filling up the DagBag from /home/airflow/.local/lib/python3.12/site-packages/airflow/example_dags/example_nested_branch_dag.py
[2025-02-25T23:51:05.896+0000] {processor.py:925} INFO - DAG(s) 'example_nested_branch_dag' retrieved from /home/airflow/.local/lib/python3.12/site-packages/airflow/example_dags/example_nested_branch_dag.py
[2025-02-25T23:51:05.909+0000] {logging_mixin.py:190} INFO - [2025-02-25T23:51:05.909+0000] {dag.py:3239} INFO - Sync 1 DAGs
[2025-02-25T23:51:05.922+0000] {logging_mixin.py:190} INFO - [2025-02-25T23:51:05.922+0000] {dag.py:4180} INFO - Setting next_dagrun for example_nested_branch_dag to 2025-02-24 00:00:00+00:00, run_after=2025-02-25 00:00:00+00:00
[2025-02-25T23:51:05.933+0000] {processor.py:208} INFO - Processing /home/airflow/.local/lib/python3.12/site-packages/airflow/example_dags/example_nested_branch_dag.py took 0.050 seconds
[2025-02-25T23:51:36.445+0000] {processor.py:186} INFO - Started process (PID=1240) to work on /home/airflow/.local/lib/python3.12/site-packages/airflow/example_dags/example_nested_branch_dag.py
[2025-02-25T23:51:36.446+0000] {processor.py:914} INFO - Processing file /home/airflow/.local/lib/python3.12/site-packages/airflow/example_dags/example_nested_branch_dag.py for tasks to queue
[2025-02-25T23:51:36.447+0000] {logging_mixin.py:190} INFO - [2025-02-25T23:51:36.447+0000] {dagbag.py:588} INFO - Filling up the DagBag from /home/airflow/.local/lib/python3.12/site-packages/airflow/example_dags/example_nested_branch_dag.py
[2025-02-25T23:51:36.454+0000] {processor.py:925} INFO - DAG(s) 'example_nested_branch_dag' retrieved from /home/airflow/.local/lib/python3.12/site-packages/airflow/example_dags/example_nested_branch_dag.py
[2025-02-25T23:51:36.467+0000] {logging_mixin.py:190} INFO - [2025-02-25T23:51:36.467+0000] {dag.py:3239} INFO - Sync 1 DAGs
[2025-02-25T23:51:36.481+0000] {logging_mixin.py:190} INFO - [2025-02-25T23:51:36.480+0000] {dag.py:4180} INFO - Setting next_dagrun for example_nested_branch_dag to 2025-02-24 00:00:00+00:00, run_after=2025-02-25 00:00:00+00:00
[2025-02-25T23:51:36.491+0000] {processor.py:208} INFO - Processing /home/airflow/.local/lib/python3.12/site-packages/airflow/example_dags/example_nested_branch_dag.py took 0.050 seconds
[2025-02-25T23:52:07.597+0000] {processor.py:186} INFO - Started process (PID=1304) to work on /home/airflow/.local/lib/python3.12/site-packages/airflow/example_dags/example_nested_branch_dag.py
[2025-02-25T23:52:07.598+0000] {processor.py:914} INFO - Processing file /home/airflow/.local/lib/python3.12/site-packages/airflow/example_dags/example_nested_branch_dag.py for tasks to queue
[2025-02-25T23:52:07.599+0000] {logging_mixin.py:190} INFO - [2025-02-25T23:52:07.599+0000] {dagbag.py:588} INFO - Filling up the DagBag from /home/airflow/.local/lib/python3.12/site-packages/airflow/example_dags/example_nested_branch_dag.py
[2025-02-25T23:52:07.605+0000] {processor.py:925} INFO - DAG(s) 'example_nested_branch_dag' retrieved from /home/airflow/.local/lib/python3.12/site-packages/airflow/example_dags/example_nested_branch_dag.py
[2025-02-25T23:52:07.618+0000] {logging_mixin.py:190} INFO - [2025-02-25T23:52:07.618+0000] {dag.py:3239} INFO - Sync 1 DAGs
[2025-02-25T23:52:07.631+0000] {logging_mixin.py:190} INFO - [2025-02-25T23:52:07.630+0000] {dag.py:4180} INFO - Setting next_dagrun for example_nested_branch_dag to 2025-02-24 00:00:00+00:00, run_after=2025-02-25 00:00:00+00:00
[2025-02-25T23:52:07.645+0000] {processor.py:208} INFO - Processing /home/airflow/.local/lib/python3.12/site-packages/airflow/example_dags/example_nested_branch_dag.py took 0.051 seconds
[2025-02-25T23:52:38.539+0000] {processor.py:186} INFO - Started process (PID=1367) to work on /home/airflow/.local/lib/python3.12/site-packages/airflow/example_dags/example_nested_branch_dag.py
[2025-02-25T23:52:38.539+0000] {processor.py:914} INFO - Processing file /home/airflow/.local/lib/python3.12/site-packages/airflow/example_dags/example_nested_branch_dag.py for tasks to queue
[2025-02-25T23:52:38.540+0000] {logging_mixin.py:190} INFO - [2025-02-25T23:52:38.540+0000] {dagbag.py:588} INFO - Filling up the DagBag from /home/airflow/.local/lib/python3.12/site-packages/airflow/example_dags/example_nested_branch_dag.py
[2025-02-25T23:52:38.546+0000] {processor.py:925} INFO - DAG(s) 'example_nested_branch_dag' retrieved from /home/airflow/.local/lib/python3.12/site-packages/airflow/example_dags/example_nested_branch_dag.py
[2025-02-25T23:52:38.559+0000] {logging_mixin.py:190} INFO - [2025-02-25T23:52:38.559+0000] {dag.py:3239} INFO - Sync 1 DAGs
[2025-02-25T23:52:38.572+0000] {logging_mixin.py:190} INFO - [2025-02-25T23:52:38.572+0000] {dag.py:4180} INFO - Setting next_dagrun for example_nested_branch_dag to 2025-02-24 00:00:00+00:00, run_after=2025-02-25 00:00:00+00:00
[2025-02-25T23:52:38.582+0000] {processor.py:208} INFO - Processing /home/airflow/.local/lib/python3.12/site-packages/airflow/example_dags/example_nested_branch_dag.py took 0.047 seconds
[2025-02-25T23:53:09.515+0000] {processor.py:186} INFO - Started process (PID=1431) to work on /home/airflow/.local/lib/python3.12/site-packages/airflow/example_dags/example_nested_branch_dag.py
[2025-02-25T23:53:09.516+0000] {processor.py:914} INFO - Processing file /home/airflow/.local/lib/python3.12/site-packages/airflow/example_dags/example_nested_branch_dag.py for tasks to queue
[2025-02-25T23:53:09.517+0000] {logging_mixin.py:190} INFO - [2025-02-25T23:53:09.517+0000] {dagbag.py:588} INFO - Filling up the DagBag from /home/airflow/.local/lib/python3.12/site-packages/airflow/example_dags/example_nested_branch_dag.py
[2025-02-25T23:53:09.523+0000] {processor.py:925} INFO - DAG(s) 'example_nested_branch_dag' retrieved from /home/airflow/.local/lib/python3.12/site-packages/airflow/example_dags/example_nested_branch_dag.py
[2025-02-25T23:53:09.536+0000] {logging_mixin.py:190} INFO - [2025-02-25T23:53:09.536+0000] {dag.py:3239} INFO - Sync 1 DAGs
[2025-02-25T23:53:09.550+0000] {logging_mixin.py:190} INFO - [2025-02-25T23:53:09.550+0000] {dag.py:4180} INFO - Setting next_dagrun for example_nested_branch_dag to 2025-02-24 00:00:00+00:00, run_after=2025-02-25 00:00:00+00:00
[2025-02-25T23:53:09.561+0000] {processor.py:208} INFO - Processing /home/airflow/.local/lib/python3.12/site-packages/airflow/example_dags/example_nested_branch_dag.py took 0.049 seconds
[2025-02-25T23:53:40.532+0000] {processor.py:186} INFO - Started process (PID=1494) to work on /home/airflow/.local/lib/python3.12/site-packages/airflow/example_dags/example_nested_branch_dag.py
[2025-02-25T23:53:40.533+0000] {processor.py:914} INFO - Processing file /home/airflow/.local/lib/python3.12/site-packages/airflow/example_dags/example_nested_branch_dag.py for tasks to queue
[2025-02-25T23:53:40.534+0000] {logging_mixin.py:190} INFO - [2025-02-25T23:53:40.534+0000] {dagbag.py:588} INFO - Filling up the DagBag from /home/airflow/.local/lib/python3.12/site-packages/airflow/example_dags/example_nested_branch_dag.py
[2025-02-25T23:53:40.541+0000] {processor.py:925} INFO - DAG(s) 'example_nested_branch_dag' retrieved from /home/airflow/.local/lib/python3.12/site-packages/airflow/example_dags/example_nested_branch_dag.py
[2025-02-25T23:53:40.553+0000] {logging_mixin.py:190} INFO - [2025-02-25T23:53:40.553+0000] {dag.py:3239} INFO - Sync 1 DAGs
[2025-02-25T23:53:40.566+0000] {logging_mixin.py:190} INFO - [2025-02-25T23:53:40.566+0000] {dag.py:4180} INFO - Setting next_dagrun for example_nested_branch_dag to 2025-02-24 00:00:00+00:00, run_after=2025-02-25 00:00:00+00:00
[2025-02-25T23:53:40.583+0000] {processor.py:208} INFO - Processing /home/airflow/.local/lib/python3.12/site-packages/airflow/example_dags/example_nested_branch_dag.py took 0.054 seconds
[2025-02-25T23:54:11.356+0000] {processor.py:186} INFO - Started process (PID=1557) to work on /home/airflow/.local/lib/python3.12/site-packages/airflow/example_dags/example_nested_branch_dag.py
[2025-02-25T23:54:11.357+0000] {processor.py:914} INFO - Processing file /home/airflow/.local/lib/python3.12/site-packages/airflow/example_dags/example_nested_branch_dag.py for tasks to queue
[2025-02-25T23:54:11.358+0000] {logging_mixin.py:190} INFO - [2025-02-25T23:54:11.358+0000] {dagbag.py:588} INFO - Filling up the DagBag from /home/airflow/.local/lib/python3.12/site-packages/airflow/example_dags/example_nested_branch_dag.py
[2025-02-25T23:54:11.368+0000] {processor.py:925} INFO - DAG(s) 'example_nested_branch_dag' retrieved from /home/airflow/.local/lib/python3.12/site-packages/airflow/example_dags/example_nested_branch_dag.py
[2025-02-25T23:54:11.390+0000] {logging_mixin.py:190} INFO - [2025-02-25T23:54:11.390+0000] {dag.py:3239} INFO - Sync 1 DAGs
[2025-02-25T23:54:11.408+0000] {logging_mixin.py:190} INFO - [2025-02-25T23:54:11.408+0000] {dag.py:4180} INFO - Setting next_dagrun for example_nested_branch_dag to 2025-02-24 00:00:00+00:00, run_after=2025-02-25 00:00:00+00:00
[2025-02-25T23:54:11.419+0000] {processor.py:208} INFO - Processing /home/airflow/.local/lib/python3.12/site-packages/airflow/example_dags/example_nested_branch_dag.py took 0.066 seconds
[2025-02-25T23:54:42.394+0000] {processor.py:186} INFO - Started process (PID=1620) to work on /home/airflow/.local/lib/python3.12/site-packages/airflow/example_dags/example_nested_branch_dag.py
[2025-02-25T23:54:42.395+0000] {processor.py:914} INFO - Processing file /home/airflow/.local/lib/python3.12/site-packages/airflow/example_dags/example_nested_branch_dag.py for tasks to queue
[2025-02-25T23:54:42.396+0000] {logging_mixin.py:190} INFO - [2025-02-25T23:54:42.395+0000] {dagbag.py:588} INFO - Filling up the DagBag from /home/airflow/.local/lib/python3.12/site-packages/airflow/example_dags/example_nested_branch_dag.py
[2025-02-25T23:54:42.402+0000] {processor.py:925} INFO - DAG(s) 'example_nested_branch_dag' retrieved from /home/airflow/.local/lib/python3.12/site-packages/airflow/example_dags/example_nested_branch_dag.py
[2025-02-25T23:54:42.416+0000] {logging_mixin.py:190} INFO - [2025-02-25T23:54:42.416+0000] {dag.py:3239} INFO - Sync 1 DAGs
[2025-02-25T23:54:42.430+0000] {logging_mixin.py:190} INFO - [2025-02-25T23:54:42.430+0000] {dag.py:4180} INFO - Setting next_dagrun for example_nested_branch_dag to 2025-02-24 00:00:00+00:00, run_after=2025-02-25 00:00:00+00:00
[2025-02-25T23:54:42.440+0000] {processor.py:208} INFO - Processing /home/airflow/.local/lib/python3.12/site-packages/airflow/example_dags/example_nested_branch_dag.py took 0.049 seconds
[2025-02-25T23:55:16.768+0000] {processor.py:186} INFO - Started process (PID=1683) to work on /home/airflow/.local/lib/python3.12/site-packages/airflow/example_dags/example_nested_branch_dag.py
[2025-02-25T23:55:16.768+0000] {processor.py:914} INFO - Processing file /home/airflow/.local/lib/python3.12/site-packages/airflow/example_dags/example_nested_branch_dag.py for tasks to queue
[2025-02-25T23:55:16.770+0000] {logging_mixin.py:190} INFO - [2025-02-25T23:55:16.770+0000] {dagbag.py:588} INFO - Filling up the DagBag from /home/airflow/.local/lib/python3.12/site-packages/airflow/example_dags/example_nested_branch_dag.py
[2025-02-25T23:55:16.777+0000] {processor.py:925} INFO - DAG(s) 'example_nested_branch_dag' retrieved from /home/airflow/.local/lib/python3.12/site-packages/airflow/example_dags/example_nested_branch_dag.py
[2025-02-25T23:55:16.791+0000] {logging_mixin.py:190} INFO - [2025-02-25T23:55:16.791+0000] {dag.py:3239} INFO - Sync 1 DAGs
[2025-02-25T23:55:16.805+0000] {logging_mixin.py:190} INFO - [2025-02-25T23:55:16.805+0000] {dag.py:4180} INFO - Setting next_dagrun for example_nested_branch_dag to 2025-02-24 00:00:00+00:00, run_after=2025-02-25 00:00:00+00:00
[2025-02-25T23:55:16.815+0000] {processor.py:208} INFO - Processing /home/airflow/.local/lib/python3.12/site-packages/airflow/example_dags/example_nested_branch_dag.py took 0.051 seconds
[2025-02-25T23:55:47.645+0000] {processor.py:186} INFO - Started process (PID=1746) to work on /home/airflow/.local/lib/python3.12/site-packages/airflow/example_dags/example_nested_branch_dag.py
[2025-02-25T23:55:47.646+0000] {processor.py:914} INFO - Processing file /home/airflow/.local/lib/python3.12/site-packages/airflow/example_dags/example_nested_branch_dag.py for tasks to queue
[2025-02-25T23:55:47.647+0000] {logging_mixin.py:190} INFO - [2025-02-25T23:55:47.647+0000] {dagbag.py:588} INFO - Filling up the DagBag from /home/airflow/.local/lib/python3.12/site-packages/airflow/example_dags/example_nested_branch_dag.py
[2025-02-25T23:55:47.654+0000] {processor.py:925} INFO - DAG(s) 'example_nested_branch_dag' retrieved from /home/airflow/.local/lib/python3.12/site-packages/airflow/example_dags/example_nested_branch_dag.py
[2025-02-25T23:55:47.668+0000] {logging_mixin.py:190} INFO - [2025-02-25T23:55:47.668+0000] {dag.py:3239} INFO - Sync 1 DAGs
[2025-02-25T23:55:47.683+0000] {logging_mixin.py:190} INFO - [2025-02-25T23:55:47.683+0000] {dag.py:4180} INFO - Setting next_dagrun for example_nested_branch_dag to 2025-02-24 00:00:00+00:00, run_after=2025-02-25 00:00:00+00:00
[2025-02-25T23:55:47.697+0000] {processor.py:208} INFO - Processing /home/airflow/.local/lib/python3.12/site-packages/airflow/example_dags/example_nested_branch_dag.py took 0.056 seconds
[2025-02-25T23:56:18.479+0000] {processor.py:186} INFO - Started process (PID=1809) to work on /home/airflow/.local/lib/python3.12/site-packages/airflow/example_dags/example_nested_branch_dag.py
[2025-02-25T23:56:18.479+0000] {processor.py:914} INFO - Processing file /home/airflow/.local/lib/python3.12/site-packages/airflow/example_dags/example_nested_branch_dag.py for tasks to queue
[2025-02-25T23:56:18.481+0000] {logging_mixin.py:190} INFO - [2025-02-25T23:56:18.480+0000] {dagbag.py:588} INFO - Filling up the DagBag from /home/airflow/.local/lib/python3.12/site-packages/airflow/example_dags/example_nested_branch_dag.py
[2025-02-25T23:56:18.486+0000] {processor.py:925} INFO - DAG(s) 'example_nested_branch_dag' retrieved from /home/airflow/.local/lib/python3.12/site-packages/airflow/example_dags/example_nested_branch_dag.py
[2025-02-25T23:56:18.499+0000] {logging_mixin.py:190} INFO - [2025-02-25T23:56:18.498+0000] {dag.py:3239} INFO - Sync 1 DAGs
[2025-02-25T23:56:18.512+0000] {logging_mixin.py:190} INFO - [2025-02-25T23:56:18.511+0000] {dag.py:4180} INFO - Setting next_dagrun for example_nested_branch_dag to 2025-02-24 00:00:00+00:00, run_after=2025-02-25 00:00:00+00:00
[2025-02-25T23:56:18.523+0000] {processor.py:208} INFO - Processing /home/airflow/.local/lib/python3.12/site-packages/airflow/example_dags/example_nested_branch_dag.py took 0.047 seconds
[2025-02-25T23:56:48.578+0000] {processor.py:186} INFO - Started process (PID=1865) to work on /home/airflow/.local/lib/python3.12/site-packages/airflow/example_dags/example_nested_branch_dag.py
[2025-02-25T23:56:48.579+0000] {processor.py:914} INFO - Processing file /home/airflow/.local/lib/python3.12/site-packages/airflow/example_dags/example_nested_branch_dag.py for tasks to queue
[2025-02-25T23:56:48.580+0000] {logging_mixin.py:190} INFO - [2025-02-25T23:56:48.580+0000] {dagbag.py:588} INFO - Filling up the DagBag from /home/airflow/.local/lib/python3.12/site-packages/airflow/example_dags/example_nested_branch_dag.py
[2025-02-25T23:56:48.587+0000] {processor.py:925} INFO - DAG(s) 'example_nested_branch_dag' retrieved from /home/airflow/.local/lib/python3.12/site-packages/airflow/example_dags/example_nested_branch_dag.py
[2025-02-25T23:56:48.599+0000] {logging_mixin.py:190} INFO - [2025-02-25T23:56:48.599+0000] {dag.py:3239} INFO - Sync 1 DAGs
[2025-02-25T23:56:48.613+0000] {logging_mixin.py:190} INFO - [2025-02-25T23:56:48.612+0000] {dag.py:4180} INFO - Setting next_dagrun for example_nested_branch_dag to 2025-02-24 00:00:00+00:00, run_after=2025-02-25 00:00:00+00:00
[2025-02-25T23:56:48.624+0000] {processor.py:208} INFO - Processing /home/airflow/.local/lib/python3.12/site-packages/airflow/example_dags/example_nested_branch_dag.py took 0.050 seconds
[2025-02-25T23:57:19.552+0000] {processor.py:186} INFO - Started process (PID=1928) to work on /home/airflow/.local/lib/python3.12/site-packages/airflow/example_dags/example_nested_branch_dag.py
[2025-02-25T23:57:19.561+0000] {processor.py:914} INFO - Processing file /home/airflow/.local/lib/python3.12/site-packages/airflow/example_dags/example_nested_branch_dag.py for tasks to queue
[2025-02-25T23:57:19.562+0000] {logging_mixin.py:190} INFO - [2025-02-25T23:57:19.562+0000] {dagbag.py:588} INFO - Filling up the DagBag from /home/airflow/.local/lib/python3.12/site-packages/airflow/example_dags/example_nested_branch_dag.py
[2025-02-25T23:57:19.569+0000] {processor.py:925} INFO - DAG(s) 'example_nested_branch_dag' retrieved from /home/airflow/.local/lib/python3.12/site-packages/airflow/example_dags/example_nested_branch_dag.py
[2025-02-25T23:57:19.582+0000] {logging_mixin.py:190} INFO - [2025-02-25T23:57:19.581+0000] {dag.py:3239} INFO - Sync 1 DAGs
[2025-02-25T23:57:19.595+0000] {logging_mixin.py:190} INFO - [2025-02-25T23:57:19.595+0000] {dag.py:4180} INFO - Setting next_dagrun for example_nested_branch_dag to 2025-02-24 00:00:00+00:00, run_after=2025-02-25 00:00:00+00:00
[2025-02-25T23:57:19.611+0000] {processor.py:208} INFO - Processing /home/airflow/.local/lib/python3.12/site-packages/airflow/example_dags/example_nested_branch_dag.py took 0.062 seconds
[2025-02-25T23:57:50.430+0000] {processor.py:186} INFO - Started process (PID=1991) to work on /home/airflow/.local/lib/python3.12/site-packages/airflow/example_dags/example_nested_branch_dag.py
[2025-02-25T23:57:50.431+0000] {processor.py:914} INFO - Processing file /home/airflow/.local/lib/python3.12/site-packages/airflow/example_dags/example_nested_branch_dag.py for tasks to queue
[2025-02-25T23:57:50.433+0000] {logging_mixin.py:190} INFO - [2025-02-25T23:57:50.432+0000] {dagbag.py:588} INFO - Filling up the DagBag from /home/airflow/.local/lib/python3.12/site-packages/airflow/example_dags/example_nested_branch_dag.py
[2025-02-25T23:57:50.439+0000] {processor.py:925} INFO - DAG(s) 'example_nested_branch_dag' retrieved from /home/airflow/.local/lib/python3.12/site-packages/airflow/example_dags/example_nested_branch_dag.py
[2025-02-25T23:57:50.452+0000] {logging_mixin.py:190} INFO - [2025-02-25T23:57:50.452+0000] {dag.py:3239} INFO - Sync 1 DAGs
[2025-02-25T23:57:50.466+0000] {logging_mixin.py:190} INFO - [2025-02-25T23:57:50.466+0000] {dag.py:4180} INFO - Setting next_dagrun for example_nested_branch_dag to 2025-02-24 00:00:00+00:00, run_after=2025-02-25 00:00:00+00:00
[2025-02-25T23:57:50.480+0000] {processor.py:208} INFO - Processing /home/airflow/.local/lib/python3.12/site-packages/airflow/example_dags/example_nested_branch_dag.py took 0.052 seconds
[2025-02-25T23:58:21.137+0000] {processor.py:186} INFO - Started process (PID=2054) to work on /home/airflow/.local/lib/python3.12/site-packages/airflow/example_dags/example_nested_branch_dag.py
[2025-02-25T23:58:21.139+0000] {processor.py:914} INFO - Processing file /home/airflow/.local/lib/python3.12/site-packages/airflow/example_dags/example_nested_branch_dag.py for tasks to queue
[2025-02-25T23:58:21.140+0000] {logging_mixin.py:190} INFO - [2025-02-25T23:58:21.140+0000] {dagbag.py:588} INFO - Filling up the DagBag from /home/airflow/.local/lib/python3.12/site-packages/airflow/example_dags/example_nested_branch_dag.py
[2025-02-25T23:58:21.147+0000] {processor.py:925} INFO - DAG(s) 'example_nested_branch_dag' retrieved from /home/airflow/.local/lib/python3.12/site-packages/airflow/example_dags/example_nested_branch_dag.py
[2025-02-25T23:58:21.161+0000] {logging_mixin.py:190} INFO - [2025-02-25T23:58:21.161+0000] {dag.py:3239} INFO - Sync 1 DAGs
[2025-02-25T23:58:21.176+0000] {logging_mixin.py:190} INFO - [2025-02-25T23:58:21.175+0000] {dag.py:4180} INFO - Setting next_dagrun for example_nested_branch_dag to 2025-02-24 00:00:00+00:00, run_after=2025-02-25 00:00:00+00:00
[2025-02-25T23:58:21.185+0000] {processor.py:208} INFO - Processing /home/airflow/.local/lib/python3.12/site-packages/airflow/example_dags/example_nested_branch_dag.py took 0.052 seconds
[2025-02-25T23:58:51.807+0000] {processor.py:186} INFO - Started process (PID=2117) to work on /home/airflow/.local/lib/python3.12/site-packages/airflow/example_dags/example_nested_branch_dag.py
[2025-02-25T23:58:51.808+0000] {processor.py:914} INFO - Processing file /home/airflow/.local/lib/python3.12/site-packages/airflow/example_dags/example_nested_branch_dag.py for tasks to queue
[2025-02-25T23:58:51.809+0000] {logging_mixin.py:190} INFO - [2025-02-25T23:58:51.809+0000] {dagbag.py:588} INFO - Filling up the DagBag from /home/airflow/.local/lib/python3.12/site-packages/airflow/example_dags/example_nested_branch_dag.py
[2025-02-25T23:58:51.816+0000] {processor.py:925} INFO - DAG(s) 'example_nested_branch_dag' retrieved from /home/airflow/.local/lib/python3.12/site-packages/airflow/example_dags/example_nested_branch_dag.py
[2025-02-25T23:58:51.829+0000] {logging_mixin.py:190} INFO - [2025-02-25T23:58:51.829+0000] {dag.py:3239} INFO - Sync 1 DAGs
[2025-02-25T23:58:51.842+0000] {logging_mixin.py:190} INFO - [2025-02-25T23:58:51.842+0000] {dag.py:4180} INFO - Setting next_dagrun for example_nested_branch_dag to 2025-02-24 00:00:00+00:00, run_after=2025-02-25 00:00:00+00:00
[2025-02-25T23:58:51.854+0000] {processor.py:208} INFO - Processing /home/airflow/.local/lib/python3.12/site-packages/airflow/example_dags/example_nested_branch_dag.py took 0.050 seconds
[2025-02-25T23:59:22.439+0000] {processor.py:186} INFO - Started process (PID=2180) to work on /home/airflow/.local/lib/python3.12/site-packages/airflow/example_dags/example_nested_branch_dag.py
[2025-02-25T23:59:22.440+0000] {processor.py:914} INFO - Processing file /home/airflow/.local/lib/python3.12/site-packages/airflow/example_dags/example_nested_branch_dag.py for tasks to queue
[2025-02-25T23:59:22.441+0000] {logging_mixin.py:190} INFO - [2025-02-25T23:59:22.441+0000] {dagbag.py:588} INFO - Filling up the DagBag from /home/airflow/.local/lib/python3.12/site-packages/airflow/example_dags/example_nested_branch_dag.py
[2025-02-25T23:59:22.448+0000] {processor.py:925} INFO - DAG(s) 'example_nested_branch_dag' retrieved from /home/airflow/.local/lib/python3.12/site-packages/airflow/example_dags/example_nested_branch_dag.py
[2025-02-25T23:59:22.461+0000] {logging_mixin.py:190} INFO - [2025-02-25T23:59:22.461+0000] {dag.py:3239} INFO - Sync 1 DAGs
[2025-02-25T23:59:22.476+0000] {logging_mixin.py:190} INFO - [2025-02-25T23:59:22.476+0000] {dag.py:4180} INFO - Setting next_dagrun for example_nested_branch_dag to 2025-02-24 00:00:00+00:00, run_after=2025-02-25 00:00:00+00:00
[2025-02-25T23:59:22.491+0000] {processor.py:208} INFO - Processing /home/airflow/.local/lib/python3.12/site-packages/airflow/example_dags/example_nested_branch_dag.py took 0.056 seconds
[2025-02-25T23:59:56.926+0000] {processor.py:186} INFO - Started process (PID=2243) to work on /home/airflow/.local/lib/python3.12/site-packages/airflow/example_dags/example_nested_branch_dag.py
[2025-02-25T23:59:56.927+0000] {processor.py:914} INFO - Processing file /home/airflow/.local/lib/python3.12/site-packages/airflow/example_dags/example_nested_branch_dag.py for tasks to queue
[2025-02-25T23:59:56.928+0000] {logging_mixin.py:190} INFO - [2025-02-25T23:59:56.928+0000] {dagbag.py:588} INFO - Filling up the DagBag from /home/airflow/.local/lib/python3.12/site-packages/airflow/example_dags/example_nested_branch_dag.py
[2025-02-25T23:59:56.935+0000] {processor.py:925} INFO - DAG(s) 'example_nested_branch_dag' retrieved from /home/airflow/.local/lib/python3.12/site-packages/airflow/example_dags/example_nested_branch_dag.py
[2025-02-25T23:59:56.947+0000] {logging_mixin.py:190} INFO - [2025-02-25T23:59:56.947+0000] {dag.py:3239} INFO - Sync 1 DAGs
[2025-02-25T23:59:56.961+0000] {logging_mixin.py:190} INFO - [2025-02-25T23:59:56.961+0000] {dag.py:4180} INFO - Setting next_dagrun for example_nested_branch_dag to 2025-02-24 00:00:00+00:00, run_after=2025-02-25 00:00:00+00:00
[2025-02-25T23:59:56.971+0000] {processor.py:208} INFO - Processing /home/airflow/.local/lib/python3.12/site-packages/airflow/example_dags/example_nested_branch_dag.py took 0.048 seconds
