[2025-02-25T23:22:15.433+0000] {processor.py:186} INFO - Started process (PID=62) to work on /home/airflow/.local/lib/python3.12/site-packages/airflow/example_dags/tutorial.py
[2025-02-25T23:22:15.433+0000] {processor.py:914} INFO - Processing file /home/airflow/.local/lib/python3.12/site-packages/airflow/example_dags/tutorial.py for tasks to queue
[2025-02-25T23:22:15.434+0000] {logging_mixin.py:190} INFO - [2025-02-25T23:22:15.434+0000] {dagbag.py:588} INFO - Filling up the DagBag from /home/airflow/.local/lib/python3.12/site-packages/airflow/example_dags/tutorial.py
[2025-02-25T23:22:15.439+0000] {processor.py:925} INFO - DAG(s) 'tutorial' retrieved from /home/airflow/.local/lib/python3.12/site-packages/airflow/example_dags/tutorial.py
[2025-02-25T23:22:15.500+0000] {logging_mixin.py:190} INFO - [2025-02-25T23:22:15.499+0000] {override.py:1912} INFO - Created Permission View: can edit on DAG:tutorial
[2025-02-25T23:22:15.506+0000] {logging_mixin.py:190} INFO - [2025-02-25T23:22:15.505+0000] {override.py:1912} INFO - Created Permission View: can delete on DAG:tutorial
[2025-02-25T23:22:15.509+0000] {logging_mixin.py:190} INFO - [2025-02-25T23:22:15.509+0000] {override.py:1912} INFO - Created Permission View: can read on DAG:tutorial
[2025-02-25T23:22:15.513+0000] {logging_mixin.py:190} INFO - [2025-02-25T23:22:15.513+0000] {override.py:1912} INFO - Created Permission View: can delete on DAG Run:tutorial
[2025-02-25T23:22:15.516+0000] {logging_mixin.py:190} INFO - [2025-02-25T23:22:15.516+0000] {override.py:1912} INFO - Created Permission View: can read on DAG Run:tutorial
[2025-02-25T23:22:15.520+0000] {logging_mixin.py:190} INFO - [2025-02-25T23:22:15.519+0000] {override.py:1912} INFO - Created Permission View: menu access on DAG Run:tutorial
[2025-02-25T23:22:15.523+0000] {logging_mixin.py:190} INFO - [2025-02-25T23:22:15.523+0000] {override.py:1912} INFO - Created Permission View: can create on DAG Run:tutorial
[2025-02-25T23:22:15.523+0000] {logging_mixin.py:190} INFO - [2025-02-25T23:22:15.523+0000] {dag.py:3239} INFO - Sync 1 DAGs
[2025-02-25T23:22:15.530+0000] {logging_mixin.py:190} INFO - [2025-02-25T23:22:15.530+0000] {dag.py:3262} INFO - Creating ORM DAG for tutorial
[2025-02-25T23:22:15.535+0000] {logging_mixin.py:190} INFO - [2025-02-25T23:22:15.535+0000] {dag.py:4180} INFO - Setting next_dagrun for tutorial to 2025-02-24 00:00:00+00:00, run_after=2025-02-25 00:00:00+00:00
[2025-02-25T23:22:15.543+0000] {processor.py:208} INFO - Processing /home/airflow/.local/lib/python3.12/site-packages/airflow/example_dags/tutorial.py took 0.114 seconds
[2025-02-25T23:22:45.960+0000] {processor.py:186} INFO - Started process (PID=125) to work on /home/airflow/.local/lib/python3.12/site-packages/airflow/example_dags/tutorial.py
[2025-02-25T23:22:45.961+0000] {processor.py:914} INFO - Processing file /home/airflow/.local/lib/python3.12/site-packages/airflow/example_dags/tutorial.py for tasks to queue
[2025-02-25T23:22:45.963+0000] {logging_mixin.py:190} INFO - [2025-02-25T23:22:45.962+0000] {dagbag.py:588} INFO - Filling up the DagBag from /home/airflow/.local/lib/python3.12/site-packages/airflow/example_dags/tutorial.py
[2025-02-25T23:22:45.967+0000] {processor.py:925} INFO - DAG(s) 'tutorial' retrieved from /home/airflow/.local/lib/python3.12/site-packages/airflow/example_dags/tutorial.py
[2025-02-25T23:22:45.980+0000] {logging_mixin.py:190} INFO - [2025-02-25T23:22:45.980+0000] {dag.py:3239} INFO - Sync 1 DAGs
[2025-02-25T23:22:45.993+0000] {logging_mixin.py:190} INFO - [2025-02-25T23:22:45.992+0000] {dag.py:4180} INFO - Setting next_dagrun for tutorial to 2025-02-24 00:00:00+00:00, run_after=2025-02-25 00:00:00+00:00
[2025-02-25T23:22:46.004+0000] {processor.py:208} INFO - Processing /home/airflow/.local/lib/python3.12/site-packages/airflow/example_dags/tutorial.py took 0.046 seconds
[2025-02-25T23:23:16.865+0000] {processor.py:186} INFO - Started process (PID=188) to work on /home/airflow/.local/lib/python3.12/site-packages/airflow/example_dags/tutorial.py
[2025-02-25T23:23:16.866+0000] {processor.py:914} INFO - Processing file /home/airflow/.local/lib/python3.12/site-packages/airflow/example_dags/tutorial.py for tasks to queue
[2025-02-25T23:23:16.867+0000] {logging_mixin.py:190} INFO - [2025-02-25T23:23:16.867+0000] {dagbag.py:588} INFO - Filling up the DagBag from /home/airflow/.local/lib/python3.12/site-packages/airflow/example_dags/tutorial.py
[2025-02-25T23:23:16.872+0000] {processor.py:925} INFO - DAG(s) 'tutorial' retrieved from /home/airflow/.local/lib/python3.12/site-packages/airflow/example_dags/tutorial.py
[2025-02-25T23:23:16.884+0000] {logging_mixin.py:190} INFO - [2025-02-25T23:23:16.884+0000] {dag.py:3239} INFO - Sync 1 DAGs
[2025-02-25T23:23:16.897+0000] {logging_mixin.py:190} INFO - [2025-02-25T23:23:16.897+0000] {dag.py:4180} INFO - Setting next_dagrun for tutorial to 2025-02-24 00:00:00+00:00, run_after=2025-02-25 00:00:00+00:00
[2025-02-25T23:23:16.906+0000] {processor.py:208} INFO - Processing /home/airflow/.local/lib/python3.12/site-packages/airflow/example_dags/tutorial.py took 0.044 seconds
[2025-02-25T23:23:47.696+0000] {processor.py:186} INFO - Started process (PID=251) to work on /home/airflow/.local/lib/python3.12/site-packages/airflow/example_dags/tutorial.py
[2025-02-25T23:23:47.697+0000] {processor.py:914} INFO - Processing file /home/airflow/.local/lib/python3.12/site-packages/airflow/example_dags/tutorial.py for tasks to queue
[2025-02-25T23:23:47.698+0000] {logging_mixin.py:190} INFO - [2025-02-25T23:23:47.698+0000] {dagbag.py:588} INFO - Filling up the DagBag from /home/airflow/.local/lib/python3.12/site-packages/airflow/example_dags/tutorial.py
[2025-02-25T23:23:47.703+0000] {processor.py:925} INFO - DAG(s) 'tutorial' retrieved from /home/airflow/.local/lib/python3.12/site-packages/airflow/example_dags/tutorial.py
[2025-02-25T23:23:47.714+0000] {logging_mixin.py:190} INFO - [2025-02-25T23:23:47.714+0000] {dag.py:3239} INFO - Sync 1 DAGs
[2025-02-25T23:23:47.728+0000] {logging_mixin.py:190} INFO - [2025-02-25T23:23:47.728+0000] {dag.py:4180} INFO - Setting next_dagrun for tutorial to 2025-02-24 00:00:00+00:00, run_after=2025-02-25 00:00:00+00:00
[2025-02-25T23:23:47.745+0000] {processor.py:208} INFO - Processing /home/airflow/.local/lib/python3.12/site-packages/airflow/example_dags/tutorial.py took 0.053 seconds
[2025-02-25T23:24:18.354+0000] {processor.py:186} INFO - Started process (PID=314) to work on /home/airflow/.local/lib/python3.12/site-packages/airflow/example_dags/tutorial.py
[2025-02-25T23:24:18.355+0000] {processor.py:914} INFO - Processing file /home/airflow/.local/lib/python3.12/site-packages/airflow/example_dags/tutorial.py for tasks to queue
[2025-02-25T23:24:18.356+0000] {logging_mixin.py:190} INFO - [2025-02-25T23:24:18.356+0000] {dagbag.py:588} INFO - Filling up the DagBag from /home/airflow/.local/lib/python3.12/site-packages/airflow/example_dags/tutorial.py
[2025-02-25T23:24:18.361+0000] {processor.py:925} INFO - DAG(s) 'tutorial' retrieved from /home/airflow/.local/lib/python3.12/site-packages/airflow/example_dags/tutorial.py
[2025-02-25T23:24:18.373+0000] {logging_mixin.py:190} INFO - [2025-02-25T23:24:18.373+0000] {dag.py:3239} INFO - Sync 1 DAGs
[2025-02-25T23:24:18.386+0000] {logging_mixin.py:190} INFO - [2025-02-25T23:24:18.385+0000] {dag.py:4180} INFO - Setting next_dagrun for tutorial to 2025-02-24 00:00:00+00:00, run_after=2025-02-25 00:00:00+00:00
[2025-02-25T23:24:18.397+0000] {processor.py:208} INFO - Processing /home/airflow/.local/lib/python3.12/site-packages/airflow/example_dags/tutorial.py took 0.046 seconds
[2025-02-25T23:24:49.169+0000] {processor.py:186} INFO - Started process (PID=377) to work on /home/airflow/.local/lib/python3.12/site-packages/airflow/example_dags/tutorial.py
[2025-02-25T23:24:49.170+0000] {processor.py:914} INFO - Processing file /home/airflow/.local/lib/python3.12/site-packages/airflow/example_dags/tutorial.py for tasks to queue
[2025-02-25T23:24:49.172+0000] {logging_mixin.py:190} INFO - [2025-02-25T23:24:49.171+0000] {dagbag.py:588} INFO - Filling up the DagBag from /home/airflow/.local/lib/python3.12/site-packages/airflow/example_dags/tutorial.py
[2025-02-25T23:24:49.176+0000] {processor.py:925} INFO - DAG(s) 'tutorial' retrieved from /home/airflow/.local/lib/python3.12/site-packages/airflow/example_dags/tutorial.py
[2025-02-25T23:24:49.188+0000] {logging_mixin.py:190} INFO - [2025-02-25T23:24:49.188+0000] {dag.py:3239} INFO - Sync 1 DAGs
[2025-02-25T23:24:49.200+0000] {logging_mixin.py:190} INFO - [2025-02-25T23:24:49.200+0000] {dag.py:4180} INFO - Setting next_dagrun for tutorial to 2025-02-24 00:00:00+00:00, run_after=2025-02-25 00:00:00+00:00
[2025-02-25T23:24:49.211+0000] {processor.py:208} INFO - Processing /home/airflow/.local/lib/python3.12/site-packages/airflow/example_dags/tutorial.py took 0.045 seconds
[2025-02-25T23:25:22.151+0000] {processor.py:186} INFO - Started process (PID=440) to work on /home/airflow/.local/lib/python3.12/site-packages/airflow/example_dags/tutorial.py
[2025-02-25T23:25:22.151+0000] {processor.py:914} INFO - Processing file /home/airflow/.local/lib/python3.12/site-packages/airflow/example_dags/tutorial.py for tasks to queue
[2025-02-25T23:25:22.153+0000] {logging_mixin.py:190} INFO - [2025-02-25T23:25:22.152+0000] {dagbag.py:588} INFO - Filling up the DagBag from /home/airflow/.local/lib/python3.12/site-packages/airflow/example_dags/tutorial.py
[2025-02-25T23:25:22.157+0000] {processor.py:925} INFO - DAG(s) 'tutorial' retrieved from /home/airflow/.local/lib/python3.12/site-packages/airflow/example_dags/tutorial.py
[2025-02-25T23:25:22.168+0000] {logging_mixin.py:190} INFO - [2025-02-25T23:25:22.168+0000] {dag.py:3239} INFO - Sync 1 DAGs
[2025-02-25T23:25:22.180+0000] {logging_mixin.py:190} INFO - [2025-02-25T23:25:22.180+0000] {dag.py:4180} INFO - Setting next_dagrun for tutorial to 2025-02-24 00:00:00+00:00, run_after=2025-02-25 00:00:00+00:00
[2025-02-25T23:25:22.190+0000] {processor.py:208} INFO - Processing /home/airflow/.local/lib/python3.12/site-packages/airflow/example_dags/tutorial.py took 0.042 seconds
[2025-02-25T23:25:56.273+0000] {processor.py:186} INFO - Started process (PID=503) to work on /home/airflow/.local/lib/python3.12/site-packages/airflow/example_dags/tutorial.py
[2025-02-25T23:25:56.274+0000] {processor.py:914} INFO - Processing file /home/airflow/.local/lib/python3.12/site-packages/airflow/example_dags/tutorial.py for tasks to queue
[2025-02-25T23:25:56.275+0000] {logging_mixin.py:190} INFO - [2025-02-25T23:25:56.275+0000] {dagbag.py:588} INFO - Filling up the DagBag from /home/airflow/.local/lib/python3.12/site-packages/airflow/example_dags/tutorial.py
[2025-02-25T23:25:56.280+0000] {processor.py:925} INFO - DAG(s) 'tutorial' retrieved from /home/airflow/.local/lib/python3.12/site-packages/airflow/example_dags/tutorial.py
[2025-02-25T23:25:56.292+0000] {logging_mixin.py:190} INFO - [2025-02-25T23:25:56.292+0000] {dag.py:3239} INFO - Sync 1 DAGs
[2025-02-25T23:25:56.306+0000] {logging_mixin.py:190} INFO - [2025-02-25T23:25:56.305+0000] {dag.py:4180} INFO - Setting next_dagrun for tutorial to 2025-02-24 00:00:00+00:00, run_after=2025-02-25 00:00:00+00:00
[2025-02-25T23:25:56.316+0000] {processor.py:208} INFO - Processing /home/airflow/.local/lib/python3.12/site-packages/airflow/example_dags/tutorial.py took 0.046 seconds
[2025-02-25T23:26:26.996+0000] {processor.py:186} INFO - Started process (PID=566) to work on /home/airflow/.local/lib/python3.12/site-packages/airflow/example_dags/tutorial.py
[2025-02-25T23:26:26.997+0000] {processor.py:914} INFO - Processing file /home/airflow/.local/lib/python3.12/site-packages/airflow/example_dags/tutorial.py for tasks to queue
[2025-02-25T23:26:26.999+0000] {logging_mixin.py:190} INFO - [2025-02-25T23:26:26.999+0000] {dagbag.py:588} INFO - Filling up the DagBag from /home/airflow/.local/lib/python3.12/site-packages/airflow/example_dags/tutorial.py
[2025-02-25T23:26:27.003+0000] {processor.py:925} INFO - DAG(s) 'tutorial' retrieved from /home/airflow/.local/lib/python3.12/site-packages/airflow/example_dags/tutorial.py
[2025-02-25T23:26:27.015+0000] {logging_mixin.py:190} INFO - [2025-02-25T23:26:27.015+0000] {dag.py:3239} INFO - Sync 1 DAGs
[2025-02-25T23:26:27.029+0000] {logging_mixin.py:190} INFO - [2025-02-25T23:26:27.029+0000] {dag.py:4180} INFO - Setting next_dagrun for tutorial to 2025-02-24 00:00:00+00:00, run_after=2025-02-25 00:00:00+00:00
[2025-02-25T23:26:27.044+0000] {processor.py:208} INFO - Processing /home/airflow/.local/lib/python3.12/site-packages/airflow/example_dags/tutorial.py took 0.051 seconds
[2025-02-25T23:26:57.619+0000] {processor.py:186} INFO - Started process (PID=630) to work on /home/airflow/.local/lib/python3.12/site-packages/airflow/example_dags/tutorial.py
[2025-02-25T23:26:57.620+0000] {processor.py:914} INFO - Processing file /home/airflow/.local/lib/python3.12/site-packages/airflow/example_dags/tutorial.py for tasks to queue
[2025-02-25T23:26:57.621+0000] {logging_mixin.py:190} INFO - [2025-02-25T23:26:57.621+0000] {dagbag.py:588} INFO - Filling up the DagBag from /home/airflow/.local/lib/python3.12/site-packages/airflow/example_dags/tutorial.py
[2025-02-25T23:26:57.625+0000] {processor.py:925} INFO - DAG(s) 'tutorial' retrieved from /home/airflow/.local/lib/python3.12/site-packages/airflow/example_dags/tutorial.py
[2025-02-25T23:26:57.637+0000] {logging_mixin.py:190} INFO - [2025-02-25T23:26:57.636+0000] {dag.py:3239} INFO - Sync 1 DAGs
[2025-02-25T23:26:57.649+0000] {logging_mixin.py:190} INFO - [2025-02-25T23:26:57.649+0000] {dag.py:4180} INFO - Setting next_dagrun for tutorial to 2025-02-24 00:00:00+00:00, run_after=2025-02-25 00:00:00+00:00
[2025-02-25T23:26:57.659+0000] {processor.py:208} INFO - Processing /home/airflow/.local/lib/python3.12/site-packages/airflow/example_dags/tutorial.py took 0.044 seconds
[2025-02-25T23:27:28.176+0000] {processor.py:186} INFO - Started process (PID=693) to work on /home/airflow/.local/lib/python3.12/site-packages/airflow/example_dags/tutorial.py
[2025-02-25T23:27:28.181+0000] {processor.py:914} INFO - Processing file /home/airflow/.local/lib/python3.12/site-packages/airflow/example_dags/tutorial.py for tasks to queue
[2025-02-25T23:27:28.182+0000] {logging_mixin.py:190} INFO - [2025-02-25T23:27:28.182+0000] {dagbag.py:588} INFO - Filling up the DagBag from /home/airflow/.local/lib/python3.12/site-packages/airflow/example_dags/tutorial.py
[2025-02-25T23:27:28.186+0000] {processor.py:925} INFO - DAG(s) 'tutorial' retrieved from /home/airflow/.local/lib/python3.12/site-packages/airflow/example_dags/tutorial.py
[2025-02-25T23:27:28.198+0000] {logging_mixin.py:190} INFO - [2025-02-25T23:27:28.198+0000] {dag.py:3239} INFO - Sync 1 DAGs
[2025-02-25T23:27:28.211+0000] {logging_mixin.py:190} INFO - [2025-02-25T23:27:28.211+0000] {dag.py:4180} INFO - Setting next_dagrun for tutorial to 2025-02-24 00:00:00+00:00, run_after=2025-02-25 00:00:00+00:00
[2025-02-25T23:27:28.226+0000] {processor.py:208} INFO - Processing /home/airflow/.local/lib/python3.12/site-packages/airflow/example_dags/tutorial.py took 0.053 seconds
[2025-02-25T23:27:59.109+0000] {processor.py:186} INFO - Started process (PID=756) to work on /home/airflow/.local/lib/python3.12/site-packages/airflow/example_dags/tutorial.py
[2025-02-25T23:27:59.111+0000] {processor.py:914} INFO - Processing file /home/airflow/.local/lib/python3.12/site-packages/airflow/example_dags/tutorial.py for tasks to queue
[2025-02-25T23:27:59.112+0000] {logging_mixin.py:190} INFO - [2025-02-25T23:27:59.112+0000] {dagbag.py:588} INFO - Filling up the DagBag from /home/airflow/.local/lib/python3.12/site-packages/airflow/example_dags/tutorial.py
[2025-02-25T23:27:59.116+0000] {processor.py:925} INFO - DAG(s) 'tutorial' retrieved from /home/airflow/.local/lib/python3.12/site-packages/airflow/example_dags/tutorial.py
[2025-02-25T23:27:59.128+0000] {logging_mixin.py:190} INFO - [2025-02-25T23:27:59.128+0000] {dag.py:3239} INFO - Sync 1 DAGs
[2025-02-25T23:27:59.141+0000] {logging_mixin.py:190} INFO - [2025-02-25T23:27:59.141+0000] {dag.py:4180} INFO - Setting next_dagrun for tutorial to 2025-02-24 00:00:00+00:00, run_after=2025-02-25 00:00:00+00:00
[2025-02-25T23:27:59.154+0000] {processor.py:208} INFO - Processing /home/airflow/.local/lib/python3.12/site-packages/airflow/example_dags/tutorial.py took 0.048 seconds
[2025-02-25T23:28:30.117+0000] {processor.py:186} INFO - Started process (PID=813) to work on /home/airflow/.local/lib/python3.12/site-packages/airflow/example_dags/tutorial.py
[2025-02-25T23:28:30.121+0000] {processor.py:914} INFO - Processing file /home/airflow/.local/lib/python3.12/site-packages/airflow/example_dags/tutorial.py for tasks to queue
[2025-02-25T23:28:30.122+0000] {logging_mixin.py:190} INFO - [2025-02-25T23:28:30.122+0000] {dagbag.py:588} INFO - Filling up the DagBag from /home/airflow/.local/lib/python3.12/site-packages/airflow/example_dags/tutorial.py
[2025-02-25T23:28:30.127+0000] {processor.py:925} INFO - DAG(s) 'tutorial' retrieved from /home/airflow/.local/lib/python3.12/site-packages/airflow/example_dags/tutorial.py
[2025-02-25T23:28:30.139+0000] {logging_mixin.py:190} INFO - [2025-02-25T23:28:30.138+0000] {dag.py:3239} INFO - Sync 1 DAGs
[2025-02-25T23:28:30.152+0000] {logging_mixin.py:190} INFO - [2025-02-25T23:28:30.152+0000] {dag.py:4180} INFO - Setting next_dagrun for tutorial to 2025-02-24 00:00:00+00:00, run_after=2025-02-25 00:00:00+00:00
[2025-02-25T23:28:30.168+0000] {processor.py:208} INFO - Processing /home/airflow/.local/lib/python3.12/site-packages/airflow/example_dags/tutorial.py took 0.054 seconds
[2025-02-25T23:29:00.693+0000] {processor.py:186} INFO - Started process (PID=876) to work on /home/airflow/.local/lib/python3.12/site-packages/airflow/example_dags/tutorial.py
[2025-02-25T23:29:00.694+0000] {processor.py:914} INFO - Processing file /home/airflow/.local/lib/python3.12/site-packages/airflow/example_dags/tutorial.py for tasks to queue
[2025-02-25T23:29:00.696+0000] {logging_mixin.py:190} INFO - [2025-02-25T23:29:00.695+0000] {dagbag.py:588} INFO - Filling up the DagBag from /home/airflow/.local/lib/python3.12/site-packages/airflow/example_dags/tutorial.py
[2025-02-25T23:29:00.700+0000] {processor.py:925} INFO - DAG(s) 'tutorial' retrieved from /home/airflow/.local/lib/python3.12/site-packages/airflow/example_dags/tutorial.py
[2025-02-25T23:29:00.713+0000] {logging_mixin.py:190} INFO - [2025-02-25T23:29:00.713+0000] {dag.py:3239} INFO - Sync 1 DAGs
[2025-02-25T23:29:00.728+0000] {logging_mixin.py:190} INFO - [2025-02-25T23:29:00.727+0000] {dag.py:4180} INFO - Setting next_dagrun for tutorial to 2025-02-24 00:00:00+00:00, run_after=2025-02-25 00:00:00+00:00
[2025-02-25T23:29:00.744+0000] {processor.py:208} INFO - Processing /home/airflow/.local/lib/python3.12/site-packages/airflow/example_dags/tutorial.py took 0.054 seconds
[2025-02-25T23:29:30.851+0000] {processor.py:186} INFO - Started process (PID=938) to work on /home/airflow/.local/lib/python3.12/site-packages/airflow/example_dags/tutorial.py
[2025-02-25T23:29:30.853+0000] {processor.py:914} INFO - Processing file /home/airflow/.local/lib/python3.12/site-packages/airflow/example_dags/tutorial.py for tasks to queue
[2025-02-25T23:29:30.855+0000] {logging_mixin.py:190} INFO - [2025-02-25T23:29:30.854+0000] {dagbag.py:588} INFO - Filling up the DagBag from /home/airflow/.local/lib/python3.12/site-packages/airflow/example_dags/tutorial.py
[2025-02-25T23:29:30.860+0000] {processor.py:925} INFO - DAG(s) 'tutorial' retrieved from /home/airflow/.local/lib/python3.12/site-packages/airflow/example_dags/tutorial.py
[2025-02-25T23:29:30.872+0000] {logging_mixin.py:190} INFO - [2025-02-25T23:29:30.872+0000] {dag.py:3239} INFO - Sync 1 DAGs
[2025-02-25T23:29:30.885+0000] {logging_mixin.py:190} INFO - [2025-02-25T23:29:30.885+0000] {dag.py:4180} INFO - Setting next_dagrun for tutorial to 2025-02-24 00:00:00+00:00, run_after=2025-02-25 00:00:00+00:00
[2025-02-25T23:29:30.896+0000] {processor.py:208} INFO - Processing /home/airflow/.local/lib/python3.12/site-packages/airflow/example_dags/tutorial.py took 0.048 seconds
[2025-02-25T23:30:06.766+0000] {processor.py:186} INFO - Started process (PID=1002) to work on /home/airflow/.local/lib/python3.12/site-packages/airflow/example_dags/tutorial.py
[2025-02-25T23:30:06.767+0000] {processor.py:914} INFO - Processing file /home/airflow/.local/lib/python3.12/site-packages/airflow/example_dags/tutorial.py for tasks to queue
[2025-02-25T23:30:06.768+0000] {logging_mixin.py:190} INFO - [2025-02-25T23:30:06.768+0000] {dagbag.py:588} INFO - Filling up the DagBag from /home/airflow/.local/lib/python3.12/site-packages/airflow/example_dags/tutorial.py
[2025-02-25T23:30:06.773+0000] {processor.py:925} INFO - DAG(s) 'tutorial' retrieved from /home/airflow/.local/lib/python3.12/site-packages/airflow/example_dags/tutorial.py
[2025-02-25T23:30:06.787+0000] {logging_mixin.py:190} INFO - [2025-02-25T23:30:06.787+0000] {dag.py:3239} INFO - Sync 1 DAGs
[2025-02-25T23:30:06.801+0000] {logging_mixin.py:190} INFO - [2025-02-25T23:30:06.800+0000] {dag.py:4180} INFO - Setting next_dagrun for tutorial to 2025-02-24 00:00:00+00:00, run_after=2025-02-25 00:00:00+00:00
[2025-02-25T23:30:06.812+0000] {processor.py:208} INFO - Processing /home/airflow/.local/lib/python3.12/site-packages/airflow/example_dags/tutorial.py took 0.050 seconds
[2025-02-25T23:30:37.725+0000] {processor.py:186} INFO - Started process (PID=1065) to work on /home/airflow/.local/lib/python3.12/site-packages/airflow/example_dags/tutorial.py
[2025-02-25T23:30:37.726+0000] {processor.py:914} INFO - Processing file /home/airflow/.local/lib/python3.12/site-packages/airflow/example_dags/tutorial.py for tasks to queue
[2025-02-25T23:30:37.727+0000] {logging_mixin.py:190} INFO - [2025-02-25T23:30:37.727+0000] {dagbag.py:588} INFO - Filling up the DagBag from /home/airflow/.local/lib/python3.12/site-packages/airflow/example_dags/tutorial.py
[2025-02-25T23:30:37.732+0000] {processor.py:925} INFO - DAG(s) 'tutorial' retrieved from /home/airflow/.local/lib/python3.12/site-packages/airflow/example_dags/tutorial.py
[2025-02-25T23:30:37.744+0000] {logging_mixin.py:190} INFO - [2025-02-25T23:30:37.743+0000] {dag.py:3239} INFO - Sync 1 DAGs
[2025-02-25T23:30:37.756+0000] {logging_mixin.py:190} INFO - [2025-02-25T23:30:37.756+0000] {dag.py:4180} INFO - Setting next_dagrun for tutorial to 2025-02-24 00:00:00+00:00, run_after=2025-02-25 00:00:00+00:00
[2025-02-25T23:30:37.765+0000] {processor.py:208} INFO - Processing /home/airflow/.local/lib/python3.12/site-packages/airflow/example_dags/tutorial.py took 0.044 seconds
[2025-02-25T23:31:08.278+0000] {processor.py:186} INFO - Started process (PID=1128) to work on /home/airflow/.local/lib/python3.12/site-packages/airflow/example_dags/tutorial.py
[2025-02-25T23:31:08.279+0000] {processor.py:914} INFO - Processing file /home/airflow/.local/lib/python3.12/site-packages/airflow/example_dags/tutorial.py for tasks to queue
[2025-02-25T23:31:08.280+0000] {logging_mixin.py:190} INFO - [2025-02-25T23:31:08.280+0000] {dagbag.py:588} INFO - Filling up the DagBag from /home/airflow/.local/lib/python3.12/site-packages/airflow/example_dags/tutorial.py
[2025-02-25T23:31:08.284+0000] {processor.py:925} INFO - DAG(s) 'tutorial' retrieved from /home/airflow/.local/lib/python3.12/site-packages/airflow/example_dags/tutorial.py
[2025-02-25T23:31:08.296+0000] {logging_mixin.py:190} INFO - [2025-02-25T23:31:08.296+0000] {dag.py:3239} INFO - Sync 1 DAGs
[2025-02-25T23:31:08.309+0000] {logging_mixin.py:190} INFO - [2025-02-25T23:31:08.308+0000] {dag.py:4180} INFO - Setting next_dagrun for tutorial to 2025-02-24 00:00:00+00:00, run_after=2025-02-25 00:00:00+00:00
[2025-02-25T23:31:08.319+0000] {processor.py:208} INFO - Processing /home/airflow/.local/lib/python3.12/site-packages/airflow/example_dags/tutorial.py took 0.044 seconds
[2025-02-25T23:31:39.277+0000] {processor.py:186} INFO - Started process (PID=1191) to work on /home/airflow/.local/lib/python3.12/site-packages/airflow/example_dags/tutorial.py
[2025-02-25T23:31:39.278+0000] {processor.py:914} INFO - Processing file /home/airflow/.local/lib/python3.12/site-packages/airflow/example_dags/tutorial.py for tasks to queue
[2025-02-25T23:31:39.280+0000] {logging_mixin.py:190} INFO - [2025-02-25T23:31:39.280+0000] {dagbag.py:588} INFO - Filling up the DagBag from /home/airflow/.local/lib/python3.12/site-packages/airflow/example_dags/tutorial.py
[2025-02-25T23:31:39.284+0000] {processor.py:925} INFO - DAG(s) 'tutorial' retrieved from /home/airflow/.local/lib/python3.12/site-packages/airflow/example_dags/tutorial.py
[2025-02-25T23:31:39.296+0000] {logging_mixin.py:190} INFO - [2025-02-25T23:31:39.296+0000] {dag.py:3239} INFO - Sync 1 DAGs
[2025-02-25T23:31:39.309+0000] {logging_mixin.py:190} INFO - [2025-02-25T23:31:39.308+0000] {dag.py:4180} INFO - Setting next_dagrun for tutorial to 2025-02-24 00:00:00+00:00, run_after=2025-02-25 00:00:00+00:00
[2025-02-25T23:31:39.319+0000] {processor.py:208} INFO - Processing /home/airflow/.local/lib/python3.12/site-packages/airflow/example_dags/tutorial.py took 0.044 seconds
[2025-02-25T23:32:09.892+0000] {processor.py:186} INFO - Started process (PID=1254) to work on /home/airflow/.local/lib/python3.12/site-packages/airflow/example_dags/tutorial.py
[2025-02-25T23:32:09.894+0000] {processor.py:914} INFO - Processing file /home/airflow/.local/lib/python3.12/site-packages/airflow/example_dags/tutorial.py for tasks to queue
[2025-02-25T23:32:09.895+0000] {logging_mixin.py:190} INFO - [2025-02-25T23:32:09.895+0000] {dagbag.py:588} INFO - Filling up the DagBag from /home/airflow/.local/lib/python3.12/site-packages/airflow/example_dags/tutorial.py
[2025-02-25T23:32:09.900+0000] {processor.py:925} INFO - DAG(s) 'tutorial' retrieved from /home/airflow/.local/lib/python3.12/site-packages/airflow/example_dags/tutorial.py
[2025-02-25T23:32:09.912+0000] {logging_mixin.py:190} INFO - [2025-02-25T23:32:09.912+0000] {dag.py:3239} INFO - Sync 1 DAGs
[2025-02-25T23:32:09.926+0000] {logging_mixin.py:190} INFO - [2025-02-25T23:32:09.926+0000] {dag.py:4180} INFO - Setting next_dagrun for tutorial to 2025-02-24 00:00:00+00:00, run_after=2025-02-25 00:00:00+00:00
[2025-02-25T23:32:09.938+0000] {processor.py:208} INFO - Processing /home/airflow/.local/lib/python3.12/site-packages/airflow/example_dags/tutorial.py took 0.049 seconds
[2025-02-25T23:32:44.048+0000] {processor.py:186} INFO - Started process (PID=1317) to work on /home/airflow/.local/lib/python3.12/site-packages/airflow/example_dags/tutorial.py
[2025-02-25T23:32:44.049+0000] {processor.py:914} INFO - Processing file /home/airflow/.local/lib/python3.12/site-packages/airflow/example_dags/tutorial.py for tasks to queue
[2025-02-25T23:32:44.050+0000] {logging_mixin.py:190} INFO - [2025-02-25T23:32:44.050+0000] {dagbag.py:588} INFO - Filling up the DagBag from /home/airflow/.local/lib/python3.12/site-packages/airflow/example_dags/tutorial.py
[2025-02-25T23:32:44.054+0000] {processor.py:925} INFO - DAG(s) 'tutorial' retrieved from /home/airflow/.local/lib/python3.12/site-packages/airflow/example_dags/tutorial.py
[2025-02-25T23:32:44.066+0000] {logging_mixin.py:190} INFO - [2025-02-25T23:32:44.066+0000] {dag.py:3239} INFO - Sync 1 DAGs
[2025-02-25T23:32:44.079+0000] {logging_mixin.py:190} INFO - [2025-02-25T23:32:44.079+0000] {dag.py:4180} INFO - Setting next_dagrun for tutorial to 2025-02-24 00:00:00+00:00, run_after=2025-02-25 00:00:00+00:00
[2025-02-25T23:32:44.090+0000] {processor.py:208} INFO - Processing /home/airflow/.local/lib/python3.12/site-packages/airflow/example_dags/tutorial.py took 0.045 seconds
[2025-02-25T23:33:14.816+0000] {processor.py:186} INFO - Started process (PID=1380) to work on /home/airflow/.local/lib/python3.12/site-packages/airflow/example_dags/tutorial.py
[2025-02-25T23:33:14.817+0000] {processor.py:914} INFO - Processing file /home/airflow/.local/lib/python3.12/site-packages/airflow/example_dags/tutorial.py for tasks to queue
[2025-02-25T23:33:14.818+0000] {logging_mixin.py:190} INFO - [2025-02-25T23:33:14.818+0000] {dagbag.py:588} INFO - Filling up the DagBag from /home/airflow/.local/lib/python3.12/site-packages/airflow/example_dags/tutorial.py
[2025-02-25T23:33:14.823+0000] {processor.py:925} INFO - DAG(s) 'tutorial' retrieved from /home/airflow/.local/lib/python3.12/site-packages/airflow/example_dags/tutorial.py
[2025-02-25T23:33:14.834+0000] {logging_mixin.py:190} INFO - [2025-02-25T23:33:14.834+0000] {dag.py:3239} INFO - Sync 1 DAGs
[2025-02-25T23:33:14.846+0000] {logging_mixin.py:190} INFO - [2025-02-25T23:33:14.846+0000] {dag.py:4180} INFO - Setting next_dagrun for tutorial to 2025-02-24 00:00:00+00:00, run_after=2025-02-25 00:00:00+00:00
[2025-02-25T23:33:14.858+0000] {processor.py:208} INFO - Processing /home/airflow/.local/lib/python3.12/site-packages/airflow/example_dags/tutorial.py took 0.045 seconds
[2025-02-25T23:33:45.541+0000] {processor.py:186} INFO - Started process (PID=1443) to work on /home/airflow/.local/lib/python3.12/site-packages/airflow/example_dags/tutorial.py
[2025-02-25T23:33:45.542+0000] {processor.py:914} INFO - Processing file /home/airflow/.local/lib/python3.12/site-packages/airflow/example_dags/tutorial.py for tasks to queue
[2025-02-25T23:33:45.544+0000] {logging_mixin.py:190} INFO - [2025-02-25T23:33:45.543+0000] {dagbag.py:588} INFO - Filling up the DagBag from /home/airflow/.local/lib/python3.12/site-packages/airflow/example_dags/tutorial.py
[2025-02-25T23:33:45.548+0000] {processor.py:925} INFO - DAG(s) 'tutorial' retrieved from /home/airflow/.local/lib/python3.12/site-packages/airflow/example_dags/tutorial.py
[2025-02-25T23:33:45.560+0000] {logging_mixin.py:190} INFO - [2025-02-25T23:33:45.559+0000] {dag.py:3239} INFO - Sync 1 DAGs
[2025-02-25T23:33:45.572+0000] {logging_mixin.py:190} INFO - [2025-02-25T23:33:45.572+0000] {dag.py:4180} INFO - Setting next_dagrun for tutorial to 2025-02-24 00:00:00+00:00, run_after=2025-02-25 00:00:00+00:00
[2025-02-25T23:33:45.582+0000] {processor.py:208} INFO - Processing /home/airflow/.local/lib/python3.12/site-packages/airflow/example_dags/tutorial.py took 0.044 seconds
[2025-02-25T23:34:16.515+0000] {processor.py:186} INFO - Started process (PID=1506) to work on /home/airflow/.local/lib/python3.12/site-packages/airflow/example_dags/tutorial.py
[2025-02-25T23:34:16.516+0000] {processor.py:914} INFO - Processing file /home/airflow/.local/lib/python3.12/site-packages/airflow/example_dags/tutorial.py for tasks to queue
[2025-02-25T23:34:16.517+0000] {logging_mixin.py:190} INFO - [2025-02-25T23:34:16.517+0000] {dagbag.py:588} INFO - Filling up the DagBag from /home/airflow/.local/lib/python3.12/site-packages/airflow/example_dags/tutorial.py
[2025-02-25T23:34:16.522+0000] {processor.py:925} INFO - DAG(s) 'tutorial' retrieved from /home/airflow/.local/lib/python3.12/site-packages/airflow/example_dags/tutorial.py
[2025-02-25T23:34:16.534+0000] {logging_mixin.py:190} INFO - [2025-02-25T23:34:16.534+0000] {dag.py:3239} INFO - Sync 1 DAGs
[2025-02-25T23:34:16.546+0000] {logging_mixin.py:190} INFO - [2025-02-25T23:34:16.546+0000] {dag.py:4180} INFO - Setting next_dagrun for tutorial to 2025-02-24 00:00:00+00:00, run_after=2025-02-25 00:00:00+00:00
[2025-02-25T23:34:16.557+0000] {processor.py:208} INFO - Processing /home/airflow/.local/lib/python3.12/site-packages/airflow/example_dags/tutorial.py took 0.046 seconds
[2025-02-25T23:34:47.515+0000] {processor.py:186} INFO - Started process (PID=1569) to work on /home/airflow/.local/lib/python3.12/site-packages/airflow/example_dags/tutorial.py
[2025-02-25T23:34:47.516+0000] {processor.py:914} INFO - Processing file /home/airflow/.local/lib/python3.12/site-packages/airflow/example_dags/tutorial.py for tasks to queue
[2025-02-25T23:34:47.517+0000] {logging_mixin.py:190} INFO - [2025-02-25T23:34:47.517+0000] {dagbag.py:588} INFO - Filling up the DagBag from /home/airflow/.local/lib/python3.12/site-packages/airflow/example_dags/tutorial.py
[2025-02-25T23:34:47.523+0000] {processor.py:925} INFO - DAG(s) 'tutorial' retrieved from /home/airflow/.local/lib/python3.12/site-packages/airflow/example_dags/tutorial.py
[2025-02-25T23:34:47.534+0000] {logging_mixin.py:190} INFO - [2025-02-25T23:34:47.534+0000] {dag.py:3239} INFO - Sync 1 DAGs
[2025-02-25T23:34:47.546+0000] {logging_mixin.py:190} INFO - [2025-02-25T23:34:47.546+0000] {dag.py:4180} INFO - Setting next_dagrun for tutorial to 2025-02-24 00:00:00+00:00, run_after=2025-02-25 00:00:00+00:00
[2025-02-25T23:34:47.556+0000] {processor.py:208} INFO - Processing /home/airflow/.local/lib/python3.12/site-packages/airflow/example_dags/tutorial.py took 0.044 seconds
[2025-02-25T23:35:18.207+0000] {processor.py:186} INFO - Started process (PID=1632) to work on /home/airflow/.local/lib/python3.12/site-packages/airflow/example_dags/tutorial.py
[2025-02-25T23:35:18.208+0000] {processor.py:914} INFO - Processing file /home/airflow/.local/lib/python3.12/site-packages/airflow/example_dags/tutorial.py for tasks to queue
[2025-02-25T23:35:18.210+0000] {logging_mixin.py:190} INFO - [2025-02-25T23:35:18.210+0000] {dagbag.py:588} INFO - Filling up the DagBag from /home/airflow/.local/lib/python3.12/site-packages/airflow/example_dags/tutorial.py
[2025-02-25T23:35:18.215+0000] {processor.py:925} INFO - DAG(s) 'tutorial' retrieved from /home/airflow/.local/lib/python3.12/site-packages/airflow/example_dags/tutorial.py
[2025-02-25T23:35:18.228+0000] {logging_mixin.py:190} INFO - [2025-02-25T23:35:18.228+0000] {dag.py:3239} INFO - Sync 1 DAGs
[2025-02-25T23:35:18.241+0000] {logging_mixin.py:190} INFO - [2025-02-25T23:35:18.241+0000] {dag.py:4180} INFO - Setting next_dagrun for tutorial to 2025-02-24 00:00:00+00:00, run_after=2025-02-25 00:00:00+00:00
[2025-02-25T23:35:18.252+0000] {processor.py:208} INFO - Processing /home/airflow/.local/lib/python3.12/site-packages/airflow/example_dags/tutorial.py took 0.048 seconds
[2025-02-25T23:35:49.417+0000] {processor.py:186} INFO - Started process (PID=1695) to work on /home/airflow/.local/lib/python3.12/site-packages/airflow/example_dags/tutorial.py
[2025-02-25T23:35:49.418+0000] {processor.py:914} INFO - Processing file /home/airflow/.local/lib/python3.12/site-packages/airflow/example_dags/tutorial.py for tasks to queue
[2025-02-25T23:35:49.419+0000] {logging_mixin.py:190} INFO - [2025-02-25T23:35:49.419+0000] {dagbag.py:588} INFO - Filling up the DagBag from /home/airflow/.local/lib/python3.12/site-packages/airflow/example_dags/tutorial.py
[2025-02-25T23:35:49.424+0000] {processor.py:925} INFO - DAG(s) 'tutorial' retrieved from /home/airflow/.local/lib/python3.12/site-packages/airflow/example_dags/tutorial.py
[2025-02-25T23:35:49.436+0000] {logging_mixin.py:190} INFO - [2025-02-25T23:35:49.436+0000] {dag.py:3239} INFO - Sync 1 DAGs
[2025-02-25T23:35:49.449+0000] {logging_mixin.py:190} INFO - [2025-02-25T23:35:49.449+0000] {dag.py:4180} INFO - Setting next_dagrun for tutorial to 2025-02-24 00:00:00+00:00, run_after=2025-02-25 00:00:00+00:00
[2025-02-25T23:35:49.460+0000] {processor.py:208} INFO - Processing /home/airflow/.local/lib/python3.12/site-packages/airflow/example_dags/tutorial.py took 0.046 seconds
[2025-02-25T23:36:20.614+0000] {processor.py:186} INFO - Started process (PID=1758) to work on /home/airflow/.local/lib/python3.12/site-packages/airflow/example_dags/tutorial.py
[2025-02-25T23:36:20.615+0000] {processor.py:914} INFO - Processing file /home/airflow/.local/lib/python3.12/site-packages/airflow/example_dags/tutorial.py for tasks to queue
[2025-02-25T23:36:20.616+0000] {logging_mixin.py:190} INFO - [2025-02-25T23:36:20.616+0000] {dagbag.py:588} INFO - Filling up the DagBag from /home/airflow/.local/lib/python3.12/site-packages/airflow/example_dags/tutorial.py
[2025-02-25T23:36:20.621+0000] {processor.py:925} INFO - DAG(s) 'tutorial' retrieved from /home/airflow/.local/lib/python3.12/site-packages/airflow/example_dags/tutorial.py
[2025-02-25T23:36:20.634+0000] {logging_mixin.py:190} INFO - [2025-02-25T23:36:20.634+0000] {dag.py:3239} INFO - Sync 1 DAGs
[2025-02-25T23:36:20.648+0000] {logging_mixin.py:190} INFO - [2025-02-25T23:36:20.648+0000] {dag.py:4180} INFO - Setting next_dagrun for tutorial to 2025-02-24 00:00:00+00:00, run_after=2025-02-25 00:00:00+00:00
[2025-02-25T23:36:20.658+0000] {processor.py:208} INFO - Processing /home/airflow/.local/lib/python3.12/site-packages/airflow/example_dags/tutorial.py took 0.047 seconds
[2025-02-25T23:36:51.822+0000] {processor.py:186} INFO - Started process (PID=1821) to work on /home/airflow/.local/lib/python3.12/site-packages/airflow/example_dags/tutorial.py
[2025-02-25T23:36:51.823+0000] {processor.py:914} INFO - Processing file /home/airflow/.local/lib/python3.12/site-packages/airflow/example_dags/tutorial.py for tasks to queue
[2025-02-25T23:36:51.824+0000] {logging_mixin.py:190} INFO - [2025-02-25T23:36:51.824+0000] {dagbag.py:588} INFO - Filling up the DagBag from /home/airflow/.local/lib/python3.12/site-packages/airflow/example_dags/tutorial.py
[2025-02-25T23:36:51.829+0000] {processor.py:925} INFO - DAG(s) 'tutorial' retrieved from /home/airflow/.local/lib/python3.12/site-packages/airflow/example_dags/tutorial.py
[2025-02-25T23:36:51.842+0000] {logging_mixin.py:190} INFO - [2025-02-25T23:36:51.842+0000] {dag.py:3239} INFO - Sync 1 DAGs
[2025-02-25T23:36:51.855+0000] {logging_mixin.py:190} INFO - [2025-02-25T23:36:51.855+0000] {dag.py:4180} INFO - Setting next_dagrun for tutorial to 2025-02-24 00:00:00+00:00, run_after=2025-02-25 00:00:00+00:00
[2025-02-25T23:36:51.866+0000] {processor.py:208} INFO - Processing /home/airflow/.local/lib/python3.12/site-packages/airflow/example_dags/tutorial.py took 0.048 seconds
[2025-02-25T23:37:26.153+0000] {processor.py:186} INFO - Started process (PID=1884) to work on /home/airflow/.local/lib/python3.12/site-packages/airflow/example_dags/tutorial.py
[2025-02-25T23:37:26.154+0000] {processor.py:914} INFO - Processing file /home/airflow/.local/lib/python3.12/site-packages/airflow/example_dags/tutorial.py for tasks to queue
[2025-02-25T23:37:26.155+0000] {logging_mixin.py:190} INFO - [2025-02-25T23:37:26.155+0000] {dagbag.py:588} INFO - Filling up the DagBag from /home/airflow/.local/lib/python3.12/site-packages/airflow/example_dags/tutorial.py
[2025-02-25T23:37:26.160+0000] {processor.py:925} INFO - DAG(s) 'tutorial' retrieved from /home/airflow/.local/lib/python3.12/site-packages/airflow/example_dags/tutorial.py
[2025-02-25T23:37:26.172+0000] {logging_mixin.py:190} INFO - [2025-02-25T23:37:26.172+0000] {dag.py:3239} INFO - Sync 1 DAGs
[2025-02-25T23:37:26.184+0000] {logging_mixin.py:190} INFO - [2025-02-25T23:37:26.184+0000] {dag.py:4180} INFO - Setting next_dagrun for tutorial to 2025-02-24 00:00:00+00:00, run_after=2025-02-25 00:00:00+00:00
[2025-02-25T23:37:26.194+0000] {processor.py:208} INFO - Processing /home/airflow/.local/lib/python3.12/site-packages/airflow/example_dags/tutorial.py took 0.044 seconds
[2025-02-25T23:38:00.094+0000] {processor.py:186} INFO - Started process (PID=1947) to work on /home/airflow/.local/lib/python3.12/site-packages/airflow/example_dags/tutorial.py
[2025-02-25T23:38:00.095+0000] {processor.py:914} INFO - Processing file /home/airflow/.local/lib/python3.12/site-packages/airflow/example_dags/tutorial.py for tasks to queue
[2025-02-25T23:38:00.096+0000] {logging_mixin.py:190} INFO - [2025-02-25T23:38:00.096+0000] {dagbag.py:588} INFO - Filling up the DagBag from /home/airflow/.local/lib/python3.12/site-packages/airflow/example_dags/tutorial.py
[2025-02-25T23:38:00.100+0000] {processor.py:925} INFO - DAG(s) 'tutorial' retrieved from /home/airflow/.local/lib/python3.12/site-packages/airflow/example_dags/tutorial.py
[2025-02-25T23:38:00.113+0000] {logging_mixin.py:190} INFO - [2025-02-25T23:38:00.113+0000] {dag.py:3239} INFO - Sync 1 DAGs
[2025-02-25T23:38:00.126+0000] {logging_mixin.py:190} INFO - [2025-02-25T23:38:00.126+0000] {dag.py:4180} INFO - Setting next_dagrun for tutorial to 2025-02-24 00:00:00+00:00, run_after=2025-02-25 00:00:00+00:00
[2025-02-25T23:38:00.136+0000] {processor.py:208} INFO - Processing /home/airflow/.local/lib/python3.12/site-packages/airflow/example_dags/tutorial.py took 0.045 seconds
[2025-02-25T23:38:30.977+0000] {processor.py:186} INFO - Started process (PID=2009) to work on /home/airflow/.local/lib/python3.12/site-packages/airflow/example_dags/tutorial.py
[2025-02-25T23:38:30.978+0000] {processor.py:914} INFO - Processing file /home/airflow/.local/lib/python3.12/site-packages/airflow/example_dags/tutorial.py for tasks to queue
[2025-02-25T23:38:30.980+0000] {logging_mixin.py:190} INFO - [2025-02-25T23:38:30.979+0000] {dagbag.py:588} INFO - Filling up the DagBag from /home/airflow/.local/lib/python3.12/site-packages/airflow/example_dags/tutorial.py
[2025-02-25T23:38:30.984+0000] {processor.py:925} INFO - DAG(s) 'tutorial' retrieved from /home/airflow/.local/lib/python3.12/site-packages/airflow/example_dags/tutorial.py
[2025-02-25T23:38:30.995+0000] {logging_mixin.py:190} INFO - [2025-02-25T23:38:30.995+0000] {dag.py:3239} INFO - Sync 1 DAGs
[2025-02-25T23:38:31.008+0000] {logging_mixin.py:190} INFO - [2025-02-25T23:38:31.008+0000] {dag.py:4180} INFO - Setting next_dagrun for tutorial to 2025-02-24 00:00:00+00:00, run_after=2025-02-25 00:00:00+00:00
[2025-02-25T23:38:31.020+0000] {processor.py:208} INFO - Processing /home/airflow/.local/lib/python3.12/site-packages/airflow/example_dags/tutorial.py took 0.046 seconds
[2025-02-25T23:39:02.021+0000] {processor.py:186} INFO - Started process (PID=2073) to work on /home/airflow/.local/lib/python3.12/site-packages/airflow/example_dags/tutorial.py
[2025-02-25T23:39:02.022+0000] {processor.py:914} INFO - Processing file /home/airflow/.local/lib/python3.12/site-packages/airflow/example_dags/tutorial.py for tasks to queue
[2025-02-25T23:39:02.023+0000] {logging_mixin.py:190} INFO - [2025-02-25T23:39:02.023+0000] {dagbag.py:588} INFO - Filling up the DagBag from /home/airflow/.local/lib/python3.12/site-packages/airflow/example_dags/tutorial.py
[2025-02-25T23:39:02.027+0000] {processor.py:925} INFO - DAG(s) 'tutorial' retrieved from /home/airflow/.local/lib/python3.12/site-packages/airflow/example_dags/tutorial.py
[2025-02-25T23:39:02.039+0000] {logging_mixin.py:190} INFO - [2025-02-25T23:39:02.039+0000] {dag.py:3239} INFO - Sync 1 DAGs
[2025-02-25T23:39:02.052+0000] {logging_mixin.py:190} INFO - [2025-02-25T23:39:02.051+0000] {dag.py:4180} INFO - Setting next_dagrun for tutorial to 2025-02-24 00:00:00+00:00, run_after=2025-02-25 00:00:00+00:00
[2025-02-25T23:39:02.063+0000] {processor.py:208} INFO - Processing /home/airflow/.local/lib/python3.12/site-packages/airflow/example_dags/tutorial.py took 0.045 seconds
[2025-02-25T23:39:32.812+0000] {processor.py:186} INFO - Started process (PID=2136) to work on /home/airflow/.local/lib/python3.12/site-packages/airflow/example_dags/tutorial.py
[2025-02-25T23:39:32.813+0000] {processor.py:914} INFO - Processing file /home/airflow/.local/lib/python3.12/site-packages/airflow/example_dags/tutorial.py for tasks to queue
[2025-02-25T23:39:32.814+0000] {logging_mixin.py:190} INFO - [2025-02-25T23:39:32.814+0000] {dagbag.py:588} INFO - Filling up the DagBag from /home/airflow/.local/lib/python3.12/site-packages/airflow/example_dags/tutorial.py
[2025-02-25T23:39:32.818+0000] {processor.py:925} INFO - DAG(s) 'tutorial' retrieved from /home/airflow/.local/lib/python3.12/site-packages/airflow/example_dags/tutorial.py
[2025-02-25T23:39:32.831+0000] {logging_mixin.py:190} INFO - [2025-02-25T23:39:32.831+0000] {dag.py:3239} INFO - Sync 1 DAGs
[2025-02-25T23:39:32.844+0000] {logging_mixin.py:190} INFO - [2025-02-25T23:39:32.844+0000] {dag.py:4180} INFO - Setting next_dagrun for tutorial to 2025-02-24 00:00:00+00:00, run_after=2025-02-25 00:00:00+00:00
[2025-02-25T23:39:32.854+0000] {processor.py:208} INFO - Processing /home/airflow/.local/lib/python3.12/site-packages/airflow/example_dags/tutorial.py took 0.045 seconds
[2025-02-25T23:41:50.293+0000] {processor.py:186} INFO - Started process (PID=62) to work on /home/airflow/.local/lib/python3.12/site-packages/airflow/example_dags/tutorial.py
[2025-02-25T23:41:50.294+0000] {processor.py:914} INFO - Processing file /home/airflow/.local/lib/python3.12/site-packages/airflow/example_dags/tutorial.py for tasks to queue
[2025-02-25T23:41:50.295+0000] {logging_mixin.py:190} INFO - [2025-02-25T23:41:50.295+0000] {dagbag.py:588} INFO - Filling up the DagBag from /home/airflow/.local/lib/python3.12/site-packages/airflow/example_dags/tutorial.py
[2025-02-25T23:41:50.300+0000] {processor.py:925} INFO - DAG(s) 'tutorial' retrieved from /home/airflow/.local/lib/python3.12/site-packages/airflow/example_dags/tutorial.py
[2025-02-25T23:41:50.362+0000] {logging_mixin.py:190} INFO - [2025-02-25T23:41:50.362+0000] {override.py:1912} INFO - Created Permission View: can edit on DAG:tutorial
[2025-02-25T23:41:50.367+0000] {logging_mixin.py:190} INFO - [2025-02-25T23:41:50.367+0000] {override.py:1912} INFO - Created Permission View: can delete on DAG:tutorial
[2025-02-25T23:41:50.370+0000] {logging_mixin.py:190} INFO - [2025-02-25T23:41:50.370+0000] {override.py:1912} INFO - Created Permission View: can read on DAG:tutorial
[2025-02-25T23:41:50.375+0000] {logging_mixin.py:190} INFO - [2025-02-25T23:41:50.374+0000] {override.py:1912} INFO - Created Permission View: can create on DAG Run:tutorial
[2025-02-25T23:41:50.378+0000] {logging_mixin.py:190} INFO - [2025-02-25T23:41:50.378+0000] {override.py:1912} INFO - Created Permission View: can delete on DAG Run:tutorial
[2025-02-25T23:41:50.382+0000] {logging_mixin.py:190} INFO - [2025-02-25T23:41:50.382+0000] {override.py:1912} INFO - Created Permission View: can read on DAG Run:tutorial
[2025-02-25T23:41:50.385+0000] {logging_mixin.py:190} INFO - [2025-02-25T23:41:50.385+0000] {override.py:1912} INFO - Created Permission View: menu access on DAG Run:tutorial
[2025-02-25T23:41:50.385+0000] {logging_mixin.py:190} INFO - [2025-02-25T23:41:50.385+0000] {dag.py:3239} INFO - Sync 1 DAGs
[2025-02-25T23:41:50.393+0000] {logging_mixin.py:190} INFO - [2025-02-25T23:41:50.393+0000] {dag.py:3262} INFO - Creating ORM DAG for tutorial
[2025-02-25T23:41:50.398+0000] {logging_mixin.py:190} INFO - [2025-02-25T23:41:50.398+0000] {dag.py:4180} INFO - Setting next_dagrun for tutorial to 2025-02-24 00:00:00+00:00, run_after=2025-02-25 00:00:00+00:00
[2025-02-25T23:41:50.407+0000] {processor.py:208} INFO - Processing /home/airflow/.local/lib/python3.12/site-packages/airflow/example_dags/tutorial.py took 0.117 seconds
[2025-02-25T23:42:23.805+0000] {processor.py:186} INFO - Started process (PID=125) to work on /home/airflow/.local/lib/python3.12/site-packages/airflow/example_dags/tutorial.py
[2025-02-25T23:42:23.806+0000] {processor.py:914} INFO - Processing file /home/airflow/.local/lib/python3.12/site-packages/airflow/example_dags/tutorial.py for tasks to queue
[2025-02-25T23:42:23.807+0000] {logging_mixin.py:190} INFO - [2025-02-25T23:42:23.807+0000] {dagbag.py:588} INFO - Filling up the DagBag from /home/airflow/.local/lib/python3.12/site-packages/airflow/example_dags/tutorial.py
[2025-02-25T23:42:23.812+0000] {processor.py:925} INFO - DAG(s) 'tutorial' retrieved from /home/airflow/.local/lib/python3.12/site-packages/airflow/example_dags/tutorial.py
[2025-02-25T23:42:23.823+0000] {logging_mixin.py:190} INFO - [2025-02-25T23:42:23.823+0000] {dag.py:3239} INFO - Sync 1 DAGs
[2025-02-25T23:42:23.835+0000] {logging_mixin.py:190} INFO - [2025-02-25T23:42:23.835+0000] {dag.py:4180} INFO - Setting next_dagrun for tutorial to 2025-02-24 00:00:00+00:00, run_after=2025-02-25 00:00:00+00:00
[2025-02-25T23:42:23.845+0000] {processor.py:208} INFO - Processing /home/airflow/.local/lib/python3.12/site-packages/airflow/example_dags/tutorial.py took 0.044 seconds
[2025-02-25T23:42:54.686+0000] {processor.py:186} INFO - Started process (PID=188) to work on /home/airflow/.local/lib/python3.12/site-packages/airflow/example_dags/tutorial.py
[2025-02-25T23:42:54.687+0000] {processor.py:914} INFO - Processing file /home/airflow/.local/lib/python3.12/site-packages/airflow/example_dags/tutorial.py for tasks to queue
[2025-02-25T23:42:54.688+0000] {logging_mixin.py:190} INFO - [2025-02-25T23:42:54.688+0000] {dagbag.py:588} INFO - Filling up the DagBag from /home/airflow/.local/lib/python3.12/site-packages/airflow/example_dags/tutorial.py
[2025-02-25T23:42:54.692+0000] {processor.py:925} INFO - DAG(s) 'tutorial' retrieved from /home/airflow/.local/lib/python3.12/site-packages/airflow/example_dags/tutorial.py
[2025-02-25T23:42:54.704+0000] {logging_mixin.py:190} INFO - [2025-02-25T23:42:54.704+0000] {dag.py:3239} INFO - Sync 1 DAGs
[2025-02-25T23:42:54.716+0000] {logging_mixin.py:190} INFO - [2025-02-25T23:42:54.716+0000] {dag.py:4180} INFO - Setting next_dagrun for tutorial to 2025-02-24 00:00:00+00:00, run_after=2025-02-25 00:00:00+00:00
[2025-02-25T23:42:54.730+0000] {processor.py:208} INFO - Processing /home/airflow/.local/lib/python3.12/site-packages/airflow/example_dags/tutorial.py took 0.048 seconds
[2025-02-25T23:43:25.550+0000] {processor.py:186} INFO - Started process (PID=250) to work on /home/airflow/.local/lib/python3.12/site-packages/airflow/example_dags/tutorial.py
[2025-02-25T23:43:25.551+0000] {processor.py:914} INFO - Processing file /home/airflow/.local/lib/python3.12/site-packages/airflow/example_dags/tutorial.py for tasks to queue
[2025-02-25T23:43:25.552+0000] {logging_mixin.py:190} INFO - [2025-02-25T23:43:25.552+0000] {dagbag.py:588} INFO - Filling up the DagBag from /home/airflow/.local/lib/python3.12/site-packages/airflow/example_dags/tutorial.py
[2025-02-25T23:43:25.557+0000] {processor.py:925} INFO - DAG(s) 'tutorial' retrieved from /home/airflow/.local/lib/python3.12/site-packages/airflow/example_dags/tutorial.py
[2025-02-25T23:43:25.568+0000] {logging_mixin.py:190} INFO - [2025-02-25T23:43:25.568+0000] {dag.py:3239} INFO - Sync 1 DAGs
[2025-02-25T23:43:25.582+0000] {logging_mixin.py:190} INFO - [2025-02-25T23:43:25.581+0000] {dag.py:4180} INFO - Setting next_dagrun for tutorial to 2025-02-24 00:00:00+00:00, run_after=2025-02-25 00:00:00+00:00
[2025-02-25T23:43:25.592+0000] {processor.py:208} INFO - Processing /home/airflow/.local/lib/python3.12/site-packages/airflow/example_dags/tutorial.py took 0.045 seconds
[2025-02-25T23:43:56.458+0000] {processor.py:186} INFO - Started process (PID=313) to work on /home/airflow/.local/lib/python3.12/site-packages/airflow/example_dags/tutorial.py
[2025-02-25T23:43:56.459+0000] {processor.py:914} INFO - Processing file /home/airflow/.local/lib/python3.12/site-packages/airflow/example_dags/tutorial.py for tasks to queue
[2025-02-25T23:43:56.460+0000] {logging_mixin.py:190} INFO - [2025-02-25T23:43:56.460+0000] {dagbag.py:588} INFO - Filling up the DagBag from /home/airflow/.local/lib/python3.12/site-packages/airflow/example_dags/tutorial.py
[2025-02-25T23:43:56.465+0000] {processor.py:925} INFO - DAG(s) 'tutorial' retrieved from /home/airflow/.local/lib/python3.12/site-packages/airflow/example_dags/tutorial.py
[2025-02-25T23:43:56.475+0000] {logging_mixin.py:190} INFO - [2025-02-25T23:43:56.475+0000] {dag.py:3239} INFO - Sync 1 DAGs
[2025-02-25T23:43:56.488+0000] {logging_mixin.py:190} INFO - [2025-02-25T23:43:56.488+0000] {dag.py:4180} INFO - Setting next_dagrun for tutorial to 2025-02-24 00:00:00+00:00, run_after=2025-02-25 00:00:00+00:00
[2025-02-25T23:43:56.498+0000] {processor.py:208} INFO - Processing /home/airflow/.local/lib/python3.12/site-packages/airflow/example_dags/tutorial.py took 0.044 seconds
[2025-02-25T23:44:27.225+0000] {processor.py:186} INFO - Started process (PID=376) to work on /home/airflow/.local/lib/python3.12/site-packages/airflow/example_dags/tutorial.py
[2025-02-25T23:44:27.226+0000] {processor.py:914} INFO - Processing file /home/airflow/.local/lib/python3.12/site-packages/airflow/example_dags/tutorial.py for tasks to queue
[2025-02-25T23:44:27.227+0000] {logging_mixin.py:190} INFO - [2025-02-25T23:44:27.227+0000] {dagbag.py:588} INFO - Filling up the DagBag from /home/airflow/.local/lib/python3.12/site-packages/airflow/example_dags/tutorial.py
[2025-02-25T23:44:27.232+0000] {processor.py:925} INFO - DAG(s) 'tutorial' retrieved from /home/airflow/.local/lib/python3.12/site-packages/airflow/example_dags/tutorial.py
[2025-02-25T23:44:27.243+0000] {logging_mixin.py:190} INFO - [2025-02-25T23:44:27.243+0000] {dag.py:3239} INFO - Sync 1 DAGs
[2025-02-25T23:44:27.255+0000] {logging_mixin.py:190} INFO - [2025-02-25T23:44:27.255+0000] {dag.py:4180} INFO - Setting next_dagrun for tutorial to 2025-02-24 00:00:00+00:00, run_after=2025-02-25 00:00:00+00:00
[2025-02-25T23:44:27.265+0000] {processor.py:208} INFO - Processing /home/airflow/.local/lib/python3.12/site-packages/airflow/example_dags/tutorial.py took 0.043 seconds
[2025-02-25T23:44:57.926+0000] {processor.py:186} INFO - Started process (PID=439) to work on /home/airflow/.local/lib/python3.12/site-packages/airflow/example_dags/tutorial.py
[2025-02-25T23:44:57.927+0000] {processor.py:914} INFO - Processing file /home/airflow/.local/lib/python3.12/site-packages/airflow/example_dags/tutorial.py for tasks to queue
[2025-02-25T23:44:57.929+0000] {logging_mixin.py:190} INFO - [2025-02-25T23:44:57.929+0000] {dagbag.py:588} INFO - Filling up the DagBag from /home/airflow/.local/lib/python3.12/site-packages/airflow/example_dags/tutorial.py
[2025-02-25T23:44:57.933+0000] {processor.py:925} INFO - DAG(s) 'tutorial' retrieved from /home/airflow/.local/lib/python3.12/site-packages/airflow/example_dags/tutorial.py
[2025-02-25T23:44:57.945+0000] {logging_mixin.py:190} INFO - [2025-02-25T23:44:57.944+0000] {dag.py:3239} INFO - Sync 1 DAGs
[2025-02-25T23:44:57.958+0000] {logging_mixin.py:190} INFO - [2025-02-25T23:44:57.958+0000] {dag.py:4180} INFO - Setting next_dagrun for tutorial to 2025-02-24 00:00:00+00:00, run_after=2025-02-25 00:00:00+00:00
[2025-02-25T23:44:57.970+0000] {processor.py:208} INFO - Processing /home/airflow/.local/lib/python3.12/site-packages/airflow/example_dags/tutorial.py took 0.047 seconds
[2025-02-25T23:45:28.609+0000] {processor.py:186} INFO - Started process (PID=502) to work on /home/airflow/.local/lib/python3.12/site-packages/airflow/example_dags/tutorial.py
[2025-02-25T23:45:28.609+0000] {processor.py:914} INFO - Processing file /home/airflow/.local/lib/python3.12/site-packages/airflow/example_dags/tutorial.py for tasks to queue
[2025-02-25T23:45:28.611+0000] {logging_mixin.py:190} INFO - [2025-02-25T23:45:28.610+0000] {dagbag.py:588} INFO - Filling up the DagBag from /home/airflow/.local/lib/python3.12/site-packages/airflow/example_dags/tutorial.py
[2025-02-25T23:45:28.615+0000] {processor.py:925} INFO - DAG(s) 'tutorial' retrieved from /home/airflow/.local/lib/python3.12/site-packages/airflow/example_dags/tutorial.py
[2025-02-25T23:45:28.626+0000] {logging_mixin.py:190} INFO - [2025-02-25T23:45:28.626+0000] {dag.py:3239} INFO - Sync 1 DAGs
[2025-02-25T23:45:28.639+0000] {logging_mixin.py:190} INFO - [2025-02-25T23:45:28.639+0000] {dag.py:4180} INFO - Setting next_dagrun for tutorial to 2025-02-24 00:00:00+00:00, run_after=2025-02-25 00:00:00+00:00
[2025-02-25T23:45:28.649+0000] {processor.py:208} INFO - Processing /home/airflow/.local/lib/python3.12/site-packages/airflow/example_dags/tutorial.py took 0.043 seconds
[2025-02-25T23:45:59.455+0000] {processor.py:186} INFO - Started process (PID=565) to work on /home/airflow/.local/lib/python3.12/site-packages/airflow/example_dags/tutorial.py
[2025-02-25T23:45:59.456+0000] {processor.py:914} INFO - Processing file /home/airflow/.local/lib/python3.12/site-packages/airflow/example_dags/tutorial.py for tasks to queue
[2025-02-25T23:45:59.458+0000] {logging_mixin.py:190} INFO - [2025-02-25T23:45:59.457+0000] {dagbag.py:588} INFO - Filling up the DagBag from /home/airflow/.local/lib/python3.12/site-packages/airflow/example_dags/tutorial.py
[2025-02-25T23:45:59.462+0000] {processor.py:925} INFO - DAG(s) 'tutorial' retrieved from /home/airflow/.local/lib/python3.12/site-packages/airflow/example_dags/tutorial.py
[2025-02-25T23:45:59.473+0000] {logging_mixin.py:190} INFO - [2025-02-25T23:45:59.473+0000] {dag.py:3239} INFO - Sync 1 DAGs
[2025-02-25T23:45:59.486+0000] {logging_mixin.py:190} INFO - [2025-02-25T23:45:59.486+0000] {dag.py:4180} INFO - Setting next_dagrun for tutorial to 2025-02-24 00:00:00+00:00, run_after=2025-02-25 00:00:00+00:00
[2025-02-25T23:45:59.497+0000] {processor.py:208} INFO - Processing /home/airflow/.local/lib/python3.12/site-packages/airflow/example_dags/tutorial.py took 0.045 seconds
[2025-02-25T23:46:30.348+0000] {processor.py:186} INFO - Started process (PID=622) to work on /home/airflow/.local/lib/python3.12/site-packages/airflow/example_dags/tutorial.py
[2025-02-25T23:46:30.349+0000] {processor.py:914} INFO - Processing file /home/airflow/.local/lib/python3.12/site-packages/airflow/example_dags/tutorial.py for tasks to queue
[2025-02-25T23:46:30.350+0000] {logging_mixin.py:190} INFO - [2025-02-25T23:46:30.350+0000] {dagbag.py:588} INFO - Filling up the DagBag from /home/airflow/.local/lib/python3.12/site-packages/airflow/example_dags/tutorial.py
[2025-02-25T23:46:30.355+0000] {processor.py:925} INFO - DAG(s) 'tutorial' retrieved from /home/airflow/.local/lib/python3.12/site-packages/airflow/example_dags/tutorial.py
[2025-02-25T23:46:30.368+0000] {logging_mixin.py:190} INFO - [2025-02-25T23:46:30.367+0000] {dag.py:3239} INFO - Sync 1 DAGs
[2025-02-25T23:46:30.381+0000] {logging_mixin.py:190} INFO - [2025-02-25T23:46:30.381+0000] {dag.py:4180} INFO - Setting next_dagrun for tutorial to 2025-02-24 00:00:00+00:00, run_after=2025-02-25 00:00:00+00:00
[2025-02-25T23:46:30.391+0000] {processor.py:208} INFO - Processing /home/airflow/.local/lib/python3.12/site-packages/airflow/example_dags/tutorial.py took 0.046 seconds
[2025-02-25T23:47:04.048+0000] {processor.py:186} INFO - Started process (PID=691) to work on /home/airflow/.local/lib/python3.12/site-packages/airflow/example_dags/tutorial.py
[2025-02-25T23:47:04.049+0000] {processor.py:914} INFO - Processing file /home/airflow/.local/lib/python3.12/site-packages/airflow/example_dags/tutorial.py for tasks to queue
[2025-02-25T23:47:04.050+0000] {logging_mixin.py:190} INFO - [2025-02-25T23:47:04.050+0000] {dagbag.py:588} INFO - Filling up the DagBag from /home/airflow/.local/lib/python3.12/site-packages/airflow/example_dags/tutorial.py
[2025-02-25T23:47:04.055+0000] {processor.py:925} INFO - DAG(s) 'tutorial' retrieved from /home/airflow/.local/lib/python3.12/site-packages/airflow/example_dags/tutorial.py
[2025-02-25T23:47:04.067+0000] {logging_mixin.py:190} INFO - [2025-02-25T23:47:04.066+0000] {dag.py:3239} INFO - Sync 1 DAGs
[2025-02-25T23:47:04.080+0000] {logging_mixin.py:190} INFO - [2025-02-25T23:47:04.080+0000] {dag.py:4180} INFO - Setting next_dagrun for tutorial to 2025-02-24 00:00:00+00:00, run_after=2025-02-25 00:00:00+00:00
[2025-02-25T23:47:04.091+0000] {processor.py:208} INFO - Processing /home/airflow/.local/lib/python3.12/site-packages/airflow/example_dags/tutorial.py took 0.046 seconds
[2025-02-25T23:47:34.865+0000] {processor.py:186} INFO - Started process (PID=755) to work on /home/airflow/.local/lib/python3.12/site-packages/airflow/example_dags/tutorial.py
[2025-02-25T23:47:34.865+0000] {processor.py:914} INFO - Processing file /home/airflow/.local/lib/python3.12/site-packages/airflow/example_dags/tutorial.py for tasks to queue
[2025-02-25T23:47:34.867+0000] {logging_mixin.py:190} INFO - [2025-02-25T23:47:34.866+0000] {dagbag.py:588} INFO - Filling up the DagBag from /home/airflow/.local/lib/python3.12/site-packages/airflow/example_dags/tutorial.py
[2025-02-25T23:47:34.871+0000] {processor.py:925} INFO - DAG(s) 'tutorial' retrieved from /home/airflow/.local/lib/python3.12/site-packages/airflow/example_dags/tutorial.py
[2025-02-25T23:47:34.884+0000] {logging_mixin.py:190} INFO - [2025-02-25T23:47:34.884+0000] {dag.py:3239} INFO - Sync 1 DAGs
[2025-02-25T23:47:34.897+0000] {logging_mixin.py:190} INFO - [2025-02-25T23:47:34.897+0000] {dag.py:4180} INFO - Setting next_dagrun for tutorial to 2025-02-24 00:00:00+00:00, run_after=2025-02-25 00:00:00+00:00
[2025-02-25T23:47:34.908+0000] {processor.py:208} INFO - Processing /home/airflow/.local/lib/python3.12/site-packages/airflow/example_dags/tutorial.py took 0.047 seconds
[2025-02-25T23:48:05.568+0000] {processor.py:186} INFO - Started process (PID=812) to work on /home/airflow/.local/lib/python3.12/site-packages/airflow/example_dags/tutorial.py
[2025-02-25T23:48:05.569+0000] {processor.py:914} INFO - Processing file /home/airflow/.local/lib/python3.12/site-packages/airflow/example_dags/tutorial.py for tasks to queue
[2025-02-25T23:48:05.570+0000] {logging_mixin.py:190} INFO - [2025-02-25T23:48:05.570+0000] {dagbag.py:588} INFO - Filling up the DagBag from /home/airflow/.local/lib/python3.12/site-packages/airflow/example_dags/tutorial.py
[2025-02-25T23:48:05.575+0000] {processor.py:925} INFO - DAG(s) 'tutorial' retrieved from /home/airflow/.local/lib/python3.12/site-packages/airflow/example_dags/tutorial.py
[2025-02-25T23:48:05.587+0000] {logging_mixin.py:190} INFO - [2025-02-25T23:48:05.587+0000] {dag.py:3239} INFO - Sync 1 DAGs
[2025-02-25T23:48:05.602+0000] {logging_mixin.py:190} INFO - [2025-02-25T23:48:05.601+0000] {dag.py:4180} INFO - Setting next_dagrun for tutorial to 2025-02-24 00:00:00+00:00, run_after=2025-02-25 00:00:00+00:00
[2025-02-25T23:48:05.617+0000] {processor.py:208} INFO - Processing /home/airflow/.local/lib/python3.12/site-packages/airflow/example_dags/tutorial.py took 0.052 seconds
[2025-02-25T23:48:36.495+0000] {processor.py:186} INFO - Started process (PID=875) to work on /home/airflow/.local/lib/python3.12/site-packages/airflow/example_dags/tutorial.py
[2025-02-25T23:48:36.496+0000] {processor.py:914} INFO - Processing file /home/airflow/.local/lib/python3.12/site-packages/airflow/example_dags/tutorial.py for tasks to queue
[2025-02-25T23:48:36.497+0000] {logging_mixin.py:190} INFO - [2025-02-25T23:48:36.496+0000] {dagbag.py:588} INFO - Filling up the DagBag from /home/airflow/.local/lib/python3.12/site-packages/airflow/example_dags/tutorial.py
[2025-02-25T23:48:36.501+0000] {processor.py:925} INFO - DAG(s) 'tutorial' retrieved from /home/airflow/.local/lib/python3.12/site-packages/airflow/example_dags/tutorial.py
[2025-02-25T23:48:36.512+0000] {logging_mixin.py:190} INFO - [2025-02-25T23:48:36.512+0000] {dag.py:3239} INFO - Sync 1 DAGs
[2025-02-25T23:48:36.524+0000] {logging_mixin.py:190} INFO - [2025-02-25T23:48:36.524+0000] {dag.py:4180} INFO - Setting next_dagrun for tutorial to 2025-02-24 00:00:00+00:00, run_after=2025-02-25 00:00:00+00:00
[2025-02-25T23:48:36.535+0000] {processor.py:208} INFO - Processing /home/airflow/.local/lib/python3.12/site-packages/airflow/example_dags/tutorial.py took 0.044 seconds
[2025-02-25T23:49:06.625+0000] {processor.py:186} INFO - Started process (PID=937) to work on /home/airflow/.local/lib/python3.12/site-packages/airflow/example_dags/tutorial.py
[2025-02-25T23:49:06.626+0000] {processor.py:914} INFO - Processing file /home/airflow/.local/lib/python3.12/site-packages/airflow/example_dags/tutorial.py for tasks to queue
[2025-02-25T23:49:06.627+0000] {logging_mixin.py:190} INFO - [2025-02-25T23:49:06.627+0000] {dagbag.py:588} INFO - Filling up the DagBag from /home/airflow/.local/lib/python3.12/site-packages/airflow/example_dags/tutorial.py
[2025-02-25T23:49:06.632+0000] {processor.py:925} INFO - DAG(s) 'tutorial' retrieved from /home/airflow/.local/lib/python3.12/site-packages/airflow/example_dags/tutorial.py
[2025-02-25T23:49:06.643+0000] {logging_mixin.py:190} INFO - [2025-02-25T23:49:06.643+0000] {dag.py:3239} INFO - Sync 1 DAGs
[2025-02-25T23:49:06.656+0000] {logging_mixin.py:190} INFO - [2025-02-25T23:49:06.656+0000] {dag.py:4180} INFO - Setting next_dagrun for tutorial to 2025-02-24 00:00:00+00:00, run_after=2025-02-25 00:00:00+00:00
[2025-02-25T23:49:06.668+0000] {processor.py:208} INFO - Processing /home/airflow/.local/lib/python3.12/site-packages/airflow/example_dags/tutorial.py took 0.046 seconds
[2025-02-25T23:49:37.085+0000] {processor.py:186} INFO - Started process (PID=1000) to work on /home/airflow/.local/lib/python3.12/site-packages/airflow/example_dags/tutorial.py
[2025-02-25T23:49:37.086+0000] {processor.py:914} INFO - Processing file /home/airflow/.local/lib/python3.12/site-packages/airflow/example_dags/tutorial.py for tasks to queue
[2025-02-25T23:49:37.087+0000] {logging_mixin.py:190} INFO - [2025-02-25T23:49:37.087+0000] {dagbag.py:588} INFO - Filling up the DagBag from /home/airflow/.local/lib/python3.12/site-packages/airflow/example_dags/tutorial.py
[2025-02-25T23:49:37.092+0000] {processor.py:925} INFO - DAG(s) 'tutorial' retrieved from /home/airflow/.local/lib/python3.12/site-packages/airflow/example_dags/tutorial.py
[2025-02-25T23:49:37.103+0000] {logging_mixin.py:190} INFO - [2025-02-25T23:49:37.103+0000] {dag.py:3239} INFO - Sync 1 DAGs
[2025-02-25T23:49:37.119+0000] {logging_mixin.py:190} INFO - [2025-02-25T23:49:37.119+0000] {dag.py:4180} INFO - Setting next_dagrun for tutorial to 2025-02-24 00:00:00+00:00, run_after=2025-02-25 00:00:00+00:00
[2025-02-25T23:49:37.133+0000] {processor.py:208} INFO - Processing /home/airflow/.local/lib/python3.12/site-packages/airflow/example_dags/tutorial.py took 0.051 seconds
[2025-02-25T23:50:07.740+0000] {processor.py:186} INFO - Started process (PID=1063) to work on /home/airflow/.local/lib/python3.12/site-packages/airflow/example_dags/tutorial.py
[2025-02-25T23:50:07.741+0000] {processor.py:914} INFO - Processing file /home/airflow/.local/lib/python3.12/site-packages/airflow/example_dags/tutorial.py for tasks to queue
[2025-02-25T23:50:07.742+0000] {logging_mixin.py:190} INFO - [2025-02-25T23:50:07.742+0000] {dagbag.py:588} INFO - Filling up the DagBag from /home/airflow/.local/lib/python3.12/site-packages/airflow/example_dags/tutorial.py
[2025-02-25T23:50:07.747+0000] {processor.py:925} INFO - DAG(s) 'tutorial' retrieved from /home/airflow/.local/lib/python3.12/site-packages/airflow/example_dags/tutorial.py
[2025-02-25T23:50:07.760+0000] {logging_mixin.py:190} INFO - [2025-02-25T23:50:07.759+0000] {dag.py:3239} INFO - Sync 1 DAGs
[2025-02-25T23:50:07.773+0000] {logging_mixin.py:190} INFO - [2025-02-25T23:50:07.773+0000] {dag.py:4180} INFO - Setting next_dagrun for tutorial to 2025-02-24 00:00:00+00:00, run_after=2025-02-25 00:00:00+00:00
[2025-02-25T23:50:07.786+0000] {processor.py:208} INFO - Processing /home/airflow/.local/lib/python3.12/site-packages/airflow/example_dags/tutorial.py took 0.050 seconds
[2025-02-25T23:50:38.227+0000] {processor.py:186} INFO - Started process (PID=1126) to work on /home/airflow/.local/lib/python3.12/site-packages/airflow/example_dags/tutorial.py
[2025-02-25T23:50:38.228+0000] {processor.py:914} INFO - Processing file /home/airflow/.local/lib/python3.12/site-packages/airflow/example_dags/tutorial.py for tasks to queue
[2025-02-25T23:50:38.229+0000] {logging_mixin.py:190} INFO - [2025-02-25T23:50:38.229+0000] {dagbag.py:588} INFO - Filling up the DagBag from /home/airflow/.local/lib/python3.12/site-packages/airflow/example_dags/tutorial.py
[2025-02-25T23:50:38.234+0000] {processor.py:925} INFO - DAG(s) 'tutorial' retrieved from /home/airflow/.local/lib/python3.12/site-packages/airflow/example_dags/tutorial.py
[2025-02-25T23:50:38.245+0000] {logging_mixin.py:190} INFO - [2025-02-25T23:50:38.245+0000] {dag.py:3239} INFO - Sync 1 DAGs
[2025-02-25T23:50:38.259+0000] {logging_mixin.py:190} INFO - [2025-02-25T23:50:38.259+0000] {dag.py:4180} INFO - Setting next_dagrun for tutorial to 2025-02-24 00:00:00+00:00, run_after=2025-02-25 00:00:00+00:00
[2025-02-25T23:50:38.274+0000] {processor.py:208} INFO - Processing /home/airflow/.local/lib/python3.12/site-packages/airflow/example_dags/tutorial.py took 0.051 seconds
[2025-02-25T23:51:10.662+0000] {processor.py:186} INFO - Started process (PID=1190) to work on /home/airflow/.local/lib/python3.12/site-packages/airflow/example_dags/tutorial.py
[2025-02-25T23:51:10.663+0000] {processor.py:914} INFO - Processing file /home/airflow/.local/lib/python3.12/site-packages/airflow/example_dags/tutorial.py for tasks to queue
[2025-02-25T23:51:10.665+0000] {logging_mixin.py:190} INFO - [2025-02-25T23:51:10.664+0000] {dagbag.py:588} INFO - Filling up the DagBag from /home/airflow/.local/lib/python3.12/site-packages/airflow/example_dags/tutorial.py
[2025-02-25T23:51:10.669+0000] {processor.py:925} INFO - DAG(s) 'tutorial' retrieved from /home/airflow/.local/lib/python3.12/site-packages/airflow/example_dags/tutorial.py
[2025-02-25T23:51:10.681+0000] {logging_mixin.py:190} INFO - [2025-02-25T23:51:10.681+0000] {dag.py:3239} INFO - Sync 1 DAGs
[2025-02-25T23:51:10.694+0000] {logging_mixin.py:190} INFO - [2025-02-25T23:51:10.694+0000] {dag.py:4180} INFO - Setting next_dagrun for tutorial to 2025-02-24 00:00:00+00:00, run_after=2025-02-25 00:00:00+00:00
[2025-02-25T23:51:10.704+0000] {processor.py:208} INFO - Processing /home/airflow/.local/lib/python3.12/site-packages/airflow/example_dags/tutorial.py took 0.045 seconds
[2025-02-25T23:51:41.356+0000] {processor.py:186} INFO - Started process (PID=1253) to work on /home/airflow/.local/lib/python3.12/site-packages/airflow/example_dags/tutorial.py
[2025-02-25T23:51:41.357+0000] {processor.py:914} INFO - Processing file /home/airflow/.local/lib/python3.12/site-packages/airflow/example_dags/tutorial.py for tasks to queue
[2025-02-25T23:51:41.358+0000] {logging_mixin.py:190} INFO - [2025-02-25T23:51:41.358+0000] {dagbag.py:588} INFO - Filling up the DagBag from /home/airflow/.local/lib/python3.12/site-packages/airflow/example_dags/tutorial.py
[2025-02-25T23:51:41.363+0000] {processor.py:925} INFO - DAG(s) 'tutorial' retrieved from /home/airflow/.local/lib/python3.12/site-packages/airflow/example_dags/tutorial.py
[2025-02-25T23:51:41.375+0000] {logging_mixin.py:190} INFO - [2025-02-25T23:51:41.375+0000] {dag.py:3239} INFO - Sync 1 DAGs
[2025-02-25T23:51:41.389+0000] {logging_mixin.py:190} INFO - [2025-02-25T23:51:41.389+0000] {dag.py:4180} INFO - Setting next_dagrun for tutorial to 2025-02-24 00:00:00+00:00, run_after=2025-02-25 00:00:00+00:00
[2025-02-25T23:51:41.400+0000] {processor.py:208} INFO - Processing /home/airflow/.local/lib/python3.12/site-packages/airflow/example_dags/tutorial.py took 0.047 seconds
[2025-02-25T23:52:12.363+0000] {processor.py:186} INFO - Started process (PID=1316) to work on /home/airflow/.local/lib/python3.12/site-packages/airflow/example_dags/tutorial.py
[2025-02-25T23:52:12.364+0000] {processor.py:914} INFO - Processing file /home/airflow/.local/lib/python3.12/site-packages/airflow/example_dags/tutorial.py for tasks to queue
[2025-02-25T23:52:12.365+0000] {logging_mixin.py:190} INFO - [2025-02-25T23:52:12.365+0000] {dagbag.py:588} INFO - Filling up the DagBag from /home/airflow/.local/lib/python3.12/site-packages/airflow/example_dags/tutorial.py
[2025-02-25T23:52:12.370+0000] {processor.py:925} INFO - DAG(s) 'tutorial' retrieved from /home/airflow/.local/lib/python3.12/site-packages/airflow/example_dags/tutorial.py
[2025-02-25T23:52:12.382+0000] {logging_mixin.py:190} INFO - [2025-02-25T23:52:12.382+0000] {dag.py:3239} INFO - Sync 1 DAGs
[2025-02-25T23:52:12.397+0000] {logging_mixin.py:190} INFO - [2025-02-25T23:52:12.396+0000] {dag.py:4180} INFO - Setting next_dagrun for tutorial to 2025-02-24 00:00:00+00:00, run_after=2025-02-25 00:00:00+00:00
[2025-02-25T23:52:12.407+0000] {processor.py:208} INFO - Processing /home/airflow/.local/lib/python3.12/site-packages/airflow/example_dags/tutorial.py took 0.047 seconds
[2025-02-25T23:52:43.449+0000] {processor.py:186} INFO - Started process (PID=1379) to work on /home/airflow/.local/lib/python3.12/site-packages/airflow/example_dags/tutorial.py
[2025-02-25T23:52:43.450+0000] {processor.py:914} INFO - Processing file /home/airflow/.local/lib/python3.12/site-packages/airflow/example_dags/tutorial.py for tasks to queue
[2025-02-25T23:52:43.451+0000] {logging_mixin.py:190} INFO - [2025-02-25T23:52:43.451+0000] {dagbag.py:588} INFO - Filling up the DagBag from /home/airflow/.local/lib/python3.12/site-packages/airflow/example_dags/tutorial.py
[2025-02-25T23:52:43.456+0000] {processor.py:925} INFO - DAG(s) 'tutorial' retrieved from /home/airflow/.local/lib/python3.12/site-packages/airflow/example_dags/tutorial.py
[2025-02-25T23:52:43.469+0000] {logging_mixin.py:190} INFO - [2025-02-25T23:52:43.468+0000] {dag.py:3239} INFO - Sync 1 DAGs
[2025-02-25T23:52:43.482+0000] {logging_mixin.py:190} INFO - [2025-02-25T23:52:43.482+0000] {dag.py:4180} INFO - Setting next_dagrun for tutorial to 2025-02-24 00:00:00+00:00, run_after=2025-02-25 00:00:00+00:00
[2025-02-25T23:52:43.493+0000] {processor.py:208} INFO - Processing /home/airflow/.local/lib/python3.12/site-packages/airflow/example_dags/tutorial.py took 0.047 seconds
[2025-02-25T23:53:14.393+0000] {processor.py:186} INFO - Started process (PID=1443) to work on /home/airflow/.local/lib/python3.12/site-packages/airflow/example_dags/tutorial.py
[2025-02-25T23:53:14.394+0000] {processor.py:914} INFO - Processing file /home/airflow/.local/lib/python3.12/site-packages/airflow/example_dags/tutorial.py for tasks to queue
[2025-02-25T23:53:14.395+0000] {logging_mixin.py:190} INFO - [2025-02-25T23:53:14.395+0000] {dagbag.py:588} INFO - Filling up the DagBag from /home/airflow/.local/lib/python3.12/site-packages/airflow/example_dags/tutorial.py
[2025-02-25T23:53:14.400+0000] {processor.py:925} INFO - DAG(s) 'tutorial' retrieved from /home/airflow/.local/lib/python3.12/site-packages/airflow/example_dags/tutorial.py
[2025-02-25T23:53:14.413+0000] {logging_mixin.py:190} INFO - [2025-02-25T23:53:14.412+0000] {dag.py:3239} INFO - Sync 1 DAGs
[2025-02-25T23:53:14.427+0000] {logging_mixin.py:190} INFO - [2025-02-25T23:53:14.427+0000] {dag.py:4180} INFO - Setting next_dagrun for tutorial to 2025-02-24 00:00:00+00:00, run_after=2025-02-25 00:00:00+00:00
[2025-02-25T23:53:14.441+0000] {processor.py:208} INFO - Processing /home/airflow/.local/lib/python3.12/site-packages/airflow/example_dags/tutorial.py took 0.051 seconds
[2025-02-25T23:53:45.419+0000] {processor.py:186} INFO - Started process (PID=1506) to work on /home/airflow/.local/lib/python3.12/site-packages/airflow/example_dags/tutorial.py
[2025-02-25T23:53:45.419+0000] {processor.py:914} INFO - Processing file /home/airflow/.local/lib/python3.12/site-packages/airflow/example_dags/tutorial.py for tasks to queue
[2025-02-25T23:53:45.421+0000] {logging_mixin.py:190} INFO - [2025-02-25T23:53:45.421+0000] {dagbag.py:588} INFO - Filling up the DagBag from /home/airflow/.local/lib/python3.12/site-packages/airflow/example_dags/tutorial.py
[2025-02-25T23:53:45.425+0000] {processor.py:925} INFO - DAG(s) 'tutorial' retrieved from /home/airflow/.local/lib/python3.12/site-packages/airflow/example_dags/tutorial.py
[2025-02-25T23:53:45.437+0000] {logging_mixin.py:190} INFO - [2025-02-25T23:53:45.437+0000] {dag.py:3239} INFO - Sync 1 DAGs
[2025-02-25T23:53:45.451+0000] {logging_mixin.py:190} INFO - [2025-02-25T23:53:45.451+0000] {dag.py:4180} INFO - Setting next_dagrun for tutorial to 2025-02-24 00:00:00+00:00, run_after=2025-02-25 00:00:00+00:00
[2025-02-25T23:53:45.462+0000] {processor.py:208} INFO - Processing /home/airflow/.local/lib/python3.12/site-packages/airflow/example_dags/tutorial.py took 0.047 seconds
[2025-02-25T23:54:16.312+0000] {processor.py:186} INFO - Started process (PID=1569) to work on /home/airflow/.local/lib/python3.12/site-packages/airflow/example_dags/tutorial.py
[2025-02-25T23:54:16.312+0000] {processor.py:914} INFO - Processing file /home/airflow/.local/lib/python3.12/site-packages/airflow/example_dags/tutorial.py for tasks to queue
[2025-02-25T23:54:16.314+0000] {logging_mixin.py:190} INFO - [2025-02-25T23:54:16.314+0000] {dagbag.py:588} INFO - Filling up the DagBag from /home/airflow/.local/lib/python3.12/site-packages/airflow/example_dags/tutorial.py
[2025-02-25T23:54:16.318+0000] {processor.py:925} INFO - DAG(s) 'tutorial' retrieved from /home/airflow/.local/lib/python3.12/site-packages/airflow/example_dags/tutorial.py
[2025-02-25T23:54:16.331+0000] {logging_mixin.py:190} INFO - [2025-02-25T23:54:16.331+0000] {dag.py:3239} INFO - Sync 1 DAGs
[2025-02-25T23:54:16.344+0000] {logging_mixin.py:190} INFO - [2025-02-25T23:54:16.344+0000] {dag.py:4180} INFO - Setting next_dagrun for tutorial to 2025-02-24 00:00:00+00:00, run_after=2025-02-25 00:00:00+00:00
[2025-02-25T23:54:16.357+0000] {processor.py:208} INFO - Processing /home/airflow/.local/lib/python3.12/site-packages/airflow/example_dags/tutorial.py took 0.049 seconds
[2025-02-25T23:54:47.247+0000] {processor.py:186} INFO - Started process (PID=1632) to work on /home/airflow/.local/lib/python3.12/site-packages/airflow/example_dags/tutorial.py
[2025-02-25T23:54:47.248+0000] {processor.py:914} INFO - Processing file /home/airflow/.local/lib/python3.12/site-packages/airflow/example_dags/tutorial.py for tasks to queue
[2025-02-25T23:54:47.250+0000] {logging_mixin.py:190} INFO - [2025-02-25T23:54:47.249+0000] {dagbag.py:588} INFO - Filling up the DagBag from /home/airflow/.local/lib/python3.12/site-packages/airflow/example_dags/tutorial.py
[2025-02-25T23:54:47.254+0000] {processor.py:925} INFO - DAG(s) 'tutorial' retrieved from /home/airflow/.local/lib/python3.12/site-packages/airflow/example_dags/tutorial.py
[2025-02-25T23:54:47.267+0000] {logging_mixin.py:190} INFO - [2025-02-25T23:54:47.267+0000] {dag.py:3239} INFO - Sync 1 DAGs
[2025-02-25T23:54:47.281+0000] {logging_mixin.py:190} INFO - [2025-02-25T23:54:47.281+0000] {dag.py:4180} INFO - Setting next_dagrun for tutorial to 2025-02-24 00:00:00+00:00, run_after=2025-02-25 00:00:00+00:00
[2025-02-25T23:54:47.294+0000] {processor.py:208} INFO - Processing /home/airflow/.local/lib/python3.12/site-packages/airflow/example_dags/tutorial.py took 0.050 seconds
[2025-02-25T23:55:17.522+0000] {processor.py:186} INFO - Started process (PID=1694) to work on /home/airflow/.local/lib/python3.12/site-packages/airflow/example_dags/tutorial.py
[2025-02-25T23:55:17.523+0000] {processor.py:914} INFO - Processing file /home/airflow/.local/lib/python3.12/site-packages/airflow/example_dags/tutorial.py for tasks to queue
[2025-02-25T23:55:17.524+0000] {logging_mixin.py:190} INFO - [2025-02-25T23:55:17.524+0000] {dagbag.py:588} INFO - Filling up the DagBag from /home/airflow/.local/lib/python3.12/site-packages/airflow/example_dags/tutorial.py
[2025-02-25T23:55:17.529+0000] {processor.py:925} INFO - DAG(s) 'tutorial' retrieved from /home/airflow/.local/lib/python3.12/site-packages/airflow/example_dags/tutorial.py
[2025-02-25T23:55:17.541+0000] {logging_mixin.py:190} INFO - [2025-02-25T23:55:17.541+0000] {dag.py:3239} INFO - Sync 1 DAGs
[2025-02-25T23:55:17.555+0000] {logging_mixin.py:190} INFO - [2025-02-25T23:55:17.555+0000] {dag.py:4180} INFO - Setting next_dagrun for tutorial to 2025-02-24 00:00:00+00:00, run_after=2025-02-25 00:00:00+00:00
[2025-02-25T23:55:17.565+0000] {processor.py:208} INFO - Processing /home/airflow/.local/lib/python3.12/site-packages/airflow/example_dags/tutorial.py took 0.046 seconds
[2025-02-25T23:55:48.461+0000] {processor.py:186} INFO - Started process (PID=1757) to work on /home/airflow/.local/lib/python3.12/site-packages/airflow/example_dags/tutorial.py
[2025-02-25T23:55:48.462+0000] {processor.py:914} INFO - Processing file /home/airflow/.local/lib/python3.12/site-packages/airflow/example_dags/tutorial.py for tasks to queue
[2025-02-25T23:55:48.463+0000] {logging_mixin.py:190} INFO - [2025-02-25T23:55:48.463+0000] {dagbag.py:588} INFO - Filling up the DagBag from /home/airflow/.local/lib/python3.12/site-packages/airflow/example_dags/tutorial.py
[2025-02-25T23:55:48.468+0000] {processor.py:925} INFO - DAG(s) 'tutorial' retrieved from /home/airflow/.local/lib/python3.12/site-packages/airflow/example_dags/tutorial.py
[2025-02-25T23:55:48.480+0000] {logging_mixin.py:190} INFO - [2025-02-25T23:55:48.480+0000] {dag.py:3239} INFO - Sync 1 DAGs
[2025-02-25T23:55:48.494+0000] {logging_mixin.py:190} INFO - [2025-02-25T23:55:48.493+0000] {dag.py:4180} INFO - Setting next_dagrun for tutorial to 2025-02-24 00:00:00+00:00, run_after=2025-02-25 00:00:00+00:00
[2025-02-25T23:55:48.505+0000] {processor.py:208} INFO - Processing /home/airflow/.local/lib/python3.12/site-packages/airflow/example_dags/tutorial.py took 0.047 seconds
[2025-02-25T23:56:19.300+0000] {processor.py:186} INFO - Started process (PID=1820) to work on /home/airflow/.local/lib/python3.12/site-packages/airflow/example_dags/tutorial.py
[2025-02-25T23:56:19.301+0000] {processor.py:914} INFO - Processing file /home/airflow/.local/lib/python3.12/site-packages/airflow/example_dags/tutorial.py for tasks to queue
[2025-02-25T23:56:19.302+0000] {logging_mixin.py:190} INFO - [2025-02-25T23:56:19.302+0000] {dagbag.py:588} INFO - Filling up the DagBag from /home/airflow/.local/lib/python3.12/site-packages/airflow/example_dags/tutorial.py
[2025-02-25T23:56:19.307+0000] {processor.py:925} INFO - DAG(s) 'tutorial' retrieved from /home/airflow/.local/lib/python3.12/site-packages/airflow/example_dags/tutorial.py
[2025-02-25T23:56:19.319+0000] {logging_mixin.py:190} INFO - [2025-02-25T23:56:19.319+0000] {dag.py:3239} INFO - Sync 1 DAGs
[2025-02-25T23:56:19.333+0000] {logging_mixin.py:190} INFO - [2025-02-25T23:56:19.333+0000] {dag.py:4180} INFO - Setting next_dagrun for tutorial to 2025-02-24 00:00:00+00:00, run_after=2025-02-25 00:00:00+00:00
[2025-02-25T23:56:19.345+0000] {processor.py:208} INFO - Processing /home/airflow/.local/lib/python3.12/site-packages/airflow/example_dags/tutorial.py took 0.048 seconds
[2025-02-25T23:56:50.424+0000] {processor.py:186} INFO - Started process (PID=1877) to work on /home/airflow/.local/lib/python3.12/site-packages/airflow/example_dags/tutorial.py
[2025-02-25T23:56:50.425+0000] {processor.py:914} INFO - Processing file /home/airflow/.local/lib/python3.12/site-packages/airflow/example_dags/tutorial.py for tasks to queue
[2025-02-25T23:56:50.426+0000] {logging_mixin.py:190} INFO - [2025-02-25T23:56:50.426+0000] {dagbag.py:588} INFO - Filling up the DagBag from /home/airflow/.local/lib/python3.12/site-packages/airflow/example_dags/tutorial.py
[2025-02-25T23:56:50.430+0000] {processor.py:925} INFO - DAG(s) 'tutorial' retrieved from /home/airflow/.local/lib/python3.12/site-packages/airflow/example_dags/tutorial.py
[2025-02-25T23:56:50.442+0000] {logging_mixin.py:190} INFO - [2025-02-25T23:56:50.442+0000] {dag.py:3239} INFO - Sync 1 DAGs
[2025-02-25T23:56:50.454+0000] {logging_mixin.py:190} INFO - [2025-02-25T23:56:50.454+0000] {dag.py:4180} INFO - Setting next_dagrun for tutorial to 2025-02-24 00:00:00+00:00, run_after=2025-02-25 00:00:00+00:00
[2025-02-25T23:56:50.465+0000] {processor.py:208} INFO - Processing /home/airflow/.local/lib/python3.12/site-packages/airflow/example_dags/tutorial.py took 0.045 seconds
[2025-02-25T23:57:21.370+0000] {processor.py:186} INFO - Started process (PID=1940) to work on /home/airflow/.local/lib/python3.12/site-packages/airflow/example_dags/tutorial.py
[2025-02-25T23:57:21.371+0000] {processor.py:914} INFO - Processing file /home/airflow/.local/lib/python3.12/site-packages/airflow/example_dags/tutorial.py for tasks to queue
[2025-02-25T23:57:21.372+0000] {logging_mixin.py:190} INFO - [2025-02-25T23:57:21.372+0000] {dagbag.py:588} INFO - Filling up the DagBag from /home/airflow/.local/lib/python3.12/site-packages/airflow/example_dags/tutorial.py
[2025-02-25T23:57:21.376+0000] {processor.py:925} INFO - DAG(s) 'tutorial' retrieved from /home/airflow/.local/lib/python3.12/site-packages/airflow/example_dags/tutorial.py
[2025-02-25T23:57:21.388+0000] {logging_mixin.py:190} INFO - [2025-02-25T23:57:21.388+0000] {dag.py:3239} INFO - Sync 1 DAGs
[2025-02-25T23:57:21.402+0000] {logging_mixin.py:190} INFO - [2025-02-25T23:57:21.402+0000] {dag.py:4180} INFO - Setting next_dagrun for tutorial to 2025-02-24 00:00:00+00:00, run_after=2025-02-25 00:00:00+00:00
[2025-02-25T23:57:21.413+0000] {processor.py:208} INFO - Processing /home/airflow/.local/lib/python3.12/site-packages/airflow/example_dags/tutorial.py took 0.047 seconds
[2025-02-25T23:57:55.138+0000] {processor.py:186} INFO - Started process (PID=2004) to work on /home/airflow/.local/lib/python3.12/site-packages/airflow/example_dags/tutorial.py
[2025-02-25T23:57:55.139+0000] {processor.py:914} INFO - Processing file /home/airflow/.local/lib/python3.12/site-packages/airflow/example_dags/tutorial.py for tasks to queue
[2025-02-25T23:57:55.140+0000] {logging_mixin.py:190} INFO - [2025-02-25T23:57:55.140+0000] {dagbag.py:588} INFO - Filling up the DagBag from /home/airflow/.local/lib/python3.12/site-packages/airflow/example_dags/tutorial.py
[2025-02-25T23:57:55.145+0000] {processor.py:925} INFO - DAG(s) 'tutorial' retrieved from /home/airflow/.local/lib/python3.12/site-packages/airflow/example_dags/tutorial.py
[2025-02-25T23:57:55.157+0000] {logging_mixin.py:190} INFO - [2025-02-25T23:57:55.157+0000] {dag.py:3239} INFO - Sync 1 DAGs
[2025-02-25T23:57:55.170+0000] {logging_mixin.py:190} INFO - [2025-02-25T23:57:55.170+0000] {dag.py:4180} INFO - Setting next_dagrun for tutorial to 2025-02-24 00:00:00+00:00, run_after=2025-02-25 00:00:00+00:00
[2025-02-25T23:57:55.181+0000] {processor.py:208} INFO - Processing /home/airflow/.local/lib/python3.12/site-packages/airflow/example_dags/tutorial.py took 0.048 seconds
[2025-02-25T23:58:25.943+0000] {processor.py:186} INFO - Started process (PID=2067) to work on /home/airflow/.local/lib/python3.12/site-packages/airflow/example_dags/tutorial.py
[2025-02-25T23:58:25.944+0000] {processor.py:914} INFO - Processing file /home/airflow/.local/lib/python3.12/site-packages/airflow/example_dags/tutorial.py for tasks to queue
[2025-02-25T23:58:25.945+0000] {logging_mixin.py:190} INFO - [2025-02-25T23:58:25.945+0000] {dagbag.py:588} INFO - Filling up the DagBag from /home/airflow/.local/lib/python3.12/site-packages/airflow/example_dags/tutorial.py
[2025-02-25T23:58:25.950+0000] {processor.py:925} INFO - DAG(s) 'tutorial' retrieved from /home/airflow/.local/lib/python3.12/site-packages/airflow/example_dags/tutorial.py
[2025-02-25T23:58:25.962+0000] {logging_mixin.py:190} INFO - [2025-02-25T23:58:25.962+0000] {dag.py:3239} INFO - Sync 1 DAGs
[2025-02-25T23:58:25.975+0000] {logging_mixin.py:190} INFO - [2025-02-25T23:58:25.974+0000] {dag.py:4180} INFO - Setting next_dagrun for tutorial to 2025-02-24 00:00:00+00:00, run_after=2025-02-25 00:00:00+00:00
[2025-02-25T23:58:25.985+0000] {processor.py:208} INFO - Processing /home/airflow/.local/lib/python3.12/site-packages/airflow/example_dags/tutorial.py took 0.045 seconds
[2025-02-25T23:58:56.595+0000] {processor.py:186} INFO - Started process (PID=2129) to work on /home/airflow/.local/lib/python3.12/site-packages/airflow/example_dags/tutorial.py
[2025-02-25T23:58:56.596+0000] {processor.py:914} INFO - Processing file /home/airflow/.local/lib/python3.12/site-packages/airflow/example_dags/tutorial.py for tasks to queue
[2025-02-25T23:58:56.597+0000] {logging_mixin.py:190} INFO - [2025-02-25T23:58:56.597+0000] {dagbag.py:588} INFO - Filling up the DagBag from /home/airflow/.local/lib/python3.12/site-packages/airflow/example_dags/tutorial.py
[2025-02-25T23:58:56.602+0000] {processor.py:925} INFO - DAG(s) 'tutorial' retrieved from /home/airflow/.local/lib/python3.12/site-packages/airflow/example_dags/tutorial.py
[2025-02-25T23:58:56.614+0000] {logging_mixin.py:190} INFO - [2025-02-25T23:58:56.614+0000] {dag.py:3239} INFO - Sync 1 DAGs
[2025-02-25T23:58:56.628+0000] {logging_mixin.py:190} INFO - [2025-02-25T23:58:56.627+0000] {dag.py:4180} INFO - Setting next_dagrun for tutorial to 2025-02-24 00:00:00+00:00, run_after=2025-02-25 00:00:00+00:00
[2025-02-25T23:58:56.637+0000] {processor.py:208} INFO - Processing /home/airflow/.local/lib/python3.12/site-packages/airflow/example_dags/tutorial.py took 0.046 seconds
[2025-02-25T23:59:27.346+0000] {processor.py:186} INFO - Started process (PID=2192) to work on /home/airflow/.local/lib/python3.12/site-packages/airflow/example_dags/tutorial.py
[2025-02-25T23:59:27.349+0000] {processor.py:914} INFO - Processing file /home/airflow/.local/lib/python3.12/site-packages/airflow/example_dags/tutorial.py for tasks to queue
[2025-02-25T23:59:27.351+0000] {logging_mixin.py:190} INFO - [2025-02-25T23:59:27.351+0000] {dagbag.py:588} INFO - Filling up the DagBag from /home/airflow/.local/lib/python3.12/site-packages/airflow/example_dags/tutorial.py
[2025-02-25T23:59:27.355+0000] {processor.py:925} INFO - DAG(s) 'tutorial' retrieved from /home/airflow/.local/lib/python3.12/site-packages/airflow/example_dags/tutorial.py
[2025-02-25T23:59:27.367+0000] {logging_mixin.py:190} INFO - [2025-02-25T23:59:27.367+0000] {dag.py:3239} INFO - Sync 1 DAGs
[2025-02-25T23:59:27.381+0000] {logging_mixin.py:190} INFO - [2025-02-25T23:59:27.381+0000] {dag.py:4180} INFO - Setting next_dagrun for tutorial to 2025-02-24 00:00:00+00:00, run_after=2025-02-25 00:00:00+00:00
[2025-02-25T23:59:27.394+0000] {processor.py:208} INFO - Processing /home/airflow/.local/lib/python3.12/site-packages/airflow/example_dags/tutorial.py took 0.051 seconds
[2025-02-25T23:59:58.699+0000] {processor.py:186} INFO - Started process (PID=2255) to work on /home/airflow/.local/lib/python3.12/site-packages/airflow/example_dags/tutorial.py
[2025-02-25T23:59:58.699+0000] {processor.py:914} INFO - Processing file /home/airflow/.local/lib/python3.12/site-packages/airflow/example_dags/tutorial.py for tasks to queue
[2025-02-25T23:59:58.701+0000] {logging_mixin.py:190} INFO - [2025-02-25T23:59:58.701+0000] {dagbag.py:588} INFO - Filling up the DagBag from /home/airflow/.local/lib/python3.12/site-packages/airflow/example_dags/tutorial.py
[2025-02-25T23:59:58.705+0000] {processor.py:925} INFO - DAG(s) 'tutorial' retrieved from /home/airflow/.local/lib/python3.12/site-packages/airflow/example_dags/tutorial.py
[2025-02-25T23:59:58.717+0000] {logging_mixin.py:190} INFO - [2025-02-25T23:59:58.717+0000] {dag.py:3239} INFO - Sync 1 DAGs
[2025-02-25T23:59:58.729+0000] {logging_mixin.py:190} INFO - [2025-02-25T23:59:58.729+0000] {dag.py:4180} INFO - Setting next_dagrun for tutorial to 2025-02-24 00:00:00+00:00, run_after=2025-02-25 00:00:00+00:00
[2025-02-25T23:59:58.739+0000] {processor.py:208} INFO - Processing /home/airflow/.local/lib/python3.12/site-packages/airflow/example_dags/tutorial.py took 0.044 seconds
