[2025-02-25T23:22:17.389+0000] {processor.py:186} INFO - Started process (PID=83) to work on /home/airflow/.local/lib/python3.12/site-packages/airflow/example_dags/tutorial_dag.py
[2025-02-25T23:22:17.390+0000] {processor.py:914} INFO - Processing file /home/airflow/.local/lib/python3.12/site-packages/airflow/example_dags/tutorial_dag.py for tasks to queue
[2025-02-25T23:22:17.392+0000] {logging_mixin.py:190} INFO - [2025-02-25T23:22:17.392+0000] {dagbag.py:588} INFO - Filling up the DagBag from /home/airflow/.local/lib/python3.12/site-packages/airflow/example_dags/tutorial_dag.py
[2025-02-25T23:22:17.397+0000] {processor.py:925} INFO - DAG(s) 'tutorial_dag' retrieved from /home/airflow/.local/lib/python3.12/site-packages/airflow/example_dags/tutorial_dag.py
[2025-02-25T23:22:17.467+0000] {logging_mixin.py:190} INFO - [2025-02-25T23:22:17.467+0000] {override.py:1912} INFO - Created Permission View: can edit on DAG:tutorial_dag
[2025-02-25T23:22:17.473+0000] {logging_mixin.py:190} INFO - [2025-02-25T23:22:17.473+0000] {override.py:1912} INFO - Created Permission View: can delete on DAG:tutorial_dag
[2025-02-25T23:22:17.477+0000] {logging_mixin.py:190} INFO - [2025-02-25T23:22:17.477+0000] {override.py:1912} INFO - Created Permission View: can read on DAG:tutorial_dag
[2025-02-25T23:22:17.481+0000] {logging_mixin.py:190} INFO - [2025-02-25T23:22:17.481+0000] {override.py:1912} INFO - Created Permission View: can delete on DAG Run:tutorial_dag
[2025-02-25T23:22:17.486+0000] {logging_mixin.py:190} INFO - [2025-02-25T23:22:17.486+0000] {override.py:1912} INFO - Created Permission View: can read on DAG Run:tutorial_dag
[2025-02-25T23:22:17.489+0000] {logging_mixin.py:190} INFO - [2025-02-25T23:22:17.489+0000] {override.py:1912} INFO - Created Permission View: menu access on DAG Run:tutorial_dag
[2025-02-25T23:22:17.493+0000] {logging_mixin.py:190} INFO - [2025-02-25T23:22:17.493+0000] {override.py:1912} INFO - Created Permission View: can create on DAG Run:tutorial_dag
[2025-02-25T23:22:17.493+0000] {logging_mixin.py:190} INFO - [2025-02-25T23:22:17.493+0000] {dag.py:3239} INFO - Sync 1 DAGs
[2025-02-25T23:22:17.500+0000] {logging_mixin.py:190} INFO - [2025-02-25T23:22:17.500+0000] {dag.py:3262} INFO - Creating ORM DAG for tutorial_dag
[2025-02-25T23:22:17.500+0000] {logging_mixin.py:190} INFO - [2025-02-25T23:22:17.500+0000] {dag.py:4180} INFO - Setting next_dagrun for tutorial_dag to None, run_after=None
[2025-02-25T23:22:17.509+0000] {processor.py:208} INFO - Processing /home/airflow/.local/lib/python3.12/site-packages/airflow/example_dags/tutorial_dag.py took 0.124 seconds
[2025-02-25T23:22:47.677+0000] {processor.py:186} INFO - Started process (PID=146) to work on /home/airflow/.local/lib/python3.12/site-packages/airflow/example_dags/tutorial_dag.py
[2025-02-25T23:22:47.677+0000] {processor.py:914} INFO - Processing file /home/airflow/.local/lib/python3.12/site-packages/airflow/example_dags/tutorial_dag.py for tasks to queue
[2025-02-25T23:22:47.679+0000] {logging_mixin.py:190} INFO - [2025-02-25T23:22:47.679+0000] {dagbag.py:588} INFO - Filling up the DagBag from /home/airflow/.local/lib/python3.12/site-packages/airflow/example_dags/tutorial_dag.py
[2025-02-25T23:22:47.683+0000] {processor.py:925} INFO - DAG(s) 'tutorial_dag' retrieved from /home/airflow/.local/lib/python3.12/site-packages/airflow/example_dags/tutorial_dag.py
[2025-02-25T23:22:47.695+0000] {logging_mixin.py:190} INFO - [2025-02-25T23:22:47.695+0000] {dag.py:3239} INFO - Sync 1 DAGs
[2025-02-25T23:22:47.703+0000] {logging_mixin.py:190} INFO - [2025-02-25T23:22:47.703+0000] {dag.py:4180} INFO - Setting next_dagrun for tutorial_dag to None, run_after=None
[2025-02-25T23:22:47.714+0000] {processor.py:208} INFO - Processing /home/airflow/.local/lib/python3.12/site-packages/airflow/example_dags/tutorial_dag.py took 0.040 seconds
[2025-02-25T23:23:18.694+0000] {processor.py:186} INFO - Started process (PID=209) to work on /home/airflow/.local/lib/python3.12/site-packages/airflow/example_dags/tutorial_dag.py
[2025-02-25T23:23:18.695+0000] {processor.py:914} INFO - Processing file /home/airflow/.local/lib/python3.12/site-packages/airflow/example_dags/tutorial_dag.py for tasks to queue
[2025-02-25T23:23:18.696+0000] {logging_mixin.py:190} INFO - [2025-02-25T23:23:18.696+0000] {dagbag.py:588} INFO - Filling up the DagBag from /home/airflow/.local/lib/python3.12/site-packages/airflow/example_dags/tutorial_dag.py
[2025-02-25T23:23:18.700+0000] {processor.py:925} INFO - DAG(s) 'tutorial_dag' retrieved from /home/airflow/.local/lib/python3.12/site-packages/airflow/example_dags/tutorial_dag.py
[2025-02-25T23:23:18.711+0000] {logging_mixin.py:190} INFO - [2025-02-25T23:23:18.711+0000] {dag.py:3239} INFO - Sync 1 DAGs
[2025-02-25T23:23:18.719+0000] {logging_mixin.py:190} INFO - [2025-02-25T23:23:18.719+0000] {dag.py:4180} INFO - Setting next_dagrun for tutorial_dag to None, run_after=None
[2025-02-25T23:23:18.730+0000] {processor.py:208} INFO - Processing /home/airflow/.local/lib/python3.12/site-packages/airflow/example_dags/tutorial_dag.py took 0.039 seconds
[2025-02-25T23:23:49.546+0000] {processor.py:186} INFO - Started process (PID=272) to work on /home/airflow/.local/lib/python3.12/site-packages/airflow/example_dags/tutorial_dag.py
[2025-02-25T23:23:49.547+0000] {processor.py:914} INFO - Processing file /home/airflow/.local/lib/python3.12/site-packages/airflow/example_dags/tutorial_dag.py for tasks to queue
[2025-02-25T23:23:49.549+0000] {logging_mixin.py:190} INFO - [2025-02-25T23:23:49.548+0000] {dagbag.py:588} INFO - Filling up the DagBag from /home/airflow/.local/lib/python3.12/site-packages/airflow/example_dags/tutorial_dag.py
[2025-02-25T23:23:49.553+0000] {processor.py:925} INFO - DAG(s) 'tutorial_dag' retrieved from /home/airflow/.local/lib/python3.12/site-packages/airflow/example_dags/tutorial_dag.py
[2025-02-25T23:23:49.564+0000] {logging_mixin.py:190} INFO - [2025-02-25T23:23:49.564+0000] {dag.py:3239} INFO - Sync 1 DAGs
[2025-02-25T23:23:49.573+0000] {logging_mixin.py:190} INFO - [2025-02-25T23:23:49.573+0000] {dag.py:4180} INFO - Setting next_dagrun for tutorial_dag to None, run_after=None
[2025-02-25T23:23:49.584+0000] {processor.py:208} INFO - Processing /home/airflow/.local/lib/python3.12/site-packages/airflow/example_dags/tutorial_dag.py took 0.041 seconds
[2025-02-25T23:24:20.432+0000] {processor.py:186} INFO - Started process (PID=335) to work on /home/airflow/.local/lib/python3.12/site-packages/airflow/example_dags/tutorial_dag.py
[2025-02-25T23:24:20.433+0000] {processor.py:914} INFO - Processing file /home/airflow/.local/lib/python3.12/site-packages/airflow/example_dags/tutorial_dag.py for tasks to queue
[2025-02-25T23:24:20.435+0000] {logging_mixin.py:190} INFO - [2025-02-25T23:24:20.435+0000] {dagbag.py:588} INFO - Filling up the DagBag from /home/airflow/.local/lib/python3.12/site-packages/airflow/example_dags/tutorial_dag.py
[2025-02-25T23:24:20.439+0000] {processor.py:925} INFO - DAG(s) 'tutorial_dag' retrieved from /home/airflow/.local/lib/python3.12/site-packages/airflow/example_dags/tutorial_dag.py
[2025-02-25T23:24:20.451+0000] {logging_mixin.py:190} INFO - [2025-02-25T23:24:20.451+0000] {dag.py:3239} INFO - Sync 1 DAGs
[2025-02-25T23:24:20.459+0000] {logging_mixin.py:190} INFO - [2025-02-25T23:24:20.459+0000] {dag.py:4180} INFO - Setting next_dagrun for tutorial_dag to None, run_after=None
[2025-02-25T23:24:20.470+0000] {processor.py:208} INFO - Processing /home/airflow/.local/lib/python3.12/site-packages/airflow/example_dags/tutorial_dag.py took 0.041 seconds
[2025-02-25T23:24:51.137+0000] {processor.py:186} INFO - Started process (PID=398) to work on /home/airflow/.local/lib/python3.12/site-packages/airflow/example_dags/tutorial_dag.py
[2025-02-25T23:24:51.137+0000] {processor.py:914} INFO - Processing file /home/airflow/.local/lib/python3.12/site-packages/airflow/example_dags/tutorial_dag.py for tasks to queue
[2025-02-25T23:24:51.139+0000] {logging_mixin.py:190} INFO - [2025-02-25T23:24:51.139+0000] {dagbag.py:588} INFO - Filling up the DagBag from /home/airflow/.local/lib/python3.12/site-packages/airflow/example_dags/tutorial_dag.py
[2025-02-25T23:24:51.143+0000] {processor.py:925} INFO - DAG(s) 'tutorial_dag' retrieved from /home/airflow/.local/lib/python3.12/site-packages/airflow/example_dags/tutorial_dag.py
[2025-02-25T23:24:51.154+0000] {logging_mixin.py:190} INFO - [2025-02-25T23:24:51.154+0000] {dag.py:3239} INFO - Sync 1 DAGs
[2025-02-25T23:24:51.161+0000] {logging_mixin.py:190} INFO - [2025-02-25T23:24:51.161+0000] {dag.py:4180} INFO - Setting next_dagrun for tutorial_dag to None, run_after=None
[2025-02-25T23:24:51.172+0000] {processor.py:208} INFO - Processing /home/airflow/.local/lib/python3.12/site-packages/airflow/example_dags/tutorial_dag.py took 0.038 seconds
[2025-02-25T23:25:22.947+0000] {processor.py:186} INFO - Started process (PID=461) to work on /home/airflow/.local/lib/python3.12/site-packages/airflow/example_dags/tutorial_dag.py
[2025-02-25T23:25:22.947+0000] {processor.py:914} INFO - Processing file /home/airflow/.local/lib/python3.12/site-packages/airflow/example_dags/tutorial_dag.py for tasks to queue
[2025-02-25T23:25:22.949+0000] {logging_mixin.py:190} INFO - [2025-02-25T23:25:22.948+0000] {dagbag.py:588} INFO - Filling up the DagBag from /home/airflow/.local/lib/python3.12/site-packages/airflow/example_dags/tutorial_dag.py
[2025-02-25T23:25:22.953+0000] {processor.py:925} INFO - DAG(s) 'tutorial_dag' retrieved from /home/airflow/.local/lib/python3.12/site-packages/airflow/example_dags/tutorial_dag.py
[2025-02-25T23:25:22.965+0000] {logging_mixin.py:190} INFO - [2025-02-25T23:25:22.965+0000] {dag.py:3239} INFO - Sync 1 DAGs
[2025-02-25T23:25:22.973+0000] {logging_mixin.py:190} INFO - [2025-02-25T23:25:22.973+0000] {dag.py:4180} INFO - Setting next_dagrun for tutorial_dag to None, run_after=None
[2025-02-25T23:25:22.983+0000] {processor.py:208} INFO - Processing /home/airflow/.local/lib/python3.12/site-packages/airflow/example_dags/tutorial_dag.py took 0.040 seconds
[2025-02-25T23:25:57.170+0000] {processor.py:186} INFO - Started process (PID=524) to work on /home/airflow/.local/lib/python3.12/site-packages/airflow/example_dags/tutorial_dag.py
[2025-02-25T23:25:57.171+0000] {processor.py:914} INFO - Processing file /home/airflow/.local/lib/python3.12/site-packages/airflow/example_dags/tutorial_dag.py for tasks to queue
[2025-02-25T23:25:57.172+0000] {logging_mixin.py:190} INFO - [2025-02-25T23:25:57.172+0000] {dagbag.py:588} INFO - Filling up the DagBag from /home/airflow/.local/lib/python3.12/site-packages/airflow/example_dags/tutorial_dag.py
[2025-02-25T23:25:57.176+0000] {processor.py:925} INFO - DAG(s) 'tutorial_dag' retrieved from /home/airflow/.local/lib/python3.12/site-packages/airflow/example_dags/tutorial_dag.py
[2025-02-25T23:25:57.189+0000] {logging_mixin.py:190} INFO - [2025-02-25T23:25:57.188+0000] {dag.py:3239} INFO - Sync 1 DAGs
[2025-02-25T23:25:57.197+0000] {logging_mixin.py:190} INFO - [2025-02-25T23:25:57.197+0000] {dag.py:4180} INFO - Setting next_dagrun for tutorial_dag to None, run_after=None
[2025-02-25T23:25:57.207+0000] {processor.py:208} INFO - Processing /home/airflow/.local/lib/python3.12/site-packages/airflow/example_dags/tutorial_dag.py took 0.041 seconds
[2025-02-25T23:26:27.977+0000] {processor.py:186} INFO - Started process (PID=587) to work on /home/airflow/.local/lib/python3.12/site-packages/airflow/example_dags/tutorial_dag.py
[2025-02-25T23:26:27.978+0000] {processor.py:914} INFO - Processing file /home/airflow/.local/lib/python3.12/site-packages/airflow/example_dags/tutorial_dag.py for tasks to queue
[2025-02-25T23:26:27.979+0000] {logging_mixin.py:190} INFO - [2025-02-25T23:26:27.979+0000] {dagbag.py:588} INFO - Filling up the DagBag from /home/airflow/.local/lib/python3.12/site-packages/airflow/example_dags/tutorial_dag.py
[2025-02-25T23:26:27.984+0000] {processor.py:925} INFO - DAG(s) 'tutorial_dag' retrieved from /home/airflow/.local/lib/python3.12/site-packages/airflow/example_dags/tutorial_dag.py
[2025-02-25T23:26:27.996+0000] {logging_mixin.py:190} INFO - [2025-02-25T23:26:27.996+0000] {dag.py:3239} INFO - Sync 1 DAGs
[2025-02-25T23:26:28.004+0000] {logging_mixin.py:190} INFO - [2025-02-25T23:26:28.004+0000] {dag.py:4180} INFO - Setting next_dagrun for tutorial_dag to None, run_after=None
[2025-02-25T23:26:28.015+0000] {processor.py:208} INFO - Processing /home/airflow/.local/lib/python3.12/site-packages/airflow/example_dags/tutorial_dag.py took 0.042 seconds
[2025-02-25T23:26:58.447+0000] {processor.py:186} INFO - Started process (PID=650) to work on /home/airflow/.local/lib/python3.12/site-packages/airflow/example_dags/tutorial_dag.py
[2025-02-25T23:26:58.448+0000] {processor.py:914} INFO - Processing file /home/airflow/.local/lib/python3.12/site-packages/airflow/example_dags/tutorial_dag.py for tasks to queue
[2025-02-25T23:26:58.449+0000] {logging_mixin.py:190} INFO - [2025-02-25T23:26:58.449+0000] {dagbag.py:588} INFO - Filling up the DagBag from /home/airflow/.local/lib/python3.12/site-packages/airflow/example_dags/tutorial_dag.py
[2025-02-25T23:26:58.453+0000] {processor.py:925} INFO - DAG(s) 'tutorial_dag' retrieved from /home/airflow/.local/lib/python3.12/site-packages/airflow/example_dags/tutorial_dag.py
[2025-02-25T23:26:58.463+0000] {logging_mixin.py:190} INFO - [2025-02-25T23:26:58.463+0000] {dag.py:3239} INFO - Sync 1 DAGs
[2025-02-25T23:26:58.471+0000] {logging_mixin.py:190} INFO - [2025-02-25T23:26:58.471+0000] {dag.py:4180} INFO - Setting next_dagrun for tutorial_dag to None, run_after=None
[2025-02-25T23:26:58.480+0000] {processor.py:208} INFO - Processing /home/airflow/.local/lib/python3.12/site-packages/airflow/example_dags/tutorial_dag.py took 0.036 seconds
[2025-02-25T23:27:29.122+0000] {processor.py:186} INFO - Started process (PID=713) to work on /home/airflow/.local/lib/python3.12/site-packages/airflow/example_dags/tutorial_dag.py
[2025-02-25T23:27:29.123+0000] {processor.py:914} INFO - Processing file /home/airflow/.local/lib/python3.12/site-packages/airflow/example_dags/tutorial_dag.py for tasks to queue
[2025-02-25T23:27:29.125+0000] {logging_mixin.py:190} INFO - [2025-02-25T23:27:29.125+0000] {dagbag.py:588} INFO - Filling up the DagBag from /home/airflow/.local/lib/python3.12/site-packages/airflow/example_dags/tutorial_dag.py
[2025-02-25T23:27:29.129+0000] {processor.py:925} INFO - DAG(s) 'tutorial_dag' retrieved from /home/airflow/.local/lib/python3.12/site-packages/airflow/example_dags/tutorial_dag.py
[2025-02-25T23:27:29.140+0000] {logging_mixin.py:190} INFO - [2025-02-25T23:27:29.140+0000] {dag.py:3239} INFO - Sync 1 DAGs
[2025-02-25T23:27:29.147+0000] {logging_mixin.py:190} INFO - [2025-02-25T23:27:29.147+0000] {dag.py:4180} INFO - Setting next_dagrun for tutorial_dag to None, run_after=None
[2025-02-25T23:27:29.158+0000] {processor.py:208} INFO - Processing /home/airflow/.local/lib/python3.12/site-packages/airflow/example_dags/tutorial_dag.py took 0.038 seconds
[2025-02-25T23:27:59.969+0000] {processor.py:186} INFO - Started process (PID=776) to work on /home/airflow/.local/lib/python3.12/site-packages/airflow/example_dags/tutorial_dag.py
[2025-02-25T23:27:59.970+0000] {processor.py:914} INFO - Processing file /home/airflow/.local/lib/python3.12/site-packages/airflow/example_dags/tutorial_dag.py for tasks to queue
[2025-02-25T23:27:59.971+0000] {logging_mixin.py:190} INFO - [2025-02-25T23:27:59.971+0000] {dagbag.py:588} INFO - Filling up the DagBag from /home/airflow/.local/lib/python3.12/site-packages/airflow/example_dags/tutorial_dag.py
[2025-02-25T23:27:59.976+0000] {processor.py:925} INFO - DAG(s) 'tutorial_dag' retrieved from /home/airflow/.local/lib/python3.12/site-packages/airflow/example_dags/tutorial_dag.py
[2025-02-25T23:27:59.987+0000] {logging_mixin.py:190} INFO - [2025-02-25T23:27:59.987+0000] {dag.py:3239} INFO - Sync 1 DAGs
[2025-02-25T23:27:59.996+0000] {logging_mixin.py:190} INFO - [2025-02-25T23:27:59.996+0000] {dag.py:4180} INFO - Setting next_dagrun for tutorial_dag to None, run_after=None
[2025-02-25T23:28:00.006+0000] {processor.py:208} INFO - Processing /home/airflow/.local/lib/python3.12/site-packages/airflow/example_dags/tutorial_dag.py took 0.040 seconds
[2025-02-25T23:28:30.979+0000] {processor.py:186} INFO - Started process (PID=833) to work on /home/airflow/.local/lib/python3.12/site-packages/airflow/example_dags/tutorial_dag.py
[2025-02-25T23:28:30.980+0000] {processor.py:914} INFO - Processing file /home/airflow/.local/lib/python3.12/site-packages/airflow/example_dags/tutorial_dag.py for tasks to queue
[2025-02-25T23:28:30.981+0000] {logging_mixin.py:190} INFO - [2025-02-25T23:28:30.981+0000] {dagbag.py:588} INFO - Filling up the DagBag from /home/airflow/.local/lib/python3.12/site-packages/airflow/example_dags/tutorial_dag.py
[2025-02-25T23:28:30.985+0000] {processor.py:925} INFO - DAG(s) 'tutorial_dag' retrieved from /home/airflow/.local/lib/python3.12/site-packages/airflow/example_dags/tutorial_dag.py
[2025-02-25T23:28:30.996+0000] {logging_mixin.py:190} INFO - [2025-02-25T23:28:30.996+0000] {dag.py:3239} INFO - Sync 1 DAGs
[2025-02-25T23:28:31.004+0000] {logging_mixin.py:190} INFO - [2025-02-25T23:28:31.004+0000] {dag.py:4180} INFO - Setting next_dagrun for tutorial_dag to None, run_after=None
[2025-02-25T23:28:31.014+0000] {processor.py:208} INFO - Processing /home/airflow/.local/lib/python3.12/site-packages/airflow/example_dags/tutorial_dag.py took 0.037 seconds
[2025-02-25T23:29:01.609+0000] {processor.py:186} INFO - Started process (PID=896) to work on /home/airflow/.local/lib/python3.12/site-packages/airflow/example_dags/tutorial_dag.py
[2025-02-25T23:29:01.610+0000] {processor.py:914} INFO - Processing file /home/airflow/.local/lib/python3.12/site-packages/airflow/example_dags/tutorial_dag.py for tasks to queue
[2025-02-25T23:29:01.611+0000] {logging_mixin.py:190} INFO - [2025-02-25T23:29:01.611+0000] {dagbag.py:588} INFO - Filling up the DagBag from /home/airflow/.local/lib/python3.12/site-packages/airflow/example_dags/tutorial_dag.py
[2025-02-25T23:29:01.616+0000] {processor.py:925} INFO - DAG(s) 'tutorial_dag' retrieved from /home/airflow/.local/lib/python3.12/site-packages/airflow/example_dags/tutorial_dag.py
[2025-02-25T23:29:01.631+0000] {logging_mixin.py:190} INFO - [2025-02-25T23:29:01.631+0000] {dag.py:3239} INFO - Sync 1 DAGs
[2025-02-25T23:29:01.642+0000] {logging_mixin.py:190} INFO - [2025-02-25T23:29:01.642+0000] {dag.py:4180} INFO - Setting next_dagrun for tutorial_dag to None, run_after=None
[2025-02-25T23:29:01.655+0000] {processor.py:208} INFO - Processing /home/airflow/.local/lib/python3.12/site-packages/airflow/example_dags/tutorial_dag.py took 0.049 seconds
[2025-02-25T23:29:31.809+0000] {processor.py:186} INFO - Started process (PID=959) to work on /home/airflow/.local/lib/python3.12/site-packages/airflow/example_dags/tutorial_dag.py
[2025-02-25T23:29:31.810+0000] {processor.py:914} INFO - Processing file /home/airflow/.local/lib/python3.12/site-packages/airflow/example_dags/tutorial_dag.py for tasks to queue
[2025-02-25T23:29:31.811+0000] {logging_mixin.py:190} INFO - [2025-02-25T23:29:31.811+0000] {dagbag.py:588} INFO - Filling up the DagBag from /home/airflow/.local/lib/python3.12/site-packages/airflow/example_dags/tutorial_dag.py
[2025-02-25T23:29:31.815+0000] {processor.py:925} INFO - DAG(s) 'tutorial_dag' retrieved from /home/airflow/.local/lib/python3.12/site-packages/airflow/example_dags/tutorial_dag.py
[2025-02-25T23:29:31.827+0000] {logging_mixin.py:190} INFO - [2025-02-25T23:29:31.827+0000] {dag.py:3239} INFO - Sync 1 DAGs
[2025-02-25T23:29:31.835+0000] {logging_mixin.py:190} INFO - [2025-02-25T23:29:31.834+0000] {dag.py:4180} INFO - Setting next_dagrun for tutorial_dag to None, run_after=None
[2025-02-25T23:29:31.845+0000] {processor.py:208} INFO - Processing /home/airflow/.local/lib/python3.12/site-packages/airflow/example_dags/tutorial_dag.py took 0.040 seconds
[2025-02-25T23:30:07.687+0000] {processor.py:186} INFO - Started process (PID=1023) to work on /home/airflow/.local/lib/python3.12/site-packages/airflow/example_dags/tutorial_dag.py
[2025-02-25T23:30:07.687+0000] {processor.py:914} INFO - Processing file /home/airflow/.local/lib/python3.12/site-packages/airflow/example_dags/tutorial_dag.py for tasks to queue
[2025-02-25T23:30:07.689+0000] {logging_mixin.py:190} INFO - [2025-02-25T23:30:07.688+0000] {dagbag.py:588} INFO - Filling up the DagBag from /home/airflow/.local/lib/python3.12/site-packages/airflow/example_dags/tutorial_dag.py
[2025-02-25T23:30:07.693+0000] {processor.py:925} INFO - DAG(s) 'tutorial_dag' retrieved from /home/airflow/.local/lib/python3.12/site-packages/airflow/example_dags/tutorial_dag.py
[2025-02-25T23:30:07.705+0000] {logging_mixin.py:190} INFO - [2025-02-25T23:30:07.704+0000] {dag.py:3239} INFO - Sync 1 DAGs
[2025-02-25T23:30:07.713+0000] {logging_mixin.py:190} INFO - [2025-02-25T23:30:07.712+0000] {dag.py:4180} INFO - Setting next_dagrun for tutorial_dag to None, run_after=None
[2025-02-25T23:30:07.725+0000] {processor.py:208} INFO - Processing /home/airflow/.local/lib/python3.12/site-packages/airflow/example_dags/tutorial_dag.py took 0.041 seconds
[2025-02-25T23:30:41.547+0000] {processor.py:186} INFO - Started process (PID=1086) to work on /home/airflow/.local/lib/python3.12/site-packages/airflow/example_dags/tutorial_dag.py
[2025-02-25T23:30:41.547+0000] {processor.py:914} INFO - Processing file /home/airflow/.local/lib/python3.12/site-packages/airflow/example_dags/tutorial_dag.py for tasks to queue
[2025-02-25T23:30:41.549+0000] {logging_mixin.py:190} INFO - [2025-02-25T23:30:41.548+0000] {dagbag.py:588} INFO - Filling up the DagBag from /home/airflow/.local/lib/python3.12/site-packages/airflow/example_dags/tutorial_dag.py
[2025-02-25T23:30:41.553+0000] {processor.py:925} INFO - DAG(s) 'tutorial_dag' retrieved from /home/airflow/.local/lib/python3.12/site-packages/airflow/example_dags/tutorial_dag.py
[2025-02-25T23:30:41.565+0000] {logging_mixin.py:190} INFO - [2025-02-25T23:30:41.564+0000] {dag.py:3239} INFO - Sync 1 DAGs
[2025-02-25T23:30:41.572+0000] {logging_mixin.py:190} INFO - [2025-02-25T23:30:41.572+0000] {dag.py:4180} INFO - Setting next_dagrun for tutorial_dag to None, run_after=None
[2025-02-25T23:30:41.582+0000] {processor.py:208} INFO - Processing /home/airflow/.local/lib/python3.12/site-packages/airflow/example_dags/tutorial_dag.py took 0.039 seconds
[2025-02-25T23:31:12.147+0000] {processor.py:186} INFO - Started process (PID=1149) to work on /home/airflow/.local/lib/python3.12/site-packages/airflow/example_dags/tutorial_dag.py
[2025-02-25T23:31:12.148+0000] {processor.py:914} INFO - Processing file /home/airflow/.local/lib/python3.12/site-packages/airflow/example_dags/tutorial_dag.py for tasks to queue
[2025-02-25T23:31:12.149+0000] {logging_mixin.py:190} INFO - [2025-02-25T23:31:12.149+0000] {dagbag.py:588} INFO - Filling up the DagBag from /home/airflow/.local/lib/python3.12/site-packages/airflow/example_dags/tutorial_dag.py
[2025-02-25T23:31:12.154+0000] {processor.py:925} INFO - DAG(s) 'tutorial_dag' retrieved from /home/airflow/.local/lib/python3.12/site-packages/airflow/example_dags/tutorial_dag.py
[2025-02-25T23:31:12.166+0000] {logging_mixin.py:190} INFO - [2025-02-25T23:31:12.166+0000] {dag.py:3239} INFO - Sync 1 DAGs
[2025-02-25T23:31:12.173+0000] {logging_mixin.py:190} INFO - [2025-02-25T23:31:12.173+0000] {dag.py:4180} INFO - Setting next_dagrun for tutorial_dag to None, run_after=None
[2025-02-25T23:31:12.184+0000] {processor.py:208} INFO - Processing /home/airflow/.local/lib/python3.12/site-packages/airflow/example_dags/tutorial_dag.py took 0.040 seconds
[2025-02-25T23:31:42.944+0000] {processor.py:186} INFO - Started process (PID=1211) to work on /home/airflow/.local/lib/python3.12/site-packages/airflow/example_dags/tutorial_dag.py
[2025-02-25T23:31:42.944+0000] {processor.py:914} INFO - Processing file /home/airflow/.local/lib/python3.12/site-packages/airflow/example_dags/tutorial_dag.py for tasks to queue
[2025-02-25T23:31:42.946+0000] {logging_mixin.py:190} INFO - [2025-02-25T23:31:42.946+0000] {dagbag.py:588} INFO - Filling up the DagBag from /home/airflow/.local/lib/python3.12/site-packages/airflow/example_dags/tutorial_dag.py
[2025-02-25T23:31:42.950+0000] {processor.py:925} INFO - DAG(s) 'tutorial_dag' retrieved from /home/airflow/.local/lib/python3.12/site-packages/airflow/example_dags/tutorial_dag.py
[2025-02-25T23:31:42.961+0000] {logging_mixin.py:190} INFO - [2025-02-25T23:31:42.961+0000] {dag.py:3239} INFO - Sync 1 DAGs
[2025-02-25T23:31:42.968+0000] {logging_mixin.py:190} INFO - [2025-02-25T23:31:42.968+0000] {dag.py:4180} INFO - Setting next_dagrun for tutorial_dag to None, run_after=None
[2025-02-25T23:31:42.979+0000] {processor.py:208} INFO - Processing /home/airflow/.local/lib/python3.12/site-packages/airflow/example_dags/tutorial_dag.py took 0.038 seconds
[2025-02-25T23:32:13.764+0000] {processor.py:186} INFO - Started process (PID=1274) to work on /home/airflow/.local/lib/python3.12/site-packages/airflow/example_dags/tutorial_dag.py
[2025-02-25T23:32:13.765+0000] {processor.py:914} INFO - Processing file /home/airflow/.local/lib/python3.12/site-packages/airflow/example_dags/tutorial_dag.py for tasks to queue
[2025-02-25T23:32:13.766+0000] {logging_mixin.py:190} INFO - [2025-02-25T23:32:13.766+0000] {dagbag.py:588} INFO - Filling up the DagBag from /home/airflow/.local/lib/python3.12/site-packages/airflow/example_dags/tutorial_dag.py
[2025-02-25T23:32:13.771+0000] {processor.py:925} INFO - DAG(s) 'tutorial_dag' retrieved from /home/airflow/.local/lib/python3.12/site-packages/airflow/example_dags/tutorial_dag.py
[2025-02-25T23:32:13.783+0000] {logging_mixin.py:190} INFO - [2025-02-25T23:32:13.783+0000] {dag.py:3239} INFO - Sync 1 DAGs
[2025-02-25T23:32:13.792+0000] {logging_mixin.py:190} INFO - [2025-02-25T23:32:13.791+0000] {dag.py:4180} INFO - Setting next_dagrun for tutorial_dag to None, run_after=None
[2025-02-25T23:32:13.803+0000] {processor.py:208} INFO - Processing /home/airflow/.local/lib/python3.12/site-packages/airflow/example_dags/tutorial_dag.py took 0.042 seconds
[2025-02-25T23:32:45.047+0000] {processor.py:186} INFO - Started process (PID=1338) to work on /home/airflow/.local/lib/python3.12/site-packages/airflow/example_dags/tutorial_dag.py
[2025-02-25T23:32:45.048+0000] {processor.py:914} INFO - Processing file /home/airflow/.local/lib/python3.12/site-packages/airflow/example_dags/tutorial_dag.py for tasks to queue
[2025-02-25T23:32:45.049+0000] {logging_mixin.py:190} INFO - [2025-02-25T23:32:45.049+0000] {dagbag.py:588} INFO - Filling up the DagBag from /home/airflow/.local/lib/python3.12/site-packages/airflow/example_dags/tutorial_dag.py
[2025-02-25T23:32:45.053+0000] {processor.py:925} INFO - DAG(s) 'tutorial_dag' retrieved from /home/airflow/.local/lib/python3.12/site-packages/airflow/example_dags/tutorial_dag.py
[2025-02-25T23:32:45.064+0000] {logging_mixin.py:190} INFO - [2025-02-25T23:32:45.064+0000] {dag.py:3239} INFO - Sync 1 DAGs
[2025-02-25T23:32:45.072+0000] {logging_mixin.py:190} INFO - [2025-02-25T23:32:45.072+0000] {dag.py:4180} INFO - Setting next_dagrun for tutorial_dag to None, run_after=None
[2025-02-25T23:32:45.082+0000] {processor.py:208} INFO - Processing /home/airflow/.local/lib/python3.12/site-packages/airflow/example_dags/tutorial_dag.py took 0.039 seconds
[2025-02-25T23:33:18.691+0000] {processor.py:186} INFO - Started process (PID=1401) to work on /home/airflow/.local/lib/python3.12/site-packages/airflow/example_dags/tutorial_dag.py
[2025-02-25T23:33:18.692+0000] {processor.py:914} INFO - Processing file /home/airflow/.local/lib/python3.12/site-packages/airflow/example_dags/tutorial_dag.py for tasks to queue
[2025-02-25T23:33:18.693+0000] {logging_mixin.py:190} INFO - [2025-02-25T23:33:18.693+0000] {dagbag.py:588} INFO - Filling up the DagBag from /home/airflow/.local/lib/python3.12/site-packages/airflow/example_dags/tutorial_dag.py
[2025-02-25T23:33:18.697+0000] {processor.py:925} INFO - DAG(s) 'tutorial_dag' retrieved from /home/airflow/.local/lib/python3.12/site-packages/airflow/example_dags/tutorial_dag.py
[2025-02-25T23:33:18.708+0000] {logging_mixin.py:190} INFO - [2025-02-25T23:33:18.708+0000] {dag.py:3239} INFO - Sync 1 DAGs
[2025-02-25T23:33:18.715+0000] {logging_mixin.py:190} INFO - [2025-02-25T23:33:18.715+0000] {dag.py:4180} INFO - Setting next_dagrun for tutorial_dag to None, run_after=None
[2025-02-25T23:33:18.725+0000] {processor.py:208} INFO - Processing /home/airflow/.local/lib/python3.12/site-packages/airflow/example_dags/tutorial_dag.py took 0.037 seconds
[2025-02-25T23:33:49.514+0000] {processor.py:186} INFO - Started process (PID=1464) to work on /home/airflow/.local/lib/python3.12/site-packages/airflow/example_dags/tutorial_dag.py
[2025-02-25T23:33:49.514+0000] {processor.py:914} INFO - Processing file /home/airflow/.local/lib/python3.12/site-packages/airflow/example_dags/tutorial_dag.py for tasks to queue
[2025-02-25T23:33:49.516+0000] {logging_mixin.py:190} INFO - [2025-02-25T23:33:49.515+0000] {dagbag.py:588} INFO - Filling up the DagBag from /home/airflow/.local/lib/python3.12/site-packages/airflow/example_dags/tutorial_dag.py
[2025-02-25T23:33:49.520+0000] {processor.py:925} INFO - DAG(s) 'tutorial_dag' retrieved from /home/airflow/.local/lib/python3.12/site-packages/airflow/example_dags/tutorial_dag.py
[2025-02-25T23:33:49.532+0000] {logging_mixin.py:190} INFO - [2025-02-25T23:33:49.531+0000] {dag.py:3239} INFO - Sync 1 DAGs
[2025-02-25T23:33:49.540+0000] {logging_mixin.py:190} INFO - [2025-02-25T23:33:49.540+0000] {dag.py:4180} INFO - Setting next_dagrun for tutorial_dag to None, run_after=None
[2025-02-25T23:33:49.550+0000] {processor.py:208} INFO - Processing /home/airflow/.local/lib/python3.12/site-packages/airflow/example_dags/tutorial_dag.py took 0.040 seconds
[2025-02-25T23:34:20.441+0000] {processor.py:186} INFO - Started process (PID=1527) to work on /home/airflow/.local/lib/python3.12/site-packages/airflow/example_dags/tutorial_dag.py
[2025-02-25T23:34:20.442+0000] {processor.py:914} INFO - Processing file /home/airflow/.local/lib/python3.12/site-packages/airflow/example_dags/tutorial_dag.py for tasks to queue
[2025-02-25T23:34:20.443+0000] {logging_mixin.py:190} INFO - [2025-02-25T23:34:20.443+0000] {dagbag.py:588} INFO - Filling up the DagBag from /home/airflow/.local/lib/python3.12/site-packages/airflow/example_dags/tutorial_dag.py
[2025-02-25T23:34:20.447+0000] {processor.py:925} INFO - DAG(s) 'tutorial_dag' retrieved from /home/airflow/.local/lib/python3.12/site-packages/airflow/example_dags/tutorial_dag.py
[2025-02-25T23:34:20.458+0000] {logging_mixin.py:190} INFO - [2025-02-25T23:34:20.458+0000] {dag.py:3239} INFO - Sync 1 DAGs
[2025-02-25T23:34:20.465+0000] {logging_mixin.py:190} INFO - [2025-02-25T23:34:20.465+0000] {dag.py:4180} INFO - Setting next_dagrun for tutorial_dag to None, run_after=None
[2025-02-25T23:34:20.478+0000] {processor.py:208} INFO - Processing /home/airflow/.local/lib/python3.12/site-packages/airflow/example_dags/tutorial_dag.py took 0.041 seconds
[2025-02-25T23:34:51.451+0000] {processor.py:186} INFO - Started process (PID=1590) to work on /home/airflow/.local/lib/python3.12/site-packages/airflow/example_dags/tutorial_dag.py
[2025-02-25T23:34:51.452+0000] {processor.py:914} INFO - Processing file /home/airflow/.local/lib/python3.12/site-packages/airflow/example_dags/tutorial_dag.py for tasks to queue
[2025-02-25T23:34:51.453+0000] {logging_mixin.py:190} INFO - [2025-02-25T23:34:51.453+0000] {dagbag.py:588} INFO - Filling up the DagBag from /home/airflow/.local/lib/python3.12/site-packages/airflow/example_dags/tutorial_dag.py
[2025-02-25T23:34:51.457+0000] {processor.py:925} INFO - DAG(s) 'tutorial_dag' retrieved from /home/airflow/.local/lib/python3.12/site-packages/airflow/example_dags/tutorial_dag.py
[2025-02-25T23:34:51.469+0000] {logging_mixin.py:190} INFO - [2025-02-25T23:34:51.468+0000] {dag.py:3239} INFO - Sync 1 DAGs
[2025-02-25T23:34:51.477+0000] {logging_mixin.py:190} INFO - [2025-02-25T23:34:51.476+0000] {dag.py:4180} INFO - Setting next_dagrun for tutorial_dag to None, run_after=None
[2025-02-25T23:34:51.488+0000] {processor.py:208} INFO - Processing /home/airflow/.local/lib/python3.12/site-packages/airflow/example_dags/tutorial_dag.py took 0.040 seconds
[2025-02-25T23:35:22.316+0000] {processor.py:186} INFO - Started process (PID=1653) to work on /home/airflow/.local/lib/python3.12/site-packages/airflow/example_dags/tutorial_dag.py
[2025-02-25T23:35:22.318+0000] {processor.py:914} INFO - Processing file /home/airflow/.local/lib/python3.12/site-packages/airflow/example_dags/tutorial_dag.py for tasks to queue
[2025-02-25T23:35:22.319+0000] {logging_mixin.py:190} INFO - [2025-02-25T23:35:22.319+0000] {dagbag.py:588} INFO - Filling up the DagBag from /home/airflow/.local/lib/python3.12/site-packages/airflow/example_dags/tutorial_dag.py
[2025-02-25T23:35:22.323+0000] {processor.py:925} INFO - DAG(s) 'tutorial_dag' retrieved from /home/airflow/.local/lib/python3.12/site-packages/airflow/example_dags/tutorial_dag.py
[2025-02-25T23:35:22.334+0000] {logging_mixin.py:190} INFO - [2025-02-25T23:35:22.334+0000] {dag.py:3239} INFO - Sync 1 DAGs
[2025-02-25T23:35:22.343+0000] {logging_mixin.py:190} INFO - [2025-02-25T23:35:22.343+0000] {dag.py:4180} INFO - Setting next_dagrun for tutorial_dag to None, run_after=None
[2025-02-25T23:35:22.354+0000] {processor.py:208} INFO - Processing /home/airflow/.local/lib/python3.12/site-packages/airflow/example_dags/tutorial_dag.py took 0.041 seconds
[2025-02-25T23:35:52.427+0000] {processor.py:186} INFO - Started process (PID=1716) to work on /home/airflow/.local/lib/python3.12/site-packages/airflow/example_dags/tutorial_dag.py
[2025-02-25T23:35:52.428+0000] {processor.py:914} INFO - Processing file /home/airflow/.local/lib/python3.12/site-packages/airflow/example_dags/tutorial_dag.py for tasks to queue
[2025-02-25T23:35:52.429+0000] {logging_mixin.py:190} INFO - [2025-02-25T23:35:52.429+0000] {dagbag.py:588} INFO - Filling up the DagBag from /home/airflow/.local/lib/python3.12/site-packages/airflow/example_dags/tutorial_dag.py
[2025-02-25T23:35:52.433+0000] {processor.py:925} INFO - DAG(s) 'tutorial_dag' retrieved from /home/airflow/.local/lib/python3.12/site-packages/airflow/example_dags/tutorial_dag.py
[2025-02-25T23:35:52.445+0000] {logging_mixin.py:190} INFO - [2025-02-25T23:35:52.445+0000] {dag.py:3239} INFO - Sync 1 DAGs
[2025-02-25T23:35:52.453+0000] {logging_mixin.py:190} INFO - [2025-02-25T23:35:52.453+0000] {dag.py:4180} INFO - Setting next_dagrun for tutorial_dag to None, run_after=None
[2025-02-25T23:35:52.464+0000] {processor.py:208} INFO - Processing /home/airflow/.local/lib/python3.12/site-packages/airflow/example_dags/tutorial_dag.py took 0.040 seconds
[2025-02-25T23:36:22.515+0000] {processor.py:186} INFO - Started process (PID=1778) to work on /home/airflow/.local/lib/python3.12/site-packages/airflow/example_dags/tutorial_dag.py
[2025-02-25T23:36:22.516+0000] {processor.py:914} INFO - Processing file /home/airflow/.local/lib/python3.12/site-packages/airflow/example_dags/tutorial_dag.py for tasks to queue
[2025-02-25T23:36:22.517+0000] {logging_mixin.py:190} INFO - [2025-02-25T23:36:22.517+0000] {dagbag.py:588} INFO - Filling up the DagBag from /home/airflow/.local/lib/python3.12/site-packages/airflow/example_dags/tutorial_dag.py
[2025-02-25T23:36:22.521+0000] {processor.py:925} INFO - DAG(s) 'tutorial_dag' retrieved from /home/airflow/.local/lib/python3.12/site-packages/airflow/example_dags/tutorial_dag.py
[2025-02-25T23:36:22.533+0000] {logging_mixin.py:190} INFO - [2025-02-25T23:36:22.533+0000] {dag.py:3239} INFO - Sync 1 DAGs
[2025-02-25T23:36:22.541+0000] {logging_mixin.py:190} INFO - [2025-02-25T23:36:22.541+0000] {dag.py:4180} INFO - Setting next_dagrun for tutorial_dag to None, run_after=None
[2025-02-25T23:36:22.551+0000] {processor.py:208} INFO - Processing /home/airflow/.local/lib/python3.12/site-packages/airflow/example_dags/tutorial_dag.py took 0.040 seconds
[2025-02-25T23:36:52.576+0000] {processor.py:186} INFO - Started process (PID=1841) to work on /home/airflow/.local/lib/python3.12/site-packages/airflow/example_dags/tutorial_dag.py
[2025-02-25T23:36:52.576+0000] {processor.py:914} INFO - Processing file /home/airflow/.local/lib/python3.12/site-packages/airflow/example_dags/tutorial_dag.py for tasks to queue
[2025-02-25T23:36:52.578+0000] {logging_mixin.py:190} INFO - [2025-02-25T23:36:52.578+0000] {dagbag.py:588} INFO - Filling up the DagBag from /home/airflow/.local/lib/python3.12/site-packages/airflow/example_dags/tutorial_dag.py
[2025-02-25T23:36:52.582+0000] {processor.py:925} INFO - DAG(s) 'tutorial_dag' retrieved from /home/airflow/.local/lib/python3.12/site-packages/airflow/example_dags/tutorial_dag.py
[2025-02-25T23:36:52.594+0000] {logging_mixin.py:190} INFO - [2025-02-25T23:36:52.594+0000] {dag.py:3239} INFO - Sync 1 DAGs
[2025-02-25T23:36:52.605+0000] {logging_mixin.py:190} INFO - [2025-02-25T23:36:52.605+0000] {dag.py:4180} INFO - Setting next_dagrun for tutorial_dag to None, run_after=None
[2025-02-25T23:36:52.615+0000] {processor.py:208} INFO - Processing /home/airflow/.local/lib/python3.12/site-packages/airflow/example_dags/tutorial_dag.py took 0.042 seconds
[2025-02-25T23:37:27.098+0000] {processor.py:186} INFO - Started process (PID=1905) to work on /home/airflow/.local/lib/python3.12/site-packages/airflow/example_dags/tutorial_dag.py
[2025-02-25T23:37:27.099+0000] {processor.py:914} INFO - Processing file /home/airflow/.local/lib/python3.12/site-packages/airflow/example_dags/tutorial_dag.py for tasks to queue
[2025-02-25T23:37:27.100+0000] {logging_mixin.py:190} INFO - [2025-02-25T23:37:27.100+0000] {dagbag.py:588} INFO - Filling up the DagBag from /home/airflow/.local/lib/python3.12/site-packages/airflow/example_dags/tutorial_dag.py
[2025-02-25T23:37:27.105+0000] {processor.py:925} INFO - DAG(s) 'tutorial_dag' retrieved from /home/airflow/.local/lib/python3.12/site-packages/airflow/example_dags/tutorial_dag.py
[2025-02-25T23:37:27.118+0000] {logging_mixin.py:190} INFO - [2025-02-25T23:37:27.118+0000] {dag.py:3239} INFO - Sync 1 DAGs
[2025-02-25T23:37:27.127+0000] {logging_mixin.py:190} INFO - [2025-02-25T23:37:27.127+0000] {dag.py:4180} INFO - Setting next_dagrun for tutorial_dag to None, run_after=None
[2025-02-25T23:37:27.137+0000] {processor.py:208} INFO - Processing /home/airflow/.local/lib/python3.12/site-packages/airflow/example_dags/tutorial_dag.py took 0.043 seconds
[2025-02-25T23:38:01.125+0000] {processor.py:186} INFO - Started process (PID=1968) to work on /home/airflow/.local/lib/python3.12/site-packages/airflow/example_dags/tutorial_dag.py
[2025-02-25T23:38:01.126+0000] {processor.py:914} INFO - Processing file /home/airflow/.local/lib/python3.12/site-packages/airflow/example_dags/tutorial_dag.py for tasks to queue
[2025-02-25T23:38:01.128+0000] {logging_mixin.py:190} INFO - [2025-02-25T23:38:01.127+0000] {dagbag.py:588} INFO - Filling up the DagBag from /home/airflow/.local/lib/python3.12/site-packages/airflow/example_dags/tutorial_dag.py
[2025-02-25T23:38:01.132+0000] {processor.py:925} INFO - DAG(s) 'tutorial_dag' retrieved from /home/airflow/.local/lib/python3.12/site-packages/airflow/example_dags/tutorial_dag.py
[2025-02-25T23:38:01.145+0000] {logging_mixin.py:190} INFO - [2025-02-25T23:38:01.145+0000] {dag.py:3239} INFO - Sync 1 DAGs
[2025-02-25T23:38:01.155+0000] {logging_mixin.py:190} INFO - [2025-02-25T23:38:01.155+0000] {dag.py:4180} INFO - Setting next_dagrun for tutorial_dag to None, run_after=None
[2025-02-25T23:38:01.167+0000] {processor.py:208} INFO - Processing /home/airflow/.local/lib/python3.12/site-packages/airflow/example_dags/tutorial_dag.py took 0.045 seconds
[2025-02-25T23:38:34.848+0000] {processor.py:186} INFO - Started process (PID=2031) to work on /home/airflow/.local/lib/python3.12/site-packages/airflow/example_dags/tutorial_dag.py
[2025-02-25T23:38:34.849+0000] {processor.py:914} INFO - Processing file /home/airflow/.local/lib/python3.12/site-packages/airflow/example_dags/tutorial_dag.py for tasks to queue
[2025-02-25T23:38:34.850+0000] {logging_mixin.py:190} INFO - [2025-02-25T23:38:34.850+0000] {dagbag.py:588} INFO - Filling up the DagBag from /home/airflow/.local/lib/python3.12/site-packages/airflow/example_dags/tutorial_dag.py
[2025-02-25T23:38:34.854+0000] {processor.py:925} INFO - DAG(s) 'tutorial_dag' retrieved from /home/airflow/.local/lib/python3.12/site-packages/airflow/example_dags/tutorial_dag.py
[2025-02-25T23:38:34.866+0000] {logging_mixin.py:190} INFO - [2025-02-25T23:38:34.865+0000] {dag.py:3239} INFO - Sync 1 DAGs
[2025-02-25T23:38:34.874+0000] {logging_mixin.py:190} INFO - [2025-02-25T23:38:34.874+0000] {dag.py:4180} INFO - Setting next_dagrun for tutorial_dag to None, run_after=None
[2025-02-25T23:38:34.885+0000] {processor.py:208} INFO - Processing /home/airflow/.local/lib/python3.12/site-packages/airflow/example_dags/tutorial_dag.py took 0.040 seconds
[2025-02-25T23:39:05.942+0000] {processor.py:186} INFO - Started process (PID=2099) to work on /home/airflow/.local/lib/python3.12/site-packages/airflow/example_dags/tutorial_dag.py
[2025-02-25T23:39:05.943+0000] {processor.py:914} INFO - Processing file /home/airflow/.local/lib/python3.12/site-packages/airflow/example_dags/tutorial_dag.py for tasks to queue
[2025-02-25T23:39:05.944+0000] {logging_mixin.py:190} INFO - [2025-02-25T23:39:05.944+0000] {dagbag.py:588} INFO - Filling up the DagBag from /home/airflow/.local/lib/python3.12/site-packages/airflow/example_dags/tutorial_dag.py
[2025-02-25T23:39:05.948+0000] {processor.py:925} INFO - DAG(s) 'tutorial_dag' retrieved from /home/airflow/.local/lib/python3.12/site-packages/airflow/example_dags/tutorial_dag.py
[2025-02-25T23:39:05.961+0000] {logging_mixin.py:190} INFO - [2025-02-25T23:39:05.961+0000] {dag.py:3239} INFO - Sync 1 DAGs
[2025-02-25T23:39:05.971+0000] {logging_mixin.py:190} INFO - [2025-02-25T23:39:05.971+0000] {dag.py:4180} INFO - Setting next_dagrun for tutorial_dag to None, run_after=None
[2025-02-25T23:39:05.984+0000] {processor.py:208} INFO - Processing /home/airflow/.local/lib/python3.12/site-packages/airflow/example_dags/tutorial_dag.py took 0.045 seconds
[2025-02-25T23:39:37.288+0000] {processor.py:186} INFO - Started process (PID=2162) to work on /home/airflow/.local/lib/python3.12/site-packages/airflow/example_dags/tutorial_dag.py
[2025-02-25T23:39:37.289+0000] {processor.py:914} INFO - Processing file /home/airflow/.local/lib/python3.12/site-packages/airflow/example_dags/tutorial_dag.py for tasks to queue
[2025-02-25T23:39:37.291+0000] {logging_mixin.py:190} INFO - [2025-02-25T23:39:37.290+0000] {dagbag.py:588} INFO - Filling up the DagBag from /home/airflow/.local/lib/python3.12/site-packages/airflow/example_dags/tutorial_dag.py
[2025-02-25T23:39:37.295+0000] {processor.py:925} INFO - DAG(s) 'tutorial_dag' retrieved from /home/airflow/.local/lib/python3.12/site-packages/airflow/example_dags/tutorial_dag.py
[2025-02-25T23:39:37.309+0000] {logging_mixin.py:190} INFO - [2025-02-25T23:39:37.309+0000] {dag.py:3239} INFO - Sync 1 DAGs
[2025-02-25T23:39:37.319+0000] {logging_mixin.py:190} INFO - [2025-02-25T23:39:37.319+0000] {dag.py:4180} INFO - Setting next_dagrun for tutorial_dag to None, run_after=None
[2025-02-25T23:39:37.331+0000] {processor.py:208} INFO - Processing /home/airflow/.local/lib/python3.12/site-packages/airflow/example_dags/tutorial_dag.py took 0.048 seconds
[2025-02-25T23:41:52.179+0000] {processor.py:186} INFO - Started process (PID=83) to work on /home/airflow/.local/lib/python3.12/site-packages/airflow/example_dags/tutorial_dag.py
[2025-02-25T23:41:52.179+0000] {processor.py:914} INFO - Processing file /home/airflow/.local/lib/python3.12/site-packages/airflow/example_dags/tutorial_dag.py for tasks to queue
[2025-02-25T23:41:52.181+0000] {logging_mixin.py:190} INFO - [2025-02-25T23:41:52.181+0000] {dagbag.py:588} INFO - Filling up the DagBag from /home/airflow/.local/lib/python3.12/site-packages/airflow/example_dags/tutorial_dag.py
[2025-02-25T23:41:52.186+0000] {processor.py:925} INFO - DAG(s) 'tutorial_dag' retrieved from /home/airflow/.local/lib/python3.12/site-packages/airflow/example_dags/tutorial_dag.py
[2025-02-25T23:41:52.253+0000] {logging_mixin.py:190} INFO - [2025-02-25T23:41:52.252+0000] {override.py:1912} INFO - Created Permission View: can edit on DAG:tutorial_dag
[2025-02-25T23:41:52.258+0000] {logging_mixin.py:190} INFO - [2025-02-25T23:41:52.258+0000] {override.py:1912} INFO - Created Permission View: can delete on DAG:tutorial_dag
[2025-02-25T23:41:52.261+0000] {logging_mixin.py:190} INFO - [2025-02-25T23:41:52.261+0000] {override.py:1912} INFO - Created Permission View: can read on DAG:tutorial_dag
[2025-02-25T23:41:52.265+0000] {logging_mixin.py:190} INFO - [2025-02-25T23:41:52.265+0000] {override.py:1912} INFO - Created Permission View: can create on DAG Run:tutorial_dag
[2025-02-25T23:41:52.268+0000] {logging_mixin.py:190} INFO - [2025-02-25T23:41:52.268+0000] {override.py:1912} INFO - Created Permission View: can delete on DAG Run:tutorial_dag
[2025-02-25T23:41:52.271+0000] {logging_mixin.py:190} INFO - [2025-02-25T23:41:52.271+0000] {override.py:1912} INFO - Created Permission View: can read on DAG Run:tutorial_dag
[2025-02-25T23:41:52.275+0000] {logging_mixin.py:190} INFO - [2025-02-25T23:41:52.275+0000] {override.py:1912} INFO - Created Permission View: menu access on DAG Run:tutorial_dag
[2025-02-25T23:41:52.275+0000] {logging_mixin.py:190} INFO - [2025-02-25T23:41:52.275+0000] {dag.py:3239} INFO - Sync 1 DAGs
[2025-02-25T23:41:52.283+0000] {logging_mixin.py:190} INFO - [2025-02-25T23:41:52.283+0000] {dag.py:3262} INFO - Creating ORM DAG for tutorial_dag
[2025-02-25T23:41:52.283+0000] {logging_mixin.py:190} INFO - [2025-02-25T23:41:52.283+0000] {dag.py:4180} INFO - Setting next_dagrun for tutorial_dag to None, run_after=None
[2025-02-25T23:41:52.291+0000] {processor.py:208} INFO - Processing /home/airflow/.local/lib/python3.12/site-packages/airflow/example_dags/tutorial_dag.py took 0.115 seconds
[2025-02-25T23:42:24.780+0000] {processor.py:186} INFO - Started process (PID=146) to work on /home/airflow/.local/lib/python3.12/site-packages/airflow/example_dags/tutorial_dag.py
[2025-02-25T23:42:24.780+0000] {processor.py:914} INFO - Processing file /home/airflow/.local/lib/python3.12/site-packages/airflow/example_dags/tutorial_dag.py for tasks to queue
[2025-02-25T23:42:24.782+0000] {logging_mixin.py:190} INFO - [2025-02-25T23:42:24.782+0000] {dagbag.py:588} INFO - Filling up the DagBag from /home/airflow/.local/lib/python3.12/site-packages/airflow/example_dags/tutorial_dag.py
[2025-02-25T23:42:24.786+0000] {processor.py:925} INFO - DAG(s) 'tutorial_dag' retrieved from /home/airflow/.local/lib/python3.12/site-packages/airflow/example_dags/tutorial_dag.py
[2025-02-25T23:42:24.796+0000] {logging_mixin.py:190} INFO - [2025-02-25T23:42:24.796+0000] {dag.py:3239} INFO - Sync 1 DAGs
[2025-02-25T23:42:24.804+0000] {logging_mixin.py:190} INFO - [2025-02-25T23:42:24.804+0000] {dag.py:4180} INFO - Setting next_dagrun for tutorial_dag to None, run_after=None
[2025-02-25T23:42:24.814+0000] {processor.py:208} INFO - Processing /home/airflow/.local/lib/python3.12/site-packages/airflow/example_dags/tutorial_dag.py took 0.038 seconds
[2025-02-25T23:42:58.590+0000] {processor.py:186} INFO - Started process (PID=209) to work on /home/airflow/.local/lib/python3.12/site-packages/airflow/example_dags/tutorial_dag.py
[2025-02-25T23:42:58.590+0000] {processor.py:914} INFO - Processing file /home/airflow/.local/lib/python3.12/site-packages/airflow/example_dags/tutorial_dag.py for tasks to queue
[2025-02-25T23:42:58.592+0000] {logging_mixin.py:190} INFO - [2025-02-25T23:42:58.592+0000] {dagbag.py:588} INFO - Filling up the DagBag from /home/airflow/.local/lib/python3.12/site-packages/airflow/example_dags/tutorial_dag.py
[2025-02-25T23:42:58.596+0000] {processor.py:925} INFO - DAG(s) 'tutorial_dag' retrieved from /home/airflow/.local/lib/python3.12/site-packages/airflow/example_dags/tutorial_dag.py
[2025-02-25T23:42:58.607+0000] {logging_mixin.py:190} INFO - [2025-02-25T23:42:58.607+0000] {dag.py:3239} INFO - Sync 1 DAGs
[2025-02-25T23:42:58.615+0000] {logging_mixin.py:190} INFO - [2025-02-25T23:42:58.615+0000] {dag.py:4180} INFO - Setting next_dagrun for tutorial_dag to None, run_after=None
[2025-02-25T23:42:58.625+0000] {processor.py:208} INFO - Processing /home/airflow/.local/lib/python3.12/site-packages/airflow/example_dags/tutorial_dag.py took 0.038 seconds
[2025-02-25T23:43:29.572+0000] {processor.py:186} INFO - Started process (PID=272) to work on /home/airflow/.local/lib/python3.12/site-packages/airflow/example_dags/tutorial_dag.py
[2025-02-25T23:43:29.573+0000] {processor.py:914} INFO - Processing file /home/airflow/.local/lib/python3.12/site-packages/airflow/example_dags/tutorial_dag.py for tasks to queue
[2025-02-25T23:43:29.574+0000] {logging_mixin.py:190} INFO - [2025-02-25T23:43:29.574+0000] {dagbag.py:588} INFO - Filling up the DagBag from /home/airflow/.local/lib/python3.12/site-packages/airflow/example_dags/tutorial_dag.py
[2025-02-25T23:43:29.578+0000] {processor.py:925} INFO - DAG(s) 'tutorial_dag' retrieved from /home/airflow/.local/lib/python3.12/site-packages/airflow/example_dags/tutorial_dag.py
[2025-02-25T23:43:29.589+0000] {logging_mixin.py:190} INFO - [2025-02-25T23:43:29.589+0000] {dag.py:3239} INFO - Sync 1 DAGs
[2025-02-25T23:43:29.597+0000] {logging_mixin.py:190} INFO - [2025-02-25T23:43:29.596+0000] {dag.py:4180} INFO - Setting next_dagrun for tutorial_dag to None, run_after=None
[2025-02-25T23:43:29.606+0000] {processor.py:208} INFO - Processing /home/airflow/.local/lib/python3.12/site-packages/airflow/example_dags/tutorial_dag.py took 0.037 seconds
[2025-02-25T23:44:00.357+0000] {processor.py:186} INFO - Started process (PID=335) to work on /home/airflow/.local/lib/python3.12/site-packages/airflow/example_dags/tutorial_dag.py
[2025-02-25T23:44:00.360+0000] {processor.py:914} INFO - Processing file /home/airflow/.local/lib/python3.12/site-packages/airflow/example_dags/tutorial_dag.py for tasks to queue
[2025-02-25T23:44:00.362+0000] {logging_mixin.py:190} INFO - [2025-02-25T23:44:00.362+0000] {dagbag.py:588} INFO - Filling up the DagBag from /home/airflow/.local/lib/python3.12/site-packages/airflow/example_dags/tutorial_dag.py
[2025-02-25T23:44:00.366+0000] {processor.py:925} INFO - DAG(s) 'tutorial_dag' retrieved from /home/airflow/.local/lib/python3.12/site-packages/airflow/example_dags/tutorial_dag.py
[2025-02-25T23:44:00.377+0000] {logging_mixin.py:190} INFO - [2025-02-25T23:44:00.376+0000] {dag.py:3239} INFO - Sync 1 DAGs
[2025-02-25T23:44:00.384+0000] {logging_mixin.py:190} INFO - [2025-02-25T23:44:00.384+0000] {dag.py:4180} INFO - Setting next_dagrun for tutorial_dag to None, run_after=None
[2025-02-25T23:44:00.395+0000] {processor.py:208} INFO - Processing /home/airflow/.local/lib/python3.12/site-packages/airflow/example_dags/tutorial_dag.py took 0.041 seconds
[2025-02-25T23:44:31.104+0000] {processor.py:186} INFO - Started process (PID=398) to work on /home/airflow/.local/lib/python3.12/site-packages/airflow/example_dags/tutorial_dag.py
[2025-02-25T23:44:31.106+0000] {processor.py:914} INFO - Processing file /home/airflow/.local/lib/python3.12/site-packages/airflow/example_dags/tutorial_dag.py for tasks to queue
[2025-02-25T23:44:31.107+0000] {logging_mixin.py:190} INFO - [2025-02-25T23:44:31.107+0000] {dagbag.py:588} INFO - Filling up the DagBag from /home/airflow/.local/lib/python3.12/site-packages/airflow/example_dags/tutorial_dag.py
[2025-02-25T23:44:31.111+0000] {processor.py:925} INFO - DAG(s) 'tutorial_dag' retrieved from /home/airflow/.local/lib/python3.12/site-packages/airflow/example_dags/tutorial_dag.py
[2025-02-25T23:44:31.122+0000] {logging_mixin.py:190} INFO - [2025-02-25T23:44:31.122+0000] {dag.py:3239} INFO - Sync 1 DAGs
[2025-02-25T23:44:31.130+0000] {logging_mixin.py:190} INFO - [2025-02-25T23:44:31.130+0000] {dag.py:4180} INFO - Setting next_dagrun for tutorial_dag to None, run_after=None
[2025-02-25T23:44:31.140+0000] {processor.py:208} INFO - Processing /home/airflow/.local/lib/python3.12/site-packages/airflow/example_dags/tutorial_dag.py took 0.039 seconds
[2025-02-25T23:45:01.919+0000] {processor.py:186} INFO - Started process (PID=461) to work on /home/airflow/.local/lib/python3.12/site-packages/airflow/example_dags/tutorial_dag.py
[2025-02-25T23:45:01.920+0000] {processor.py:914} INFO - Processing file /home/airflow/.local/lib/python3.12/site-packages/airflow/example_dags/tutorial_dag.py for tasks to queue
[2025-02-25T23:45:01.922+0000] {logging_mixin.py:190} INFO - [2025-02-25T23:45:01.921+0000] {dagbag.py:588} INFO - Filling up the DagBag from /home/airflow/.local/lib/python3.12/site-packages/airflow/example_dags/tutorial_dag.py
[2025-02-25T23:45:01.926+0000] {processor.py:925} INFO - DAG(s) 'tutorial_dag' retrieved from /home/airflow/.local/lib/python3.12/site-packages/airflow/example_dags/tutorial_dag.py
[2025-02-25T23:45:01.939+0000] {logging_mixin.py:190} INFO - [2025-02-25T23:45:01.939+0000] {dag.py:3239} INFO - Sync 1 DAGs
[2025-02-25T23:45:01.947+0000] {logging_mixin.py:190} INFO - [2025-02-25T23:45:01.947+0000] {dag.py:4180} INFO - Setting next_dagrun for tutorial_dag to None, run_after=None
[2025-02-25T23:45:01.959+0000] {processor.py:208} INFO - Processing /home/airflow/.local/lib/python3.12/site-packages/airflow/example_dags/tutorial_dag.py took 0.043 seconds
[2025-02-25T23:45:32.755+0000] {processor.py:186} INFO - Started process (PID=524) to work on /home/airflow/.local/lib/python3.12/site-packages/airflow/example_dags/tutorial_dag.py
[2025-02-25T23:45:32.756+0000] {processor.py:914} INFO - Processing file /home/airflow/.local/lib/python3.12/site-packages/airflow/example_dags/tutorial_dag.py for tasks to queue
[2025-02-25T23:45:32.757+0000] {logging_mixin.py:190} INFO - [2025-02-25T23:45:32.757+0000] {dagbag.py:588} INFO - Filling up the DagBag from /home/airflow/.local/lib/python3.12/site-packages/airflow/example_dags/tutorial_dag.py
[2025-02-25T23:45:32.762+0000] {processor.py:925} INFO - DAG(s) 'tutorial_dag' retrieved from /home/airflow/.local/lib/python3.12/site-packages/airflow/example_dags/tutorial_dag.py
[2025-02-25T23:45:32.773+0000] {logging_mixin.py:190} INFO - [2025-02-25T23:45:32.773+0000] {dag.py:3239} INFO - Sync 1 DAGs
[2025-02-25T23:45:32.782+0000] {logging_mixin.py:190} INFO - [2025-02-25T23:45:32.782+0000] {dag.py:4180} INFO - Setting next_dagrun for tutorial_dag to None, run_after=None
[2025-02-25T23:45:32.793+0000] {processor.py:208} INFO - Processing /home/airflow/.local/lib/python3.12/site-packages/airflow/example_dags/tutorial_dag.py took 0.042 seconds
[2025-02-25T23:46:03.462+0000] {processor.py:186} INFO - Started process (PID=587) to work on /home/airflow/.local/lib/python3.12/site-packages/airflow/example_dags/tutorial_dag.py
[2025-02-25T23:46:03.463+0000] {processor.py:914} INFO - Processing file /home/airflow/.local/lib/python3.12/site-packages/airflow/example_dags/tutorial_dag.py for tasks to queue
[2025-02-25T23:46:03.464+0000] {logging_mixin.py:190} INFO - [2025-02-25T23:46:03.464+0000] {dagbag.py:588} INFO - Filling up the DagBag from /home/airflow/.local/lib/python3.12/site-packages/airflow/example_dags/tutorial_dag.py
[2025-02-25T23:46:03.468+0000] {processor.py:925} INFO - DAG(s) 'tutorial_dag' retrieved from /home/airflow/.local/lib/python3.12/site-packages/airflow/example_dags/tutorial_dag.py
[2025-02-25T23:46:03.480+0000] {logging_mixin.py:190} INFO - [2025-02-25T23:46:03.480+0000] {dag.py:3239} INFO - Sync 1 DAGs
[2025-02-25T23:46:03.488+0000] {logging_mixin.py:190} INFO - [2025-02-25T23:46:03.488+0000] {dag.py:4180} INFO - Setting next_dagrun for tutorial_dag to None, run_after=None
[2025-02-25T23:46:03.499+0000] {processor.py:208} INFO - Processing /home/airflow/.local/lib/python3.12/site-packages/airflow/example_dags/tutorial_dag.py took 0.041 seconds
[2025-02-25T23:46:34.249+0000] {processor.py:186} INFO - Started process (PID=650) to work on /home/airflow/.local/lib/python3.12/site-packages/airflow/example_dags/tutorial_dag.py
[2025-02-25T23:46:34.250+0000] {processor.py:914} INFO - Processing file /home/airflow/.local/lib/python3.12/site-packages/airflow/example_dags/tutorial_dag.py for tasks to queue
[2025-02-25T23:46:34.251+0000] {logging_mixin.py:190} INFO - [2025-02-25T23:46:34.251+0000] {dagbag.py:588} INFO - Filling up the DagBag from /home/airflow/.local/lib/python3.12/site-packages/airflow/example_dags/tutorial_dag.py
[2025-02-25T23:46:34.255+0000] {processor.py:925} INFO - DAG(s) 'tutorial_dag' retrieved from /home/airflow/.local/lib/python3.12/site-packages/airflow/example_dags/tutorial_dag.py
[2025-02-25T23:46:34.267+0000] {logging_mixin.py:190} INFO - [2025-02-25T23:46:34.267+0000] {dag.py:3239} INFO - Sync 1 DAGs
[2025-02-25T23:46:34.276+0000] {logging_mixin.py:190} INFO - [2025-02-25T23:46:34.276+0000] {dag.py:4180} INFO - Setting next_dagrun for tutorial_dag to None, run_after=None
[2025-02-25T23:46:34.289+0000] {processor.py:208} INFO - Processing /home/airflow/.local/lib/python3.12/site-packages/airflow/example_dags/tutorial_dag.py took 0.044 seconds
[2025-02-25T23:47:05.024+0000] {processor.py:186} INFO - Started process (PID=713) to work on /home/airflow/.local/lib/python3.12/site-packages/airflow/example_dags/tutorial_dag.py
[2025-02-25T23:47:05.025+0000] {processor.py:914} INFO - Processing file /home/airflow/.local/lib/python3.12/site-packages/airflow/example_dags/tutorial_dag.py for tasks to queue
[2025-02-25T23:47:05.027+0000] {logging_mixin.py:190} INFO - [2025-02-25T23:47:05.026+0000] {dagbag.py:588} INFO - Filling up the DagBag from /home/airflow/.local/lib/python3.12/site-packages/airflow/example_dags/tutorial_dag.py
[2025-02-25T23:47:05.031+0000] {processor.py:925} INFO - DAG(s) 'tutorial_dag' retrieved from /home/airflow/.local/lib/python3.12/site-packages/airflow/example_dags/tutorial_dag.py
[2025-02-25T23:47:05.042+0000] {logging_mixin.py:190} INFO - [2025-02-25T23:47:05.042+0000] {dag.py:3239} INFO - Sync 1 DAGs
[2025-02-25T23:47:05.051+0000] {logging_mixin.py:190} INFO - [2025-02-25T23:47:05.051+0000] {dag.py:4180} INFO - Setting next_dagrun for tutorial_dag to None, run_after=None
[2025-02-25T23:47:05.061+0000] {processor.py:208} INFO - Processing /home/airflow/.local/lib/python3.12/site-packages/airflow/example_dags/tutorial_dag.py took 0.040 seconds
[2025-02-25T23:47:35.812+0000] {processor.py:186} INFO - Started process (PID=776) to work on /home/airflow/.local/lib/python3.12/site-packages/airflow/example_dags/tutorial_dag.py
[2025-02-25T23:47:35.813+0000] {processor.py:914} INFO - Processing file /home/airflow/.local/lib/python3.12/site-packages/airflow/example_dags/tutorial_dag.py for tasks to queue
[2025-02-25T23:47:35.814+0000] {logging_mixin.py:190} INFO - [2025-02-25T23:47:35.814+0000] {dagbag.py:588} INFO - Filling up the DagBag from /home/airflow/.local/lib/python3.12/site-packages/airflow/example_dags/tutorial_dag.py
[2025-02-25T23:47:35.818+0000] {processor.py:925} INFO - DAG(s) 'tutorial_dag' retrieved from /home/airflow/.local/lib/python3.12/site-packages/airflow/example_dags/tutorial_dag.py
[2025-02-25T23:47:35.829+0000] {logging_mixin.py:190} INFO - [2025-02-25T23:47:35.828+0000] {dag.py:3239} INFO - Sync 1 DAGs
[2025-02-25T23:47:35.836+0000] {logging_mixin.py:190} INFO - [2025-02-25T23:47:35.836+0000] {dag.py:4180} INFO - Setting next_dagrun for tutorial_dag to None, run_after=None
[2025-02-25T23:47:35.846+0000] {processor.py:208} INFO - Processing /home/airflow/.local/lib/python3.12/site-packages/airflow/example_dags/tutorial_dag.py took 0.037 seconds
[2025-02-25T23:48:06.716+0000] {processor.py:186} INFO - Started process (PID=839) to work on /home/airflow/.local/lib/python3.12/site-packages/airflow/example_dags/tutorial_dag.py
[2025-02-25T23:48:06.717+0000] {processor.py:914} INFO - Processing file /home/airflow/.local/lib/python3.12/site-packages/airflow/example_dags/tutorial_dag.py for tasks to queue
[2025-02-25T23:48:06.719+0000] {logging_mixin.py:190} INFO - [2025-02-25T23:48:06.719+0000] {dagbag.py:588} INFO - Filling up the DagBag from /home/airflow/.local/lib/python3.12/site-packages/airflow/example_dags/tutorial_dag.py
[2025-02-25T23:48:06.723+0000] {processor.py:925} INFO - DAG(s) 'tutorial_dag' retrieved from /home/airflow/.local/lib/python3.12/site-packages/airflow/example_dags/tutorial_dag.py
[2025-02-25T23:48:06.736+0000] {logging_mixin.py:190} INFO - [2025-02-25T23:48:06.736+0000] {dag.py:3239} INFO - Sync 1 DAGs
[2025-02-25T23:48:06.745+0000] {logging_mixin.py:190} INFO - [2025-02-25T23:48:06.744+0000] {dag.py:4180} INFO - Setting next_dagrun for tutorial_dag to None, run_after=None
[2025-02-25T23:48:06.757+0000] {processor.py:208} INFO - Processing /home/airflow/.local/lib/python3.12/site-packages/airflow/example_dags/tutorial_dag.py took 0.044 seconds
[2025-02-25T23:48:37.533+0000] {processor.py:186} INFO - Started process (PID=896) to work on /home/airflow/.local/lib/python3.12/site-packages/airflow/example_dags/tutorial_dag.py
[2025-02-25T23:48:37.534+0000] {processor.py:914} INFO - Processing file /home/airflow/.local/lib/python3.12/site-packages/airflow/example_dags/tutorial_dag.py for tasks to queue
[2025-02-25T23:48:37.535+0000] {logging_mixin.py:190} INFO - [2025-02-25T23:48:37.535+0000] {dagbag.py:588} INFO - Filling up the DagBag from /home/airflow/.local/lib/python3.12/site-packages/airflow/example_dags/tutorial_dag.py
[2025-02-25T23:48:37.539+0000] {processor.py:925} INFO - DAG(s) 'tutorial_dag' retrieved from /home/airflow/.local/lib/python3.12/site-packages/airflow/example_dags/tutorial_dag.py
[2025-02-25T23:48:37.552+0000] {logging_mixin.py:190} INFO - [2025-02-25T23:48:37.551+0000] {dag.py:3239} INFO - Sync 1 DAGs
[2025-02-25T23:48:37.560+0000] {logging_mixin.py:190} INFO - [2025-02-25T23:48:37.560+0000] {dag.py:4180} INFO - Setting next_dagrun for tutorial_dag to None, run_after=None
[2025-02-25T23:48:37.572+0000] {processor.py:208} INFO - Processing /home/airflow/.local/lib/python3.12/site-packages/airflow/example_dags/tutorial_dag.py took 0.043 seconds
[2025-02-25T23:49:07.614+0000] {processor.py:186} INFO - Started process (PID=959) to work on /home/airflow/.local/lib/python3.12/site-packages/airflow/example_dags/tutorial_dag.py
[2025-02-25T23:49:07.615+0000] {processor.py:914} INFO - Processing file /home/airflow/.local/lib/python3.12/site-packages/airflow/example_dags/tutorial_dag.py for tasks to queue
[2025-02-25T23:49:07.616+0000] {logging_mixin.py:190} INFO - [2025-02-25T23:49:07.616+0000] {dagbag.py:588} INFO - Filling up the DagBag from /home/airflow/.local/lib/python3.12/site-packages/airflow/example_dags/tutorial_dag.py
[2025-02-25T23:49:07.620+0000] {processor.py:925} INFO - DAG(s) 'tutorial_dag' retrieved from /home/airflow/.local/lib/python3.12/site-packages/airflow/example_dags/tutorial_dag.py
[2025-02-25T23:49:07.632+0000] {logging_mixin.py:190} INFO - [2025-02-25T23:49:07.632+0000] {dag.py:3239} INFO - Sync 1 DAGs
[2025-02-25T23:49:07.640+0000] {logging_mixin.py:190} INFO - [2025-02-25T23:49:07.640+0000] {dag.py:4180} INFO - Setting next_dagrun for tutorial_dag to None, run_after=None
[2025-02-25T23:49:07.651+0000] {processor.py:208} INFO - Processing /home/airflow/.local/lib/python3.12/site-packages/airflow/example_dags/tutorial_dag.py took 0.040 seconds
[2025-02-25T23:49:38.040+0000] {processor.py:186} INFO - Started process (PID=1021) to work on /home/airflow/.local/lib/python3.12/site-packages/airflow/example_dags/tutorial_dag.py
[2025-02-25T23:49:38.041+0000] {processor.py:914} INFO - Processing file /home/airflow/.local/lib/python3.12/site-packages/airflow/example_dags/tutorial_dag.py for tasks to queue
[2025-02-25T23:49:38.042+0000] {logging_mixin.py:190} INFO - [2025-02-25T23:49:38.042+0000] {dagbag.py:588} INFO - Filling up the DagBag from /home/airflow/.local/lib/python3.12/site-packages/airflow/example_dags/tutorial_dag.py
[2025-02-25T23:49:38.046+0000] {processor.py:925} INFO - DAG(s) 'tutorial_dag' retrieved from /home/airflow/.local/lib/python3.12/site-packages/airflow/example_dags/tutorial_dag.py
[2025-02-25T23:49:38.059+0000] {logging_mixin.py:190} INFO - [2025-02-25T23:49:38.059+0000] {dag.py:3239} INFO - Sync 1 DAGs
[2025-02-25T23:49:38.067+0000] {logging_mixin.py:190} INFO - [2025-02-25T23:49:38.067+0000] {dag.py:4180} INFO - Setting next_dagrun for tutorial_dag to None, run_after=None
[2025-02-25T23:49:38.077+0000] {processor.py:208} INFO - Processing /home/airflow/.local/lib/python3.12/site-packages/airflow/example_dags/tutorial_dag.py took 0.040 seconds
[2025-02-25T23:50:08.602+0000] {processor.py:186} INFO - Started process (PID=1084) to work on /home/airflow/.local/lib/python3.12/site-packages/airflow/example_dags/tutorial_dag.py
[2025-02-25T23:50:08.603+0000] {processor.py:914} INFO - Processing file /home/airflow/.local/lib/python3.12/site-packages/airflow/example_dags/tutorial_dag.py for tasks to queue
[2025-02-25T23:50:08.604+0000] {logging_mixin.py:190} INFO - [2025-02-25T23:50:08.604+0000] {dagbag.py:588} INFO - Filling up the DagBag from /home/airflow/.local/lib/python3.12/site-packages/airflow/example_dags/tutorial_dag.py
[2025-02-25T23:50:08.608+0000] {processor.py:925} INFO - DAG(s) 'tutorial_dag' retrieved from /home/airflow/.local/lib/python3.12/site-packages/airflow/example_dags/tutorial_dag.py
[2025-02-25T23:50:08.620+0000] {logging_mixin.py:190} INFO - [2025-02-25T23:50:08.619+0000] {dag.py:3239} INFO - Sync 1 DAGs
[2025-02-25T23:50:08.628+0000] {logging_mixin.py:190} INFO - [2025-02-25T23:50:08.628+0000] {dag.py:4180} INFO - Setting next_dagrun for tutorial_dag to None, run_after=None
[2025-02-25T23:50:08.638+0000] {processor.py:208} INFO - Processing /home/airflow/.local/lib/python3.12/site-packages/airflow/example_dags/tutorial_dag.py took 0.039 seconds
[2025-02-25T23:50:39.077+0000] {processor.py:186} INFO - Started process (PID=1147) to work on /home/airflow/.local/lib/python3.12/site-packages/airflow/example_dags/tutorial_dag.py
[2025-02-25T23:50:39.077+0000] {processor.py:914} INFO - Processing file /home/airflow/.local/lib/python3.12/site-packages/airflow/example_dags/tutorial_dag.py for tasks to queue
[2025-02-25T23:50:39.079+0000] {logging_mixin.py:190} INFO - [2025-02-25T23:50:39.079+0000] {dagbag.py:588} INFO - Filling up the DagBag from /home/airflow/.local/lib/python3.12/site-packages/airflow/example_dags/tutorial_dag.py
[2025-02-25T23:50:39.083+0000] {processor.py:925} INFO - DAG(s) 'tutorial_dag' retrieved from /home/airflow/.local/lib/python3.12/site-packages/airflow/example_dags/tutorial_dag.py
[2025-02-25T23:50:39.094+0000] {logging_mixin.py:190} INFO - [2025-02-25T23:50:39.094+0000] {dag.py:3239} INFO - Sync 1 DAGs
[2025-02-25T23:50:39.103+0000] {logging_mixin.py:190} INFO - [2025-02-25T23:50:39.102+0000] {dag.py:4180} INFO - Setting next_dagrun for tutorial_dag to None, run_after=None
[2025-02-25T23:50:39.113+0000] {processor.py:208} INFO - Processing /home/airflow/.local/lib/python3.12/site-packages/airflow/example_dags/tutorial_dag.py took 0.039 seconds
[2025-02-25T23:51:11.724+0000] {processor.py:186} INFO - Started process (PID=1211) to work on /home/airflow/.local/lib/python3.12/site-packages/airflow/example_dags/tutorial_dag.py
[2025-02-25T23:51:11.725+0000] {processor.py:914} INFO - Processing file /home/airflow/.local/lib/python3.12/site-packages/airflow/example_dags/tutorial_dag.py for tasks to queue
[2025-02-25T23:51:11.726+0000] {logging_mixin.py:190} INFO - [2025-02-25T23:51:11.726+0000] {dagbag.py:588} INFO - Filling up the DagBag from /home/airflow/.local/lib/python3.12/site-packages/airflow/example_dags/tutorial_dag.py
[2025-02-25T23:51:11.731+0000] {processor.py:925} INFO - DAG(s) 'tutorial_dag' retrieved from /home/airflow/.local/lib/python3.12/site-packages/airflow/example_dags/tutorial_dag.py
[2025-02-25T23:51:11.742+0000] {logging_mixin.py:190} INFO - [2025-02-25T23:51:11.742+0000] {dag.py:3239} INFO - Sync 1 DAGs
[2025-02-25T23:51:11.751+0000] {logging_mixin.py:190} INFO - [2025-02-25T23:51:11.751+0000] {dag.py:4180} INFO - Setting next_dagrun for tutorial_dag to None, run_after=None
[2025-02-25T23:51:11.762+0000] {processor.py:208} INFO - Processing /home/airflow/.local/lib/python3.12/site-packages/airflow/example_dags/tutorial_dag.py took 0.041 seconds
[2025-02-25T23:51:42.339+0000] {processor.py:186} INFO - Started process (PID=1274) to work on /home/airflow/.local/lib/python3.12/site-packages/airflow/example_dags/tutorial_dag.py
[2025-02-25T23:51:42.340+0000] {processor.py:914} INFO - Processing file /home/airflow/.local/lib/python3.12/site-packages/airflow/example_dags/tutorial_dag.py for tasks to queue
[2025-02-25T23:51:42.341+0000] {logging_mixin.py:190} INFO - [2025-02-25T23:51:42.341+0000] {dagbag.py:588} INFO - Filling up the DagBag from /home/airflow/.local/lib/python3.12/site-packages/airflow/example_dags/tutorial_dag.py
[2025-02-25T23:51:42.345+0000] {processor.py:925} INFO - DAG(s) 'tutorial_dag' retrieved from /home/airflow/.local/lib/python3.12/site-packages/airflow/example_dags/tutorial_dag.py
[2025-02-25T23:51:42.357+0000] {logging_mixin.py:190} INFO - [2025-02-25T23:51:42.356+0000] {dag.py:3239} INFO - Sync 1 DAGs
[2025-02-25T23:51:42.365+0000] {logging_mixin.py:190} INFO - [2025-02-25T23:51:42.364+0000] {dag.py:4180} INFO - Setting next_dagrun for tutorial_dag to None, run_after=None
[2025-02-25T23:51:42.374+0000] {processor.py:208} INFO - Processing /home/airflow/.local/lib/python3.12/site-packages/airflow/example_dags/tutorial_dag.py took 0.038 seconds
[2025-02-25T23:52:13.343+0000] {processor.py:186} INFO - Started process (PID=1337) to work on /home/airflow/.local/lib/python3.12/site-packages/airflow/example_dags/tutorial_dag.py
[2025-02-25T23:52:13.344+0000] {processor.py:914} INFO - Processing file /home/airflow/.local/lib/python3.12/site-packages/airflow/example_dags/tutorial_dag.py for tasks to queue
[2025-02-25T23:52:13.345+0000] {logging_mixin.py:190} INFO - [2025-02-25T23:52:13.345+0000] {dagbag.py:588} INFO - Filling up the DagBag from /home/airflow/.local/lib/python3.12/site-packages/airflow/example_dags/tutorial_dag.py
[2025-02-25T23:52:13.349+0000] {processor.py:925} INFO - DAG(s) 'tutorial_dag' retrieved from /home/airflow/.local/lib/python3.12/site-packages/airflow/example_dags/tutorial_dag.py
[2025-02-25T23:52:13.361+0000] {logging_mixin.py:190} INFO - [2025-02-25T23:52:13.361+0000] {dag.py:3239} INFO - Sync 1 DAGs
[2025-02-25T23:52:13.370+0000] {logging_mixin.py:190} INFO - [2025-02-25T23:52:13.370+0000] {dag.py:4180} INFO - Setting next_dagrun for tutorial_dag to None, run_after=None
[2025-02-25T23:52:13.380+0000] {processor.py:208} INFO - Processing /home/airflow/.local/lib/python3.12/site-packages/airflow/example_dags/tutorial_dag.py took 0.040 seconds
[2025-02-25T23:52:44.271+0000] {processor.py:186} INFO - Started process (PID=1400) to work on /home/airflow/.local/lib/python3.12/site-packages/airflow/example_dags/tutorial_dag.py
[2025-02-25T23:52:44.271+0000] {processor.py:914} INFO - Processing file /home/airflow/.local/lib/python3.12/site-packages/airflow/example_dags/tutorial_dag.py for tasks to queue
[2025-02-25T23:52:44.273+0000] {logging_mixin.py:190} INFO - [2025-02-25T23:52:44.273+0000] {dagbag.py:588} INFO - Filling up the DagBag from /home/airflow/.local/lib/python3.12/site-packages/airflow/example_dags/tutorial_dag.py
[2025-02-25T23:52:44.277+0000] {processor.py:925} INFO - DAG(s) 'tutorial_dag' retrieved from /home/airflow/.local/lib/python3.12/site-packages/airflow/example_dags/tutorial_dag.py
[2025-02-25T23:52:44.289+0000] {logging_mixin.py:190} INFO - [2025-02-25T23:52:44.288+0000] {dag.py:3239} INFO - Sync 1 DAGs
[2025-02-25T23:52:44.296+0000] {logging_mixin.py:190} INFO - [2025-02-25T23:52:44.296+0000] {dag.py:4180} INFO - Setting next_dagrun for tutorial_dag to None, run_after=None
[2025-02-25T23:52:44.306+0000] {processor.py:208} INFO - Processing /home/airflow/.local/lib/python3.12/site-packages/airflow/example_dags/tutorial_dag.py took 0.039 seconds
[2025-02-25T23:53:15.301+0000] {processor.py:186} INFO - Started process (PID=1464) to work on /home/airflow/.local/lib/python3.12/site-packages/airflow/example_dags/tutorial_dag.py
[2025-02-25T23:53:15.302+0000] {processor.py:914} INFO - Processing file /home/airflow/.local/lib/python3.12/site-packages/airflow/example_dags/tutorial_dag.py for tasks to queue
[2025-02-25T23:53:15.304+0000] {logging_mixin.py:190} INFO - [2025-02-25T23:53:15.304+0000] {dagbag.py:588} INFO - Filling up the DagBag from /home/airflow/.local/lib/python3.12/site-packages/airflow/example_dags/tutorial_dag.py
[2025-02-25T23:53:15.308+0000] {processor.py:925} INFO - DAG(s) 'tutorial_dag' retrieved from /home/airflow/.local/lib/python3.12/site-packages/airflow/example_dags/tutorial_dag.py
[2025-02-25T23:53:15.320+0000] {logging_mixin.py:190} INFO - [2025-02-25T23:53:15.320+0000] {dag.py:3239} INFO - Sync 1 DAGs
[2025-02-25T23:53:15.328+0000] {logging_mixin.py:190} INFO - [2025-02-25T23:53:15.328+0000] {dag.py:4180} INFO - Setting next_dagrun for tutorial_dag to None, run_after=None
[2025-02-25T23:53:15.340+0000] {processor.py:208} INFO - Processing /home/airflow/.local/lib/python3.12/site-packages/airflow/example_dags/tutorial_dag.py took 0.041 seconds
[2025-02-25T23:53:46.171+0000] {processor.py:186} INFO - Started process (PID=1527) to work on /home/airflow/.local/lib/python3.12/site-packages/airflow/example_dags/tutorial_dag.py
[2025-02-25T23:53:46.172+0000] {processor.py:914} INFO - Processing file /home/airflow/.local/lib/python3.12/site-packages/airflow/example_dags/tutorial_dag.py for tasks to queue
[2025-02-25T23:53:46.173+0000] {logging_mixin.py:190} INFO - [2025-02-25T23:53:46.173+0000] {dagbag.py:588} INFO - Filling up the DagBag from /home/airflow/.local/lib/python3.12/site-packages/airflow/example_dags/tutorial_dag.py
[2025-02-25T23:53:46.177+0000] {processor.py:925} INFO - DAG(s) 'tutorial_dag' retrieved from /home/airflow/.local/lib/python3.12/site-packages/airflow/example_dags/tutorial_dag.py
[2025-02-25T23:53:46.188+0000] {logging_mixin.py:190} INFO - [2025-02-25T23:53:46.188+0000] {dag.py:3239} INFO - Sync 1 DAGs
[2025-02-25T23:53:46.196+0000] {logging_mixin.py:190} INFO - [2025-02-25T23:53:46.196+0000] {dag.py:4180} INFO - Setting next_dagrun for tutorial_dag to None, run_after=None
[2025-02-25T23:53:46.207+0000] {processor.py:208} INFO - Processing /home/airflow/.local/lib/python3.12/site-packages/airflow/example_dags/tutorial_dag.py took 0.039 seconds
[2025-02-25T23:54:17.117+0000] {processor.py:186} INFO - Started process (PID=1590) to work on /home/airflow/.local/lib/python3.12/site-packages/airflow/example_dags/tutorial_dag.py
[2025-02-25T23:54:17.118+0000] {processor.py:914} INFO - Processing file /home/airflow/.local/lib/python3.12/site-packages/airflow/example_dags/tutorial_dag.py for tasks to queue
[2025-02-25T23:54:17.119+0000] {logging_mixin.py:190} INFO - [2025-02-25T23:54:17.119+0000] {dagbag.py:588} INFO - Filling up the DagBag from /home/airflow/.local/lib/python3.12/site-packages/airflow/example_dags/tutorial_dag.py
[2025-02-25T23:54:17.123+0000] {processor.py:925} INFO - DAG(s) 'tutorial_dag' retrieved from /home/airflow/.local/lib/python3.12/site-packages/airflow/example_dags/tutorial_dag.py
[2025-02-25T23:54:17.137+0000] {logging_mixin.py:190} INFO - [2025-02-25T23:54:17.137+0000] {dag.py:3239} INFO - Sync 1 DAGs
[2025-02-25T23:54:17.147+0000] {logging_mixin.py:190} INFO - [2025-02-25T23:54:17.146+0000] {dag.py:4180} INFO - Setting next_dagrun for tutorial_dag to None, run_after=None
[2025-02-25T23:54:17.158+0000] {processor.py:208} INFO - Processing /home/airflow/.local/lib/python3.12/site-packages/airflow/example_dags/tutorial_dag.py took 0.044 seconds
[2025-02-25T23:54:48.139+0000] {processor.py:186} INFO - Started process (PID=1653) to work on /home/airflow/.local/lib/python3.12/site-packages/airflow/example_dags/tutorial_dag.py
[2025-02-25T23:54:48.140+0000] {processor.py:914} INFO - Processing file /home/airflow/.local/lib/python3.12/site-packages/airflow/example_dags/tutorial_dag.py for tasks to queue
[2025-02-25T23:54:48.141+0000] {logging_mixin.py:190} INFO - [2025-02-25T23:54:48.141+0000] {dagbag.py:588} INFO - Filling up the DagBag from /home/airflow/.local/lib/python3.12/site-packages/airflow/example_dags/tutorial_dag.py
[2025-02-25T23:54:48.145+0000] {processor.py:925} INFO - DAG(s) 'tutorial_dag' retrieved from /home/airflow/.local/lib/python3.12/site-packages/airflow/example_dags/tutorial_dag.py
[2025-02-25T23:54:48.158+0000] {logging_mixin.py:190} INFO - [2025-02-25T23:54:48.158+0000] {dag.py:3239} INFO - Sync 1 DAGs
[2025-02-25T23:54:48.166+0000] {logging_mixin.py:190} INFO - [2025-02-25T23:54:48.166+0000] {dag.py:4180} INFO - Setting next_dagrun for tutorial_dag to None, run_after=None
[2025-02-25T23:54:48.178+0000] {processor.py:208} INFO - Processing /home/airflow/.local/lib/python3.12/site-packages/airflow/example_dags/tutorial_dag.py took 0.043 seconds
[2025-02-25T23:55:18.425+0000] {processor.py:186} INFO - Started process (PID=1715) to work on /home/airflow/.local/lib/python3.12/site-packages/airflow/example_dags/tutorial_dag.py
[2025-02-25T23:55:18.425+0000] {processor.py:914} INFO - Processing file /home/airflow/.local/lib/python3.12/site-packages/airflow/example_dags/tutorial_dag.py for tasks to queue
[2025-02-25T23:55:18.427+0000] {logging_mixin.py:190} INFO - [2025-02-25T23:55:18.427+0000] {dagbag.py:588} INFO - Filling up the DagBag from /home/airflow/.local/lib/python3.12/site-packages/airflow/example_dags/tutorial_dag.py
[2025-02-25T23:55:18.431+0000] {processor.py:925} INFO - DAG(s) 'tutorial_dag' retrieved from /home/airflow/.local/lib/python3.12/site-packages/airflow/example_dags/tutorial_dag.py
[2025-02-25T23:55:18.442+0000] {logging_mixin.py:190} INFO - [2025-02-25T23:55:18.442+0000] {dag.py:3239} INFO - Sync 1 DAGs
[2025-02-25T23:55:18.450+0000] {logging_mixin.py:190} INFO - [2025-02-25T23:55:18.450+0000] {dag.py:4180} INFO - Setting next_dagrun for tutorial_dag to None, run_after=None
[2025-02-25T23:55:18.460+0000] {processor.py:208} INFO - Processing /home/airflow/.local/lib/python3.12/site-packages/airflow/example_dags/tutorial_dag.py took 0.039 seconds
[2025-02-25T23:55:52.298+0000] {processor.py:186} INFO - Started process (PID=1779) to work on /home/airflow/.local/lib/python3.12/site-packages/airflow/example_dags/tutorial_dag.py
[2025-02-25T23:55:52.300+0000] {processor.py:914} INFO - Processing file /home/airflow/.local/lib/python3.12/site-packages/airflow/example_dags/tutorial_dag.py for tasks to queue
[2025-02-25T23:55:52.301+0000] {logging_mixin.py:190} INFO - [2025-02-25T23:55:52.301+0000] {dagbag.py:588} INFO - Filling up the DagBag from /home/airflow/.local/lib/python3.12/site-packages/airflow/example_dags/tutorial_dag.py
[2025-02-25T23:55:52.305+0000] {processor.py:925} INFO - DAG(s) 'tutorial_dag' retrieved from /home/airflow/.local/lib/python3.12/site-packages/airflow/example_dags/tutorial_dag.py
[2025-02-25T23:55:52.317+0000] {logging_mixin.py:190} INFO - [2025-02-25T23:55:52.317+0000] {dag.py:3239} INFO - Sync 1 DAGs
[2025-02-25T23:55:52.325+0000] {logging_mixin.py:190} INFO - [2025-02-25T23:55:52.325+0000] {dag.py:4180} INFO - Setting next_dagrun for tutorial_dag to None, run_after=None
[2025-02-25T23:55:52.337+0000] {processor.py:208} INFO - Processing /home/airflow/.local/lib/python3.12/site-packages/airflow/example_dags/tutorial_dag.py took 0.043 seconds
[2025-02-25T23:56:23.154+0000] {processor.py:186} INFO - Started process (PID=1841) to work on /home/airflow/.local/lib/python3.12/site-packages/airflow/example_dags/tutorial_dag.py
[2025-02-25T23:56:23.155+0000] {processor.py:914} INFO - Processing file /home/airflow/.local/lib/python3.12/site-packages/airflow/example_dags/tutorial_dag.py for tasks to queue
[2025-02-25T23:56:23.157+0000] {logging_mixin.py:190} INFO - [2025-02-25T23:56:23.156+0000] {dagbag.py:588} INFO - Filling up the DagBag from /home/airflow/.local/lib/python3.12/site-packages/airflow/example_dags/tutorial_dag.py
[2025-02-25T23:56:23.161+0000] {processor.py:925} INFO - DAG(s) 'tutorial_dag' retrieved from /home/airflow/.local/lib/python3.12/site-packages/airflow/example_dags/tutorial_dag.py
[2025-02-25T23:56:23.171+0000] {logging_mixin.py:190} INFO - [2025-02-25T23:56:23.171+0000] {dag.py:3239} INFO - Sync 1 DAGs
[2025-02-25T23:56:23.179+0000] {logging_mixin.py:190} INFO - [2025-02-25T23:56:23.179+0000] {dag.py:4180} INFO - Setting next_dagrun for tutorial_dag to None, run_after=None
[2025-02-25T23:56:23.189+0000] {processor.py:208} INFO - Processing /home/airflow/.local/lib/python3.12/site-packages/airflow/example_dags/tutorial_dag.py took 0.037 seconds
[2025-02-25T23:56:53.401+0000] {processor.py:186} INFO - Started process (PID=1904) to work on /home/airflow/.local/lib/python3.12/site-packages/airflow/example_dags/tutorial_dag.py
[2025-02-25T23:56:53.402+0000] {processor.py:914} INFO - Processing file /home/airflow/.local/lib/python3.12/site-packages/airflow/example_dags/tutorial_dag.py for tasks to queue
[2025-02-25T23:56:53.403+0000] {logging_mixin.py:190} INFO - [2025-02-25T23:56:53.403+0000] {dagbag.py:588} INFO - Filling up the DagBag from /home/airflow/.local/lib/python3.12/site-packages/airflow/example_dags/tutorial_dag.py
[2025-02-25T23:56:53.407+0000] {processor.py:925} INFO - DAG(s) 'tutorial_dag' retrieved from /home/airflow/.local/lib/python3.12/site-packages/airflow/example_dags/tutorial_dag.py
[2025-02-25T23:56:53.418+0000] {logging_mixin.py:190} INFO - [2025-02-25T23:56:53.418+0000] {dag.py:3239} INFO - Sync 1 DAGs
[2025-02-25T23:56:53.426+0000] {logging_mixin.py:190} INFO - [2025-02-25T23:56:53.426+0000] {dag.py:4180} INFO - Setting next_dagrun for tutorial_dag to None, run_after=None
[2025-02-25T23:56:53.437+0000] {processor.py:208} INFO - Processing /home/airflow/.local/lib/python3.12/site-packages/airflow/example_dags/tutorial_dag.py took 0.039 seconds
[2025-02-25T23:57:24.247+0000] {processor.py:186} INFO - Started process (PID=1961) to work on /home/airflow/.local/lib/python3.12/site-packages/airflow/example_dags/tutorial_dag.py
[2025-02-25T23:57:24.248+0000] {processor.py:914} INFO - Processing file /home/airflow/.local/lib/python3.12/site-packages/airflow/example_dags/tutorial_dag.py for tasks to queue
[2025-02-25T23:57:24.249+0000] {logging_mixin.py:190} INFO - [2025-02-25T23:57:24.249+0000] {dagbag.py:588} INFO - Filling up the DagBag from /home/airflow/.local/lib/python3.12/site-packages/airflow/example_dags/tutorial_dag.py
[2025-02-25T23:57:24.253+0000] {processor.py:925} INFO - DAG(s) 'tutorial_dag' retrieved from /home/airflow/.local/lib/python3.12/site-packages/airflow/example_dags/tutorial_dag.py
[2025-02-25T23:57:24.265+0000] {logging_mixin.py:190} INFO - [2025-02-25T23:57:24.265+0000] {dag.py:3239} INFO - Sync 1 DAGs
[2025-02-25T23:57:24.273+0000] {logging_mixin.py:190} INFO - [2025-02-25T23:57:24.273+0000] {dag.py:4180} INFO - Setting next_dagrun for tutorial_dag to None, run_after=None
[2025-02-25T23:57:24.283+0000] {processor.py:208} INFO - Processing /home/airflow/.local/lib/python3.12/site-packages/airflow/example_dags/tutorial_dag.py took 0.040 seconds
[2025-02-25T23:57:55.971+0000] {processor.py:186} INFO - Started process (PID=2024) to work on /home/airflow/.local/lib/python3.12/site-packages/airflow/example_dags/tutorial_dag.py
[2025-02-25T23:57:55.972+0000] {processor.py:914} INFO - Processing file /home/airflow/.local/lib/python3.12/site-packages/airflow/example_dags/tutorial_dag.py for tasks to queue
[2025-02-25T23:57:55.973+0000] {logging_mixin.py:190} INFO - [2025-02-25T23:57:55.973+0000] {dagbag.py:588} INFO - Filling up the DagBag from /home/airflow/.local/lib/python3.12/site-packages/airflow/example_dags/tutorial_dag.py
[2025-02-25T23:57:55.977+0000] {processor.py:925} INFO - DAG(s) 'tutorial_dag' retrieved from /home/airflow/.local/lib/python3.12/site-packages/airflow/example_dags/tutorial_dag.py
[2025-02-25T23:57:55.989+0000] {logging_mixin.py:190} INFO - [2025-02-25T23:57:55.989+0000] {dag.py:3239} INFO - Sync 1 DAGs
[2025-02-25T23:57:55.998+0000] {logging_mixin.py:190} INFO - [2025-02-25T23:57:55.998+0000] {dag.py:4180} INFO - Setting next_dagrun for tutorial_dag to None, run_after=None
[2025-02-25T23:57:56.008+0000] {processor.py:208} INFO - Processing /home/airflow/.local/lib/python3.12/site-packages/airflow/example_dags/tutorial_dag.py took 0.041 seconds
[2025-02-25T23:58:29.743+0000] {processor.py:186} INFO - Started process (PID=2088) to work on /home/airflow/.local/lib/python3.12/site-packages/airflow/example_dags/tutorial_dag.py
[2025-02-25T23:58:29.744+0000] {processor.py:914} INFO - Processing file /home/airflow/.local/lib/python3.12/site-packages/airflow/example_dags/tutorial_dag.py for tasks to queue
[2025-02-25T23:58:29.745+0000] {logging_mixin.py:190} INFO - [2025-02-25T23:58:29.745+0000] {dagbag.py:588} INFO - Filling up the DagBag from /home/airflow/.local/lib/python3.12/site-packages/airflow/example_dags/tutorial_dag.py
[2025-02-25T23:58:29.749+0000] {processor.py:925} INFO - DAG(s) 'tutorial_dag' retrieved from /home/airflow/.local/lib/python3.12/site-packages/airflow/example_dags/tutorial_dag.py
[2025-02-25T23:58:29.761+0000] {logging_mixin.py:190} INFO - [2025-02-25T23:58:29.761+0000] {dag.py:3239} INFO - Sync 1 DAGs
[2025-02-25T23:58:29.769+0000] {logging_mixin.py:190} INFO - [2025-02-25T23:58:29.769+0000] {dag.py:4180} INFO - Setting next_dagrun for tutorial_dag to None, run_after=None
[2025-02-25T23:58:29.779+0000] {processor.py:208} INFO - Processing /home/airflow/.local/lib/python3.12/site-packages/airflow/example_dags/tutorial_dag.py took 0.039 seconds
[2025-02-25T23:59:00.512+0000] {processor.py:186} INFO - Started process (PID=2151) to work on /home/airflow/.local/lib/python3.12/site-packages/airflow/example_dags/tutorial_dag.py
[2025-02-25T23:59:00.513+0000] {processor.py:914} INFO - Processing file /home/airflow/.local/lib/python3.12/site-packages/airflow/example_dags/tutorial_dag.py for tasks to queue
[2025-02-25T23:59:00.514+0000] {logging_mixin.py:190} INFO - [2025-02-25T23:59:00.514+0000] {dagbag.py:588} INFO - Filling up the DagBag from /home/airflow/.local/lib/python3.12/site-packages/airflow/example_dags/tutorial_dag.py
[2025-02-25T23:59:00.518+0000] {processor.py:925} INFO - DAG(s) 'tutorial_dag' retrieved from /home/airflow/.local/lib/python3.12/site-packages/airflow/example_dags/tutorial_dag.py
[2025-02-25T23:59:00.529+0000] {logging_mixin.py:190} INFO - [2025-02-25T23:59:00.529+0000] {dag.py:3239} INFO - Sync 1 DAGs
[2025-02-25T23:59:00.537+0000] {logging_mixin.py:190} INFO - [2025-02-25T23:59:00.537+0000] {dag.py:4180} INFO - Setting next_dagrun for tutorial_dag to None, run_after=None
[2025-02-25T23:59:00.547+0000] {processor.py:208} INFO - Processing /home/airflow/.local/lib/python3.12/site-packages/airflow/example_dags/tutorial_dag.py took 0.038 seconds
[2025-02-25T23:59:31.275+0000] {processor.py:186} INFO - Started process (PID=2214) to work on /home/airflow/.local/lib/python3.12/site-packages/airflow/example_dags/tutorial_dag.py
[2025-02-25T23:59:31.276+0000] {processor.py:914} INFO - Processing file /home/airflow/.local/lib/python3.12/site-packages/airflow/example_dags/tutorial_dag.py for tasks to queue
[2025-02-25T23:59:31.277+0000] {logging_mixin.py:190} INFO - [2025-02-25T23:59:31.277+0000] {dagbag.py:588} INFO - Filling up the DagBag from /home/airflow/.local/lib/python3.12/site-packages/airflow/example_dags/tutorial_dag.py
[2025-02-25T23:59:31.282+0000] {processor.py:925} INFO - DAG(s) 'tutorial_dag' retrieved from /home/airflow/.local/lib/python3.12/site-packages/airflow/example_dags/tutorial_dag.py
[2025-02-25T23:59:31.295+0000] {logging_mixin.py:190} INFO - [2025-02-25T23:59:31.295+0000] {dag.py:3239} INFO - Sync 1 DAGs
[2025-02-25T23:59:31.304+0000] {logging_mixin.py:190} INFO - [2025-02-25T23:59:31.304+0000] {dag.py:4180} INFO - Setting next_dagrun for tutorial_dag to None, run_after=None
[2025-02-25T23:59:31.315+0000] {processor.py:208} INFO - Processing /home/airflow/.local/lib/python3.12/site-packages/airflow/example_dags/tutorial_dag.py took 0.044 seconds
